=====================================================================================================
%%%%%%%%%%     [6] Uploading logs and go sleeping...
> sudo -u mayadm git checkout artifacts
Zu Zweig »artifacts« gewechselt
Ihr Branch ist auf demselben Stand wie 'origin/artifacts'.
> sudo -u mayadm git pull
Bereits aktuell.
> sudo -u mayadm git merge maya-productive
Bereits aktuell.
> sudo -u mayadm git add "../artifacts/logs/10001-*.log" -f
> sudo -u mayadm git add "../artifacts/logs/10000-*.log" -f
> sudo -u mayadm git commit -m "logs at 2023-08-26--01h25"
[artifacts 77bc50650] logs at 2023-08-26--01h25
 6 files changed, 380 insertions(+)
 create mode 100644 maya/artifacts/logs/10000--2023-08-26--00h45---6.log
 create mode 100644 maya/artifacts/logs/10001--2023-08-26--01h25---1.log
 create mode 100644 maya/artifacts/logs/10001--2023-08-26--01h25---2.log
 create mode 100644 maya/artifacts/logs/10001--2023-08-26--01h25---3.log
 create mode 100644 maya/artifacts/logs/10001--2023-08-26--01h25---4.log
 create mode 100644 maya/artifacts/logs/10001--2023-08-26--01h25---5.log
> sudo -u mayadm git push
To https://github.com/Necktschnagge/wired-watering
   504ab2c0e..77bc50650  artifacts -> artifacts
> sudo -u mayadm git checkout maya-productive
Zu Zweig »maya-productive« gewechselt
Ihr Branch ist auf demselben Stand wie 'origin/maya-productive'.
> sudo -u mayadm git push
Everything up-to-date
##############################################################
###################                        ###################
###################     GOING TO SLEEP     ###################
###################                        ###################
##############################################################
#######                                                #######
#######   Press CTRL + C NOW to abort script safely!   #######
#######                                                #######
##############################################################
##############################################################
#######                                                #######
#######               NOW GOING TO SLEEP               #######
#######                                                #######
##############################################################
> rtcwake -m mem -s 2400
rtcwake: RTC wird als UTC interpretiert …
rtcwake: aufwachen von „mem“ durch /dev/rtc0 bei Sat Aug 26 00:07:18 2023
##############################################################
#######                                                #######
#######            just waked up from sleep            #######
#######                                                #######
##############################################################
%%%%%%%%%%     [6] Uploading logs and go sleeping   ...DONE!
elapsed time:   2425s
=====================================================================================================
