[maya-productive 24a3cd5] upload logs
 5 files changed, 1194 insertions(+)
 create mode 100644 maya/artifacts/logs/1004--2022-06-16--15h32---1.log
 create mode 100644 maya/artifacts/logs/1004--2022-06-16--15h32---2.log
 create mode 100644 maya/artifacts/logs/1004--2022-06-16--15h32---3.log
 create mode 100644 maya/artifacts/logs/1004--2022-06-16--15h32---4.log
 create mode 100644 maya/artifacts/logs/1004--2022-06-16--15h32---5.log
Bereits aktuell.
To https://github.com/Necktschnagge/wired-watering
   48c80e7..24a3cd5  maya-productive -> maya-productive
Bereits auf 'maya-productive'
Ihr Branch ist auf demselben Stand wie 'origin/maya-productive'.
Everything up-to-date
##############################################################
###################                        ###################
###################     GOING TO SLEEP     ###################
###################                        ###################
##############################################################
#######                                                #######
#######   Press CTRL + C NOW to abort script safely!   #######
#######                                                #######
##############################################################
##############################################################
#######                                                #######
#######               NOW GOING TO SLEEP               #######
#######                                                #######
##############################################################
> rtcwake -m mem -s 300
rtcwake: RTC wird als UTC interpretiert …
rtcwake: aufwachen von „mem“ durch /dev/rtc0 bei Thu Jun 16 13:37:43 2022
##############################################################
#######                                                #######
#######            just waked up from sleep            #######
#######                                                #######
##############################################################
