[maya-productive 6f0c4c4] upload logs
 6 files changed, 1198 insertions(+)
 create mode 100644 maya/artifacts/logs/1014--2022-06-16--16h28---1.log
 create mode 100644 maya/artifacts/logs/1014--2022-06-16--16h28---2.log
 create mode 100644 maya/artifacts/logs/1014--2022-06-16--16h28---3.log
 create mode 100644 maya/artifacts/logs/1014--2022-06-16--16h28---4.log
 create mode 100644 maya/artifacts/logs/1014--2022-06-16--16h28---5.log
 create mode 100644 maya/artifacts/logs/1014--2022-06-16--16h28---6.log
Bereits aktuell.
To https://github.com/Necktschnagge/wired-watering
   ba70e7c..6f0c4c4  maya-productive -> maya-productive
Bereits auf 'maya-productive'
Ihr Branch ist auf demselben Stand wie 'origin/maya-productive'.
Everything up-to-date
##############################################################
###################                        ###################
###################     GOING TO SLEEP     ###################
###################                        ###################
##############################################################
#######                                                #######
#######   Press CTRL + C NOW to abort script safely!   #######
#######                                                #######
##############################################################
##############################################################
#######                                                #######
#######               NOW GOING TO SLEEP               #######
#######                                                #######
##############################################################
> rtcwake -m mem -s 300
rtcwake: RTC wird als UTC interpretiert …
rtcwake: aufwachen von „mem“ durch /dev/rtc0 bei Thu Jun 16 14:34:04 2022
##############################################################
#######                                                #######
#######            just waked up from sleep            #######
#######                                                #######
##############################################################
