=====================================================================================================
%%%%%%%%%%     [4] Run the executable...
>Please note:  Even if all builds failed, the last built executable is still there and will be started!
> sudo -u mayadm ./ur-unix-run.sh
[2023-09-01 23:44:40.146] [main] [info] Pinging Pump Server Mayson...
[2023-09-01 23:44:40.183] [main] [info] Pump Server ping OK!
[2023-09-01 23:44:40.183] [main] [info] Pinging Pump Server Mayson   ...DONE!
[2023-09-01 23:44:40.183] [main] [info] Pinging all valve stations...
[2023-09-01 23:44:42.164] [main] [info] James ping OK!
[2023-09-01 23:44:42.164] [main] [info] Lucas ping OK!
[2023-09-01 23:44:42.164] [main] [info] Felix ping OK!
[2023-09-01 23:44:42.164] [main] [info] Pinging all valve stations   ...DONE!
[2023-09-01 23:44:42.164] [main] [info] Pinging Non-Existing Test Server...
[2023-09-01 23:44:45.247] [main] [info] Pinging Non-Existing Test Server OK!
[2023-09-01 23:44:45.247] [main] [info] Pinging Non-Existing Test Server   ...DONE!
[2023-09-01 23:44:45.247] [main] [info] Creating Landscape...
[2023-09-01 23:44:45.247] [main] [info] Creating Landscape...
[2023-09-01 23:44:45.247] [main] [info] Creating Felix...
[2023-09-01 23:44:45.247] [main] [info] Creating James...
[2023-09-01 23:44:45.247] [main] [info] Creating Lucas...
[2023-09-01 23:44:45.247] [main] [info] Fetching timestamp...
std::chrono::system_clock::now().time_since_epoch()   :   1693604685247957407
get_seconds_since_epoch_now(bool verbose /* true */)   :   1693604685
minutes since epoch   :   28226744
minute of day   :   1304
minute of hour   :   44
hour of day   :   21
[2023-09-01 23:44:45.248] [main] [info] Checking timestamp.txt...
[2023-09-01 23:44:45.248] [main] [debug] The timestamp.txt is always written when watering is triggered. It is read to check if I was already done with watering some minutes ago.
previous time_stamp:   28225563
[2023-09-01 23:44:45.248] [main] [info] Checking timestamp.txt   ...DONE!
[2023-09-01 23:44:45.248] [main] [info] It's not time for watering now!
[2023-09-01 23:44:45.248] [main] [info] Minute Intraday:   1304
[2023-09-01 23:44:45.248] [main] [info] Days since Epoch:   19601
[2023-09-01 23:44:45.248] [main] [info] Accumulated watering times:

Felix   :          Eiben-Klee  :      0.00 min
Felix   :            Mara-alt  :      0.00 min
James   :            Karotten  :      0.00 min
James   :             Tomaten  :      0.00 min
James   :              Gurken  :      0.00 min
James   :          Kartoffeln  :      0.00 min
Lucas   :              Erbsen  :      0.00 min
Lucas   :        Heidelbeeren  :      0.00 min
Lucas   :      Bohnen-Flieder  :      0.00 min

%%%%%%%%%%     [4] Run the executable   ...DONE!
elapsed time:   5s
=====================================================================================================
