=====================================================================================================
%%%%%%%%%%     [6] Uploading logs and go sleeping...
> sudo -u mayadm git checkout artifacts
Zu Zweig »artifacts« gewechselt
Ihr Branch ist auf demselben Stand wie 'origin/artifacts'.
> sudo -u mayadm git pull
Bereits aktuell.
> sudo -u mayadm git merge maya-productive
Bereits aktuell.
> sudo -u mayadm git add "../artifacts/logs/10303-*.log" -f
> sudo -u mayadm git add "../artifacts/logs/10302-*.log" -f
> sudo -u mayadm git commit -m "logs at 2023-09-03--14h28"
[artifacts 9213b754d] logs at 2023-09-03--14h28
 6 files changed, 303 insertions(+)
 create mode 100644 maya/artifacts/logs/10302--2023-09-03--13h47---6.log
 create mode 100644 maya/artifacts/logs/10303--2023-09-03--14h28---1.log
 create mode 100644 maya/artifacts/logs/10303--2023-09-03--14h28---2.log
 create mode 100644 maya/artifacts/logs/10303--2023-09-03--14h28---3.log
 create mode 100644 maya/artifacts/logs/10303--2023-09-03--14h28---4.log
 create mode 100644 maya/artifacts/logs/10303--2023-09-03--14h28---5.log
> sudo -u mayadm git push
To https://github.com/Necktschnagge/wired-watering
   1a681a49e..9213b754d  artifacts -> artifacts
> sudo -u mayadm git checkout maya-productive
Zu Zweig »maya-productive« gewechselt
Ihr Branch ist auf demselben Stand wie 'origin/maya-productive'.
> sudo -u mayadm git push
Everything up-to-date
##############################################################
###################                        ###################
###################     GOING TO SLEEP     ###################
###################                        ###################
##############################################################
#######                                                #######
#######   Press CTRL + C NOW to abort script safely!   #######
#######                                                #######
##############################################################
##############################################################
#######                                                #######
#######               NOW GOING TO SLEEP               #######
#######                                                #######
##############################################################
> rtcwake -m mem -s 2400
rtcwake: RTC wird als UTC interpretiert …
rtcwake: aufwachen von „mem“ durch /dev/rtc0 bei Sun Sep  3 13:08:55 2023
##############################################################
#######                                                #######
#######            just waked up from sleep            #######
#######                                                #######
##############################################################
%%%%%%%%%%     [6] Uploading logs and go sleeping   ...DONE!
elapsed time:   2426s
=====================================================================================================
