=====================================================================================================
%%%%%%%%%%     [4] Run the executable...
>Please note:  Even if all builds failed, the last built executable is still there and will be started!
> sudo -u mayadm ./ur-unix-run.sh
[2023-09-04 07:28:42.789] [main] [info] Pinging Pump Server Mayson...
[2023-09-04 07:28:45.860] [main] [error] Fatal: Pump Server not available!
[2023-09-04 07:28:45.860] [main] [info] Pinging Pump Server Mayson   ...DONE!
[2023-09-04 07:28:45.860] [main] [info] Pinging all valve stations...
[2023-09-04 07:28:47.033] [main] [info] James ping OK!
[2023-09-04 07:28:47.033] [main] [info] Lucas ping OK!
[2023-09-04 07:28:47.033] [main] [info] Felix ping OK!
[2023-09-04 07:28:47.033] [main] [info] Pinging all valve stations   ...DONE!
[2023-09-04 07:28:47.033] [main] [info] Pinging Non-Existing Test Server...
[2023-09-04 07:28:50.116] [main] [info] Pinging Non-Existing Test Server OK!
[2023-09-04 07:28:50.116] [main] [info] Pinging Non-Existing Test Server   ...DONE!
[2023-09-04 07:28:50.116] [main] [info] Pinging Pump Server Mayson...
[2023-09-04 07:28:53.188] [main] [error] Fatal: Pump Server not available!
[2023-09-04 07:28:53.188] [main] [info] Pinging Pump Server Mayson   ...DONE!
[2023-09-04 07:28:53.188] [main] [info] Pinging all valve stations...
[2023-09-04 07:28:53.583] [main] [info] James ping OK!
[2023-09-04 07:28:53.583] [main] [info] Lucas ping OK!
[2023-09-04 07:28:53.583] [main] [info] Felix ping OK!
[2023-09-04 07:28:53.583] [main] [info] Pinging all valve stations   ...DONE!
[2023-09-04 07:28:53.583] [main] [info] Pinging Non-Existing Test Server...
[2023-09-04 07:28:56.644] [main] [info] Pinging Non-Existing Test Server OK!
[2023-09-04 07:28:56.644] [main] [info] Pinging Non-Existing Test Server   ...DONE!
[2023-09-04 07:28:56.644] [main] [info] Pinging Pump Server Mayson...
[2023-09-04 07:28:56.761] [main] [info] Pump Server ping OK!
[2023-09-04 07:28:56.761] [main] [info] Pinging Pump Server Mayson   ...DONE!
[2023-09-04 07:28:56.761] [main] [info] Pinging all valve stations...
[2023-09-04 07:28:57.075] [main] [info] James ping OK!
[2023-09-04 07:28:57.075] [main] [info] Lucas ping OK!
[2023-09-04 07:28:57.075] [main] [info] Felix ping OK!
[2023-09-04 07:28:57.075] [main] [info] Pinging all valve stations   ...DONE!
[2023-09-04 07:28:57.075] [main] [info] Pinging Non-Existing Test Server...
[2023-09-04 07:29:00.132] [main] [info] Pinging Non-Existing Test Server OK!
[2023-09-04 07:29:00.132] [main] [info] Pinging Non-Existing Test Server   ...DONE!
[2023-09-04 07:29:00.132] [main] [info] Creating Landscape...
[2023-09-04 07:29:00.132] [main] [info] Creating Landscape...
[2023-09-04 07:29:00.132] [main] [info] Creating Felix...
[2023-09-04 07:29:00.132] [main] [info] Creating James...
[2023-09-04 07:29:00.132] [main] [info] Creating Lucas...
[2023-09-04 07:29:00.132] [main] [info] Fetching timestamp...
std::chrono::system_clock::now().time_since_epoch()   :   1693805340132184064
get_seconds_since_epoch_now(bool verbose /* true */)   :   1693805340
minutes since epoch   :   28230089
minute of day   :   329
minute of hour   :   29
hour of day   :   5
[2023-09-04 07:29:00.132] [main] [info] Checking timestamp.txt...
[2023-09-04 07:29:00.132] [main] [debug] The timestamp.txt is always written when watering is triggered. It is read to check if I was already done with watering some minutes ago.
previous time_stamp:   28229884
[2023-09-04 07:29:00.132] [main] [info] Checking timestamp.txt   ...DONE!
[2023-09-04 07:29:00.132] [main] [info] It's not time for watering now!
[2023-09-04 07:29:00.132] [main] [info] Minute Intraday:   329
[2023-09-04 07:29:00.132] [main] [info] Days since Epoch:   19604
[2023-09-04 07:29:00.132] [main] [info] Accumulated watering times:

Felix   :          Eiben-Klee  :      0.00 min
Felix   :            Mara-alt  :      0.00 min
James   :            Karotten  :      0.00 min
James   :             Tomaten  :      0.00 min
James   :              Gurken  :      0.00 min
James   :          Kartoffeln  :      0.00 min
Lucas   :              Erbsen  :      0.00 min
Lucas   :        Heidelbeeren  :      0.00 min
Lucas   :      Bohnen-Flieder  :      0.00 min

%%%%%%%%%%     [4] Run the executable   ...DONE!
elapsed time:   18s
=====================================================================================================
