=====================================================================================================
%%%%%%%%%%     [4] Run the executable...
>Please note:  Even if all builds failed, the last built executable is still there and will be started!
> sudo -u mayadm ./ur-unix-run.sh
[2023-09-04 09:31:14.528] [main] [info] Pinging Pump Server Mayson...
[2023-09-04 09:31:17.582] [main] [error] Fatal: Pump Server not available!
[2023-09-04 09:31:17.582] [main] [info] Pinging Pump Server Mayson   ...DONE!
[2023-09-04 09:31:17.582] [main] [info] Pinging all valve stations...
[2023-09-04 09:31:19.868] [main] [info] James ping OK!
[2023-09-04 09:31:19.868] [main] [info] Lucas ping OK!
[2023-09-04 09:31:19.868] [main] [info] Felix ping OK!
[2023-09-04 09:31:19.868] [main] [info] Pinging all valve stations   ...DONE!
[2023-09-04 09:31:19.868] [main] [info] Pinging Non-Existing Test Server...
[2023-09-04 09:31:22.925] [main] [info] Pinging Non-Existing Test Server OK!
[2023-09-04 09:31:22.925] [main] [info] Pinging Non-Existing Test Server   ...DONE!
[2023-09-04 09:31:22.925] [main] [info] Pinging Pump Server Mayson...
[2023-09-04 09:31:25.997] [main] [error] Fatal: Pump Server not available!
[2023-09-04 09:31:25.997] [main] [info] Pinging Pump Server Mayson   ...DONE!
[2023-09-04 09:31:25.997] [main] [info] Pinging all valve stations...
[2023-09-04 09:31:26.419] [main] [info] James ping OK!
[2023-09-04 09:31:26.419] [main] [info] Lucas ping OK!
[2023-09-04 09:31:26.419] [main] [info] Felix ping OK!
[2023-09-04 09:31:26.419] [main] [info] Pinging all valve stations   ...DONE!
[2023-09-04 09:31:26.419] [main] [info] Pinging Non-Existing Test Server...
[2023-09-04 09:31:29.485] [main] [info] Pinging Non-Existing Test Server OK!
[2023-09-04 09:31:29.485] [main] [info] Pinging Non-Existing Test Server   ...DONE!
[2023-09-04 09:31:29.485] [main] [info] Pinging Pump Server Mayson...
[2023-09-04 09:31:32.557] [main] [error] Fatal: Pump Server not available!
[2023-09-04 09:31:32.557] [main] [info] Pinging Pump Server Mayson   ...DONE!
[2023-09-04 09:31:32.557] [main] [info] Pinging all valve stations...
[2023-09-04 09:31:32.874] [main] [info] James ping OK!
[2023-09-04 09:31:32.874] [main] [info] Lucas ping OK!
[2023-09-04 09:31:32.874] [main] [info] Felix ping OK!
[2023-09-04 09:31:32.874] [main] [info] Pinging all valve stations   ...DONE!
[2023-09-04 09:31:32.874] [main] [info] Pinging Non-Existing Test Server...
[2023-09-04 09:31:35.949] [main] [info] Pinging Non-Existing Test Server OK!
[2023-09-04 09:31:35.949] [main] [info] Pinging Non-Existing Test Server   ...DONE!
[2023-09-04 09:31:35.949] [main] [info] Pinging Pump Server Mayson...
[2023-09-04 09:31:39.021] [main] [error] Fatal: Pump Server not available!
[2023-09-04 09:31:39.021] [main] [info] Pinging Pump Server Mayson   ...DONE!
[2023-09-04 09:31:39.021] [main] [info] Pinging all valve stations...
[2023-09-04 09:31:39.503] [main] [info] James ping OK!
[2023-09-04 09:31:39.504] [main] [info] Lucas ping OK!
[2023-09-04 09:31:39.504] [main] [info] Felix ping OK!
[2023-09-04 09:31:39.504] [main] [info] Pinging all valve stations   ...DONE!
[2023-09-04 09:31:39.504] [main] [info] Pinging Non-Existing Test Server...
[2023-09-04 09:31:42.573] [main] [info] Pinging Non-Existing Test Server OK!
[2023-09-04 09:31:42.573] [main] [info] Pinging Non-Existing Test Server   ...DONE!
[2023-09-04 09:31:42.573] [main] [info] Pinging Pump Server Mayson...
[2023-09-04 09:31:45.645] [main] [error] Fatal: Pump Server not available!
[2023-09-04 09:31:45.645] [main] [info] Pinging Pump Server Mayson   ...DONE!
[2023-09-04 09:31:45.645] [main] [info] Pinging all valve stations...
[2023-09-04 09:31:45.945] [main] [info] James ping OK!
[2023-09-04 09:31:45.945] [main] [info] Lucas ping OK!
[2023-09-04 09:31:45.945] [main] [info] Felix ping OK!
[2023-09-04 09:31:45.945] [main] [info] Pinging all valve stations   ...DONE!
[2023-09-04 09:31:45.945] [main] [info] Pinging Non-Existing Test Server...
[2023-09-04 09:31:49.006] [main] [info] Pinging Non-Existing Test Server OK!
[2023-09-04 09:31:49.006] [main] [info] Pinging Non-Existing Test Server   ...DONE!
[2023-09-04 09:31:49.006] [main] [info] Pinging Pump Server Mayson...
[2023-09-04 09:31:52.077] [main] [error] Fatal: Pump Server not available!
[2023-09-04 09:31:52.077] [main] [info] Pinging Pump Server Mayson   ...DONE!
[2023-09-04 09:31:52.077] [main] [info] Pinging all valve stations...
[2023-09-04 09:31:52.393] [main] [info] James ping OK!
[2023-09-04 09:31:52.393] [main] [info] Lucas ping OK!
[2023-09-04 09:31:52.393] [main] [info] Felix ping OK!
[2023-09-04 09:31:52.393] [main] [info] Pinging all valve stations   ...DONE!
[2023-09-04 09:31:52.393] [main] [info] Pinging Non-Existing Test Server...
[2023-09-04 09:31:55.469] [main] [info] Pinging Non-Existing Test Server OK!
[2023-09-04 09:31:55.469] [main] [info] Pinging Non-Existing Test Server   ...DONE!
[2023-09-04 09:31:55.469] [main] [info] Pinging Pump Server Mayson...
[2023-09-04 09:31:58.541] [main] [error] Fatal: Pump Server not available!
[2023-09-04 09:31:58.541] [main] [info] Pinging Pump Server Mayson   ...DONE!
[2023-09-04 09:31:58.541] [main] [info] Pinging all valve stations...
[2023-09-04 09:31:58.941] [main] [info] James ping OK!
[2023-09-04 09:31:58.941] [main] [info] Lucas ping OK!
[2023-09-04 09:31:58.941] [main] [info] Felix ping OK!
[2023-09-04 09:31:58.941] [main] [info] Pinging all valve stations   ...DONE!
[2023-09-04 09:31:58.941] [main] [info] Pinging Non-Existing Test Server...
[2023-09-04 09:32:01.997] [main] [info] Pinging Non-Existing Test Server OK!
[2023-09-04 09:32:01.997] [main] [info] Pinging Non-Existing Test Server   ...DONE!
[2023-09-04 09:32:01.997] [main] [info] Pinging Pump Server Mayson...
[2023-09-04 09:32:02.126] [main] [info] Pump Server ping OK!
[2023-09-04 09:32:02.126] [main] [info] Pinging Pump Server Mayson   ...DONE!
[2023-09-04 09:32:02.126] [main] [info] Pinging all valve stations...
[2023-09-04 09:32:12.358] [main] [info] James ping OK!
[2023-09-04 09:32:12.358] [main] [error] Fatal: Lucas not available!
[2023-09-04 09:32:12.358] [main] [info] Felix ping OK!
[2023-09-04 09:32:12.358] [main] [info] Pinging all valve stations   ...DONE!
[2023-09-04 09:32:12.358] [main] [info] Pinging Non-Existing Test Server...
[2023-09-04 09:32:15.437] [main] [info] Pinging Non-Existing Test Server OK!
[2023-09-04 09:32:15.437] [main] [info] Pinging Non-Existing Test Server   ...DONE!
[2023-09-04 09:32:15.437] [main] [info] Pinging Pump Server Mayson...
[2023-09-04 09:32:15.527] [main] [info] Pump Server ping OK!
[2023-09-04 09:32:15.527] [main] [info] Pinging Pump Server Mayson   ...DONE!
[2023-09-04 09:32:15.527] [main] [info] Pinging all valve stations...
[2023-09-04 09:32:15.835] [main] [info] James ping OK!
[2023-09-04 09:32:15.835] [main] [info] Lucas ping OK!
[2023-09-04 09:32:15.835] [main] [info] Felix ping OK!
[2023-09-04 09:32:15.835] [main] [info] Pinging all valve stations   ...DONE!
[2023-09-04 09:32:15.835] [main] [info] Pinging Non-Existing Test Server...
[2023-09-04 09:32:18.893] [main] [info] Pinging Non-Existing Test Server OK!
[2023-09-04 09:32:18.893] [main] [info] Pinging Non-Existing Test Server   ...DONE!
[2023-09-04 09:32:18.893] [main] [info] Creating Landscape...
[2023-09-04 09:32:18.893] [main] [info] Creating Landscape...
[2023-09-04 09:32:18.893] [main] [info] Creating Felix...
[2023-09-04 09:32:18.894] [main] [info] Creating James...
[2023-09-04 09:32:18.894] [main] [info] Creating Lucas...
[2023-09-04 09:32:18.894] [main] [info] Fetching timestamp...
std::chrono::system_clock::now().time_since_epoch()   :   1693812738894050340
get_seconds_since_epoch_now(bool verbose /* true */)   :   1693812738
minutes since epoch   :   28230212
minute of day   :   452
minute of hour   :   32
hour of day   :   7
[2023-09-04 09:32:18.894] [main] [info] Checking timestamp.txt...
[2023-09-04 09:32:18.894] [main] [debug] The timestamp.txt is always written when watering is triggered. It is read to check if I was already done with watering some minutes ago.
previous time_stamp:   28229884
[2023-09-04 09:32:18.894] [main] [info] Checking timestamp.txt   ...DONE!
[2023-09-04 09:32:18.894] [main] [info] It's not time for watering now!
[2023-09-04 09:32:18.894] [main] [info] Minute Intraday:   452
[2023-09-04 09:32:18.894] [main] [info] Days since Epoch:   19604
[2023-09-04 09:32:18.894] [main] [info] Accumulated watering times:

Felix   :          Eiben-Klee  :      0.00 min
Felix   :            Mara-alt  :      0.00 min
James   :            Karotten  :      0.00 min
James   :             Tomaten  :      0.00 min
James   :              Gurken  :      0.00 min
James   :          Kartoffeln  :      0.00 min
Lucas   :              Erbsen  :      0.00 min
Lucas   :        Heidelbeeren  :      0.00 min
Lucas   :      Bohnen-Flieder  :      0.00 min

%%%%%%%%%%     [4] Run the executable   ...DONE!
elapsed time:   64s
=====================================================================================================
