=====================================================================================================
%%%%%%%%%%     [6] Uploading logs and go sleeping...
> sudo -u mayadm git checkout artifacts
Zu Zweig »artifacts« gewechselt
Ihr Branch ist auf demselben Stand wie 'origin/artifacts'.
> sudo -u mayadm git pull
Bereits aktuell.
> sudo -u mayadm git merge maya-productive
Bereits aktuell.
> sudo -u mayadm git add "../artifacts/logs/10399-*.log" -f
> sudo -u mayadm git add "../artifacts/logs/10398-*.log" -f
> sudo -u mayadm git commit -m "logs at 2023-09-06--10h51"
[artifacts f07ac9253] logs at 2023-09-06--10h51
 6 files changed, 303 insertions(+)
 create mode 100644 maya/artifacts/logs/10398--2023-09-06--10h10---6.log
 create mode 100644 maya/artifacts/logs/10399--2023-09-06--10h51---1.log
 create mode 100644 maya/artifacts/logs/10399--2023-09-06--10h51---2.log
 create mode 100644 maya/artifacts/logs/10399--2023-09-06--10h51---3.log
 create mode 100644 maya/artifacts/logs/10399--2023-09-06--10h51---4.log
 create mode 100644 maya/artifacts/logs/10399--2023-09-06--10h51---5.log
> sudo -u mayadm git push
To https://github.com/Necktschnagge/wired-watering
   25aa1022c..f07ac9253  artifacts -> artifacts
> sudo -u mayadm git checkout maya-productive
Zu Zweig »maya-productive« gewechselt
Ihr Branch ist auf demselben Stand wie 'origin/maya-productive'.
> sudo -u mayadm git push
Everything up-to-date
##############################################################
###################                        ###################
###################     GOING TO SLEEP     ###################
###################                        ###################
##############################################################
#######                                                #######
#######   Press CTRL + C NOW to abort script safely!   #######
#######                                                #######
##############################################################
##############################################################
#######                                                #######
#######               NOW GOING TO SLEEP               #######
#######                                                #######
##############################################################
> rtcwake -m mem -s 2400
rtcwake: RTC wird als UTC interpretiert …
rtcwake: aufwachen von „mem“ durch /dev/rtc0 bei Wed Sep  6 09:32:21 2023
##############################################################
#######                                                #######
#######            just waked up from sleep            #######
#######                                                #######
##############################################################
%%%%%%%%%%     [6] Uploading logs and go sleeping   ...DONE!
elapsed time:   2426s
=====================================================================================================
