=====================================================================================================
%%%%%%%%%%     [4] Run the executable...
>Please note:  Even if all builds failed, the last built executable is still there and will be started!
> sudo -u mayadm ./ur-unix-run.sh
[2023-09-06 07:27:51.161] [main] [info] Pinging Pump Server Mayson...
[2023-09-06 07:27:51.247] [main] [info] Pump Server ping OK!
[2023-09-06 07:27:51.247] [main] [info] Pinging Pump Server Mayson   ...DONE!
[2023-09-06 07:27:51.247] [main] [info] Pinging all valve stations...
[2023-09-06 07:27:51.556] [main] [info] James ping OK!
[2023-09-06 07:27:51.556] [main] [info] Lucas ping OK!
[2023-09-06 07:27:51.556] [main] [info] Felix ping OK!
[2023-09-06 07:27:51.556] [main] [info] Pinging all valve stations   ...DONE!
[2023-09-06 07:27:51.556] [main] [info] Pinging Non-Existing Test Server...
[2023-09-06 07:27:54.625] [main] [info] Pinging Non-Existing Test Server OK!
[2023-09-06 07:27:54.625] [main] [info] Pinging Non-Existing Test Server   ...DONE!
[2023-09-06 07:27:54.625] [main] [info] Creating Landscape...
[2023-09-06 07:27:54.625] [main] [info] Creating Landscape...
[2023-09-06 07:27:54.625] [main] [info] Creating Felix...
[2023-09-06 07:27:54.625] [main] [info] Creating James...
[2023-09-06 07:27:54.625] [main] [info] Creating Lucas...
[2023-09-06 07:27:54.625] [main] [info] Fetching timestamp...
std::chrono::system_clock::now().time_since_epoch()   :   1693978074625244672
get_seconds_since_epoch_now(bool verbose /* true */)   :   1693978074
minutes since epoch   :   28232967
minute of day   :   327
minute of hour   :   27
hour of day   :   5
[2023-09-06 07:27:54.625] [main] [info] Checking timestamp.txt...
[2023-09-06 07:27:54.625] [main] [debug] The timestamp.txt is always written when watering is triggered. It is read to check if I was already done with watering some minutes ago.
previous time_stamp:   28232741
[2023-09-06 07:27:54.625] [main] [info] Checking timestamp.txt   ...DONE!
[2023-09-06 07:27:54.625] [main] [info] It's not time for watering now!
[2023-09-06 07:27:54.625] [main] [info] Minute Intraday:   327
[2023-09-06 07:27:54.625] [main] [info] Days since Epoch:   19606
[2023-09-06 07:27:54.625] [main] [info] Accumulated watering times:

Felix   :          Eiben-Klee  :      0.00 min
Felix   :            Mara-alt  :      0.00 min
James   :            Karotten  :      0.00 min
James   :             Tomaten  :      0.00 min
James   :              Gurken  :      0.00 min
James   :          Kartoffeln  :      0.00 min
Lucas   :              Erbsen  :      0.00 min
Lucas   :        Heidelbeeren  :      0.00 min
Lucas   :      Bohnen-Flieder  :      0.00 min

%%%%%%%%%%     [4] Run the executable   ...DONE!
elapsed time:   3s
=====================================================================================================
