=====================================================================================================
%%%%%%%%%%     [4] Run the executable...
>Please note:  Even if all builds failed, the last built executable is still there and will be started!
> sudo -u mayadm ./ur-unix-run.sh
[2023-09-07 22:52:36.840] [main] [info] Pinging Pump Server Mayson...
[2023-09-07 22:52:39.892] [main] [error] Fatal: Pump Server not available!
[2023-09-07 22:52:39.892] [main] [info] Pinging Pump Server Mayson   ...DONE!
[2023-09-07 22:52:39.892] [main] [info] Pinging all valve stations...
[2023-09-07 22:52:40.131] [main] [info] James ping OK!
[2023-09-07 22:52:40.131] [main] [info] Lucas ping OK!
[2023-09-07 22:52:40.131] [main] [info] Felix ping OK!
[2023-09-07 22:52:40.131] [main] [info] Pinging all valve stations   ...DONE!
[2023-09-07 22:52:40.131] [main] [info] Pinging Non-Existing Test Server...
[2023-09-07 22:52:43.188] [main] [info] Pinging Non-Existing Test Server OK!
[2023-09-07 22:52:43.188] [main] [info] Pinging Non-Existing Test Server   ...DONE!
[2023-09-07 22:52:43.188] [main] [info] Pinging Pump Server Mayson...
[2023-09-07 22:52:43.299] [main] [info] Pump Server ping OK!
[2023-09-07 22:52:43.299] [main] [info] Pinging Pump Server Mayson   ...DONE!
[2023-09-07 22:52:43.299] [main] [info] Pinging all valve stations...
[2023-09-07 22:52:43.605] [main] [info] James ping OK!
[2023-09-07 22:52:43.605] [main] [info] Lucas ping OK!
[2023-09-07 22:52:43.605] [main] [info] Felix ping OK!
[2023-09-07 22:52:43.605] [main] [info] Pinging all valve stations   ...DONE!
[2023-09-07 22:52:43.605] [main] [info] Pinging Non-Existing Test Server...
[2023-09-07 22:52:46.676] [main] [info] Pinging Non-Existing Test Server OK!
[2023-09-07 22:52:46.676] [main] [info] Pinging Non-Existing Test Server   ...DONE!
[2023-09-07 22:52:46.676] [main] [info] Creating Landscape...
[2023-09-07 22:52:46.676] [main] [info] Creating Landscape...
[2023-09-07 22:52:46.676] [main] [info] Creating Felix...
[2023-09-07 22:52:46.676] [main] [info] Creating James...
[2023-09-07 22:52:46.676] [main] [info] Creating Lucas...
[2023-09-07 22:52:46.676] [main] [info] Fetching timestamp...
std::chrono::system_clock::now().time_since_epoch()   :   1694119966676278079
get_seconds_since_epoch_now(bool verbose /* true */)   :   1694119966
minutes since epoch   :   28235332
minute of day   :   1252
minute of hour   :   52
hour of day   :   20
[2023-09-07 22:52:46.676] [main] [info] Checking timestamp.txt...
[2023-09-07 22:52:46.676] [main] [debug] The timestamp.txt is always written when watering is triggered. It is read to check if I was already done with watering some minutes ago.
previous time_stamp:   28234192
[2023-09-07 22:52:46.676] [main] [info] Checking timestamp.txt   ...DONE!
[2023-09-07 22:52:46.676] [main] [info] It's not time for watering now!
[2023-09-07 22:52:46.676] [main] [info] Minute Intraday:   1252
[2023-09-07 22:52:46.676] [main] [info] Days since Epoch:   19607
[2023-09-07 22:52:46.676] [main] [info] Accumulated watering times:

Felix   :          Eiben-Klee  :      0.00 min
Felix   :            Mara-alt  :      0.00 min
James   :            Karotten  :      0.00 min
James   :             Tomaten  :      0.00 min
James   :              Gurken  :      0.00 min
James   :          Kartoffeln  :      0.00 min
Lucas   :              Erbsen  :      0.00 min
Lucas   :        Heidelbeeren  :      0.00 min
Lucas   :      Bohnen-Flieder  :      0.00 min

%%%%%%%%%%     [4] Run the executable   ...DONE!
elapsed time:   10s
=====================================================================================================
