=====================================================================================================
%%%%%%%%%%     [4] Run the executable...
>Please note:  Even if all builds failed, the last built executable is still there and will be started!
> sudo -u mayadm ./ur-unix-run.sh
[2023-09-10 03:39:14.091] [main] [info] Pinging Pump Server Mayson...
[2023-09-10 03:39:14.126] [main] [info] Pump Server ping OK!
[2023-09-10 03:39:14.126] [main] [info] Pinging Pump Server Mayson   ...DONE!
[2023-09-10 03:39:14.126] [main] [info] Pinging all valve stations...
[2023-09-10 03:39:14.434] [main] [info] James ping OK!
[2023-09-10 03:39:14.434] [main] [info] Lucas ping OK!
[2023-09-10 03:39:14.434] [main] [info] Felix ping OK!
[2023-09-10 03:39:14.434] [main] [info] Pinging all valve stations   ...DONE!
[2023-09-10 03:39:14.434] [main] [info] Pinging Non-Existing Test Server...
[2023-09-10 03:39:17.498] [main] [info] Pinging Non-Existing Test Server OK!
[2023-09-10 03:39:17.498] [main] [info] Pinging Non-Existing Test Server   ...DONE!
[2023-09-10 03:39:17.498] [main] [info] Creating Landscape...
[2023-09-10 03:39:17.498] [main] [info] Creating Landscape...
[2023-09-10 03:39:17.498] [main] [info] Creating Felix...
[2023-09-10 03:39:17.498] [main] [info] Creating James...
[2023-09-10 03:39:17.498] [main] [info] Creating Lucas...
[2023-09-10 03:39:17.498] [main] [info] Fetching timestamp...
std::chrono::system_clock::now().time_since_epoch()   :   1694309957498986217
get_seconds_since_epoch_now(bool verbose /* true */)   :   1694309957
minutes since epoch   :   28238499
minute of day   :   99
minute of hour   :   39
hour of day   :   1
[2023-09-10 03:39:17.499] [main] [info] Checking timestamp.txt...
[2023-09-10 03:39:17.499] [main] [debug] The timestamp.txt is always written when watering is triggered. It is read to check if I was already done with watering some minutes ago.
previous time_stamp:   28237071
[2023-09-10 03:39:17.499] [main] [info] Checking timestamp.txt   ...DONE!
Wrote to timestamp.txt
Send request to pump relay:
URL:   http://192.168.1.10:80/status?auto=off&system=off&manual=off
Response:
status code:   200
text:
{
 "server-name" : "pump-relay-mayson",
 "action" : "okay"
}
Send request to pump relay:
URL:   http://192.168.1.10:80/status?auto=on&system=on
Response:
status code:   200
text:
{
 "server-name" : "pump-relay-mayson",
 "action" : "okay"
}
Send request to pump relay:
URL:   http://192.168.1.10:80/status?auto=off
Response:
status code:   200
text:
{
 "server-name" : "pump-relay-mayson",
 "action" : "okay"
}
Send request to pump relay:
URL:   http://192.168.1.10:80/status?auto=on
Response:
status code:   200
text:
{
 "server-name" : "pump-relay-mayson",
 "action" : "okay"
}
[2023-09-10 03:39:37.114] [main] [info] 
--------------------------------------------------------------
Send valves at 1694309977
http://192.168.1.20:80/status?valves=4
200
{
 "server-name" : "valve-server-james",
 "action" : "okay"
}
[2023-09-10 03:39:37.210] [main] [info] 
Switched the following valves: --->
          James:   Gurken   OFF -> ON 
                                   <---
[2023-09-10 03:39:37.210] [main] [info] 
--------------------------------------------------------------
Send valves at 1694309977
http://192.168.1.20:80/status?valves=6
200
{
 "server-name" : "valve-server-james",
 "action" : "okay"
}
[2023-09-10 03:39:37.258] [main] [info] 
Switched the following valves: --->
          James:   Tomaten   OFF -> ON 
                                   <---
[2023-09-10 03:39:37.258] [main] [info] 
--------------------------------------------------------------
Send valves at 1694309977
http://192.168.1.21:80/status?valves=1
200
{
 "server-name" : "valve-server-lucas",
 "action" : "okay"
}
[2023-09-10 03:39:37.317] [main] [info] 
Switched the following valves: --->
          Lucas:   Erbsen   OFF -> ON 
                                   <---
[2023-09-10 03:59:37.033] [main] [info] 
--------------------------------------------------------------
Send valves at 1694311177
http://192.168.1.20:80/status?valves=4
200
{
 "server-name" : "valve-server-james",
 "action" : "okay"
}
[2023-09-10 03:59:37.140] [main] [info] 
Switched the following valves: --->
          James:   Tomaten    ON -> OFF
                                   <---
[2023-09-10 03:59:37.140] [main] [info] 
--------------------------------------------------------------
Send valves at 1694311177
http://192.168.1.21:80/status?valves=0
200
{
 "server-name" : "valve-server-lucas",
 "action" : "okay"
}
[2023-09-10 03:59:37.235] [main] [info] 
Switched the following valves: --->
          Lucas:   Erbsen    ON -> OFF
                                   <---
Send request to pump relay:
URL:   http://192.168.1.10:80/status?auto=off
Response:
status code:   200
text:
{
 "server-name" : "pump-relay-mayson",
 "action" : "okay"
}
Send request to pump relay:
URL:   http://192.168.1.10:80/status?auto=on
Response:
status code:   200
text:
{
 "server-name" : "pump-relay-mayson",
 "action" : "okay"
}
Send request to pump relay:
URL:   http://192.168.1.10:80/status?auto=off
Response:
status code:   200
text:
{
 "server-name" : "pump-relay-mayson",
 "action" : "okay"
}
Send request to pump relay:
URL:   http://192.168.1.10:80/status?auto=on
Response:
status code:   200
text:
{
 "server-name" : "pump-relay-mayson",
 "action" : "okay"
}
[2023-09-10 04:39:57.089] [main] [info] 
--------------------------------------------------------------
Send valves at 1694313597
http://192.168.1.22:80/status?valves=0
200
{
 "server-name" : "valve-server-felix",
 "action" : "okay"
}
[2023-09-10 04:39:57.173] [main] [info] 
Switched the following valves: --->
                                   <---
[2023-09-10 04:39:57.173] [main] [info] 
--------------------------------------------------------------
Send valves at 1694313597
http://192.168.1.20:80/status?valves=0
200
{
 "server-name" : "valve-server-james",
 "action" : "okay"
}
[2023-09-10 04:39:57.273] [main] [info] 
Switched the following valves: --->
          James:   Gurken    ON -> OFF
                                   <---
[2023-09-10 04:39:57.273] [main] [info] 
--------------------------------------------------------------
Send valves at 1694313597
http://192.168.1.21:80/status?valves=0
200
{
 "server-name" : "valve-server-lucas",
 "action" : "okay"
}
[2023-09-10 04:39:57.385] [main] [info] 
Switched the following valves: --->
                                   <---
Send request to pump relay:
URL:   http://192.168.1.10:80/status?auto=off
Response:
status code:   200
text:
{
 "server-name" : "pump-relay-mayson",
 "action" : "okay"
}
[2023-09-10 04:40:27.081] [main] [info] 
--------------------------------------------------------------
Send valves at 1694313627
http://192.168.1.22:80/status?valves=1
200
{
 "server-name" : "valve-server-felix",
 "action" : "okay"
}
[2023-09-10 04:40:27.182] [main] [info] 
Switched the following valves: --->
          Felix:   Eiben-Klee   OFF -> ON 
                                   <---
[2023-09-10 04:42:27.013] [main] [info] 
--------------------------------------------------------------
Send valves at 1694313747
http://192.168.1.22:80/status?valves=0
200
{
 "server-name" : "valve-server-felix",
 "action" : "okay"
}
[2023-09-10 04:42:27.087] [main] [info] 
Switched the following valves: --->
          Felix:   Eiben-Klee    ON -> OFF
                                   <---
[2023-09-10 04:42:27.087] [main] [info] 
--------------------------------------------------------------
Send valves at 1694313747
http://192.168.1.20:80/status?valves=0
200
{
 "server-name" : "valve-server-james",
 "action" : "okay"
}
[2023-09-10 04:42:27.185] [main] [info] 
Switched the following valves: --->
                                   <---
[2023-09-10 04:42:27.185] [main] [info] 
--------------------------------------------------------------
Send valves at 1694313747
http://192.168.1.21:80/status?valves=0
200
{
 "server-name" : "valve-server-lucas",
 "action" : "okay"
}
[2023-09-10 04:42:27.293] [main] [info] 
Switched the following valves: --->
                                   <---
[2023-09-10 04:42:27.293] [main] [info] Accumulated watering times:

Felix   :          Eiben-Klee  :      2.00 min
Felix   :            Mara-alt  :      0.00 min
James   :            Karotten  :      0.00 min
James   :             Tomaten  :     20.00 min
James   :              Gurken  :     60.33 min
James   :          Kartoffeln  :      0.00 min
Lucas   :              Erbsen  :     20.00 min
Lucas   :        Heidelbeeren  :      0.00 min
Lucas   :      Bohnen-Flieder  :      0.00 min

%%%%%%%%%%     [4] Run the executable   ...DONE!
elapsed time:   3793s
=====================================================================================================
