=====================================================================================================
%%%%%%%%%%     [4] Run the executable...
>Please note:  Even if all builds failed, the last built executable is still there and will be started!
> sudo -u mayadm ./ur-unix-run.sh
[2023-09-10 15:37:27.151] [main] [info] Pinging Pump Server Mayson...
[2023-09-10 15:37:30.232] [main] [error] Fatal: Pump Server not available!
[2023-09-10 15:37:30.232] [main] [info] Pinging Pump Server Mayson   ...DONE!
[2023-09-10 15:37:30.232] [main] [info] Pinging all valve stations...
[2023-09-10 15:37:30.495] [main] [info] James ping OK!
[2023-09-10 15:37:30.495] [main] [info] Lucas ping OK!
[2023-09-10 15:37:30.495] [main] [info] Felix ping OK!
[2023-09-10 15:37:30.495] [main] [info] Pinging all valve stations   ...DONE!
[2023-09-10 15:37:30.495] [main] [info] Pinging Non-Existing Test Server...
[2023-09-10 15:37:33.560] [main] [info] Pinging Non-Existing Test Server OK!
[2023-09-10 15:37:33.560] [main] [info] Pinging Non-Existing Test Server   ...DONE!
[2023-09-10 15:37:33.560] [main] [info] Pinging Pump Server Mayson...
[2023-09-10 15:37:36.632] [main] [error] Fatal: Pump Server not available!
[2023-09-10 15:37:36.632] [main] [info] Pinging Pump Server Mayson   ...DONE!
[2023-09-10 15:37:36.632] [main] [info] Pinging all valve stations...
[2023-09-10 15:37:37.043] [main] [info] James ping OK!
[2023-09-10 15:37:37.043] [main] [info] Lucas ping OK!
[2023-09-10 15:37:37.043] [main] [info] Felix ping OK!
[2023-09-10 15:37:37.043] [main] [info] Pinging all valve stations   ...DONE!
[2023-09-10 15:37:37.043] [main] [info] Pinging Non-Existing Test Server...
[2023-09-10 15:37:40.120] [main] [info] Pinging Non-Existing Test Server OK!
[2023-09-10 15:37:40.120] [main] [info] Pinging Non-Existing Test Server   ...DONE!
[2023-09-10 15:37:40.120] [main] [info] Pinging Pump Server Mayson...
[2023-09-10 15:37:43.192] [main] [error] Fatal: Pump Server not available!
[2023-09-10 15:37:43.192] [main] [info] Pinging Pump Server Mayson   ...DONE!
[2023-09-10 15:37:43.192] [main] [info] Pinging all valve stations...
[2023-09-10 15:37:43.584] [main] [info] James ping OK!
[2023-09-10 15:37:43.584] [main] [info] Lucas ping OK!
[2023-09-10 15:37:43.584] [main] [info] Felix ping OK!
[2023-09-10 15:37:43.584] [main] [info] Pinging all valve stations   ...DONE!
[2023-09-10 15:37:43.584] [main] [info] Pinging Non-Existing Test Server...
[2023-09-10 15:37:46.648] [main] [info] Pinging Non-Existing Test Server OK!
[2023-09-10 15:37:46.648] [main] [info] Pinging Non-Existing Test Server   ...DONE!
[2023-09-10 15:37:46.648] [main] [info] Pinging Pump Server Mayson...
[2023-09-10 15:37:46.865] [main] [info] Pump Server ping OK!
[2023-09-10 15:37:46.865] [main] [info] Pinging Pump Server Mayson   ...DONE!
[2023-09-10 15:37:46.865] [main] [info] Pinging all valve stations...
[2023-09-10 15:37:56.993] [main] [error] Fatal: James not available!
[2023-09-10 15:37:56.993] [main] [info] Lucas ping OK!
[2023-09-10 15:37:56.993] [main] [info] Felix ping OK!
[2023-09-10 15:37:56.993] [main] [info] Pinging all valve stations   ...DONE!
[2023-09-10 15:37:56.993] [main] [info] Pinging Non-Existing Test Server...
[2023-09-10 15:38:00.056] [main] [info] Pinging Non-Existing Test Server OK!
[2023-09-10 15:38:00.056] [main] [info] Pinging Non-Existing Test Server   ...DONE!
[2023-09-10 15:38:00.056] [main] [info] Pinging Pump Server Mayson...
[2023-09-10 15:38:00.162] [main] [info] Pump Server ping OK!
[2023-09-10 15:38:00.162] [main] [info] Pinging Pump Server Mayson   ...DONE!
[2023-09-10 15:38:00.162] [main] [info] Pinging all valve stations...
[2023-09-10 15:38:00.469] [main] [info] James ping OK!
[2023-09-10 15:38:00.469] [main] [info] Lucas ping OK!
[2023-09-10 15:38:00.469] [main] [info] Felix ping OK!
[2023-09-10 15:38:00.469] [main] [info] Pinging all valve stations   ...DONE!
[2023-09-10 15:38:00.469] [main] [info] Pinging Non-Existing Test Server...
[2023-09-10 15:38:03.544] [main] [info] Pinging Non-Existing Test Server OK!
[2023-09-10 15:38:03.544] [main] [info] Pinging Non-Existing Test Server   ...DONE!
[2023-09-10 15:38:03.544] [main] [info] Creating Landscape...
[2023-09-10 15:38:03.544] [main] [info] Creating Landscape...
[2023-09-10 15:38:03.544] [main] [info] Creating Felix...
[2023-09-10 15:38:03.544] [main] [info] Creating James...
[2023-09-10 15:38:03.544] [main] [info] Creating Lucas...
[2023-09-10 15:38:03.544] [main] [info] Fetching timestamp...
std::chrono::system_clock::now().time_since_epoch()   :   1694353083544371561
get_seconds_since_epoch_now(bool verbose /* true */)   :   1694353083
minutes since epoch   :   28239218
minute of day   :   818
minute of hour   :   38
hour of day   :   13
[2023-09-10 15:38:03.544] [main] [info] Checking timestamp.txt...
[2023-09-10 15:38:03.544] [main] [debug] The timestamp.txt is always written when watering is triggered. It is read to check if I was already done with watering some minutes ago.
previous time_stamp:   28238499
[2023-09-10 15:38:03.544] [main] [info] Checking timestamp.txt   ...DONE!
[2023-09-10 15:38:03.544] [main] [info] It's not time for watering now!
[2023-09-10 15:38:03.544] [main] [info] Minute Intraday:   818
[2023-09-10 15:38:03.544] [main] [info] Days since Epoch:   19610
[2023-09-10 15:38:03.544] [main] [info] Accumulated watering times:

Felix   :          Eiben-Klee  :      0.00 min
Felix   :            Mara-alt  :      0.00 min
James   :            Karotten  :      0.00 min
James   :             Tomaten  :      0.00 min
James   :              Gurken  :      0.00 min
James   :          Kartoffeln  :      0.00 min
Lucas   :              Erbsen  :      0.00 min
Lucas   :        Heidelbeeren  :      0.00 min
Lucas   :      Bohnen-Flieder  :      0.00 min

%%%%%%%%%%     [4] Run the executable   ...DONE!
elapsed time:   36s
=====================================================================================================
