=====================================================================================================
%%%%%%%%%%     [4] Run the executable...
>Please note:  Even if all builds failed, the last built executable is still there and will be started!
> sudo -u mayadm ./ur-unix-run.sh
[2023-09-14 13:04:48.349] [main] [info] Pinging Pump Server Mayson...
[2023-09-14 13:04:51.423] [main] [error] Fatal: Pump Server not available!
[2023-09-14 13:04:51.424] [main] [info] Pinging Pump Server Mayson   ...DONE!
[2023-09-14 13:04:51.424] [main] [info] Pinging all valve stations...
[2023-09-14 13:04:52.700] [main] [info] James ping OK!
[2023-09-14 13:04:52.700] [main] [info] Lucas ping OK!
[2023-09-14 13:04:52.700] [main] [info] Felix ping OK!
[2023-09-14 13:04:52.700] [main] [info] Pinging all valve stations   ...DONE!
[2023-09-14 13:04:52.700] [main] [info] Pinging Non-Existing Test Server...
[2023-09-14 13:04:55.775] [main] [info] Pinging Non-Existing Test Server OK!
[2023-09-14 13:04:55.775] [main] [info] Pinging Non-Existing Test Server   ...DONE!
[2023-09-14 13:04:55.775] [main] [info] Pinging Pump Server Mayson...
[2023-09-14 13:04:58.847] [main] [error] Fatal: Pump Server not available!
[2023-09-14 13:04:58.847] [main] [info] Pinging Pump Server Mayson   ...DONE!
[2023-09-14 13:04:58.847] [main] [info] Pinging all valve stations...
[2023-09-14 13:04:59.137] [main] [info] James ping OK!
[2023-09-14 13:04:59.137] [main] [info] Lucas ping OK!
[2023-09-14 13:04:59.137] [main] [info] Felix ping OK!
[2023-09-14 13:04:59.137] [main] [info] Pinging all valve stations   ...DONE!
[2023-09-14 13:04:59.137] [main] [info] Pinging Non-Existing Test Server...
[2023-09-14 13:05:02.207] [main] [info] Pinging Non-Existing Test Server OK!
[2023-09-14 13:05:02.208] [main] [info] Pinging Non-Existing Test Server   ...DONE!
[2023-09-14 13:05:02.208] [main] [info] Pinging Pump Server Mayson...
[2023-09-14 13:05:04.342] [main] [info] Pump Server ping OK!
[2023-09-14 13:05:04.342] [main] [info] Pinging Pump Server Mayson   ...DONE!
[2023-09-14 13:05:04.342] [main] [info] Pinging all valve stations...
[2023-09-14 13:05:04.646] [main] [info] James ping OK!
[2023-09-14 13:05:04.646] [main] [info] Lucas ping OK!
[2023-09-14 13:05:04.646] [main] [info] Felix ping OK!
[2023-09-14 13:05:04.646] [main] [info] Pinging all valve stations   ...DONE!
[2023-09-14 13:05:04.646] [main] [info] Pinging Non-Existing Test Server...
[2023-09-14 13:05:07.711] [main] [info] Pinging Non-Existing Test Server OK!
[2023-09-14 13:05:07.711] [main] [info] Pinging Non-Existing Test Server   ...DONE!
[2023-09-14 13:05:07.711] [main] [info] Creating Landscape...
[2023-09-14 13:05:07.711] [main] [info] Creating Landscape...
[2023-09-14 13:05:07.711] [main] [info] Creating Felix...
[2023-09-14 13:05:07.712] [main] [info] Creating James...
[2023-09-14 13:05:07.712] [main] [info] Creating Lucas...
[2023-09-14 13:05:07.712] [main] [info] Fetching timestamp...
std::chrono::system_clock::now().time_since_epoch()   :   1694689507712045034
get_seconds_since_epoch_now(bool verbose /* true */)   :   1694689507
minutes since epoch   :   28244825
minute of day   :   665
minute of hour   :   5
hour of day   :   11
[2023-09-14 13:05:07.712] [main] [info] Checking timestamp.txt...
[2023-09-14 13:05:07.712] [main] [debug] The timestamp.txt is always written when watering is triggered. It is read to check if I was already done with watering some minutes ago.
previous time_stamp:   28244269
[2023-09-14 13:05:07.712] [main] [info] Checking timestamp.txt   ...DONE!
[2023-09-14 13:05:07.712] [main] [info] It's not time for watering now!
[2023-09-14 13:05:07.712] [main] [info] Minute Intraday:   665
[2023-09-14 13:05:07.712] [main] [info] Days since Epoch:   19614
[2023-09-14 13:05:07.712] [main] [info] Accumulated watering times:

Felix   :          Eiben-Klee  :      0.00 min
Felix   :            Mara-alt  :      0.00 min
James   :            Karotten  :      0.00 min
James   :             Tomaten  :      0.00 min
James   :              Gurken  :      0.00 min
James   :          Kartoffeln  :      0.00 min
Lucas   :              Erbsen  :      0.00 min
Lucas   :        Heidelbeeren  :      0.00 min
Lucas   :      Bohnen-Flieder  :      0.00 min

%%%%%%%%%%     [4] Run the executable   ...DONE!
elapsed time:   19s
=====================================================================================================
