=====================================================================================================
%%%%%%%%%%     [6] Uploading logs and go sleeping...
> sudo -u mayadm git checkout artifacts
Zu Zweig »artifacts« gewechselt
Ihr Branch ist auf demselben Stand wie 'origin/artifacts'.
> sudo -u mayadm git pull
Bereits aktuell.
> sudo -u mayadm git merge maya-productive
Bereits aktuell.
> sudo -u mayadm git add "../artifacts/logs/10667-*.log" -f
> sudo -u mayadm git add "../artifacts/logs/10666-*.log" -f
> sudo -u mayadm git commit -m "logs at 2023-09-14--13h45"
[artifacts c63a0d270] logs at 2023-09-14--13h45
 6 files changed, 336 insertions(+)
 create mode 100644 maya/artifacts/logs/10666--2023-09-14--13h04---6.log
 create mode 100644 maya/artifacts/logs/10667--2023-09-14--13h45---1.log
 create mode 100644 maya/artifacts/logs/10667--2023-09-14--13h45---2.log
 create mode 100644 maya/artifacts/logs/10667--2023-09-14--13h45---3.log
 create mode 100644 maya/artifacts/logs/10667--2023-09-14--13h45---4.log
 create mode 100644 maya/artifacts/logs/10667--2023-09-14--13h45---5.log
> sudo -u mayadm git push
To https://github.com/Necktschnagge/wired-watering
   5155ed881..c63a0d270  artifacts -> artifacts
> sudo -u mayadm git checkout maya-productive
Zu Zweig »maya-productive« gewechselt
Ihr Branch ist auf demselben Stand wie 'origin/maya-productive'.
> sudo -u mayadm git push
Everything up-to-date
##############################################################
###################                        ###################
###################     GOING TO SLEEP     ###################
###################                        ###################
##############################################################
#######                                                #######
#######   Press CTRL + C NOW to abort script safely!   #######
#######                                                #######
##############################################################
##############################################################
#######                                                #######
#######               NOW GOING TO SLEEP               #######
#######                                                #######
##############################################################
> rtcwake -m mem -s 2400
rtcwake: RTC wird als UTC interpretiert …
rtcwake: aufwachen von „mem“ durch /dev/rtc0 bei Thu Sep 14 12:26:55 2023
##############################################################
#######                                                #######
#######            just waked up from sleep            #######
#######                                                #######
##############################################################
%%%%%%%%%%     [6] Uploading logs and go sleeping   ...DONE!
elapsed time:   2430s
=====================================================================================================
