=====================================================================================================
%%%%%%%%%%     [6] Uploading logs and go sleeping...
> sudo -u mayadm git checkout artifacts
Zu Zweig »artifacts« gewechselt
Ihr Branch ist auf demselben Stand wie 'origin/artifacts'.
> sudo -u mayadm git pull
Bereits aktuell.
> sudo -u mayadm git merge maya-productive
Bereits aktuell.
> sudo -u mayadm git add "../artifacts/logs/10708-*.log" -f
> sudo -u mayadm git add "../artifacts/logs/10707-*.log" -f
> sudo -u mayadm git commit -m "logs at 2023-09-15--19h46"
[artifacts 5e51fef65] logs at 2023-09-15--19h46
 6 files changed, 302 insertions(+)
 create mode 100644 maya/artifacts/logs/10707--2023-09-15--19h05---6.log
 create mode 100644 maya/artifacts/logs/10708--2023-09-15--19h46---1.log
 create mode 100644 maya/artifacts/logs/10708--2023-09-15--19h46---2.log
 create mode 100644 maya/artifacts/logs/10708--2023-09-15--19h46---3.log
 create mode 100644 maya/artifacts/logs/10708--2023-09-15--19h46---4.log
 create mode 100644 maya/artifacts/logs/10708--2023-09-15--19h46---5.log
> sudo -u mayadm git push
To https://github.com/Necktschnagge/wired-watering
   04d39890c..5e51fef65  artifacts -> artifacts
> sudo -u mayadm git checkout maya-productive
Zu Zweig »maya-productive« gewechselt
Ihr Branch ist auf demselben Stand wie 'origin/maya-productive'.
> sudo -u mayadm git push
Everything up-to-date
##############################################################
###################                        ###################
###################     GOING TO SLEEP     ###################
###################                        ###################
##############################################################
#######                                                #######
#######   Press CTRL + C NOW to abort script safely!   #######
#######                                                #######
##############################################################
##############################################################
#######                                                #######
#######               NOW GOING TO SLEEP               #######
#######                                                #######
##############################################################
> rtcwake -m mem -s 2400
rtcwake: RTC wird als UTC interpretiert …
rtcwake: aufwachen von „mem“ durch /dev/rtc0 bei Fri Sep 15 18:27:20 2023
##############################################################
#######                                                #######
#######            just waked up from sleep            #######
#######                                                #######
##############################################################
%%%%%%%%%%     [6] Uploading logs and go sleeping   ...DONE!
elapsed time:   2426s
=====================================================================================================
