=====================================================================================================
%%%%%%%%%%     [6] Uploading logs and go sleeping...
> sudo -u mayadm git checkout artifacts
Zu Zweig »artifacts« gewechselt
Ihr Branch ist auf demselben Stand wie 'origin/artifacts'.
> sudo -u mayadm git pull
Bereits aktuell.
> sudo -u mayadm git merge maya-productive
Bereits aktuell.
> sudo -u mayadm git add "../artifacts/logs/11095-*.log" -f
> sudo -u mayadm git add "../artifacts/logs/11094-*.log" -f
> sudo -u mayadm git commit -m "logs at 2023-09-27--15h02"
[artifacts fead10cbf] logs at 2023-09-27--15h02
 6 files changed, 306 insertions(+)
 create mode 100644 maya/artifacts/logs/11094--2023-09-27--14h20---6.log
 create mode 100644 maya/artifacts/logs/11095--2023-09-27--15h02---1.log
 create mode 100644 maya/artifacts/logs/11095--2023-09-27--15h02---2.log
 create mode 100644 maya/artifacts/logs/11095--2023-09-27--15h02---3.log
 create mode 100644 maya/artifacts/logs/11095--2023-09-27--15h02---4.log
 create mode 100644 maya/artifacts/logs/11095--2023-09-27--15h02---5.log
> sudo -u mayadm git push
To https://github.com/Necktschnagge/wired-watering
   8c51ecbbf..fead10cbf  artifacts -> artifacts
> sudo -u mayadm git checkout maya-productive
Zu Zweig »maya-productive« gewechselt
Ihr Branch ist auf demselben Stand wie 'origin/maya-productive'.
> sudo -u mayadm git push
Everything up-to-date
##############################################################
###################                        ###################
###################     GOING TO SLEEP     ###################
###################                        ###################
##############################################################
#######                                                #######
#######   Press CTRL + C NOW to abort script safely!   #######
#######                                                #######
##############################################################
##############################################################
#######                                                #######
#######               NOW GOING TO SLEEP               #######
#######                                                #######
##############################################################
> rtcwake -m mem -s 2400
rtcwake: RTC wird als UTC interpretiert …
rtcwake: aufwachen von „mem“ durch /dev/rtc0 bei Wed Sep 27 13:42:58 2023
##############################################################
#######                                                #######
#######            just waked up from sleep            #######
#######                                                #######
##############################################################
%%%%%%%%%%     [6] Uploading logs and go sleeping   ...DONE!
elapsed time:   2427s
=====================================================================================================
