[maya-productive 49887b9] upload logs
 5 files changed, 188 insertions(+)
 create mode 100644 maya/artifacts/logs/1111--2022-06-17--01h34---1.log
 create mode 100644 maya/artifacts/logs/1111--2022-06-17--01h34---2.log
 create mode 100644 maya/artifacts/logs/1111--2022-06-17--01h34---3.log
 create mode 100644 maya/artifacts/logs/1111--2022-06-17--01h34---4.log
 create mode 100644 maya/artifacts/logs/1111--2022-06-17--01h34---5.log
Bereits aktuell.
To https://github.com/Necktschnagge/wired-watering
   5c454d6..49887b9  maya-productive -> maya-productive
Bereits auf 'maya-productive'
Ihr Branch ist auf demselben Stand wie 'origin/maya-productive'.
Everything up-to-date
##############################################################
###################                        ###################
###################     GOING TO SLEEP     ###################
###################                        ###################
##############################################################
#######                                                #######
#######   Press CTRL + C NOW to abort script safely!   #######
#######                                                #######
##############################################################
##############################################################
#######                                                #######
#######               NOW GOING TO SLEEP               #######
#######                                                #######
##############################################################
> rtcwake -m mem -s 300
rtcwake: RTC wird als UTC interpretiert …
rtcwake: aufwachen von „mem“ durch /dev/rtc0 bei Thu Jun 16 23:39:40 2022
##############################################################
#######                                                #######
#######            just waked up from sleep            #######
#######                                                #######
##############################################################
