=====================================================================================================
%%%%%%%%%%     [6] Uploading logs and go sleeping...
> sudo -u mayadm git checkout artifacts
Zu Zweig »artifacts« gewechselt
Ihr Branch ist auf demselben Stand wie 'origin/artifacts'.
> sudo -u mayadm git pull
Bereits aktuell.
> sudo -u mayadm git merge maya-productive
Bereits aktuell.
> sudo -u mayadm git add "../artifacts/logs/11117-*.log" -f
> sudo -u mayadm git add "../artifacts/logs/11116-*.log" -f
> sudo -u mayadm git commit -m "logs at 2023-09-28--07h11"
[artifacts 9a6d9dae7] logs at 2023-09-28--07h11
 6 files changed, 306 insertions(+)
 create mode 100644 maya/artifacts/logs/11116--2023-09-28--06h29---6.log
 create mode 100644 maya/artifacts/logs/11117--2023-09-28--07h11---1.log
 create mode 100644 maya/artifacts/logs/11117--2023-09-28--07h11---2.log
 create mode 100644 maya/artifacts/logs/11117--2023-09-28--07h11---3.log
 create mode 100644 maya/artifacts/logs/11117--2023-09-28--07h11---4.log
 create mode 100644 maya/artifacts/logs/11117--2023-09-28--07h11---5.log
> sudo -u mayadm git push
To https://github.com/Necktschnagge/wired-watering
   95f27ad85..9a6d9dae7  artifacts -> artifacts
> sudo -u mayadm git checkout maya-productive
Zu Zweig »maya-productive« gewechselt
Ihr Branch ist auf demselben Stand wie 'origin/maya-productive'.
> sudo -u mayadm git push
Everything up-to-date
##############################################################
###################                        ###################
###################     GOING TO SLEEP     ###################
###################                        ###################
##############################################################
#######                                                #######
#######   Press CTRL + C NOW to abort script safely!   #######
#######                                                #######
##############################################################
##############################################################
#######                                                #######
#######               NOW GOING TO SLEEP               #######
#######                                                #######
##############################################################
> rtcwake -m mem -s 2400
rtcwake: RTC wird als UTC interpretiert …
rtcwake: aufwachen von „mem“ durch /dev/rtc0 bei Thu Sep 28 05:52:04 2023
##############################################################
#######                                                #######
#######            just waked up from sleep            #######
#######                                                #######
##############################################################
%%%%%%%%%%     [6] Uploading logs and go sleeping   ...DONE!
elapsed time:   2427s
=====================================================================================================
