=====================================================================================================
%%%%%%%%%%     [6] Uploading logs and go sleeping...
> sudo -u mayadm git checkout artifacts
Zu Zweig »artifacts« gewechselt
Ihr Branch ist auf demselben Stand wie 'origin/artifacts'.
> sudo -u mayadm git pull
fatal: konnte nicht auf 'https://github.com/Necktschnagge/wired-watering/' zugreifen: Could not resolve host: github.com
> sudo -u mayadm git merge maya-productive
Bereits aktuell.
> sudo -u mayadm git add "../artifacts/logs/11142-*.log" -f
> sudo -u mayadm git add "../artifacts/logs/11141-*.log" -f
> sudo -u mayadm git commit -m "logs at 2023-09-29--00h21"
[artifacts f09bee217] logs at 2023-09-29--00h21
 6 files changed, 307 insertions(+)
 create mode 100644 maya/artifacts/logs/11141--2023-09-28--23h39---6.log
 create mode 100644 maya/artifacts/logs/11142--2023-09-29--00h21---1.log
 create mode 100644 maya/artifacts/logs/11142--2023-09-29--00h21---2.log
 create mode 100644 maya/artifacts/logs/11142--2023-09-29--00h21---3.log
 create mode 100644 maya/artifacts/logs/11142--2023-09-29--00h21---4.log
 create mode 100644 maya/artifacts/logs/11142--2023-09-29--00h21---5.log
> sudo -u mayadm git push
fatal: konnte nicht auf 'https://github.com/Necktschnagge/wired-watering/' zugreifen: Could not resolve host: github.com
> sudo -u mayadm git checkout maya-productive
Zu Zweig »maya-productive« gewechselt
Ihr Branch ist auf demselben Stand wie 'origin/maya-productive'.
> sudo -u mayadm git push
fatal: konnte nicht auf 'https://github.com/Necktschnagge/wired-watering/' zugreifen: Could not resolve host: github.com
##############################################################
###################                        ###################
###################     GOING TO SLEEP     ###################
###################                        ###################
##############################################################
#######                                                #######
#######   Press CTRL + C NOW to abort script safely!   #######
#######                                                #######
##############################################################
##############################################################
#######                                                #######
#######               NOW GOING TO SLEEP               #######
#######                                                #######
##############################################################
> rtcwake -m mem -s 2400
rtcwake: RTC wird als UTC interpretiert …
rtcwake: aufwachen von „mem“ durch /dev/rtc0 bei Thu Sep 28 23:03:26 2023
##############################################################
#######                                                #######
#######            just waked up from sleep            #######
#######                                                #######
##############################################################
%%%%%%%%%%     [6] Uploading logs and go sleeping   ...DONE!
elapsed time:   2470s
=====================================================================================================
