=====================================================================================================
%%%%%%%%%%     [4] Run the executable...
>Please note:  Even if all builds failed, the last built executable is still there and will be started!
> sudo -u mayadm ./ur-unix-run.sh
[2023-10-01 03:34:47.911] [main] [info] Pinging Pump Server Mayson...
[2023-10-01 03:34:47.965] [main] [info] Pump Server ping OK!
[2023-10-01 03:34:47.965] [main] [info] Pinging Pump Server Mayson   ...DONE!
[2023-10-01 03:34:47.965] [main] [info] Pinging all valve stations...
[2023-10-01 03:34:51.248] [main] [info] James ping OK!
[2023-10-01 03:34:51.248] [main] [info] Lucas ping OK!
[2023-10-01 03:34:51.248] [main] [info] Felix ping OK!
[2023-10-01 03:34:51.248] [main] [info] Pinging all valve stations   ...DONE!
[2023-10-01 03:34:51.248] [main] [info] Pinging Non-Existing Test Server...
[2023-10-01 03:34:54.331] [main] [info] Pinging Non-Existing Test Server OK!
[2023-10-01 03:34:54.331] [main] [info] Pinging Non-Existing Test Server   ...DONE!
[2023-10-01 03:34:54.331] [main] [info] Creating Landscape...
[2023-10-01 03:34:54.331] [main] [info] Creating Landscape...
[2023-10-01 03:34:54.331] [main] [info] Creating Felix...
[2023-10-01 03:34:54.331] [main] [info] Creating James...
[2023-10-01 03:34:54.331] [main] [info] Creating Lucas...
[2023-10-01 03:34:54.331] [main] [info] Fetching timestamp...
std::chrono::system_clock::now().time_since_epoch()   :   1696124094331381912
get_seconds_since_epoch_now(bool verbose /* true */)   :   1696124094
minutes since epoch   :   28268734
minute of day   :   94
minute of hour   :   34
hour of day   :   1
[2023-10-01 03:34:54.331] [main] [info] Checking timestamp.txt...
[2023-10-01 03:34:54.331] [main] [debug] The timestamp.txt is always written when watering is triggered. It is read to check if I was already done with watering some minutes ago.
previous time_stamp:   28267310
[2023-10-01 03:34:54.331] [main] [info] Checking timestamp.txt   ...DONE!
Wrote to timestamp.txt
Send request to pump relay:
URL:   http://192.168.1.10:80/status?auto=off&system=off&manual=off
Response:
status code:   200
text:
{
 "server-name" : "pump-relay-mayson",
 "action" : "okay"
}
Send request to pump relay:
URL:   http://192.168.1.10:80/status?auto=on&system=on
Response:
status code:   200
text:
{
 "server-name" : "pump-relay-mayson",
 "action" : "okay"
}
[2023-10-01 03:35:03.850] [main] [info] 
--------------------------------------------------------------
Send valves at 1696124103
http://192.168.1.20:80/status?valves=1
200
{
 "server-name" : "valve-server-james",
 "action" : "okay"
}
[2023-10-01 03:35:04.046] [main] [info] 
Switched the following valves: --->
          James:   Karotten   OFF -> ON 
                                   <---
[2023-10-01 03:45:04.068] [main] [info] 
--------------------------------------------------------------
Send valves at 1696124704
http://192.168.1.22:80/status?valves=2
200
{
 "server-name" : "valve-server-felix",
 "action" : "okay"
}
[2023-10-01 03:45:04.328] [main] [info] 
Switched the following valves: --->
          Felix:   Mara-alt   OFF -> ON 
                                   <---
Send request to pump relay:
URL:   http://192.168.1.10:80/status?auto=off
Response:
status code:   200
text:
{
 "server-name" : "pump-relay-mayson",
 "action" : "okay"
}
Send request to pump relay:
URL:   http://192.168.1.10:80/status?auto=on
Response:
status code:   200
text:
{
 "server-name" : "pump-relay-mayson",
 "action" : "okay"
}
[2023-10-01 03:55:14.138] [main] [info] 
--------------------------------------------------------------
Send valves at 1696125314
http://192.168.1.20:80/status?valves=0
200
{
 "server-name" : "valve-server-james",
 "action" : "okay"
}
[2023-10-01 03:55:14.278] [main] [info] 
Switched the following valves: --->
          James:   Karotten    ON -> OFF
                                   <---
[2023-10-01 03:55:14.278] [main] [info] 
--------------------------------------------------------------
Send valves at 1696125314
http://192.168.1.22:80/status?valves=3
200
{
 "server-name" : "valve-server-felix",
 "action" : "okay"
}
[2023-10-01 03:55:14.339] [main] [info] 
Switched the following valves: --->
          Felix:   Eiben-Klee   OFF -> ON 
                                   <---
[2023-10-01 04:05:14.043] [main] [info] 
--------------------------------------------------------------
Send valves at 1696125914
http://192.168.1.22:80/status?valves=1
200
{
 "server-name" : "valve-server-felix",
 "action" : "okay"
}
[2023-10-01 04:05:14.106] [main] [info] 
Switched the following valves: --->
          Felix:   Mara-alt    ON -> OFF
                                   <---
[2023-10-01 04:05:14.106] [main] [info] 
--------------------------------------------------------------
Send valves at 1696125914
http://192.168.1.21:80/status?valves=4
200
{
 "server-name" : "valve-server-lucas",
 "action" : "okay"
}
[2023-10-01 04:05:14.202] [main] [info] 
Switched the following valves: --->
          Lucas:   Bohnen-Flieder   OFF -> ON 
                                   <---
[2023-10-01 04:30:14.065] [main] [info] 
--------------------------------------------------------------
Send valves at 1696127414
http://192.168.1.22:80/status?valves=0
200
{
 "server-name" : "valve-server-felix",
 "action" : "okay"
}
[2023-10-01 04:30:14.123] [main] [info] 
Switched the following valves: --->
          Felix:   Eiben-Klee    ON -> OFF
                                   <---
[2023-10-01 04:30:14.123] [main] [info] 
--------------------------------------------------------------
Send valves at 1696127414
http://192.168.1.20:80/status?valves=0
200
{
 "server-name" : "valve-server-james",
 "action" : "okay"
}
[2023-10-01 04:30:14.224] [main] [info] 
Switched the following valves: --->
                                   <---
[2023-10-01 04:30:14.224] [main] [info] 
--------------------------------------------------------------
Send valves at 1696127414
http://192.168.1.21:80/status?valves=0
200
{
 "server-name" : "valve-server-lucas",
 "action" : "okay"
}
[2023-10-01 04:30:14.322] [main] [info] 
Switched the following valves: --->
          Lucas:   Bohnen-Flieder    ON -> OFF
                                   <---
Send request to pump relay:
URL:   http://192.168.1.10:80/status?auto=off
Response:
status code:   200
text:
{
 "server-name" : "pump-relay-mayson",
 "action" : "okay"
}
Send request to pump relay:
URL:   http://192.168.1.10:80/status?auto=on
Response:
status code:   200
text:
{
 "server-name" : "pump-relay-mayson",
 "action" : "okay"
}
[2023-10-01 04:30:24.156] [main] [info] 
--------------------------------------------------------------
Send valves at 1696127424
http://192.168.1.20:80/status?valves=4
200
{
 "server-name" : "valve-server-james",
 "action" : "okay"
}
[2023-10-01 04:30:24.357] [main] [info] 
Switched the following valves: --->
          James:   Gurken   OFF -> ON 
                                   <---
[2023-10-01 04:30:24.357] [main] [info] 
--------------------------------------------------------------
Send valves at 1696127424
http://192.168.1.20:80/status?valves=6
200
{
 "server-name" : "valve-server-james",
 "action" : "okay"
}
[2023-10-01 04:30:24.404] [main] [info] 
Switched the following valves: --->
          James:   Tomaten   OFF -> ON 
                                   <---
[2023-10-01 04:30:24.404] [main] [info] 
--------------------------------------------------------------
Send valves at 1696127424
http://192.168.1.21:80/status?valves=1
200
{
 "server-name" : "valve-server-lucas",
 "action" : "okay"
}
[2023-10-01 04:30:24.457] [main] [info] 
Switched the following valves: --->
          Lucas:   Erbsen   OFF -> ON 
                                   <---
[2023-10-01 04:50:24.061] [main] [info] 
--------------------------------------------------------------
Send valves at 1696128624
http://192.168.1.20:80/status?valves=4
200
{
 "server-name" : "valve-server-james",
 "action" : "okay"
}
[2023-10-01 04:50:24.135] [main] [info] 
Switched the following valves: --->
          James:   Tomaten    ON -> OFF
                                   <---
[2023-10-01 04:50:24.135] [main] [info] 
--------------------------------------------------------------
Send valves at 1696128624
http://192.168.1.21:80/status?valves=0
200
{
 "server-name" : "valve-server-lucas",
 "action" : "okay"
}
[2023-10-01 04:50:24.327] [main] [info] 
Switched the following valves: --->
          Lucas:   Erbsen    ON -> OFF
                                   <---
Send request to pump relay:
URL:   http://192.168.1.10:80/status?auto=off
Response:
status code:   200
text:
{
 "server-name" : "pump-relay-mayson",
 "action" : "okay"
}
Send request to pump relay:
URL:   http://192.168.1.10:80/status?auto=on
Response:
status code:   200
text:
{
 "server-name" : "pump-relay-mayson",
 "action" : "okay"
}
Send request to pump relay:
URL:   http://192.168.1.10:80/status?auto=off
Response:
status code:   200
text:
{
 "server-name" : "pump-relay-mayson",
 "action" : "okay"
}
Send request to pump relay:
URL:   http://192.168.1.10:80/status?auto=on
Response:
status code:   200
text:
{
 "server-name" : "pump-relay-mayson",
 "action" : "okay"
}
[2023-10-01 05:30:44.037] [main] [info] 
--------------------------------------------------------------
Send valves at 1696131044
http://192.168.1.22:80/status?valves=0
200
{
 "server-name" : "valve-server-felix",
 "action" : "okay"
}
[2023-10-01 05:30:44.108] [main] [info] 
Switched the following valves: --->
                                   <---
[2023-10-01 05:30:44.108] [main] [info] 
--------------------------------------------------------------
Send valves at 1696131044
http://192.168.1.20:80/status?valves=0
200
{
 "server-name" : "valve-server-james",
 "action" : "okay"
}
[2023-10-01 05:30:44.229] [main] [info] 
Switched the following valves: --->
          James:   Gurken    ON -> OFF
                                   <---
[2023-10-01 05:30:44.229] [main] [info] 
--------------------------------------------------------------
Send valves at 1696131044
http://192.168.1.21:80/status?valves=0
200
{
 "server-name" : "valve-server-lucas",
 "action" : "okay"
}
[2023-10-01 05:30:44.316] [main] [info] 
Switched the following valves: --->
                                   <---
Send request to pump relay:
URL:   http://192.168.1.10:80/status?auto=off
Response:
status code:   200
text:
{
 "server-name" : "pump-relay-mayson",
 "action" : "okay"
}
[2023-10-01 05:31:14.218] [main] [info] 
--------------------------------------------------------------
Send valves at 1696131074
http://192.168.1.22:80/status?valves=1
200
{
 "server-name" : "valve-server-felix",
 "action" : "okay"
}
[2023-10-01 05:31:14.334] [main] [info] 
Switched the following valves: --->
          Felix:   Eiben-Klee   OFF -> ON 
                                   <---
[2023-10-01 05:33:14.039] [main] [info] 
--------------------------------------------------------------
Send valves at 1696131194
http://192.168.1.22:80/status?valves=0
200
{
 "server-name" : "valve-server-felix",
 "action" : "okay"
}
[2023-10-01 05:33:14.136] [main] [info] 
Switched the following valves: --->
          Felix:   Eiben-Klee    ON -> OFF
                                   <---
[2023-10-01 05:33:14.136] [main] [info] 
--------------------------------------------------------------
Send valves at 1696131194
http://192.168.1.20:80/status?valves=0
200
{
 "server-name" : "valve-server-james",
 "action" : "okay"
}
[2023-10-01 05:33:14.241] [main] [info] 
Switched the following valves: --->
                                   <---
[2023-10-01 05:33:14.241] [main] [info] 
--------------------------------------------------------------
Send valves at 1696131194
http://192.168.1.21:80/status?valves=0
200
{
 "server-name" : "valve-server-lucas",
 "action" : "okay"
}
[2023-10-01 05:33:14.336] [main] [info] 
Switched the following valves: --->
                                   <---
[2023-10-01 05:33:14.336] [main] [info] Accumulated watering times:

Felix   :          Eiben-Klee  :     36.99 min
Felix   :            Mara-alt  :     20.16 min
James   :            Karotten  :     20.17 min
James   :             Tomaten  :     20.00 min
James   :              Gurken  :     60.33 min
James   :          Kartoffeln  :      0.00 min
Lucas   :              Erbsen  :     20.00 min
Lucas   :        Heidelbeeren  :      0.00 min
Lucas   :      Bohnen-Flieder  :     25.00 min

%%%%%%%%%%     [4] Run the executable   ...DONE!
elapsed time:   7107s
=====================================================================================================
