[maya-productive 40122ae] upload logs
 6 files changed, 188 insertions(+)
 create mode 100644 maya/artifacts/logs/1123--2022-06-17--02h44---1.log
 create mode 100644 maya/artifacts/logs/1123--2022-06-17--02h44---2.log
 create mode 100644 maya/artifacts/logs/1123--2022-06-17--02h44---3.log
 create mode 100644 maya/artifacts/logs/1123--2022-06-17--02h44---4.log
 create mode 100644 maya/artifacts/logs/1123--2022-06-17--02h44---5.log
 create mode 100644 maya/artifacts/logs/1123--2022-06-17--02h44---6.log
Bereits aktuell.
To https://github.com/Necktschnagge/wired-watering
   2c4198f..40122ae  maya-productive -> maya-productive
Bereits auf 'maya-productive'
Ihr Branch ist auf demselben Stand wie 'origin/maya-productive'.
Everything up-to-date
##############################################################
###################                        ###################
###################     GOING TO SLEEP     ###################
###################                        ###################
##############################################################
#######                                                #######
#######   Press CTRL + C NOW to abort script safely!   #######
#######                                                #######
##############################################################
##############################################################
#######                                                #######
#######               NOW GOING TO SLEEP               #######
#######                                                #######
##############################################################
> rtcwake -m mem -s 300
rtcwake: RTC wird als UTC interpretiert …
rtcwake: aufwachen von „mem“ durch /dev/rtc0 bei Fri Jun 17 00:50:07 2022
##############################################################
#######                                                #######
#######            just waked up from sleep            #######
#######                                                #######
##############################################################
