=====================================================================================================
%%%%%%%%%%     [4] Run the executable...
>Please note:  Even if all builds failed, the last built executable is still there and will be started!
> sudo -u mayadm ./ur-unix-run.sh
[2023-10-05 03:39:28.005] [main] [info] Pinging Pump Server Mayson...
[2023-10-05 03:39:28.039] [main] [info] Pump Server ping OK!
[2023-10-05 03:39:28.039] [main] [info] Pinging Pump Server Mayson   ...DONE!
[2023-10-05 03:39:28.039] [main] [info] Pinging all valve stations...
[2023-10-05 03:39:28.348] [main] [info] James ping OK!
[2023-10-05 03:39:28.348] [main] [info] Lucas ping OK!
[2023-10-05 03:39:28.348] [main] [info] Felix ping OK!
[2023-10-05 03:39:28.348] [main] [info] Pinging all valve stations   ...DONE!
[2023-10-05 03:39:28.348] [main] [info] Pinging Non-Existing Test Server...
[2023-10-05 03:39:31.420] [main] [info] Pinging Non-Existing Test Server OK!
[2023-10-05 03:39:31.420] [main] [info] Pinging Non-Existing Test Server   ...DONE!
[2023-10-05 03:39:31.420] [main] [info] Creating Landscape...
[2023-10-05 03:39:31.420] [main] [info] Creating Landscape...
[2023-10-05 03:39:31.420] [main] [info] Creating Felix...
[2023-10-05 03:39:31.420] [main] [info] Creating James...
[2023-10-05 03:39:31.420] [main] [info] Creating Lucas...
[2023-10-05 03:39:31.420] [main] [info] Fetching timestamp...
std::chrono::system_clock::now().time_since_epoch()   :   1696469971420792033
get_seconds_since_epoch_now(bool verbose /* true */)   :   1696469971
minutes since epoch   :   28274499
minute of day   :   99
minute of hour   :   39
hour of day   :   1
[2023-10-05 03:39:31.420] [main] [info] Checking timestamp.txt...
[2023-10-05 03:39:31.420] [main] [debug] The timestamp.txt is always written when watering is triggered. It is read to check if I was already done with watering some minutes ago.
previous time_stamp:   28273082
[2023-10-05 03:39:31.420] [main] [info] Checking timestamp.txt   ...DONE!
Wrote to timestamp.txt
Send request to pump relay:
URL:   http://192.168.1.10:80/status?auto=off&system=off&manual=off
Response:
status code:   200
text:
{
 "server-name" : "pump-relay-mayson",
 "action" : "okay"
}
Send request to pump relay:
URL:   http://192.168.1.10:80/status?auto=on&system=on
Response:
status code:   200
text:
{
 "server-name" : "pump-relay-mayson",
 "action" : "okay"
}
[2023-10-05 03:39:41.249] [main] [info] 
--------------------------------------------------------------
Send valves at 1696469981
http://192.168.1.20:80/status?valves=1
200
{
 "server-name" : "valve-server-james",
 "action" : "okay"
}
[2023-10-05 03:39:41.450] [main] [info] 
Switched the following valves: --->
          James:   Karotten   OFF -> ON 
                                   <---
[2023-10-05 03:49:41.092] [main] [info] 
--------------------------------------------------------------
Send valves at 1696470581
http://192.168.1.22:80/status?valves=2
200
{
 "server-name" : "valve-server-felix",
 "action" : "okay"
}
[2023-10-05 03:49:41.195] [main] [info] 
Switched the following valves: --->
          Felix:   Mara-alt   OFF -> ON 
                                   <---
Send request to pump relay:
URL:   http://192.168.1.10:80/status?auto=off
Response:
status code:   200
text:
{
 "server-name" : "pump-relay-mayson",
 "action" : "okay"
}
Send request to pump relay:
URL:   http://192.168.1.10:80/status?auto=on
Response:
status code:   200
text:
{
 "server-name" : "pump-relay-mayson",
 "action" : "okay"
}
[2023-10-05 03:54:51.187] [main] [info] 
--------------------------------------------------------------
Send valves at 1696470891
http://192.168.1.20:80/status?valves=0
200
{
 "server-name" : "valve-server-james",
 "action" : "okay"
}
[2023-10-05 03:54:51.285] [main] [info] 
Switched the following valves: --->
          James:   Karotten    ON -> OFF
                                   <---
[2023-10-05 03:54:51.285] [main] [info] 
--------------------------------------------------------------
Send valves at 1696470891
http://192.168.1.22:80/status?valves=3
200
{
 "server-name" : "valve-server-felix",
 "action" : "okay"
}
[2023-10-05 03:54:51.386] [main] [info] 
Switched the following valves: --->
          Felix:   Eiben-Klee   OFF -> ON 
                                   <---
[2023-10-05 04:04:51.083] [main] [info] 
--------------------------------------------------------------
Send valves at 1696471491
http://192.168.1.22:80/status?valves=1
200
{
 "server-name" : "valve-server-felix",
 "action" : "okay"
}
[2023-10-05 04:04:51.243] [main] [info] 
Switched the following valves: --->
          Felix:   Mara-alt    ON -> OFF
                                   <---
[2023-10-05 04:04:51.243] [main] [info] 
--------------------------------------------------------------
Send valves at 1696471491
http://192.168.1.21:80/status?valves=4
200
{
 "server-name" : "valve-server-lucas",
 "action" : "okay"
}
[2023-10-05 04:04:51.346] [main] [info] 
Switched the following valves: --->
          Lucas:   Bohnen-Flieder   OFF -> ON 
                                   <---
[2023-10-05 04:14:51.030] [main] [info] 
--------------------------------------------------------------
Send valves at 1696472091
http://192.168.1.22:80/status?valves=0
200
{
 "server-name" : "valve-server-felix",
 "action" : "okay"
}
[2023-10-05 04:14:51.127] [main] [info] 
Switched the following valves: --->
          Felix:   Eiben-Klee    ON -> OFF
                                   <---
[2023-10-05 04:14:51.127] [main] [info] 
--------------------------------------------------------------
Send valves at 1696472091
http://192.168.1.20:80/status?valves=0
200
{
 "server-name" : "valve-server-james",
 "action" : "okay"
}
[2023-10-05 04:14:51.275] [main] [info] 
Switched the following valves: --->
                                   <---
[2023-10-05 04:14:51.275] [main] [info] 
--------------------------------------------------------------
Send valves at 1696472091
http://192.168.1.21:80/status?valves=0
200
{
 "server-name" : "valve-server-lucas",
 "action" : "okay"
}
[2023-10-05 04:14:51.340] [main] [info] 
Switched the following valves: --->
          Lucas:   Bohnen-Flieder    ON -> OFF
                                   <---
Send request to pump relay:
URL:   http://192.168.1.10:80/status?auto=off
Response:
status code:   200
text:
{
 "server-name" : "pump-relay-mayson",
 "action" : "okay"
}
Send request to pump relay:
URL:   http://192.168.1.10:80/status?auto=on
Response:
status code:   200
text:
{
 "server-name" : "pump-relay-mayson",
 "action" : "okay"
}
[2023-10-05 04:15:01.164] [main] [info] 
--------------------------------------------------------------
Send valves at 1696472101
http://192.168.1.20:80/status?valves=2
200
{
 "server-name" : "valve-server-james",
 "action" : "okay"
}
[2023-10-05 04:15:01.303] [main] [info] 
Switched the following valves: --->
          James:   Tomaten   OFF -> ON 
                                   <---
[2023-10-05 04:25:01.011] [main] [info] 
--------------------------------------------------------------
Send valves at 1696472701
http://192.168.1.20:80/status?valves=0
200
{
 "server-name" : "valve-server-james",
 "action" : "okay"
}
[2023-10-05 04:25:01.283] [main] [info] 
Switched the following valves: --->
          James:   Tomaten    ON -> OFF
                                   <---
[2023-10-05 04:25:01.283] [main] [info] 
--------------------------------------------------------------
Send valves at 1696472701
http://192.168.1.21:80/status?valves=0
200
{
 "server-name" : "valve-server-lucas",
 "action" : "okay"
}
[2023-10-05 04:25:01.441] [main] [info] 
Switched the following valves: --->
                                   <---
Send request to pump relay:
URL:   http://192.168.1.10:80/status?auto=off
Response:
status code:   200
text:
{
 "server-name" : "pump-relay-mayson",
 "action" : "okay"
}
Send request to pump relay:
URL:   http://192.168.1.10:80/status?auto=on
Response:
status code:   200
text:
{
 "server-name" : "pump-relay-mayson",
 "action" : "okay"
}
Send request to pump relay:
URL:   http://192.168.1.10:80/status?auto=off
Response:
status code:   200
text:
{
 "server-name" : "pump-relay-mayson",
 "action" : "okay"
}
Send request to pump relay:
URL:   http://192.168.1.10:80/status?auto=on
Response:
status code:   200
text:
{
 "server-name" : "pump-relay-mayson",
 "action" : "okay"
}
[2023-10-05 05:05:21.029] [main] [info] 
--------------------------------------------------------------
Send valves at 1696475121
http://192.168.1.22:80/status?valves=0
200
{
 "server-name" : "valve-server-felix",
 "action" : "okay"
}
[2023-10-05 05:05:21.110] [main] [info] 
Switched the following valves: --->
                                   <---
[2023-10-05 05:05:21.110] [main] [info] 
--------------------------------------------------------------
Send valves at 1696475121
http://192.168.1.20:80/status?valves=0
200
{
 "server-name" : "valve-server-james",
 "action" : "okay"
}
[2023-10-05 05:05:21.224] [main] [info] 
Switched the following valves: --->
                                   <---
[2023-10-05 05:05:21.224] [main] [info] 
--------------------------------------------------------------
Send valves at 1696475121
http://192.168.1.21:80/status?valves=0
200
{
 "server-name" : "valve-server-lucas",
 "action" : "okay"
}
[2023-10-05 05:05:21.315] [main] [info] 
Switched the following valves: --->
                                   <---
Send request to pump relay:
URL:   http://192.168.1.10:80/status?auto=off
Response:
status code:   200
text:
{
 "server-name" : "pump-relay-mayson",
 "action" : "okay"
}
[2023-10-05 05:05:51.115] [main] [info] 
--------------------------------------------------------------
Send valves at 1696475151
http://192.168.1.22:80/status?valves=1
200
{
 "server-name" : "valve-server-felix",
 "action" : "okay"
}
[2023-10-05 05:05:51.221] [main] [info] 
Switched the following valves: --->
          Felix:   Eiben-Klee   OFF -> ON 
                                   <---
[2023-10-05 05:07:51.079] [main] [info] 
--------------------------------------------------------------
Send valves at 1696475271
http://192.168.1.22:80/status?valves=0
200
{
 "server-name" : "valve-server-felix",
 "action" : "okay"
}
[2023-10-05 05:07:51.132] [main] [info] 
Switched the following valves: --->
          Felix:   Eiben-Klee    ON -> OFF
                                   <---
[2023-10-05 05:07:51.132] [main] [info] 
--------------------------------------------------------------
Send valves at 1696475271
http://192.168.1.20:80/status?valves=0
200
{
 "server-name" : "valve-server-james",
 "action" : "okay"
}
[2023-10-05 05:07:51.242] [main] [info] 
Switched the following valves: --->
                                   <---
[2023-10-05 05:07:51.242] [main] [info] 
--------------------------------------------------------------
Send valves at 1696475271
http://192.168.1.21:80/status?valves=0
200
{
 "server-name" : "valve-server-lucas",
 "action" : "okay"
}
[2023-10-05 05:07:51.329] [main] [info] 
Switched the following valves: --->
                                   <---
[2023-10-05 05:07:51.329] [main] [info] Accumulated watering times:

Felix   :          Eiben-Klee  :     21.99 min
Felix   :            Mara-alt  :     15.17 min
James   :            Karotten  :     15.16 min
James   :             Tomaten  :     10.00 min
James   :              Gurken  :      0.00 min
James   :          Kartoffeln  :      0.00 min
Lucas   :              Erbsen  :      0.00 min
Lucas   :        Heidelbeeren  :      0.00 min
Lucas   :      Bohnen-Flieder  :     10.00 min

%%%%%%%%%%     [4] Run the executable   ...DONE!
elapsed time:   5304s
=====================================================================================================
