=====================================================================================================
%%%%%%%%%%     [5] Cleaning git working directory...
> sudo -u mayadm git add -u
> sudo -u mayadm git add *
> sudo -u mayadm git status
Auf Branch routine-40669ddd-1696527480
nichts zu committen, Arbeitsverzeichnis unverändert
> sudo -u mayadm git reset --hard
HEAD ist jetzt bei 40669ddda changes for autumn (#117)
Deleting local working branch...
> sudo -u mayadm git checkout maya-productive
Zu Zweig »maya-productive« gewechselt
Ihr Branch ist auf demselben Stand wie 'origin/maya-productive'.
> sudo -u mayadm git branch -D routine-40669ddd-1696527480
Branch routine-40669ddd-1696527480 entfernt (war 40669ddda).
Finished run 11365!
Do 5. Okt 19:38:07 CEST 2023
%%%%%%%%%%     [5] Cleaning git working directory   ...DONE!
elapsed time:   0s
=====================================================================================================
