=====================================================================================================
%%%%%%%%%%     [4] Run the executable...
>Please note:  Even if all builds failed, the last built executable is still there and will be started!
> sudo -u mayadm ./ur-unix-run.sh
[2023-10-06 03:55:16.315] [main] [info] Pinging Pump Server Mayson...
[2023-10-06 03:55:16.417] [main] [info] Pump Server ping OK!
[2023-10-06 03:55:16.417] [main] [info] Pinging Pump Server Mayson   ...DONE!
[2023-10-06 03:55:16.417] [main] [info] Pinging all valve stations...
[2023-10-06 03:55:19.683] [main] [error] Fatal: James not available!
[2023-10-06 03:55:19.683] [main] [info] Lucas ping OK!
[2023-10-06 03:55:19.683] [main] [info] Felix ping OK!
[2023-10-06 03:55:19.683] [main] [info] Pinging all valve stations   ...DONE!
[2023-10-06 03:55:19.683] [main] [info] Pinging Non-Existing Test Server...
[2023-10-06 03:55:22.764] [main] [info] Pinging Non-Existing Test Server OK!
[2023-10-06 03:55:22.764] [main] [info] Pinging Non-Existing Test Server   ...DONE!
[2023-10-06 03:55:22.764] [main] [info] Pinging Pump Server Mayson...
[2023-10-06 03:55:22.866] [main] [info] Pump Server ping OK!
[2023-10-06 03:55:22.866] [main] [info] Pinging Pump Server Mayson   ...DONE!
[2023-10-06 03:55:22.866] [main] [info] Pinging all valve stations...
[2023-10-06 03:55:24.193] [main] [info] James ping OK!
[2023-10-06 03:55:24.193] [main] [info] Lucas ping OK!
[2023-10-06 03:55:24.193] [main] [info] Felix ping OK!
[2023-10-06 03:55:24.193] [main] [info] Pinging all valve stations   ...DONE!
[2023-10-06 03:55:24.193] [main] [info] Pinging Non-Existing Test Server...
[2023-10-06 03:55:27.276] [main] [info] Pinging Non-Existing Test Server OK!
[2023-10-06 03:55:27.276] [main] [info] Pinging Non-Existing Test Server   ...DONE!
[2023-10-06 03:55:27.276] [main] [info] Creating Landscape...
[2023-10-06 03:55:27.276] [main] [info] Creating Landscape...
[2023-10-06 03:55:27.276] [main] [info] Creating Felix...
[2023-10-06 03:55:27.276] [main] [info] Creating James...
[2023-10-06 03:55:27.276] [main] [info] Creating Lucas...
[2023-10-06 03:55:27.276] [main] [info] Fetching timestamp...
std::chrono::system_clock::now().time_since_epoch()   :   1696557327276548049
get_seconds_since_epoch_now(bool verbose /* true */)   :   1696557327
minutes since epoch   :   28275955
minute of day   :   115
minute of hour   :   55
hour of day   :   1
[2023-10-06 03:55:27.276] [main] [info] Checking timestamp.txt...
[2023-10-06 03:55:27.276] [main] [debug] The timestamp.txt is always written when watering is triggered. It is read to check if I was already done with watering some minutes ago.
previous time_stamp:   28274499
[2023-10-06 03:55:27.276] [main] [info] Checking timestamp.txt   ...DONE!
Wrote to timestamp.txt
Send request to pump relay:
URL:   http://192.168.1.10:80/status?auto=off&system=off&manual=off
Response:
status code:   200
text:
{
 "server-name" : "pump-relay-mayson",
 "action" : "okay"
}
Send request to pump relay:
URL:   http://192.168.1.10:80/status?auto=on&system=on
Response:
status code:   200
text:
{
 "server-name" : "pump-relay-mayson",
 "action" : "okay"
}
Send request to pump relay:
URL:   http://192.168.1.10:80/status?auto=off
Response:
status code:   200
text:
{
 "server-name" : "pump-relay-mayson",
 "action" : "okay"
}
Send request to pump relay:
URL:   http://192.168.1.10:80/status?auto=on
Response:
status code:   200
text:
{
 "server-name" : "pump-relay-mayson",
 "action" : "okay"
}
[2023-10-06 03:55:46.148] [main] [info] 
--------------------------------------------------------------
Send valves at 1696557346
http://192.168.1.20:80/status?valves=2
200
{
 "server-name" : "valve-server-james",
 "action" : "okay"
}
[2023-10-06 03:55:46.259] [main] [info] 
Switched the following valves: --->
          James:   Tomaten   OFF -> ON 
                                   <---
[2023-10-06 04:05:46.063] [main] [info] 
--------------------------------------------------------------
Send valves at 1696557946
http://192.168.1.20:80/status?valves=0
200
{
 "server-name" : "valve-server-james",
 "action" : "okay"
}
[2023-10-06 04:05:46.191] [main] [info] 
Switched the following valves: --->
          James:   Tomaten    ON -> OFF
                                   <---
[2023-10-06 04:05:46.191] [main] [info] 
--------------------------------------------------------------
Send valves at 1696557946
http://192.168.1.21:80/status?valves=0
200
{
 "server-name" : "valve-server-lucas",
 "action" : "okay"
}
[2023-10-06 04:05:46.291] [main] [info] 
Switched the following valves: --->
                                   <---
Send request to pump relay:
URL:   http://192.168.1.10:80/status?auto=off
Response:
status code:   200
text:
{
 "server-name" : "pump-relay-mayson",
 "action" : "okay"
}
Send request to pump relay:
URL:   http://192.168.1.10:80/status?auto=on
Response:
status code:   200
text:
{
 "server-name" : "pump-relay-mayson",
 "action" : "okay"
}
Send request to pump relay:
URL:   http://192.168.1.10:80/status?auto=off
Response:
status code:   200
text:
{
 "server-name" : "pump-relay-mayson",
 "action" : "okay"
}
Send request to pump relay:
URL:   http://192.168.1.10:80/status?auto=on
Response:
status code:   200
text:
{
 "server-name" : "pump-relay-mayson",
 "action" : "okay"
}
[2023-10-06 04:46:06.038] [main] [info] 
--------------------------------------------------------------
Send valves at 1696560366
http://192.168.1.22:80/status?valves=0
200
{
 "server-name" : "valve-server-felix",
 "action" : "okay"
}
[2023-10-06 04:46:06.171] [main] [info] 
Switched the following valves: --->
                                   <---
[2023-10-06 04:46:06.171] [main] [info] 
--------------------------------------------------------------
Send valves at 1696560366
http://192.168.1.20:80/status?valves=0
200
{
 "server-name" : "valve-server-james",
 "action" : "okay"
}
[2023-10-06 04:46:06.291] [main] [info] 
Switched the following valves: --->
                                   <---
[2023-10-06 04:46:06.291] [main] [info] 
--------------------------------------------------------------
Send valves at 1696560366
http://192.168.1.21:80/status?valves=0
200
{
 "server-name" : "valve-server-lucas",
 "action" : "okay"
}
[2023-10-06 04:46:06.370] [main] [info] 
Switched the following valves: --->
                                   <---
Send request to pump relay:
URL:   http://192.168.1.10:80/status?auto=off
Response:
status code:   200
text:
{
 "server-name" : "pump-relay-mayson",
 "action" : "okay"
}
[2023-10-06 04:46:36.176] [main] [info] 
--------------------------------------------------------------
Send valves at 1696560396
http://192.168.1.22:80/status?valves=1
200
{
 "server-name" : "valve-server-felix",
 "action" : "okay"
}
[2023-10-06 04:46:36.294] [main] [info] 
Switched the following valves: --->
          Felix:   Eiben-Klee   OFF -> ON 
                                   <---
[2023-10-06 04:48:36.023] [main] [info] 
--------------------------------------------------------------
Send valves at 1696560516
http://192.168.1.22:80/status?valves=0
200
{
 "server-name" : "valve-server-felix",
 "action" : "okay"
}
[2023-10-06 04:48:36.136] [main] [info] 
Switched the following valves: --->
          Felix:   Eiben-Klee    ON -> OFF
                                   <---
[2023-10-06 04:48:36.136] [main] [info] 
--------------------------------------------------------------
Send valves at 1696560516
http://192.168.1.20:80/status?valves=0
200
{
 "server-name" : "valve-server-james",
 "action" : "okay"
}
[2023-10-06 04:48:36.312] [main] [info] 
Switched the following valves: --->
                                   <---
[2023-10-06 04:48:36.312] [main] [info] 
--------------------------------------------------------------
Send valves at 1696560516
http://192.168.1.21:80/status?valves=0
200
{
 "server-name" : "valve-server-lucas",
 "action" : "okay"
}
[2023-10-06 04:48:36.435] [main] [info] 
Switched the following valves: --->
                                   <---
[2023-10-06 04:48:36.435] [main] [info] Accumulated watering times:

Felix   :          Eiben-Klee  :      2.00 min
Felix   :            Mara-alt  :      0.00 min
James   :            Karotten  :      0.00 min
James   :             Tomaten  :     10.00 min
James   :              Gurken  :      0.00 min
James   :          Kartoffeln  :      0.00 min
Lucas   :              Erbsen  :      0.00 min
Lucas   :        Heidelbeeren  :      0.00 min
Lucas   :      Bohnen-Flieder  :      0.00 min

%%%%%%%%%%     [4] Run the executable   ...DONE!
elapsed time:   3200s
=====================================================================================================
