=====================================================================================================
%%%%%%%%%%     [6] Uploading logs and go sleeping...
> sudo -u mayadm git checkout artifacts
Zu Zweig »artifacts« gewechselt
Ihr Branch ist auf demselben Stand wie 'origin/artifacts'.
> sudo -u mayadm git pull
Bereits aktuell.
> sudo -u mayadm git merge maya-productive
Bereits aktuell.
> sudo -u mayadm git add "../artifacts/logs/11407-*.log" -f
> sudo -u mayadm git add "../artifacts/logs/11406-*.log" -f
> sudo -u mayadm git commit -m "logs at 2023-10-07--01h30"
[artifacts c78f9c26c] logs at 2023-10-07--01h30
 6 files changed, 314 insertions(+)
 create mode 100644 maya/artifacts/logs/11406--2023-10-07--00h49---6.log
 create mode 100644 maya/artifacts/logs/11407--2023-10-07--01h30---1.log
 create mode 100644 maya/artifacts/logs/11407--2023-10-07--01h30---2.log
 create mode 100644 maya/artifacts/logs/11407--2023-10-07--01h30---3.log
 create mode 100644 maya/artifacts/logs/11407--2023-10-07--01h30---4.log
 create mode 100644 maya/artifacts/logs/11407--2023-10-07--01h30---5.log
> sudo -u mayadm git push
To https://github.com/Necktschnagge/wired-watering
   bb5991bbc..c78f9c26c  artifacts -> artifacts
> sudo -u mayadm git checkout maya-productive
Zu Zweig »maya-productive« gewechselt
Ihr Branch ist auf demselben Stand wie 'origin/maya-productive'.
> sudo -u mayadm git push
Everything up-to-date
##############################################################
###################                        ###################
###################     GOING TO SLEEP     ###################
###################                        ###################
##############################################################
#######                                                #######
#######   Press CTRL + C NOW to abort script safely!   #######
#######                                                #######
##############################################################
##############################################################
#######                                                #######
#######               NOW GOING TO SLEEP               #######
#######                                                #######
##############################################################
> rtcwake -m mem -s 2400
rtcwake: RTC wird als UTC interpretiert …
rtcwake: aufwachen von „mem“ durch /dev/rtc0 bei Sat Oct  7 00:12:07 2023
##############################################################
#######                                                #######
#######            just waked up from sleep            #######
#######                                                #######
##############################################################
%%%%%%%%%%     [6] Uploading logs and go sleeping   ...DONE!
elapsed time:   2428s
=====================================================================================================
