=====================================================================================================
%%%%%%%%%%     [6] Uploading logs and go sleeping...
> sudo -u mayadm git checkout artifacts
Zu Zweig »artifacts« gewechselt
Ihr Branch ist auf demselben Stand wie 'origin/artifacts'.
> sudo -u mayadm git pull
Bereits aktuell.
> sudo -u mayadm git merge maya-productive
Bereits aktuell.
> sudo -u mayadm git add "../artifacts/logs/11451-*.log" -f
> sudo -u mayadm git add "../artifacts/logs/11450-*.log" -f
> sudo -u mayadm git commit -m "logs at 2023-10-08--10h14"
[artifacts 62ff823b3] logs at 2023-10-08--10h14
 6 files changed, 303 insertions(+)
 create mode 100644 maya/artifacts/logs/11450--2023-10-08--09h32---6.log
 create mode 100644 maya/artifacts/logs/11451--2023-10-08--10h14---1.log
 create mode 100644 maya/artifacts/logs/11451--2023-10-08--10h14---2.log
 create mode 100644 maya/artifacts/logs/11451--2023-10-08--10h14---3.log
 create mode 100644 maya/artifacts/logs/11451--2023-10-08--10h14---4.log
 create mode 100644 maya/artifacts/logs/11451--2023-10-08--10h14---5.log
> sudo -u mayadm git push
To https://github.com/Necktschnagge/wired-watering
   675f9db86..62ff823b3  artifacts -> artifacts
> sudo -u mayadm git checkout maya-productive
Zu Zweig »maya-productive« gewechselt
Ihr Branch ist auf demselben Stand wie 'origin/maya-productive'.
> sudo -u mayadm git push
Everything up-to-date
##############################################################
###################                        ###################
###################     GOING TO SLEEP     ###################
###################                        ###################
##############################################################
#######                                                #######
#######   Press CTRL + C NOW to abort script safely!   #######
#######                                                #######
##############################################################
##############################################################
#######                                                #######
#######               NOW GOING TO SLEEP               #######
#######                                                #######
##############################################################
> rtcwake -m mem -s 2400
rtcwake: RTC wird als UTC interpretiert …
rtcwake: aufwachen von „mem“ durch /dev/rtc0 bei Sun Oct  8 08:55:34 2023
##############################################################
#######                                                #######
#######            just waked up from sleep            #######
#######                                                #######
##############################################################
%%%%%%%%%%     [6] Uploading logs and go sleeping   ...DONE!
elapsed time:   2428s
=====================================================================================================
