=====================================================================================================
%%%%%%%%%%     [6] Uploading logs and go sleeping...
> sudo -u mayadm git checkout artifacts
Zu Zweig »artifacts« gewechselt
Ihr Branch ist auf demselben Stand wie 'origin/artifacts'.
> sudo -u mayadm git pull
Bereits aktuell.
> sudo -u mayadm git merge maya-productive
Bereits aktuell.
> sudo -u mayadm git add "../artifacts/logs/11487-*.log" -f
> sudo -u mayadm git add "../artifacts/logs/11486-*.log" -f
> sudo -u mayadm git commit -m "logs at 2023-10-09--12h38"
[artifacts a72ca82c3] logs at 2023-10-09--12h38
 6 files changed, 325 insertions(+)
 create mode 100644 maya/artifacts/logs/11486--2023-10-09--11h57---6.log
 create mode 100644 maya/artifacts/logs/11487--2023-10-09--12h38---1.log
 create mode 100644 maya/artifacts/logs/11487--2023-10-09--12h38---2.log
 create mode 100644 maya/artifacts/logs/11487--2023-10-09--12h38---3.log
 create mode 100644 maya/artifacts/logs/11487--2023-10-09--12h38---4.log
 create mode 100644 maya/artifacts/logs/11487--2023-10-09--12h38---5.log
> sudo -u mayadm git push
To https://github.com/Necktschnagge/wired-watering
   80f5f3ea1..a72ca82c3  artifacts -> artifacts
> sudo -u mayadm git checkout maya-productive
Zu Zweig »maya-productive« gewechselt
Ihr Branch ist auf demselben Stand wie 'origin/maya-productive'.
> sudo -u mayadm git push
Everything up-to-date
##############################################################
###################                        ###################
###################     GOING TO SLEEP     ###################
###################                        ###################
##############################################################
#######                                                #######
#######   Press CTRL + C NOW to abort script safely!   #######
#######                                                #######
##############################################################
##############################################################
#######                                                #######
#######               NOW GOING TO SLEEP               #######
#######                                                #######
##############################################################
> rtcwake -m mem -s 2400
rtcwake: RTC wird als UTC interpretiert …
rtcwake: aufwachen von „mem“ durch /dev/rtc0 bei Mon Oct  9 11:20:42 2023
##############################################################
#######                                                #######
#######            just waked up from sleep            #######
#######                                                #######
##############################################################
%%%%%%%%%%     [6] Uploading logs and go sleeping   ...DONE!
elapsed time:   2429s
=====================================================================================================
