=====================================================================================================
%%%%%%%%%%     [4] Run the executable...
>Please note:  Even if all builds failed, the last built executable is still there and will be started!
> sudo -u mayadm ./ur-unix-run.sh
[2023-10-09 18:56:01.829] [main] [info] Pinging Pump Server Mayson...
[2023-10-09 18:56:01.910] [main] [info] Pump Server ping OK!
[2023-10-09 18:56:01.910] [main] [info] Pinging Pump Server Mayson   ...DONE!
[2023-10-09 18:56:01.910] [main] [info] Pinging all valve stations...
[2023-10-09 18:56:05.190] [main] [info] James ping OK!
[2023-10-09 18:56:05.190] [main] [error] Fatal: Lucas not available!
[2023-10-09 18:56:05.190] [main] [info] Felix ping OK!
[2023-10-09 18:56:05.190] [main] [info] Pinging all valve stations   ...DONE!
[2023-10-09 18:56:05.190] [main] [info] Pinging Non-Existing Test Server...
[2023-10-09 18:56:08.274] [main] [info] Pinging Non-Existing Test Server OK!
[2023-10-09 18:56:08.274] [main] [info] Pinging Non-Existing Test Server   ...DONE!
[2023-10-09 18:56:08.274] [main] [info] Pinging Pump Server Mayson...
[2023-10-09 18:56:08.357] [main] [info] Pump Server ping OK!
[2023-10-09 18:56:08.357] [main] [info] Pinging Pump Server Mayson   ...DONE!
[2023-10-09 18:56:08.357] [main] [info] Pinging all valve stations...
[2023-10-09 18:56:11.735] [main] [info] James ping OK!
[2023-10-09 18:56:11.735] [main] [error] Fatal: Lucas not available!
[2023-10-09 18:56:11.735] [main] [info] Felix ping OK!
[2023-10-09 18:56:11.735] [main] [info] Pinging all valve stations   ...DONE!
[2023-10-09 18:56:11.735] [main] [info] Pinging Non-Existing Test Server...
[2023-10-09 18:56:14.802] [main] [info] Pinging Non-Existing Test Server OK!
[2023-10-09 18:56:14.802] [main] [info] Pinging Non-Existing Test Server   ...DONE!
[2023-10-09 18:56:14.802] [main] [info] Pinging Pump Server Mayson...
[2023-10-09 18:56:14.907] [main] [info] Pump Server ping OK!
[2023-10-09 18:56:14.907] [main] [info] Pinging Pump Server Mayson   ...DONE!
[2023-10-09 18:56:14.907] [main] [info] Pinging all valve stations...
[2023-10-09 18:56:28.021] [main] [error] Fatal: James not available!
[2023-10-09 18:56:28.021] [main] [error] Fatal: Lucas not available!
[2023-10-09 18:56:28.021] [main] [info] Felix ping OK!
[2023-10-09 18:56:28.021] [main] [info] Pinging all valve stations   ...DONE!
[2023-10-09 18:56:28.021] [main] [info] Pinging Non-Existing Test Server...
[2023-10-09 18:56:31.090] [main] [info] Pinging Non-Existing Test Server OK!
[2023-10-09 18:56:31.090] [main] [info] Pinging Non-Existing Test Server   ...DONE!
[2023-10-09 18:56:31.090] [main] [info] Pinging Pump Server Mayson...
[2023-10-09 18:56:31.196] [main] [info] Pump Server ping OK!
[2023-10-09 18:56:31.196] [main] [info] Pinging Pump Server Mayson   ...DONE!
[2023-10-09 18:56:31.196] [main] [info] Pinging all valve stations...
[2023-10-09 18:56:33.553] [main] [info] James ping OK!
[2023-10-09 18:56:33.553] [main] [info] Lucas ping OK!
[2023-10-09 18:56:33.553] [main] [info] Felix ping OK!
[2023-10-09 18:56:33.553] [main] [info] Pinging all valve stations   ...DONE!
[2023-10-09 18:56:33.553] [main] [info] Pinging Non-Existing Test Server...
[2023-10-09 18:56:36.626] [main] [info] Pinging Non-Existing Test Server OK!
[2023-10-09 18:56:36.626] [main] [info] Pinging Non-Existing Test Server   ...DONE!
[2023-10-09 18:56:36.626] [main] [info] Creating Landscape...
[2023-10-09 18:56:36.626] [main] [info] Creating Landscape...
[2023-10-09 18:56:36.626] [main] [info] Creating Felix...
[2023-10-09 18:56:36.626] [main] [info] Creating James...
[2023-10-09 18:56:36.626] [main] [info] Creating Lucas...
[2023-10-09 18:56:36.626] [main] [info] Fetching timestamp...
std::chrono::system_clock::now().time_since_epoch()   :   1696870596626553395
get_seconds_since_epoch_now(bool verbose /* true */)   :   1696870596
minutes since epoch   :   28281176
minute of day   :   1016
minute of hour   :   56
hour of day   :   16
[2023-10-09 18:56:36.626] [main] [info] Checking timestamp.txt...
[2023-10-09 18:56:36.626] [main] [debug] The timestamp.txt is always written when watering is triggered. It is read to check if I was already done with watering some minutes ago.
previous time_stamp:   28280253
[2023-10-09 18:56:36.626] [main] [info] Checking timestamp.txt   ...DONE!
[2023-10-09 18:56:36.626] [main] [info] It's not time for watering now!
[2023-10-09 18:56:36.626] [main] [info] Minute Intraday:   1016
[2023-10-09 18:56:36.626] [main] [info] Days since Epoch:   19639
[2023-10-09 18:56:36.626] [main] [info] Accumulated watering times:

Felix   :          Eiben-Klee  :      0.00 min
Felix   :            Mara-alt  :      0.00 min
James   :            Karotten  :      0.00 min
James   :             Tomaten  :      0.00 min
James   :              Gurken  :      0.00 min
James   :          Kartoffeln  :      0.00 min
Lucas   :              Erbsen  :      0.00 min
Lucas   :        Heidelbeeren  :      0.00 min
Lucas   :      Bohnen-Flieder  :      0.00 min

%%%%%%%%%%     [4] Run the executable   ...DONE!
elapsed time:   35s
=====================================================================================================
