=====================================================================================================
%%%%%%%%%%     [6] Uploading logs and go sleeping...
> sudo -u mayadm git checkout artifacts
Zu Zweig »artifacts« gewechselt
Ihr Branch ist auf demselben Stand wie 'origin/artifacts'.
> sudo -u mayadm git pull
Bereits aktuell.
> sudo -u mayadm git merge maya-productive
Bereits aktuell.
> sudo -u mayadm git add "../artifacts/logs/11499-*.log" -f
> sudo -u mayadm git add "../artifacts/logs/11498-*.log" -f
> sudo -u mayadm git commit -m "logs at 2023-10-09--21h01"
[artifacts b099ecc70] logs at 2023-10-09--21h01
 6 files changed, 303 insertions(+)
 create mode 100644 maya/artifacts/logs/11498--2023-10-09--20h19---6.log
 create mode 100644 maya/artifacts/logs/11499--2023-10-09--21h01---1.log
 create mode 100644 maya/artifacts/logs/11499--2023-10-09--21h01---2.log
 create mode 100644 maya/artifacts/logs/11499--2023-10-09--21h01---3.log
 create mode 100644 maya/artifacts/logs/11499--2023-10-09--21h01---4.log
 create mode 100644 maya/artifacts/logs/11499--2023-10-09--21h01---5.log
> sudo -u mayadm git push
To https://github.com/Necktschnagge/wired-watering
   f03861140..b099ecc70  artifacts -> artifacts
> sudo -u mayadm git checkout maya-productive
Zu Zweig »maya-productive« gewechselt
Ihr Branch ist auf demselben Stand wie 'origin/maya-productive'.
> sudo -u mayadm git push
Everything up-to-date
##############################################################
###################                        ###################
###################     GOING TO SLEEP     ###################
###################                        ###################
##############################################################
#######                                                #######
#######   Press CTRL + C NOW to abort script safely!   #######
#######                                                #######
##############################################################
##############################################################
#######                                                #######
#######               NOW GOING TO SLEEP               #######
#######                                                #######
##############################################################
> rtcwake -m mem -s 2400
rtcwake: RTC wird als UTC interpretiert …
rtcwake: aufwachen von „mem“ durch /dev/rtc0 bei Mon Oct  9 19:42:21 2023
##############################################################
#######                                                #######
#######            just waked up from sleep            #######
#######                                                #######
##############################################################
%%%%%%%%%%     [6] Uploading logs and go sleeping   ...DONE!
elapsed time:   2432s
=====================================================================================================
