=====================================================================================================
%%%%%%%%%%     [6] Uploading logs and go sleeping...
> sudo -u mayadm git checkout artifacts
Zu Zweig »artifacts« gewechselt
Ihr Branch ist auf demselben Stand wie 'origin/artifacts'.
> sudo -u mayadm git pull
Bereits aktuell.
> sudo -u mayadm git merge maya-productive
Bereits aktuell.
> sudo -u mayadm git add "../artifacts/logs/11516-*.log" -f
> sudo -u mayadm git add "../artifacts/logs/11515-*.log" -f
> sudo -u mayadm git commit -m "logs at 2023-10-10--08h48"
[artifacts 4eb9125ea] logs at 2023-10-10--08h48
 6 files changed, 302 insertions(+)
 create mode 100644 maya/artifacts/logs/11515--2023-10-10--08h07---6.log
 create mode 100644 maya/artifacts/logs/11516--2023-10-10--08h48---1.log
 create mode 100644 maya/artifacts/logs/11516--2023-10-10--08h48---2.log
 create mode 100644 maya/artifacts/logs/11516--2023-10-10--08h48---3.log
 create mode 100644 maya/artifacts/logs/11516--2023-10-10--08h48---4.log
 create mode 100644 maya/artifacts/logs/11516--2023-10-10--08h48---5.log
> sudo -u mayadm git push
To https://github.com/Necktschnagge/wired-watering
   5bcb66249..4eb9125ea  artifacts -> artifacts
> sudo -u mayadm git checkout maya-productive
Zu Zweig »maya-productive« gewechselt
Ihr Branch ist auf demselben Stand wie 'origin/maya-productive'.
> sudo -u mayadm git push
Everything up-to-date
##############################################################
###################                        ###################
###################     GOING TO SLEEP     ###################
###################                        ###################
##############################################################
#######                                                #######
#######   Press CTRL + C NOW to abort script safely!   #######
#######                                                #######
##############################################################
##############################################################
#######                                                #######
#######               NOW GOING TO SLEEP               #######
#######                                                #######
##############################################################
> rtcwake -m mem -s 2400
rtcwake: RTC wird als UTC interpretiert …
rtcwake: aufwachen von „mem“ durch /dev/rtc0 bei Tue Oct 10 07:29:56 2023
##############################################################
#######                                                #######
#######            just waked up from sleep            #######
#######                                                #######
##############################################################
%%%%%%%%%%     [6] Uploading logs and go sleeping   ...DONE!
elapsed time:   2429s
=====================================================================================================
