=====================================================================================================
%%%%%%%%%%     [4] Run the executable...
>Please note:  Even if all builds failed, the last built executable is still there and will be started!
> sudo -u mayadm ./ur-unix-run.sh
[2023-10-10 06:44:28.388] [main] [info] Pinging Pump Server Mayson...
[2023-10-10 06:44:28.427] [main] [info] Pump Server ping OK!
[2023-10-10 06:44:28.427] [main] [info] Pinging Pump Server Mayson   ...DONE!
[2023-10-10 06:44:28.427] [main] [info] Pinging all valve stations...
[2023-10-10 06:44:31.709] [main] [error] Fatal: James not available!
[2023-10-10 06:44:31.709] [main] [info] Lucas ping OK!
[2023-10-10 06:44:31.709] [main] [info] Felix ping OK!
[2023-10-10 06:44:31.709] [main] [info] Pinging all valve stations   ...DONE!
[2023-10-10 06:44:31.709] [main] [info] Pinging Non-Existing Test Server...
[2023-10-10 06:44:34.769] [main] [info] Pinging Non-Existing Test Server OK!
[2023-10-10 06:44:34.769] [main] [info] Pinging Non-Existing Test Server   ...DONE!
[2023-10-10 06:44:34.769] [main] [info] Pinging Pump Server Mayson...
[2023-10-10 06:44:34.882] [main] [info] Pump Server ping OK!
[2023-10-10 06:44:34.882] [main] [info] Pinging Pump Server Mayson   ...DONE!
[2023-10-10 06:44:34.882] [main] [info] Pinging all valve stations...
[2023-10-10 06:44:38.162] [main] [error] Fatal: James not available!
[2023-10-10 06:44:38.162] [main] [info] Lucas ping OK!
[2023-10-10 06:44:38.162] [main] [info] Felix ping OK!
[2023-10-10 06:44:38.162] [main] [info] Pinging all valve stations   ...DONE!
[2023-10-10 06:44:38.162] [main] [info] Pinging Non-Existing Test Server...
[2023-10-10 06:44:41.233] [main] [info] Pinging Non-Existing Test Server OK!
[2023-10-10 06:44:41.233] [main] [info] Pinging Non-Existing Test Server   ...DONE!
[2023-10-10 06:44:41.233] [main] [info] Pinging Pump Server Mayson...
[2023-10-10 06:44:41.334] [main] [info] Pump Server ping OK!
[2023-10-10 06:44:41.334] [main] [info] Pinging Pump Server Mayson   ...DONE!
[2023-10-10 06:44:41.334] [main] [info] Pinging all valve stations...
[2023-10-10 06:44:44.617] [main] [error] Fatal: James not available!
[2023-10-10 06:44:44.617] [main] [info] Lucas ping OK!
[2023-10-10 06:44:44.617] [main] [info] Felix ping OK!
[2023-10-10 06:44:44.617] [main] [info] Pinging all valve stations   ...DONE!
[2023-10-10 06:44:44.617] [main] [info] Pinging Non-Existing Test Server...
[2023-10-10 06:44:47.697] [main] [info] Pinging Non-Existing Test Server OK!
[2023-10-10 06:44:47.697] [main] [info] Pinging Non-Existing Test Server   ...DONE!
[2023-10-10 06:44:47.697] [main] [info] Pinging Pump Server Mayson...
[2023-10-10 06:44:47.788] [main] [info] Pump Server ping OK!
[2023-10-10 06:44:47.788] [main] [info] Pinging Pump Server Mayson   ...DONE!
[2023-10-10 06:44:47.788] [main] [info] Pinging all valve stations...
[2023-10-10 06:44:48.920] [main] [info] James ping OK!
[2023-10-10 06:44:48.920] [main] [info] Lucas ping OK!
[2023-10-10 06:44:48.920] [main] [info] Felix ping OK!
[2023-10-10 06:44:48.920] [main] [info] Pinging all valve stations   ...DONE!
[2023-10-10 06:44:48.920] [main] [info] Pinging Non-Existing Test Server...
[2023-10-10 06:44:51.985] [main] [info] Pinging Non-Existing Test Server OK!
[2023-10-10 06:44:51.985] [main] [info] Pinging Non-Existing Test Server   ...DONE!
[2023-10-10 06:44:51.985] [main] [info] Creating Landscape...
[2023-10-10 06:44:51.985] [main] [info] Creating Landscape...
[2023-10-10 06:44:51.985] [main] [info] Creating Felix...
[2023-10-10 06:44:51.985] [main] [info] Creating James...
[2023-10-10 06:44:51.985] [main] [info] Creating Lucas...
[2023-10-10 06:44:51.985] [main] [info] Fetching timestamp...
std::chrono::system_clock::now().time_since_epoch()   :   1696913091985561407
get_seconds_since_epoch_now(bool verbose /* true */)   :   1696913091
minutes since epoch   :   28281884
minute of day   :   284
minute of hour   :   44
hour of day   :   4
[2023-10-10 06:44:51.985] [main] [info] Checking timestamp.txt...
[2023-10-10 06:44:51.985] [main] [debug] The timestamp.txt is always written when watering is triggered. It is read to check if I was already done with watering some minutes ago.
previous time_stamp:   28281717
[2023-10-10 06:44:51.985] [main] [info] Checking timestamp.txt   ...DONE!
[2023-10-10 06:44:51.985] [main] [info] It's not time for watering now!
[2023-10-10 06:44:51.985] [main] [info] Minute Intraday:   284
[2023-10-10 06:44:51.985] [main] [info] Days since Epoch:   19640
[2023-10-10 06:44:51.985] [main] [info] Accumulated watering times:

Felix   :          Eiben-Klee  :      0.00 min
Felix   :            Mara-alt  :      0.00 min
James   :            Karotten  :      0.00 min
James   :             Tomaten  :      0.00 min
James   :              Gurken  :      0.00 min
James   :          Kartoffeln  :      0.00 min
Lucas   :              Erbsen  :      0.00 min
Lucas   :        Heidelbeeren  :      0.00 min
Lucas   :      Bohnen-Flieder  :      0.00 min

%%%%%%%%%%     [4] Run the executable   ...DONE!
elapsed time:   23s
=====================================================================================================
