=====================================================================================================
%%%%%%%%%%     [6] Uploading logs and go sleeping...
> sudo -u mayadm git checkout artifacts
Zu Zweig »artifacts« gewechselt
Ihr Branch ist auf demselben Stand wie 'origin/artifacts'.
> sudo -u mayadm git pull
Bereits aktuell.
> sudo -u mayadm git merge maya-productive
Bereits aktuell.
> sudo -u mayadm git add "../artifacts/logs/11523-*.log" -f
> sudo -u mayadm git add "../artifacts/logs/11522-*.log" -f
> sudo -u mayadm git commit -m "logs at 2023-10-10--13h40"
[artifacts a1f55cdbf] logs at 2023-10-10--13h40
 6 files changed, 306 insertions(+)
 create mode 100644 maya/artifacts/logs/11522--2023-10-10--12h58---6.log
 create mode 100644 maya/artifacts/logs/11523--2023-10-10--13h40---1.log
 create mode 100644 maya/artifacts/logs/11523--2023-10-10--13h40---2.log
 create mode 100644 maya/artifacts/logs/11523--2023-10-10--13h40---3.log
 create mode 100644 maya/artifacts/logs/11523--2023-10-10--13h40---4.log
 create mode 100644 maya/artifacts/logs/11523--2023-10-10--13h40---5.log
> sudo -u mayadm git push
To https://github.com/Necktschnagge/wired-watering
   acaba9d94..a1f55cdbf  artifacts -> artifacts
> sudo -u mayadm git checkout maya-productive
Zu Zweig »maya-productive« gewechselt
Ihr Branch ist auf demselben Stand wie 'origin/maya-productive'.
> sudo -u mayadm git push
Everything up-to-date
##############################################################
###################                        ###################
###################     GOING TO SLEEP     ###################
###################                        ###################
##############################################################
#######                                                #######
#######   Press CTRL + C NOW to abort script safely!   #######
#######                                                #######
##############################################################
##############################################################
#######                                                #######
#######               NOW GOING TO SLEEP               #######
#######                                                #######
##############################################################
> rtcwake -m mem -s 2400
rtcwake: RTC wird als UTC interpretiert …
rtcwake: aufwachen von „mem“ durch /dev/rtc0 bei Tue Oct 10 12:21:31 2023
##############################################################
#######                                                #######
#######            just waked up from sleep            #######
#######                                                #######
##############################################################
%%%%%%%%%%     [6] Uploading logs and go sleeping   ...DONE!
elapsed time:   2429s
=====================================================================================================
