[maya-productive 5cb3847] upload logs
 5 files changed, 188 insertions(+)
 create mode 100644 maya/artifacts/logs/1158--2022-06-17--06h23---1.log
 create mode 100644 maya/artifacts/logs/1158--2022-06-17--06h23---2.log
 create mode 100644 maya/artifacts/logs/1158--2022-06-17--06h23---3.log
 create mode 100644 maya/artifacts/logs/1158--2022-06-17--06h23---4.log
 create mode 100644 maya/artifacts/logs/1158--2022-06-17--06h23---5.log
Bereits aktuell.
To https://github.com/Necktschnagge/wired-watering
   054f778..5cb3847  maya-productive -> maya-productive
Bereits auf 'maya-productive'
Ihr Branch ist auf demselben Stand wie 'origin/maya-productive'.
Everything up-to-date
##############################################################
###################                        ###################
###################     GOING TO SLEEP     ###################
###################                        ###################
##############################################################
#######                                                #######
#######   Press CTRL + C NOW to abort script safely!   #######
#######                                                #######
##############################################################
##############################################################
#######                                                #######
#######               NOW GOING TO SLEEP               #######
#######                                                #######
##############################################################
> rtcwake -m mem -s 300
rtcwake: RTC wird als UTC interpretiert …
rtcwake: aufwachen von „mem“ durch /dev/rtc0 bei Fri Jun 17 04:28:40 2022
##############################################################
#######                                                #######
#######            just waked up from sleep            #######
#######                                                #######
##############################################################
