=====================================================================================================
%%%%%%%%%%     [4] Run the executable...
>Please note:  Even if all builds failed, the last built executable is still there and will be started!
> sudo -u mayadm ./ur-unix-run.sh
[2023-10-12 23:08:38.643] [main] [info] Pinging Pump Server Mayson...
[2023-10-12 23:08:38.706] [main] [info] Pump Server ping OK!
[2023-10-12 23:08:38.706] [main] [info] Pinging Pump Server Mayson   ...DONE!
[2023-10-12 23:08:38.706] [main] [info] Pinging all valve stations...
[2023-10-12 23:08:41.989] [main] [error] Fatal: James not available!
[2023-10-12 23:08:41.989] [main] [info] Lucas ping OK!
[2023-10-12 23:08:41.989] [main] [info] Felix ping OK!
[2023-10-12 23:08:41.989] [main] [info] Pinging all valve stations   ...DONE!
[2023-10-12 23:08:41.989] [main] [info] Pinging Non-Existing Test Server...
[2023-10-12 23:08:45.058] [main] [info] Pinging Non-Existing Test Server OK!
[2023-10-12 23:08:45.058] [main] [info] Pinging Non-Existing Test Server   ...DONE!
[2023-10-12 23:08:45.058] [main] [info] Pinging Pump Server Mayson...
[2023-10-12 23:08:45.158] [main] [info] Pump Server ping OK!
[2023-10-12 23:08:45.158] [main] [info] Pinging Pump Server Mayson   ...DONE!
[2023-10-12 23:08:45.158] [main] [info] Pinging all valve stations...
[2023-10-12 23:08:48.432] [main] [error] Fatal: James not available!
[2023-10-12 23:08:48.432] [main] [info] Lucas ping OK!
[2023-10-12 23:08:48.432] [main] [info] Felix ping OK!
[2023-10-12 23:08:48.432] [main] [info] Pinging all valve stations   ...DONE!
[2023-10-12 23:08:48.432] [main] [info] Pinging Non-Existing Test Server...
[2023-10-12 23:08:51.490] [main] [info] Pinging Non-Existing Test Server OK!
[2023-10-12 23:08:51.490] [main] [info] Pinging Non-Existing Test Server   ...DONE!
[2023-10-12 23:08:51.490] [main] [info] Pinging Pump Server Mayson...
[2023-10-12 23:08:51.597] [main] [info] Pump Server ping OK!
[2023-10-12 23:08:51.597] [main] [info] Pinging Pump Server Mayson   ...DONE!
[2023-10-12 23:08:51.597] [main] [info] Pinging all valve stations...
[2023-10-12 23:08:54.874] [main] [error] Fatal: James not available!
[2023-10-12 23:08:54.874] [main] [info] Lucas ping OK!
[2023-10-12 23:08:54.874] [main] [info] Felix ping OK!
[2023-10-12 23:08:54.874] [main] [info] Pinging all valve stations   ...DONE!
[2023-10-12 23:08:54.874] [main] [info] Pinging Non-Existing Test Server...
[2023-10-12 23:08:57.954] [main] [info] Pinging Non-Existing Test Server OK!
[2023-10-12 23:08:57.954] [main] [info] Pinging Non-Existing Test Server   ...DONE!
[2023-10-12 23:08:57.954] [main] [info] Pinging Pump Server Mayson...
[2023-10-12 23:08:58.041] [main] [info] Pump Server ping OK!
[2023-10-12 23:08:58.041] [main] [info] Pinging Pump Server Mayson   ...DONE!
[2023-10-12 23:08:58.041] [main] [info] Pinging all valve stations...
[2023-10-12 23:08:59.993] [main] [info] James ping OK!
[2023-10-12 23:08:59.993] [main] [info] Lucas ping OK!
[2023-10-12 23:08:59.994] [main] [info] Felix ping OK!
[2023-10-12 23:08:59.994] [main] [info] Pinging all valve stations   ...DONE!
[2023-10-12 23:08:59.994] [main] [info] Pinging Non-Existing Test Server...
[2023-10-12 23:09:03.074] [main] [info] Pinging Non-Existing Test Server OK!
[2023-10-12 23:09:03.074] [main] [info] Pinging Non-Existing Test Server   ...DONE!
[2023-10-12 23:09:03.074] [main] [info] Creating Landscape...
[2023-10-12 23:09:03.074] [main] [info] Creating Landscape...
[2023-10-12 23:09:03.074] [main] [info] Creating Felix...
[2023-10-12 23:09:03.074] [main] [info] Creating James...
[2023-10-12 23:09:03.074] [main] [info] Creating Lucas...
[2023-10-12 23:09:03.074] [main] [info] Fetching timestamp...
std::chrono::system_clock::now().time_since_epoch()   :   1697144943074473264
get_seconds_since_epoch_now(bool verbose /* true */)   :   1697144943
minutes since epoch   :   28285749
minute of day   :   1269
minute of hour   :   9
hour of day   :   21
[2023-10-12 23:09:03.074] [main] [info] Checking timestamp.txt...
[2023-10-12 23:09:03.074] [main] [debug] The timestamp.txt is always written when watering is triggered. It is read to check if I was already done with watering some minutes ago.
previous time_stamp:   28284587
[2023-10-12 23:09:03.074] [main] [info] Checking timestamp.txt   ...DONE!
[2023-10-12 23:09:03.074] [main] [info] It's not time for watering now!
[2023-10-12 23:09:03.074] [main] [info] Minute Intraday:   1269
[2023-10-12 23:09:03.074] [main] [info] Days since Epoch:   19642
[2023-10-12 23:09:03.074] [main] [info] Accumulated watering times:

Felix   :          Eiben-Klee  :      0.00 min
Felix   :            Mara-alt  :      0.00 min
James   :            Karotten  :      0.00 min
James   :             Tomaten  :      0.00 min
James   :              Gurken  :      0.00 min
James   :          Kartoffeln  :      0.00 min
Lucas   :              Erbsen  :      0.00 min
Lucas   :        Heidelbeeren  :      0.00 min
Lucas   :      Bohnen-Flieder  :      0.00 min

%%%%%%%%%%     [4] Run the executable   ...DONE!
elapsed time:   25s
=====================================================================================================
