=====================================================================================================
%%%%%%%%%%     [6] Uploading logs and go sleeping...
> sudo -u mayadm git checkout artifacts
Zu Zweig »artifacts« gewechselt
Ihr Branch ist auf demselben Stand wie 'origin/artifacts'.
> sudo -u mayadm git pull
Bereits aktuell.
> sudo -u mayadm git merge maya-productive
Bereits aktuell.
> sudo -u mayadm git add "../artifacts/logs/11624-*.log" -f
> sudo -u mayadm git add "../artifacts/logs/11623-*.log" -f
> sudo -u mayadm git commit -m "logs at 2023-10-13--11h35"
[artifacts d25e5ba08] logs at 2023-10-13--11h35
 6 files changed, 303 insertions(+)
 create mode 100644 maya/artifacts/logs/11623--2023-10-13--10h53---6.log
 create mode 100644 maya/artifacts/logs/11624--2023-10-13--11h35---1.log
 create mode 100644 maya/artifacts/logs/11624--2023-10-13--11h35---2.log
 create mode 100644 maya/artifacts/logs/11624--2023-10-13--11h35---3.log
 create mode 100644 maya/artifacts/logs/11624--2023-10-13--11h35---4.log
 create mode 100644 maya/artifacts/logs/11624--2023-10-13--11h35---5.log
> sudo -u mayadm git push
To https://github.com/Necktschnagge/wired-watering
   7890e4580..d25e5ba08  artifacts -> artifacts
> sudo -u mayadm git checkout maya-productive
Zu Zweig »maya-productive« gewechselt
Ihr Branch ist auf demselben Stand wie 'origin/maya-productive'.
> sudo -u mayadm git push
Everything up-to-date
##############################################################
###################                        ###################
###################     GOING TO SLEEP     ###################
###################                        ###################
##############################################################
#######                                                #######
#######   Press CTRL + C NOW to abort script safely!   #######
#######                                                #######
##############################################################
##############################################################
#######                                                #######
#######               NOW GOING TO SLEEP               #######
#######                                                #######
##############################################################
> rtcwake -m mem -s 2400
rtcwake: RTC wird als UTC interpretiert …
rtcwake: aufwachen von „mem“ durch /dev/rtc0 bei Fri Oct 13 10:16:20 2023
##############################################################
#######                                                #######
#######            just waked up from sleep            #######
#######                                                #######
##############################################################
%%%%%%%%%%     [6] Uploading logs and go sleeping   ...DONE!
elapsed time:   2427s
=====================================================================================================
