=====================================================================================================
%%%%%%%%%%     [6] Uploading logs and go sleeping...
> sudo -u mayadm git checkout artifacts
Zu Zweig »artifacts« gewechselt
Ihr Branch ist auf demselben Stand wie 'origin/artifacts'.
> sudo -u mayadm git pull
Bereits aktuell.
> sudo -u mayadm git merge maya-productive
Bereits aktuell.
> sudo -u mayadm git add "../artifacts/logs/11652-*.log" -f
> sudo -u mayadm git add "../artifacts/logs/11651-*.log" -f
> sudo -u mayadm git commit -m "logs at 2023-10-14--06h57"
[artifacts 84b11a048] logs at 2023-10-14--06h57
 6 files changed, 306 insertions(+)
 create mode 100644 maya/artifacts/logs/11651--2023-10-14--06h15---6.log
 create mode 100644 maya/artifacts/logs/11652--2023-10-14--06h57---1.log
 create mode 100644 maya/artifacts/logs/11652--2023-10-14--06h57---2.log
 create mode 100644 maya/artifacts/logs/11652--2023-10-14--06h57---3.log
 create mode 100644 maya/artifacts/logs/11652--2023-10-14--06h57---4.log
 create mode 100644 maya/artifacts/logs/11652--2023-10-14--06h57---5.log
> sudo -u mayadm git push
To https://github.com/Necktschnagge/wired-watering
   422cb7be1..84b11a048  artifacts -> artifacts
> sudo -u mayadm git checkout maya-productive
Zu Zweig »maya-productive« gewechselt
Ihr Branch ist auf demselben Stand wie 'origin/maya-productive'.
> sudo -u mayadm git push
fatal: konnte nicht auf 'https://github.com/Necktschnagge/wired-watering/' zugreifen: Error in the HTTP2 framing layer
##############################################################
###################                        ###################
###################     GOING TO SLEEP     ###################
###################                        ###################
##############################################################
#######                                                #######
#######   Press CTRL + C NOW to abort script safely!   #######
#######                                                #######
##############################################################
##############################################################
#######                                                #######
#######               NOW GOING TO SLEEP               #######
#######                                                #######
##############################################################
> rtcwake -m mem -s 2400
rtcwake: RTC wird als UTC interpretiert …
rtcwake: aufwachen von „mem“ durch /dev/rtc0 bei Sat Oct 14 05:38:37 2023
##############################################################
#######                                                #######
#######            just waked up from sleep            #######
#######                                                #######
##############################################################
%%%%%%%%%%     [6] Uploading logs and go sleeping   ...DONE!
elapsed time:   2428s
=====================================================================================================
