=====================================================================================================
%%%%%%%%%%     [4] Run the executable...
>Please note:  Even if all builds failed, the last built executable is still there and will be started!
> sudo -u mayadm ./ur-unix-run.sh
[2023-10-14 22:45:36.070] [main] [info] Pinging Pump Server Mayson...
[2023-10-14 22:45:36.140] [main] [info] Pump Server ping OK!
[2023-10-14 22:45:36.140] [main] [info] Pinging Pump Server Mayson   ...DONE!
[2023-10-14 22:45:36.140] [main] [info] Pinging all valve stations...
[2023-10-14 22:45:45.365] [main] [error] Fatal: James not available!
[2023-10-14 22:45:45.365] [main] [error] Fatal: Lucas not available!
[2023-10-14 22:45:45.365] [main] [error] Fatal: Felix not available!
[2023-10-14 22:45:45.365] [main] [info] Pinging all valve stations   ...DONE!
[2023-10-14 22:45:45.365] [main] [info] Pinging Non-Existing Test Server...
[2023-10-14 22:45:48.437] [main] [info] Pinging Non-Existing Test Server OK!
[2023-10-14 22:45:48.437] [main] [info] Pinging Non-Existing Test Server   ...DONE!
[2023-10-14 22:45:48.437] [main] [info] Pinging Pump Server Mayson...
[2023-10-14 22:45:48.536] [main] [info] Pump Server ping OK!
[2023-10-14 22:45:48.536] [main] [info] Pinging Pump Server Mayson   ...DONE!
[2023-10-14 22:45:48.536] [main] [info] Pinging all valve stations...
[2023-10-14 22:45:57.749] [main] [error] Fatal: James not available!
[2023-10-14 22:45:57.749] [main] [error] Fatal: Lucas not available!
[2023-10-14 22:45:57.749] [main] [error] Fatal: Felix not available!
[2023-10-14 22:45:57.749] [main] [info] Pinging all valve stations   ...DONE!
[2023-10-14 22:45:57.749] [main] [info] Pinging Non-Existing Test Server...
[2023-10-14 22:46:00.821] [main] [info] Pinging Non-Existing Test Server OK!
[2023-10-14 22:46:00.821] [main] [info] Pinging Non-Existing Test Server   ...DONE!
[2023-10-14 22:46:00.821] [main] [info] Pinging Pump Server Mayson...
[2023-10-14 22:46:00.922] [main] [info] Pump Server ping OK!
[2023-10-14 22:46:00.922] [main] [info] Pinging Pump Server Mayson   ...DONE!
[2023-10-14 22:46:00.922] [main] [info] Pinging all valve stations...
[2023-10-14 22:46:10.133] [main] [error] Fatal: James not available!
[2023-10-14 22:46:10.133] [main] [error] Fatal: Lucas not available!
[2023-10-14 22:46:10.133] [main] [error] Fatal: Felix not available!
[2023-10-14 22:46:10.133] [main] [info] Pinging all valve stations   ...DONE!
[2023-10-14 22:46:10.133] [main] [info] Pinging Non-Existing Test Server...
[2023-10-14 22:46:13.205] [main] [info] Pinging Non-Existing Test Server OK!
[2023-10-14 22:46:13.205] [main] [info] Pinging Non-Existing Test Server   ...DONE!
[2023-10-14 22:46:13.205] [main] [info] Pinging Pump Server Mayson...
[2023-10-14 22:46:13.312] [main] [info] Pump Server ping OK!
[2023-10-14 22:46:13.312] [main] [info] Pinging Pump Server Mayson   ...DONE!
[2023-10-14 22:46:13.312] [main] [info] Pinging all valve stations...
[2023-10-14 22:46:22.517] [main] [error] Fatal: James not available!
[2023-10-14 22:46:22.517] [main] [error] Fatal: Lucas not available!
[2023-10-14 22:46:22.517] [main] [error] Fatal: Felix not available!
[2023-10-14 22:46:22.517] [main] [info] Pinging all valve stations   ...DONE!
[2023-10-14 22:46:22.517] [main] [info] Pinging Non-Existing Test Server...
[2023-10-14 22:46:25.589] [main] [info] Pinging Non-Existing Test Server OK!
[2023-10-14 22:46:25.589] [main] [info] Pinging Non-Existing Test Server   ...DONE!
[2023-10-14 22:46:25.589] [main] [info] Pinging Pump Server Mayson...
[2023-10-14 22:46:25.712] [main] [info] Pump Server ping OK!
[2023-10-14 22:46:25.712] [main] [info] Pinging Pump Server Mayson   ...DONE!
[2023-10-14 22:46:25.712] [main] [info] Pinging all valve stations...
[2023-10-14 22:46:34.933] [main] [error] Fatal: James not available!
[2023-10-14 22:46:34.933] [main] [error] Fatal: Lucas not available!
[2023-10-14 22:46:34.933] [main] [error] Fatal: Felix not available!
[2023-10-14 22:46:34.933] [main] [info] Pinging all valve stations   ...DONE!
[2023-10-14 22:46:34.933] [main] [info] Pinging Non-Existing Test Server...
[2023-10-14 22:46:38.005] [main] [info] Pinging Non-Existing Test Server OK!
[2023-10-14 22:46:38.005] [main] [info] Pinging Non-Existing Test Server   ...DONE!
[2023-10-14 22:46:38.005] [main] [info] Pinging Pump Server Mayson...
[2023-10-14 22:46:38.102] [main] [info] Pump Server ping OK!
[2023-10-14 22:46:38.102] [main] [info] Pinging Pump Server Mayson   ...DONE!
[2023-10-14 22:46:38.102] [main] [info] Pinging all valve stations...
[2023-10-14 22:46:47.317] [main] [error] Fatal: James not available!
[2023-10-14 22:46:47.317] [main] [error] Fatal: Lucas not available!
[2023-10-14 22:46:47.317] [main] [error] Fatal: Felix not available!
[2023-10-14 22:46:47.317] [main] [info] Pinging all valve stations   ...DONE!
[2023-10-14 22:46:47.317] [main] [info] Pinging Non-Existing Test Server...
[2023-10-14 22:46:50.389] [main] [info] Pinging Non-Existing Test Server OK!
[2023-10-14 22:46:50.389] [main] [info] Pinging Non-Existing Test Server   ...DONE!
[2023-10-14 22:46:50.389] [main] [info] Pinging Pump Server Mayson...
[2023-10-14 22:46:50.490] [main] [info] Pump Server ping OK!
[2023-10-14 22:46:50.490] [main] [info] Pinging Pump Server Mayson   ...DONE!
[2023-10-14 22:46:50.490] [main] [info] Pinging all valve stations...
[2023-10-14 22:46:59.701] [main] [error] Fatal: James not available!
[2023-10-14 22:46:59.701] [main] [error] Fatal: Lucas not available!
[2023-10-14 22:46:59.701] [main] [error] Fatal: Felix not available!
[2023-10-14 22:46:59.701] [main] [info] Pinging all valve stations   ...DONE!
[2023-10-14 22:46:59.701] [main] [info] Pinging Non-Existing Test Server...
[2023-10-14 22:47:02.773] [main] [info] Pinging Non-Existing Test Server OK!
[2023-10-14 22:47:02.773] [main] [info] Pinging Non-Existing Test Server   ...DONE!
[2023-10-14 22:47:02.773] [main] [info] Pinging Pump Server Mayson...
[2023-10-14 22:47:02.891] [main] [info] Pump Server ping OK!
[2023-10-14 22:47:02.891] [main] [info] Pinging Pump Server Mayson   ...DONE!
[2023-10-14 22:47:02.891] [main] [info] Pinging all valve stations...
[2023-10-14 22:47:12.117] [main] [error] Fatal: James not available!
[2023-10-14 22:47:12.117] [main] [error] Fatal: Lucas not available!
[2023-10-14 22:47:12.117] [main] [error] Fatal: Felix not available!
[2023-10-14 22:47:12.117] [main] [info] Pinging all valve stations   ...DONE!
[2023-10-14 22:47:12.117] [main] [info] Pinging Non-Existing Test Server...
[2023-10-14 22:47:15.189] [main] [info] Pinging Non-Existing Test Server OK!
[2023-10-14 22:47:15.189] [main] [info] Pinging Non-Existing Test Server   ...DONE!
[2023-10-14 22:47:15.189] [main] [info] Pinging Pump Server Mayson...
[2023-10-14 22:47:15.281] [main] [info] Pump Server ping OK!
[2023-10-14 22:47:15.281] [main] [info] Pinging Pump Server Mayson   ...DONE!
[2023-10-14 22:47:15.281] [main] [info] Pinging all valve stations...
[2023-10-14 22:47:24.501] [main] [error] Fatal: James not available!
[2023-10-14 22:47:24.501] [main] [error] Fatal: Lucas not available!
[2023-10-14 22:47:24.501] [main] [error] Fatal: Felix not available!
[2023-10-14 22:47:24.501] [main] [info] Pinging all valve stations   ...DONE!
[2023-10-14 22:47:24.501] [main] [info] Pinging Non-Existing Test Server...
[2023-10-14 22:47:27.573] [main] [info] Pinging Non-Existing Test Server OK!
[2023-10-14 22:47:27.573] [main] [info] Pinging Non-Existing Test Server   ...DONE!
[2023-10-14 22:47:27.573] [main] [info] Pinging Pump Server Mayson...
[2023-10-14 22:47:27.670] [main] [info] Pump Server ping OK!
[2023-10-14 22:47:27.670] [main] [info] Pinging Pump Server Mayson   ...DONE!
[2023-10-14 22:47:27.670] [main] [info] Pinging all valve stations...
[2023-10-14 22:47:36.885] [main] [error] Fatal: James not available!
[2023-10-14 22:47:36.885] [main] [error] Fatal: Lucas not available!
[2023-10-14 22:47:36.885] [main] [error] Fatal: Felix not available!
[2023-10-14 22:47:36.885] [main] [info] Pinging all valve stations   ...DONE!
[2023-10-14 22:47:36.885] [main] [info] Pinging Non-Existing Test Server...
[2023-10-14 22:47:39.957] [main] [info] Pinging Non-Existing Test Server OK!
[2023-10-14 22:47:39.957] [main] [info] Pinging Non-Existing Test Server   ...DONE!
[2023-10-14 22:47:39.957] [main] [info] Pinging Pump Server Mayson...
[2023-10-14 22:47:40.072] [main] [info] Pump Server ping OK!
[2023-10-14 22:47:40.072] [main] [info] Pinging Pump Server Mayson   ...DONE!
[2023-10-14 22:47:40.072] [main] [info] Pinging all valve stations...
[2023-10-14 22:47:49.269] [main] [error] Fatal: James not available!
[2023-10-14 22:47:49.269] [main] [error] Fatal: Lucas not available!
[2023-10-14 22:47:49.269] [main] [error] Fatal: Felix not available!
[2023-10-14 22:47:49.269] [main] [info] Pinging all valve stations   ...DONE!
[2023-10-14 22:47:49.269] [main] [info] Pinging Non-Existing Test Server...
[2023-10-14 22:47:52.341] [main] [info] Pinging Non-Existing Test Server OK!
[2023-10-14 22:47:52.341] [main] [info] Pinging Non-Existing Test Server   ...DONE!
[2023-10-14 22:47:52.341] [main] [info] Pinging Pump Server Mayson...
[2023-10-14 22:47:52.362] [main] [info] Pump Server ping OK!
[2023-10-14 22:47:52.362] [main] [info] Pinging Pump Server Mayson   ...DONE!
[2023-10-14 22:47:52.362] [main] [info] Pinging all valve stations...
[2023-10-14 22:48:01.589] [main] [error] Fatal: James not available!
[2023-10-14 22:48:01.589] [main] [error] Fatal: Lucas not available!
[2023-10-14 22:48:01.589] [main] [error] Fatal: Felix not available!
[2023-10-14 22:48:01.589] [main] [info] Pinging all valve stations   ...DONE!
[2023-10-14 22:48:01.589] [main] [info] Pinging Non-Existing Test Server...
[2023-10-14 22:48:04.661] [main] [info] Pinging Non-Existing Test Server OK!
[2023-10-14 22:48:04.661] [main] [info] Pinging Non-Existing Test Server   ...DONE!
[2023-10-14 22:48:04.661] [main] [info] Pinging Pump Server Mayson...
[2023-10-14 22:48:04.752] [main] [info] Pump Server ping OK!
[2023-10-14 22:48:04.752] [main] [info] Pinging Pump Server Mayson   ...DONE!
[2023-10-14 22:48:04.752] [main] [info] Pinging all valve stations...
[2023-10-14 22:48:13.973] [main] [error] Fatal: James not available!
[2023-10-14 22:48:13.973] [main] [error] Fatal: Lucas not available!
[2023-10-14 22:48:13.973] [main] [error] Fatal: Felix not available!
[2023-10-14 22:48:13.973] [main] [info] Pinging all valve stations   ...DONE!
[2023-10-14 22:48:13.973] [main] [info] Pinging Non-Existing Test Server...
[2023-10-14 22:48:17.045] [main] [info] Pinging Non-Existing Test Server OK!
[2023-10-14 22:48:17.045] [main] [info] Pinging Non-Existing Test Server   ...DONE!
[2023-10-14 22:48:17.045] [main] [info] Pinging Pump Server Mayson...
[2023-10-14 22:48:17.142] [main] [info] Pump Server ping OK!
[2023-10-14 22:48:17.142] [main] [info] Pinging Pump Server Mayson   ...DONE!
[2023-10-14 22:48:17.142] [main] [info] Pinging all valve stations...
[2023-10-14 22:48:26.357] [main] [error] Fatal: James not available!
[2023-10-14 22:48:26.357] [main] [error] Fatal: Lucas not available!
[2023-10-14 22:48:26.357] [main] [error] Fatal: Felix not available!
[2023-10-14 22:48:26.357] [main] [info] Pinging all valve stations   ...DONE!
[2023-10-14 22:48:26.357] [main] [info] Pinging Non-Existing Test Server...
[2023-10-14 22:48:29.429] [main] [info] Pinging Non-Existing Test Server OK!
[2023-10-14 22:48:29.429] [main] [info] Pinging Non-Existing Test Server   ...DONE!
[2023-10-14 22:48:29.429] [main] [info] Pinging Pump Server Mayson...
[2023-10-14 22:48:39.434] [main] [error] Fatal: Pump Server not available!
[2023-10-14 22:48:39.434] [main] [info] Pinging Pump Server Mayson   ...DONE!
[2023-10-14 22:48:39.434] [main] [info] Pinging all valve stations...
[2023-10-14 22:48:48.661] [main] [error] Fatal: James not available!
[2023-10-14 22:48:48.661] [main] [error] Fatal: Lucas not available!
[2023-10-14 22:48:48.661] [main] [error] Fatal: Felix not available!
[2023-10-14 22:48:48.661] [main] [info] Pinging all valve stations   ...DONE!
[2023-10-14 22:48:48.661] [main] [info] Pinging Non-Existing Test Server...
[2023-10-14 22:48:51.733] [main] [info] Pinging Non-Existing Test Server OK!
[2023-10-14 22:48:51.733] [main] [info] Pinging Non-Existing Test Server   ...DONE!
[2023-10-14 22:48:51.733] [main] [info] Pinging Pump Server Mayson...
[2023-10-14 22:48:51.757] [main] [info] Pump Server ping OK!
[2023-10-14 22:48:51.757] [main] [info] Pinging Pump Server Mayson   ...DONE!
[2023-10-14 22:48:51.757] [main] [info] Pinging all valve stations...
[2023-10-14 22:49:00.981] [main] [error] Fatal: James not available!
[2023-10-14 22:49:00.981] [main] [error] Fatal: Lucas not available!
[2023-10-14 22:49:00.981] [main] [error] Fatal: Felix not available!
[2023-10-14 22:49:00.981] [main] [info] Pinging all valve stations   ...DONE!
[2023-10-14 22:49:00.981] [main] [info] Pinging Non-Existing Test Server...
[2023-10-14 22:49:04.053] [main] [info] Pinging Non-Existing Test Server OK!
[2023-10-14 22:49:04.053] [main] [info] Pinging Non-Existing Test Server   ...DONE!
[2023-10-14 22:49:04.053] [main] [info] Pinging Pump Server Mayson...
[2023-10-14 22:49:04.141] [main] [info] Pump Server ping OK!
[2023-10-14 22:49:04.141] [main] [info] Pinging Pump Server Mayson   ...DONE!
[2023-10-14 22:49:04.141] [main] [info] Pinging all valve stations...
[2023-10-14 22:49:13.365] [main] [error] Fatal: James not available!
[2023-10-14 22:49:13.365] [main] [error] Fatal: Lucas not available!
[2023-10-14 22:49:13.365] [main] [error] Fatal: Felix not available!
[2023-10-14 22:49:13.365] [main] [info] Pinging all valve stations   ...DONE!
[2023-10-14 22:49:13.365] [main] [info] Pinging Non-Existing Test Server...
[2023-10-14 22:49:16.437] [main] [info] Pinging Non-Existing Test Server OK!
[2023-10-14 22:49:16.437] [main] [info] Pinging Non-Existing Test Server   ...DONE!
[2023-10-14 22:49:16.437] [main] [info] Pinging Pump Server Mayson...
[2023-10-14 22:49:16.542] [main] [info] Pump Server ping OK!
[2023-10-14 22:49:16.542] [main] [info] Pinging Pump Server Mayson   ...DONE!
[2023-10-14 22:49:16.542] [main] [info] Pinging all valve stations...
[2023-10-14 22:49:25.749] [main] [error] Fatal: James not available!
[2023-10-14 22:49:25.749] [main] [error] Fatal: Lucas not available!
[2023-10-14 22:49:25.749] [main] [error] Fatal: Felix not available!
[2023-10-14 22:49:25.749] [main] [info] Pinging all valve stations   ...DONE!
[2023-10-14 22:49:25.749] [main] [info] Pinging Non-Existing Test Server...
[2023-10-14 22:49:28.821] [main] [info] Pinging Non-Existing Test Server OK!
[2023-10-14 22:49:28.821] [main] [info] Pinging Non-Existing Test Server   ...DONE!
[2023-10-14 22:49:28.821] [main] [info] Pinging Pump Server Mayson...
[2023-10-14 22:49:28.925] [main] [info] Pump Server ping OK!
[2023-10-14 22:49:28.925] [main] [info] Pinging Pump Server Mayson   ...DONE!
[2023-10-14 22:49:28.925] [main] [info] Pinging all valve stations...
[2023-10-14 22:49:38.133] [main] [error] Fatal: James not available!
[2023-10-14 22:49:38.133] [main] [error] Fatal: Lucas not available!
[2023-10-14 22:49:38.133] [main] [error] Fatal: Felix not available!
[2023-10-14 22:49:38.133] [main] [info] Pinging all valve stations   ...DONE!
[2023-10-14 22:49:38.133] [main] [info] Pinging Non-Existing Test Server...
[2023-10-14 22:49:41.205] [main] [info] Pinging Non-Existing Test Server OK!
[2023-10-14 22:49:41.205] [main] [info] Pinging Non-Existing Test Server   ...DONE!
[2023-10-14 22:49:41.205] [main] [info] Pinging Pump Server Mayson...
[2023-10-14 22:49:41.312] [main] [info] Pump Server ping OK!
[2023-10-14 22:49:41.312] [main] [info] Pinging Pump Server Mayson   ...DONE!
[2023-10-14 22:49:41.312] [main] [info] Pinging all valve stations...
[2023-10-14 22:49:50.517] [main] [error] Fatal: James not available!
[2023-10-14 22:49:50.517] [main] [error] Fatal: Lucas not available!
[2023-10-14 22:49:50.517] [main] [error] Fatal: Felix not available!
[2023-10-14 22:49:50.517] [main] [info] Pinging all valve stations   ...DONE!
[2023-10-14 22:49:50.517] [main] [info] Pinging Non-Existing Test Server...
[2023-10-14 22:49:53.589] [main] [info] Pinging Non-Existing Test Server OK!
[2023-10-14 22:49:53.589] [main] [info] Pinging Non-Existing Test Server   ...DONE!
[2023-10-14 22:49:53.589] [main] [info] Creating Landscape...
[2023-10-14 22:49:53.589] [main] [info] Creating Landscape...
[2023-10-14 22:49:53.589] [main] [info] Creating Felix...
[2023-10-14 22:49:53.589] [main] [info] Creating James...
[2023-10-14 22:49:53.589] [main] [info] Creating Lucas...
[2023-10-14 22:49:53.589] [main] [info] Fetching timestamp...
std::chrono::system_clock::now().time_since_epoch()   :   1697316593589889354
get_seconds_since_epoch_now(bool verbose /* true */)   :   1697316593
minutes since epoch   :   28288609
minute of day   :   1249
minute of hour   :   49
hour of day   :   20
[2023-10-14 22:49:53.589] [main] [info] Checking timestamp.txt...
[2023-10-14 22:49:53.589] [main] [debug] The timestamp.txt is always written when watering is triggered. It is read to check if I was already done with watering some minutes ago.
previous time_stamp:   28287492
[2023-10-14 22:49:53.590] [main] [info] Checking timestamp.txt   ...DONE!
[2023-10-14 22:49:53.590] [main] [info] It's not time for watering now!
[2023-10-14 22:49:53.590] [main] [info] Minute Intraday:   1249
[2023-10-14 22:49:53.590] [main] [info] Days since Epoch:   19644
[2023-10-14 22:49:53.590] [main] [info] Accumulated watering times:

Felix   :          Eiben-Klee  :      0.00 min
Felix   :            Mara-alt  :      0.00 min
James   :            Karotten  :      0.00 min
James   :             Tomaten  :      0.00 min
James   :              Gurken  :      0.00 min
James   :          Kartoffeln  :      0.00 min
Lucas   :              Erbsen  :      0.00 min
Lucas   :        Heidelbeeren  :      0.00 min
Lucas   :      Bohnen-Flieder  :      0.00 min

%%%%%%%%%%     [4] Run the executable   ...DONE!
elapsed time:   257s
=====================================================================================================
