=====================================================================================================
%%%%%%%%%%     [4] Run the executable...
>Please note:  Even if all builds failed, the last built executable is still there and will be started!
> sudo -u mayadm ./ur-unix-run.sh
[2023-10-15 05:36:39.133] [main] [info] Pinging Pump Server Mayson...
[2023-10-15 05:36:39.200] [main] [info] Pump Server ping OK!
[2023-10-15 05:36:39.200] [main] [info] Pinging Pump Server Mayson   ...DONE!
[2023-10-15 05:36:39.200] [main] [info] Pinging all valve stations...
[2023-10-15 05:36:48.409] [main] [error] Fatal: James not available!
[2023-10-15 05:36:48.410] [main] [error] Fatal: Lucas not available!
[2023-10-15 05:36:48.410] [main] [error] Fatal: Felix not available!
[2023-10-15 05:36:48.410] [main] [info] Pinging all valve stations   ...DONE!
[2023-10-15 05:36:48.410] [main] [info] Pinging Non-Existing Test Server...
[2023-10-15 05:36:51.481] [main] [info] Pinging Non-Existing Test Server OK!
[2023-10-15 05:36:51.481] [main] [info] Pinging Non-Existing Test Server   ...DONE!
[2023-10-15 05:36:51.481] [main] [info] Pinging Pump Server Mayson...
[2023-10-15 05:36:51.587] [main] [info] Pump Server ping OK!
[2023-10-15 05:36:51.587] [main] [info] Pinging Pump Server Mayson   ...DONE!
[2023-10-15 05:36:51.587] [main] [info] Pinging all valve stations...
[2023-10-15 05:37:00.793] [main] [error] Fatal: James not available!
[2023-10-15 05:37:00.793] [main] [error] Fatal: Lucas not available!
[2023-10-15 05:37:00.793] [main] [error] Fatal: Felix not available!
[2023-10-15 05:37:00.793] [main] [info] Pinging all valve stations   ...DONE!
[2023-10-15 05:37:00.793] [main] [info] Pinging Non-Existing Test Server...
[2023-10-15 05:37:03.865] [main] [info] Pinging Non-Existing Test Server OK!
[2023-10-15 05:37:03.866] [main] [info] Pinging Non-Existing Test Server   ...DONE!
[2023-10-15 05:37:03.866] [main] [info] Pinging Pump Server Mayson...
[2023-10-15 05:37:03.977] [main] [info] Pump Server ping OK!
[2023-10-15 05:37:03.977] [main] [info] Pinging Pump Server Mayson   ...DONE!
[2023-10-15 05:37:03.977] [main] [info] Pinging all valve stations...
[2023-10-15 05:37:13.178] [main] [error] Fatal: James not available!
[2023-10-15 05:37:13.178] [main] [error] Fatal: Lucas not available!
[2023-10-15 05:37:13.178] [main] [error] Fatal: Felix not available!
[2023-10-15 05:37:13.178] [main] [info] Pinging all valve stations   ...DONE!
[2023-10-15 05:37:13.178] [main] [info] Pinging Non-Existing Test Server...
[2023-10-15 05:37:16.250] [main] [info] Pinging Non-Existing Test Server OK!
[2023-10-15 05:37:16.250] [main] [info] Pinging Non-Existing Test Server   ...DONE!
[2023-10-15 05:37:16.250] [main] [info] Pinging Pump Server Mayson...
[2023-10-15 05:37:16.273] [main] [info] Pump Server ping OK!
[2023-10-15 05:37:16.273] [main] [info] Pinging Pump Server Mayson   ...DONE!
[2023-10-15 05:37:16.273] [main] [info] Pinging all valve stations...
[2023-10-15 05:37:25.498] [main] [error] Fatal: James not available!
[2023-10-15 05:37:25.498] [main] [error] Fatal: Lucas not available!
[2023-10-15 05:37:25.498] [main] [error] Fatal: Felix not available!
[2023-10-15 05:37:25.498] [main] [info] Pinging all valve stations   ...DONE!
[2023-10-15 05:37:25.498] [main] [info] Pinging Non-Existing Test Server...
[2023-10-15 05:37:28.569] [main] [info] Pinging Non-Existing Test Server OK!
[2023-10-15 05:37:28.570] [main] [info] Pinging Non-Existing Test Server   ...DONE!
[2023-10-15 05:37:28.570] [main] [info] Pinging Pump Server Mayson...
[2023-10-15 05:37:28.683] [main] [info] Pump Server ping OK!
[2023-10-15 05:37:28.683] [main] [info] Pinging Pump Server Mayson   ...DONE!
[2023-10-15 05:37:28.683] [main] [info] Pinging all valve stations...
[2023-10-15 05:37:37.882] [main] [error] Fatal: James not available!
[2023-10-15 05:37:37.882] [main] [error] Fatal: Lucas not available!
[2023-10-15 05:37:37.882] [main] [error] Fatal: Felix not available!
[2023-10-15 05:37:37.882] [main] [info] Pinging all valve stations   ...DONE!
[2023-10-15 05:37:37.882] [main] [info] Pinging Non-Existing Test Server...
[2023-10-15 05:37:40.953] [main] [info] Pinging Non-Existing Test Server OK!
[2023-10-15 05:37:40.953] [main] [info] Pinging Non-Existing Test Server   ...DONE!
[2023-10-15 05:37:40.953] [main] [info] Pinging Pump Server Mayson...
[2023-10-15 05:37:40.982] [main] [info] Pump Server ping OK!
[2023-10-15 05:37:40.982] [main] [info] Pinging Pump Server Mayson   ...DONE!
[2023-10-15 05:37:40.982] [main] [info] Pinging all valve stations...
[2023-10-15 05:37:50.201] [main] [error] Fatal: James not available!
[2023-10-15 05:37:50.202] [main] [error] Fatal: Lucas not available!
[2023-10-15 05:37:50.202] [main] [error] Fatal: Felix not available!
[2023-10-15 05:37:50.202] [main] [info] Pinging all valve stations   ...DONE!
[2023-10-15 05:37:50.202] [main] [info] Pinging Non-Existing Test Server...
[2023-10-15 05:37:53.277] [main] [info] Pinging Non-Existing Test Server OK!
[2023-10-15 05:37:53.277] [main] [info] Pinging Non-Existing Test Server   ...DONE!
[2023-10-15 05:37:53.277] [main] [info] Pinging Pump Server Mayson...
[2023-10-15 05:37:53.376] [main] [info] Pump Server ping OK!
[2023-10-15 05:37:53.377] [main] [info] Pinging Pump Server Mayson   ...DONE!
[2023-10-15 05:37:53.377] [main] [info] Pinging all valve stations...
[2023-10-15 05:38:02.585] [main] [error] Fatal: James not available!
[2023-10-15 05:38:02.586] [main] [error] Fatal: Lucas not available!
[2023-10-15 05:38:02.586] [main] [error] Fatal: Felix not available!
[2023-10-15 05:38:02.586] [main] [info] Pinging all valve stations   ...DONE!
[2023-10-15 05:38:02.586] [main] [info] Pinging Non-Existing Test Server...
[2023-10-15 05:38:05.657] [main] [info] Pinging Non-Existing Test Server OK!
[2023-10-15 05:38:05.657] [main] [info] Pinging Non-Existing Test Server   ...DONE!
[2023-10-15 05:38:05.657] [main] [info] Pinging Pump Server Mayson...
[2023-10-15 05:38:05.768] [main] [info] Pump Server ping OK!
[2023-10-15 05:38:05.768] [main] [info] Pinging Pump Server Mayson   ...DONE!
[2023-10-15 05:38:05.768] [main] [info] Pinging all valve stations...
[2023-10-15 05:38:14.973] [main] [error] Fatal: James not available!
[2023-10-15 05:38:14.973] [main] [error] Fatal: Lucas not available!
[2023-10-15 05:38:14.973] [main] [error] Fatal: Felix not available!
[2023-10-15 05:38:14.973] [main] [info] Pinging all valve stations   ...DONE!
[2023-10-15 05:38:14.973] [main] [info] Pinging Non-Existing Test Server...
[2023-10-15 05:38:18.042] [main] [info] Pinging Non-Existing Test Server OK!
[2023-10-15 05:38:18.042] [main] [info] Pinging Non-Existing Test Server   ...DONE!
[2023-10-15 05:38:18.042] [main] [info] Pinging Pump Server Mayson...
[2023-10-15 05:38:18.065] [main] [info] Pump Server ping OK!
[2023-10-15 05:38:18.065] [main] [info] Pinging Pump Server Mayson   ...DONE!
[2023-10-15 05:38:18.065] [main] [info] Pinging all valve stations...
[2023-10-15 05:38:27.289] [main] [error] Fatal: James not available!
[2023-10-15 05:38:27.290] [main] [error] Fatal: Lucas not available!
[2023-10-15 05:38:27.290] [main] [error] Fatal: Felix not available!
[2023-10-15 05:38:27.290] [main] [info] Pinging all valve stations   ...DONE!
[2023-10-15 05:38:27.290] [main] [info] Pinging Non-Existing Test Server...
[2023-10-15 05:38:30.362] [main] [info] Pinging Non-Existing Test Server OK!
[2023-10-15 05:38:30.362] [main] [info] Pinging Non-Existing Test Server   ...DONE!
[2023-10-15 05:38:30.362] [main] [info] Pinging Pump Server Mayson...
[2023-10-15 05:38:30.467] [main] [info] Pump Server ping OK!
[2023-10-15 05:38:30.467] [main] [info] Pinging Pump Server Mayson   ...DONE!
[2023-10-15 05:38:30.467] [main] [info] Pinging all valve stations...
[2023-10-15 05:38:39.673] [main] [error] Fatal: James not available!
[2023-10-15 05:38:39.674] [main] [error] Fatal: Lucas not available!
[2023-10-15 05:38:39.674] [main] [error] Fatal: Felix not available!
[2023-10-15 05:38:39.674] [main] [info] Pinging all valve stations   ...DONE!
[2023-10-15 05:38:39.674] [main] [info] Pinging Non-Existing Test Server...
[2023-10-15 05:38:42.745] [main] [info] Pinging Non-Existing Test Server OK!
[2023-10-15 05:38:42.745] [main] [info] Pinging Non-Existing Test Server   ...DONE!
[2023-10-15 05:38:42.745] [main] [info] Pinging Pump Server Mayson...
[2023-10-15 05:38:42.864] [main] [info] Pump Server ping OK!
[2023-10-15 05:38:42.864] [main] [info] Pinging Pump Server Mayson   ...DONE!
[2023-10-15 05:38:42.864] [main] [info] Pinging all valve stations...
[2023-10-15 05:38:52.089] [main] [error] Fatal: James not available!
[2023-10-15 05:38:52.089] [main] [error] Fatal: Lucas not available!
[2023-10-15 05:38:52.089] [main] [error] Fatal: Felix not available!
[2023-10-15 05:38:52.089] [main] [info] Pinging all valve stations   ...DONE!
[2023-10-15 05:38:52.089] [main] [info] Pinging Non-Existing Test Server...
[2023-10-15 05:38:55.162] [main] [info] Pinging Non-Existing Test Server OK!
[2023-10-15 05:38:55.162] [main] [info] Pinging Non-Existing Test Server   ...DONE!
[2023-10-15 05:38:55.162] [main] [info] Pinging Pump Server Mayson...
[2023-10-15 05:38:55.250] [main] [info] Pump Server ping OK!
[2023-10-15 05:38:55.250] [main] [info] Pinging Pump Server Mayson   ...DONE!
[2023-10-15 05:38:55.250] [main] [info] Pinging all valve stations...
[2023-10-15 05:39:04.473] [main] [error] Fatal: James not available!
[2023-10-15 05:39:04.473] [main] [error] Fatal: Lucas not available!
[2023-10-15 05:39:04.473] [main] [error] Fatal: Felix not available!
[2023-10-15 05:39:04.473] [main] [info] Pinging all valve stations   ...DONE!
[2023-10-15 05:39:04.473] [main] [info] Pinging Non-Existing Test Server...
[2023-10-15 05:39:07.545] [main] [info] Pinging Non-Existing Test Server OK!
[2023-10-15 05:39:07.545] [main] [info] Pinging Non-Existing Test Server   ...DONE!
[2023-10-15 05:39:07.545] [main] [info] Pinging Pump Server Mayson...
[2023-10-15 05:39:07.655] [main] [info] Pump Server ping OK!
[2023-10-15 05:39:07.655] [main] [info] Pinging Pump Server Mayson   ...DONE!
[2023-10-15 05:39:07.655] [main] [info] Pinging all valve stations...
[2023-10-15 05:39:16.858] [main] [error] Fatal: James not available!
[2023-10-15 05:39:16.858] [main] [error] Fatal: Lucas not available!
[2023-10-15 05:39:16.858] [main] [error] Fatal: Felix not available!
[2023-10-15 05:39:16.858] [main] [info] Pinging all valve stations   ...DONE!
[2023-10-15 05:39:16.858] [main] [info] Pinging Non-Existing Test Server...
[2023-10-15 05:39:19.929] [main] [info] Pinging Non-Existing Test Server OK!
[2023-10-15 05:39:19.930] [main] [info] Pinging Non-Existing Test Server   ...DONE!
[2023-10-15 05:39:19.930] [main] [info] Pinging Pump Server Mayson...
[2023-10-15 05:39:20.047] [main] [info] Pump Server ping OK!
[2023-10-15 05:39:20.047] [main] [info] Pinging Pump Server Mayson   ...DONE!
[2023-10-15 05:39:20.047] [main] [info] Pinging all valve stations...
[2023-10-15 05:39:29.274] [main] [error] Fatal: James not available!
[2023-10-15 05:39:29.274] [main] [error] Fatal: Lucas not available!
[2023-10-15 05:39:29.274] [main] [error] Fatal: Felix not available!
[2023-10-15 05:39:29.274] [main] [info] Pinging all valve stations   ...DONE!
[2023-10-15 05:39:29.274] [main] [info] Pinging Non-Existing Test Server...
[2023-10-15 05:39:32.346] [main] [info] Pinging Non-Existing Test Server OK!
[2023-10-15 05:39:32.346] [main] [info] Pinging Non-Existing Test Server   ...DONE!
[2023-10-15 05:39:32.346] [main] [info] Pinging Pump Server Mayson...
[2023-10-15 05:39:32.436] [main] [info] Pump Server ping OK!
[2023-10-15 05:39:32.436] [main] [info] Pinging Pump Server Mayson   ...DONE!
[2023-10-15 05:39:32.436] [main] [info] Pinging all valve stations...
[2023-10-15 05:39:41.657] [main] [error] Fatal: James not available!
[2023-10-15 05:39:41.658] [main] [error] Fatal: Lucas not available!
[2023-10-15 05:39:41.658] [main] [error] Fatal: Felix not available!
[2023-10-15 05:39:41.658] [main] [info] Pinging all valve stations   ...DONE!
[2023-10-15 05:39:41.658] [main] [info] Pinging Non-Existing Test Server...
[2023-10-15 05:39:44.729] [main] [info] Pinging Non-Existing Test Server OK!
[2023-10-15 05:39:44.729] [main] [info] Pinging Non-Existing Test Server   ...DONE!
[2023-10-15 05:39:44.729] [main] [info] Pinging Pump Server Mayson...
[2023-10-15 05:39:44.941] [main] [info] Pump Server ping OK!
[2023-10-15 05:39:44.941] [main] [info] Pinging Pump Server Mayson   ...DONE!
[2023-10-15 05:39:44.941] [main] [info] Pinging all valve stations...
[2023-10-15 05:39:54.169] [main] [error] Fatal: James not available!
[2023-10-15 05:39:54.170] [main] [error] Fatal: Lucas not available!
[2023-10-15 05:39:54.170] [main] [error] Fatal: Felix not available!
[2023-10-15 05:39:54.170] [main] [info] Pinging all valve stations   ...DONE!
[2023-10-15 05:39:54.170] [main] [info] Pinging Non-Existing Test Server...
[2023-10-15 05:39:57.241] [main] [info] Pinging Non-Existing Test Server OK!
[2023-10-15 05:39:57.242] [main] [info] Pinging Non-Existing Test Server   ...DONE!
[2023-10-15 05:39:57.242] [main] [info] Pinging Pump Server Mayson...
[2023-10-15 05:39:57.330] [main] [info] Pump Server ping OK!
[2023-10-15 05:39:57.330] [main] [info] Pinging Pump Server Mayson   ...DONE!
[2023-10-15 05:39:57.330] [main] [info] Pinging all valve stations...
[2023-10-15 05:40:06.553] [main] [error] Fatal: James not available!
[2023-10-15 05:40:06.553] [main] [error] Fatal: Lucas not available!
[2023-10-15 05:40:06.553] [main] [error] Fatal: Felix not available!
[2023-10-15 05:40:06.553] [main] [info] Pinging all valve stations   ...DONE!
[2023-10-15 05:40:06.553] [main] [info] Pinging Non-Existing Test Server...
[2023-10-15 05:40:09.626] [main] [info] Pinging Non-Existing Test Server OK!
[2023-10-15 05:40:09.626] [main] [info] Pinging Non-Existing Test Server   ...DONE!
[2023-10-15 05:40:09.626] [main] [info] Pinging Pump Server Mayson...
[2023-10-15 05:40:09.831] [main] [info] Pump Server ping OK!
[2023-10-15 05:40:09.831] [main] [info] Pinging Pump Server Mayson   ...DONE!
[2023-10-15 05:40:09.831] [main] [info] Pinging all valve stations...
[2023-10-15 05:40:19.033] [main] [error] Fatal: James not available!
[2023-10-15 05:40:19.034] [main] [error] Fatal: Lucas not available!
[2023-10-15 05:40:19.034] [main] [error] Fatal: Felix not available!
[2023-10-15 05:40:19.034] [main] [info] Pinging all valve stations   ...DONE!
[2023-10-15 05:40:19.034] [main] [info] Pinging Non-Existing Test Server...
[2023-10-15 05:40:22.105] [main] [info] Pinging Non-Existing Test Server OK!
[2023-10-15 05:40:22.106] [main] [info] Pinging Non-Existing Test Server   ...DONE!
[2023-10-15 05:40:22.106] [main] [info] Pinging Pump Server Mayson...
[2023-10-15 05:40:22.222] [main] [info] Pump Server ping OK!
[2023-10-15 05:40:22.222] [main] [info] Pinging Pump Server Mayson   ...DONE!
[2023-10-15 05:40:22.222] [main] [info] Pinging all valve stations...
[2023-10-15 05:40:31.449] [main] [error] Fatal: James not available!
[2023-10-15 05:40:31.449] [main] [error] Fatal: Lucas not available!
[2023-10-15 05:40:31.449] [main] [error] Fatal: Felix not available!
[2023-10-15 05:40:31.449] [main] [info] Pinging all valve stations   ...DONE!
[2023-10-15 05:40:31.449] [main] [info] Pinging Non-Existing Test Server...
[2023-10-15 05:40:34.521] [main] [info] Pinging Non-Existing Test Server OK!
[2023-10-15 05:40:34.521] [main] [info] Pinging Non-Existing Test Server   ...DONE!
[2023-10-15 05:40:34.521] [main] [info] Pinging Pump Server Mayson...
[2023-10-15 05:40:34.724] [main] [info] Pump Server ping OK!
[2023-10-15 05:40:34.724] [main] [info] Pinging Pump Server Mayson   ...DONE!
[2023-10-15 05:40:34.724] [main] [info] Pinging all valve stations...
[2023-10-15 05:40:43.929] [main] [error] Fatal: James not available!
[2023-10-15 05:40:43.930] [main] [error] Fatal: Lucas not available!
[2023-10-15 05:40:43.930] [main] [error] Fatal: Felix not available!
[2023-10-15 05:40:43.930] [main] [info] Pinging all valve stations   ...DONE!
[2023-10-15 05:40:43.930] [main] [info] Pinging Non-Existing Test Server...
[2023-10-15 05:40:47.001] [main] [info] Pinging Non-Existing Test Server OK!
[2023-10-15 05:40:47.001] [main] [info] Pinging Non-Existing Test Server   ...DONE!
[2023-10-15 05:40:47.001] [main] [info] Creating Landscape...
[2023-10-15 05:40:47.002] [main] [info] Creating Landscape...
[2023-10-15 05:40:47.002] [main] [info] Creating Felix...
[2023-10-15 05:40:47.002] [main] [info] Creating James...
[2023-10-15 05:40:47.002] [main] [info] Creating Lucas...
[2023-10-15 05:40:47.002] [main] [info] Fetching timestamp...
std::chrono::system_clock::now().time_since_epoch()   :   1697341247002065754
get_seconds_since_epoch_now(bool verbose /* true */)   :   1697341247
minutes since epoch   :   28289020
minute of day   :   220
minute of hour   :   40
hour of day   :   3
[2023-10-15 05:40:47.002] [main] [info] Checking timestamp.txt...
[2023-10-15 05:40:47.002] [main] [debug] The timestamp.txt is always written when watering is triggered. It is read to check if I was already done with watering some minutes ago.
previous time_stamp:   28288929
[2023-10-15 05:40:47.002] [main] [info] Checking timestamp.txt   ...DONE!
[2023-10-15 05:40:47.002] [main] [info] It's not time for watering now!
[2023-10-15 05:40:47.002] [main] [info] Minute Intraday:   220
[2023-10-15 05:40:47.002] [main] [info] Days since Epoch:   19645
[2023-10-15 05:40:47.002] [main] [info] Accumulated watering times:

Felix   :          Eiben-Klee  :      0.00 min
Felix   :            Mara-alt  :      0.00 min
James   :            Karotten  :      0.00 min
James   :             Tomaten  :      0.00 min
James   :              Gurken  :      0.00 min
James   :          Kartoffeln  :      0.00 min
Lucas   :              Erbsen  :      0.00 min
Lucas   :        Heidelbeeren  :      0.00 min
Lucas   :      Bohnen-Flieder  :      0.00 min

%%%%%%%%%%     [4] Run the executable   ...DONE!
elapsed time:   248s
=====================================================================================================
