=====================================================================================================
%%%%%%%%%%     [6] Uploading logs and go sleeping...
> sudo -u mayadm git checkout artifacts
Zu Zweig »artifacts« gewechselt
Ihr Branch ist auf demselben Stand wie 'origin/artifacts'.
> sudo -u mayadm git pull
Bereits aktuell.
> sudo -u mayadm git merge maya-productive
Bereits aktuell.
> sudo -u mayadm git add "../artifacts/logs/11689-*.log" -f
> sudo -u mayadm git add "../artifacts/logs/11688-*.log" -f
> sudo -u mayadm git commit -m "logs at 2023-10-15--10h10"
[artifacts f7e0df36b] logs at 2023-10-15--10h10
 6 files changed, 511 insertions(+)
 create mode 100644 maya/artifacts/logs/11688--2023-10-15--09h24---6.log
 create mode 100644 maya/artifacts/logs/11689--2023-10-15--10h10---1.log
 create mode 100644 maya/artifacts/logs/11689--2023-10-15--10h10---2.log
 create mode 100644 maya/artifacts/logs/11689--2023-10-15--10h10---3.log
 create mode 100644 maya/artifacts/logs/11689--2023-10-15--10h10---4.log
 create mode 100644 maya/artifacts/logs/11689--2023-10-15--10h10---5.log
> sudo -u mayadm git push
To https://github.com/Necktschnagge/wired-watering
   05314d116..f7e0df36b  artifacts -> artifacts
> sudo -u mayadm git checkout maya-productive
Zu Zweig »maya-productive« gewechselt
Ihr Branch ist auf demselben Stand wie 'origin/maya-productive'.
> sudo -u mayadm git push
Everything up-to-date
##############################################################
###################                        ###################
###################     GOING TO SLEEP     ###################
###################                        ###################
##############################################################
#######                                                #######
#######   Press CTRL + C NOW to abort script safely!   #######
#######                                                #######
##############################################################
##############################################################
#######                                                #######
#######               NOW GOING TO SLEEP               #######
#######                                                #######
##############################################################
> rtcwake -m mem -s 2400
rtcwake: RTC wird als UTC interpretiert …
rtcwake: aufwachen von „mem“ durch /dev/rtc0 bei Sun Oct 15 08:55:56 2023
##############################################################
#######                                                #######
#######            just waked up from sleep            #######
#######                                                #######
##############################################################
%%%%%%%%%%     [6] Uploading logs and go sleeping   ...DONE!
elapsed time:   2428s
=====================================================================================================
