=====================================================================================================
%%%%%%%%%%     [4] Run the executable...
>Please note:  Even if all builds failed, the last built executable is still there and will be started!
> sudo -u mayadm ./ur-unix-run.sh
[2024-05-14 22:55:47.445] [main] [info] Pinging Pump Server Mayson...
[2024-05-14 22:55:47.488] [main] [info] Pump Server ping OK!
[2024-05-14 22:55:47.488] [main] [info] Pinging Pump Server Mayson   ...DONE!
[2024-05-14 22:55:47.488] [main] [info] Pinging all valve stations...
[2024-05-14 22:55:52.710] [main] [info] James ping OK!
[2024-05-14 22:55:52.710] [main] [error] Fatal: Lucas not available!
[2024-05-14 22:55:52.710] [main] [info] Felix ping OK!
[2024-05-14 22:55:52.710] [main] [info] Pinging all valve stations   ...DONE!
[2024-05-14 22:55:52.710] [main] [info] Pinging Non-Existing Test Server...
[2024-05-14 22:55:55.793] [main] [info] Pinging Non-Existing Test Server OK!
[2024-05-14 22:55:55.793] [main] [info] Pinging Non-Existing Test Server   ...DONE!
[2024-05-14 22:55:55.793] [main] [info] Pinging Pump Server Mayson...
[2024-05-14 22:55:55.877] [main] [info] Pump Server ping OK!
[2024-05-14 22:55:55.877] [main] [info] Pinging Pump Server Mayson   ...DONE!
[2024-05-14 22:55:55.877] [main] [info] Pinging all valve stations...
[2024-05-14 22:55:59.159] [main] [info] James ping OK!
[2024-05-14 22:55:59.159] [main] [error] Fatal: Lucas not available!
[2024-05-14 22:55:59.159] [main] [info] Felix ping OK!
[2024-05-14 22:55:59.159] [main] [info] Pinging all valve stations   ...DONE!
[2024-05-14 22:55:59.159] [main] [info] Pinging Non-Existing Test Server...
[2024-05-14 22:56:02.225] [main] [info] Pinging Non-Existing Test Server OK!
[2024-05-14 22:56:02.225] [main] [info] Pinging Non-Existing Test Server   ...DONE!
[2024-05-14 22:56:02.225] [main] [info] Pinging Pump Server Mayson...
[2024-05-14 22:56:02.329] [main] [info] Pump Server ping OK!
[2024-05-14 22:56:02.329] [main] [info] Pinging Pump Server Mayson   ...DONE!
[2024-05-14 22:56:02.329] [main] [info] Pinging all valve stations...
[2024-05-14 22:56:03.673] [main] [info] James ping OK!
[2024-05-14 22:56:03.673] [main] [info] Lucas ping OK!
[2024-05-14 22:56:03.673] [main] [info] Felix ping OK!
[2024-05-14 22:56:03.673] [main] [info] Pinging all valve stations   ...DONE!
[2024-05-14 22:56:03.673] [main] [info] Pinging Non-Existing Test Server...
[2024-05-14 22:56:06.737] [main] [info] Pinging Non-Existing Test Server OK!
[2024-05-14 22:56:06.737] [main] [info] Pinging Non-Existing Test Server   ...DONE!
[2024-05-14 22:56:06.737] [main] [info] Creating Landscape...
[2024-05-14 22:56:06.737] [main] [info] Creating Landscape...
[2024-05-14 22:56:06.737] [main] [info] Creating Felix...
[2024-05-14 22:56:06.737] [main] [info] Creating James...
[2024-05-14 22:56:06.737] [main] [info] Creating Lucas...
[2024-05-14 22:56:06.737] [main] [info] Fetching timestamp...
std::chrono::system_clock::now().time_since_epoch()   :   1715720166737697085
get_seconds_since_epoch_now(bool verbose /* true */)   :   1715720166
minutes since epoch   :   28595336
minute of day   :   1256
minute of hour   :   56
hour of day   :   20
[2024-05-14 22:56:06.737] [main] [info] Checking timestamp.txt...
[2024-05-14 22:56:06.737] [main] [debug] The timestamp.txt is always written when watering is triggered. It is read to check if I was already done with watering some minutes ago.
previous time_stamp:   28288929
[2024-05-14 22:56:06.737] [main] [info] Checking timestamp.txt   ...DONE!
[2024-05-14 22:56:06.737] [main] [info] It's not time for watering now!
[2024-05-14 22:56:06.737] [main] [info] Minute Intraday:   1256
[2024-05-14 22:56:06.737] [main] [info] Days since Epoch:   19857
[2024-05-14 22:56:06.738] [main] [info] Accumulated watering times:

Felix   :          Eiben-Klee  :      0.00 min
Felix   :            Mara-alt  :      0.00 min
James   :            Karotten  :      0.00 min
James   :             Tomaten  :      0.00 min
James   :              Gurken  :      0.00 min
James   :          Kartoffeln  :      0.00 min
Lucas   :              Erbsen  :      0.00 min
Lucas   :        Heidelbeeren  :      0.00 min
Lucas   :      Bohnen-Flieder  :      0.00 min

%%%%%%%%%%     [4] Run the executable   ...DONE!
elapsed time:   19s
=====================================================================================================
