=====================================================================================================
%%%%%%%%%%     [6] Uploading logs and go sleeping...
> sudo -u mayadm git checkout artifacts
Zu Zweig »artifacts« gewechselt
Ihr Branch ist auf demselben Stand wie 'origin/artifacts'.
> sudo -u mayadm git pull
Bereits aktuell.
> sudo -u mayadm git merge maya-productive
Bereits aktuell.
> sudo -u mayadm git add "../artifacts/logs/11705-*.log" -f
> sudo -u mayadm git add "../artifacts/logs/11704-*.log" -f
> sudo -u mayadm git commit -m "logs at 2024-05-14--20h13"
[artifacts 4e0ee00fd] logs at 2024-05-14--20h13
 6 files changed, 315 insertions(+)
 create mode 100644 maya/artifacts/logs/11704--2024-05-14--19h33---6.log
 create mode 100644 maya/artifacts/logs/11705--2024-05-14--20h13---1.log
 create mode 100644 maya/artifacts/logs/11705--2024-05-14--20h13---2.log
 create mode 100644 maya/artifacts/logs/11705--2024-05-14--20h13---3.log
 create mode 100644 maya/artifacts/logs/11705--2024-05-14--20h13---4.log
 create mode 100644 maya/artifacts/logs/11705--2024-05-14--20h13---5.log
> sudo -u mayadm git push
To https://github.com/Necktschnagge/wired-watering
   f381a0985..4e0ee00fd  artifacts -> artifacts
> sudo -u mayadm git checkout maya-productive
Zu Zweig »maya-productive« gewechselt
Ihr Branch ist auf demselben Stand wie 'origin/maya-productive'.
> sudo -u mayadm git push
Everything up-to-date
##############################################################
###################                        ###################
###################     GOING TO SLEEP     ###################
###################                        ###################
##############################################################
#######                                                #######
#######   Press CTRL + C NOW to abort script safely!   #######
#######                                                #######
##############################################################
##############################################################
#######                                                #######
#######               NOW GOING TO SLEEP               #######
#######                                                #######
##############################################################
> rtcwake -m mem -s 2400
rtcwake: RTC wird als UTC interpretiert …
rtcwake: aufwachen von „mem“ durch /dev/rtc0 bei Tue May 14 18:54:12 2024
##############################################################
#######                                                #######
#######            just waked up from sleep            #######
#######                                                #######
##############################################################
%%%%%%%%%%     [6] Uploading logs and go sleeping   ...DONE!
elapsed time:   2415s
=====================================================================================================
