=====================================================================================================
%%%%%%%%%%     [6] Uploading logs and go sleeping...
> sudo -u mayadm git checkout artifacts
Zu Zweig »artifacts« gewechselt
Ihr Branch ist auf demselben Stand wie 'origin/artifacts'.
> sudo -u mayadm git pull
Bereits aktuell.
> sudo -u mayadm git merge maya-productive
Bereits aktuell.
> sudo -u mayadm git add "../artifacts/logs/11714-*.log" -f
> sudo -u mayadm git add "../artifacts/logs/11713-*.log" -f
> sudo -u mayadm git commit -m "logs at 2024-05-15--02h19"
[artifacts 1bc479cae] logs at 2024-05-15--02h19
 6 files changed, 315 insertions(+)
 create mode 100644 maya/artifacts/logs/11713--2024-05-15--01h38---6.log
 create mode 100644 maya/artifacts/logs/11714--2024-05-15--02h19---1.log
 create mode 100644 maya/artifacts/logs/11714--2024-05-15--02h19---2.log
 create mode 100644 maya/artifacts/logs/11714--2024-05-15--02h19---3.log
 create mode 100644 maya/artifacts/logs/11714--2024-05-15--02h19---4.log
 create mode 100644 maya/artifacts/logs/11714--2024-05-15--02h19---5.log
> sudo -u mayadm git push
To https://github.com/Necktschnagge/wired-watering
   b1297f01a..1bc479cae  artifacts -> artifacts
> sudo -u mayadm git checkout maya-productive
Zu Zweig »maya-productive« gewechselt
Ihr Branch ist auf demselben Stand wie 'origin/maya-productive'.
> sudo -u mayadm git push
Everything up-to-date
##############################################################
###################                        ###################
###################     GOING TO SLEEP     ###################
###################                        ###################
##############################################################
#######                                                #######
#######   Press CTRL + C NOW to abort script safely!   #######
#######                                                #######
##############################################################
##############################################################
#######                                                #######
#######               NOW GOING TO SLEEP               #######
#######                                                #######
##############################################################
> rtcwake -m mem -s 2400
rtcwake: RTC wird als UTC interpretiert …
rtcwake: aufwachen von „mem“ durch /dev/rtc0 bei Wed May 15 01:00:20 2024
##############################################################
#######                                                #######
#######            just waked up from sleep            #######
#######                                                #######
##############################################################
%%%%%%%%%%     [6] Uploading logs and go sleeping   ...DONE!
elapsed time:   2415s
=====================================================================================================
