=====================================================================================================
%%%%%%%%%%     [6] Uploading logs and go sleeping...
> sudo -u mayadm git checkout artifacts
Zu Zweig »artifacts« gewechselt
Ihr Branch ist auf demselben Stand wie 'origin/artifacts'.
> sudo -u mayadm git pull
fatal: konnte nicht auf 'https://github.com/Necktschnagge/wired-watering/' zugreifen: Could not resolve host: github.com
> sudo -u mayadm git merge maya-productive
Bereits aktuell.
> sudo -u mayadm git add "../artifacts/logs/11711-*.log" -f
> sudo -u mayadm git add "../artifacts/logs/11710-*.log" -f
> sudo -u mayadm git commit -m "logs at 2024-05-15--00h17"
[artifacts 70ba37392] logs at 2024-05-15--00h17
 6 files changed, 319 insertions(+)
 create mode 100644 maya/artifacts/logs/11710--2024-05-14--23h36---6.log
 create mode 100644 maya/artifacts/logs/11711--2024-05-15--00h17---1.log
 create mode 100644 maya/artifacts/logs/11711--2024-05-15--00h17---2.log
 create mode 100644 maya/artifacts/logs/11711--2024-05-15--00h17---3.log
 create mode 100644 maya/artifacts/logs/11711--2024-05-15--00h17---4.log
 create mode 100644 maya/artifacts/logs/11711--2024-05-15--00h17---5.log
> sudo -u mayadm git push
fatal: konnte nicht auf 'https://github.com/Necktschnagge/wired-watering/' zugreifen: Could not resolve host: github.com
> sudo -u mayadm git checkout maya-productive
Zu Zweig »maya-productive« gewechselt
Ihr Branch ist auf demselben Stand wie 'origin/maya-productive'.
> sudo -u mayadm git push
fatal: konnte nicht auf 'https://github.com/Necktschnagge/wired-watering/' zugreifen: Could not resolve host: github.com
##############################################################
###################                        ###################
###################     GOING TO SLEEP     ###################
###################                        ###################
##############################################################
#######                                                #######
#######   Press CTRL + C NOW to abort script safely!   #######
#######                                                #######
##############################################################
##############################################################
#######                                                #######
#######               NOW GOING TO SLEEP               #######
#######                                                #######
##############################################################
> rtcwake -m mem -s 2400
rtcwake: RTC wird als UTC interpretiert …
rtcwake: aufwachen von „mem“ durch /dev/rtc0 bei Tue May 14 22:58:23 2024
##############################################################
#######                                                #######
#######            just waked up from sleep            #######
#######                                                #######
##############################################################
%%%%%%%%%%     [6] Uploading logs and go sleeping   ...DONE!
elapsed time:   2436s
=====================================================================================================
