=====================================================================================================
%%%%%%%%%%     [4] Run the executable...
>Please note:  Even if all builds failed, the last built executable is still there and will be started!
> sudo -u mayadm ./ur-unix-run.sh
[2024-05-15 03:41:23.528] [main] [info] Pinging Pump Server Mayson...
[2024-05-15 03:41:23.597] [main] [info] Pump Server ping OK!
[2024-05-15 03:41:23.597] [main] [info] Pinging Pump Server Mayson   ...DONE!
[2024-05-15 03:41:23.597] [main] [info] Pinging all valve stations...
[2024-05-15 03:41:27.696] [main] [info] James ping OK!
[2024-05-15 03:41:27.696] [main] [error] Fatal: Lucas not available!
[2024-05-15 03:41:27.696] [main] [info] Felix ping OK!
[2024-05-15 03:41:27.696] [main] [info] Pinging all valve stations   ...DONE!
[2024-05-15 03:41:27.696] [main] [info] Pinging Non-Existing Test Server...
[2024-05-15 03:41:30.752] [main] [info] Pinging Non-Existing Test Server OK!
[2024-05-15 03:41:30.752] [main] [info] Pinging Non-Existing Test Server   ...DONE!
[2024-05-15 03:41:30.752] [main] [info] Pinging Pump Server Mayson...
[2024-05-15 03:41:30.856] [main] [info] Pump Server ping OK!
[2024-05-15 03:41:30.856] [main] [info] Pinging Pump Server Mayson   ...DONE!
[2024-05-15 03:41:30.856] [main] [info] Pinging all valve stations...
[2024-05-15 03:41:31.165] [main] [info] James ping OK!
[2024-05-15 03:41:31.165] [main] [info] Lucas ping OK!
[2024-05-15 03:41:31.165] [main] [info] Felix ping OK!
[2024-05-15 03:41:31.165] [main] [info] Pinging all valve stations   ...DONE!
[2024-05-15 03:41:31.165] [main] [info] Pinging Non-Existing Test Server...
[2024-05-15 03:41:34.240] [main] [info] Pinging Non-Existing Test Server OK!
[2024-05-15 03:41:34.240] [main] [info] Pinging Non-Existing Test Server   ...DONE!
[2024-05-15 03:41:34.240] [main] [info] Creating Landscape...
[2024-05-15 03:41:34.240] [main] [info] Creating Landscape...
[2024-05-15 03:41:34.240] [main] [info] Creating Felix...
[2024-05-15 03:41:34.240] [main] [info] Creating James...
[2024-05-15 03:41:34.240] [main] [info] Creating Lucas...
[2024-05-15 03:41:34.240] [main] [info] Fetching timestamp...
std::chrono::system_clock::now().time_since_epoch()   :   1715737294240704747
get_seconds_since_epoch_now(bool verbose /* true */)   :   1715737294
minutes since epoch   :   28595621
minute of day   :   101
minute of hour   :   41
hour of day   :   1
[2024-05-15 03:41:34.240] [main] [info] Checking timestamp.txt...
[2024-05-15 03:41:34.240] [main] [debug] The timestamp.txt is always written when watering is triggered. It is read to check if I was already done with watering some minutes ago.
previous time_stamp:   28288929
[2024-05-15 03:41:34.240] [main] [info] Checking timestamp.txt   ...DONE!
Wrote to timestamp.txt
[2024-05-15 03:41:34.241] [main] [info] Accumulated watering times:

Felix   :          Eiben-Klee  :      0.00 min
Felix   :            Mara-alt  :      0.00 min
James   :            Karotten  :      0.00 min
James   :             Tomaten  :      0.00 min
James   :              Gurken  :      0.00 min
James   :          Kartoffeln  :      0.00 min
Lucas   :              Erbsen  :      0.00 min
Lucas   :        Heidelbeeren  :      0.00 min
Lucas   :      Bohnen-Flieder  :      0.00 min

%%%%%%%%%%     [4] Run the executable   ...DONE!
elapsed time:   11s
=====================================================================================================
