=====================================================================================================
%%%%%%%%%%     [6] Uploading logs and go sleeping...
> sudo -u mayadm git checkout artifacts
Zu Zweig »artifacts« gewechselt
Ihr Branch ist auf demselben Stand wie 'origin/artifacts'.
> sudo -u mayadm git pull
Bereits aktuell.
> sudo -u mayadm git merge maya-productive
Bereits aktuell.
> sudo -u mayadm git add "../artifacts/logs/11726-*.log" -f
> sudo -u mayadm git add "../artifacts/logs/11725-*.log" -f
> sudo -u mayadm git commit -m "logs at 2024-05-15--10h27"
[artifacts 2ddeb7115] logs at 2024-05-15--10h27
 6 files changed, 304 insertions(+)
 create mode 100644 maya/artifacts/logs/11725--2024-05-15--09h47---6.log
 create mode 100644 maya/artifacts/logs/11726--2024-05-15--10h27---1.log
 create mode 100644 maya/artifacts/logs/11726--2024-05-15--10h27---2.log
 create mode 100644 maya/artifacts/logs/11726--2024-05-15--10h27---3.log
 create mode 100644 maya/artifacts/logs/11726--2024-05-15--10h27---4.log
 create mode 100644 maya/artifacts/logs/11726--2024-05-15--10h27---5.log
> sudo -u mayadm git push
To https://github.com/Necktschnagge/wired-watering
   e7ba951ab..2ddeb7115  artifacts -> artifacts
> sudo -u mayadm git checkout maya-productive
Zu Zweig »maya-productive« gewechselt
Ihr Branch ist auf demselben Stand wie 'origin/maya-productive'.
> sudo -u mayadm git push
Everything up-to-date
##############################################################
###################                        ###################
###################     GOING TO SLEEP     ###################
###################                        ###################
##############################################################
#######                                                #######
#######   Press CTRL + C NOW to abort script safely!   #######
#######                                                #######
##############################################################
##############################################################
#######                                                #######
#######               NOW GOING TO SLEEP               #######
#######                                                #######
##############################################################
> rtcwake -m mem -s 2400
rtcwake: RTC wird als UTC interpretiert …
rtcwake: aufwachen von „mem“ durch /dev/rtc0 bei Wed May 15 09:08:09 2024
##############################################################
#######                                                #######
#######            just waked up from sleep            #######
#######                                                #######
##############################################################
%%%%%%%%%%     [6] Uploading logs and go sleeping   ...DONE!
elapsed time:   2415s
=====================================================================================================
