=====================================================================================================
%%%%%%%%%%     [4] Run the executable...
>Please note:  Even if all builds failed, the last built executable is still there and will be started!
> sudo -u mayadm ./ur-unix-run.sh
[2024-05-16 08:10:49.889] [main] [info] Pinging Pump Server Mayson...
[2024-05-16 08:10:49.942] [main] [info] Pump Server ping OK!
[2024-05-16 08:10:49.942] [main] [info] Pinging Pump Server Mayson   ...DONE!
[2024-05-16 08:10:49.942] [main] [info] Pinging all valve stations...
[2024-05-16 08:10:53.225] [main] [info] James ping OK!
[2024-05-16 08:10:53.225] [main] [error] Fatal: Lucas not available!
[2024-05-16 08:10:53.225] [main] [info] Felix ping OK!
[2024-05-16 08:10:53.225] [main] [info] Pinging all valve stations   ...DONE!
[2024-05-16 08:10:53.225] [main] [info] Pinging Non-Existing Test Server...
[2024-05-16 08:10:56.298] [main] [info] Pinging Non-Existing Test Server OK!
[2024-05-16 08:10:56.298] [main] [info] Pinging Non-Existing Test Server   ...DONE!
[2024-05-16 08:10:56.298] [main] [info] Pinging Pump Server Mayson...
[2024-05-16 08:10:56.393] [main] [info] Pump Server ping OK!
[2024-05-16 08:10:56.393] [main] [info] Pinging Pump Server Mayson   ...DONE!
[2024-05-16 08:10:56.393] [main] [info] Pinging all valve stations...
[2024-05-16 08:10:59.579] [main] [info] James ping OK!
[2024-05-16 08:10:59.579] [main] [info] Lucas ping OK!
[2024-05-16 08:10:59.579] [main] [info] Felix ping OK!
[2024-05-16 08:10:59.579] [main] [info] Pinging all valve stations   ...DONE!
[2024-05-16 08:10:59.579] [main] [info] Pinging Non-Existing Test Server...
[2024-05-16 08:11:02.634] [main] [info] Pinging Non-Existing Test Server OK!
[2024-05-16 08:11:02.634] [main] [info] Pinging Non-Existing Test Server   ...DONE!
[2024-05-16 08:11:02.634] [main] [info] Creating Landscape...
[2024-05-16 08:11:02.634] [main] [info] Creating Landscape...
[2024-05-16 08:11:02.634] [main] [info] Creating Felix...
[2024-05-16 08:11:02.634] [main] [info] Creating James...
[2024-05-16 08:11:02.634] [main] [info] Creating Lucas...
[2024-05-16 08:11:02.634] [main] [info] Fetching timestamp...
std::chrono::system_clock::now().time_since_epoch()   :   1715839862634878308
get_seconds_since_epoch_now(bool verbose /* true */)   :   1715839862
minutes since epoch   :   28597331
minute of day   :   371
minute of hour   :   11
hour of day   :   6
[2024-05-16 08:11:02.634] [main] [info] Checking timestamp.txt...
[2024-05-16 08:11:02.634] [main] [debug] The timestamp.txt is always written when watering is triggered. It is read to check if I was already done with watering some minutes ago.
previous time_stamp:   28597085
[2024-05-16 08:11:02.635] [main] [info] Checking timestamp.txt   ...DONE!
[2024-05-16 08:11:02.635] [main] [info] It's not time for watering now!
[2024-05-16 08:11:02.635] [main] [info] Minute Intraday:   371
[2024-05-16 08:11:02.635] [main] [info] Days since Epoch:   19859
[2024-05-16 08:11:02.635] [main] [info] Accumulated watering times:

Felix   :          Eiben-Klee  :      0.00 min
Felix   :            Mara-alt  :      0.00 min
James   :            Karotten  :      0.00 min
James   :             Tomaten  :      0.00 min
James   :              Gurken  :      0.00 min
James   :          Kartoffeln  :      0.00 min
Lucas   :              Erbsen  :      0.00 min
Lucas   :        Heidelbeeren  :      0.00 min
Lucas   :      Bohnen-Flieder  :      0.00 min

%%%%%%%%%%     [4] Run the executable   ...DONE!
elapsed time:   13s
=====================================================================================================
