=====================================================================================================
%%%%%%%%%%     [6] Uploading logs and go sleeping...
> sudo -u mayadm git checkout artifacts
Zu Zweig »artifacts« gewechselt
Ihr Branch ist auf demselben Stand wie 'origin/artifacts'.
> sudo -u mayadm git pull
Bereits aktuell.
> sudo -u mayadm git merge maya-productive
Bereits aktuell.
> sudo -u mayadm git add "../artifacts/logs/11757-*.log" -f
> sudo -u mayadm git add "../artifacts/logs/11756-*.log" -f
> sudo -u mayadm git commit -m "logs at 2024-05-16--07h30"
[artifacts 71f6088ee] logs at 2024-05-16--07h30
 6 files changed, 315 insertions(+)
 create mode 100644 maya/artifacts/logs/11756--2024-05-16--06h49---6.log
 create mode 100644 maya/artifacts/logs/11757--2024-05-16--07h30---1.log
 create mode 100644 maya/artifacts/logs/11757--2024-05-16--07h30---2.log
 create mode 100644 maya/artifacts/logs/11757--2024-05-16--07h30---3.log
 create mode 100644 maya/artifacts/logs/11757--2024-05-16--07h30---4.log
 create mode 100644 maya/artifacts/logs/11757--2024-05-16--07h30---5.log
> sudo -u mayadm git push
To https://github.com/Necktschnagge/wired-watering
   aaf7bb387..71f6088ee  artifacts -> artifacts
> sudo -u mayadm git checkout maya-productive
Zu Zweig »maya-productive« gewechselt
Ihr Branch ist auf demselben Stand wie 'origin/maya-productive'.
> sudo -u mayadm git push
Everything up-to-date
##############################################################
###################                        ###################
###################     GOING TO SLEEP     ###################
###################                        ###################
##############################################################
#######                                                #######
#######   Press CTRL + C NOW to abort script safely!   #######
#######                                                #######
##############################################################
##############################################################
#######                                                #######
#######               NOW GOING TO SLEEP               #######
#######                                                #######
##############################################################
> rtcwake -m mem -s 2400
rtcwake: RTC wird als UTC interpretiert …
rtcwake: aufwachen von „mem“ durch /dev/rtc0 bei Thu May 16 06:10:41 2024
##############################################################
#######                                                #######
#######            just waked up from sleep            #######
#######                                                #######
##############################################################
%%%%%%%%%%     [6] Uploading logs and go sleeping   ...DONE!
elapsed time:   2415s
=====================================================================================================
