=====================================================================================================
%%%%%%%%%%     [6] Uploading logs and go sleeping...
> sudo -u mayadm git checkout artifacts
Zu Zweig »artifacts« gewechselt
Ihr Branch ist auf demselben Stand wie 'origin/artifacts'.
> sudo -u mayadm git pull
Bereits aktuell.
> sudo -u mayadm git merge maya-productive
Bereits aktuell.
> sudo -u mayadm git add "../artifacts/logs/11769-*.log" -f
> sudo -u mayadm git add "../artifacts/logs/11768-*.log" -f
> sudo -u mayadm git commit -m "logs at 2024-05-16--15h36"
[artifacts 9ff366f0a] logs at 2024-05-16--15h36
 6 files changed, 304 insertions(+)
 create mode 100644 maya/artifacts/logs/11768--2024-05-16--14h55---6.log
 create mode 100644 maya/artifacts/logs/11769--2024-05-16--15h36---1.log
 create mode 100644 maya/artifacts/logs/11769--2024-05-16--15h36---2.log
 create mode 100644 maya/artifacts/logs/11769--2024-05-16--15h36---3.log
 create mode 100644 maya/artifacts/logs/11769--2024-05-16--15h36---4.log
 create mode 100644 maya/artifacts/logs/11769--2024-05-16--15h36---5.log
> sudo -u mayadm git push
To https://github.com/Necktschnagge/wired-watering
   df1fa08ff..9ff366f0a  artifacts -> artifacts
> sudo -u mayadm git checkout maya-productive
Zu Zweig »maya-productive« gewechselt
Ihr Branch ist auf demselben Stand wie 'origin/maya-productive'.
> sudo -u mayadm git push
Everything up-to-date
##############################################################
###################                        ###################
###################     GOING TO SLEEP     ###################
###################                        ###################
##############################################################
#######                                                #######
#######   Press CTRL + C NOW to abort script safely!   #######
#######                                                #######
##############################################################
##############################################################
#######                                                #######
#######               NOW GOING TO SLEEP               #######
#######                                                #######
##############################################################
> rtcwake -m mem -s 2400
rtcwake: RTC wird als UTC interpretiert …
rtcwake: aufwachen von „mem“ durch /dev/rtc0 bei Thu May 16 14:16:45 2024
##############################################################
#######                                                #######
#######            just waked up from sleep            #######
#######                                                #######
##############################################################
%%%%%%%%%%     [6] Uploading logs and go sleeping   ...DONE!
elapsed time:   2416s
=====================================================================================================
