[maya-productive 52ccde0] upload logs
 7 files changed, 223 insertions(+)
 create mode 100644 maya/artifacts/logs/1176--2022-06-17--08h04---6.log
 create mode 100644 maya/artifacts/logs/1177--2022-06-17--08h09---1.log
 create mode 100644 maya/artifacts/logs/1177--2022-06-17--08h09---2.log
 create mode 100644 maya/artifacts/logs/1177--2022-06-17--08h09---3.log
 create mode 100644 maya/artifacts/logs/1177--2022-06-17--08h09---4.log
 create mode 100644 maya/artifacts/logs/1177--2022-06-17--08h09---5.log
 create mode 100644 maya/artifacts/logs/1177--2022-06-17--08h09---6.log
Bereits aktuell.
To https://github.com/Necktschnagge/wired-watering
   0c94b02..52ccde0  maya-productive -> maya-productive
Bereits auf 'maya-productive'
Ihr Branch ist auf demselben Stand wie 'origin/maya-productive'.
Everything up-to-date
##############################################################
###################                        ###################
###################     GOING TO SLEEP     ###################
###################                        ###################
##############################################################
#######                                                #######
#######   Press CTRL + C NOW to abort script safely!   #######
#######                                                #######
##############################################################
##############################################################
#######                                                #######
#######               NOW GOING TO SLEEP               #######
#######                                                #######
##############################################################
> rtcwake -m mem -s 300
rtcwake: RTC wird als UTC interpretiert …
rtcwake: aufwachen von „mem“ durch /dev/rtc0 bei Fri Jun 17 06:15:14 2022
##############################################################
#######                                                #######
#######            just waked up from sleep            #######
#######                                                #######
##############################################################
