=====================================================================================================
%%%%%%%%%%     [6] Uploading logs and go sleeping...
> sudo -u mayadm git checkout artifacts
Zu Zweig »artifacts« gewechselt
Ihr Branch ist auf demselben Stand wie 'origin/artifacts'.
> sudo -u mayadm git pull
Bereits aktuell.
> sudo -u mayadm git merge maya-productive
Bereits aktuell.
> sudo -u mayadm git add "../artifacts/logs/11775-*.log" -f
> sudo -u mayadm git add "../artifacts/logs/11774-*.log" -f
> sudo -u mayadm git commit -m "logs at 2024-05-16--19h39"
[artifacts 2ea10c006] logs at 2024-05-16--19h39
 6 files changed, 326 insertions(+)
 create mode 100644 maya/artifacts/logs/11774--2024-05-16--18h58---6.log
 create mode 100644 maya/artifacts/logs/11775--2024-05-16--19h39---1.log
 create mode 100644 maya/artifacts/logs/11775--2024-05-16--19h39---2.log
 create mode 100644 maya/artifacts/logs/11775--2024-05-16--19h39---3.log
 create mode 100644 maya/artifacts/logs/11775--2024-05-16--19h39---4.log
 create mode 100644 maya/artifacts/logs/11775--2024-05-16--19h39---5.log
> sudo -u mayadm git push
To https://github.com/Necktschnagge/wired-watering
   b6f5cc16c..2ea10c006  artifacts -> artifacts
> sudo -u mayadm git checkout maya-productive
Zu Zweig »maya-productive« gewechselt
Ihr Branch ist auf demselben Stand wie 'origin/maya-productive'.
> sudo -u mayadm git push
Everything up-to-date
##############################################################
###################                        ###################
###################     GOING TO SLEEP     ###################
###################                        ###################
##############################################################
#######                                                #######
#######   Press CTRL + C NOW to abort script safely!   #######
#######                                                #######
##############################################################
##############################################################
#######                                                #######
#######               NOW GOING TO SLEEP               #######
#######                                                #######
##############################################################
> rtcwake -m mem -s 2400
rtcwake: RTC wird als UTC interpretiert …
rtcwake: aufwachen von „mem“ durch /dev/rtc0 bei Thu May 16 18:19:56 2024
##############################################################
#######                                                #######
#######            just waked up from sleep            #######
#######                                                #######
##############################################################
%%%%%%%%%%     [6] Uploading logs and go sleeping   ...DONE!
elapsed time:   2416s
=====================================================================================================
