=====================================================================================================
%%%%%%%%%%     [6] Uploading logs and go sleeping...
> sudo -u mayadm git checkout artifacts
Zu Zweig »artifacts« gewechselt
Ihr Branch ist 1 Commit vor 'origin/artifacts'.
  (benutzen Sie "git push", um lokale Commits zu publizieren)
> sudo -u mayadm git pull
Bereits aktuell.
> sudo -u mayadm git merge maya-productive
Bereits aktuell.
> sudo -u mayadm git add "../artifacts/logs/11785-*.log" -f
> sudo -u mayadm git add "../artifacts/logs/11784-*.log" -f
> sudo -u mayadm git commit -m "logs at 2024-05-17--02h25"
[artifacts 7c8fea8de] logs at 2024-05-17--02h25
 6 files changed, 303 insertions(+)
 create mode 100644 maya/artifacts/logs/11784--2024-05-17--01h44---6.log
 create mode 100644 maya/artifacts/logs/11785--2024-05-17--02h25---1.log
 create mode 100644 maya/artifacts/logs/11785--2024-05-17--02h25---2.log
 create mode 100644 maya/artifacts/logs/11785--2024-05-17--02h25---3.log
 create mode 100644 maya/artifacts/logs/11785--2024-05-17--02h25---4.log
 create mode 100644 maya/artifacts/logs/11785--2024-05-17--02h25---5.log
> sudo -u mayadm git push
To https://github.com/Necktschnagge/wired-watering
   fa62bfe59..7c8fea8de  artifacts -> artifacts
> sudo -u mayadm git checkout maya-productive
Zu Zweig »maya-productive« gewechselt
Ihr Branch ist auf demselben Stand wie 'origin/maya-productive'.
> sudo -u mayadm git push
Everything up-to-date
##############################################################
###################                        ###################
###################     GOING TO SLEEP     ###################
###################                        ###################
##############################################################
#######                                                #######
#######   Press CTRL + C NOW to abort script safely!   #######
#######                                                #######
##############################################################
##############################################################
#######                                                #######
#######               NOW GOING TO SLEEP               #######
#######                                                #######
##############################################################
> rtcwake -m mem -s 2400
rtcwake: RTC wird als UTC interpretiert …
rtcwake: aufwachen von „mem“ durch /dev/rtc0 bei Fri May 17 01:06:04 2024
##############################################################
#######                                                #######
#######            just waked up from sleep            #######
#######                                                #######
##############################################################
%%%%%%%%%%     [6] Uploading logs and go sleeping   ...DONE!
elapsed time:   2416s
=====================================================================================================
