=====================================================================================================
%%%%%%%%%%     [6] Uploading logs and go sleeping...
> sudo -u mayadm git checkout artifacts
Zu Zweig »artifacts« gewechselt
Ihr Branch ist auf demselben Stand wie 'origin/artifacts'.
> sudo -u mayadm git pull
Bereits aktuell.
> sudo -u mayadm git merge maya-productive
Bereits aktuell.
> sudo -u mayadm git add "../artifacts/logs/11846-*.log" -f
> sudo -u mayadm git add "../artifacts/logs/11845-*.log" -f
> sudo -u mayadm git commit -m "logs at 2024-05-18--19h41"
[artifacts f8e48bf8e] logs at 2024-05-18--19h41
 6 files changed, 304 insertions(+)
 create mode 100644 maya/artifacts/logs/11845--2024-05-18--19h01---6.log
 create mode 100644 maya/artifacts/logs/11846--2024-05-18--19h41---1.log
 create mode 100644 maya/artifacts/logs/11846--2024-05-18--19h41---2.log
 create mode 100644 maya/artifacts/logs/11846--2024-05-18--19h41---3.log
 create mode 100644 maya/artifacts/logs/11846--2024-05-18--19h41---4.log
 create mode 100644 maya/artifacts/logs/11846--2024-05-18--19h41---5.log
> sudo -u mayadm git push
To https://github.com/Necktschnagge/wired-watering
   2d9980944..f8e48bf8e  artifacts -> artifacts
> sudo -u mayadm git checkout maya-productive
Zu Zweig »maya-productive« gewechselt
Ihr Branch ist auf demselben Stand wie 'origin/maya-productive'.
> sudo -u mayadm git push
Everything up-to-date
##############################################################
###################                        ###################
###################     GOING TO SLEEP     ###################
###################                        ###################
##############################################################
#######                                                #######
#######   Press CTRL + C NOW to abort script safely!   #######
#######                                                #######
##############################################################
##############################################################
#######                                                #######
#######               NOW GOING TO SLEEP               #######
#######                                                #######
##############################################################
> rtcwake -m mem -s 2400
rtcwake: RTC wird als UTC interpretiert …
rtcwake: aufwachen von „mem“ durch /dev/rtc0 bei Sat May 18 18:22:21 2024
##############################################################
#######                                                #######
#######            just waked up from sleep            #######
#######                                                #######
##############################################################
%%%%%%%%%%     [6] Uploading logs and go sleeping   ...DONE!
elapsed time:   2417s
=====================================================================================================
