=====================================================================================================
%%%%%%%%%%     [6] Uploading logs and go sleeping...
> sudo -u mayadm git checkout artifacts
Zu Zweig »artifacts« gewechselt
Ihr Branch ist auf demselben Stand wie 'origin/artifacts'.
> sudo -u mayadm git pull
Bereits aktuell.
> sudo -u mayadm git merge maya-productive
Bereits aktuell.
> sudo -u mayadm git add "../artifacts/logs/11840-*.log" -f
> sudo -u mayadm git add "../artifacts/logs/11839-*.log" -f
> sudo -u mayadm git commit -m "logs at 2024-05-18--15h38"
[artifacts 8ac202a0a] logs at 2024-05-18--15h38
 6 files changed, 304 insertions(+)
 create mode 100644 maya/artifacts/logs/11839--2024-05-18--14h58---6.log
 create mode 100644 maya/artifacts/logs/11840--2024-05-18--15h38---1.log
 create mode 100644 maya/artifacts/logs/11840--2024-05-18--15h38---2.log
 create mode 100644 maya/artifacts/logs/11840--2024-05-18--15h38---3.log
 create mode 100644 maya/artifacts/logs/11840--2024-05-18--15h38---4.log
 create mode 100644 maya/artifacts/logs/11840--2024-05-18--15h38---5.log
> sudo -u mayadm git push
To https://github.com/Necktschnagge/wired-watering
   7100c9c23..8ac202a0a  artifacts -> artifacts
> sudo -u mayadm git checkout maya-productive
Zu Zweig »maya-productive« gewechselt
Ihr Branch ist auf demselben Stand wie 'origin/maya-productive'.
> sudo -u mayadm git push
Everything up-to-date
##############################################################
###################                        ###################
###################     GOING TO SLEEP     ###################
###################                        ###################
##############################################################
#######                                                #######
#######   Press CTRL + C NOW to abort script safely!   #######
#######                                                #######
##############################################################
##############################################################
#######                                                #######
#######               NOW GOING TO SLEEP               #######
#######                                                #######
##############################################################
> rtcwake -m mem -s 2400
rtcwake: RTC wird als UTC interpretiert …
rtcwake: aufwachen von „mem“ durch /dev/rtc0 bei Sat May 18 14:19:22 2024
##############################################################
#######                                                #######
#######            just waked up from sleep            #######
#######                                                #######
##############################################################
%%%%%%%%%%     [6] Uploading logs and go sleeping   ...DONE!
elapsed time:   2417s
=====================================================================================================
