=====================================================================================================
%%%%%%%%%%     [6] Uploading logs and go sleeping...
> sudo -u mayadm git checkout artifacts
Zu Zweig »artifacts« gewechselt
Ihr Branch ist auf demselben Stand wie 'origin/artifacts'.
> sudo -u mayadm git pull
Bereits aktuell.
> sudo -u mayadm git merge maya-productive
Bereits aktuell.
> sudo -u mayadm git add "../artifacts/logs/11881-*.log" -f
> sudo -u mayadm git add "../artifacts/logs/11880-*.log" -f
> sudo -u mayadm git commit -m "logs at 2024-05-19--19h19"
[artifacts fb57e0477] logs at 2024-05-19--19h19
 6 files changed, 348 insertions(+)
 create mode 100644 maya/artifacts/logs/11880--2024-05-19--18h39---6.log
 create mode 100644 maya/artifacts/logs/11881--2024-05-19--19h19---1.log
 create mode 100644 maya/artifacts/logs/11881--2024-05-19--19h19---2.log
 create mode 100644 maya/artifacts/logs/11881--2024-05-19--19h19---3.log
 create mode 100644 maya/artifacts/logs/11881--2024-05-19--19h19---4.log
 create mode 100644 maya/artifacts/logs/11881--2024-05-19--19h19---5.log
> sudo -u mayadm git push
To https://github.com/Necktschnagge/wired-watering
   317018cbf..fb57e0477  artifacts -> artifacts
> sudo -u mayadm git checkout maya-productive
Zu Zweig »maya-productive« gewechselt
Ihr Branch ist auf demselben Stand wie 'origin/maya-productive'.
> sudo -u mayadm git push
Everything up-to-date
##############################################################
###################                        ###################
###################     GOING TO SLEEP     ###################
###################                        ###################
##############################################################
#######                                                #######
#######   Press CTRL + C NOW to abort script safely!   #######
#######                                                #######
##############################################################
##############################################################
#######                                                #######
#######               NOW GOING TO SLEEP               #######
#######                                                #######
##############################################################
> rtcwake -m mem -s 2400
rtcwake: RTC wird als UTC interpretiert …
rtcwake: aufwachen von „mem“ durch /dev/rtc0 bei Sun May 19 18:00:35 2024
##############################################################
#######                                                #######
#######            just waked up from sleep            #######
#######                                                #######
##############################################################
%%%%%%%%%%     [6] Uploading logs and go sleeping   ...DONE!
elapsed time:   2417s
=====================================================================================================
