=====================================================================================================
%%%%%%%%%%     [4] Run the executable...
>Please note:  Even if all builds failed, the last built executable is still there and will be started!
> sudo -u mayadm ./ur-unix-run.sh
[2024-05-20 13:38:06.744] [main] [info] Pinging Pump Server Mayson...
[2024-05-20 13:38:06.810] [main] [info] Pump Server ping OK!
[2024-05-20 13:38:06.810] [main] [info] Pinging Pump Server Mayson   ...DONE!
[2024-05-20 13:38:06.810] [main] [info] Pinging all valve stations...
[2024-05-20 13:38:10.106] [main] [info] James ping OK!
[2024-05-20 13:38:10.106] [main] [error] Fatal: Lucas not available!
[2024-05-20 13:38:10.106] [main] [info] Felix ping OK!
[2024-05-20 13:38:10.106] [main] [info] Pinging all valve stations   ...DONE!
[2024-05-20 13:38:10.106] [main] [info] Pinging Non-Existing Test Server...
[2024-05-20 13:38:13.160] [main] [info] Pinging Non-Existing Test Server OK!
[2024-05-20 13:38:13.160] [main] [info] Pinging Non-Existing Test Server   ...DONE!
[2024-05-20 13:38:13.160] [main] [info] Pinging Pump Server Mayson...
[2024-05-20 13:38:13.265] [main] [info] Pump Server ping OK!
[2024-05-20 13:38:13.265] [main] [info] Pinging Pump Server Mayson   ...DONE!
[2024-05-20 13:38:13.265] [main] [info] Pinging all valve stations...
[2024-05-20 13:38:16.551] [main] [info] James ping OK!
[2024-05-20 13:38:16.551] [main] [error] Fatal: Lucas not available!
[2024-05-20 13:38:16.551] [main] [info] Felix ping OK!
[2024-05-20 13:38:16.551] [main] [info] Pinging all valve stations   ...DONE!
[2024-05-20 13:38:16.551] [main] [info] Pinging Non-Existing Test Server...
[2024-05-20 13:38:19.624] [main] [info] Pinging Non-Existing Test Server OK!
[2024-05-20 13:38:19.624] [main] [info] Pinging Non-Existing Test Server   ...DONE!
[2024-05-20 13:38:19.624] [main] [info] Pinging Pump Server Mayson...
[2024-05-20 13:38:19.718] [main] [info] Pump Server ping OK!
[2024-05-20 13:38:19.718] [main] [info] Pinging Pump Server Mayson   ...DONE!
[2024-05-20 13:38:19.718] [main] [info] Pinging all valve stations...
[2024-05-20 13:38:23.002] [main] [info] James ping OK!
[2024-05-20 13:38:23.002] [main] [error] Fatal: Lucas not available!
[2024-05-20 13:38:23.002] [main] [info] Felix ping OK!
[2024-05-20 13:38:23.002] [main] [info] Pinging all valve stations   ...DONE!
[2024-05-20 13:38:23.002] [main] [info] Pinging Non-Existing Test Server...
[2024-05-20 13:38:26.056] [main] [info] Pinging Non-Existing Test Server OK!
[2024-05-20 13:38:26.056] [main] [info] Pinging Non-Existing Test Server   ...DONE!
[2024-05-20 13:38:26.056] [main] [info] Pinging Pump Server Mayson...
[2024-05-20 13:38:26.171] [main] [info] Pump Server ping OK!
[2024-05-20 13:38:26.171] [main] [info] Pinging Pump Server Mayson   ...DONE!
[2024-05-20 13:38:26.171] [main] [info] Pinging all valve stations...
[2024-05-20 13:38:26.594] [main] [info] James ping OK!
[2024-05-20 13:38:26.594] [main] [info] Lucas ping OK!
[2024-05-20 13:38:26.594] [main] [info] Felix ping OK!
[2024-05-20 13:38:26.594] [main] [info] Pinging all valve stations   ...DONE!
[2024-05-20 13:38:26.594] [main] [info] Pinging Non-Existing Test Server...
[2024-05-20 13:38:29.672] [main] [info] Pinging Non-Existing Test Server OK!
[2024-05-20 13:38:29.672] [main] [info] Pinging Non-Existing Test Server   ...DONE!
[2024-05-20 13:38:29.672] [main] [info] Creating Landscape...
[2024-05-20 13:38:29.672] [main] [info] Creating Landscape...
[2024-05-20 13:38:29.672] [main] [info] Creating Felix...
[2024-05-20 13:38:29.672] [main] [info] Creating James...
[2024-05-20 13:38:29.672] [main] [info] Creating Lucas...
[2024-05-20 13:38:29.672] [main] [info] Fetching timestamp...
std::chrono::system_clock::now().time_since_epoch()   :   1716205109672514141
get_seconds_since_epoch_now(bool verbose /* true */)   :   1716205109
minutes since epoch   :   28603418
minute of day   :   698
minute of hour   :   38
hour of day   :   11
[2024-05-20 13:38:29.672] [main] [info] Checking timestamp.txt...
[2024-05-20 13:38:29.672] [main] [debug] The timestamp.txt is always written when watering is triggered. It is read to check if I was already done with watering some minutes ago.
previous time_stamp:   28602850
[2024-05-20 13:38:29.672] [main] [info] Checking timestamp.txt   ...DONE!
[2024-05-20 13:38:29.672] [main] [info] It's not time for watering now!
[2024-05-20 13:38:29.672] [main] [info] Minute Intraday:   698
[2024-05-20 13:38:29.672] [main] [info] Days since Epoch:   19863
[2024-05-20 13:38:29.672] [main] [info] Accumulated watering times:

Felix   :          Eiben-Klee  :      0.00 min
Felix   :            Mara-alt  :      0.00 min
James   :            Karotten  :      0.00 min
James   :             Tomaten  :      0.00 min
James   :              Gurken  :      0.00 min
James   :          Kartoffeln  :      0.00 min
Lucas   :              Erbsen  :      0.00 min
Lucas   :        Heidelbeeren  :      0.00 min
Lucas   :      Bohnen-Flieder  :      0.00 min

%%%%%%%%%%     [4] Run the executable   ...DONE!
elapsed time:   23s
=====================================================================================================
