=====================================================================================================
=====================================================================================================
===     Starting with run #11927...
=====================================================================================================
=====================================================================================================
> ls -la ../../..
insgesamt 2220
drwxrwxr-x 6 mayadm mayadm    4096 Mai 21  2023 .
drwxr-xr-x 6 mayadm mayadm    4096 Mai 21 01:21 ..
drwxrwxr-x 4 mayadm mayadm    4096 Jun 19  2022 double
drwxrwxr-x 3 mayadm mayadm 2248704 Mai 21 01:21 logs
drwxrwxr-x 2 mayadm mayadm    4096 Mai 21  2023 secrets
drwxrwxr-x 6 mayadm mayadm    4096 Mai 14 16:01 wired-watering
> ls -la ../../../secrets
insgesamt 12
drwxrwxr-x 2 mayadm mayadm 4096 Mai 21  2023 .
drwxrwxr-x 6 mayadm mayadm 4096 Mai 21  2023 ..
-rw-rw-r-- 1 mayadm mayadm  103 Mai 21  2023 telegram_secrets.json
> echo "11927" | sudo -u mayadm tee /home/mayadm/repos/logs/counter.info
11927
> date
Di 21. Mai 02:02:18 CEST 2024
> dig +short txt ch whoami.cloudflare @1.0.0.1
"176.6.176.157"
> ./maya_connect_internet_usb0.sh
RTNETLINK answers: File exists
Connecting to internet via usb0 tethering successful.
=====================================================================================================
%%%%%%%%%%     [1] Cleaning working directory...
> sudo -u mayadm git branch
  artifacts
  artifacts-2023
  main
  maya-fallback
* maya-productive
> sudo -u mayadm git status
Auf Branch maya-productive
Ihr Branch ist auf demselben Stand wie 'origin/maya-productive'.

nichts zu committen, Arbeitsverzeichnis unverändert
> sudo -u mayadm git add -u; sudo -u mayadm git add *
> sudo -u mayadm git status
Auf Branch maya-productive
Ihr Branch ist auf demselben Stand wie 'origin/maya-productive'.

nichts zu committen, Arbeitsverzeichnis unverändert
Checking if there are uncommitted changes...
> sudo -u mayadm git update-index --refresh && sudo -u mayadm git diff-index --quiet HEAD --
> sudo -u mayadm git reset --hard;
HEAD ist jetzt bei 294b0bbbf turn off Maya (#118)
%%%%%%%%%%     [1] Cleaning working directory   ...DONE!
elapsed time:   0s
=====================================================================================================
