=====================================================================================================
%%%%%%%%%%     [6] Uploading logs and go sleeping...
> sudo -u mayadm git checkout artifacts
Zu Zweig »artifacts« gewechselt
Ihr Branch ist auf demselben Stand wie 'origin/artifacts'.
> sudo -u mayadm git pull
Bereits aktuell.
> sudo -u mayadm git merge maya-productive
Bereits aktuell.
> sudo -u mayadm git add "../artifacts/logs/11922-*.log" -f
> sudo -u mayadm git add "../artifacts/logs/11921-*.log" -f
> sudo -u mayadm git commit -m "logs at 2024-05-20--22h39"
[artifacts 71f91b4db] logs at 2024-05-20--22h39
 6 files changed, 303 insertions(+)
 create mode 100644 maya/artifacts/logs/11921--2024-05-20--21h59---6.log
 create mode 100644 maya/artifacts/logs/11922--2024-05-20--22h39---1.log
 create mode 100644 maya/artifacts/logs/11922--2024-05-20--22h39---2.log
 create mode 100644 maya/artifacts/logs/11922--2024-05-20--22h39---3.log
 create mode 100644 maya/artifacts/logs/11922--2024-05-20--22h39---4.log
 create mode 100644 maya/artifacts/logs/11922--2024-05-20--22h39---5.log
> sudo -u mayadm git push
To https://github.com/Necktschnagge/wired-watering
   4050c733f..71f91b4db  artifacts -> artifacts
> sudo -u mayadm git checkout maya-productive
Zu Zweig »maya-productive« gewechselt
Ihr Branch ist auf demselben Stand wie 'origin/maya-productive'.
> sudo -u mayadm git push
Everything up-to-date
##############################################################
###################                        ###################
###################     GOING TO SLEEP     ###################
###################                        ###################
##############################################################
#######                                                #######
#######   Press CTRL + C NOW to abort script safely!   #######
#######                                                #######
##############################################################
##############################################################
#######                                                #######
#######               NOW GOING TO SLEEP               #######
#######                                                #######
##############################################################
> rtcwake -m mem -s 2400
rtcwake: RTC wird als UTC interpretiert …
rtcwake: aufwachen von „mem“ durch /dev/rtc0 bei Mon May 20 21:20:03 2024
##############################################################
#######                                                #######
#######            just waked up from sleep            #######
#######                                                #######
##############################################################
%%%%%%%%%%     [6] Uploading logs and go sleeping   ...DONE!
elapsed time:   2418s
=====================================================================================================
