=====================================================================================================
%%%%%%%%%%     [4] Run the executable...
>Please note:  Even if all builds failed, the last built executable is still there and will be started!
> sudo -u mayadm ./ur-unix-run.sh
[2024-05-21 20:05:56.643] [main] [info] Pinging Pump Server Mayson...
[2024-05-21 20:05:56.703] [main] [info] Pump Server ping OK!
[2024-05-21 20:05:56.703] [main] [info] Pinging Pump Server Mayson   ...DONE!
[2024-05-21 20:05:56.703] [main] [info] Pinging all valve stations...
[2024-05-21 20:05:59.971] [main] [info] James ping OK!
[2024-05-21 20:05:59.971] [main] [info] Lucas ping OK!
[2024-05-21 20:05:59.971] [main] [error] Fatal: Felix not available!
[2024-05-21 20:05:59.971] [main] [info] Pinging all valve stations   ...DONE!
[2024-05-21 20:05:59.971] [main] [info] Pinging Non-Existing Test Server...
[2024-05-21 20:06:03.043] [main] [info] Pinging Non-Existing Test Server OK!
[2024-05-21 20:06:03.043] [main] [info] Pinging Non-Existing Test Server   ...DONE!
[2024-05-21 20:06:03.043] [main] [info] Pinging Pump Server Mayson...
[2024-05-21 20:06:03.150] [main] [info] Pump Server ping OK!
[2024-05-21 20:06:03.150] [main] [info] Pinging Pump Server Mayson   ...DONE!
[2024-05-21 20:06:03.150] [main] [info] Pinging all valve stations...
[2024-05-21 20:06:04.546] [main] [info] James ping OK!
[2024-05-21 20:06:04.546] [main] [info] Lucas ping OK!
[2024-05-21 20:06:04.546] [main] [info] Felix ping OK!
[2024-05-21 20:06:04.546] [main] [info] Pinging all valve stations   ...DONE!
[2024-05-21 20:06:04.546] [main] [info] Pinging Non-Existing Test Server...
[2024-05-21 20:06:07.619] [main] [info] Pinging Non-Existing Test Server OK!
[2024-05-21 20:06:07.619] [main] [info] Pinging Non-Existing Test Server   ...DONE!
[2024-05-21 20:06:07.619] [main] [info] Creating Landscape...
[2024-05-21 20:06:07.619] [main] [info] Creating Landscape...
[2024-05-21 20:06:07.619] [main] [info] Creating Felix...
[2024-05-21 20:06:07.619] [main] [info] Creating James...
[2024-05-21 20:06:07.619] [main] [info] Creating Lucas...
[2024-05-21 20:06:07.619] [main] [info] Fetching timestamp...
std::chrono::system_clock::now().time_since_epoch()   :   1716314767619635149
get_seconds_since_epoch_now(bool verbose /* true */)   :   1716314767
minutes since epoch   :   28605246
minute of day   :   1086
minute of hour   :   6
hour of day   :   18
[2024-05-21 20:06:07.619] [main] [info] Checking timestamp.txt...
[2024-05-21 20:06:07.619] [main] [debug] The timestamp.txt is always written when watering is triggered. It is read to check if I was already done with watering some minutes ago.
previous time_stamp:   28604284
[2024-05-21 20:06:07.619] [main] [info] Checking timestamp.txt   ...DONE!
[2024-05-21 20:06:07.619] [main] [info] It's not time for watering now!
[2024-05-21 20:06:07.619] [main] [info] Minute Intraday:   1086
[2024-05-21 20:06:07.619] [main] [info] Days since Epoch:   19864
[2024-05-21 20:06:07.619] [main] [info] Accumulated watering times:

Felix   :          Eiben-Klee  :      0.00 min
Felix   :            Mara-alt  :      0.00 min
James   :            Karotten  :      0.00 min
James   :             Tomaten  :      0.00 min
James   :              Gurken  :      0.00 min
James   :          Kartoffeln  :      0.00 min
Lucas   :              Erbsen  :      0.00 min
Lucas   :        Heidelbeeren  :      0.00 min
Lucas   :      Bohnen-Flieder  :      0.00 min

%%%%%%%%%%     [4] Run the executable   ...DONE!
elapsed time:   11s
=====================================================================================================
