=====================================================================================================
%%%%%%%%%%     [6] Uploading logs and go sleeping...
> sudo -u mayadm git checkout artifacts
Zu Zweig »artifacts« gewechselt
Ihr Branch ist auf demselben Stand wie 'origin/artifacts'.
> sudo -u mayadm git pull
Bereits aktuell.
> sudo -u mayadm git merge maya-productive
Bereits aktuell.
> sudo -u mayadm git add "../artifacts/logs/11964-*.log" -f
> sudo -u mayadm git add "../artifacts/logs/11963-*.log" -f
> sudo -u mayadm git commit -m "logs at 2024-05-22--02h51"
[artifacts 9be24ea61] logs at 2024-05-22--02h51
 6 files changed, 359 insertions(+)
 create mode 100644 maya/artifacts/logs/11963--2024-05-22--02h10---6.log
 create mode 100644 maya/artifacts/logs/11964--2024-05-22--02h51---1.log
 create mode 100644 maya/artifacts/logs/11964--2024-05-22--02h51---2.log
 create mode 100644 maya/artifacts/logs/11964--2024-05-22--02h51---3.log
 create mode 100644 maya/artifacts/logs/11964--2024-05-22--02h51---4.log
 create mode 100644 maya/artifacts/logs/11964--2024-05-22--02h51---5.log
> sudo -u mayadm git push
To https://github.com/Necktschnagge/wired-watering
   78bb23dea..9be24ea61  artifacts -> artifacts
> sudo -u mayadm git checkout maya-productive
Zu Zweig »maya-productive« gewechselt
Ihr Branch ist auf demselben Stand wie 'origin/maya-productive'.
> sudo -u mayadm git push
Everything up-to-date
##############################################################
###################                        ###################
###################     GOING TO SLEEP     ###################
###################                        ###################
##############################################################
#######                                                #######
#######   Press CTRL + C NOW to abort script safely!   #######
#######                                                #######
##############################################################
##############################################################
#######                                                #######
#######               NOW GOING TO SLEEP               #######
#######                                                #######
##############################################################
> rtcwake -m mem -s 2400
rtcwake: RTC wird als UTC interpretiert …
rtcwake: aufwachen von „mem“ durch /dev/rtc0 bei Wed May 22 01:32:50 2024
##############################################################
#######                                                #######
#######            just waked up from sleep            #######
#######                                                #######
##############################################################
%%%%%%%%%%     [6] Uploading logs and go sleeping   ...DONE!
elapsed time:   2417s
=====================================================================================================
