[maya-productive d7c5a5f] upload logs
 6 files changed, 188 insertions(+)
 create mode 100644 maya/artifacts/logs/1196--2022-06-17--09h56---1.log
 create mode 100644 maya/artifacts/logs/1196--2022-06-17--09h56---2.log
 create mode 100644 maya/artifacts/logs/1196--2022-06-17--09h56---3.log
 create mode 100644 maya/artifacts/logs/1196--2022-06-17--09h56---4.log
 create mode 100644 maya/artifacts/logs/1196--2022-06-17--09h56---5.log
 create mode 100644 maya/artifacts/logs/1196--2022-06-17--09h56---6.log
Bereits aktuell.
To https://github.com/Necktschnagge/wired-watering
   2d8c067..d7c5a5f  maya-productive -> maya-productive
Bereits auf 'maya-productive'
Ihr Branch ist auf demselben Stand wie 'origin/maya-productive'.
Everything up-to-date
##############################################################
###################                        ###################
###################     GOING TO SLEEP     ###################
###################                        ###################
##############################################################
#######                                                #######
#######   Press CTRL + C NOW to abort script safely!   #######
#######                                                #######
##############################################################
##############################################################
#######                                                #######
#######               NOW GOING TO SLEEP               #######
#######                                                #######
##############################################################
> rtcwake -m mem -s 300
rtcwake: RTC wird als UTC interpretiert …
rtcwake: aufwachen von „mem“ durch /dev/rtc0 bei Fri Jun 17 08:02:07 2022
##############################################################
#######                                                #######
#######            just waked up from sleep            #######
#######                                                #######
##############################################################
