=====================================================================================================
%%%%%%%%%%     [6] Uploading logs and go sleeping...
> sudo -u mayadm git checkout artifacts
Zu Zweig »artifacts« gewechselt
M	maya/extern/spdlog
Ihr Branch ist auf demselben Stand wie 'origin/artifacts'.
> sudo -u mayadm git pull
Von https://github.com/Necktschnagge/wired-watering
   ba173055d..4424b6d53  main            -> origin/main
   5c31904d4..294b0bbbf  maya-fallback   -> origin/maya-fallback
   3df88f314..d5babd450  maya-productive -> origin/maya-productive
Bereits aktuell.
> sudo -u mayadm git merge maya-productive
Merge made by the 'recursive' strategy.
 maya/extern/spdlog |  2 +-
 maya/src/main.cpp  | 76 +++++++++++++++++++++++++++++++++++-------------------
 2 files changed, 51 insertions(+), 27 deletions(-)
> sudo -u mayadm git add "../artifacts/logs/11979-*.log" -f
> sudo -u mayadm git add "../artifacts/logs/11978-*.log" -f
> sudo -u mayadm git commit -m "logs at 2024-05-22--13h03"
[artifacts 4597e3886] logs at 2024-05-22--13h03
 6 files changed, 564 insertions(+)
 create mode 100644 maya/artifacts/logs/11978--2024-05-22--12h21---6.log
 create mode 100644 maya/artifacts/logs/11979--2024-05-22--13h03---1.log
 create mode 100644 maya/artifacts/logs/11979--2024-05-22--13h03---2.log
 create mode 100644 maya/artifacts/logs/11979--2024-05-22--13h03---3.log
 create mode 100644 maya/artifacts/logs/11979--2024-05-22--13h03---4.log
 create mode 100644 maya/artifacts/logs/11979--2024-05-22--13h03---5.log
> sudo -u mayadm git push
To https://github.com/Necktschnagge/wired-watering
   462f4a3ba..4597e3886  artifacts -> artifacts
> sudo -u mayadm git checkout maya-productive
Zu Zweig »maya-productive« gewechselt
Ihr Branch ist 2 Commits hinter 'origin/maya-productive', und kann vorgespult werden.
  (benutzen Sie "git pull", um Ihren lokalen Branch zu aktualisieren)
> sudo -u mayadm git push
To https://github.com/Necktschnagge/wired-watering
 ! [rejected]            maya-productive -> maya-productive (non-fast-forward)
error: Fehler beim Versenden einiger Referenzen nach 'https://github.com/Necktschnagge/wired-watering'
Hinweis: Aktualisierungen wurden zurückgewiesen, weil die Spitze Ihres aktuellen
Hinweis: Branches hinter seinem externen Gegenstück zurückgefallen ist. Führen Sie
Hinweis: die externen Änderungen zusammen (z. B. 'git pull ...') bevor Sie "push"
Hinweis: erneut ausführen.
Hinweis: Siehe auch die Sektion 'Note about fast-forwards' in 'git push --help'
Hinweis: für weitere Details.
##############################################################
###################                        ###################
###################     GOING TO SLEEP     ###################
###################                        ###################
##############################################################
#######                                                #######
#######   Press CTRL + C NOW to abort script safely!   #######
#######                                                #######
##############################################################
##############################################################
#######                                                #######
#######               NOW GOING TO SLEEP               #######
#######                                                #######
##############################################################
> rtcwake -m mem -s 2400
rtcwake: RTC wird als UTC interpretiert …
rtcwake: aufwachen von „mem“ durch /dev/rtc0 bei Wed May 22 12:34:05 2024
##############################################################
#######                                                #######
#######            just waked up from sleep            #######
#######                                                #######
##############################################################
%%%%%%%%%%     [6] Uploading logs and go sleeping   ...DONE!
elapsed time:   2419s
=====================================================================================================
