=====================================================================================================
%%%%%%%%%%     [6] Uploading logs and go sleeping...
> sudo -u mayadm git checkout artifacts
fatal: Konnte aktuelles Arbeitsverzeichnis nicht lesen.: Datei oder Verzeichnis nicht gefunden
> sudo -u mayadm git pull
fatal: Konnte aktuelles Arbeitsverzeichnis nicht lesen.: Datei oder Verzeichnis nicht gefunden
> sudo -u mayadm git merge maya-productive
fatal: Konnte aktuelles Arbeitsverzeichnis nicht lesen.: Datei oder Verzeichnis nicht gefunden
> sudo -u mayadm git add "../artifacts/logs/12002-*.log" -f
fatal: Konnte aktuelles Arbeitsverzeichnis nicht lesen.: Datei oder Verzeichnis nicht gefunden
> sudo -u mayadm git add "../artifacts/logs/12001-*.log" -f
fatal: Konnte aktuelles Arbeitsverzeichnis nicht lesen.: Datei oder Verzeichnis nicht gefunden
> sudo -u mayadm git commit -m "logs at 2024-05-23--05h22"
fatal: Konnte aktuelles Arbeitsverzeichnis nicht lesen.: Datei oder Verzeichnis nicht gefunden
> sudo -u mayadm git push
fatal: Konnte aktuelles Arbeitsverzeichnis nicht lesen.: Datei oder Verzeichnis nicht gefunden
> sudo -u mayadm git checkout maya-productive
fatal: Konnte aktuelles Arbeitsverzeichnis nicht lesen.: Datei oder Verzeichnis nicht gefunden
> sudo -u mayadm git push
fatal: Konnte aktuelles Arbeitsverzeichnis nicht lesen.: Datei oder Verzeichnis nicht gefunden
##############################################################
###################                        ###################
###################     GOING TO SLEEP     ###################
###################                        ###################
##############################################################
#######                                                #######
#######   Press CTRL + C NOW to abort script safely!   #######
#######                                                #######
##############################################################
##############################################################
#######                                                #######
#######               NOW GOING TO SLEEP               #######
#######                                                #######
##############################################################
> rtcwake -m mem -s 2400
rtcwake: RTC wird als UTC interpretiert …
rtcwake: aufwachen von „mem“ durch /dev/rtc0 bei Thu May 23 04:03:27 2024
##############################################################
#######                                                #######
#######            just waked up from sleep            #######
#######                                                #######
##############################################################
%%%%%%%%%%     [6] Uploading logs and go sleeping   ...DONE!
elapsed time:   2416s
=====================================================================================================
