=====================================================================================================
%%%%%%%%%%     [6] Uploading logs and go sleeping...
> sudo -u mayadm git checkout artifacts
Zu Zweig »artifacts« gewechselt
Ihr Branch ist auf demselben Stand wie 'origin/artifacts'.
> sudo -u mayadm git pull
Bereits aktuell.
> sudo -u mayadm git merge maya-productive
Bereits aktuell.
> sudo -u mayadm git add "../artifacts/logs/12025-*.log" -f
> sudo -u mayadm git add "../artifacts/logs/12024-*.log" -f
> sudo -u mayadm git commit -m "logs at 2024-06-02--15h53"
[artifacts d30d03fef] logs at 2024-06-02--15h53
 6 files changed, 446 insertions(+)
 create mode 100644 maya/artifacts/logs/12024--2024-06-02--15h30---6.log
 create mode 100644 maya/artifacts/logs/12025--2024-06-02--15h53---1.log
 create mode 100644 maya/artifacts/logs/12025--2024-06-02--15h53---2.log
 create mode 100644 maya/artifacts/logs/12025--2024-06-02--15h53---3.log
 create mode 100644 maya/artifacts/logs/12025--2024-06-02--15h53---4.log
 create mode 100644 maya/artifacts/logs/12025--2024-06-02--15h53---5.log
> sudo -u mayadm git push
To https://github.com/Necktschnagge/wired-watering
   a6ff4b2d3..d30d03fef  artifacts -> artifacts
> sudo -u mayadm git checkout maya-productive
Zu Zweig »maya-productive« gewechselt
Ihr Branch ist auf demselben Stand wie 'origin/maya-productive'.
> sudo -u mayadm git push
Everything up-to-date
##############################################################
###################                        ###################
###################     GOING TO SLEEP     ###################
###################                        ###################
##############################################################
#######                                                #######
#######   Press CTRL + C NOW to abort script safely!   #######
#######                                                #######
##############################################################
##############################################################
#######                                                #######
#######               NOW GOING TO SLEEP               #######
#######                                                #######
##############################################################
> rtcwake -m mem -s 2400
rtcwake: RTC wird als UTC interpretiert …
rtcwake: aufwachen von „mem“ durch /dev/rtc0 bei Sun Jun  2 14:34:54 2024
##############################################################
#######                                                #######
#######            just waked up from sleep            #######
#######                                                #######
##############################################################
%%%%%%%%%%     [6] Uploading logs and go sleeping   ...DONE!
elapsed time:   2417s
=====================================================================================================
