=====================================================================================================
%%%%%%%%%%     [4] Run the executable...
>Please note:  Even if all builds failed, the last built executable is still there and will be started!
> sudo -u mayadm ./ur-unix-run.sh
[2024-06-02 17:56:08.265] [main] [info] Pinging Pump Server Mayson...
[2024-06-02 17:56:08.370] [main] [info] Pump Server ping OK!
[2024-06-02 17:56:08.370] [main] [info] Pinging Pump Server Mayson   ...DONE!
[2024-06-02 17:56:08.370] [main] [info] Pinging all valve stations...
[2024-06-02 17:56:08.679] [main] [info] James ping OK!
[2024-06-02 17:56:08.679] [main] [info] Lucas ping OK!
[2024-06-02 17:56:08.679] [main] [info] Felix ping OK!
[2024-06-02 17:56:08.679] [main] [info] Pinging all valve stations   ...DONE!
[2024-06-02 17:56:08.679] [main] [info] Pinging Non-Existing Test Server...
[2024-06-02 17:56:11.752] [main] [info] Pinging Non-Existing Test Server OK!
[2024-06-02 17:56:11.752] [main] [info] Pinging Non-Existing Test Server   ...DONE!
[2024-06-02 17:56:11.752] [main] [info] Creating Landscape...
[2024-06-02 17:56:11.752] [main] [info] Creating Landscape...
[2024-06-02 17:56:11.752] [main] [info] Creating Felix...
[2024-06-02 17:56:11.752] [main] [info] Creating James...
[2024-06-02 17:56:11.752] [main] [info] Creating Lucas...
[2024-06-02 17:56:11.752] [main] [info] Fetching timestamp...
std::chrono::system_clock::now().time_since_epoch()   :   1717343771752930023
get_seconds_since_epoch_now(bool verbose /* true */)   :   1717343771
minutes since epoch   :   28622396
minute of day   :   956
minute of hour   :   56
hour of day   :   15
[2024-06-02 17:56:11.753] [main] [info] Checking timestamp.txt...
[2024-06-02 17:56:11.753] [main] [debug] The timestamp.txt is always written when watering is triggered. It is read to check if I was already done with watering some minutes ago.
previous time_stamp:   28606265
[2024-06-02 17:56:11.753] [main] [info] Checking timestamp.txt   ...DONE!
[2024-06-02 17:56:11.753] [main] [info] It's not time for watering now!
[2024-06-02 17:56:11.753] [main] [info] Minute Intraday:   956
[2024-06-02 17:56:11.753] [main] [info] Days since Epoch:   19876
[2024-06-02 17:56:11.753] [main] [info] Accumulated watering times:

Felix   :          Eiben-Klee  :      0.00 min
Felix   :            Mara-alt  :      0.00 min
James   : JAMES_VALVE_1_LABEL  :      0.00 min
James   :          Kartoffeln  :      0.00 min
James   : JAMES_VALVE_3_LABEL  :      0.00 min
James   :             Tomaten  :      0.00 min
Lucas   :              Erbsen  :      0.00 min
Lucas   :        Heidelbeeren  :      0.00 min
Lucas   :      Bohnen-Flieder  :      0.00 min

%%%%%%%%%%     [4] Run the executable   ...DONE!
elapsed time:   3s
=====================================================================================================
