=====================================================================================================
%%%%%%%%%%     [6] Uploading logs and go sleeping...
> sudo -u mayadm git checkout artifacts
Zu Zweig »artifacts« gewechselt
Ihr Branch ist auf demselben Stand wie 'origin/artifacts'.
> sudo -u mayadm git pull
Bereits aktuell.
> sudo -u mayadm git merge maya-productive
Bereits aktuell.
> sudo -u mayadm git add "../artifacts/logs/12032-*.log" -f
> sudo -u mayadm git add "../artifacts/logs/12031-*.log" -f
> sudo -u mayadm git commit -m "logs at 2024-06-02--20h37"
[artifacts 102b07957] logs at 2024-06-02--20h37
 6 files changed, 303 insertions(+)
 create mode 100644 maya/artifacts/logs/12031--2024-06-02--19h57---6.log
 create mode 100644 maya/artifacts/logs/12032--2024-06-02--20h37---1.log
 create mode 100644 maya/artifacts/logs/12032--2024-06-02--20h37---2.log
 create mode 100644 maya/artifacts/logs/12032--2024-06-02--20h37---3.log
 create mode 100644 maya/artifacts/logs/12032--2024-06-02--20h37---4.log
 create mode 100644 maya/artifacts/logs/12032--2024-06-02--20h37---5.log
> sudo -u mayadm git push
To https://github.com/Necktschnagge/wired-watering
   d8b909d39..102b07957  artifacts -> artifacts
> sudo -u mayadm git checkout maya-productive
Zu Zweig »maya-productive« gewechselt
Ihr Branch ist auf demselben Stand wie 'origin/maya-productive'.
> sudo -u mayadm git push
Everything up-to-date
##############################################################
###################                        ###################
###################     GOING TO SLEEP     ###################
###################                        ###################
##############################################################
#######                                                #######
#######   Press CTRL + C NOW to abort script safely!   #######
#######                                                #######
##############################################################
##############################################################
#######                                                #######
#######               NOW GOING TO SLEEP               #######
#######                                                #######
##############################################################
> rtcwake -m mem -s 2400
rtcwake: RTC wird als UTC interpretiert …
rtcwake: aufwachen von „mem“ durch /dev/rtc0 bei Sun Jun  2 19:18:22 2024
##############################################################
#######                                                #######
#######            just waked up from sleep            #######
#######                                                #######
##############################################################
%%%%%%%%%%     [6] Uploading logs and go sleeping   ...DONE!
elapsed time:   2415s
=====================================================================================================
