=====================================================================================================
%%%%%%%%%%     [6] Uploading logs and go sleeping...
> sudo -u mayadm git checkout artifacts
Zu Zweig »artifacts« gewechselt
Ihr Branch ist auf demselben Stand wie 'origin/artifacts'.
> sudo -u mayadm git pull
Bereits aktuell.
> sudo -u mayadm git merge maya-productive
Bereits aktuell.
> sudo -u mayadm git add "../artifacts/logs/12036-*.log" -f
> sudo -u mayadm git add "../artifacts/logs/12035-*.log" -f
> sudo -u mayadm git commit -m "logs at 2024-06-03--00h23"
[artifacts 6d981d842] logs at 2024-06-03--00h23
 6 files changed, 416 insertions(+)
 create mode 100644 maya/artifacts/logs/12035--2024-06-02--23h11---6.log
 create mode 100644 maya/artifacts/logs/12036--2024-06-03--00h23---1.log
 create mode 100644 maya/artifacts/logs/12036--2024-06-03--00h23---2.log
 create mode 100644 maya/artifacts/logs/12036--2024-06-03--00h23---3.log
 create mode 100644 maya/artifacts/logs/12036--2024-06-03--00h23---4.log
 create mode 100644 maya/artifacts/logs/12036--2024-06-03--00h23---5.log
> sudo -u mayadm git push
To https://github.com/Necktschnagge/wired-watering
   98d5459fd..6d981d842  artifacts -> artifacts
> sudo -u mayadm git checkout maya-productive
Zu Zweig »maya-productive« gewechselt
Ihr Branch ist auf demselben Stand wie 'origin/maya-productive'.
> sudo -u mayadm git push
Everything up-to-date
##############################################################
###################                        ###################
###################     GOING TO SLEEP     ###################
###################                        ###################
##############################################################
#######                                                #######
#######   Press CTRL + C NOW to abort script safely!   #######
#######                                                #######
##############################################################
##############################################################
#######                                                #######
#######               NOW GOING TO SLEEP               #######
#######                                                #######
##############################################################
> rtcwake -m mem -s 2400
rtcwake: RTC wird als UTC interpretiert …
rtcwake: aufwachen von „mem“ durch /dev/rtc0 bei Sun Jun  2 23:35:00 2024
##############################################################
#######                                                #######
#######            just waked up from sleep            #######
#######                                                #######
##############################################################
%%%%%%%%%%     [6] Uploading logs and go sleeping   ...DONE!
elapsed time:   2416s
=====================================================================================================
