=====================================================================================================
%%%%%%%%%%     [6] Uploading logs and go sleeping...
> sudo -u mayadm git checkout artifacts
Zu Zweig »artifacts« gewechselt
Ihr Branch ist auf demselben Stand wie 'origin/artifacts'.
> sudo -u mayadm git pull
Bereits aktuell.
> sudo -u mayadm git merge maya-productive
Merge made by the 'recursive' strategy.
 maya/src/main.cpp | 45 +++++++++++++++++++++++++++++++++++++++++----
 1 file changed, 41 insertions(+), 4 deletions(-)
> sudo -u mayadm git add "../artifacts/logs/12034-*.log" -f
> sudo -u mayadm git add "../artifacts/logs/12033-*.log" -f
> sudo -u mayadm git commit -m "logs at 2024-06-02--21h58"
[artifacts 7a0f75745] logs at 2024-06-02--21h58
 6 files changed, 428 insertions(+)
 create mode 100644 maya/artifacts/logs/12033--2024-06-02--21h18---6.log
 create mode 100644 maya/artifacts/logs/12034--2024-06-02--21h58---1.log
 create mode 100644 maya/artifacts/logs/12034--2024-06-02--21h58---2.log
 create mode 100644 maya/artifacts/logs/12034--2024-06-02--21h58---3.log
 create mode 100644 maya/artifacts/logs/12034--2024-06-02--21h58---4.log
 create mode 100644 maya/artifacts/logs/12034--2024-06-02--21h58---5.log
> sudo -u mayadm git push
To https://github.com/Necktschnagge/wired-watering
   de9935db0..7a0f75745  artifacts -> artifacts
> sudo -u mayadm git checkout maya-productive
Zu Zweig »maya-productive« gewechselt
Ihr Branch ist auf demselben Stand wie 'origin/maya-productive'.
> sudo -u mayadm git push
Everything up-to-date
##############################################################
###################                        ###################
###################     GOING TO SLEEP     ###################
###################                        ###################
##############################################################
#######                                                #######
#######   Press CTRL + C NOW to abort script safely!   #######
#######                                                #######
##############################################################
##############################################################
#######                                                #######
#######               NOW GOING TO SLEEP               #######
#######                                                #######
##############################################################
> rtcwake -m mem -s 2400
rtcwake: RTC wird als UTC interpretiert …
rtcwake: aufwachen von „mem“ durch /dev/rtc0 bei Sun Jun  2 21:10:56 2024
##############################################################
#######                                                #######
#######            just waked up from sleep            #######
#######                                                #######
##############################################################
%%%%%%%%%%     [6] Uploading logs and go sleeping   ...DONE!
elapsed time:   2416s
=====================================================================================================
