=====================================================================================================
%%%%%%%%%%     [4] Run the executable...
>Please note:  Even if all builds failed, the last built executable is still there and will be started!
> sudo -u mayadm ./ur-unix-run.sh
[2024-06-03 03:58:12.329] [main] [info] Pinging Pump Server Mayson...
[2024-06-03 03:58:12.423] [main] [info] Pump Server ping OK!
[2024-06-03 03:58:12.423] [main] [info] Pinging Pump Server Mayson   ...DONE!
[2024-06-03 03:58:12.423] [main] [info] Pinging all valve stations...
[2024-06-03 03:58:12.727] [main] [info] James ping OK!
[2024-06-03 03:58:12.727] [main] [info] Lucas ping OK!
[2024-06-03 03:58:12.727] [main] [info] Felix ping OK!
[2024-06-03 03:58:12.727] [main] [info] Pinging all valve stations   ...DONE!
[2024-06-03 03:58:12.727] [main] [info] Pinging Non-Existing Test Server...
[2024-06-03 03:58:15.811] [main] [info] Pinging Non-Existing Test Server OK!
[2024-06-03 03:58:15.811] [main] [info] Pinging Non-Existing Test Server   ...DONE!
[2024-06-03 03:58:15.811] [main] [info] Creating Landscape...
[2024-06-03 03:58:15.811] [main] [info] Creating Landscape...
[2024-06-03 03:58:15.811] [main] [info] Creating Felix...
[2024-06-03 03:58:15.811] [main] [info] Creating James...
[2024-06-03 03:58:15.811] [main] [info] Creating Lucas...
[2024-06-03 03:58:15.811] [main] [info] Fetching timestamp...
std::chrono::system_clock::now().time_since_epoch()   :   1717379895811137961
get_seconds_since_epoch_now(bool verbose /* true */)   :   1717379895
minutes since epoch   :   28622998
minute of day   :   118
minute of hour   :   58
hour of day   :   1
[2024-06-03 03:58:15.811] [main] [info] Checking timestamp.txt...
[2024-06-03 03:58:15.811] [main] [debug] The timestamp.txt is always written when watering is triggered. It is read to check if I was already done with watering some minutes ago.
previous time_stamp:   28606265
[2024-06-03 03:58:15.811] [main] [info] Checking timestamp.txt   ...DONE!
[2024-06-03 03:58:15.811] [main] [info] It's not time for watering now!
[2024-06-03 03:58:15.811] [main] [info] Minute Intraday:   118
[2024-06-03 03:58:15.811] [main] [info] Days since Epoch:   19877
Send request to pump relay:
URL:   http://192.168.1.10:80/status?auto=off&system=off&manual=off
Response:
status code:   200
text:
{
 "server-name" : "pump-relay-mayson",
 "action" : "okay"
}
[2024-06-03 03:58:15.959] [main] [info] 
--------------------------------------------------------------
Send valves at 1717379895
http://192.168.1.21:80/status?valves=4
200
{
 "server-name" : "valve-server-lucas",
 "action" : "okay"
}
[2024-06-03 03:58:16.047] [main] [info] 
Switched the following valves: --->
          Lucas:   Bohnen-Flieder   OFF -> ON 
                                   <---
Send request to pump relay:
URL:   http://192.168.1.10:80/status?auto=on&system=on
Response:
status code:   200
text:
{
 "server-name" : "pump-relay-mayson",
 "action" : "okay"
}
[2024-06-03 03:59:19.126] [main] [info] 
--------------------------------------------------------------
Send valves at 1717379959
http://192.168.1.22:80/status?valves=0
200
{
 "server-name" : "valve-server-felix",
 "action" : "okay"
}
[2024-06-03 03:59:19.229] [main] [info] 
Switched the following valves: --->
                                   <---
[2024-06-03 03:59:19.229] [main] [info] 
--------------------------------------------------------------
Send valves at 1717379959
http://192.168.1.20:80/status?valves=0
200
{
 "server-name" : "valve-server-james",
 "action" : "okay"
}
[2024-06-03 03:59:20.384] [main] [info] 
Switched the following valves: --->
                                   <---
[2024-06-03 03:59:20.384] [main] [info] 
--------------------------------------------------------------
Send valves at 1717379960
http://192.168.1.21:80/status?valves=0
200
{
 "server-name" : "valve-server-lucas",
 "action" : "okay"
}
[2024-06-03 03:59:20.511] [main] [info] 
Switched the following valves: --->
          Lucas:   Bohnen-Flieder    ON -> OFF
                                   <---
[2024-06-03 04:29:20.055] [main] [info] 
--------------------------------------------------------------
Send valves at 1717381760
http://192.168.1.22:80/status?valves=0
200
{
 "server-name" : "valve-server-felix",
 "action" : "okay"
}
[2024-06-03 04:29:20.177] [main] [info] 
Switched the following valves: --->
                                   <---
[2024-06-03 04:29:20.177] [main] [info] 
--------------------------------------------------------------
Send valves at 1717381760
http://192.168.1.20:80/status?valves=0
200
{
 "server-name" : "valve-server-james",
 "action" : "okay"
}
[2024-06-03 04:29:20.758] [main] [info] 
Switched the following valves: --->
                                   <---
[2024-06-03 04:29:20.758] [main] [info] 
--------------------------------------------------------------
Send valves at 1717381760
http://192.168.1.21:80/status?valves=0
200
{
 "server-name" : "valve-server-lucas",
 "action" : "okay"
}
[2024-06-03 04:29:20.896] [main] [info] 
Switched the following valves: --->
                                   <---
Send request to pump relay:
URL:   http://192.168.1.10:80/status?auto=off
Response:
status code:   200
text:
{
 "server-name" : "pump-relay-mayson",
 "action" : "okay"
}
[2024-06-03 04:29:20.978] [main] [info] Accumulated watering times:

Felix   :          Eiben-Klee  :      0.00 min
Felix   :            Mara-alt  :      0.00 min
James   : JAMES_VALVE_1_LABEL  :      0.00 min
James   :          Kartoffeln  :      0.00 min
James   : JAMES_VALVE_3_LABEL  :      0.00 min
James   :             Tomaten  :      0.00 min
Lucas   :              Erbsen  :      0.00 min
Lucas   :        Heidelbeeren  :      0.00 min
Lucas   :      Bohnen-Flieder  :      1.07 min

%%%%%%%%%%     [4] Run the executable   ...DONE!
elapsed time:   1869s
=====================================================================================================
