=====================================================================================================
%%%%%%%%%%     [6] Uploading logs and go sleeping...
> sudo -u mayadm git checkout artifacts
Zu Zweig »artifacts« gewechselt
Ihr Branch ist 4 Commits vor 'origin/artifacts'.
  (benutzen Sie "git push", um lokale Commits zu publizieren)
> sudo -u mayadm git pull
fatal: konnte nicht auf 'https://github.com/Necktschnagge/wired-watering/' zugreifen: Could not resolve host: github.com
> sudo -u mayadm git merge maya-productive
Bereits aktuell.
> sudo -u mayadm git add "../artifacts/logs/12044-*.log" -f
> sudo -u mayadm git add "../artifacts/logs/12043-*.log" -f
> sudo -u mayadm git commit -m "logs at 2024-06-03--09h57"
[artifacts c928c6b7e] logs at 2024-06-03--09h57
 6 files changed, 419 insertions(+)
 create mode 100644 maya/artifacts/logs/12043--2024-06-03--08h45---6.log
 create mode 100644 maya/artifacts/logs/12044--2024-06-03--09h57---1.log
 create mode 100644 maya/artifacts/logs/12044--2024-06-03--09h57---2.log
 create mode 100644 maya/artifacts/logs/12044--2024-06-03--09h57---3.log
 create mode 100644 maya/artifacts/logs/12044--2024-06-03--09h57---4.log
 create mode 100644 maya/artifacts/logs/12044--2024-06-03--09h57---5.log
> sudo -u mayadm git push
fatal: konnte nicht auf 'https://github.com/Necktschnagge/wired-watering/' zugreifen: Could not resolve host: github.com
> sudo -u mayadm git checkout maya-productive
Zu Zweig »maya-productive« gewechselt
Ihr Branch ist auf demselben Stand wie 'origin/maya-productive'.
> sudo -u mayadm git push
fatal: konnte nicht auf 'https://github.com/Necktschnagge/wired-watering/' zugreifen: Could not resolve host: github.com
##############################################################
###################                        ###################
###################     GOING TO SLEEP     ###################
###################                        ###################
##############################################################
#######                                                #######
#######   Press CTRL + C NOW to abort script safely!   #######
#######                                                #######
##############################################################
##############################################################
#######                                                #######
#######               NOW GOING TO SLEEP               #######
#######                                                #######
##############################################################
> rtcwake -m mem -s 2400
rtcwake: RTC wird als UTC interpretiert …
rtcwake: aufwachen von „mem“ durch /dev/rtc0 bei Mon Jun  3 09:08:30 2024
##############################################################
#######                                                #######
#######            just waked up from sleep            #######
#######                                                #######
##############################################################
%%%%%%%%%%     [6] Uploading logs and go sleeping   ...DONE!
elapsed time:   844s
=====================================================================================================
