=====================================================================================================
%%%%%%%%%%     [4] Run the executable...
>Please note:  Even if all builds failed, the last built executable is still there and will be started!
> sudo -u mayadm ./ur-unix-run.sh
[2024-06-03 10:45:10.433] [main] [info] Pinging Pump Server Mayson...
[2024-06-03 10:45:10.504] [main] [info] Pump Server ping OK!
[2024-06-03 10:45:10.504] [main] [info] Pinging Pump Server Mayson   ...DONE!
[2024-06-03 10:45:10.504] [main] [info] Pinging all valve stations...
[2024-06-03 10:45:12.866] [main] [info] James ping OK!
[2024-06-03 10:45:12.866] [main] [info] Lucas ping OK!
[2024-06-03 10:45:12.866] [main] [info] Felix ping OK!
[2024-06-03 10:45:12.866] [main] [info] Pinging all valve stations   ...DONE!
[2024-06-03 10:45:12.866] [main] [info] Pinging Non-Existing Test Server...
[2024-06-03 10:45:15.945] [main] [info] Pinging Non-Existing Test Server OK!
[2024-06-03 10:45:15.945] [main] [info] Pinging Non-Existing Test Server   ...DONE!
[2024-06-03 10:45:15.945] [main] [info] Creating Landscape...
[2024-06-03 10:45:15.945] [main] [info] Creating Landscape...
[2024-06-03 10:45:15.945] [main] [info] Creating Felix...
[2024-06-03 10:45:15.945] [main] [info] Creating James...
[2024-06-03 10:45:15.945] [main] [info] Creating Lucas...
[2024-06-03 10:45:15.945] [main] [info] Fetching timestamp...
std::chrono::system_clock::now().time_since_epoch()   :   1717404315945426355
get_seconds_since_epoch_now(bool verbose /* true */)   :   1717404315
minutes since epoch   :   28623405
minute of day   :   525
minute of hour   :   45
hour of day   :   8
[2024-06-03 10:45:15.945] [main] [info] Checking timestamp.txt...
[2024-06-03 10:45:15.945] [main] [debug] The timestamp.txt is always written when watering is triggered. It is read to check if I was already done with watering some minutes ago.
previous time_stamp:   28606265
[2024-06-03 10:45:15.945] [main] [info] Checking timestamp.txt   ...DONE!
Wrote to timestamp.txt
Send request to pump relay:
URL:   http://192.168.1.10:80/status?auto=off&system=off&manual=off
Response:
status code:   200
text:
{
 "server-name" : "pump-relay-mayson",
 "action" : "okay"
}
[2024-06-03 10:45:16.146] [main] [info] 
--------------------------------------------------------------
Send valves at 1717404316
http://192.168.1.22:80/status?valves=1
200
{
 "server-name" : "valve-server-felix",
 "action" : "okay"
}
[2024-06-03 10:45:16.324] [main] [info] 
Switched the following valves: --->
          Felix:   Eiben-Klee   OFF -> ON 
                                   <---
[2024-06-03 10:45:16.324] [main] [info] 
--------------------------------------------------------------
Send valves at 1717404316
http://192.168.1.22:80/status?valves=3
200
{
 "server-name" : "valve-server-felix",
 "action" : "okay"
}
[2024-06-03 10:45:16.498] [main] [info] 
Switched the following valves: --->
          Felix:   Mara-alt   OFF -> ON 
                                   <---
[2024-06-03 10:45:16.498] [main] [info] 
--------------------------------------------------------------
Send valves at 1717404316
http://192.168.1.20:80/status?valves=2
200
{
 "server-name" : "valve-server-james",
 "action" : "okay"
}
[2024-06-03 10:45:16.644] [main] [info] 
Switched the following valves: --->
          James:   Kartoffeln   OFF -> ON 
                                   <---
[2024-06-03 10:45:16.644] [main] [info] 
--------------------------------------------------------------
Send valves at 1717404316
http://192.168.1.20:80/status?valves=10
200
{
 "server-name" : "valve-server-james",
 "action" : "okay"
}
[2024-06-03 10:45:16.706] [main] [info] 
Switched the following valves: --->
          James:   Tomaten   OFF -> ON 
                                   <---
Send request to pump relay:
URL:   http://192.168.1.10:80/status?auto=on&system=on
Response:
status code:   200
text:
{
 "server-name" : "pump-relay-mayson",
 "action" : "okay"
}
