=====================================================================================================
%%%%%%%%%%     [4] Run the executable...
>Please note:  Even if all builds failed, the last built executable is still there and will be started!
> sudo -u mayadm ./ur-unix-run.sh
[2024-06-03 15:53:09.636] [main] [info] Pinging Pump Server Mayson...
[2024-06-03 15:53:10.772] [main] [info] Pump Server ping OK!
[2024-06-03 15:53:10.772] [main] [info] Pinging Pump Server Mayson   ...DONE!
[2024-06-03 15:53:10.772] [main] [info] Pinging all valve stations...
[2024-06-03 15:53:11.087] [main] [info] James ping OK!
[2024-06-03 15:53:11.087] [main] [info] Lucas ping OK!
[2024-06-03 15:53:11.087] [main] [info] Felix ping OK!
[2024-06-03 15:53:11.087] [main] [info] Pinging all valve stations   ...DONE!
[2024-06-03 15:53:11.087] [main] [info] Pinging Non-Existing Test Server...
[2024-06-03 15:53:14.154] [main] [info] Pinging Non-Existing Test Server OK!
[2024-06-03 15:53:14.154] [main] [info] Pinging Non-Existing Test Server   ...DONE!
[2024-06-03 15:53:14.154] [main] [info] Creating Landscape...
[2024-06-03 15:53:14.154] [main] [info] Creating Landscape...
[2024-06-03 15:53:14.154] [main] [info] Creating Felix...
[2024-06-03 15:53:14.154] [main] [info] Creating James...
[2024-06-03 15:53:14.154] [main] [info] Creating Lucas...
[2024-06-03 15:53:14.154] [main] [info] Fetching timestamp...
std::chrono::system_clock::now().time_since_epoch()   :   1717422794154143642
get_seconds_since_epoch_now(bool verbose /* true */)   :   1717422794
minutes since epoch   :   28623713
minute of day   :   833
minute of hour   :   53
hour of day   :   13
[2024-06-03 15:53:14.154] [main] [info] Checking timestamp.txt...
[2024-06-03 15:53:14.154] [main] [debug] The timestamp.txt is always written when watering is triggered. It is read to check if I was already done with watering some minutes ago.
previous time_stamp:   28623405
[2024-06-03 15:53:14.154] [main] [info] Checking timestamp.txt   ...DONE!
[2024-06-03 15:53:14.154] [main] [info] It's not time for watering now!
[2024-06-03 15:53:14.154] [main] [info] Minute Intraday:   833
[2024-06-03 15:53:14.154] [main] [info] Days since Epoch:   19877
[2024-06-03 15:53:14.154] [main] [info] Accumulated watering times:

Felix   :          Eiben-Klee  :      0.00 min
Felix   :            Mara-alt  :      0.00 min
James   : JAMES_VALVE_1_LABEL  :      0.00 min
James   :          Kartoffeln  :      0.00 min
James   : JAMES_VALVE_3_LABEL  :      0.00 min
James   :             Tomaten  :      0.00 min
Lucas   :              Erbsen  :      0.00 min
Lucas   :        Heidelbeeren  :      0.00 min
Lucas   :      Bohnen-Flieder  :      0.00 min

%%%%%%%%%%     [4] Run the executable   ...DONE!
elapsed time:   5s
=====================================================================================================
