=====================================================================================================
%%%%%%%%%%     [6] Uploading logs and go sleeping...
> sudo -u mayadm git checkout artifacts
Zu Zweig »artifacts« gewechselt
Ihr Branch ist auf demselben Stand wie 'origin/artifacts'.
> sudo -u mayadm git pull
Bereits aktuell.
> sudo -u mayadm git merge maya-productive
Bereits aktuell.
> sudo -u mayadm git add "../artifacts/logs/12078-*.log" -f
> sudo -u mayadm git add "../artifacts/logs/12077-*.log" -f
> sudo -u mayadm git commit -m "logs at 2024-06-04--08h08"
[artifacts e5ff5fe5f] logs at 2024-06-04--08h08
 6 files changed, 304 insertions(+)
 create mode 100644 maya/artifacts/logs/12077--2024-06-04--07h28---6.log
 create mode 100644 maya/artifacts/logs/12078--2024-06-04--08h08---1.log
 create mode 100644 maya/artifacts/logs/12078--2024-06-04--08h08---2.log
 create mode 100644 maya/artifacts/logs/12078--2024-06-04--08h08---3.log
 create mode 100644 maya/artifacts/logs/12078--2024-06-04--08h08---4.log
 create mode 100644 maya/artifacts/logs/12078--2024-06-04--08h08---5.log
> sudo -u mayadm git push
To https://github.com/Necktschnagge/wired-watering
   877b87ac5..e5ff5fe5f  artifacts -> artifacts
> sudo -u mayadm git checkout maya-productive
Zu Zweig »maya-productive« gewechselt
Ihr Branch ist auf demselben Stand wie 'origin/maya-productive'.
> sudo -u mayadm git push
Everything up-to-date
##############################################################
###################                        ###################
###################     GOING TO SLEEP     ###################
###################                        ###################
##############################################################
#######                                                #######
#######   Press CTRL + C NOW to abort script safely!   #######
#######                                                #######
##############################################################
##############################################################
#######                                                #######
#######               NOW GOING TO SLEEP               #######
#######                                                #######
##############################################################
> rtcwake -m mem -s 2400
rtcwake: RTC wird als UTC interpretiert …
rtcwake: aufwachen von „mem“ durch /dev/rtc0 bei Tue Jun  4 06:49:13 2024
##############################################################
#######                                                #######
#######            just waked up from sleep            #######
#######                                                #######
##############################################################
%%%%%%%%%%     [6] Uploading logs and go sleeping   ...DONE!
elapsed time:   2417s
=====================================================================================================
