=====================================================================================================
%%%%%%%%%%     [6] Uploading logs and go sleeping...
> sudo -u mayadm git checkout artifacts
Zu Zweig »artifacts« gewechselt
Ihr Branch ist 1 Commit vor 'origin/artifacts'.
  (benutzen Sie "git push", um lokale Commits zu publizieren)
> sudo -u mayadm git pull
fatal: konnte nicht auf 'https://github.com/Necktschnagge/wired-watering/' zugreifen: Could not resolve host: github.com
> sudo -u mayadm git merge maya-productive
Bereits aktuell.
> sudo -u mayadm git add "../artifacts/logs/12071-*.log" -f
> sudo -u mayadm git add "../artifacts/logs/12070-*.log" -f
> sudo -u mayadm git commit -m "logs at 2024-06-04--03h22"
[artifacts 237f326c8] logs at 2024-06-04--03h22
 6 files changed, 307 insertions(+)
 create mode 100644 maya/artifacts/logs/12070--2024-06-04--02h41---6.log
 create mode 100644 maya/artifacts/logs/12071--2024-06-04--03h22---1.log
 create mode 100644 maya/artifacts/logs/12071--2024-06-04--03h22---2.log
 create mode 100644 maya/artifacts/logs/12071--2024-06-04--03h22---3.log
 create mode 100644 maya/artifacts/logs/12071--2024-06-04--03h22---4.log
 create mode 100644 maya/artifacts/logs/12071--2024-06-04--03h22---5.log
> sudo -u mayadm git push
fatal: konnte nicht auf 'https://github.com/Necktschnagge/wired-watering/' zugreifen: Could not resolve host: github.com
> sudo -u mayadm git checkout maya-productive
Zu Zweig »maya-productive« gewechselt
Ihr Branch ist auf demselben Stand wie 'origin/maya-productive'.
> sudo -u mayadm git push
fatal: konnte nicht auf 'https://github.com/Necktschnagge/wired-watering/' zugreifen: Could not resolve host: github.com
##############################################################
###################                        ###################
###################     GOING TO SLEEP     ###################
###################                        ###################
##############################################################
#######                                                #######
#######   Press CTRL + C NOW to abort script safely!   #######
#######                                                #######
##############################################################
##############################################################
#######                                                #######
#######               NOW GOING TO SLEEP               #######
#######                                                #######
##############################################################
> rtcwake -m mem -s 2400
rtcwake: RTC wird als UTC interpretiert …
rtcwake: aufwachen von „mem“ durch /dev/rtc0 bei Tue Jun  4 02:04:00 2024
##############################################################
#######                                                #######
#######            just waked up from sleep            #######
#######                                                #######
##############################################################
%%%%%%%%%%     [6] Uploading logs and go sleeping   ...DONE!
elapsed time:   2436s
=====================================================================================================
