=====================================================================================================
%%%%%%%%%%     [6] Uploading logs and go sleeping...
> sudo -u mayadm git checkout artifacts
Zu Zweig »artifacts« gewechselt
Ihr Branch ist auf demselben Stand wie 'origin/artifacts'.
> sudo -u mayadm git pull
Bereits aktuell.
> sudo -u mayadm git merge maya-productive
Bereits aktuell.
> sudo -u mayadm git add "../artifacts/logs/12097-*.log" -f
> sudo -u mayadm git add "../artifacts/logs/12096-*.log" -f
> sudo -u mayadm git commit -m "logs at 2024-06-04--21h33"
[artifacts 78ee1aaff] logs at 2024-06-04--21h33
 6 files changed, 315 insertions(+)
 create mode 100644 maya/artifacts/logs/12096--2024-06-04--20h52---6.log
 create mode 100644 maya/artifacts/logs/12097--2024-06-04--21h33---1.log
 create mode 100644 maya/artifacts/logs/12097--2024-06-04--21h33---2.log
 create mode 100644 maya/artifacts/logs/12097--2024-06-04--21h33---3.log
 create mode 100644 maya/artifacts/logs/12097--2024-06-04--21h33---4.log
 create mode 100644 maya/artifacts/logs/12097--2024-06-04--21h33---5.log
> sudo -u mayadm git push
To https://github.com/Necktschnagge/wired-watering
   4b4384184..78ee1aaff  artifacts -> artifacts
> sudo -u mayadm git checkout maya-productive
Zu Zweig »maya-productive« gewechselt
Ihr Branch ist auf demselben Stand wie 'origin/maya-productive'.
> sudo -u mayadm git push
Everything up-to-date
##############################################################
###################                        ###################
###################     GOING TO SLEEP     ###################
###################                        ###################
##############################################################
#######                                                #######
#######   Press CTRL + C NOW to abort script safely!   #######
#######                                                #######
##############################################################
##############################################################
#######                                                #######
#######               NOW GOING TO SLEEP               #######
#######                                                #######
##############################################################
> rtcwake -m mem -s 2400
rtcwake: RTC wird als UTC interpretiert …
rtcwake: aufwachen von „mem“ durch /dev/rtc0 bei Tue Jun  4 20:13:37 2024
##############################################################
#######                                                #######
#######            just waked up from sleep            #######
#######                                                #######
##############################################################
%%%%%%%%%%     [6] Uploading logs and go sleeping   ...DONE!
elapsed time:   2416s
=====================================================================================================
