=====================================================================================================
%%%%%%%%%%     [6] Uploading logs and go sleeping...
> sudo -u mayadm git checkout artifacts
Zu Zweig »artifacts« gewechselt
Ihr Branch ist auf demselben Stand wie 'origin/artifacts'.
> sudo -u mayadm git pull
Bereits aktuell.
> sudo -u mayadm git merge maya-productive
Bereits aktuell.
> sudo -u mayadm git add "../artifacts/logs/12091-*.log" -f
> sudo -u mayadm git add "../artifacts/logs/12090-*.log" -f
> sudo -u mayadm git commit -m "logs at 2024-06-04--17h29"
[artifacts aeb8fe411] logs at 2024-06-04--17h29
 6 files changed, 326 insertions(+)
 create mode 100644 maya/artifacts/logs/12090--2024-06-04--16h49---6.log
 create mode 100644 maya/artifacts/logs/12091--2024-06-04--17h29---1.log
 create mode 100644 maya/artifacts/logs/12091--2024-06-04--17h29---2.log
 create mode 100644 maya/artifacts/logs/12091--2024-06-04--17h29---3.log
 create mode 100644 maya/artifacts/logs/12091--2024-06-04--17h29---4.log
 create mode 100644 maya/artifacts/logs/12091--2024-06-04--17h29---5.log
> sudo -u mayadm git push
To https://github.com/Necktschnagge/wired-watering
   37f192a91..aeb8fe411  artifacts -> artifacts
> sudo -u mayadm git checkout maya-productive
Zu Zweig »maya-productive« gewechselt
Ihr Branch ist auf demselben Stand wie 'origin/maya-productive'.
> sudo -u mayadm git push
Everything up-to-date
##############################################################
###################                        ###################
###################     GOING TO SLEEP     ###################
###################                        ###################
##############################################################
#######                                                #######
#######   Press CTRL + C NOW to abort script safely!   #######
#######                                                #######
##############################################################
##############################################################
#######                                                #######
#######               NOW GOING TO SLEEP               #######
#######                                                #######
##############################################################
> rtcwake -m mem -s 2400
rtcwake: RTC wird als UTC interpretiert …
rtcwake: aufwachen von „mem“ durch /dev/rtc0 bei Tue Jun  4 16:10:35 2024
##############################################################
#######                                                #######
#######            just waked up from sleep            #######
#######                                                #######
##############################################################
%%%%%%%%%%     [6] Uploading logs and go sleeping   ...DONE!
elapsed time:   2417s
=====================================================================================================
