=====================================================================================================
%%%%%%%%%%     [4] Run the executable...
>Please note:  Even if all builds failed, the last built executable is still there and will be started!
> sudo -u mayadm ./ur-unix-run.sh
[2024-06-05 18:23:18.224] [main] [info] Pinging Pump Server Mayson...
[2024-06-05 18:23:18.333] [main] [info] Pump Server ping OK!
[2024-06-05 18:23:18.333] [main] [info] Pinging Pump Server Mayson   ...DONE!
[2024-06-05 18:23:18.333] [main] [info] Pinging all valve stations...
[2024-06-05 18:23:21.599] [main] [info] James ping OK!
[2024-06-05 18:23:21.599] [main] [info] Lucas ping OK!
[2024-06-05 18:23:21.599] [main] [error] Fatal: Felix not available!
[2024-06-05 18:23:21.599] [main] [info] Pinging all valve stations   ...DONE!
[2024-06-05 18:23:21.599] [main] [info] Pinging Non-Existing Test Server...
[2024-06-05 18:23:24.670] [main] [info] Pinging Non-Existing Test Server OK!
[2024-06-05 18:23:24.670] [main] [info] Pinging Non-Existing Test Server   ...DONE!
[2024-06-05 18:23:24.670] [main] [info] Pinging Pump Server Mayson...
[2024-06-05 18:23:24.695] [main] [info] Pump Server ping OK!
[2024-06-05 18:23:24.695] [main] [info] Pinging Pump Server Mayson   ...DONE!
[2024-06-05 18:23:24.695] [main] [info] Pinging all valve stations...
[2024-06-05 18:23:28.095] [main] [info] James ping OK!
[2024-06-05 18:23:28.095] [main] [info] Lucas ping OK!
[2024-06-05 18:23:28.095] [main] [error] Fatal: Felix not available!
[2024-06-05 18:23:28.095] [main] [info] Pinging all valve stations   ...DONE!
[2024-06-05 18:23:28.095] [main] [info] Pinging Non-Existing Test Server...
[2024-06-05 18:23:31.166] [main] [info] Pinging Non-Existing Test Server OK!
[2024-06-05 18:23:31.166] [main] [info] Pinging Non-Existing Test Server   ...DONE!
[2024-06-05 18:23:31.166] [main] [info] Pinging Pump Server Mayson...
[2024-06-05 18:23:31.282] [main] [info] Pump Server ping OK!
[2024-06-05 18:23:31.282] [main] [info] Pinging Pump Server Mayson   ...DONE!
[2024-06-05 18:23:31.282] [main] [info] Pinging all valve stations...
[2024-06-05 18:23:34.559] [main] [info] James ping OK!
[2024-06-05 18:23:34.559] [main] [info] Lucas ping OK!
[2024-06-05 18:23:34.559] [main] [error] Fatal: Felix not available!
[2024-06-05 18:23:34.559] [main] [info] Pinging all valve stations   ...DONE!
[2024-06-05 18:23:34.559] [main] [info] Pinging Non-Existing Test Server...
[2024-06-05 18:23:37.630] [main] [info] Pinging Non-Existing Test Server OK!
[2024-06-05 18:23:37.630] [main] [info] Pinging Non-Existing Test Server   ...DONE!
[2024-06-05 18:23:37.631] [main] [info] Pinging Pump Server Mayson...
[2024-06-05 18:23:37.749] [main] [info] Pump Server ping OK!
[2024-06-05 18:23:37.749] [main] [info] Pinging Pump Server Mayson   ...DONE!
[2024-06-05 18:23:37.749] [main] [info] Pinging all valve stations...
[2024-06-05 18:23:41.022] [main] [info] James ping OK!
[2024-06-05 18:23:41.022] [main] [info] Lucas ping OK!
[2024-06-05 18:23:41.022] [main] [error] Fatal: Felix not available!
[2024-06-05 18:23:41.022] [main] [info] Pinging all valve stations   ...DONE!
[2024-06-05 18:23:41.022] [main] [info] Pinging Non-Existing Test Server...
[2024-06-05 18:23:44.094] [main] [info] Pinging Non-Existing Test Server OK!
[2024-06-05 18:23:44.094] [main] [info] Pinging Non-Existing Test Server   ...DONE!
[2024-06-05 18:23:44.094] [main] [info] Pinging Pump Server Mayson...
[2024-06-05 18:23:44.205] [main] [info] Pump Server ping OK!
[2024-06-05 18:23:44.205] [main] [info] Pinging Pump Server Mayson   ...DONE!
[2024-06-05 18:23:44.205] [main] [info] Pinging all valve stations...
[2024-06-05 18:23:47.486] [main] [info] James ping OK!
[2024-06-05 18:23:47.486] [main] [info] Lucas ping OK!
[2024-06-05 18:23:47.486] [main] [error] Fatal: Felix not available!
[2024-06-05 18:23:47.486] [main] [info] Pinging all valve stations   ...DONE!
[2024-06-05 18:23:47.486] [main] [info] Pinging Non-Existing Test Server...
[2024-06-05 18:23:50.558] [main] [info] Pinging Non-Existing Test Server OK!
[2024-06-05 18:23:50.558] [main] [info] Pinging Non-Existing Test Server   ...DONE!
[2024-06-05 18:23:50.558] [main] [info] Pinging Pump Server Mayson...
[2024-06-05 18:23:50.758] [main] [info] Pump Server ping OK!
[2024-06-05 18:23:50.758] [main] [info] Pinging Pump Server Mayson   ...DONE!
[2024-06-05 18:23:50.758] [main] [info] Pinging all valve stations...
[2024-06-05 18:23:54.046] [main] [info] James ping OK!
[2024-06-05 18:23:54.046] [main] [info] Lucas ping OK!
[2024-06-05 18:23:54.046] [main] [error] Fatal: Felix not available!
[2024-06-05 18:23:54.046] [main] [info] Pinging all valve stations   ...DONE!
[2024-06-05 18:23:54.046] [main] [info] Pinging Non-Existing Test Server...
[2024-06-05 18:23:57.118] [main] [info] Pinging Non-Existing Test Server OK!
[2024-06-05 18:23:57.119] [main] [info] Pinging Non-Existing Test Server   ...DONE!
[2024-06-05 18:23:57.119] [main] [info] Pinging Pump Server Mayson...
[2024-06-05 18:23:57.211] [main] [info] Pump Server ping OK!
[2024-06-05 18:23:57.211] [main] [info] Pinging Pump Server Mayson   ...DONE!
[2024-06-05 18:23:57.211] [main] [info] Pinging all valve stations...
[2024-06-05 18:24:00.510] [main] [info] James ping OK!
[2024-06-05 18:24:00.510] [main] [info] Lucas ping OK!
[2024-06-05 18:24:00.510] [main] [error] Fatal: Felix not available!
[2024-06-05 18:24:00.510] [main] [info] Pinging all valve stations   ...DONE!
[2024-06-05 18:24:00.510] [main] [info] Pinging Non-Existing Test Server...
[2024-06-05 18:24:03.582] [main] [info] Pinging Non-Existing Test Server OK!
[2024-06-05 18:24:03.582] [main] [info] Pinging Non-Existing Test Server   ...DONE!
[2024-06-05 18:24:03.582] [main] [info] Pinging Pump Server Mayson...
[2024-06-05 18:24:03.666] [main] [info] Pump Server ping OK!
[2024-06-05 18:24:03.666] [main] [info] Pinging Pump Server Mayson   ...DONE!
[2024-06-05 18:24:03.666] [main] [info] Pinging all valve stations...
[2024-06-05 18:24:04.079] [main] [info] James ping OK!
[2024-06-05 18:24:04.079] [main] [info] Lucas ping OK!
[2024-06-05 18:24:04.079] [main] [info] Felix ping OK!
[2024-06-05 18:24:04.079] [main] [info] Pinging all valve stations   ...DONE!
[2024-06-05 18:24:04.079] [main] [info] Pinging Non-Existing Test Server...
[2024-06-05 18:24:07.134] [main] [info] Pinging Non-Existing Test Server OK!
[2024-06-05 18:24:07.134] [main] [info] Pinging Non-Existing Test Server   ...DONE!
[2024-06-05 18:24:07.134] [main] [info] Creating Landscape...
[2024-06-05 18:24:07.134] [main] [info] Creating Landscape...
[2024-06-05 18:24:07.134] [main] [info] Creating Felix...
[2024-06-05 18:24:07.134] [main] [info] Creating James...
[2024-06-05 18:24:07.134] [main] [info] Creating Lucas...
[2024-06-05 18:24:07.134] [main] [info] Fetching timestamp...
std::chrono::system_clock::now().time_since_epoch()   :   1717604647134942731
get_seconds_since_epoch_now(bool verbose /* true */)   :   1717604647
minutes since epoch   :   28626744
minute of day   :   984
minute of hour   :   24
hour of day   :   16
[2024-06-05 18:24:07.135] [main] [info] Checking timestamp.txt...
[2024-06-05 18:24:07.135] [main] [debug] The timestamp.txt is always written when watering is triggered. It is read to check if I was already done with watering some minutes ago.
previous time_stamp:   28625979
[2024-06-05 18:24:07.135] [main] [info] Checking timestamp.txt   ...DONE!
[2024-06-05 18:24:07.135] [main] [info] It's not time for watering now!
[2024-06-05 18:24:07.135] [main] [info] Minute Intraday:   984
[2024-06-05 18:24:07.135] [main] [info] Days since Epoch:   19879
[2024-06-05 18:24:07.135] [main] [info] Accumulated watering times:

Felix   :          Eiben-Klee  :      0.00 min
Felix   :            Mara-alt  :      0.00 min
James   : JAMES_VALVE_1_LABEL  :      0.00 min
James   :          Kartoffeln  :      0.00 min
James   : JAMES_VALVE_3_LABEL  :      0.00 min
James   :             Tomaten  :      0.00 min
Lucas   :               LUC-1  :      0.00 min
Lucas   :        Heidelbeeren  :      0.00 min
Lucas   : Baer-Bohnen-Flieder  :      0.00 min

%%%%%%%%%%     [4] Run the executable   ...DONE!
elapsed time:   49s
=====================================================================================================
