=====================================================================================================
%%%%%%%%%%     [4] Run the executable...
>Please note:  Even if all builds failed, the last built executable is still there and will be started!
> sudo -u mayadm ./ur-unix-run.sh
[2024-06-06 15:16:48.585] [main] [info] Pinging Pump Server Mayson...
[2024-06-06 15:16:48.659] [main] [info] Pump Server ping OK!
[2024-06-06 15:16:48.659] [main] [info] Pinging Pump Server Mayson   ...DONE!
[2024-06-06 15:16:48.659] [main] [info] Pinging all valve stations...
[2024-06-06 15:16:51.951] [main] [info] James ping OK!
[2024-06-06 15:16:51.951] [main] [info] Lucas ping OK!
[2024-06-06 15:16:51.951] [main] [error] Fatal: Felix not available!
[2024-06-06 15:16:51.951] [main] [info] Pinging all valve stations   ...DONE!
[2024-06-06 15:16:51.951] [main] [info] Pinging Non-Existing Test Server...
[2024-06-06 15:16:55.023] [main] [info] Pinging Non-Existing Test Server OK!
[2024-06-06 15:16:55.023] [main] [info] Pinging Non-Existing Test Server   ...DONE!
[2024-06-06 15:16:55.023] [main] [info] Pinging Pump Server Mayson...
[2024-06-06 15:16:55.120] [main] [info] Pump Server ping OK!
[2024-06-06 15:16:55.120] [main] [info] Pinging Pump Server Mayson   ...DONE!
[2024-06-06 15:16:55.120] [main] [info] Pinging all valve stations...
[2024-06-06 15:16:58.414] [main] [info] James ping OK!
[2024-06-06 15:16:58.414] [main] [info] Lucas ping OK!
[2024-06-06 15:16:58.414] [main] [error] Fatal: Felix not available!
[2024-06-06 15:16:58.414] [main] [info] Pinging all valve stations   ...DONE!
[2024-06-06 15:16:58.414] [main] [info] Pinging Non-Existing Test Server...
[2024-06-06 15:17:01.486] [main] [info] Pinging Non-Existing Test Server OK!
[2024-06-06 15:17:01.486] [main] [info] Pinging Non-Existing Test Server   ...DONE!
[2024-06-06 15:17:01.486] [main] [info] Pinging Pump Server Mayson...
[2024-06-06 15:17:01.578] [main] [info] Pump Server ping OK!
[2024-06-06 15:17:01.578] [main] [info] Pinging Pump Server Mayson   ...DONE!
[2024-06-06 15:17:01.578] [main] [info] Pinging all valve stations...
[2024-06-06 15:17:04.975] [main] [info] James ping OK!
[2024-06-06 15:17:04.975] [main] [info] Lucas ping OK!
[2024-06-06 15:17:04.975] [main] [error] Fatal: Felix not available!
[2024-06-06 15:17:04.975] [main] [info] Pinging all valve stations   ...DONE!
[2024-06-06 15:17:04.975] [main] [info] Pinging Non-Existing Test Server...
[2024-06-06 15:17:08.046] [main] [info] Pinging Non-Existing Test Server OK!
[2024-06-06 15:17:08.046] [main] [info] Pinging Non-Existing Test Server   ...DONE!
[2024-06-06 15:17:08.046] [main] [info] Pinging Pump Server Mayson...
[2024-06-06 15:17:08.243] [main] [info] Pump Server ping OK!
[2024-06-06 15:17:08.243] [main] [info] Pinging Pump Server Mayson   ...DONE!
[2024-06-06 15:17:08.243] [main] [info] Pinging all valve stations...
[2024-06-06 15:17:11.534] [main] [info] James ping OK!
[2024-06-06 15:17:11.534] [main] [info] Lucas ping OK!
[2024-06-06 15:17:11.534] [main] [error] Fatal: Felix not available!
[2024-06-06 15:17:11.534] [main] [info] Pinging all valve stations   ...DONE!
[2024-06-06 15:17:11.534] [main] [info] Pinging Non-Existing Test Server...
[2024-06-06 15:17:14.606] [main] [info] Pinging Non-Existing Test Server OK!
[2024-06-06 15:17:14.606] [main] [info] Pinging Non-Existing Test Server   ...DONE!
[2024-06-06 15:17:14.606] [main] [info] Pinging Pump Server Mayson...
[2024-06-06 15:17:14.699] [main] [info] Pump Server ping OK!
[2024-06-06 15:17:14.699] [main] [info] Pinging Pump Server Mayson   ...DONE!
[2024-06-06 15:17:14.699] [main] [info] Pinging all valve stations...
[2024-06-06 15:17:17.966] [main] [info] James ping OK!
[2024-06-06 15:17:17.966] [main] [info] Lucas ping OK!
[2024-06-06 15:17:17.966] [main] [error] Fatal: Felix not available!
[2024-06-06 15:17:17.966] [main] [info] Pinging all valve stations   ...DONE!
[2024-06-06 15:17:17.966] [main] [info] Pinging Non-Existing Test Server...
[2024-06-06 15:17:21.038] [main] [info] Pinging Non-Existing Test Server OK!
[2024-06-06 15:17:21.038] [main] [info] Pinging Non-Existing Test Server   ...DONE!
[2024-06-06 15:17:21.038] [main] [info] Pinging Pump Server Mayson...
[2024-06-06 15:17:21.150] [main] [info] Pump Server ping OK!
[2024-06-06 15:17:21.150] [main] [info] Pinging Pump Server Mayson   ...DONE!
[2024-06-06 15:17:21.150] [main] [info] Pinging all valve stations...
[2024-06-06 15:17:24.430] [main] [info] James ping OK!
[2024-06-06 15:17:24.430] [main] [info] Lucas ping OK!
[2024-06-06 15:17:24.430] [main] [error] Fatal: Felix not available!
[2024-06-06 15:17:24.430] [main] [info] Pinging all valve stations   ...DONE!
[2024-06-06 15:17:24.430] [main] [info] Pinging Non-Existing Test Server...
[2024-06-06 15:17:27.502] [main] [info] Pinging Non-Existing Test Server OK!
[2024-06-06 15:17:27.502] [main] [info] Pinging Non-Existing Test Server   ...DONE!
[2024-06-06 15:17:27.502] [main] [info] Pinging Pump Server Mayson...
[2024-06-06 15:17:27.615] [main] [info] Pump Server ping OK!
[2024-06-06 15:17:27.615] [main] [info] Pinging Pump Server Mayson   ...DONE!
[2024-06-06 15:17:27.615] [main] [info] Pinging all valve stations...
[2024-06-06 15:17:27.949] [main] [info] James ping OK!
[2024-06-06 15:17:27.949] [main] [info] Lucas ping OK!
[2024-06-06 15:17:27.949] [main] [info] Felix ping OK!
[2024-06-06 15:17:27.949] [main] [info] Pinging all valve stations   ...DONE!
[2024-06-06 15:17:27.949] [main] [info] Pinging Non-Existing Test Server...
[2024-06-06 15:17:31.022] [main] [info] Pinging Non-Existing Test Server OK!
[2024-06-06 15:17:31.022] [main] [info] Pinging Non-Existing Test Server   ...DONE!
[2024-06-06 15:17:31.022] [main] [info] Creating Landscape...
[2024-06-06 15:17:31.022] [main] [info] Creating Landscape...
[2024-06-06 15:17:31.022] [main] [info] Creating Felix...
[2024-06-06 15:17:31.022] [main] [info] Creating James...
[2024-06-06 15:17:31.022] [main] [info] Creating Lucas...
[2024-06-06 15:17:31.022] [main] [info] Fetching timestamp...
std::chrono::system_clock::now().time_since_epoch()   :   1717679851022960369
get_seconds_since_epoch_now(bool verbose /* true */)   :   1717679851
minutes since epoch   :   28627997
minute of day   :   797
minute of hour   :   17
hour of day   :   13
[2024-06-06 15:17:31.023] [main] [info] Checking timestamp.txt...
[2024-06-06 15:17:31.023] [main] [debug] The timestamp.txt is always written when watering is triggered. It is read to check if I was already done with watering some minutes ago.
previous time_stamp:   28627434
[2024-06-06 15:17:31.023] [main] [info] Checking timestamp.txt   ...DONE!
[2024-06-06 15:17:31.023] [main] [info] It's not time for watering now!
[2024-06-06 15:17:31.023] [main] [info] Minute Intraday:   797
[2024-06-06 15:17:31.023] [main] [info] Days since Epoch:   19880
[2024-06-06 15:17:31.023] [main] [info] Accumulated watering times:

Felix   :          Eiben-Klee  :      0.00 min
Felix   :            Mara-alt  :      0.00 min
James   : JAMES_VALVE_1_LABEL  :      0.00 min
James   :          Kartoffeln  :      0.00 min
James   : JAMES_VALVE_3_LABEL  :      0.00 min
James   :             Tomaten  :      0.00 min
Lucas   :               LUC-1  :      0.00 min
Lucas   :        Heidelbeeren  :      0.00 min
Lucas   : Baer-Bohnen-Flieder  :      0.00 min

%%%%%%%%%%     [4] Run the executable   ...DONE!
elapsed time:   43s
=====================================================================================================
