=====================================================================================================
%%%%%%%%%%     [4] Run the executable...
>Please note:  Even if all builds failed, the last built executable is still there and will be started!
> sudo -u mayadm ./ur-unix-run.sh
[2024-06-06 22:03:30.648] [main] [info] Pinging Pump Server Mayson...
[2024-06-06 22:03:30.684] [main] [info] Pump Server ping OK!
[2024-06-06 22:03:30.684] [main] [info] Pinging Pump Server Mayson   ...DONE!
[2024-06-06 22:03:30.684] [main] [info] Pinging all valve stations...
[2024-06-06 22:03:33.965] [main] [error] Fatal: James not available!
[2024-06-06 22:03:33.965] [main] [info] Lucas ping OK!
[2024-06-06 22:03:33.965] [main] [info] Felix ping OK!
[2024-06-06 22:03:33.965] [main] [info] Pinging all valve stations   ...DONE!
[2024-06-06 22:03:33.965] [main] [info] Pinging Non-Existing Test Server...
[2024-06-06 22:03:37.041] [main] [info] Pinging Non-Existing Test Server OK!
[2024-06-06 22:03:37.041] [main] [info] Pinging Non-Existing Test Server   ...DONE!
[2024-06-06 22:03:37.041] [main] [info] Pinging Pump Server Mayson...
[2024-06-06 22:03:37.150] [main] [info] Pump Server ping OK!
[2024-06-06 22:03:37.150] [main] [info] Pinging Pump Server Mayson   ...DONE!
[2024-06-06 22:03:37.150] [main] [info] Pinging all valve stations...
[2024-06-06 22:03:37.461] [main] [info] James ping OK!
[2024-06-06 22:03:37.461] [main] [info] Lucas ping OK!
[2024-06-06 22:03:37.461] [main] [info] Felix ping OK!
[2024-06-06 22:03:37.461] [main] [info] Pinging all valve stations   ...DONE!
[2024-06-06 22:03:37.461] [main] [info] Pinging Non-Existing Test Server...
[2024-06-06 22:03:40.529] [main] [info] Pinging Non-Existing Test Server OK!
[2024-06-06 22:03:40.529] [main] [info] Pinging Non-Existing Test Server   ...DONE!
[2024-06-06 22:03:40.529] [main] [info] Creating Landscape...
[2024-06-06 22:03:40.529] [main] [info] Creating Landscape...
[2024-06-06 22:03:40.529] [main] [info] Creating Felix...
[2024-06-06 22:03:40.529] [main] [info] Creating James...
[2024-06-06 22:03:40.529] [main] [info] Creating Lucas...
[2024-06-06 22:03:40.529] [main] [info] Fetching timestamp...
std::chrono::system_clock::now().time_since_epoch()   :   1717704220529817052
get_seconds_since_epoch_now(bool verbose /* true */)   :   1717704220
minutes since epoch   :   28628403
minute of day   :   1203
minute of hour   :   3
hour of day   :   20
[2024-06-06 22:03:40.529] [main] [info] Checking timestamp.txt...
[2024-06-06 22:03:40.529] [main] [debug] The timestamp.txt is always written when watering is triggered. It is read to check if I was already done with watering some minutes ago.
previous time_stamp:   28627434
[2024-06-06 22:03:40.529] [main] [info] Checking timestamp.txt   ...DONE!
[2024-06-06 22:03:40.529] [main] [info] It's not time for watering now!
[2024-06-06 22:03:40.530] [main] [info] Minute Intraday:   1203
[2024-06-06 22:03:40.530] [main] [info] Days since Epoch:   19880
[2024-06-06 22:03:40.530] [main] [info] Accumulated watering times:

Felix   :          Eiben-Klee  :      0.00 min
Felix   :            Mara-alt  :      0.00 min
James   : JAMES_VALVE_1_LABEL  :      0.00 min
James   :          Kartoffeln  :      0.00 min
James   : JAMES_VALVE_3_LABEL  :      0.00 min
James   :             Tomaten  :      0.00 min
Lucas   :               LUC-1  :      0.00 min
Lucas   :        Heidelbeeren  :      0.00 min
Lucas   : Baer-Bohnen-Flieder  :      0.00 min

%%%%%%%%%%     [4] Run the executable   ...DONE!
elapsed time:   10s
=====================================================================================================
