=====================================================================================================
%%%%%%%%%%     [4] Run the executable...
>Please note:  Even if all builds failed, the last built executable is still there and will be started!
> sudo -u mayadm ./ur-unix-run.sh
[2024-06-07 12:09:08.919] [main] [info] Pinging Pump Server Mayson...
[2024-06-07 12:09:09.034] [main] [info] Pump Server ping OK!
[2024-06-07 12:09:09.034] [main] [info] Pinging Pump Server Mayson   ...DONE!
[2024-06-07 12:09:09.034] [main] [info] Pinging all valve stations...
[2024-06-07 12:09:12.294] [main] [info] James ping OK!
[2024-06-07 12:09:12.294] [main] [info] Lucas ping OK!
[2024-06-07 12:09:12.294] [main] [error] Fatal: Felix not available!
[2024-06-07 12:09:12.294] [main] [info] Pinging all valve stations   ...DONE!
[2024-06-07 12:09:12.294] [main] [info] Pinging Non-Existing Test Server...
[2024-06-07 12:09:15.367] [main] [info] Pinging Non-Existing Test Server OK!
[2024-06-07 12:09:15.367] [main] [info] Pinging Non-Existing Test Server   ...DONE!
[2024-06-07 12:09:15.367] [main] [info] Pinging Pump Server Mayson...
[2024-06-07 12:09:15.411] [main] [info] Pump Server ping OK!
[2024-06-07 12:09:15.411] [main] [info] Pinging Pump Server Mayson   ...DONE!
[2024-06-07 12:09:15.411] [main] [info] Pinging all valve stations...
[2024-06-07 12:09:18.694] [main] [info] James ping OK!
[2024-06-07 12:09:18.694] [main] [info] Lucas ping OK!
[2024-06-07 12:09:18.694] [main] [error] Fatal: Felix not available!
[2024-06-07 12:09:18.694] [main] [info] Pinging all valve stations   ...DONE!
[2024-06-07 12:09:18.694] [main] [info] Pinging Non-Existing Test Server...
[2024-06-07 12:09:21.767] [main] [info] Pinging Non-Existing Test Server OK!
[2024-06-07 12:09:21.767] [main] [info] Pinging Non-Existing Test Server   ...DONE!
[2024-06-07 12:09:21.767] [main] [info] Pinging Pump Server Mayson...
[2024-06-07 12:09:21.882] [main] [info] Pump Server ping OK!
[2024-06-07 12:09:21.882] [main] [info] Pinging Pump Server Mayson   ...DONE!
[2024-06-07 12:09:21.882] [main] [info] Pinging all valve stations...
[2024-06-07 12:09:25.254] [main] [info] James ping OK!
[2024-06-07 12:09:25.254] [main] [info] Lucas ping OK!
[2024-06-07 12:09:25.254] [main] [error] Fatal: Felix not available!
[2024-06-07 12:09:25.254] [main] [info] Pinging all valve stations   ...DONE!
[2024-06-07 12:09:25.254] [main] [info] Pinging Non-Existing Test Server...
[2024-06-07 12:09:28.326] [main] [info] Pinging Non-Existing Test Server OK!
[2024-06-07 12:09:28.326] [main] [info] Pinging Non-Existing Test Server   ...DONE!
[2024-06-07 12:09:28.326] [main] [info] Pinging Pump Server Mayson...
[2024-06-07 12:09:28.454] [main] [info] Pump Server ping OK!
[2024-06-07 12:09:28.454] [main] [info] Pinging Pump Server Mayson   ...DONE!
[2024-06-07 12:09:28.454] [main] [info] Pinging all valve stations...
[2024-06-07 12:09:31.718] [main] [info] James ping OK!
[2024-06-07 12:09:31.718] [main] [info] Lucas ping OK!
[2024-06-07 12:09:31.718] [main] [error] Fatal: Felix not available!
[2024-06-07 12:09:31.718] [main] [info] Pinging all valve stations   ...DONE!
[2024-06-07 12:09:31.718] [main] [info] Pinging Non-Existing Test Server...
[2024-06-07 12:09:34.790] [main] [info] Pinging Non-Existing Test Server OK!
[2024-06-07 12:09:34.790] [main] [info] Pinging Non-Existing Test Server   ...DONE!
[2024-06-07 12:09:34.790] [main] [info] Pinging Pump Server Mayson...
[2024-06-07 12:09:34.910] [main] [info] Pump Server ping OK!
[2024-06-07 12:09:34.910] [main] [info] Pinging Pump Server Mayson   ...DONE!
[2024-06-07 12:09:34.910] [main] [info] Pinging all valve stations...
[2024-06-07 12:09:38.182] [main] [info] James ping OK!
[2024-06-07 12:09:38.182] [main] [info] Lucas ping OK!
[2024-06-07 12:09:38.182] [main] [error] Fatal: Felix not available!
[2024-06-07 12:09:38.182] [main] [info] Pinging all valve stations   ...DONE!
[2024-06-07 12:09:38.182] [main] [info] Pinging Non-Existing Test Server...
[2024-06-07 12:09:41.254] [main] [info] Pinging Non-Existing Test Server OK!
[2024-06-07 12:09:41.254] [main] [info] Pinging Non-Existing Test Server   ...DONE!
[2024-06-07 12:09:41.254] [main] [info] Pinging Pump Server Mayson...
[2024-06-07 12:09:41.463] [main] [info] Pump Server ping OK!
[2024-06-07 12:09:41.463] [main] [info] Pinging Pump Server Mayson   ...DONE!
[2024-06-07 12:09:41.463] [main] [info] Pinging all valve stations...
[2024-06-07 12:09:44.838] [main] [info] James ping OK!
[2024-06-07 12:09:44.838] [main] [info] Lucas ping OK!
[2024-06-07 12:09:44.838] [main] [error] Fatal: Felix not available!
[2024-06-07 12:09:44.838] [main] [info] Pinging all valve stations   ...DONE!
[2024-06-07 12:09:44.838] [main] [info] Pinging Non-Existing Test Server...
[2024-06-07 12:09:47.910] [main] [info] Pinging Non-Existing Test Server OK!
[2024-06-07 12:09:47.910] [main] [info] Pinging Non-Existing Test Server   ...DONE!
[2024-06-07 12:09:47.910] [main] [info] Pinging Pump Server Mayson...
[2024-06-07 12:09:48.016] [main] [info] Pump Server ping OK!
[2024-06-07 12:09:48.016] [main] [info] Pinging Pump Server Mayson   ...DONE!
[2024-06-07 12:09:48.016] [main] [info] Pinging all valve stations...
[2024-06-07 12:09:48.446] [main] [info] James ping OK!
[2024-06-07 12:09:48.446] [main] [info] Lucas ping OK!
[2024-06-07 12:09:48.446] [main] [info] Felix ping OK!
[2024-06-07 12:09:48.446] [main] [info] Pinging all valve stations   ...DONE!
[2024-06-07 12:09:48.446] [main] [info] Pinging Non-Existing Test Server...
[2024-06-07 12:09:51.526] [main] [info] Pinging Non-Existing Test Server OK!
[2024-06-07 12:09:51.526] [main] [info] Pinging Non-Existing Test Server   ...DONE!
[2024-06-07 12:09:51.526] [main] [info] Creating Landscape...
[2024-06-07 12:09:51.526] [main] [info] Creating Landscape...
[2024-06-07 12:09:51.526] [main] [info] Creating Felix...
[2024-06-07 12:09:51.526] [main] [info] Creating James...
[2024-06-07 12:09:51.526] [main] [info] Creating Lucas...
[2024-06-07 12:09:51.526] [main] [info] Fetching timestamp...
std::chrono::system_clock::now().time_since_epoch()   :   1717754991526788798
get_seconds_since_epoch_now(bool verbose /* true */)   :   1717754991
minutes since epoch   :   28629249
minute of day   :   609
minute of hour   :   9
hour of day   :   10
[2024-06-07 12:09:51.526] [main] [info] Checking timestamp.txt...
[2024-06-07 12:09:51.526] [main] [debug] The timestamp.txt is always written when watering is triggered. It is read to check if I was already done with watering some minutes ago.
previous time_stamp:   28628890
[2024-06-07 12:09:51.526] [main] [info] Checking timestamp.txt   ...DONE!
[2024-06-07 12:09:51.526] [main] [info] It's not time for watering now!
[2024-06-07 12:09:51.526] [main] [info] Minute Intraday:   609
[2024-06-07 12:09:51.527] [main] [info] Days since Epoch:   19881
[2024-06-07 12:09:51.527] [main] [info] Accumulated watering times:

Felix   :          Eiben-Klee  :      0.00 min
Felix   :            Mara-alt  :      0.00 min
James   : JAMES_VALVE_1_LABEL  :      0.00 min
James   :          Kartoffeln  :      0.00 min
James   : JAMES_VALVE_3_LABEL  :      0.00 min
James   :             Tomaten  :      0.00 min
Lucas   :               LUC-1  :      0.00 min
Lucas   :        Heidelbeeren  :      0.00 min
Lucas   : Baer-Bohnen-Flieder  :      0.00 min

%%%%%%%%%%     [4] Run the executable   ...DONE!
elapsed time:   43s
=====================================================================================================
