=====================================================================================================
%%%%%%%%%%     [4] Run the executable...
>Please note:  Even if all builds failed, the last built executable is still there and will be started!
> sudo -u mayadm ./ur-unix-run.sh
[2024-06-07 18:56:25.237] [main] [info] Pinging Pump Server Mayson...
[2024-06-07 18:56:25.345] [main] [info] Pump Server ping OK!
[2024-06-07 18:56:25.345] [main] [info] Pinging Pump Server Mayson   ...DONE!
[2024-06-07 18:56:25.345] [main] [info] Pinging all valve stations...
[2024-06-07 18:56:28.618] [main] [info] James ping OK!
[2024-06-07 18:56:28.618] [main] [info] Lucas ping OK!
[2024-06-07 18:56:28.618] [main] [error] Fatal: Felix not available!
[2024-06-07 18:56:28.618] [main] [info] Pinging all valve stations   ...DONE!
[2024-06-07 18:56:28.618] [main] [info] Pinging Non-Existing Test Server...
[2024-06-07 18:56:31.690] [main] [info] Pinging Non-Existing Test Server OK!
[2024-06-07 18:56:31.690] [main] [info] Pinging Non-Existing Test Server   ...DONE!
[2024-06-07 18:56:31.690] [main] [info] Pinging Pump Server Mayson...
[2024-06-07 18:56:31.793] [main] [info] Pump Server ping OK!
[2024-06-07 18:56:31.793] [main] [info] Pinging Pump Server Mayson   ...DONE!
[2024-06-07 18:56:31.793] [main] [info] Pinging all valve stations...
[2024-06-07 18:56:35.082] [main] [info] James ping OK!
[2024-06-07 18:56:35.082] [main] [info] Lucas ping OK!
[2024-06-07 18:56:35.082] [main] [error] Fatal: Felix not available!
[2024-06-07 18:56:35.082] [main] [info] Pinging all valve stations   ...DONE!
[2024-06-07 18:56:35.082] [main] [info] Pinging Non-Existing Test Server...
[2024-06-07 18:56:38.154] [main] [info] Pinging Non-Existing Test Server OK!
[2024-06-07 18:56:38.154] [main] [info] Pinging Non-Existing Test Server   ...DONE!
[2024-06-07 18:56:38.154] [main] [info] Pinging Pump Server Mayson...
[2024-06-07 18:56:38.263] [main] [info] Pump Server ping OK!
[2024-06-07 18:56:38.263] [main] [info] Pinging Pump Server Mayson   ...DONE!
[2024-06-07 18:56:38.263] [main] [info] Pinging all valve stations...
[2024-06-07 18:56:41.610] [main] [info] James ping OK!
[2024-06-07 18:56:41.610] [main] [info] Lucas ping OK!
[2024-06-07 18:56:41.610] [main] [error] Fatal: Felix not available!
[2024-06-07 18:56:41.610] [main] [info] Pinging all valve stations   ...DONE!
[2024-06-07 18:56:41.610] [main] [info] Pinging Non-Existing Test Server...
[2024-06-07 18:56:44.682] [main] [info] Pinging Non-Existing Test Server OK!
[2024-06-07 18:56:44.682] [main] [info] Pinging Non-Existing Test Server   ...DONE!
[2024-06-07 18:56:44.682] [main] [info] Pinging Pump Server Mayson...
[2024-06-07 18:56:44.814] [main] [info] Pump Server ping OK!
[2024-06-07 18:56:44.814] [main] [info] Pinging Pump Server Mayson   ...DONE!
[2024-06-07 18:56:44.814] [main] [info] Pinging all valve stations...
[2024-06-07 18:56:48.302] [main] [info] James ping OK!
[2024-06-07 18:56:48.302] [main] [info] Lucas ping OK!
[2024-06-07 18:56:48.302] [main] [error] Fatal: Felix not available!
[2024-06-07 18:56:48.302] [main] [info] Pinging all valve stations   ...DONE!
[2024-06-07 18:56:48.302] [main] [info] Pinging Non-Existing Test Server...
[2024-06-07 18:56:51.370] [main] [info] Pinging Non-Existing Test Server OK!
[2024-06-07 18:56:51.370] [main] [info] Pinging Non-Existing Test Server   ...DONE!
[2024-06-07 18:56:51.370] [main] [info] Pinging Pump Server Mayson...
[2024-06-07 18:56:51.456] [main] [info] Pump Server ping OK!
[2024-06-07 18:56:51.456] [main] [info] Pinging Pump Server Mayson   ...DONE!
[2024-06-07 18:56:51.456] [main] [info] Pinging all valve stations...
[2024-06-07 18:56:54.826] [main] [info] James ping OK!
[2024-06-07 18:56:54.826] [main] [info] Lucas ping OK!
[2024-06-07 18:56:54.826] [main] [error] Fatal: Felix not available!
[2024-06-07 18:56:54.826] [main] [info] Pinging all valve stations   ...DONE!
[2024-06-07 18:56:54.826] [main] [info] Pinging Non-Existing Test Server...
[2024-06-07 18:56:57.898] [main] [info] Pinging Non-Existing Test Server OK!
[2024-06-07 18:56:57.898] [main] [info] Pinging Non-Existing Test Server   ...DONE!
[2024-06-07 18:56:57.898] [main] [info] Pinging Pump Server Mayson...
[2024-06-07 18:56:58.120] [main] [info] Pump Server ping OK!
[2024-06-07 18:56:58.120] [main] [info] Pinging Pump Server Mayson   ...DONE!
[2024-06-07 18:56:58.120] [main] [info] Pinging all valve stations...
[2024-06-07 18:56:58.469] [main] [info] James ping OK!
[2024-06-07 18:56:58.469] [main] [info] Lucas ping OK!
[2024-06-07 18:56:58.469] [main] [info] Felix ping OK!
[2024-06-07 18:56:58.469] [main] [info] Pinging all valve stations   ...DONE!
[2024-06-07 18:56:58.469] [main] [info] Pinging Non-Existing Test Server...
[2024-06-07 18:57:01.546] [main] [info] Pinging Non-Existing Test Server OK!
[2024-06-07 18:57:01.546] [main] [info] Pinging Non-Existing Test Server   ...DONE!
[2024-06-07 18:57:01.546] [main] [info] Creating Landscape...
[2024-06-07 18:57:01.546] [main] [info] Creating Landscape...
[2024-06-07 18:57:01.546] [main] [info] Creating Felix...
[2024-06-07 18:57:01.546] [main] [info] Creating James...
[2024-06-07 18:57:01.546] [main] [info] Creating Lucas...
[2024-06-07 18:57:01.546] [main] [info] Fetching timestamp...
std::chrono::system_clock::now().time_since_epoch()   :   1717779421546644267
get_seconds_since_epoch_now(bool verbose /* true */)   :   1717779421
minutes since epoch   :   28629657
minute of day   :   1017
minute of hour   :   57
hour of day   :   16
[2024-06-07 18:57:01.546] [main] [info] Checking timestamp.txt...
[2024-06-07 18:57:01.546] [main] [debug] The timestamp.txt is always written when watering is triggered. It is read to check if I was already done with watering some minutes ago.
previous time_stamp:   28628890
[2024-06-07 18:57:01.546] [main] [info] Checking timestamp.txt   ...DONE!
[2024-06-07 18:57:01.546] [main] [info] It's not time for watering now!
[2024-06-07 18:57:01.546] [main] [info] Minute Intraday:   1017
[2024-06-07 18:57:01.546] [main] [info] Days since Epoch:   19881
[2024-06-07 18:57:01.546] [main] [info] Accumulated watering times:

Felix   :          Eiben-Klee  :      0.00 min
Felix   :            Mara-alt  :      0.00 min
James   : JAMES_VALVE_1_LABEL  :      0.00 min
James   :          Kartoffeln  :      0.00 min
James   : JAMES_VALVE_3_LABEL  :      0.00 min
James   :             Tomaten  :      0.00 min
Lucas   :               LUC-1  :      0.00 min
Lucas   :        Heidelbeeren  :      0.00 min
Lucas   : Baer-Bohnen-Flieder  :      0.00 min

%%%%%%%%%%     [4] Run the executable   ...DONE!
elapsed time:   36s
=====================================================================================================
