[maya-productive 8a45ed5] upload logs
 6 files changed, 188 insertions(+)
 create mode 100644 maya/artifacts/logs/1220--2022-06-17--12h11---1.log
 create mode 100644 maya/artifacts/logs/1220--2022-06-17--12h11---2.log
 create mode 100644 maya/artifacts/logs/1220--2022-06-17--12h11---3.log
 create mode 100644 maya/artifacts/logs/1220--2022-06-17--12h11---4.log
 create mode 100644 maya/artifacts/logs/1220--2022-06-17--12h11---5.log
 create mode 100644 maya/artifacts/logs/1220--2022-06-17--12h11---6.log
Bereits aktuell.
To https://github.com/Necktschnagge/wired-watering
   fc4cc8f..8a45ed5  maya-productive -> maya-productive
Bereits auf 'maya-productive'
Ihr Branch ist auf demselben Stand wie 'origin/maya-productive'.
Everything up-to-date
##############################################################
###################                        ###################
###################     GOING TO SLEEP     ###################
###################                        ###################
##############################################################
#######                                                #######
#######   Press CTRL + C NOW to abort script safely!   #######
#######                                                #######
##############################################################
##############################################################
#######                                                #######
#######               NOW GOING TO SLEEP               #######
#######                                                #######
##############################################################
> rtcwake -m mem -s 300
rtcwake: RTC wird als UTC interpretiert …
rtcwake: aufwachen von „mem“ durch /dev/rtc0 bei Fri Jun 17 10:17:03 2022
##############################################################
#######                                                #######
#######            just waked up from sleep            #######
#######                                                #######
##############################################################
