=====================================================================================================
%%%%%%%%%%     [4] Run the executable...
>Please note:  Even if all builds failed, the last built executable is still there and will be started!
> sudo -u mayadm ./ur-unix-run.sh
[2024-06-08 21:53:58.811] [main] [info] Pinging Pump Server Mayson...
[2024-06-08 21:53:58.923] [main] [info] Pump Server ping OK!
[2024-06-08 21:53:58.923] [main] [info] Pinging Pump Server Mayson   ...DONE!
[2024-06-08 21:53:58.923] [main] [info] Pinging all valve stations...
[2024-06-08 21:53:59.242] [main] [info] James ping OK!
[2024-06-08 21:53:59.242] [main] [info] Lucas ping OK!
[2024-06-08 21:53:59.242] [main] [info] Felix ping OK!
[2024-06-08 21:53:59.242] [main] [info] Pinging all valve stations   ...DONE!
[2024-06-08 21:53:59.242] [main] [info] Pinging Non-Existing Test Server...
[2024-06-08 21:54:02.298] [main] [info] Pinging Non-Existing Test Server OK!
[2024-06-08 21:54:02.298] [main] [info] Pinging Non-Existing Test Server   ...DONE!
[2024-06-08 21:54:02.298] [main] [info] Creating Landscape...
[2024-06-08 21:54:02.298] [main] [info] Creating Landscape...
[2024-06-08 21:54:02.298] [main] [info] Creating Felix...
[2024-06-08 21:54:02.298] [main] [info] Creating James...
[2024-06-08 21:54:02.298] [main] [info] Creating Lucas...
[2024-06-08 21:54:02.298] [main] [info] Fetching timestamp...
std::chrono::system_clock::now().time_since_epoch()   :   1717876442298756974
get_seconds_since_epoch_now(bool verbose /* true */)   :   1717876442
minutes since epoch   :   28631274
minute of day   :   1194
minute of hour   :   54
hour of day   :   19
[2024-06-08 21:54:02.298] [main] [info] Checking timestamp.txt...
[2024-06-08 21:54:02.298] [main] [debug] The timestamp.txt is always written when watering is triggered. It is read to check if I was already done with watering some minutes ago.
previous time_stamp:   28630306
[2024-06-08 21:54:02.298] [main] [info] Checking timestamp.txt   ...DONE!
[2024-06-08 21:54:02.298] [main] [info] It's not time for watering now!
[2024-06-08 21:54:02.298] [main] [info] Minute Intraday:   1194
[2024-06-08 21:54:02.298] [main] [info] Days since Epoch:   19882
[2024-06-08 21:54:02.299] [main] [info] Accumulated watering times:

Felix   :          Eiben-Klee  :      0.00 min
Felix   :            Mara-alt  :      0.00 min
James   : JAMES_VALVE_1_LABEL  :      0.00 min
James   :          Kartoffeln  :      0.00 min
James   : JAMES_VALVE_3_LABEL  :      0.00 min
James   :             Tomaten  :      0.00 min
Lucas   :               LUC-1  :      0.00 min
Lucas   :        Heidelbeeren  :      0.00 min
Lucas   : Baer-Bohnen-Flieder  :      0.00 min

%%%%%%%%%%     [4] Run the executable   ...DONE!
elapsed time:   4s
=====================================================================================================
