=====================================================================================================
%%%%%%%%%%     [4] Run the executable...
>Please note:  Even if all builds failed, the last built executable is still there and will be started!
> sudo -u mayadm ./ur-unix-run.sh
[2024-06-09 07:55:23.663] [main] [info] Pinging Pump Server Mayson...
[2024-06-09 07:55:23.686] [main] [info] Pump Server ping OK!
[2024-06-09 07:55:23.686] [main] [info] Pinging Pump Server Mayson   ...DONE!
[2024-06-09 07:55:23.686] [main] [info] Pinging all valve stations...
[2024-06-09 07:55:33.901] [main] [info] James ping OK!
[2024-06-09 07:55:33.901] [main] [info] Lucas ping OK!
[2024-06-09 07:55:33.901] [main] [error] Fatal: Felix not available!
[2024-06-09 07:55:33.901] [main] [info] Pinging all valve stations   ...DONE!
[2024-06-09 07:55:33.901] [main] [info] Pinging Non-Existing Test Server...
[2024-06-09 07:55:36.954] [main] [info] Pinging Non-Existing Test Server OK!
[2024-06-09 07:55:36.954] [main] [info] Pinging Non-Existing Test Server   ...DONE!
[2024-06-09 07:55:36.954] [main] [info] Pinging Pump Server Mayson...
[2024-06-09 07:55:37.006] [main] [info] Pump Server ping OK!
[2024-06-09 07:55:37.006] [main] [info] Pinging Pump Server Mayson   ...DONE!
[2024-06-09 07:55:37.006] [main] [info] Pinging all valve stations...
[2024-06-09 07:55:37.320] [main] [info] James ping OK!
[2024-06-09 07:55:37.320] [main] [info] Lucas ping OK!
[2024-06-09 07:55:37.320] [main] [info] Felix ping OK!
[2024-06-09 07:55:37.320] [main] [info] Pinging all valve stations   ...DONE!
[2024-06-09 07:55:37.320] [main] [info] Pinging Non-Existing Test Server...
[2024-06-09 07:55:40.378] [main] [info] Pinging Non-Existing Test Server OK!
[2024-06-09 07:55:40.378] [main] [info] Pinging Non-Existing Test Server   ...DONE!
[2024-06-09 07:55:40.378] [main] [info] Creating Landscape...
[2024-06-09 07:55:40.378] [main] [info] Creating Landscape...
[2024-06-09 07:55:40.378] [main] [info] Creating Felix...
[2024-06-09 07:55:40.378] [main] [info] Creating James...
[2024-06-09 07:55:40.378] [main] [info] Creating Lucas...
[2024-06-09 07:55:40.378] [main] [info] Fetching timestamp...
std::chrono::system_clock::now().time_since_epoch()   :   1717912540378431689
get_seconds_since_epoch_now(bool verbose /* true */)   :   1717912540
minutes since epoch   :   28631875
minute of day   :   355
minute of hour   :   55
hour of day   :   5
[2024-06-09 07:55:40.378] [main] [info] Checking timestamp.txt...
[2024-06-09 07:55:40.378] [main] [debug] The timestamp.txt is always written when watering is triggered. It is read to check if I was already done with watering some minutes ago.
previous time_stamp:   28631760
[2024-06-09 07:55:40.378] [main] [info] Checking timestamp.txt   ...DONE!
[2024-06-09 07:55:40.378] [main] [info] It's not time for watering now!
[2024-06-09 07:55:40.378] [main] [info] Minute Intraday:   355
[2024-06-09 07:55:40.378] [main] [info] Days since Epoch:   19883
[2024-06-09 07:55:40.378] [main] [info] Accumulated watering times:

Felix   :          Eiben-Klee  :      0.00 min
Felix   :            Mara-alt  :      0.00 min
James   : JAMES_VALVE_1_LABEL  :      0.00 min
James   :          Kartoffeln  :      0.00 min
James   : JAMES_VALVE_3_LABEL  :      0.00 min
James   :             Tomaten  :      0.00 min
Lucas   :               LUC-1  :      0.00 min
Lucas   :        Heidelbeeren  :      0.00 min
Lucas   : Baer-Bohnen-Flieder  :      0.00 min

%%%%%%%%%%     [4] Run the executable   ...DONE!
elapsed time:   17s
=====================================================================================================
