=====================================================================================================
%%%%%%%%%%     [4] Run the executable...
>Please note:  Even if all builds failed, the last built executable is still there and will be started!
> sudo -u mayadm ./ur-unix-run.sh
[2024-06-11 02:25:59.246] [main] [info] Pinging Pump Server Mayson...
[2024-06-11 02:25:59.365] [main] [info] Pump Server ping OK!
[2024-06-11 02:25:59.365] [main] [info] Pinging Pump Server Mayson   ...DONE!
[2024-06-11 02:25:59.365] [main] [info] Pinging all valve stations...
[2024-06-11 02:26:02.618] [main] [info] James ping OK!
[2024-06-11 02:26:02.618] [main] [info] Lucas ping OK!
[2024-06-11 02:26:02.618] [main] [error] Fatal: Felix not available!
[2024-06-11 02:26:02.618] [main] [info] Pinging all valve stations   ...DONE!
[2024-06-11 02:26:02.618] [main] [info] Pinging Non-Existing Test Server...
[2024-06-11 02:26:05.690] [main] [info] Pinging Non-Existing Test Server OK!
[2024-06-11 02:26:05.690] [main] [info] Pinging Non-Existing Test Server   ...DONE!
[2024-06-11 02:26:05.690] [main] [info] Pinging Pump Server Mayson...
[2024-06-11 02:26:05.821] [main] [info] Pump Server ping OK!
[2024-06-11 02:26:05.821] [main] [info] Pinging Pump Server Mayson   ...DONE!
[2024-06-11 02:26:05.821] [main] [info] Pinging all valve stations...
[2024-06-11 02:26:08.310] [main] [info] James ping OK!
[2024-06-11 02:26:08.310] [main] [info] Lucas ping OK!
[2024-06-11 02:26:08.310] [main] [info] Felix ping OK!
[2024-06-11 02:26:08.310] [main] [info] Pinging all valve stations   ...DONE!
[2024-06-11 02:26:08.310] [main] [info] Pinging Non-Existing Test Server...
[2024-06-11 02:26:11.386] [main] [info] Pinging Non-Existing Test Server OK!
[2024-06-11 02:26:11.386] [main] [info] Pinging Non-Existing Test Server   ...DONE!
[2024-06-11 02:26:11.386] [main] [info] Creating Landscape...
[2024-06-11 02:26:11.386] [main] [info] Creating Landscape...
[2024-06-11 02:26:11.386] [main] [info] Creating Felix...
[2024-06-11 02:26:11.386] [main] [info] Creating James...
[2024-06-11 02:26:11.386] [main] [info] Creating Lucas...
[2024-06-11 02:26:11.386] [main] [info] Fetching timestamp...
std::chrono::system_clock::now().time_since_epoch()   :   1718065571386564401
get_seconds_since_epoch_now(bool verbose /* true */)   :   1718065571
minutes since epoch   :   28634426
minute of day   :   26
minute of hour   :   26
hour of day   :   0
[2024-06-11 02:26:11.386] [main] [info] Checking timestamp.txt...
[2024-06-11 02:26:11.386] [main] [debug] The timestamp.txt is always written when watering is triggered. It is read to check if I was already done with watering some minutes ago.
previous time_stamp:   28633175
[2024-06-11 02:26:11.386] [main] [info] Checking timestamp.txt   ...DONE!
[2024-06-11 02:26:11.386] [main] [info] It's not time for watering now!
[2024-06-11 02:26:11.386] [main] [info] Minute Intraday:   26
[2024-06-11 02:26:11.386] [main] [info] Days since Epoch:   19885
[2024-06-11 02:26:11.386] [main] [info] Accumulated watering times:

Felix   :          Eiben-Klee  :      0.00 min
Felix   :            Mara-alt  :      0.00 min
James   : JAMES_VALVE_1_LABEL  :      0.00 min
James   :          Kartoffeln  :      0.00 min
James   : JAMES_VALVE_3_LABEL  :      0.00 min
James   :             Tomaten  :      0.00 min
Lucas   :               LUC-1  :      0.00 min
Lucas   :        Heidelbeeren  :      0.00 min
Lucas   : Baer-Bohnen-Flieder  :      0.00 min

%%%%%%%%%%     [4] Run the executable   ...DONE!
elapsed time:   12s
=====================================================================================================
