=====================================================================================================
%%%%%%%%%%     [6] Uploading logs and go sleeping...
> sudo -u mayadm git checkout artifacts
Zu Zweig »artifacts« gewechselt
Ihr Branch ist auf demselben Stand wie 'origin/artifacts'.
> sudo -u mayadm git pull
Bereits aktuell.
> sudo -u mayadm git merge maya-productive
Bereits aktuell.
> sudo -u mayadm git add "../artifacts/logs/12322-*.log" -f
> sudo -u mayadm git add "../artifacts/logs/12321-*.log" -f
> sudo -u mayadm git commit -m "logs at 2024-06-11--09h45"
[artifacts d5b1f4704] logs at 2024-06-11--09h45
 6 files changed, 337 insertions(+)
 create mode 100644 maya/artifacts/logs/12321--2024-06-11--09h05---6.log
 create mode 100644 maya/artifacts/logs/12322--2024-06-11--09h45---1.log
 create mode 100644 maya/artifacts/logs/12322--2024-06-11--09h45---2.log
 create mode 100644 maya/artifacts/logs/12322--2024-06-11--09h45---3.log
 create mode 100644 maya/artifacts/logs/12322--2024-06-11--09h45---4.log
 create mode 100644 maya/artifacts/logs/12322--2024-06-11--09h45---5.log
> sudo -u mayadm git push
To https://github.com/Necktschnagge/wired-watering
   fa115bb66..d5b1f4704  artifacts -> artifacts
> sudo -u mayadm git checkout maya-productive
Zu Zweig »maya-productive« gewechselt
Ihr Branch ist auf demselben Stand wie 'origin/maya-productive'.
> sudo -u mayadm git push
Everything up-to-date
##############################################################
###################                        ###################
###################     GOING TO SLEEP     ###################
###################                        ###################
##############################################################
#######                                                #######
#######   Press CTRL + C NOW to abort script safely!   #######
#######                                                #######
##############################################################
##############################################################
#######                                                #######
#######               NOW GOING TO SLEEP               #######
#######                                                #######
##############################################################
> rtcwake -m mem -s 2400
rtcwake: RTC wird als UTC interpretiert …
rtcwake: aufwachen von „mem“ durch /dev/rtc0 bei Tue Jun 11 08:26:34 2024
##############################################################
#######                                                #######
#######            just waked up from sleep            #######
#######                                                #######
##############################################################
%%%%%%%%%%     [6] Uploading logs and go sleeping   ...DONE!
elapsed time:   2422s
=====================================================================================================
