=====================================================================================================
%%%%%%%%%%     [6] Uploading logs and go sleeping...
> sudo -u mayadm git checkout artifacts
Zu Zweig »artifacts« gewechselt
Ihr Branch ist auf demselben Stand wie 'origin/artifacts'.
> sudo -u mayadm git pull
Bereits aktuell.
> sudo -u mayadm git merge maya-productive
Bereits aktuell.
> sudo -u mayadm git add "../artifacts/logs/12337-*.log" -f
> sudo -u mayadm git add "../artifacts/logs/12336-*.log" -f
> sudo -u mayadm git commit -m "logs at 2024-06-11--19h55"
[artifacts 28600d099] logs at 2024-06-11--19h55
 6 files changed, 304 insertions(+)
 create mode 100644 maya/artifacts/logs/12336--2024-06-11--19h14---6.log
 create mode 100644 maya/artifacts/logs/12337--2024-06-11--19h55---1.log
 create mode 100644 maya/artifacts/logs/12337--2024-06-11--19h55---2.log
 create mode 100644 maya/artifacts/logs/12337--2024-06-11--19h55---3.log
 create mode 100644 maya/artifacts/logs/12337--2024-06-11--19h55---4.log
 create mode 100644 maya/artifacts/logs/12337--2024-06-11--19h55---5.log
> sudo -u mayadm git push
To https://github.com/Necktschnagge/wired-watering
   29055cb82..28600d099  artifacts -> artifacts
> sudo -u mayadm git checkout maya-productive
Zu Zweig »maya-productive« gewechselt
Ihr Branch ist auf demselben Stand wie 'origin/maya-productive'.
> sudo -u mayadm git push
Everything up-to-date
##############################################################
###################                        ###################
###################     GOING TO SLEEP     ###################
###################                        ###################
##############################################################
#######                                                #######
#######   Press CTRL + C NOW to abort script safely!   #######
#######                                                #######
##############################################################
##############################################################
#######                                                #######
#######               NOW GOING TO SLEEP               #######
#######                                                #######
##############################################################
> rtcwake -m mem -s 2400
rtcwake: RTC wird als UTC interpretiert …
rtcwake: aufwachen von „mem“ durch /dev/rtc0 bei Tue Jun 11 18:35:31 2024
##############################################################
#######                                                #######
#######            just waked up from sleep            #######
#######                                                #######
##############################################################
%%%%%%%%%%     [6] Uploading logs and go sleeping   ...DONE!
elapsed time:   2418s
=====================================================================================================
