=====================================================================================================
%%%%%%%%%%     [6] Uploading logs and go sleeping...
> sudo -u mayadm git checkout artifacts
Zu Zweig »artifacts« gewechselt
Ihr Branch ist auf demselben Stand wie 'origin/artifacts'.
> sudo -u mayadm git pull
Bereits aktuell.
> sudo -u mayadm git merge maya-productive
Bereits aktuell.
> sudo -u mayadm git add "../artifacts/logs/12369-*.log" -f
> sudo -u mayadm git add "../artifacts/logs/12368-*.log" -f
> sudo -u mayadm git commit -m "logs at 2024-06-12--18h15"
[artifacts 44f8138c2] logs at 2024-06-12--18h15
 6 files changed, 314 insertions(+)
 create mode 100644 maya/artifacts/logs/12368--2024-06-12--17h34---6.log
 create mode 100644 maya/artifacts/logs/12369--2024-06-12--18h15---1.log
 create mode 100644 maya/artifacts/logs/12369--2024-06-12--18h15---2.log
 create mode 100644 maya/artifacts/logs/12369--2024-06-12--18h15---3.log
 create mode 100644 maya/artifacts/logs/12369--2024-06-12--18h15---4.log
 create mode 100644 maya/artifacts/logs/12369--2024-06-12--18h15---5.log
> sudo -u mayadm git push
To https://github.com/Necktschnagge/wired-watering
   3b6ed7da1..44f8138c2  artifacts -> artifacts
> sudo -u mayadm git checkout maya-productive
Zu Zweig »maya-productive« gewechselt
Ihr Branch ist auf demselben Stand wie 'origin/maya-productive'.
> sudo -u mayadm git push
Everything up-to-date
##############################################################
###################                        ###################
###################     GOING TO SLEEP     ###################
###################                        ###################
##############################################################
#######                                                #######
#######   Press CTRL + C NOW to abort script safely!   #######
#######                                                #######
##############################################################
##############################################################
#######                                                #######
#######               NOW GOING TO SLEEP               #######
#######                                                #######
##############################################################
> rtcwake -m mem -s 2400
rtcwake: RTC wird als UTC interpretiert …
rtcwake: aufwachen von „mem“ durch /dev/rtc0 bei Wed Jun 12 16:55:35 2024
##############################################################
#######                                                #######
#######            just waked up from sleep            #######
#######                                                #######
##############################################################
%%%%%%%%%%     [6] Uploading logs and go sleeping   ...DONE!
elapsed time:   2418s
=====================================================================================================
