=====================================================================================================
%%%%%%%%%%     [4] Run the executable...
>Please note:  Even if all builds failed, the last built executable is still there and will be started!
> sudo -u mayadm ./ur-unix-run.sh
[2024-06-12 17:34:07.244] [main] [info] Pinging Pump Server Mayson...
[2024-06-12 17:34:08.344] [main] [info] Pump Server ping OK!
[2024-06-12 17:34:08.344] [main] [info] Pinging Pump Server Mayson   ...DONE!
[2024-06-12 17:34:08.344] [main] [info] Pinging all valve stations...
[2024-06-12 17:34:12.658] [main] [info] James ping OK!
[2024-06-12 17:34:12.658] [main] [info] Lucas ping OK!
[2024-06-12 17:34:12.658] [main] [error] Fatal: Felix not available!
[2024-06-12 17:34:12.658] [main] [info] Pinging all valve stations   ...DONE!
[2024-06-12 17:34:12.658] [main] [info] Pinging Non-Existing Test Server...
[2024-06-12 17:34:15.730] [main] [info] Pinging Non-Existing Test Server OK!
[2024-06-12 17:34:15.730] [main] [info] Pinging Non-Existing Test Server   ...DONE!
[2024-06-12 17:34:15.730] [main] [info] Pinging Pump Server Mayson...
[2024-06-12 17:34:15.834] [main] [info] Pump Server ping OK!
[2024-06-12 17:34:15.834] [main] [info] Pinging Pump Server Mayson   ...DONE!
[2024-06-12 17:34:15.834] [main] [info] Pinging all valve stations...
[2024-06-12 17:34:19.122] [main] [info] James ping OK!
[2024-06-12 17:34:19.122] [main] [info] Lucas ping OK!
[2024-06-12 17:34:19.122] [main] [error] Fatal: Felix not available!
[2024-06-12 17:34:19.122] [main] [info] Pinging all valve stations   ...DONE!
[2024-06-12 17:34:19.122] [main] [info] Pinging Non-Existing Test Server...
[2024-06-12 17:34:22.194] [main] [info] Pinging Non-Existing Test Server OK!
[2024-06-12 17:34:22.194] [main] [info] Pinging Non-Existing Test Server   ...DONE!
[2024-06-12 17:34:22.194] [main] [info] Pinging Pump Server Mayson...
[2024-06-12 17:34:22.297] [main] [info] Pump Server ping OK!
[2024-06-12 17:34:22.297] [main] [info] Pinging Pump Server Mayson   ...DONE!
[2024-06-12 17:34:22.297] [main] [info] Pinging all valve stations...
[2024-06-12 17:34:25.682] [main] [info] James ping OK!
[2024-06-12 17:34:25.682] [main] [info] Lucas ping OK!
[2024-06-12 17:34:25.682] [main] [error] Fatal: Felix not available!
[2024-06-12 17:34:25.682] [main] [info] Pinging all valve stations   ...DONE!
[2024-06-12 17:34:25.682] [main] [info] Pinging Non-Existing Test Server...
[2024-06-12 17:34:28.754] [main] [info] Pinging Non-Existing Test Server OK!
[2024-06-12 17:34:28.754] [main] [info] Pinging Non-Existing Test Server   ...DONE!
[2024-06-12 17:34:28.754] [main] [info] Pinging Pump Server Mayson...
[2024-06-12 17:34:28.851] [main] [info] Pump Server ping OK!
[2024-06-12 17:34:28.851] [main] [info] Pinging Pump Server Mayson   ...DONE!
[2024-06-12 17:34:28.851] [main] [info] Pinging all valve stations...
[2024-06-12 17:34:32.242] [main] [info] James ping OK!
[2024-06-12 17:34:32.242] [main] [info] Lucas ping OK!
[2024-06-12 17:34:32.242] [main] [error] Fatal: Felix not available!
[2024-06-12 17:34:32.242] [main] [info] Pinging all valve stations   ...DONE!
[2024-06-12 17:34:32.242] [main] [info] Pinging Non-Existing Test Server...
[2024-06-12 17:34:35.314] [main] [info] Pinging Non-Existing Test Server OK!
[2024-06-12 17:34:35.314] [main] [info] Pinging Non-Existing Test Server   ...DONE!
[2024-06-12 17:34:35.314] [main] [info] Pinging Pump Server Mayson...
[2024-06-12 17:34:35.514] [main] [info] Pump Server ping OK!
[2024-06-12 17:34:35.514] [main] [info] Pinging Pump Server Mayson   ...DONE!
[2024-06-12 17:34:35.514] [main] [info] Pinging all valve stations...
[2024-06-12 17:34:36.851] [main] [info] James ping OK!
[2024-06-12 17:34:36.851] [main] [info] Lucas ping OK!
[2024-06-12 17:34:36.851] [main] [info] Felix ping OK!
[2024-06-12 17:34:36.851] [main] [info] Pinging all valve stations   ...DONE!
[2024-06-12 17:34:36.851] [main] [info] Pinging Non-Existing Test Server...
[2024-06-12 17:34:39.922] [main] [info] Pinging Non-Existing Test Server OK!
[2024-06-12 17:34:39.922] [main] [info] Pinging Non-Existing Test Server   ...DONE!
[2024-06-12 17:34:39.922] [main] [info] Creating Landscape...
[2024-06-12 17:34:39.922] [main] [info] Creating Landscape...
[2024-06-12 17:34:39.922] [main] [info] Creating Felix...
[2024-06-12 17:34:39.922] [main] [info] Creating James...
[2024-06-12 17:34:39.922] [main] [info] Creating Lucas...
[2024-06-12 17:34:39.922] [main] [info] Fetching timestamp...
std::chrono::system_clock::now().time_since_epoch()   :   1718206479922583719
get_seconds_since_epoch_now(bool verbose /* true */)   :   1718206479
minutes since epoch   :   28636774
minute of day   :   934
minute of hour   :   34
hour of day   :   15
[2024-06-12 17:34:39.922] [main] [info] Checking timestamp.txt...
[2024-06-12 17:34:39.922] [main] [debug] The timestamp.txt is always written when watering is triggered. It is read to check if I was already done with watering some minutes ago.
previous time_stamp:   28636084
[2024-06-12 17:34:39.922] [main] [info] Checking timestamp.txt   ...DONE!
[2024-06-12 17:34:39.922] [main] [info] It's not time for watering now!
[2024-06-12 17:34:39.922] [main] [info] Minute Intraday:   934
[2024-06-12 17:34:39.922] [main] [info] Days since Epoch:   19886
[2024-06-12 17:34:39.922] [main] [info] Accumulated watering times:

Felix   :          Eiben-Klee  :      0.00 min
Felix   :            Mara-alt  :      0.00 min
James   : JAMES_VALVE_1_LABEL  :      0.00 min
James   :          Kartoffeln  :      0.00 min
James   : JAMES_VALVE_3_LABEL  :      0.00 min
James   :             Tomaten  :      0.00 min
Lucas   :               LUC-1  :      0.00 min
Lucas   :        Heidelbeeren  :      0.00 min
Lucas   : Baer-Bohnen-Flieder  :      0.00 min

%%%%%%%%%%     [4] Run the executable   ...DONE!
elapsed time:   32s
=====================================================================================================
