=====================================================================================================
%%%%%%%%%%     [4] Run the executable...
>Please note:  Even if all builds failed, the last built executable is still there and will be started!
> sudo -u mayadm ./ur-unix-run.sh
[2024-06-12 21:38:34.592] [main] [info] Pinging Pump Server Mayson...
[2024-06-12 21:38:34.715] [main] [info] Pump Server ping OK!
[2024-06-12 21:38:34.715] [main] [info] Pinging Pump Server Mayson   ...DONE!
[2024-06-12 21:38:34.715] [main] [info] Pinging all valve stations...
[2024-06-12 21:38:39.010] [main] [info] James ping OK!
[2024-06-12 21:38:39.010] [main] [info] Lucas ping OK!
[2024-06-12 21:38:39.010] [main] [error] Fatal: Felix not available!
[2024-06-12 21:38:39.010] [main] [info] Pinging all valve stations   ...DONE!
[2024-06-12 21:38:39.010] [main] [info] Pinging Non-Existing Test Server...
[2024-06-12 21:38:42.082] [main] [info] Pinging Non-Existing Test Server OK!
[2024-06-12 21:38:42.082] [main] [info] Pinging Non-Existing Test Server   ...DONE!
[2024-06-12 21:38:42.082] [main] [info] Pinging Pump Server Mayson...
[2024-06-12 21:38:42.244] [main] [info] Pump Server ping OK!
[2024-06-12 21:38:42.244] [main] [info] Pinging Pump Server Mayson   ...DONE!
[2024-06-12 21:38:42.244] [main] [info] Pinging all valve stations...
[2024-06-12 21:38:43.588] [main] [info] James ping OK!
[2024-06-12 21:38:43.588] [main] [info] Lucas ping OK!
[2024-06-12 21:38:43.588] [main] [info] Felix ping OK!
[2024-06-12 21:38:43.588] [main] [info] Pinging all valve stations   ...DONE!
[2024-06-12 21:38:43.588] [main] [info] Pinging Non-Existing Test Server...
[2024-06-12 21:38:46.659] [main] [info] Pinging Non-Existing Test Server OK!
[2024-06-12 21:38:46.659] [main] [info] Pinging Non-Existing Test Server   ...DONE!
[2024-06-12 21:38:46.659] [main] [info] Creating Landscape...
[2024-06-12 21:38:46.659] [main] [info] Creating Landscape...
[2024-06-12 21:38:46.659] [main] [info] Creating Felix...
[2024-06-12 21:38:46.659] [main] [info] Creating James...
[2024-06-12 21:38:46.659] [main] [info] Creating Lucas...
[2024-06-12 21:38:46.659] [main] [info] Fetching timestamp...
std::chrono::system_clock::now().time_since_epoch()   :   1718221126659115544
get_seconds_since_epoch_now(bool verbose /* true */)   :   1718221126
minutes since epoch   :   28637018
minute of day   :   1178
minute of hour   :   38
hour of day   :   19
[2024-06-12 21:38:46.659] [main] [info] Checking timestamp.txt...
[2024-06-12 21:38:46.659] [main] [debug] The timestamp.txt is always written when watering is triggered. It is read to check if I was already done with watering some minutes ago.
previous time_stamp:   28636084
[2024-06-12 21:38:46.659] [main] [info] Checking timestamp.txt   ...DONE!
[2024-06-12 21:38:46.659] [main] [info] It's not time for watering now!
[2024-06-12 21:38:46.659] [main] [info] Minute Intraday:   1178
[2024-06-12 21:38:46.659] [main] [info] Days since Epoch:   19886
[2024-06-12 21:38:46.659] [main] [info] Accumulated watering times:

Felix   :          Eiben-Klee  :      0.00 min
Felix   :            Mara-alt  :      0.00 min
James   : JAMES_VALVE_1_LABEL  :      0.00 min
James   :          Kartoffeln  :      0.00 min
James   : JAMES_VALVE_3_LABEL  :      0.00 min
James   :             Tomaten  :      0.00 min
Lucas   :               LUC-1  :      0.00 min
Lucas   :        Heidelbeeren  :      0.00 min
Lucas   : Baer-Bohnen-Flieder  :      0.00 min

%%%%%%%%%%     [4] Run the executable   ...DONE!
elapsed time:   12s
=====================================================================================================
