=====================================================================================================
%%%%%%%%%%     [4] Run the executable...
>Please note:  Even if all builds failed, the last built executable is still there and will be started!
> sudo -u mayadm ./ur-unix-run.sh
[2024-06-13 01:01:26.823] [main] [info] Pinging Pump Server Mayson...
[2024-06-13 01:01:26.937] [main] [info] Pump Server ping OK!
[2024-06-13 01:01:26.937] [main] [info] Pinging Pump Server Mayson   ...DONE!
[2024-06-13 01:01:26.937] [main] [info] Pinging all valve stations...
[2024-06-13 01:01:29.210] [main] [info] James ping OK!
[2024-06-13 01:01:29.210] [main] [info] Lucas ping OK!
[2024-06-13 01:01:29.210] [main] [info] Felix ping OK!
[2024-06-13 01:01:29.210] [main] [info] Pinging all valve stations   ...DONE!
[2024-06-13 01:01:29.210] [main] [info] Pinging Non-Existing Test Server...
[2024-06-13 01:01:32.290] [main] [info] Pinging Non-Existing Test Server OK!
[2024-06-13 01:01:32.290] [main] [info] Pinging Non-Existing Test Server   ...DONE!
[2024-06-13 01:01:32.290] [main] [info] Creating Landscape...
[2024-06-13 01:01:32.290] [main] [info] Creating Landscape...
[2024-06-13 01:01:32.290] [main] [info] Creating Felix...
[2024-06-13 01:01:32.290] [main] [info] Creating James...
[2024-06-13 01:01:32.290] [main] [info] Creating Lucas...
[2024-06-13 01:01:32.290] [main] [info] Fetching timestamp...
std::chrono::system_clock::now().time_since_epoch()   :   1718233292290559365
get_seconds_since_epoch_now(bool verbose /* true */)   :   1718233292
minutes since epoch   :   28637221
minute of day   :   1381
minute of hour   :   1
hour of day   :   23
[2024-06-13 01:01:32.290] [main] [info] Checking timestamp.txt...
[2024-06-13 01:01:32.290] [main] [debug] The timestamp.txt is always written when watering is triggered. It is read to check if I was already done with watering some minutes ago.
previous time_stamp:   28636084
[2024-06-13 01:01:32.290] [main] [info] Checking timestamp.txt   ...DONE!
[2024-06-13 01:01:32.290] [main] [info] It's not time for watering now!
[2024-06-13 01:01:32.290] [main] [info] Minute Intraday:   1381
[2024-06-13 01:01:32.290] [main] [info] Days since Epoch:   19886
[2024-06-13 01:01:32.290] [main] [info] Accumulated watering times:

Felix   :          Eiben-Klee  :      0.00 min
Felix   :            Mara-alt  :      0.00 min
James   : JAMES_VALVE_1_LABEL  :      0.00 min
James   :          Kartoffeln  :      0.00 min
James   : JAMES_VALVE_3_LABEL  :      0.00 min
James   :             Tomaten  :      0.00 min
Lucas   :               LUC-1  :      0.00 min
Lucas   :        Heidelbeeren  :      0.00 min
Lucas   : Baer-Bohnen-Flieder  :      0.00 min

%%%%%%%%%%     [4] Run the executable   ...DONE!
elapsed time:   6s
=====================================================================================================
