=====================================================================================================
%%%%%%%%%%     [6] Uploading logs and go sleeping...
> sudo -u mayadm git checkout artifacts
Zu Zweig »artifacts« gewechselt
Ihr Branch ist auf demselben Stand wie 'origin/artifacts'.
> sudo -u mayadm git pull
Bereits aktuell.
> sudo -u mayadm git merge maya-productive
Bereits aktuell.
> sudo -u mayadm git add "../artifacts/logs/12405-*.log" -f
> sudo -u mayadm git add "../artifacts/logs/12404-*.log" -f
> sudo -u mayadm git commit -m "logs at 2024-06-13--19h16"
[artifacts 18f3c4054] logs at 2024-06-13--19h16
 6 files changed, 304 insertions(+)
 create mode 100644 maya/artifacts/logs/12404--2024-06-13--18h36---6.log
 create mode 100644 maya/artifacts/logs/12405--2024-06-13--19h16---1.log
 create mode 100644 maya/artifacts/logs/12405--2024-06-13--19h16---2.log
 create mode 100644 maya/artifacts/logs/12405--2024-06-13--19h16---3.log
 create mode 100644 maya/artifacts/logs/12405--2024-06-13--19h16---4.log
 create mode 100644 maya/artifacts/logs/12405--2024-06-13--19h16---5.log
> sudo -u mayadm git push
To https://github.com/Necktschnagge/wired-watering
   de6253051..18f3c4054  artifacts -> artifacts
> sudo -u mayadm git checkout maya-productive
Zu Zweig »maya-productive« gewechselt
Ihr Branch ist auf demselben Stand wie 'origin/maya-productive'.
> sudo -u mayadm git push
Everything up-to-date
##############################################################
###################                        ###################
###################     GOING TO SLEEP     ###################
###################                        ###################
##############################################################
#######                                                #######
#######   Press CTRL + C NOW to abort script safely!   #######
#######                                                #######
##############################################################
##############################################################
#######                                                #######
#######               NOW GOING TO SLEEP               #######
#######                                                #######
##############################################################
> rtcwake -m mem -s 2400
rtcwake: RTC wird als UTC interpretiert …
rtcwake: aufwachen von „mem“ durch /dev/rtc0 bei Thu Jun 13 17:57:03 2024
##############################################################
#######                                                #######
#######            just waked up from sleep            #######
#######                                                #######
##############################################################
%%%%%%%%%%     [6] Uploading logs and go sleeping   ...DONE!
elapsed time:   2418s
=====================================================================================================
