=====================================================================================================
%%%%%%%%%%     [6] Uploading logs and go sleeping...
> sudo -u mayadm git checkout artifacts
Zu Zweig »artifacts« gewechselt
Ihr Branch ist auf demselben Stand wie 'origin/artifacts'.
> sudo -u mayadm git pull
Bereits aktuell.
> sudo -u mayadm git merge maya-productive
Bereits aktuell.
> sudo -u mayadm git add "../artifacts/logs/12411-*.log" -f
> sudo -u mayadm git add "../artifacts/logs/12410-*.log" -f
> sudo -u mayadm git commit -m "logs at 2024-06-13--23h20"
[artifacts 9bf2d4b8a] logs at 2024-06-13--23h20
 6 files changed, 359 insertions(+)
 create mode 100644 maya/artifacts/logs/12410--2024-06-13--22h39---6.log
 create mode 100644 maya/artifacts/logs/12411--2024-06-13--23h20---1.log
 create mode 100644 maya/artifacts/logs/12411--2024-06-13--23h20---2.log
 create mode 100644 maya/artifacts/logs/12411--2024-06-13--23h20---3.log
 create mode 100644 maya/artifacts/logs/12411--2024-06-13--23h20---4.log
 create mode 100644 maya/artifacts/logs/12411--2024-06-13--23h20---5.log
> sudo -u mayadm git push
To https://github.com/Necktschnagge/wired-watering
   5816bab5a..9bf2d4b8a  artifacts -> artifacts
> sudo -u mayadm git checkout maya-productive
Zu Zweig »maya-productive« gewechselt
Ihr Branch ist auf demselben Stand wie 'origin/maya-productive'.
> sudo -u mayadm git push
Everything up-to-date
##############################################################
###################                        ###################
###################     GOING TO SLEEP     ###################
###################                        ###################
##############################################################
#######                                                #######
#######   Press CTRL + C NOW to abort script safely!   #######
#######                                                #######
##############################################################
##############################################################
#######                                                #######
#######               NOW GOING TO SLEEP               #######
#######                                                #######
##############################################################
> rtcwake -m mem -s 2400
rtcwake: RTC wird als UTC interpretiert …
rtcwake: aufwachen von „mem“ durch /dev/rtc0 bei Thu Jun 13 22:01:56 2024
##############################################################
#######                                                #######
#######            just waked up from sleep            #######
#######                                                #######
##############################################################
%%%%%%%%%%     [6] Uploading logs and go sleeping   ...DONE!
elapsed time:   2418s
=====================================================================================================
