=====================================================================================================
=====================================================================================================
===     Starting with run #12426...
=====================================================================================================
=====================================================================================================
> ls -la ../../..
insgesamt 2220
drwxrwxr-x 6 mayadm mayadm    4096 Mai 21  2023 .
drwxr-xr-x 6 mayadm mayadm    4096 Jun 14 09:26 ..
drwxrwxr-x 4 mayadm mayadm    4096 Jun 19  2022 double
drwxrwxr-x 3 mayadm mayadm 2248704 Jun 14 09:26 logs
drwxrwxr-x 2 mayadm mayadm    4096 Mai 21  2023 secrets
drwxrwxr-x 6 mayadm mayadm    4096 Jun  2 15:14 wired-watering
> ls -la ../../../secrets
insgesamt 12
drwxrwxr-x 2 mayadm mayadm 4096 Mai 21  2023 .
drwxrwxr-x 6 mayadm mayadm 4096 Mai 21  2023 ..
-rw-rw-r-- 1 mayadm mayadm  103 Mai 21  2023 telegram_secrets.json
> echo "12426" | sudo -u mayadm tee /home/mayadm/repos/logs/counter.info
12426
> date
Fr 14. Jun 10:06:24 CEST 2024
> dig +short txt ch whoami.cloudflare @1.0.0.1
"176.6.179.56"
> ./maya_connect_internet_usb0.sh
RTNETLINK answers: File exists
Connecting to internet via usb0 tethering successful.
=====================================================================================================
%%%%%%%%%%     [1] Cleaning working directory...
> sudo -u mayadm git branch
  artifacts
  artifacts-2023
  main
* maya-productive
  routine-2516a2e9-1717404280
> sudo -u mayadm git status
Auf Branch maya-productive
Ihr Branch ist auf demselben Stand wie 'origin/maya-productive'.

nichts zu committen, Arbeitsverzeichnis unverändert
> sudo -u mayadm git add -u; sudo -u mayadm git add *
> sudo -u mayadm git status
Auf Branch maya-productive
Ihr Branch ist auf demselben Stand wie 'origin/maya-productive'.

nichts zu committen, Arbeitsverzeichnis unverändert
Checking if there are uncommitted changes...
> sudo -u mayadm git update-index --refresh && sudo -u mayadm git diff-index --quiet HEAD --
> sudo -u mayadm git reset --hard;
HEAD ist jetzt bei 6436eecb0 update watering plan
%%%%%%%%%%     [1] Cleaning working directory   ...DONE!
elapsed time:   0s
=====================================================================================================
