=====================================================================================================
%%%%%%%%%%     [6] Uploading logs and go sleeping...
> sudo -u mayadm git checkout artifacts
Zu Zweig »artifacts« gewechselt
Ihr Branch ist auf demselben Stand wie 'origin/artifacts'.
> sudo -u mayadm git pull
Bereits aktuell.
> sudo -u mayadm git merge maya-productive
Bereits aktuell.
> sudo -u mayadm git add "../artifacts/logs/12443-*.log" -f
> sudo -u mayadm git add "../artifacts/logs/12442-*.log" -f
> sudo -u mayadm git commit -m "logs at 2024-06-14--21h36"
[artifacts 1f819d9b3] logs at 2024-06-14--21h36
 6 files changed, 304 insertions(+)
 create mode 100644 maya/artifacts/logs/12442--2024-06-14--20h56---6.log
 create mode 100644 maya/artifacts/logs/12443--2024-06-14--21h36---1.log
 create mode 100644 maya/artifacts/logs/12443--2024-06-14--21h36---2.log
 create mode 100644 maya/artifacts/logs/12443--2024-06-14--21h36---3.log
 create mode 100644 maya/artifacts/logs/12443--2024-06-14--21h36---4.log
 create mode 100644 maya/artifacts/logs/12443--2024-06-14--21h36---5.log
> sudo -u mayadm git push
To https://github.com/Necktschnagge/wired-watering
   68059d571..1f819d9b3  artifacts -> artifacts
> sudo -u mayadm git checkout maya-productive
Zu Zweig »maya-productive« gewechselt
Ihr Branch ist auf demselben Stand wie 'origin/maya-productive'.
> sudo -u mayadm git push
Everything up-to-date
##############################################################
###################                        ###################
###################     GOING TO SLEEP     ###################
###################                        ###################
##############################################################
#######                                                #######
#######   Press CTRL + C NOW to abort script safely!   #######
#######                                                #######
##############################################################
##############################################################
#######                                                #######
#######               NOW GOING TO SLEEP               #######
#######                                                #######
##############################################################
> rtcwake -m mem -s 2400
rtcwake: RTC wird als UTC interpretiert …
rtcwake: aufwachen von „mem“ durch /dev/rtc0 bei Fri Jun 14 20:17:08 2024
##############################################################
#######                                                #######
#######            just waked up from sleep            #######
#######                                                #######
##############################################################
%%%%%%%%%%     [6] Uploading logs and go sleeping   ...DONE!
elapsed time:   2417s
=====================================================================================================
