=====================================================================================================
%%%%%%%%%%     [4] Run the executable...
>Please note:  Even if all builds failed, the last built executable is still there and will be started!
> sudo -u mayadm ./ur-unix-run.sh
[2024-06-15 03:42:51.111] [main] [info] Pinging Pump Server Mayson...
[2024-06-15 03:42:54.167] [main] [error] Fatal: Pump Server not available!
[2024-06-15 03:42:54.167] [main] [info] Pinging Pump Server Mayson   ...DONE!
[2024-06-15 03:42:54.167] [main] [info] Pinging all valve stations...
[2024-06-15 03:42:54.472] [main] [info] James ping OK!
[2024-06-15 03:42:54.472] [main] [info] Lucas ping OK!
[2024-06-15 03:42:54.472] [main] [info] Felix ping OK!
[2024-06-15 03:42:54.472] [main] [info] Pinging all valve stations   ...DONE!
[2024-06-15 03:42:54.472] [main] [info] Pinging Non-Existing Test Server...
[2024-06-15 03:42:57.526] [main] [info] Pinging Non-Existing Test Server OK!
[2024-06-15 03:42:57.526] [main] [info] Pinging Non-Existing Test Server   ...DONE!
[2024-06-15 03:42:57.526] [main] [info] Pinging Pump Server Mayson...
[2024-06-15 03:43:00.599] [main] [error] Fatal: Pump Server not available!
[2024-06-15 03:43:00.599] [main] [info] Pinging Pump Server Mayson   ...DONE!
[2024-06-15 03:43:00.599] [main] [info] Pinging all valve stations...
[2024-06-15 03:43:00.939] [main] [info] James ping OK!
[2024-06-15 03:43:00.939] [main] [info] Lucas ping OK!
[2024-06-15 03:43:00.939] [main] [info] Felix ping OK!
[2024-06-15 03:43:00.939] [main] [info] Pinging all valve stations   ...DONE!
[2024-06-15 03:43:00.939] [main] [info] Pinging Non-Existing Test Server...
[2024-06-15 03:43:04.022] [main] [info] Pinging Non-Existing Test Server OK!
[2024-06-15 03:43:04.022] [main] [info] Pinging Non-Existing Test Server   ...DONE!
[2024-06-15 03:43:04.022] [main] [info] Pinging Pump Server Mayson...
[2024-06-15 03:43:05.156] [main] [info] Pump Server ping OK!
[2024-06-15 03:43:05.157] [main] [info] Pinging Pump Server Mayson   ...DONE!
[2024-06-15 03:43:05.157] [main] [info] Pinging all valve stations...
[2024-06-15 03:43:05.440] [main] [info] James ping OK!
[2024-06-15 03:43:05.440] [main] [info] Lucas ping OK!
[2024-06-15 03:43:05.440] [main] [info] Felix ping OK!
[2024-06-15 03:43:05.440] [main] [info] Pinging all valve stations   ...DONE!
[2024-06-15 03:43:05.440] [main] [info] Pinging Non-Existing Test Server...
[2024-06-15 03:43:08.502] [main] [info] Pinging Non-Existing Test Server OK!
[2024-06-15 03:43:08.502] [main] [info] Pinging Non-Existing Test Server   ...DONE!
[2024-06-15 03:43:08.502] [main] [info] Creating Landscape...
[2024-06-15 03:43:08.502] [main] [info] Creating Landscape...
[2024-06-15 03:43:08.502] [main] [info] Creating Felix...
[2024-06-15 03:43:08.502] [main] [info] Creating James...
[2024-06-15 03:43:08.502] [main] [info] Creating Lucas...
[2024-06-15 03:43:08.502] [main] [info] Fetching timestamp...
std::chrono::system_clock::now().time_since_epoch()   :   1718415788502631160
get_seconds_since_epoch_now(bool verbose /* true */)   :   1718415788
minutes since epoch   :   28640263
minute of day   :   103
minute of hour   :   43
hour of day   :   1
[2024-06-15 03:43:08.502] [main] [info] Checking timestamp.txt...
[2024-06-15 03:43:08.502] [main] [debug] The timestamp.txt is always written when watering is triggered. It is read to check if I was already done with watering some minutes ago.
previous time_stamp:   28638969
[2024-06-15 03:43:08.502] [main] [info] Checking timestamp.txt   ...DONE!
[2024-06-15 03:43:08.502] [main] [info] It's not time for watering now!
[2024-06-15 03:43:08.502] [main] [info] Minute Intraday:   103
[2024-06-15 03:43:08.502] [main] [info] Days since Epoch:   19889
[2024-06-15 03:43:08.502] [main] [info] Accumulated watering times:

Felix   :          Eiben-Klee  :      0.00 min
Felix   :            Mara-alt  :      0.00 min
James   : JAMES_VALVE_1_LABEL  :      0.00 min
James   :          Kartoffeln  :      0.00 min
James   : JAMES_VALVE_3_LABEL  :      0.00 min
James   :             Tomaten  :      0.00 min
Lucas   :               LUC-1  :      0.00 min
Lucas   :        Heidelbeeren  :      0.00 min
Lucas   : Baer-Bohnen-Flieder  :      0.00 min

%%%%%%%%%%     [4] Run the executable   ...DONE!
elapsed time:   17s
=====================================================================================================
