=====================================================================================================
%%%%%%%%%%     [4] Run the executable...
>Please note:  Even if all builds failed, the last built executable is still there and will be started!
> sudo -u mayadm ./ur-unix-run.sh
[2024-06-15 10:22:44.021] [main] [info] Pinging Pump Server Mayson...
[2024-06-15 10:22:46.176] [main] [info] Pump Server ping OK!
[2024-06-15 10:22:46.176] [main] [info] Pinging Pump Server Mayson   ...DONE!
[2024-06-15 10:22:46.176] [main] [info] Pinging all valve stations...
[2024-06-15 10:22:52.442] [main] [info] James ping OK!
[2024-06-15 10:22:52.442] [main] [error] Fatal: Lucas not available!
[2024-06-15 10:22:52.442] [main] [error] Fatal: Felix not available!
[2024-06-15 10:22:52.442] [main] [info] Pinging all valve stations   ...DONE!
[2024-06-15 10:22:52.442] [main] [info] Pinging Non-Existing Test Server...
[2024-06-15 10:22:55.514] [main] [info] Pinging Non-Existing Test Server OK!
[2024-06-15 10:22:55.514] [main] [info] Pinging Non-Existing Test Server   ...DONE!
[2024-06-15 10:22:55.514] [main] [info] Pinging Pump Server Mayson...
[2024-06-15 10:22:55.610] [main] [info] Pump Server ping OK!
[2024-06-15 10:22:55.610] [main] [info] Pinging Pump Server Mayson   ...DONE!
[2024-06-15 10:22:55.610] [main] [info] Pinging all valve stations...
[2024-06-15 10:23:01.850] [main] [info] James ping OK!
[2024-06-15 10:23:01.850] [main] [error] Fatal: Lucas not available!
[2024-06-15 10:23:01.850] [main] [error] Fatal: Felix not available!
[2024-06-15 10:23:01.850] [main] [info] Pinging all valve stations   ...DONE!
[2024-06-15 10:23:01.850] [main] [info] Pinging Non-Existing Test Server...
[2024-06-15 10:23:04.922] [main] [info] Pinging Non-Existing Test Server OK!
[2024-06-15 10:23:04.922] [main] [info] Pinging Non-Existing Test Server   ...DONE!
[2024-06-15 10:23:04.922] [main] [info] Pinging Pump Server Mayson...
[2024-06-15 10:23:05.041] [main] [info] Pump Server ping OK!
[2024-06-15 10:23:05.041] [main] [info] Pinging Pump Server Mayson   ...DONE!
[2024-06-15 10:23:05.041] [main] [info] Pinging all valve stations...
[2024-06-15 10:23:11.290] [main] [info] James ping OK!
[2024-06-15 10:23:11.290] [main] [error] Fatal: Lucas not available!
[2024-06-15 10:23:11.290] [main] [error] Fatal: Felix not available!
[2024-06-15 10:23:11.290] [main] [info] Pinging all valve stations   ...DONE!
[2024-06-15 10:23:11.290] [main] [info] Pinging Non-Existing Test Server...
[2024-06-15 10:23:14.362] [main] [info] Pinging Non-Existing Test Server OK!
[2024-06-15 10:23:14.362] [main] [info] Pinging Non-Existing Test Server   ...DONE!
[2024-06-15 10:23:14.362] [main] [info] Pinging Pump Server Mayson...
[2024-06-15 10:23:14.463] [main] [info] Pump Server ping OK!
[2024-06-15 10:23:14.463] [main] [info] Pinging Pump Server Mayson   ...DONE!
[2024-06-15 10:23:14.463] [main] [info] Pinging all valve stations...
[2024-06-15 10:23:17.656] [main] [info] James ping OK!
[2024-06-15 10:23:17.656] [main] [error] Fatal: Lucas not available!
[2024-06-15 10:23:17.656] [main] [info] Felix ping OK!
[2024-06-15 10:23:17.656] [main] [info] Pinging all valve stations   ...DONE!
[2024-06-15 10:23:17.656] [main] [info] Pinging Non-Existing Test Server...
[2024-06-15 10:23:20.730] [main] [info] Pinging Non-Existing Test Server OK!
[2024-06-15 10:23:20.730] [main] [info] Pinging Non-Existing Test Server   ...DONE!
[2024-06-15 10:23:20.730] [main] [info] Pinging Pump Server Mayson...
[2024-06-15 10:23:20.820] [main] [info] Pump Server ping OK!
[2024-06-15 10:23:20.820] [main] [info] Pinging Pump Server Mayson   ...DONE!
[2024-06-15 10:23:20.820] [main] [info] Pinging all valve stations...
[2024-06-15 10:23:24.210] [main] [info] James ping OK!
[2024-06-15 10:23:24.210] [main] [error] Fatal: Lucas not available!
[2024-06-15 10:23:24.210] [main] [info] Felix ping OK!
[2024-06-15 10:23:24.210] [main] [info] Pinging all valve stations   ...DONE!
[2024-06-15 10:23:24.210] [main] [info] Pinging Non-Existing Test Server...
[2024-06-15 10:23:27.290] [main] [info] Pinging Non-Existing Test Server OK!
[2024-06-15 10:23:27.290] [main] [info] Pinging Non-Existing Test Server   ...DONE!
[2024-06-15 10:23:27.290] [main] [info] Pinging Pump Server Mayson...
[2024-06-15 10:23:27.373] [main] [info] Pump Server ping OK!
[2024-06-15 10:23:27.373] [main] [info] Pinging Pump Server Mayson   ...DONE!
[2024-06-15 10:23:27.373] [main] [info] Pinging all valve stations...
[2024-06-15 10:23:27.686] [main] [info] James ping OK!
[2024-06-15 10:23:27.686] [main] [info] Lucas ping OK!
[2024-06-15 10:23:27.686] [main] [info] Felix ping OK!
[2024-06-15 10:23:27.686] [main] [info] Pinging all valve stations   ...DONE!
[2024-06-15 10:23:27.686] [main] [info] Pinging Non-Existing Test Server...
[2024-06-15 10:23:30.746] [main] [info] Pinging Non-Existing Test Server OK!
[2024-06-15 10:23:30.746] [main] [info] Pinging Non-Existing Test Server   ...DONE!
[2024-06-15 10:23:30.746] [main] [info] Creating Landscape...
[2024-06-15 10:23:30.746] [main] [info] Creating Landscape...
[2024-06-15 10:23:30.746] [main] [info] Creating Felix...
[2024-06-15 10:23:30.746] [main] [info] Creating James...
[2024-06-15 10:23:30.746] [main] [info] Creating Lucas...
[2024-06-15 10:23:30.746] [main] [info] Fetching timestamp...
std::chrono::system_clock::now().time_since_epoch()   :   1718439810746504812
get_seconds_since_epoch_now(bool verbose /* true */)   :   1718439810
minutes since epoch   :   28640663
minute of day   :   503
minute of hour   :   23
hour of day   :   8
[2024-06-15 10:23:30.746] [main] [info] Checking timestamp.txt...
[2024-06-15 10:23:30.746] [main] [debug] The timestamp.txt is always written when watering is triggered. It is read to check if I was already done with watering some minutes ago.
previous time_stamp:   28640384
[2024-06-15 10:23:30.746] [main] [info] Checking timestamp.txt   ...DONE!
[2024-06-15 10:23:30.746] [main] [info] It's not time for watering now!
[2024-06-15 10:23:30.746] [main] [info] Minute Intraday:   503
[2024-06-15 10:23:30.746] [main] [info] Days since Epoch:   19889
[2024-06-15 10:23:30.746] [main] [info] Accumulated watering times:

Felix   :          Eiben-Klee  :      0.00 min
Felix   :            Mara-alt  :      0.00 min
James   : JAMES_VALVE_1_LABEL  :      0.00 min
James   :          Kartoffeln  :      0.00 min
James   : JAMES_VALVE_3_LABEL  :      0.00 min
James   :             Tomaten  :      0.00 min
Lucas   :               LUC-1  :      0.00 min
Lucas   :        Heidelbeeren  :      0.00 min
Lucas   : Baer-Bohnen-Flieder  :      0.00 min

%%%%%%%%%%     [4] Run the executable   ...DONE!
elapsed time:   46s
=====================================================================================================
