=====================================================================================================
%%%%%%%%%%     [6] Uploading logs and go sleeping...
> sudo -u mayadm git add "../artifacts/logs/1246-*.log" -f
> sudo -u mayadm git add "../artifacts/logs/1245-*.log" -f
> sudo -u mayadm git commit -m "logs at 2022-06-17--18h22"
[maya-productive 313c89d] logs at 2022-06-17--18h22
 6 files changed, 249 insertions(+)
 create mode 100644 maya/artifacts/logs/1245--2022-06-17--18h17---6.log
 create mode 100644 maya/artifacts/logs/1246--2022-06-17--18h22---1.log
 create mode 100644 maya/artifacts/logs/1246--2022-06-17--18h22---2.log
 create mode 100644 maya/artifacts/logs/1246--2022-06-17--18h22---3.log
 create mode 100644 maya/artifacts/logs/1246--2022-06-17--18h22---4.log
 create mode 100644 maya/artifacts/logs/1246--2022-06-17--18h22---5.log
> sudo -u mayadm git pull
Bereits aktuell.
> sudo -u mayadm git push
To https://github.com/Necktschnagge/wired-watering
   17a9ff2..313c89d  maya-productive -> maya-productive
> sudo -u mayadm git checkout maya-productive
Bereits auf 'maya-productive'
Ihr Branch ist auf demselben Stand wie 'origin/maya-productive'.
> sudo -u mayadm git push
Everything up-to-date
##############################################################
###################                        ###################
###################     GOING TO SLEEP     ###################
###################                        ###################
##############################################################
#######                                                #######
#######   Press CTRL + C NOW to abort script safely!   #######
#######                                                #######
##############################################################
##############################################################
#######                                                #######
#######               NOW GOING TO SLEEP               #######
#######                                                #######
##############################################################
> rtcwake -m mem -s 300
rtcwake: RTC wird als UTC interpretiert …
rtcwake: aufwachen von „mem“ durch /dev/rtc0 bei Fri Jun 17 16:28:20 2022
##############################################################
#######                                                #######
#######            just waked up from sleep            #######
#######                                                #######
##############################################################
%%%%%%%%%%     [6] Uploading logs and go sleeping   ...DONE!
=====================================================================================================
