=====================================================================================================
%%%%%%%%%%     [4] Run the executable...
>Please note:  Even if all builds failed, the last built executable is still there and will be started!
> sudo -u mayadm ./ur-unix-run.sh
[2024-06-16 05:53:00.552] [main] [info] Pinging Pump Server Mayson...
[2024-06-16 05:53:03.626] [main] [error] Fatal: Pump Server not available!
[2024-06-16 05:53:03.626] [main] [info] Pinging Pump Server Mayson   ...DONE!
[2024-06-16 05:53:03.626] [main] [info] Pinging all valve stations...
[2024-06-16 05:53:06.922] [main] [info] James ping OK!
[2024-06-16 05:53:06.922] [main] [info] Lucas ping OK!
[2024-06-16 05:53:06.922] [main] [error] Fatal: Felix not available!
[2024-06-16 05:53:06.922] [main] [info] Pinging all valve stations   ...DONE!
[2024-06-16 05:53:06.922] [main] [info] Pinging Non-Existing Test Server...
[2024-06-16 05:53:09.994] [main] [info] Pinging Non-Existing Test Server OK!
[2024-06-16 05:53:09.994] [main] [info] Pinging Non-Existing Test Server   ...DONE!
[2024-06-16 05:53:09.994] [main] [info] Pinging Pump Server Mayson...
[2024-06-16 05:53:11.343] [main] [info] Pump Server ping OK!
[2024-06-16 05:53:11.343] [main] [info] Pinging Pump Server Mayson   ...DONE!
[2024-06-16 05:53:11.343] [main] [info] Pinging all valve stations...
[2024-06-16 05:53:14.602] [main] [info] James ping OK!
[2024-06-16 05:53:14.602] [main] [info] Lucas ping OK!
[2024-06-16 05:53:14.602] [main] [error] Fatal: Felix not available!
[2024-06-16 05:53:14.602] [main] [info] Pinging all valve stations   ...DONE!
[2024-06-16 05:53:14.602] [main] [info] Pinging Non-Existing Test Server...
[2024-06-16 05:53:17.674] [main] [info] Pinging Non-Existing Test Server OK!
[2024-06-16 05:53:17.674] [main] [info] Pinging Non-Existing Test Server   ...DONE!
[2024-06-16 05:53:17.674] [main] [info] Pinging Pump Server Mayson...
[2024-06-16 05:53:17.784] [main] [info] Pump Server ping OK!
[2024-06-16 05:53:17.784] [main] [info] Pinging Pump Server Mayson   ...DONE!
[2024-06-16 05:53:17.784] [main] [info] Pinging all valve stations...
[2024-06-16 05:53:21.066] [main] [info] James ping OK!
[2024-06-16 05:53:21.066] [main] [info] Lucas ping OK!
[2024-06-16 05:53:21.066] [main] [error] Fatal: Felix not available!
[2024-06-16 05:53:21.066] [main] [info] Pinging all valve stations   ...DONE!
[2024-06-16 05:53:21.066] [main] [info] Pinging Non-Existing Test Server...
[2024-06-16 05:53:24.138] [main] [info] Pinging Non-Existing Test Server OK!
[2024-06-16 05:53:24.138] [main] [info] Pinging Non-Existing Test Server   ...DONE!
[2024-06-16 05:53:24.138] [main] [info] Pinging Pump Server Mayson...
[2024-06-16 05:53:24.245] [main] [info] Pump Server ping OK!
[2024-06-16 05:53:24.245] [main] [info] Pinging Pump Server Mayson   ...DONE!
[2024-06-16 05:53:24.245] [main] [info] Pinging all valve stations...
[2024-06-16 05:53:27.530] [main] [info] James ping OK!
[2024-06-16 05:53:27.530] [main] [info] Lucas ping OK!
[2024-06-16 05:53:27.530] [main] [error] Fatal: Felix not available!
[2024-06-16 05:53:27.530] [main] [info] Pinging all valve stations   ...DONE!
[2024-06-16 05:53:27.530] [main] [info] Pinging Non-Existing Test Server...
[2024-06-16 05:53:30.602] [main] [info] Pinging Non-Existing Test Server OK!
[2024-06-16 05:53:30.602] [main] [info] Pinging Non-Existing Test Server   ...DONE!
[2024-06-16 05:53:30.602] [main] [info] Pinging Pump Server Mayson...
[2024-06-16 05:53:30.696] [main] [info] Pump Server ping OK!
[2024-06-16 05:53:30.696] [main] [info] Pinging Pump Server Mayson   ...DONE!
[2024-06-16 05:53:30.696] [main] [info] Pinging all valve stations...
[2024-06-16 05:53:34.090] [main] [info] James ping OK!
[2024-06-16 05:53:34.090] [main] [info] Lucas ping OK!
[2024-06-16 05:53:34.090] [main] [error] Fatal: Felix not available!
[2024-06-16 05:53:34.090] [main] [info] Pinging all valve stations   ...DONE!
[2024-06-16 05:53:34.090] [main] [info] Pinging Non-Existing Test Server...
[2024-06-16 05:53:37.166] [main] [info] Pinging Non-Existing Test Server OK!
[2024-06-16 05:53:37.166] [main] [info] Pinging Non-Existing Test Server   ...DONE!
[2024-06-16 05:53:37.166] [main] [info] Pinging Pump Server Mayson...
[2024-06-16 05:53:37.278] [main] [info] Pump Server ping OK!
[2024-06-16 05:53:37.278] [main] [info] Pinging Pump Server Mayson   ...DONE!
[2024-06-16 05:53:37.278] [main] [info] Pinging all valve stations...
[2024-06-16 05:53:40.554] [main] [info] James ping OK!
[2024-06-16 05:53:40.554] [main] [info] Lucas ping OK!
[2024-06-16 05:53:40.554] [main] [error] Fatal: Felix not available!
[2024-06-16 05:53:40.554] [main] [info] Pinging all valve stations   ...DONE!
[2024-06-16 05:53:40.554] [main] [info] Pinging Non-Existing Test Server...
[2024-06-16 05:53:43.626] [main] [info] Pinging Non-Existing Test Server OK!
[2024-06-16 05:53:43.626] [main] [info] Pinging Non-Existing Test Server   ...DONE!
[2024-06-16 05:53:43.626] [main] [info] Pinging Pump Server Mayson...
[2024-06-16 05:53:43.718] [main] [info] Pump Server ping OK!
[2024-06-16 05:53:43.718] [main] [info] Pinging Pump Server Mayson   ...DONE!
[2024-06-16 05:53:43.718] [main] [info] Pinging all valve stations...
[2024-06-16 05:53:46.986] [main] [info] James ping OK!
[2024-06-16 05:53:46.986] [main] [info] Lucas ping OK!
[2024-06-16 05:53:46.986] [main] [error] Fatal: Felix not available!
[2024-06-16 05:53:46.986] [main] [info] Pinging all valve stations   ...DONE!
[2024-06-16 05:53:46.986] [main] [info] Pinging Non-Existing Test Server...
[2024-06-16 05:53:50.058] [main] [info] Pinging Non-Existing Test Server OK!
[2024-06-16 05:53:50.058] [main] [info] Pinging Non-Existing Test Server   ...DONE!
[2024-06-16 05:53:50.058] [main] [info] Pinging Pump Server Mayson...
[2024-06-16 05:53:50.186] [main] [info] Pump Server ping OK!
[2024-06-16 05:53:50.186] [main] [info] Pinging Pump Server Mayson   ...DONE!
[2024-06-16 05:53:50.186] [main] [info] Pinging all valve stations...
[2024-06-16 05:53:53.450] [main] [info] James ping OK!
[2024-06-16 05:53:53.450] [main] [info] Lucas ping OK!
[2024-06-16 05:53:53.450] [main] [error] Fatal: Felix not available!
[2024-06-16 05:53:53.450] [main] [info] Pinging all valve stations   ...DONE!
[2024-06-16 05:53:53.450] [main] [info] Pinging Non-Existing Test Server...
[2024-06-16 05:53:56.522] [main] [info] Pinging Non-Existing Test Server OK!
[2024-06-16 05:53:56.522] [main] [info] Pinging Non-Existing Test Server   ...DONE!
[2024-06-16 05:53:56.522] [main] [info] Pinging Pump Server Mayson...
[2024-06-16 05:53:56.716] [main] [info] Pump Server ping OK!
[2024-06-16 05:53:56.716] [main] [info] Pinging Pump Server Mayson   ...DONE!
[2024-06-16 05:53:56.717] [main] [info] Pinging all valve stations...
[2024-06-16 05:54:00.106] [main] [info] James ping OK!
[2024-06-16 05:54:00.106] [main] [info] Lucas ping OK!
[2024-06-16 05:54:00.106] [main] [error] Fatal: Felix not available!
[2024-06-16 05:54:00.106] [main] [info] Pinging all valve stations   ...DONE!
[2024-06-16 05:54:00.106] [main] [info] Pinging Non-Existing Test Server...
[2024-06-16 05:54:03.178] [main] [info] Pinging Non-Existing Test Server OK!
[2024-06-16 05:54:03.178] [main] [info] Pinging Non-Existing Test Server   ...DONE!
[2024-06-16 05:54:03.178] [main] [info] Pinging Pump Server Mayson...
[2024-06-16 05:54:03.277] [main] [info] Pump Server ping OK!
[2024-06-16 05:54:03.278] [main] [info] Pinging Pump Server Mayson   ...DONE!
[2024-06-16 05:54:03.278] [main] [info] Pinging all valve stations...
[2024-06-16 05:54:13.482] [main] [info] James ping OK!
[2024-06-16 05:54:13.482] [main] [info] Lucas ping OK!
[2024-06-16 05:54:13.482] [main] [error] Fatal: Felix not available!
[2024-06-16 05:54:13.482] [main] [info] Pinging all valve stations   ...DONE!
[2024-06-16 05:54:13.482] [main] [info] Pinging Non-Existing Test Server...
[2024-06-16 05:54:16.554] [main] [info] Pinging Non-Existing Test Server OK!
[2024-06-16 05:54:16.554] [main] [info] Pinging Non-Existing Test Server   ...DONE!
[2024-06-16 05:54:16.554] [main] [info] Pinging Pump Server Mayson...
[2024-06-16 05:54:26.558] [main] [error] Fatal: Pump Server not available!
[2024-06-16 05:54:26.558] [main] [info] Pinging Pump Server Mayson   ...DONE!
[2024-06-16 05:54:26.558] [main] [info] Pinging all valve stations...
[2024-06-16 05:54:36.822] [main] [info] James ping OK!
[2024-06-16 05:54:36.822] [main] [info] Lucas ping OK!
[2024-06-16 05:54:36.822] [main] [error] Fatal: Felix not available!
[2024-06-16 05:54:36.822] [main] [info] Pinging all valve stations   ...DONE!
[2024-06-16 05:54:36.822] [main] [info] Pinging Non-Existing Test Server...
[2024-06-16 05:54:39.882] [main] [info] Pinging Non-Existing Test Server OK!
[2024-06-16 05:54:39.882] [main] [info] Pinging Non-Existing Test Server   ...DONE!
[2024-06-16 05:54:39.882] [main] [info] Pinging Pump Server Mayson...
[2024-06-16 05:54:39.943] [main] [info] Pump Server ping OK!
[2024-06-16 05:54:39.943] [main] [info] Pinging Pump Server Mayson   ...DONE!
[2024-06-16 05:54:39.943] [main] [info] Pinging all valve stations...
[2024-06-16 05:54:50.137] [main] [info] James ping OK!
[2024-06-16 05:54:50.137] [main] [info] Lucas ping OK!
[2024-06-16 05:54:50.137] [main] [error] Fatal: Felix not available!
[2024-06-16 05:54:50.137] [main] [info] Pinging all valve stations   ...DONE!
[2024-06-16 05:54:50.137] [main] [info] Pinging Non-Existing Test Server...
[2024-06-16 05:54:53.194] [main] [info] Pinging Non-Existing Test Server OK!
[2024-06-16 05:54:53.194] [main] [info] Pinging Non-Existing Test Server   ...DONE!
[2024-06-16 05:54:53.194] [main] [info] Pinging Pump Server Mayson...
[2024-06-16 05:54:53.252] [main] [info] Pump Server ping OK!
[2024-06-16 05:54:53.252] [main] [info] Pinging Pump Server Mayson   ...DONE!
[2024-06-16 05:54:53.252] [main] [info] Pinging all valve stations...
[2024-06-16 05:55:03.457] [main] [info] James ping OK!
[2024-06-16 05:55:03.457] [main] [info] Lucas ping OK!
[2024-06-16 05:55:03.457] [main] [error] Fatal: Felix not available!
[2024-06-16 05:55:03.457] [main] [info] Pinging all valve stations   ...DONE!
[2024-06-16 05:55:03.457] [main] [info] Pinging Non-Existing Test Server...
[2024-06-16 05:55:06.538] [main] [info] Pinging Non-Existing Test Server OK!
[2024-06-16 05:55:06.538] [main] [info] Pinging Non-Existing Test Server   ...DONE!
[2024-06-16 05:55:06.538] [main] [info] Pinging Pump Server Mayson...
[2024-06-16 05:55:06.773] [main] [info] Pump Server ping OK!
[2024-06-16 05:55:06.773] [main] [info] Pinging Pump Server Mayson   ...DONE!
[2024-06-16 05:55:06.773] [main] [info] Pinging all valve stations...
[2024-06-16 05:55:16.983] [main] [info] James ping OK!
[2024-06-16 05:55:16.983] [main] [info] Lucas ping OK!
[2024-06-16 05:55:16.983] [main] [error] Fatal: Felix not available!
[2024-06-16 05:55:16.983] [main] [info] Pinging all valve stations   ...DONE!
[2024-06-16 05:55:16.983] [main] [info] Pinging Non-Existing Test Server...
[2024-06-16 05:55:20.042] [main] [info] Pinging Non-Existing Test Server OK!
[2024-06-16 05:55:20.042] [main] [info] Pinging Non-Existing Test Server   ...DONE!
[2024-06-16 05:55:20.042] [main] [info] Pinging Pump Server Mayson...
[2024-06-16 05:55:20.092] [main] [info] Pump Server ping OK!
[2024-06-16 05:55:20.092] [main] [info] Pinging Pump Server Mayson   ...DONE!
[2024-06-16 05:55:20.092] [main] [info] Pinging all valve stations...
[2024-06-16 05:55:30.502] [main] [info] James ping OK!
[2024-06-16 05:55:30.502] [main] [info] Lucas ping OK!
[2024-06-16 05:55:30.502] [main] [error] Fatal: Felix not available!
[2024-06-16 05:55:30.502] [main] [info] Pinging all valve stations   ...DONE!
[2024-06-16 05:55:30.502] [main] [info] Pinging Non-Existing Test Server...
[2024-06-16 05:55:33.578] [main] [info] Pinging Non-Existing Test Server OK!
[2024-06-16 05:55:33.578] [main] [info] Pinging Non-Existing Test Server   ...DONE!
[2024-06-16 05:55:33.578] [main] [info] Pinging Pump Server Mayson...
[2024-06-16 05:55:33.708] [main] [info] Pump Server ping OK!
[2024-06-16 05:55:33.708] [main] [info] Pinging Pump Server Mayson   ...DONE!
[2024-06-16 05:55:33.708] [main] [info] Pinging all valve stations...
[2024-06-16 05:55:43.929] [main] [info] James ping OK!
[2024-06-16 05:55:43.929] [main] [info] Lucas ping OK!
[2024-06-16 05:55:43.929] [main] [error] Fatal: Felix not available!
[2024-06-16 05:55:43.929] [main] [info] Pinging all valve stations   ...DONE!
[2024-06-16 05:55:43.929] [main] [info] Pinging Non-Existing Test Server...
[2024-06-16 05:55:46.986] [main] [info] Pinging Non-Existing Test Server OK!
[2024-06-16 05:55:46.986] [main] [info] Pinging Non-Existing Test Server   ...DONE!
[2024-06-16 05:55:46.986] [main] [info] Pinging Pump Server Mayson...
[2024-06-16 05:55:47.020] [main] [info] Pump Server ping OK!
[2024-06-16 05:55:47.020] [main] [info] Pinging Pump Server Mayson   ...DONE!
[2024-06-16 05:55:47.020] [main] [info] Pinging all valve stations...
[2024-06-16 05:55:57.235] [main] [info] James ping OK!
[2024-06-16 05:55:57.235] [main] [info] Lucas ping OK!
[2024-06-16 05:55:57.235] [main] [error] Fatal: Felix not available!
[2024-06-16 05:55:57.235] [main] [info] Pinging all valve stations   ...DONE!
[2024-06-16 05:55:57.235] [main] [info] Pinging Non-Existing Test Server...
[2024-06-16 05:56:00.298] [main] [info] Pinging Non-Existing Test Server OK!
[2024-06-16 05:56:00.298] [main] [info] Pinging Non-Existing Test Server   ...DONE!
[2024-06-16 05:56:00.298] [main] [info] Pinging Pump Server Mayson...
[2024-06-16 05:56:00.337] [main] [info] Pump Server ping OK!
[2024-06-16 05:56:00.337] [main] [info] Pinging Pump Server Mayson   ...DONE!
[2024-06-16 05:56:00.337] [main] [info] Pinging all valve stations...
[2024-06-16 05:56:03.722] [main] [info] James ping OK!
[2024-06-16 05:56:03.722] [main] [info] Lucas ping OK!
[2024-06-16 05:56:03.722] [main] [error] Fatal: Felix not available!
[2024-06-16 05:56:03.722] [main] [info] Pinging all valve stations   ...DONE!
[2024-06-16 05:56:03.722] [main] [info] Pinging Non-Existing Test Server...
[2024-06-16 05:56:06.794] [main] [info] Pinging Non-Existing Test Server OK!
[2024-06-16 05:56:06.794] [main] [info] Pinging Non-Existing Test Server   ...DONE!
[2024-06-16 05:56:06.794] [main] [info] Pinging Pump Server Mayson...
[2024-06-16 05:56:06.889] [main] [info] Pump Server ping OK!
[2024-06-16 05:56:06.889] [main] [info] Pinging Pump Server Mayson   ...DONE!
[2024-06-16 05:56:06.889] [main] [info] Pinging all valve stations...
[2024-06-16 05:56:10.154] [main] [info] James ping OK!
[2024-06-16 05:56:10.154] [main] [info] Lucas ping OK!
[2024-06-16 05:56:10.154] [main] [error] Fatal: Felix not available!
[2024-06-16 05:56:10.154] [main] [info] Pinging all valve stations   ...DONE!
[2024-06-16 05:56:10.154] [main] [info] Pinging Non-Existing Test Server...
[2024-06-16 05:56:13.226] [main] [info] Pinging Non-Existing Test Server OK!
[2024-06-16 05:56:13.226] [main] [info] Pinging Non-Existing Test Server   ...DONE!
[2024-06-16 05:56:13.226] [main] [info] Pinging Pump Server Mayson...
[2024-06-16 05:56:13.335] [main] [info] Pump Server ping OK!
[2024-06-16 05:56:13.335] [main] [info] Pinging Pump Server Mayson   ...DONE!
[2024-06-16 05:56:13.335] [main] [info] Pinging all valve stations...
[2024-06-16 05:56:16.714] [main] [info] James ping OK!
[2024-06-16 05:56:16.714] [main] [info] Lucas ping OK!
[2024-06-16 05:56:16.714] [main] [error] Fatal: Felix not available!
[2024-06-16 05:56:16.714] [main] [info] Pinging all valve stations   ...DONE!
[2024-06-16 05:56:16.714] [main] [info] Pinging Non-Existing Test Server...
[2024-06-16 05:56:19.786] [main] [info] Pinging Non-Existing Test Server OK!
[2024-06-16 05:56:19.786] [main] [info] Pinging Non-Existing Test Server   ...DONE!
[2024-06-16 05:56:19.786] [main] [info] Creating Landscape...
[2024-06-16 05:56:19.786] [main] [info] Creating Landscape...
[2024-06-16 05:56:19.786] [main] [info] Creating Felix...
[2024-06-16 05:56:19.786] [main] [info] Creating James...
[2024-06-16 05:56:19.786] [main] [info] Creating Lucas...
[2024-06-16 05:56:19.786] [main] [info] Fetching timestamp...
std::chrono::system_clock::now().time_since_epoch()   :   1718510179786427541
get_seconds_since_epoch_now(bool verbose /* true */)   :   1718510179
minutes since epoch   :   28641836
minute of day   :   236
minute of hour   :   56
hour of day   :   3
[2024-06-16 05:56:19.786] [main] [info] Checking timestamp.txt...
[2024-06-16 05:56:19.786] [main] [debug] The timestamp.txt is always written when watering is triggered. It is read to check if I was already done with watering some minutes ago.
previous time_stamp:   28640384
[2024-06-16 05:56:19.786] [main] [info] Checking timestamp.txt   ...DONE!
Wrote to timestamp.txt
Send request to pump relay:
URL:   http://192.168.1.10:80/status?auto=off&system=off&manual=off
Response:
status code:   200
text:
{
 "server-name" : "pump-relay-mayson",
 "action" : "okay"
}
[2024-06-16 05:56:20.311] [main] [info] 
--------------------------------------------------------------
Send valves at 1718510180
http://192.168.1.21:80/status?valves=4
200
{
 "server-name" : "valve-server-lucas",
 "action" : "okay"
}
[2024-06-16 05:56:20.553] [main] [info] 
Switched the following valves: --->
          Lucas:   Baer-Bohnen-Flieder   OFF -> ON 
                                   <---
Send request to pump relay:
URL:   http://192.168.1.10:80/status?auto=on&system=on
Response:
status code:   200
text:
{
 "server-name" : "pump-relay-mayson",
 "action" : "okay"
}
[2024-06-16 05:57:50.642] [main] [info] 
--------------------------------------------------------------
Send valves at 1718510270
http://192.168.1.22:80/status?valves=0
0

[2024-06-16 06:14:40.265] [main] [info] 
Switched the following valves: --->
                                   <---
[2024-06-16 06:14:40.266] [main] [info] 
--------------------------------------------------------------
Send valves at 1718511280
http://192.168.1.20:80/status?valves=0
200
{
 "server-name" : "valve-server-james",
 "action" : "okay"
}
[2024-06-16 06:14:40.358] [main] [info] 
Switched the following valves: --->
                                   <---
[2024-06-16 06:14:40.358] [main] [info] 
--------------------------------------------------------------
Send valves at 1718511280
http://192.168.1.21:80/status?valves=0
200
{
 "server-name" : "valve-server-lucas",
 "action" : "okay"
}
[2024-06-16 06:14:40.570] [main] [info] 
Switched the following valves: --->
          Lucas:   Baer-Bohnen-Flieder    ON -> OFF
                                   <---
[2024-06-16 06:14:40.570] [main] [info] 
--------------------------------------------------------------
Send valves at 1718511280
http://192.168.1.21:80/status?valves=2
200
{
 "server-name" : "valve-server-lucas",
 "action" : "okay"
}
[2024-06-16 06:14:41.158] [main] [info] 
Switched the following valves: --->
          Lucas:   Heidelbeeren   OFF -> ON 
                                   <---
[2024-06-16 06:14:41.158] [main] [info] 
--------------------------------------------------------------
Send valves at 1718511281
http://192.168.1.22:80/status?valves=2
200

[2024-06-16 06:29:59.817] [main] [info] 
Switched the following valves: --->
          Felix:   Mara-alt   OFF -> ON 
                                   <---
[2024-06-16 06:29:59.817] [main] [info] 
--------------------------------------------------------------
Send valves at 1718512199
http://192.168.1.21:80/status?valves=6
200
{
 "server-name" : "valve-server-lucas",
 "action" : "okay"
}
[2024-06-16 06:30:00.039] [main] [info] 
Switched the following valves: --->
          Lucas:   Baer-Bohnen-Flieder   OFF -> ON 
                                   <---
[2024-06-16 06:30:00.039] [main] [info] 
--------------------------------------------------------------
Send valves at 1718512200
http://192.168.1.20:80/status?valves=2
200
{
 "server-name" : "valve-server-james",
 "action" : "okay"
}
[2024-06-16 06:30:00.196] [main] [info] 
Switched the following valves: --->
          James:   Kartoffeln   OFF -> ON 
                                   <---
[2024-06-16 07:00:00.075] [main] [info] 
--------------------------------------------------------------
Send valves at 1718514000
http://192.168.1.22:80/status?valves=0
200
{
 "server-name" : "valve-server-felix",
 "action" : "okay"
}
[2024-06-16 07:00:00.225] [main] [info] 
Switched the following valves: --->
          Felix:   Mara-alt    ON -> OFF
                                   <---
[2024-06-16 07:00:00.225] [main] [info] 
--------------------------------------------------------------
Send valves at 1718514000
http://192.168.1.20:80/status?valves=0
200
{
 "server-name" : "valve-server-james",
 "action" : "okay"
}
[2024-06-16 07:00:01.216] [main] [info] 
Switched the following valves: --->
          James:   Kartoffeln    ON -> OFF
                                   <---
[2024-06-16 07:00:01.216] [main] [info] 
--------------------------------------------------------------
Send valves at 1718514001
http://192.168.1.21:80/status?valves=0
200
{
 "server-name" : "valve-server-lucas",
 "action" : "okay"
}
[2024-06-16 07:00:01.309] [main] [info] 
Switched the following valves: --->
          Lucas:   Heidelbeeren    ON -> OFF
          Lucas:   Baer-Bohnen-Flieder    ON -> OFF
                                   <---
Send request to pump relay:
URL:   http://192.168.1.10:80/status?auto=off
Response:
status code:   200
text:
{
 "server-name" : "pump-relay-mayson",
 "action" : "okay"
}
[2024-06-16 07:00:31.206] [main] [info] 
--------------------------------------------------------------
Send valves at 1718514031
http://192.168.1.21:80/status?valves=4
200
{
 "server-name" : "valve-server-lucas",
 "action" : "okay"
}
[2024-06-16 07:00:31.301] [main] [info] 
Switched the following valves: --->
          Lucas:   Baer-Bohnen-Flieder   OFF -> ON 
                                   <---
[2024-06-16 07:02:31.083] [main] [info] 
--------------------------------------------------------------
Send valves at 1718514151
http://192.168.1.22:80/status?valves=0
200
{
 "server-name" : "valve-server-felix",
 "action" : "okay"
}
[2024-06-16 07:02:36.884] [main] [info] 
Switched the following valves: --->
                                   <---
[2024-06-16 07:02:36.884] [main] [info] 
--------------------------------------------------------------
Send valves at 1718514156
http://192.168.1.20:80/status?valves=0
200
{
 "server-name" : "valve-server-james",
 "action" : "okay"
}
[2024-06-16 07:02:38.005] [main] [info] 
Switched the following valves: --->
                                   <---
[2024-06-16 07:02:38.005] [main] [info] 
--------------------------------------------------------------
Send valves at 1718514158
http://192.168.1.21:80/status?valves=0
200
{
 "server-name" : "valve-server-lucas",
 "action" : "okay"
}
[2024-06-16 07:02:38.117] [main] [info] 
Switched the following valves: --->
          Lucas:   Baer-Bohnen-Flieder    ON -> OFF
                                   <---
[2024-06-16 07:02:38.117] [main] [info] Accumulated watering times:

Felix   :          Eiben-Klee  :      0.00 min
Felix   :            Mara-alt  :     30.01 min
James   : JAMES_VALVE_1_LABEL  :      0.00 min
James   :          Kartoffeln  :     30.02 min
James   : JAMES_VALVE_3_LABEL  :      0.00 min
James   :             Tomaten  :      0.00 min
Lucas   :               LUC-1  :      0.00 min
Lucas   :        Heidelbeeren  :     45.34 min
Lucas   : Baer-Bohnen-Flieder  :     50.47 min

%%%%%%%%%%     [4] Run the executable   ...DONE!
elapsed time:   4178s
=====================================================================================================
