=====================================================================================================
%%%%%%%%%%     [4] Run the executable...
>Please note:  Even if all builds failed, the last built executable is still there and will be started!
> sudo -u mayadm ./ur-unix-run.sh
[2024-06-16 05:09:01.305] [main] [info] Pinging Pump Server Mayson...
[2024-06-16 05:09:01.360] [main] [info] Pump Server ping OK!
[2024-06-16 05:09:01.360] [main] [info] Pinging Pump Server Mayson   ...DONE!
[2024-06-16 05:09:01.360] [main] [info] Pinging all valve stations...
[2024-06-16 05:09:04.650] [main] [info] James ping OK!
[2024-06-16 05:09:04.650] [main] [info] Lucas ping OK!
[2024-06-16 05:09:04.650] [main] [error] Fatal: Felix not available!
[2024-06-16 05:09:04.650] [main] [info] Pinging all valve stations   ...DONE!
[2024-06-16 05:09:04.650] [main] [info] Pinging Non-Existing Test Server...
[2024-06-16 05:09:07.722] [main] [info] Pinging Non-Existing Test Server OK!
[2024-06-16 05:09:07.722] [main] [info] Pinging Non-Existing Test Server   ...DONE!
[2024-06-16 05:09:07.722] [main] [info] Pinging Pump Server Mayson...
[2024-06-16 05:09:07.837] [main] [info] Pump Server ping OK!
[2024-06-16 05:09:07.837] [main] [info] Pinging Pump Server Mayson   ...DONE!
[2024-06-16 05:09:07.837] [main] [info] Pinging all valve stations...
[2024-06-16 05:09:11.114] [main] [info] James ping OK!
[2024-06-16 05:09:11.114] [main] [info] Lucas ping OK!
[2024-06-16 05:09:11.114] [main] [error] Fatal: Felix not available!
[2024-06-16 05:09:11.114] [main] [info] Pinging all valve stations   ...DONE!
[2024-06-16 05:09:11.114] [main] [info] Pinging Non-Existing Test Server...
[2024-06-16 05:09:14.190] [main] [info] Pinging Non-Existing Test Server OK!
[2024-06-16 05:09:14.190] [main] [info] Pinging Non-Existing Test Server   ...DONE!
[2024-06-16 05:09:14.190] [main] [info] Pinging Pump Server Mayson...
[2024-06-16 05:09:14.298] [main] [info] Pump Server ping OK!
[2024-06-16 05:09:14.298] [main] [info] Pinging Pump Server Mayson   ...DONE!
[2024-06-16 05:09:14.298] [main] [info] Pinging all valve stations...
[2024-06-16 05:09:24.517] [main] [info] James ping OK!
[2024-06-16 05:09:24.517] [main] [info] Lucas ping OK!
[2024-06-16 05:09:24.517] [main] [error] Fatal: Felix not available!
[2024-06-16 05:09:24.517] [main] [info] Pinging all valve stations   ...DONE!
[2024-06-16 05:09:24.517] [main] [info] Pinging Non-Existing Test Server...
[2024-06-16 05:09:27.594] [main] [info] Pinging Non-Existing Test Server OK!
[2024-06-16 05:09:27.594] [main] [info] Pinging Non-Existing Test Server   ...DONE!
[2024-06-16 05:09:27.594] [main] [info] Pinging Pump Server Mayson...
[2024-06-16 05:09:27.688] [main] [info] Pump Server ping OK!
[2024-06-16 05:09:27.688] [main] [info] Pinging Pump Server Mayson   ...DONE!
[2024-06-16 05:09:27.688] [main] [info] Pinging all valve stations...
[2024-06-16 05:09:37.912] [main] [info] James ping OK!
[2024-06-16 05:09:37.912] [main] [info] Lucas ping OK!
[2024-06-16 05:09:37.912] [main] [error] Fatal: Felix not available!
[2024-06-16 05:09:37.912] [main] [info] Pinging all valve stations   ...DONE!
[2024-06-16 05:09:37.912] [main] [info] Pinging Non-Existing Test Server...
[2024-06-16 05:09:40.970] [main] [info] Pinging Non-Existing Test Server OK!
[2024-06-16 05:09:40.970] [main] [info] Pinging Non-Existing Test Server   ...DONE!
[2024-06-16 05:09:40.970] [main] [info] Pinging Pump Server Mayson...
[2024-06-16 05:09:41.043] [main] [info] Pump Server ping OK!
[2024-06-16 05:09:41.043] [main] [info] Pinging Pump Server Mayson   ...DONE!
[2024-06-16 05:09:41.043] [main] [info] Pinging all valve stations...
[2024-06-16 05:09:51.356] [main] [info] James ping OK!
[2024-06-16 05:09:51.356] [main] [info] Lucas ping OK!
[2024-06-16 05:09:51.356] [main] [error] Fatal: Felix not available!
[2024-06-16 05:09:51.356] [main] [info] Pinging all valve stations   ...DONE!
[2024-06-16 05:09:51.356] [main] [info] Pinging Non-Existing Test Server...
[2024-06-16 05:09:54.410] [main] [info] Pinging Non-Existing Test Server OK!
[2024-06-16 05:09:54.410] [main] [info] Pinging Non-Existing Test Server   ...DONE!
[2024-06-16 05:09:54.410] [main] [info] Pinging Pump Server Mayson...
[2024-06-16 05:09:54.451] [main] [info] Pump Server ping OK!
[2024-06-16 05:09:54.451] [main] [info] Pinging Pump Server Mayson   ...DONE!
[2024-06-16 05:09:54.451] [main] [info] Pinging all valve stations...
[2024-06-16 05:10:04.874] [main] [info] James ping OK!
[2024-06-16 05:10:04.874] [main] [info] Lucas ping OK!
[2024-06-16 05:10:04.874] [main] [error] Fatal: Felix not available!
[2024-06-16 05:10:04.874] [main] [info] Pinging all valve stations   ...DONE!
[2024-06-16 05:10:04.875] [main] [info] Pinging Non-Existing Test Server...
[2024-06-16 05:10:07.946] [main] [info] Pinging Non-Existing Test Server OK!
[2024-06-16 05:10:07.946] [main] [info] Pinging Non-Existing Test Server   ...DONE!
[2024-06-16 05:10:07.946] [main] [info] Pinging Pump Server Mayson...
[2024-06-16 05:10:08.152] [main] [info] Pump Server ping OK!
[2024-06-16 05:10:08.152] [main] [info] Pinging Pump Server Mayson   ...DONE!
[2024-06-16 05:10:08.152] [main] [info] Pinging all valve stations...
[2024-06-16 05:10:18.476] [main] [info] James ping OK!
[2024-06-16 05:10:18.476] [main] [info] Lucas ping OK!
[2024-06-16 05:10:18.476] [main] [error] Fatal: Felix not available!
[2024-06-16 05:10:18.476] [main] [info] Pinging all valve stations   ...DONE!
[2024-06-16 05:10:18.476] [main] [info] Pinging Non-Existing Test Server...
[2024-06-16 05:10:21.546] [main] [info] Pinging Non-Existing Test Server OK!
[2024-06-16 05:10:21.546] [main] [info] Pinging Non-Existing Test Server   ...DONE!
[2024-06-16 05:10:21.546] [main] [info] Pinging Pump Server Mayson...
[2024-06-16 05:10:21.667] [main] [info] Pump Server ping OK!
[2024-06-16 05:10:21.667] [main] [info] Pinging Pump Server Mayson   ...DONE!
[2024-06-16 05:10:21.667] [main] [info] Pinging all valve stations...
[2024-06-16 05:10:25.034] [main] [info] James ping OK!
[2024-06-16 05:10:25.034] [main] [info] Lucas ping OK!
[2024-06-16 05:10:25.034] [main] [error] Fatal: Felix not available!
[2024-06-16 05:10:25.034] [main] [info] Pinging all valve stations   ...DONE!
[2024-06-16 05:10:25.034] [main] [info] Pinging Non-Existing Test Server...
[2024-06-16 05:10:28.106] [main] [info] Pinging Non-Existing Test Server OK!
[2024-06-16 05:10:28.106] [main] [info] Pinging Non-Existing Test Server   ...DONE!
[2024-06-16 05:10:28.106] [main] [info] Pinging Pump Server Mayson...
[2024-06-16 05:10:28.216] [main] [info] Pump Server ping OK!
[2024-06-16 05:10:28.216] [main] [info] Pinging Pump Server Mayson   ...DONE!
[2024-06-16 05:10:28.216] [main] [info] Pinging all valve stations...
[2024-06-16 05:10:31.466] [main] [info] James ping OK!
[2024-06-16 05:10:31.466] [main] [info] Lucas ping OK!
[2024-06-16 05:10:31.466] [main] [error] Fatal: Felix not available!
[2024-06-16 05:10:31.466] [main] [info] Pinging all valve stations   ...DONE!
[2024-06-16 05:10:31.466] [main] [info] Pinging Non-Existing Test Server...
[2024-06-16 05:10:34.538] [main] [info] Pinging Non-Existing Test Server OK!
[2024-06-16 05:10:34.538] [main] [info] Pinging Non-Existing Test Server   ...DONE!
[2024-06-16 05:10:34.538] [main] [info] Pinging Pump Server Mayson...
[2024-06-16 05:10:34.658] [main] [info] Pump Server ping OK!
[2024-06-16 05:10:34.658] [main] [info] Pinging Pump Server Mayson   ...DONE!
[2024-06-16 05:10:34.658] [main] [info] Pinging all valve stations...
[2024-06-16 05:10:38.058] [main] [info] James ping OK!
[2024-06-16 05:10:38.058] [main] [info] Lucas ping OK!
[2024-06-16 05:10:38.058] [main] [error] Fatal: Felix not available!
[2024-06-16 05:10:38.058] [main] [info] Pinging all valve stations   ...DONE!
[2024-06-16 05:10:38.058] [main] [info] Pinging Non-Existing Test Server...
[2024-06-16 05:10:41.130] [main] [info] Pinging Non-Existing Test Server OK!
[2024-06-16 05:10:41.130] [main] [info] Pinging Non-Existing Test Server   ...DONE!
[2024-06-16 05:10:41.130] [main] [info] Pinging Pump Server Mayson...
[2024-06-16 05:10:41.230] [main] [info] Pump Server ping OK!
[2024-06-16 05:10:41.230] [main] [info] Pinging Pump Server Mayson   ...DONE!
[2024-06-16 05:10:41.230] [main] [info] Pinging all valve stations...
[2024-06-16 05:10:51.425] [main] [info] James ping OK!
[2024-06-16 05:10:51.425] [main] [info] Lucas ping OK!
[2024-06-16 05:10:51.425] [main] [error] Fatal: Felix not available!
[2024-06-16 05:10:51.425] [main] [info] Pinging all valve stations   ...DONE!
[2024-06-16 05:10:51.425] [main] [info] Pinging Non-Existing Test Server...
[2024-06-16 05:10:54.506] [main] [info] Pinging Non-Existing Test Server OK!
[2024-06-16 05:10:54.506] [main] [info] Pinging Non-Existing Test Server   ...DONE!
[2024-06-16 05:10:54.506] [main] [info] Pinging Pump Server Mayson...
[2024-06-16 05:10:54.613] [main] [info] Pump Server ping OK!
[2024-06-16 05:10:54.613] [main] [info] Pinging Pump Server Mayson   ...DONE!
[2024-06-16 05:10:54.613] [main] [info] Pinging all valve stations...
[2024-06-16 05:11:04.922] [main] [info] James ping OK!
[2024-06-16 05:11:04.922] [main] [info] Lucas ping OK!
[2024-06-16 05:11:04.922] [main] [error] Fatal: Felix not available!
[2024-06-16 05:11:04.922] [main] [info] Pinging all valve stations   ...DONE!
[2024-06-16 05:11:04.922] [main] [info] Pinging Non-Existing Test Server...
[2024-06-16 05:11:07.978] [main] [info] Pinging Non-Existing Test Server OK!
[2024-06-16 05:11:07.978] [main] [info] Pinging Non-Existing Test Server   ...DONE!
[2024-06-16 05:11:07.978] [main] [info] Pinging Pump Server Mayson...
[2024-06-16 05:11:08.044] [main] [info] Pump Server ping OK!
[2024-06-16 05:11:08.044] [main] [info] Pinging Pump Server Mayson   ...DONE!
[2024-06-16 05:11:08.044] [main] [info] Pinging all valve stations...
[2024-06-16 05:11:18.248] [main] [info] James ping OK!
[2024-06-16 05:11:18.248] [main] [info] Lucas ping OK!
[2024-06-16 05:11:18.248] [main] [error] Fatal: Felix not available!
[2024-06-16 05:11:18.248] [main] [info] Pinging all valve stations   ...DONE!
[2024-06-16 05:11:18.248] [main] [info] Pinging Non-Existing Test Server...
[2024-06-16 05:11:21.322] [main] [info] Pinging Non-Existing Test Server OK!
[2024-06-16 05:11:21.322] [main] [info] Pinging Non-Existing Test Server   ...DONE!
[2024-06-16 05:11:21.322] [main] [info] Pinging Pump Server Mayson...
[2024-06-16 05:11:21.538] [main] [info] Pump Server ping OK!
[2024-06-16 05:11:21.538] [main] [info] Pinging Pump Server Mayson   ...DONE!
[2024-06-16 05:11:21.538] [main] [info] Pinging all valve stations...
[2024-06-16 05:11:31.848] [main] [info] James ping OK!
[2024-06-16 05:11:31.848] [main] [info] Lucas ping OK!
[2024-06-16 05:11:31.848] [main] [error] Fatal: Felix not available!
[2024-06-16 05:11:31.848] [main] [info] Pinging all valve stations   ...DONE!
[2024-06-16 05:11:31.848] [main] [info] Pinging Non-Existing Test Server...
[2024-06-16 05:11:34.922] [main] [info] Pinging Non-Existing Test Server OK!
[2024-06-16 05:11:34.922] [main] [info] Pinging Non-Existing Test Server   ...DONE!
[2024-06-16 05:11:34.922] [main] [info] Pinging Pump Server Mayson...
[2024-06-16 05:11:35.139] [main] [info] Pump Server ping OK!
[2024-06-16 05:11:35.139] [main] [info] Pinging Pump Server Mayson   ...DONE!
[2024-06-16 05:11:35.139] [main] [info] Pinging all valve stations...
[2024-06-16 05:11:45.354] [main] [info] James ping OK!
[2024-06-16 05:11:45.354] [main] [info] Lucas ping OK!
[2024-06-16 05:11:45.354] [main] [error] Fatal: Felix not available!
[2024-06-16 05:11:45.354] [main] [info] Pinging all valve stations   ...DONE!
[2024-06-16 05:11:45.354] [main] [info] Pinging Non-Existing Test Server...
[2024-06-16 05:11:48.426] [main] [info] Pinging Non-Existing Test Server OK!
[2024-06-16 05:11:48.426] [main] [info] Pinging Non-Existing Test Server   ...DONE!
[2024-06-16 05:11:48.426] [main] [info] Pinging Pump Server Mayson...
[2024-06-16 05:11:48.555] [main] [info] Pump Server ping OK!
[2024-06-16 05:11:48.555] [main] [info] Pinging Pump Server Mayson   ...DONE!
[2024-06-16 05:11:48.555] [main] [info] Pinging all valve stations...
[2024-06-16 05:11:51.818] [main] [info] James ping OK!
[2024-06-16 05:11:51.818] [main] [info] Lucas ping OK!
[2024-06-16 05:11:51.818] [main] [error] Fatal: Felix not available!
[2024-06-16 05:11:51.818] [main] [info] Pinging all valve stations   ...DONE!
[2024-06-16 05:11:51.818] [main] [info] Pinging Non-Existing Test Server...
[2024-06-16 05:11:54.890] [main] [info] Pinging Non-Existing Test Server OK!
[2024-06-16 05:11:54.890] [main] [info] Pinging Non-Existing Test Server   ...DONE!
[2024-06-16 05:11:54.890] [main] [info] Pinging Pump Server Mayson...
[2024-06-16 05:11:55.112] [main] [info] Pump Server ping OK!
[2024-06-16 05:11:55.112] [main] [info] Pinging Pump Server Mayson   ...DONE!
[2024-06-16 05:11:55.112] [main] [info] Pinging all valve stations...
[2024-06-16 05:11:58.378] [main] [info] James ping OK!
[2024-06-16 05:11:58.378] [main] [info] Lucas ping OK!
[2024-06-16 05:11:58.378] [main] [error] Fatal: Felix not available!
[2024-06-16 05:11:58.378] [main] [info] Pinging all valve stations   ...DONE!
[2024-06-16 05:11:58.378] [main] [info] Pinging Non-Existing Test Server...
[2024-06-16 05:12:01.451] [main] [info] Pinging Non-Existing Test Server OK!
[2024-06-16 05:12:01.451] [main] [info] Pinging Non-Existing Test Server   ...DONE!
[2024-06-16 05:12:01.451] [main] [info] Pinging Pump Server Mayson...
[2024-06-16 05:12:11.456] [main] [error] Fatal: Pump Server not available!
[2024-06-16 05:12:11.456] [main] [info] Pinging Pump Server Mayson   ...DONE!
[2024-06-16 05:12:11.456] [main] [info] Pinging all valve stations...
[2024-06-16 05:12:14.730] [main] [info] James ping OK!
[2024-06-16 05:12:14.730] [main] [info] Lucas ping OK!
[2024-06-16 05:12:14.730] [main] [error] Fatal: Felix not available!
[2024-06-16 05:12:14.730] [main] [info] Pinging all valve stations   ...DONE!
[2024-06-16 05:12:14.730] [main] [info] Pinging Non-Existing Test Server...
[2024-06-16 05:12:17.802] [main] [info] Pinging Non-Existing Test Server OK!
[2024-06-16 05:12:17.802] [main] [info] Pinging Non-Existing Test Server   ...DONE!
[2024-06-16 05:12:17.802] [main] [info] Pinging Pump Server Mayson...
[2024-06-16 05:12:17.928] [main] [info] Pump Server ping OK!
[2024-06-16 05:12:17.928] [main] [info] Pinging Pump Server Mayson   ...DONE!
[2024-06-16 05:12:17.928] [main] [info] Pinging all valve stations...
[2024-06-16 05:12:21.290] [main] [info] James ping OK!
[2024-06-16 05:12:21.290] [main] [info] Lucas ping OK!
[2024-06-16 05:12:21.290] [main] [error] Fatal: Felix not available!
[2024-06-16 05:12:21.290] [main] [info] Pinging all valve stations   ...DONE!
[2024-06-16 05:12:21.290] [main] [info] Pinging Non-Existing Test Server...
[2024-06-16 05:12:24.362] [main] [info] Pinging Non-Existing Test Server OK!
[2024-06-16 05:12:24.362] [main] [info] Pinging Non-Existing Test Server   ...DONE!
[2024-06-16 05:12:24.362] [main] [info] Pinging Pump Server Mayson...
[2024-06-16 05:12:24.481] [main] [info] Pump Server ping OK!
[2024-06-16 05:12:24.481] [main] [info] Pinging Pump Server Mayson   ...DONE!
[2024-06-16 05:12:24.481] [main] [info] Pinging all valve stations...
[2024-06-16 05:12:27.754] [main] [info] James ping OK!
[2024-06-16 05:12:27.754] [main] [info] Lucas ping OK!
[2024-06-16 05:12:27.754] [main] [error] Fatal: Felix not available!
[2024-06-16 05:12:27.754] [main] [info] Pinging all valve stations   ...DONE!
[2024-06-16 05:12:27.754] [main] [info] Pinging Non-Existing Test Server...
[2024-06-16 05:12:30.826] [main] [info] Pinging Non-Existing Test Server OK!
[2024-06-16 05:12:30.826] [main] [info] Pinging Non-Existing Test Server   ...DONE!
[2024-06-16 05:12:30.826] [main] [info] Creating Landscape...
[2024-06-16 05:12:30.826] [main] [info] Creating Landscape...
[2024-06-16 05:12:30.826] [main] [info] Creating Felix...
[2024-06-16 05:12:30.826] [main] [info] Creating James...
[2024-06-16 05:12:30.826] [main] [info] Creating Lucas...
[2024-06-16 05:12:30.826] [main] [info] Fetching timestamp...
std::chrono::system_clock::now().time_since_epoch()   :   1718507550826443696
get_seconds_since_epoch_now(bool verbose /* true */)   :   1718507550
minutes since epoch   :   28641792
minute of day   :   192
minute of hour   :   12
hour of day   :   3
[2024-06-16 05:12:30.826] [main] [info] Checking timestamp.txt...
[2024-06-16 05:12:30.826] [main] [debug] The timestamp.txt is always written when watering is triggered. It is read to check if I was already done with watering some minutes ago.
previous time_stamp:   28640384
[2024-06-16 05:12:30.826] [main] [info] Checking timestamp.txt   ...DONE!
[2024-06-16 05:12:30.826] [main] [info] It's not time for watering now!
[2024-06-16 05:12:30.826] [main] [info] Minute Intraday:   192
[2024-06-16 05:12:30.826] [main] [info] Days since Epoch:   19890
[2024-06-16 05:12:30.826] [main] [info] Accumulated watering times:

Felix   :          Eiben-Klee  :      0.00 min
Felix   :            Mara-alt  :      0.00 min
James   : JAMES_VALVE_1_LABEL  :      0.00 min
James   :          Kartoffeln  :      0.00 min
James   : JAMES_VALVE_3_LABEL  :      0.00 min
James   :             Tomaten  :      0.00 min
Lucas   :               LUC-1  :      0.00 min
Lucas   :        Heidelbeeren  :      0.00 min
Lucas   : Baer-Bohnen-Flieder  :      0.00 min

%%%%%%%%%%     [4] Run the executable   ...DONE!
elapsed time:   209s
=====================================================================================================
