=====================================================================================================
%%%%%%%%%%     [6] Uploading logs and go sleeping...
> sudo -u mayadm git checkout artifacts
Bereits auf 'artifacts'
D	maya/artifacts/logs/12503--2024-06-16--14h33---7.log
D	maya/artifacts/logs/12504--2024-06-16--14h34---1.log
D	maya/artifacts/logs/12504--2024-06-16--14h34---2.log
D	maya/artifacts/logs/12504--2024-06-16--14h34---3.log
D	maya/artifacts/logs/12504--2024-06-16--14h34---4.log
D	maya/artifacts/logs/12504--2024-06-16--14h34---5.log
D	maya/artifacts/logs/12505--2024-06-16--14h37---1.log
D	maya/artifacts/logs/12505--2024-06-16--14h37---2.log
D	maya/artifacts/logs/12505--2024-06-16--14h37---3.log
D	maya/artifacts/logs/12505--2024-06-16--14h37---4.log
D	maya/artifacts/logs/12505--2024-06-16--14h37---5.log
D	maya/artifacts/logs/12505--2024-06-16--14h37---6.log
Ihr Branch ist auf demselben Stand wie 'origin/artifacts'.
> sudo -u mayadm git pull
Bereits aktuell.
> sudo -u mayadm git merge maya-productive
Bereits aktuell.
> sudo -u mayadm git add "../artifacts/logs/*.log" -f
> sudo -u mayadm git add -u
> sudo -u mayadm git commit -m "logs at 2024-06-16--14h38"
[artifacts 7b21e3ab7] logs at 2024-06-16--14h38
 14 files changed, 332 insertions(+), 405 deletions(-)
 delete mode 100644 maya/artifacts/logs/12503--2024-06-16--14h33---7.log
 delete mode 100644 maya/artifacts/logs/12504--2024-06-16--14h34---4.log
 delete mode 100644 maya/artifacts/logs/12505--2024-06-16--14h37---1.log
 delete mode 100644 maya/artifacts/logs/12505--2024-06-16--14h37---2.log
 delete mode 100644 maya/artifacts/logs/12505--2024-06-16--14h37---3.log
 delete mode 100644 maya/artifacts/logs/12505--2024-06-16--14h37---4.log
 delete mode 100644 maya/artifacts/logs/12505--2024-06-16--14h37---5.log
 create mode 100644 maya/artifacts/logs/12505--2024-06-16--14h37---7.log
 rename maya/artifacts/logs/{12504--2024-06-16--14h34---1.log => 12506--2024-06-16--14h38---1.log} (91%)
 rename maya/artifacts/logs/{12504--2024-06-16--14h34---2.log => 12506--2024-06-16--14h38---2.log} (100%)
 rename maya/artifacts/logs/{12504--2024-06-16--14h34---3.log => 12506--2024-06-16--14h38---3.log} (96%)
 create mode 100644 maya/artifacts/logs/12506--2024-06-16--14h38---4.log
 rename maya/artifacts/logs/{12504--2024-06-16--14h34---5.log => 12506--2024-06-16--14h38---5.log} (77%)
 rename maya/artifacts/logs/{12505--2024-06-16--14h37---6.log => 12506--2024-06-16--14h38---6.log} (76%)
> sudo -u mayadm git push
To https://github.com/Necktschnagge/wired-watering
   eed54172d..7b21e3ab7  artifacts -> artifacts
> sudo -u mayadm git checkout maya-productive
Zu Zweig »maya-productive« gewechselt
Ihr Branch ist auf demselben Stand wie 'origin/maya-productive'.
> sudo -u mayadm git push
Everything up-to-date
##############################################################
###################                        ###################
###################     GOING TO SLEEP     ###################
###################                        ###################
##############################################################
#######                                                #######
#######   Press CTRL + C NOW to abort script safely!   #######
#######                                                #######
##############################################################
##############################################################
#######                                                #######
#######               NOW GOING TO SLEEP               #######
#######                                                #######
##############################################################
> rtcwake -m mem -s 2400
rtcwake: RTC wird als UTC interpretiert …
rtcwake: aufwachen von „mem“ durch /dev/rtc0 bei Sun Jun 16 13:21:52 2024
##############################################################
#######                                                #######
#######            just waked up from sleep            #######
#######                                                #######
##############################################################
%%%%%%%%%%     [6] Uploading logs and go sleeping   ...DONE!
elapsed time:   28s
=====================================================================================================
