=====================================================================================================
%%%%%%%%%%     [6] Uploading logs and go sleeping...
> sudo -u mayadm git checkout artifacts
Bereits auf 'artifacts'
D	maya/artifacts/logs/12505--2024-06-16--14h37---7.log
D	maya/artifacts/logs/12506--2024-06-16--14h38---1.log
D	maya/artifacts/logs/12506--2024-06-16--14h38---2.log
D	maya/artifacts/logs/12506--2024-06-16--14h38---3.log
D	maya/artifacts/logs/12506--2024-06-16--14h38---4.log
D	maya/artifacts/logs/12506--2024-06-16--14h38---5.log
D	maya/artifacts/logs/12506--2024-06-16--14h38---6.log
Ihr Branch ist auf demselben Stand wie 'origin/artifacts'.
> sudo -u mayadm git pull
Bereits aktuell.
> sudo -u mayadm git merge maya-productive
Bereits aktuell.
> sudo -u mayadm git add "../artifacts/logs/*.log" -f
> sudo -u mayadm git add -u
> sudo -u mayadm git commit -m "logs at 2024-06-16--14h42"
[artifacts 44ad8dfb5] logs at 2024-06-16--14h42
 8 files changed, 220 insertions(+), 294 deletions(-)
 delete mode 100644 maya/artifacts/logs/12506--2024-06-16--14h38---4.log
 rename maya/artifacts/logs/{12505--2024-06-16--14h37---7.log => 12506--2024-06-16--14h38---7.log} (54%)
 rename maya/artifacts/logs/{12506--2024-06-16--14h38---1.log => 12507--2024-06-16--14h42---1.log} (90%)
 rename maya/artifacts/logs/{12506--2024-06-16--14h38---2.log => 12507--2024-06-16--14h42---2.log} (100%)
 rename maya/artifacts/logs/{12506--2024-06-16--14h38---3.log => 12507--2024-06-16--14h42---3.log} (95%)
 create mode 100644 maya/artifacts/logs/12507--2024-06-16--14h42---4.log
 rename maya/artifacts/logs/{12506--2024-06-16--14h38---5.log => 12507--2024-06-16--14h42---5.log} (77%)
 rename maya/artifacts/logs/{12506--2024-06-16--14h38---6.log => 12507--2024-06-16--14h42---6.log} (100%)
> sudo -u mayadm git push
To https://github.com/Necktschnagge/wired-watering
   7b21e3ab7..44ad8dfb5  artifacts -> artifacts
> sudo -u mayadm git checkout maya-productive
Zu Zweig »maya-productive« gewechselt
Ihr Branch ist auf demselben Stand wie 'origin/maya-productive'.
> sudo -u mayadm git push
Everything up-to-date
##############################################################
###################                        ###################
###################     GOING TO SLEEP     ###################
###################                        ###################
##############################################################
#######                                                #######
#######   Press CTRL + C NOW to abort script safely!   #######
#######                                                #######
##############################################################
##############################################################
#######                                                #######
#######               NOW GOING TO SLEEP               #######
#######                                                #######
##############################################################
> rtcwake -m mem -s 2400
rtcwake: RTC wird als UTC interpretiert …
rtcwake: aufwachen von „mem“ durch /dev/rtc0 bei Sun Jun 16 13:23:51 2024
##############################################################
#######                                                #######
#######            just waked up from sleep            #######
#######                                                #######
##############################################################
%%%%%%%%%%     [6] Uploading logs and go sleeping   ...DONE!
elapsed time:   2419s
=====================================================================================================
