=====================================================================================================
%%%%%%%%%%     [6] Uploading logs and go sleeping...
> sudo -u mayadm git checkout artifacts
Bereits auf 'artifacts'
D	maya/artifacts/logs/12552--2024-06-17--21h26---7.log
D	maya/artifacts/logs/12553--2024-06-17--22h07---1.log
D	maya/artifacts/logs/12553--2024-06-17--22h07---2.log
D	maya/artifacts/logs/12553--2024-06-17--22h07---3.log
D	maya/artifacts/logs/12553--2024-06-17--22h07---4.log
D	maya/artifacts/logs/12553--2024-06-17--22h07---5.log
D	maya/artifacts/logs/12553--2024-06-17--22h07---6.log
Ihr Branch ist auf demselben Stand wie 'origin/artifacts'.
> sudo -u mayadm git pull
Bereits aktuell.
> sudo -u mayadm git merge maya-productive
Bereits aktuell.
> sudo -u mayadm git add "../artifacts/logs/*.log" -f
> sudo -u mayadm git add -u
> sudo -u mayadm git commit -m "logs at 2024-06-17--22h48"
[artifacts f4adeeb09] logs at 2024-06-17--22h48
 8 files changed, 86 insertions(+), 108 deletions(-)
 delete mode 100644 maya/artifacts/logs/12553--2024-06-17--22h07---4.log
 rename maya/artifacts/logs/{12552--2024-06-17--21h26---7.log => 12553--2024-06-17--22h07---7.log} (62%)
 rename maya/artifacts/logs/{12553--2024-06-17--22h07---1.log => 12554--2024-06-17--22h48---1.log} (90%)
 rename maya/artifacts/logs/{12553--2024-06-17--22h07---2.log => 12554--2024-06-17--22h48---2.log} (97%)
 rename maya/artifacts/logs/{12553--2024-06-17--22h07---3.log => 12554--2024-06-17--22h48---3.log} (96%)
 create mode 100644 maya/artifacts/logs/12554--2024-06-17--22h48---4.log
 rename maya/artifacts/logs/{12553--2024-06-17--22h07---5.log => 12554--2024-06-17--22h48---5.log} (78%)
 rename maya/artifacts/logs/{12553--2024-06-17--22h07---6.log => 12554--2024-06-17--22h48---6.log} (100%)
> sudo -u mayadm git push
To https://github.com/Necktschnagge/wired-watering
   87679d3f0..f4adeeb09  artifacts -> artifacts
> sudo -u mayadm git checkout maya-productive
Zu Zweig »maya-productive« gewechselt
Ihr Branch ist auf demselben Stand wie 'origin/maya-productive'.
> sudo -u mayadm git push
Everything up-to-date
##############################################################
###################                        ###################
###################     GOING TO SLEEP     ###################
###################                        ###################
##############################################################
#######                                                #######
#######   Press CTRL + C NOW to abort script safely!   #######
#######                                                #######
##############################################################
##############################################################
#######                                                #######
#######               NOW GOING TO SLEEP               #######
#######                                                #######
##############################################################
> rtcwake -m mem -s 2400
rtcwake: RTC wird als UTC interpretiert …
rtcwake: aufwachen von „mem“ durch /dev/rtc0 bei Mon Jun 17 21:28:58 2024
##############################################################
#######                                                #######
#######            just waked up from sleep            #######
#######                                                #######
##############################################################
%%%%%%%%%%     [6] Uploading logs and go sleeping   ...DONE!
elapsed time:   2419s
=====================================================================================================
