=====================================================================================================
%%%%%%%%%%     [6] Uploading logs and go sleeping...
> sudo -u mayadm git checkout artifacts
Bereits auf 'artifacts'
D	maya/artifacts/logs/12580--2024-06-18--17h15---7.log
D	maya/artifacts/logs/12581--2024-06-18--17h55---1.log
D	maya/artifacts/logs/12581--2024-06-18--17h55---2.log
D	maya/artifacts/logs/12581--2024-06-18--17h55---3.log
D	maya/artifacts/logs/12581--2024-06-18--17h55---4.log
D	maya/artifacts/logs/12581--2024-06-18--17h55---5.log
D	maya/artifacts/logs/12581--2024-06-18--17h55---6.log
Ihr Branch ist auf demselben Stand wie 'origin/artifacts'.
> sudo -u mayadm git pull
Bereits aktuell.
> sudo -u mayadm git merge maya-productive
Bereits aktuell.
> sudo -u mayadm git add "../artifacts/logs/*.log" -f
> sudo -u mayadm git add -u
> sudo -u mayadm git commit -m "logs at 2024-06-18--18h36"
[artifacts ecd86629f] logs at 2024-06-18--18h36
 8 files changed, 90 insertions(+), 90 deletions(-)
 delete mode 100644 maya/artifacts/logs/12581--2024-06-18--17h55---4.log
 rename maya/artifacts/logs/{12580--2024-06-18--17h15---7.log => 12581--2024-06-18--17h55---7.log} (61%)
 rename maya/artifacts/logs/{12581--2024-06-18--17h55---1.log => 12582--2024-06-18--18h36---1.log} (89%)
 rename maya/artifacts/logs/{12581--2024-06-18--17h55---2.log => 12582--2024-06-18--18h36---2.log} (100%)
 rename maya/artifacts/logs/{12581--2024-06-18--17h55---3.log => 12582--2024-06-18--18h36---3.log} (95%)
 create mode 100644 maya/artifacts/logs/12582--2024-06-18--18h36---4.log
 rename maya/artifacts/logs/{12581--2024-06-18--17h55---5.log => 12582--2024-06-18--18h36---5.log} (77%)
 rename maya/artifacts/logs/{12581--2024-06-18--17h55---6.log => 12582--2024-06-18--18h36---6.log} (100%)
> sudo -u mayadm git push
To https://github.com/Necktschnagge/wired-watering
   862ae1f10..ecd86629f  artifacts -> artifacts
> sudo -u mayadm git checkout maya-productive
Zu Zweig »maya-productive« gewechselt
Ihr Branch ist auf demselben Stand wie 'origin/maya-productive'.
> sudo -u mayadm git push
Everything up-to-date
##############################################################
###################                        ###################
###################     GOING TO SLEEP     ###################
###################                        ###################
##############################################################
#######                                                #######
#######   Press CTRL + C NOW to abort script safely!   #######
#######                                                #######
##############################################################
##############################################################
#######                                                #######
#######               NOW GOING TO SLEEP               #######
#######                                                #######
##############################################################
> rtcwake -m mem -s 2400
rtcwake: RTC wird als UTC interpretiert …
rtcwake: aufwachen von „mem“ durch /dev/rtc0 bei Tue Jun 18 17:17:10 2024
##############################################################
#######                                                #######
#######            just waked up from sleep            #######
#######                                                #######
##############################################################
%%%%%%%%%%     [6] Uploading logs and go sleeping   ...DONE!
elapsed time:   2420s
=====================================================================================================
