=====================================================================================================
%%%%%%%%%%     [6] Uploading logs and go sleeping...
> sudo -u mayadm git checkout artifacts
Bereits auf 'artifacts'
D	maya/artifacts/logs/12582--2024-06-18--18h36---7.log
D	maya/artifacts/logs/12583--2024-06-18--19h17---1.log
D	maya/artifacts/logs/12583--2024-06-18--19h17---2.log
D	maya/artifacts/logs/12583--2024-06-18--19h17---3.log
D	maya/artifacts/logs/12583--2024-06-18--19h17---4.log
D	maya/artifacts/logs/12583--2024-06-18--19h17---5.log
D	maya/artifacts/logs/12583--2024-06-18--19h17---6.log
Ihr Branch ist auf demselben Stand wie 'origin/artifacts'.
> sudo -u mayadm git pull
Bereits aktuell.
> sudo -u mayadm git merge maya-productive
Bereits aktuell.
> sudo -u mayadm git add "../artifacts/logs/*.log" -f
> sudo -u mayadm git add -u
> sudo -u mayadm git commit -m "logs at 2024-06-18--19h57"
[artifacts 7d0e3e4d5] logs at 2024-06-18--19h57
 8 files changed, 89 insertions(+), 90 deletions(-)
 delete mode 100644 maya/artifacts/logs/12583--2024-06-18--19h17---4.log
 rename maya/artifacts/logs/{12582--2024-06-18--18h36---7.log => 12583--2024-06-18--19h17---7.log} (61%)
 rename maya/artifacts/logs/{12583--2024-06-18--19h17---1.log => 12584--2024-06-18--19h57---1.log} (87%)
 rename maya/artifacts/logs/{12583--2024-06-18--19h17---2.log => 12584--2024-06-18--19h57---2.log} (97%)
 rename maya/artifacts/logs/{12583--2024-06-18--19h17---3.log => 12584--2024-06-18--19h57---3.log} (95%)
 create mode 100644 maya/artifacts/logs/12584--2024-06-18--19h57---4.log
 rename maya/artifacts/logs/{12583--2024-06-18--19h17---5.log => 12584--2024-06-18--19h57---5.log} (77%)
 rename maya/artifacts/logs/{12583--2024-06-18--19h17---6.log => 12584--2024-06-18--19h57---6.log} (100%)
> sudo -u mayadm git push
To https://github.com/Necktschnagge/wired-watering
   8c3888b7f..7d0e3e4d5  artifacts -> artifacts
> sudo -u mayadm git checkout maya-productive
Zu Zweig »maya-productive« gewechselt
Ihr Branch ist auf demselben Stand wie 'origin/maya-productive'.
> sudo -u mayadm git push
Everything up-to-date
##############################################################
###################                        ###################
###################     GOING TO SLEEP     ###################
###################                        ###################
##############################################################
#######                                                #######
#######   Press CTRL + C NOW to abort script safely!   #######
#######                                                #######
##############################################################
##############################################################
#######                                                #######
#######               NOW GOING TO SLEEP               #######
#######                                                #######
##############################################################
> rtcwake -m mem -s 2400
rtcwake: RTC wird als UTC interpretiert …
rtcwake: aufwachen von „mem“ durch /dev/rtc0 bei Tue Jun 18 18:38:25 2024
##############################################################
#######                                                #######
#######            just waked up from sleep            #######
#######                                                #######
##############################################################
%%%%%%%%%%     [6] Uploading logs and go sleeping   ...DONE!
elapsed time:   2420s
=====================================================================================================
