=====================================================================================================
%%%%%%%%%%     [4] Run the executable...
>Please note:  Even if all builds failed, the last built executable is still there and will be started!
> sudo -u mayadm ./ur-unix-run.sh
[2024-06-20 08:50:07.375] [main] [info] Pinging Pump Server Mayson...
[2024-06-20 08:50:07.496] [main] [info] Pump Server ping OK!
[2024-06-20 08:50:07.496] [main] [info] Pinging Pump Server Mayson   ...DONE!
[2024-06-20 08:50:07.496] [main] [info] Pinging all valve stations...
[2024-06-20 08:50:07.813] [main] [info] James ping OK!
[2024-06-20 08:50:07.813] [main] [info] Lucas ping OK!
[2024-06-20 08:50:07.813] [main] [info] Felix ping OK!
[2024-06-20 08:50:07.813] [main] [info] Pinging all valve stations   ...DONE!
[2024-06-20 08:50:07.813] [main] [info] Pinging Non-Existing Test Server...
[2024-06-20 08:50:10.874] [main] [info] Pinging Non-Existing Test Server OK!
[2024-06-20 08:50:10.874] [main] [info] Pinging Non-Existing Test Server   ...DONE!
[2024-06-20 08:50:10.874] [main] [info] Creating Landscape...
[2024-06-20 08:50:10.874] [main] [info] Creating Landscape...
[2024-06-20 08:50:10.874] [main] [info] Creating Felix...
[2024-06-20 08:50:10.874] [main] [info] Creating James...
[2024-06-20 08:50:10.874] [main] [info] Creating Lucas...
[2024-06-20 08:50:10.874] [main] [info] Fetching timestamp...
std::chrono::system_clock::now().time_since_epoch()   :   1718866210874511953
get_seconds_since_epoch_now(bool verbose /* true */)   :   1718866210
minutes since epoch   :   28647770
minute of day   :   410
minute of hour   :   50
hour of day   :   6
[2024-06-20 08:50:10.874] [main] [info] Checking timestamp.txt...
[2024-06-20 08:50:10.874] [main] [debug] The timestamp.txt is always written when watering is triggered. It is read to check if I was already done with watering some minutes ago.
previous time_stamp:   28647599
[2024-06-20 08:50:10.874] [main] [info] Checking timestamp.txt   ...DONE!
[2024-06-20 08:50:10.874] [main] [info] It's not time for watering now!
[2024-06-20 08:50:10.874] [main] [info] Minute Intraday:   410
[2024-06-20 08:50:10.874] [main] [info] Days since Epoch:   19894
[2024-06-20 08:50:10.874] [main] [info] Accumulated watering times:

Felix   :          Eiben-Klee  :      0.00 min
Felix   :            Mara-alt  :      0.00 min
James   :              Erbsen  :      0.00 min
James   :          Kartoffeln  :      0.00 min
James   :              Gurken  :      0.00 min
James   :             Tomaten  :      0.00 min
Lucas   :            Karotten  :      0.00 min
Lucas   :        Heidelbeeren  :      0.00 min
Lucas   :      Bohnen-Flieder  :      0.00 min

%%%%%%%%%%     [4] Run the executable   ...DONE!
elapsed time:   3s
=====================================================================================================
