=====================================================================================================
%%%%%%%%%%     [6] Uploading logs and go sleeping...
> sudo -u mayadm git checkout artifacts
Bereits auf 'artifacts'
D	maya/artifacts/logs/12648--2024-06-20--16h59---7.log
D	maya/artifacts/logs/12649--2024-06-20--17h39---1.log
D	maya/artifacts/logs/12649--2024-06-20--17h39---2.log
D	maya/artifacts/logs/12649--2024-06-20--17h39---3.log
D	maya/artifacts/logs/12649--2024-06-20--17h39---4.log
D	maya/artifacts/logs/12649--2024-06-20--17h39---5.log
D	maya/artifacts/logs/12649--2024-06-20--17h39---6.log
Ihr Branch ist auf demselben Stand wie 'origin/artifacts'.
> sudo -u mayadm git pull
Bereits aktuell.
> sudo -u mayadm git merge maya-productive
Bereits aktuell.
> sudo -u mayadm git add "../artifacts/logs/*.log" -f
> sudo -u mayadm git add -u
> sudo -u mayadm git commit -m "logs at 2024-06-20--18h20"
[artifacts ecf81d56c] logs at 2024-06-20--18h20
 8 files changed, 87 insertions(+), 87 deletions(-)
 delete mode 100644 maya/artifacts/logs/12649--2024-06-20--17h39---4.log
 rename maya/artifacts/logs/{12648--2024-06-20--16h59---7.log => 12649--2024-06-20--17h39---7.log} (62%)
 rename maya/artifacts/logs/{12649--2024-06-20--17h39---1.log => 12650--2024-06-20--18h20---1.log} (90%)
 rename maya/artifacts/logs/{12649--2024-06-20--17h39---2.log => 12650--2024-06-20--18h20---2.log} (100%)
 rename maya/artifacts/logs/{12649--2024-06-20--17h39---3.log => 12650--2024-06-20--18h20---3.log} (95%)
 create mode 100644 maya/artifacts/logs/12650--2024-06-20--18h20---4.log
 rename maya/artifacts/logs/{12649--2024-06-20--17h39---5.log => 12650--2024-06-20--18h20---5.log} (78%)
 rename maya/artifacts/logs/{12649--2024-06-20--17h39---6.log => 12650--2024-06-20--18h20---6.log} (100%)
> sudo -u mayadm git push
To https://github.com/Necktschnagge/wired-watering
   17402036f..ecf81d56c  artifacts -> artifacts
> sudo -u mayadm git checkout maya-productive
Zu Zweig »maya-productive« gewechselt
Ihr Branch ist auf demselben Stand wie 'origin/maya-productive'.
> sudo -u mayadm git push
Everything up-to-date
##############################################################
###################                        ###################
###################     GOING TO SLEEP     ###################
###################                        ###################
##############################################################
#######                                                #######
#######   Press CTRL + C NOW to abort script safely!   #######
#######                                                #######
##############################################################
##############################################################
#######                                                #######
#######               NOW GOING TO SLEEP               #######
#######                                                #######
##############################################################
> rtcwake -m mem -s 2400
rtcwake: RTC wird als UTC interpretiert …
rtcwake: aufwachen von „mem“ durch /dev/rtc0 bei Thu Jun 20 17:00:59 2024
##############################################################
#######                                                #######
#######            just waked up from sleep            #######
#######                                                #######
##############################################################
%%%%%%%%%%     [6] Uploading logs and go sleeping   ...DONE!
elapsed time:   2420s
=====================================================================================================
