=====================================================================================================
%%%%%%%%%%     [6] Uploading logs and go sleeping...
> sudo -u mayadm git add "../artifacts/logs/1265-*.log" -f
> sudo -u mayadm git add "../artifacts/logs/1264-*.log" -f
> sudo -u mayadm git commit -m "logs at 2022-06-17--20h06"
[maya-productive 7a35505] logs at 2022-06-17--20h06
 6 files changed, 244 insertions(+)
 create mode 100644 maya/artifacts/logs/1264--2022-06-17--20h00---6.log
 create mode 100644 maya/artifacts/logs/1265--2022-06-17--20h06---1.log
 create mode 100644 maya/artifacts/logs/1265--2022-06-17--20h06---2.log
 create mode 100644 maya/artifacts/logs/1265--2022-06-17--20h06---3.log
 create mode 100644 maya/artifacts/logs/1265--2022-06-17--20h06---4.log
 create mode 100644 maya/artifacts/logs/1265--2022-06-17--20h06---5.log
> sudo -u mayadm git pull
Bereits aktuell.
> sudo -u mayadm git push
To https://github.com/Necktschnagge/wired-watering
   126e81d..7a35505  maya-productive -> maya-productive
> sudo -u mayadm git checkout maya-productive
Bereits auf 'maya-productive'
Ihr Branch ist auf demselben Stand wie 'origin/maya-productive'.
> sudo -u mayadm git push
Everything up-to-date
##############################################################
###################                        ###################
###################     GOING TO SLEEP     ###################
###################                        ###################
##############################################################
#######                                                #######
#######   Press CTRL + C NOW to abort script safely!   #######
#######                                                #######
##############################################################
##############################################################
#######                                                #######
#######               NOW GOING TO SLEEP               #######
#######                                                #######
##############################################################
> rtcwake -m mem -s 300
rtcwake: RTC wird als UTC interpretiert …
rtcwake: aufwachen von „mem“ durch /dev/rtc0 bei Fri Jun 17 18:11:37 2022
##############################################################
#######                                                #######
#######            just waked up from sleep            #######
#######                                                #######
##############################################################
%%%%%%%%%%     [6] Uploading logs and go sleeping   ...DONE!
=====================================================================================================
