=====================================================================================================
%%%%%%%%%%     [4] Run the executable...
>Please note:  Even if all builds failed, the last built executable is still there and will be started!
> sudo -u mayadm ./ur-unix-run.sh
[2024-06-21 05:51:57.360] [main] [info] Pinging Pump Server Mayson...
[2024-06-21 05:51:59.502] [main] [info] Pump Server ping OK!
[2024-06-21 05:51:59.502] [main] [info] Pinging Pump Server Mayson   ...DONE!
[2024-06-21 05:51:59.502] [main] [info] Pinging all valve stations...
[2024-06-21 05:51:59.813] [main] [info] James ping OK!
[2024-06-21 05:51:59.813] [main] [info] Lucas ping OK!
[2024-06-21 05:51:59.813] [main] [info] Felix ping OK!
[2024-06-21 05:51:59.813] [main] [info] Pinging all valve stations   ...DONE!
[2024-06-21 05:51:59.813] [main] [info] Pinging Non-Existing Test Server...
[2024-06-21 05:52:02.893] [main] [info] Pinging Non-Existing Test Server OK!
[2024-06-21 05:52:02.893] [main] [info] Pinging Non-Existing Test Server   ...DONE!
[2024-06-21 05:52:02.893] [main] [info] Creating Landscape...
[2024-06-21 05:52:02.893] [main] [info] Creating Landscape...
[2024-06-21 05:52:02.893] [main] [info] Creating Felix...
[2024-06-21 05:52:02.893] [main] [info] Creating James...
[2024-06-21 05:52:02.893] [main] [info] Creating Lucas...
[2024-06-21 05:52:02.893] [main] [info] Fetching timestamp...
std::chrono::system_clock::now().time_since_epoch()   :   1718941922893818716
get_seconds_since_epoch_now(bool verbose /* true */)   :   1718941922
minutes since epoch   :   28649032
minute of day   :   232
minute of hour   :   52
hour of day   :   3
[2024-06-21 05:52:02.893] [main] [info] Checking timestamp.txt...
[2024-06-21 05:52:02.893] [main] [debug] The timestamp.txt is always written when watering is triggered. It is read to check if I was already done with watering some minutes ago.
previous time_stamp:   28647599
[2024-06-21 05:52:02.893] [main] [info] Checking timestamp.txt   ...DONE!
Wrote to timestamp.txt
Send request to pump relay:
URL:   http://192.168.1.10:80/status?auto=off&system=off&manual=off
Response:
status code:   200
text:
{
 "server-name" : "pump-relay-mayson",
 "action" : "okay"
}
[2024-06-21 05:52:03.994] [main] [info] 
--------------------------------------------------------------
Send valves at 1718941923
http://192.168.1.22:80/status?valves=1
200
{
 "server-name" : "valve-server-felix",
 "action" : "okay"
}
[2024-06-21 05:52:04.151] [main] [info] 
Switched the following valves: --->
          Felix:   Eiben-Klee   OFF -> ON 
                                   <---
Send request to pump relay:
URL:   http://192.168.1.10:80/status?auto=on&system=on
Response:
status code:   200
text:
{
 "server-name" : "pump-relay-mayson",
 "action" : "okay"
}
[2024-06-21 05:53:34.257] [main] [info] 
--------------------------------------------------------------
Send valves at 1718942014
http://192.168.1.22:80/status?valves=0
200
{
 "server-name" : "valve-server-felix",
 "action" : "okay"
}
[2024-06-21 05:53:34.608] [main] [info] 
Switched the following valves: --->
          Felix:   Eiben-Klee    ON -> OFF
                                   <---
[2024-06-21 05:53:34.608] [main] [info] 
--------------------------------------------------------------
Send valves at 1718942014
http://192.168.1.20:80/status?valves=0
200
{
 "server-name" : "valve-server-james",
 "action" : "okay"
}
[2024-06-21 05:53:34.736] [main] [info] 
Switched the following valves: --->
                                   <---
[2024-06-21 05:53:34.736] [main] [info] 
--------------------------------------------------------------
Send valves at 1718942014
http://192.168.1.21:80/status?valves=0
200
{
 "server-name" : "valve-server-lucas",
 "action" : "okay"
}
[2024-06-21 05:53:34.906] [main] [info] 
Switched the following valves: --->
                                   <---
[2024-06-21 05:53:34.906] [main] [info] 
--------------------------------------------------------------
Send valves at 1718942014
http://192.168.1.21:80/status?valves=2
200
{
 "server-name" : "valve-server-lucas",
 "action" : "okay"
}
[2024-06-21 05:53:34.983] [main] [info] 
Switched the following valves: --->
          Lucas:   Heidelbeeren   OFF -> ON 
                                   <---
[2024-06-21 05:53:34.983] [main] [info] 
--------------------------------------------------------------
Send valves at 1718942014
http://192.168.1.20:80/status?valves=1
200
{
 "server-name" : "valve-server-james",
 "action" : "okay"
}
[2024-06-21 05:53:35.146] [main] [info] 
Switched the following valves: --->
          James:   Erbsen   OFF -> ON 
                                   <---
[2024-06-21 05:53:35.146] [main] [info] 
--------------------------------------------------------------
Send valves at 1718942015
http://192.168.1.20:80/status?valves=5
200
{
 "server-name" : "valve-server-james",
 "action" : "okay"
}
[2024-06-21 05:53:35.216] [main] [info] 
Switched the following valves: --->
          James:   Gurken   OFF -> ON 
                                   <---
[2024-06-21 05:53:35.216] [main] [info] 
--------------------------------------------------------------
Send valves at 1718942015
http://192.168.1.22:80/status?valves=1
200
{
 "server-name" : "valve-server-felix",
 "action" : "okay"
}
[2024-06-21 05:53:35.311] [main] [info] 
Switched the following valves: --->
          Felix:   Eiben-Klee   OFF -> ON 
                                   <---
[2024-06-21 05:53:35.311] [main] [info] 
--------------------------------------------------------------
Send valves at 1718942015
http://192.168.1.20:80/status?valves=13
200
{
 "server-name" : "valve-server-james",
 "action" : "okay"
}
[2024-06-21 05:53:35.414] [main] [info] 
Switched the following valves: --->
          James:   Tomaten   OFF -> ON 
                                   <---
[2024-06-21 05:53:35.414] [main] [info] 
--------------------------------------------------------------
Send valves at 1718942015
http://192.168.1.21:80/status?valves=3
200
{
 "server-name" : "valve-server-lucas",
 "action" : "okay"
}
[2024-06-21 05:53:35.728] [main] [info] 
Switched the following valves: --->
          Lucas:   Karotten   OFF -> ON 
                                   <---
[2024-06-21 06:23:35.049] [main] [info] 
--------------------------------------------------------------
Send valves at 1718943815
http://192.168.1.22:80/status?valves=0
200
{
 "server-name" : "valve-server-felix",
 "action" : "okay"
}
[2024-06-21 06:23:35.187] [main] [info] 
Switched the following valves: --->
          Felix:   Eiben-Klee    ON -> OFF
                                   <---
[2024-06-21 06:23:35.187] [main] [info] 
--------------------------------------------------------------
Send valves at 1718943815
http://192.168.1.20:80/status?valves=0
200
{
 "server-name" : "valve-server-james",
 "action" : "okay"
}
[2024-06-21 06:23:35.350] [main] [info] 
Switched the following valves: --->
          James:   Erbsen    ON -> OFF
          James:   Gurken    ON -> OFF
          James:   Tomaten    ON -> OFF
                                   <---
[2024-06-21 06:23:35.350] [main] [info] 
--------------------------------------------------------------
Send valves at 1718943815
http://192.168.1.21:80/status?valves=0
200
{
 "server-name" : "valve-server-lucas",
 "action" : "okay"
}
[2024-06-21 06:23:35.473] [main] [info] 
Switched the following valves: --->
          Lucas:   Karotten    ON -> OFF
          Lucas:   Heidelbeeren    ON -> OFF
                                   <---
[2024-06-21 06:23:35.473] [main] [info] 
--------------------------------------------------------------
Send valves at 1718943815
http://192.168.1.22:80/status?valves=1
200
{
 "server-name" : "valve-server-felix",
 "action" : "okay"
}
[2024-06-21 06:23:35.857] [main] [info] 
Switched the following valves: --->
          Felix:   Eiben-Klee   OFF -> ON 
                                   <---
[2024-06-21 06:23:35.857] [main] [info] 
--------------------------------------------------------------
Send valves at 1718943815
http://192.168.1.20:80/status?valves=1
200
{
 "server-name" : "valve-server-james",
 "action" : "okay"
}
[2024-06-21 06:23:35.969] [main] [info] 
Switched the following valves: --->
          James:   Erbsen   OFF -> ON 
                                   <---
[2024-06-21 06:38:35.034] [main] [info] 
--------------------------------------------------------------
Send valves at 1718944715
http://192.168.1.22:80/status?valves=0
200
{
 "server-name" : "valve-server-felix",
 "action" : "okay"
}
[2024-06-21 06:38:35.242] [main] [info] 
Switched the following valves: --->
          Felix:   Eiben-Klee    ON -> OFF
                                   <---
[2024-06-21 06:38:35.242] [main] [info] 
--------------------------------------------------------------
Send valves at 1718944715
http://192.168.1.20:80/status?valves=0
200
{
 "server-name" : "valve-server-james",
 "action" : "okay"
}
[2024-06-21 06:38:35.497] [main] [info] 
Switched the following valves: --->
          James:   Erbsen    ON -> OFF
                                   <---
[2024-06-21 06:38:35.497] [main] [info] 
--------------------------------------------------------------
Send valves at 1718944715
http://192.168.1.21:80/status?valves=0
200
{
 "server-name" : "valve-server-lucas",
 "action" : "okay"
}
[2024-06-21 06:38:35.679] [main] [info] 
Switched the following valves: --->
                                   <---
Send request to pump relay:
URL:   http://192.168.1.10:80/status?auto=off
Response:
status code:   200
text:
{
 "server-name" : "pump-relay-mayson",
 "action" : "okay"
}
[2024-06-21 06:39:05.175] [main] [info] 
--------------------------------------------------------------
Send valves at 1718944745
http://192.168.1.22:80/status?valves=1
200
{
 "server-name" : "valve-server-felix",
 "action" : "okay"
}
[2024-06-21 06:39:05.277] [main] [info] 
Switched the following valves: --->
          Felix:   Eiben-Klee   OFF -> ON 
                                   <---
[2024-06-21 06:41:05.070] [main] [info] 
--------------------------------------------------------------
Send valves at 1718944865
http://192.168.1.22:80/status?valves=0
200
{
 "server-name" : "valve-server-felix",
 "action" : "okay"
}
[2024-06-21 06:41:05.213] [main] [info] 
Switched the following valves: --->
          Felix:   Eiben-Klee    ON -> OFF
                                   <---
[2024-06-21 06:41:05.213] [main] [info] 
--------------------------------------------------------------
Send valves at 1718944865
http://192.168.1.20:80/status?valves=0
200
{
 "server-name" : "valve-server-james",
 "action" : "okay"
}
[2024-06-21 06:41:05.293] [main] [info] 
Switched the following valves: --->
                                   <---
[2024-06-21 06:41:05.293] [main] [info] 
--------------------------------------------------------------
Send valves at 1718944865
http://192.168.1.21:80/status?valves=0
200
{
 "server-name" : "valve-server-lucas",
 "action" : "okay"
}
[2024-06-21 06:41:05.443] [main] [info] 
Switched the following valves: --->
                                   <---
[2024-06-21 06:41:05.443] [main] [info] Accumulated watering times:

Felix   :          Eiben-Klee  :     48.49 min
Felix   :            Mara-alt  :      0.00 min
James   :              Erbsen  :     45.00 min
James   :          Kartoffeln  :      0.00 min
James   :              Gurken  :     30.00 min
James   :             Tomaten  :     30.00 min
Lucas   :            Karotten  :     30.00 min
Lucas   :        Heidelbeeren  :     30.01 min
Lucas   :      Bohnen-Flieder  :      0.00 min

%%%%%%%%%%     [4] Run the executable   ...DONE!
elapsed time:   2948s
=====================================================================================================
