=====================================================================================================
%%%%%%%%%%     [6] Uploading logs and go sleeping...
> sudo -u mayadm git checkout artifacts
Bereits auf 'artifacts'
D	maya/artifacts/logs/12669--2024-06-21--08h02---7.log
D	maya/artifacts/logs/12670--2024-06-21--08h42---1.log
D	maya/artifacts/logs/12670--2024-06-21--08h42---2.log
D	maya/artifacts/logs/12670--2024-06-21--08h42---3.log
D	maya/artifacts/logs/12670--2024-06-21--08h42---4.log
D	maya/artifacts/logs/12670--2024-06-21--08h42---5.log
D	maya/artifacts/logs/12670--2024-06-21--08h42---6.log
Ihr Branch ist auf demselben Stand wie 'origin/artifacts'.
> sudo -u mayadm git pull
Bereits aktuell.
> sudo -u mayadm git merge maya-productive
Bereits aktuell.
> sudo -u mayadm git add "../artifacts/logs/*.log" -f
> sudo -u mayadm git add -u
> sudo -u mayadm git commit -m "logs at 2024-06-21--09h23"
[artifacts f813606c7] logs at 2024-06-21--09h23
 8 files changed, 89 insertions(+), 88 deletions(-)
 delete mode 100644 maya/artifacts/logs/12670--2024-06-21--08h42---4.log
 rename maya/artifacts/logs/{12669--2024-06-21--08h02---7.log => 12670--2024-06-21--08h42---7.log} (61%)
 rename maya/artifacts/logs/{12670--2024-06-21--08h42---1.log => 12671--2024-06-21--09h23---1.log} (88%)
 rename maya/artifacts/logs/{12670--2024-06-21--08h42---2.log => 12671--2024-06-21--09h23---2.log} (100%)
 rename maya/artifacts/logs/{12670--2024-06-21--08h42---3.log => 12671--2024-06-21--09h23---3.log} (95%)
 create mode 100644 maya/artifacts/logs/12671--2024-06-21--09h23---4.log
 rename maya/artifacts/logs/{12670--2024-06-21--08h42---5.log => 12671--2024-06-21--09h23---5.log} (78%)
 rename maya/artifacts/logs/{12670--2024-06-21--08h42---6.log => 12671--2024-06-21--09h23---6.log} (100%)
> sudo -u mayadm git push
To https://github.com/Necktschnagge/wired-watering
   5fb251dae..f813606c7  artifacts -> artifacts
> sudo -u mayadm git checkout maya-productive
Zu Zweig »maya-productive« gewechselt
Ihr Branch ist auf demselben Stand wie 'origin/maya-productive'.
> sudo -u mayadm git push
Everything up-to-date
##############################################################
###################                        ###################
###################     GOING TO SLEEP     ###################
###################                        ###################
##############################################################
#######                                                #######
#######   Press CTRL + C NOW to abort script safely!   #######
#######                                                #######
##############################################################
##############################################################
#######                                                #######
#######               NOW GOING TO SLEEP               #######
#######                                                #######
##############################################################
> rtcwake -m mem -s 2400
rtcwake: RTC wird als UTC interpretiert …
rtcwake: aufwachen von „mem“ durch /dev/rtc0 bei Fri Jun 21 08:04:07 2024
##############################################################
#######                                                #######
#######            just waked up from sleep            #######
#######                                                #######
##############################################################
%%%%%%%%%%     [6] Uploading logs and go sleeping   ...DONE!
elapsed time:   2420s
=====================================================================================================
