=====================================================================================================
%%%%%%%%%%     [6] Uploading logs and go sleeping...
> sudo -u mayadm git checkout artifacts
Bereits auf 'artifacts'
D	maya/artifacts/logs/12680--2024-06-21--15h29---7.log
D	maya/artifacts/logs/12681--2024-06-21--16h10---1.log
D	maya/artifacts/logs/12681--2024-06-21--16h10---2.log
D	maya/artifacts/logs/12681--2024-06-21--16h10---3.log
D	maya/artifacts/logs/12681--2024-06-21--16h10---4.log
D	maya/artifacts/logs/12681--2024-06-21--16h10---5.log
D	maya/artifacts/logs/12681--2024-06-21--16h10---6.log
Ihr Branch ist auf demselben Stand wie 'origin/artifacts'.
> sudo -u mayadm git pull
Bereits aktuell.
> sudo -u mayadm git merge maya-productive
Bereits aktuell.
> sudo -u mayadm git add "../artifacts/logs/*.log" -f
> sudo -u mayadm git add -u
> sudo -u mayadm git commit -m "logs at 2024-06-21--16h50"
[artifacts 8c753684e] logs at 2024-06-21--16h50
 8 files changed, 87 insertions(+), 87 deletions(-)
 delete mode 100644 maya/artifacts/logs/12681--2024-06-21--16h10---4.log
 rename maya/artifacts/logs/{12680--2024-06-21--15h29---7.log => 12681--2024-06-21--16h10---7.log} (61%)
 rename maya/artifacts/logs/{12681--2024-06-21--16h10---1.log => 12682--2024-06-21--16h50---1.log} (90%)
 rename maya/artifacts/logs/{12681--2024-06-21--16h10---2.log => 12682--2024-06-21--16h50---2.log} (97%)
 rename maya/artifacts/logs/{12681--2024-06-21--16h10---3.log => 12682--2024-06-21--16h50---3.log} (96%)
 create mode 100644 maya/artifacts/logs/12682--2024-06-21--16h50---4.log
 rename maya/artifacts/logs/{12681--2024-06-21--16h10---5.log => 12682--2024-06-21--16h50---5.log} (78%)
 rename maya/artifacts/logs/{12681--2024-06-21--16h10---6.log => 12682--2024-06-21--16h50---6.log} (100%)
> sudo -u mayadm git push
To https://github.com/Necktschnagge/wired-watering
   4f3751bd7..8c753684e  artifacts -> artifacts
> sudo -u mayadm git checkout maya-productive
Zu Zweig »maya-productive« gewechselt
Ihr Branch ist auf demselben Stand wie 'origin/maya-productive'.
> sudo -u mayadm git push
Everything up-to-date
##############################################################
###################                        ###################
###################     GOING TO SLEEP     ###################
###################                        ###################
##############################################################
#######                                                #######
#######   Press CTRL + C NOW to abort script safely!   #######
#######                                                #######
##############################################################
##############################################################
#######                                                #######
#######               NOW GOING TO SLEEP               #######
#######                                                #######
##############################################################
> rtcwake -m mem -s 2400
rtcwake: RTC wird als UTC interpretiert …
rtcwake: aufwachen von „mem“ durch /dev/rtc0 bei Fri Jun 21 15:31:22 2024
##############################################################
#######                                                #######
#######            just waked up from sleep            #######
#######                                                #######
##############################################################
%%%%%%%%%%     [6] Uploading logs and go sleeping   ...DONE!
elapsed time:   2420s
=====================================================================================================
