=====================================================================================================
%%%%%%%%%%     [6] Uploading logs and go sleeping...
> sudo -u mayadm git checkout artifacts
Bereits auf 'artifacts'
D	maya/artifacts/logs/12728--2024-06-23--00h51---7.log
D	maya/artifacts/logs/12729--2024-06-23--01h31---1.log
D	maya/artifacts/logs/12729--2024-06-23--01h31---2.log
D	maya/artifacts/logs/12729--2024-06-23--01h31---3.log
D	maya/artifacts/logs/12729--2024-06-23--01h31---4.log
D	maya/artifacts/logs/12729--2024-06-23--01h31---5.log
D	maya/artifacts/logs/12729--2024-06-23--01h31---6.log
Ihr Branch ist auf demselben Stand wie 'origin/artifacts'.
> sudo -u mayadm git pull
Bereits aktuell.
> sudo -u mayadm git merge maya-productive
Bereits aktuell.
> sudo -u mayadm git add "../artifacts/logs/*.log" -f
> sudo -u mayadm git add -u
> sudo -u mayadm git commit -m "logs at 2024-06-23--02h12"
[artifacts 2d9f5a20a] logs at 2024-06-23--02h12
 8 files changed, 85 insertions(+), 85 deletions(-)
 delete mode 100644 maya/artifacts/logs/12729--2024-06-23--01h31---4.log
 rename maya/artifacts/logs/{12728--2024-06-23--00h51---7.log => 12729--2024-06-23--01h31---7.log} (60%)
 rename maya/artifacts/logs/{12729--2024-06-23--01h31---1.log => 12730--2024-06-23--02h12---1.log} (91%)
 rename maya/artifacts/logs/{12729--2024-06-23--01h31---2.log => 12730--2024-06-23--02h12---2.log} (100%)
 rename maya/artifacts/logs/{12729--2024-06-23--01h31---3.log => 12730--2024-06-23--02h12---3.log} (96%)
 create mode 100644 maya/artifacts/logs/12730--2024-06-23--02h12---4.log
 rename maya/artifacts/logs/{12729--2024-06-23--01h31---5.log => 12730--2024-06-23--02h12---5.log} (78%)
 rename maya/artifacts/logs/{12729--2024-06-23--01h31---6.log => 12730--2024-06-23--02h12---6.log} (100%)
> sudo -u mayadm git push
To https://github.com/Necktschnagge/wired-watering
   d9aa53418..2d9f5a20a  artifacts -> artifacts
> sudo -u mayadm git checkout maya-productive
Zu Zweig »maya-productive« gewechselt
Ihr Branch ist auf demselben Stand wie 'origin/maya-productive'.
> sudo -u mayadm git push
Everything up-to-date
##############################################################
###################                        ###################
###################     GOING TO SLEEP     ###################
###################                        ###################
##############################################################
#######                                                #######
#######   Press CTRL + C NOW to abort script safely!   #######
#######                                                #######
##############################################################
##############################################################
#######                                                #######
#######               NOW GOING TO SLEEP               #######
#######                                                #######
##############################################################
> rtcwake -m mem -s 2400
rtcwake: RTC wird als UTC interpretiert …
rtcwake: aufwachen von „mem“ durch /dev/rtc0 bei Sun Jun 23 00:52:52 2024
##############################################################
#######                                                #######
#######            just waked up from sleep            #######
#######                                                #######
##############################################################
%%%%%%%%%%     [6] Uploading logs and go sleeping   ...DONE!
elapsed time:   2421s
=====================================================================================================
