=====================================================================================================
%%%%%%%%%%     [5] Cleaning git working directory...
> sudo -u mayadm git add -u
> sudo -u mayadm git add *
> sudo -u mayadm git status
Auf Branch routine-029fcf2a-1719298327
nichts zu committen, Arbeitsverzeichnis unverändert
> sudo -u mayadm git reset --hard
HEAD ist jetzt bei 029fcf2a5 Maya enhancement (#127)
Deleting local working branch...
> sudo -u mayadm git checkout maya-productive
Zu Zweig »maya-productive« gewechselt
Ihr Branch ist auf demselben Stand wie 'origin/maya-productive'.
> sudo -u mayadm git branch -D routine-029fcf2a-1719298327
Branch routine-029fcf2a-1719298327 entfernt (war 029fcf2a5).
Finished run 12807!
Di 25. Jun 08:52:13 CEST 2024
%%%%%%%%%%     [5] Cleaning git working directory   ...DONE!
elapsed time:   0s
=====================================================================================================
