=====================================================================================================
%%%%%%%%%%     [4] Run the executable...
>Please note:  Even if all builds failed, the last built executable is still there and will be started!
> sudo -u mayadm ./ur-unix-run.sh
[2024-06-25 06:01:01.981] [main] [info] Pinging Pump Server Mayson...
[2024-06-25 06:01:02.095] [main] [info] Pump Server ping OK!
[2024-06-25 06:01:02.095] [main] [info] Pinging Pump Server Mayson   ...DONE!
[2024-06-25 06:01:02.095] [main] [info] Pinging all valve stations...
[2024-06-25 06:01:02.408] [main] [info] James ping OK!
[2024-06-25 06:01:02.408] [main] [info] Lucas ping OK!
[2024-06-25 06:01:02.408] [main] [info] Felix ping OK!
[2024-06-25 06:01:02.408] [main] [info] Pinging all valve stations   ...DONE!
[2024-06-25 06:01:02.408] [main] [info] Pinging Non-Existing Test Server...
[2024-06-25 06:01:05.475] [main] [info] Pinging Non-Existing Test Server OK!
[2024-06-25 06:01:05.475] [main] [info] Pinging Non-Existing Test Server   ...DONE!
[2024-06-25 06:01:05.475] [main] [info] Creating Landscape...
[2024-06-25 06:01:05.475] [main] [info] Creating Landscape...
[2024-06-25 06:01:05.475] [main] [info] Creating Felix...
[2024-06-25 06:01:05.475] [main] [info] Creating James...
[2024-06-25 06:01:05.475] [main] [info] Creating Lucas...
[2024-06-25 06:01:05.475] [main] [info] Fetching timestamp...
std::chrono::system_clock::now().time_since_epoch()   :   1719288065475125311
get_seconds_since_epoch_now(bool verbose /* true */)   :   1719288065
minutes since epoch   :   28654801
minute of day   :   241
minute of hour   :   1
hour of day   :   4
[2024-06-25 06:01:05.475] [main] [info] Checking timestamp.txt...
[2024-06-25 06:01:05.475] [main] [debug] The timestamp.txt is always written when watering is triggered. It is read to check if I was already done with watering some minutes ago.
previous time_stamp:   28653368
[2024-06-25 06:01:05.475] [main] [info] Checking timestamp.txt   ...DONE!
Wrote to timestamp.txt
Send request to pump relay:
URL:   http://192.168.1.10:80/status?auto=off&system=off&manual=off
Response:
status code:   200
text:
{
 "server-name" : "pump-relay-mayson",
 "action" : "okay"
}
[2024-06-25 06:01:06.246] [main] [info] 
--------------------------------------------------------------
Send valves at 1719288066
http://192.168.1.22:80/status?valves=1
200
{
 "server-name" : "valve-server-felix",
 "action" : "okay"
}
[2024-06-25 06:01:06.353] [main] [info] 
Switched the following valves: --->
          Felix:   Eiben-Klee   OFF -> ON 
                                   <---
Send request to pump relay:
URL:   http://192.168.1.10:80/status?auto=on&system=on
Response:
status code:   200
text:
{
 "server-name" : "pump-relay-mayson",
 "action" : "okay"
}
[2024-06-25 06:02:36.474] [main] [info] 
--------------------------------------------------------------
Send valves at 1719288156
http://192.168.1.22:80/status?valves=0
200
{
 "server-name" : "valve-server-felix",
 "action" : "okay"
}
[2024-06-25 06:02:36.630] [main] [info] 
Switched the following valves: --->
          Felix:   Eiben-Klee    ON -> OFF
                                   <---
[2024-06-25 06:02:36.630] [main] [info] 
--------------------------------------------------------------
Send valves at 1719288156
http://192.168.1.20:80/status?valves=0
200
{
 "server-name" : "valve-server-james",
 "action" : "okay"
}
[2024-06-25 06:02:36.736] [main] [info] 
Switched the following valves: --->
                                   <---
[2024-06-25 06:02:36.736] [main] [info] 
--------------------------------------------------------------
Send valves at 1719288156
http://192.168.1.21:80/status?valves=0
200
{
 "server-name" : "valve-server-lucas",
 "action" : "okay"
}
[2024-06-25 06:02:36.868] [main] [info] 
Switched the following valves: --->
                                   <---
[2024-06-25 06:02:36.868] [main] [info] 
--------------------------------------------------------------
Send valves at 1719288156
http://192.168.1.21:80/status?valves=2
200
{
 "server-name" : "valve-server-lucas",
 "action" : "okay"
}
[2024-06-25 06:02:37.142] [main] [info] 
Switched the following valves: --->
          Lucas:   Heidelbeeren   OFF -> ON 
                                   <---
[2024-06-25 06:02:37.142] [main] [info] 
--------------------------------------------------------------
Send valves at 1719288157
http://192.168.1.20:80/status?valves=1
200
{
 "server-name" : "valve-server-james",
 "action" : "okay"
}
[2024-06-25 06:02:37.251] [main] [info] 
Switched the following valves: --->
          James:   Erbsen   OFF -> ON 
                                   <---
[2024-06-25 06:02:37.251] [main] [info] 
--------------------------------------------------------------
Send valves at 1719288157
http://192.168.1.20:80/status?valves=5
200
{
 "server-name" : "valve-server-james",
 "action" : "okay"
}
[2024-06-25 06:02:37.354] [main] [info] 
Switched the following valves: --->
          James:   Gurken   OFF -> ON 
                                   <---
[2024-06-25 06:02:37.354] [main] [info] 
--------------------------------------------------------------
Send valves at 1719288157
http://192.168.1.22:80/status?valves=1
200
{
 "server-name" : "valve-server-felix",
 "action" : "okay"
}
[2024-06-25 06:02:37.506] [main] [info] 
Switched the following valves: --->
          Felix:   Eiben-Klee   OFF -> ON 
                                   <---
[2024-06-25 06:02:37.506] [main] [info] 
--------------------------------------------------------------
Send valves at 1719288157
http://192.168.1.20:80/status?valves=13
200
{
 "server-name" : "valve-server-james",
 "action" : "okay"
}
[2024-06-25 06:02:37.637] [main] [info] 
Switched the following valves: --->
          James:   Tomaten   OFF -> ON 
                                   <---
[2024-06-25 06:02:37.637] [main] [info] 
--------------------------------------------------------------
Send valves at 1719288157
http://192.168.1.21:80/status?valves=3
200
{
 "server-name" : "valve-server-lucas",
 "action" : "okay"
}
[2024-06-25 06:02:37.769] [main] [info] 
Switched the following valves: --->
          Lucas:   Karotten   OFF -> ON 
                                   <---
[2024-06-25 06:32:37.053] [main] [info] 
--------------------------------------------------------------
Send valves at 1719289957
http://192.168.1.22:80/status?valves=0
200
{
 "server-name" : "valve-server-felix",
 "action" : "okay"
}
[2024-06-25 06:32:38.215] [main] [info] 
Switched the following valves: --->
          Felix:   Eiben-Klee    ON -> OFF
                                   <---
[2024-06-25 06:32:38.215] [main] [info] 
--------------------------------------------------------------
Send valves at 1719289958
http://192.168.1.20:80/status?valves=0
200
{
 "server-name" : "valve-server-james",
 "action" : "okay"
}
[2024-06-25 06:32:38.312] [main] [info] 
Switched the following valves: --->
          James:   Erbsen    ON -> OFF
          James:   Gurken    ON -> OFF
          James:   Tomaten    ON -> OFF
                                   <---
[2024-06-25 06:32:38.312] [main] [info] 
--------------------------------------------------------------
Send valves at 1719289958
http://192.168.1.21:80/status?valves=0
200
{
 "server-name" : "valve-server-lucas",
 "action" : "okay"
}
[2024-06-25 06:32:38.436] [main] [info] 
Switched the following valves: --->
          Lucas:   Karotten    ON -> OFF
          Lucas:   Heidelbeeren    ON -> OFF
                                   <---
[2024-06-25 06:32:38.436] [main] [info] 
--------------------------------------------------------------
Send valves at 1719289958
http://192.168.1.22:80/status?valves=1
200
{
 "server-name" : "valve-server-felix",
 "action" : "okay"
}
[2024-06-25 06:32:38.595] [main] [info] 
Switched the following valves: --->
          Felix:   Eiben-Klee   OFF -> ON 
                                   <---
[2024-06-25 06:32:38.595] [main] [info] 
--------------------------------------------------------------
Send valves at 1719289958
http://192.168.1.20:80/status?valves=1
200
{
 "server-name" : "valve-server-james",
 "action" : "okay"
}
[2024-06-25 06:32:38.795] [main] [info] 
Switched the following valves: --->
          James:   Erbsen   OFF -> ON 
                                   <---
[2024-06-25 06:47:38.012] [main] [info] 
--------------------------------------------------------------
Send valves at 1719290858
http://192.168.1.22:80/status?valves=0
200
{
 "server-name" : "valve-server-felix",
 "action" : "okay"
}
[2024-06-25 06:47:38.105] [main] [info] 
Switched the following valves: --->
          Felix:   Eiben-Klee    ON -> OFF
                                   <---
[2024-06-25 06:47:38.105] [main] [info] 
--------------------------------------------------------------
Send valves at 1719290858
http://192.168.1.20:80/status?valves=0
200
{
 "server-name" : "valve-server-james",
 "action" : "okay"
}
[2024-06-25 06:47:38.248] [main] [info] 
Switched the following valves: --->
          James:   Erbsen    ON -> OFF
                                   <---
[2024-06-25 06:47:38.248] [main] [info] 
--------------------------------------------------------------
Send valves at 1719290858
http://192.168.1.21:80/status?valves=0
200
{
 "server-name" : "valve-server-lucas",
 "action" : "okay"
}
[2024-06-25 06:47:38.408] [main] [info] 
Switched the following valves: --->
                                   <---
Send request to pump relay:
URL:   http://192.168.1.10:80/status?auto=off
Response:
status code:   200
text:
{
 "server-name" : "pump-relay-mayson",
 "action" : "okay"
}
[2024-06-25 06:48:08.195] [main] [info] 
--------------------------------------------------------------
Send valves at 1719290888
http://192.168.1.22:80/status?valves=1
200
{
 "server-name" : "valve-server-felix",
 "action" : "okay"
}
[2024-06-25 06:48:08.286] [main] [info] 
Switched the following valves: --->
          Felix:   Eiben-Klee   OFF -> ON 
                                   <---
[2024-06-25 06:50:08.020] [main] [info] 
--------------------------------------------------------------
Send valves at 1719291008
http://192.168.1.22:80/status?valves=0
200
{
 "server-name" : "valve-server-felix",
 "action" : "okay"
}
[2024-06-25 06:50:08.095] [main] [info] 
Switched the following valves: --->
          Felix:   Eiben-Klee    ON -> OFF
                                   <---
[2024-06-25 06:50:08.095] [main] [info] 
--------------------------------------------------------------
Send valves at 1719291008
http://192.168.1.20:80/status?valves=0
200
{
 "server-name" : "valve-server-james",
 "action" : "okay"
}
[2024-06-25 06:50:08.204] [main] [info] 
Switched the following valves: --->
                                   <---
[2024-06-25 06:50:08.204] [main] [info] 
--------------------------------------------------------------
Send valves at 1719291008
http://192.168.1.21:80/status?valves=0
200
{
 "server-name" : "valve-server-lucas",
 "action" : "okay"
}
[2024-06-25 06:50:08.308] [main] [info] 
Switched the following valves: --->
                                   <---
[2024-06-25 06:50:08.308] [main] [info] Accumulated watering times:

Felix   :          Eiben-Klee  :     48.51 min
Felix   :            Mara-alt  :      0.00 min
James   :              Erbsen  :     45.01 min
James   :          Kartoffeln  :      0.00 min
James   :              Gurken  :     30.02 min
James   :             Tomaten  :     30.01 min
Lucas   :            Karotten  :     30.01 min
Lucas   :        Heidelbeeren  :     30.02 min
Lucas   :      Bohnen-Flieder  :      0.00 min

%%%%%%%%%%     [4] Run the executable   ...DONE!
elapsed time:   2947s
=====================================================================================================
