=====================================================================================================
%%%%%%%%%%     [6] Uploading logs and go sleeping...
> sudo -u mayadm git checkout artifacts
Bereits auf 'artifacts'
D	maya/artifacts/logs/12891--2024-06-27--19h31---7.log
D	maya/artifacts/logs/12892--2024-06-27--20h12---1.log
D	maya/artifacts/logs/12892--2024-06-27--20h12---2.log
D	maya/artifacts/logs/12892--2024-06-27--20h12---3.log
D	maya/artifacts/logs/12892--2024-06-27--20h12---4.log
D	maya/artifacts/logs/12892--2024-06-27--20h12---5.log
D	maya/artifacts/logs/12892--2024-06-27--20h12---6.log
Ihr Branch ist auf demselben Stand wie 'origin/artifacts'.
> sudo -u mayadm git pull
Bereits aktuell.
> sudo -u mayadm git merge maya-productive
Bereits aktuell.
> sudo -u mayadm git add "../artifacts/logs/*.log" -f
> sudo -u mayadm git add -u
> sudo -u mayadm git commit -m "logs at 2024-06-27--20h52"
[artifacts e9ea40e9b] logs at 2024-06-27--20h52
 8 files changed, 95 insertions(+), 94 deletions(-)
 delete mode 100644 maya/artifacts/logs/12892--2024-06-27--20h12---4.log
 rename maya/artifacts/logs/{12891--2024-06-27--19h31---7.log => 12892--2024-06-27--20h12---7.log} (62%)
 rename maya/artifacts/logs/{12892--2024-06-27--20h12---1.log => 12893--2024-06-27--20h52---1.log} (87%)
 rename maya/artifacts/logs/{12892--2024-06-27--20h12---2.log => 12893--2024-06-27--20h52---2.log} (97%)
 rename maya/artifacts/logs/{12892--2024-06-27--20h12---3.log => 12893--2024-06-27--20h52---3.log} (93%)
 create mode 100644 maya/artifacts/logs/12893--2024-06-27--20h52---4.log
 rename maya/artifacts/logs/{12892--2024-06-27--20h12---5.log => 12893--2024-06-27--20h52---5.log} (76%)
 rename maya/artifacts/logs/{12892--2024-06-27--20h12---6.log => 12893--2024-06-27--20h52---6.log} (100%)
> sudo -u mayadm git push
To https://github.com/Necktschnagge/wired-watering
   218023a78..e9ea40e9b  artifacts -> artifacts
> sudo -u mayadm git checkout maya-productive
Zu Zweig »maya-productive« gewechselt
Ihr Branch ist auf demselben Stand wie 'origin/maya-productive'.
> sudo -u mayadm git push
Everything up-to-date
##############################################################
###################                        ###################
###################     GOING TO SLEEP     ###################
###################                        ###################
##############################################################
#######                                                #######
#######   Press CTRL + C NOW to abort script safely!   #######
#######                                                #######
##############################################################
##############################################################
#######                                                #######
#######               NOW GOING TO SLEEP               #######
#######                                                #######
##############################################################
> rtcwake -m mem -s 2400
rtcwake: RTC wird als UTC interpretiert …
rtcwake: aufwachen von „mem“ durch /dev/rtc0 bei Thu Jun 27 19:33:26 2024
##############################################################
#######                                                #######
#######            just waked up from sleep            #######
#######                                                #######
##############################################################
%%%%%%%%%%     [6] Uploading logs and go sleeping   ...DONE!
elapsed time:   2421s
=====================================================================================================
