=====================================================================================================
%%%%%%%%%%     [6] Uploading logs and go sleeping...
> sudo -u mayadm git checkout artifacts
Bereits auf 'artifacts'
D	maya/artifacts/logs/12917--2024-06-28--14h00---7.log
D	maya/artifacts/logs/12918--2024-06-28--14h40---1.log
D	maya/artifacts/logs/12918--2024-06-28--14h40---2.log
D	maya/artifacts/logs/12918--2024-06-28--14h40---3.log
D	maya/artifacts/logs/12918--2024-06-28--14h40---4.log
D	maya/artifacts/logs/12918--2024-06-28--14h40---5.log
D	maya/artifacts/logs/12918--2024-06-28--14h40---6.log
Ihr Branch ist auf demselben Stand wie 'origin/artifacts'.
> sudo -u mayadm git pull
Bereits aktuell.
> sudo -u mayadm git merge maya-productive
Bereits aktuell.
> sudo -u mayadm git add "../artifacts/logs/*.log" -f
> sudo -u mayadm git add -u
> sudo -u mayadm git commit -m "logs at 2024-06-28--15h21"
[artifacts 7a27aeb46] logs at 2024-06-28--15h21
 8 files changed, 94 insertions(+), 96 deletions(-)
 delete mode 100644 maya/artifacts/logs/12918--2024-06-28--14h40---4.log
 rename maya/artifacts/logs/{12917--2024-06-28--14h00---7.log => 12918--2024-06-28--14h40---7.log} (58%)
 rename maya/artifacts/logs/{12918--2024-06-28--14h40---1.log => 12919--2024-06-28--15h21---1.log} (90%)
 rename maya/artifacts/logs/{12918--2024-06-28--14h40---2.log => 12919--2024-06-28--15h21---2.log} (97%)
 rename maya/artifacts/logs/{12918--2024-06-28--14h40---3.log => 12919--2024-06-28--15h21---3.log} (94%)
 create mode 100644 maya/artifacts/logs/12919--2024-06-28--15h21---4.log
 rename maya/artifacts/logs/{12918--2024-06-28--14h40---5.log => 12919--2024-06-28--15h21---5.log} (76%)
 rename maya/artifacts/logs/{12918--2024-06-28--14h40---6.log => 12919--2024-06-28--15h21---6.log} (72%)
> sudo -u mayadm git push
To https://github.com/Necktschnagge/wired-watering
   7eee1500e..7a27aeb46  artifacts -> artifacts
> sudo -u mayadm git checkout maya-productive
Zu Zweig »maya-productive« gewechselt
Ihr Branch ist auf demselben Stand wie 'origin/maya-productive'.
> sudo -u mayadm git push
Everything up-to-date
##############################################################
###################                        ###################
###################     GOING TO SLEEP     ###################
###################                        ###################
##############################################################
#######                                                #######
#######   Press CTRL + C NOW to abort script safely!   #######
#######                                                #######
##############################################################
##############################################################
#######                                                #######
#######               NOW GOING TO SLEEP               #######
#######                                                #######
##############################################################
> rtcwake -m mem -s 2400
rtcwake: RTC wird als UTC interpretiert …
rtcwake: aufwachen von „mem“ durch /dev/rtc0 bei Fri Jun 28 14:02:03 2024
##############################################################
#######                                                #######
#######            just waked up from sleep            #######
#######                                                #######
##############################################################
%%%%%%%%%%     [6] Uploading logs and go sleeping   ...DONE!
elapsed time:   2422s
=====================================================================================================
