=====================================================================================================
%%%%%%%%%%     [6] Uploading logs and go sleeping...
> sudo -u mayadm git checkout artifacts
Bereits auf 'artifacts'
D	maya/artifacts/logs/12915--2024-06-28--12h38---7.log
D	maya/artifacts/logs/12916--2024-06-28--13h19---1.log
D	maya/artifacts/logs/12916--2024-06-28--13h19---2.log
D	maya/artifacts/logs/12916--2024-06-28--13h19---3.log
D	maya/artifacts/logs/12916--2024-06-28--13h19---4.log
D	maya/artifacts/logs/12916--2024-06-28--13h19---5.log
D	maya/artifacts/logs/12916--2024-06-28--13h19---6.log
Ihr Branch ist auf demselben Stand wie 'origin/artifacts'.
> sudo -u mayadm git pull
Bereits aktuell.
> sudo -u mayadm git merge maya-productive
Bereits aktuell.
> sudo -u mayadm git add "../artifacts/logs/*.log" -f
> sudo -u mayadm git add -u
> sudo -u mayadm git commit -m "logs at 2024-06-28--14h00"
[artifacts 3e1a8fa2d] logs at 2024-06-28--14h00
 8 files changed, 86 insertions(+), 86 deletions(-)
 delete mode 100644 maya/artifacts/logs/12916--2024-06-28--13h19---4.log
 rename maya/artifacts/logs/{12915--2024-06-28--12h38---7.log => 12916--2024-06-28--13h19---7.log} (62%)
 rename maya/artifacts/logs/{12916--2024-06-28--13h19---1.log => 12917--2024-06-28--14h00---1.log} (90%)
 rename maya/artifacts/logs/{12916--2024-06-28--13h19---2.log => 12917--2024-06-28--14h00---2.log} (100%)
 rename maya/artifacts/logs/{12916--2024-06-28--13h19---3.log => 12917--2024-06-28--14h00---3.log} (96%)
 create mode 100644 maya/artifacts/logs/12917--2024-06-28--14h00---4.log
 rename maya/artifacts/logs/{12916--2024-06-28--13h19---5.log => 12917--2024-06-28--14h00---5.log} (76%)
 rename maya/artifacts/logs/{12916--2024-06-28--13h19---6.log => 12917--2024-06-28--14h00---6.log} (100%)
> sudo -u mayadm git push
remote: fatal error in commit_refs        
To https://github.com/Necktschnagge/wired-watering
 ! [remote rejected]     artifacts -> artifacts (failure)
error: Fehler beim Versenden einiger Referenzen nach 'https://github.com/Necktschnagge/wired-watering'
> sudo -u mayadm git checkout maya-productive
Zu Zweig »maya-productive« gewechselt
Ihr Branch ist auf demselben Stand wie 'origin/maya-productive'.
> sudo -u mayadm git push
Everything up-to-date
##############################################################
###################                        ###################
###################     GOING TO SLEEP     ###################
###################                        ###################
##############################################################
#######                                                #######
#######   Press CTRL + C NOW to abort script safely!   #######
#######                                                #######
##############################################################
##############################################################
#######                                                #######
#######               NOW GOING TO SLEEP               #######
#######                                                #######
##############################################################
> rtcwake -m mem -s 2400
rtcwake: RTC wird als UTC interpretiert …
rtcwake: aufwachen von „mem“ durch /dev/rtc0 bei Fri Jun 28 12:40:37 2024
##############################################################
#######                                                #######
#######            just waked up from sleep            #######
#######                                                #######
##############################################################
%%%%%%%%%%     [6] Uploading logs and go sleeping   ...DONE!
elapsed time:   2421s
=====================================================================================================
