=====================================================================================================
%%%%%%%%%%     [6] Uploading logs and go sleeping...
> sudo -u mayadm git checkout artifacts
Bereits auf 'artifacts'
D	maya/artifacts/logs/12919--2024-06-28--15h21---7.log
D	maya/artifacts/logs/12920--2024-06-28--16h02---1.log
D	maya/artifacts/logs/12920--2024-06-28--16h02---2.log
D	maya/artifacts/logs/12920--2024-06-28--16h02---3.log
D	maya/artifacts/logs/12920--2024-06-28--16h02---4.log
D	maya/artifacts/logs/12920--2024-06-28--16h02---5.log
D	maya/artifacts/logs/12920--2024-06-28--16h02---6.log
Ihr Branch ist auf demselben Stand wie 'origin/artifacts'.
> sudo -u mayadm git pull
Bereits aktuell.
> sudo -u mayadm git merge maya-productive
Bereits aktuell.
> sudo -u mayadm git add "../artifacts/logs/*.log" -f
> sudo -u mayadm git add -u
> sudo -u mayadm git commit -m "logs at 2024-06-28--16h42"
[artifacts e5dba2249] logs at 2024-06-28--16h42
 8 files changed, 87 insertions(+), 87 deletions(-)
 delete mode 100644 maya/artifacts/logs/12920--2024-06-28--16h02---4.log
 rename maya/artifacts/logs/{12919--2024-06-28--15h21---7.log => 12920--2024-06-28--16h02---7.log} (61%)
 rename maya/artifacts/logs/{12920--2024-06-28--16h02---1.log => 12921--2024-06-28--16h42---1.log} (91%)
 rename maya/artifacts/logs/{12920--2024-06-28--16h02---2.log => 12921--2024-06-28--16h42---2.log} (97%)
 rename maya/artifacts/logs/{12920--2024-06-28--16h02---3.log => 12921--2024-06-28--16h42---3.log} (96%)
 create mode 100644 maya/artifacts/logs/12921--2024-06-28--16h42---4.log
 rename maya/artifacts/logs/{12920--2024-06-28--16h02---5.log => 12921--2024-06-28--16h42---5.log} (76%)
 rename maya/artifacts/logs/{12920--2024-06-28--16h02---6.log => 12921--2024-06-28--16h42---6.log} (100%)
> sudo -u mayadm git push
To https://github.com/Necktschnagge/wired-watering
   af66d9650..e5dba2249  artifacts -> artifacts
> sudo -u mayadm git checkout maya-productive
Zu Zweig »maya-productive« gewechselt
Ihr Branch ist auf demselben Stand wie 'origin/maya-productive'.
> sudo -u mayadm git push
Everything up-to-date
##############################################################
###################                        ###################
###################     GOING TO SLEEP     ###################
###################                        ###################
##############################################################
#######                                                #######
#######   Press CTRL + C NOW to abort script safely!   #######
#######                                                #######
##############################################################
##############################################################
#######                                                #######
#######               NOW GOING TO SLEEP               #######
#######                                                #######
##############################################################
> rtcwake -m mem -s 2400
rtcwake: RTC wird als UTC interpretiert …
rtcwake: aufwachen von „mem“ durch /dev/rtc0 bei Fri Jun 28 15:23:32 2024
##############################################################
#######                                                #######
#######            just waked up from sleep            #######
#######                                                #######
##############################################################
%%%%%%%%%%     [6] Uploading logs and go sleeping   ...DONE!
elapsed time:   2421s
=====================================================================================================
