=====================================================================================================
%%%%%%%%%%     [6] Uploading logs and go sleeping...
> sudo -u mayadm git checkout artifacts
Bereits auf 'artifacts'
D	maya/artifacts/logs/12944--2024-06-29--09h10---7.log
D	maya/artifacts/logs/12945--2024-06-29--09h50---1.log
D	maya/artifacts/logs/12945--2024-06-29--09h50---2.log
D	maya/artifacts/logs/12945--2024-06-29--09h50---3.log
D	maya/artifacts/logs/12945--2024-06-29--09h50---4.log
D	maya/artifacts/logs/12945--2024-06-29--09h50---5.log
D	maya/artifacts/logs/12945--2024-06-29--09h50---6.log
Ihr Branch ist auf demselben Stand wie 'origin/artifacts'.
> sudo -u mayadm git pull
Bereits aktuell.
> sudo -u mayadm git merge maya-productive
Bereits aktuell.
> sudo -u mayadm git add "../artifacts/logs/*.log" -f
> sudo -u mayadm git add -u
> sudo -u mayadm git commit -m "logs at 2024-06-29--10h31"
[artifacts 39ce24739] logs at 2024-06-29--10h31
 8 files changed, 85 insertions(+), 85 deletions(-)
 delete mode 100644 maya/artifacts/logs/12945--2024-06-29--09h50---4.log
 rename maya/artifacts/logs/{12944--2024-06-29--09h10---7.log => 12945--2024-06-29--09h50---7.log} (62%)
 rename maya/artifacts/logs/{12945--2024-06-29--09h50---1.log => 12946--2024-06-29--10h31---1.log} (91%)
 rename maya/artifacts/logs/{12945--2024-06-29--09h50---2.log => 12946--2024-06-29--10h31---2.log} (100%)
 rename maya/artifacts/logs/{12945--2024-06-29--09h50---3.log => 12946--2024-06-29--10h31---3.log} (96%)
 create mode 100644 maya/artifacts/logs/12946--2024-06-29--10h31---4.log
 rename maya/artifacts/logs/{12945--2024-06-29--09h50---5.log => 12946--2024-06-29--10h31---5.log} (76%)
 rename maya/artifacts/logs/{12945--2024-06-29--09h50---6.log => 12946--2024-06-29--10h31---6.log} (100%)
> sudo -u mayadm git push
To https://github.com/Necktschnagge/wired-watering
   9ccaca7df..39ce24739  artifacts -> artifacts
> sudo -u mayadm git checkout maya-productive
Zu Zweig »maya-productive« gewechselt
Ihr Branch ist auf demselben Stand wie 'origin/maya-productive'.
> sudo -u mayadm git push
Everything up-to-date
##############################################################
###################                        ###################
###################     GOING TO SLEEP     ###################
###################                        ###################
##############################################################
#######                                                #######
#######   Press CTRL + C NOW to abort script safely!   #######
#######                                                #######
##############################################################
##############################################################
#######                                                #######
#######               NOW GOING TO SLEEP               #######
#######                                                #######
##############################################################
> rtcwake -m mem -s 2400
rtcwake: RTC wird als UTC interpretiert …
rtcwake: aufwachen von „mem“ durch /dev/rtc0 bei Sat Jun 29 09:12:04 2024
##############################################################
#######                                                #######
#######            just waked up from sleep            #######
#######                                                #######
##############################################################
%%%%%%%%%%     [6] Uploading logs and go sleeping   ...DONE!
elapsed time:   2421s
=====================================================================================================
