=====================================================================================================
%%%%%%%%%%     [6] Uploading logs and go sleeping...
> sudo -u mayadm git checkout artifacts
Bereits auf 'artifacts'
D	maya/artifacts/logs/12962--2024-06-29--21h23---7.log
D	maya/artifacts/logs/12963--2024-06-29--22h05---1.log
D	maya/artifacts/logs/12963--2024-06-29--22h05---2.log
D	maya/artifacts/logs/12963--2024-06-29--22h05---3.log
D	maya/artifacts/logs/12963--2024-06-29--22h05---4.log
D	maya/artifacts/logs/12963--2024-06-29--22h05---5.log
D	maya/artifacts/logs/12963--2024-06-29--22h05---6.log
Ihr Branch ist auf demselben Stand wie 'origin/artifacts'.
> sudo -u mayadm git pull
Bereits aktuell.
> sudo -u mayadm git merge maya-productive
Bereits aktuell.
> sudo -u mayadm git add "../artifacts/logs/*.log" -f
> sudo -u mayadm git add -u
> sudo -u mayadm git commit -m "logs at 2024-06-29--22h45"
[artifacts 29a09d7f4] logs at 2024-06-29--22h45
 8 files changed, 87 insertions(+), 87 deletions(-)
 delete mode 100644 maya/artifacts/logs/12963--2024-06-29--22h05---4.log
 rename maya/artifacts/logs/{12962--2024-06-29--21h23---7.log => 12963--2024-06-29--22h05---7.log} (62%)
 rename maya/artifacts/logs/{12963--2024-06-29--22h05---1.log => 12964--2024-06-29--22h45---1.log} (91%)
 rename maya/artifacts/logs/{12963--2024-06-29--22h05---2.log => 12964--2024-06-29--22h45---2.log} (100%)
 rename maya/artifacts/logs/{12963--2024-06-29--22h05---3.log => 12964--2024-06-29--22h45---3.log} (94%)
 create mode 100644 maya/artifacts/logs/12964--2024-06-29--22h45---4.log
 rename maya/artifacts/logs/{12963--2024-06-29--22h05---5.log => 12964--2024-06-29--22h45---5.log} (78%)
 rename maya/artifacts/logs/{12963--2024-06-29--22h05---6.log => 12964--2024-06-29--22h45---6.log} (100%)
> sudo -u mayadm git push
To https://github.com/Necktschnagge/wired-watering
   d5f57e082..29a09d7f4  artifacts -> artifacts
> sudo -u mayadm git checkout maya-productive
Zu Zweig »maya-productive« gewechselt
Ihr Branch ist auf demselben Stand wie 'origin/maya-productive'.
> sudo -u mayadm git push
Everything up-to-date
##############################################################
###################                        ###################
###################     GOING TO SLEEP     ###################
###################                        ###################
##############################################################
#######                                                #######
#######   Press CTRL + C NOW to abort script safely!   #######
#######                                                #######
##############################################################
##############################################################
#######                                                #######
#######               NOW GOING TO SLEEP               #######
#######                                                #######
##############################################################
> rtcwake -m mem -s 2400
rtcwake: RTC wird als UTC interpretiert …
rtcwake: aufwachen von „mem“ durch /dev/rtc0 bei Sat Jun 29 21:26:35 2024
##############################################################
#######                                                #######
#######            just waked up from sleep            #######
#######                                                #######
##############################################################
%%%%%%%%%%     [6] Uploading logs and go sleeping   ...DONE!
elapsed time:   2420s
=====================================================================================================
