=====================================================================================================
%%%%%%%%%%     [6] Uploading logs and go sleeping...
> sudo -u mayadm git checkout artifacts
Bereits auf 'artifacts'
D	maya/artifacts/logs/12971--2024-06-30--03h31---7.log
D	maya/artifacts/logs/12972--2024-06-30--04h12---1.log
D	maya/artifacts/logs/12972--2024-06-30--04h12---2.log
D	maya/artifacts/logs/12972--2024-06-30--04h12---3.log
D	maya/artifacts/logs/12972--2024-06-30--04h12---4.log
D	maya/artifacts/logs/12972--2024-06-30--04h12---5.log
D	maya/artifacts/logs/12972--2024-06-30--04h12---6.log
Ihr Branch ist auf demselben Stand wie 'origin/artifacts'.
> sudo -u mayadm git pull
Bereits aktuell.
> sudo -u mayadm git merge maya-productive
Bereits aktuell.
> sudo -u mayadm git add "../artifacts/logs/*.log" -f
> sudo -u mayadm git add -u
> sudo -u mayadm git commit -m "logs at 2024-06-30--04h53"
[artifacts 22120c80e] logs at 2024-06-30--04h53
 8 files changed, 89 insertions(+), 90 deletions(-)
 delete mode 100644 maya/artifacts/logs/12972--2024-06-30--04h12---4.log
 rename maya/artifacts/logs/{12971--2024-06-30--03h31---7.log => 12972--2024-06-30--04h12---7.log} (62%)
 rename maya/artifacts/logs/{12972--2024-06-30--04h12---1.log => 12973--2024-06-30--04h53---1.log} (87%)
 rename maya/artifacts/logs/{12972--2024-06-30--04h12---2.log => 12973--2024-06-30--04h53---2.log} (100%)
 rename maya/artifacts/logs/{12972--2024-06-30--04h12---3.log => 12973--2024-06-30--04h53---3.log} (96%)
 create mode 100644 maya/artifacts/logs/12973--2024-06-30--04h53---4.log
 rename maya/artifacts/logs/{12972--2024-06-30--04h12---5.log => 12973--2024-06-30--04h53---5.log} (76%)
 rename maya/artifacts/logs/{12972--2024-06-30--04h12---6.log => 12973--2024-06-30--04h53---6.log} (100%)
> sudo -u mayadm git push
To https://github.com/Necktschnagge/wired-watering
   313488185..22120c80e  artifacts -> artifacts
> sudo -u mayadm git checkout maya-productive
Zu Zweig »maya-productive« gewechselt
Ihr Branch ist auf demselben Stand wie 'origin/maya-productive'.
> sudo -u mayadm git push
Everything up-to-date
##############################################################
###################                        ###################
###################     GOING TO SLEEP     ###################
###################                        ###################
##############################################################
#######                                                #######
#######   Press CTRL + C NOW to abort script safely!   #######
#######                                                #######
##############################################################
##############################################################
#######                                                #######
#######               NOW GOING TO SLEEP               #######
#######                                                #######
##############################################################
> rtcwake -m mem -s 2400
rtcwake: RTC wird als UTC interpretiert …
rtcwake: aufwachen von „mem“ durch /dev/rtc0 bei Sun Jun 30 03:33:52 2024
##############################################################
#######                                                #######
#######            just waked up from sleep            #######
#######                                                #######
##############################################################
%%%%%%%%%%     [6] Uploading logs and go sleeping   ...DONE!
elapsed time:   2420s
=====================================================================================================
