=====================================================================================================
%%%%%%%%%%     [4] Run the executable...
>Please note:  Even if all builds failed, the last built executable is still there and will be started!
> sudo -u mayadm ./ur-unix-run.sh
[2024-07-04 09:16:04.349] [main] [info] Pinging Pump Server Mayson...
[2024-07-04 09:16:04.438] [main] [info] Pump Server ping OK!
[2024-07-04 09:16:04.438] [main] [info] Pinging Pump Server Mayson   ...DONE!
[2024-07-04 09:16:04.438] [main] [info] Pinging all valve stations...
[2024-07-04 09:16:09.798] [main] [info] James ping OK!
[2024-07-04 09:16:09.798] [main] [error] Fatal: Lucas not available!
[2024-07-04 09:16:09.798] [main] [info] Felix ping OK!
[2024-07-04 09:16:09.798] [main] [info] Pinging all valve stations   ...DONE!
[2024-07-04 09:16:09.798] [main] [info] Pinging Non-Existing Test Server...
[2024-07-04 09:16:12.872] [main] [info] Pinging Non-Existing Test Server OK!
[2024-07-04 09:16:12.872] [main] [info] Pinging Non-Existing Test Server   ...DONE!
[2024-07-04 09:16:12.872] [main] [info] Pinging Pump Server Mayson...
[2024-07-04 09:16:12.947] [main] [info] Pump Server ping OK!
[2024-07-04 09:16:12.947] [main] [info] Pinging Pump Server Mayson   ...DONE!
[2024-07-04 09:16:12.947] [main] [info] Pinging all valve stations...
[2024-07-04 09:16:14.288] [main] [info] James ping OK!
[2024-07-04 09:16:14.288] [main] [info] Lucas ping OK!
[2024-07-04 09:16:14.288] [main] [info] Felix ping OK!
[2024-07-04 09:16:14.288] [main] [info] Pinging all valve stations   ...DONE!
[2024-07-04 09:16:14.288] [main] [info] Pinging Non-Existing Test Server...
[2024-07-04 09:16:17.352] [main] [info] Pinging Non-Existing Test Server OK!
[2024-07-04 09:16:17.352] [main] [info] Pinging Non-Existing Test Server   ...DONE!
[2024-07-04 09:16:17.352] [main] [info] Creating Landscape...
[2024-07-04 09:16:17.352] [main] [info] Creating Landscape...
[2024-07-04 09:16:17.352] [main] [info] Creating Felix...
[2024-07-04 09:16:17.352] [main] [info] Creating James...
[2024-07-04 09:16:17.352] [main] [info] Creating Lucas...
[2024-07-04 09:16:17.352] [main] [info] Fetching timestamp...
std::chrono::system_clock::now().time_since_epoch()   :   1720077377352900394
get_seconds_since_epoch_now(bool verbose /* true */)   :   1720077377
minutes since epoch   :   28667956
minute of day   :   436
minute of hour   :   16
hour of day   :   7
[2024-07-04 09:16:17.352] [main] [info] Checking timestamp.txt...
[2024-07-04 09:16:17.352] [main] [debug] The timestamp.txt is always written when watering is triggered. It is read to check if I was already done with watering some minutes ago.
previous time_stamp:   28667753
[2024-07-04 09:16:17.353] [main] [info] Checking timestamp.txt   ...DONE!
[2024-07-04 09:16:17.353] [main] [info] It's not time for watering now!
[2024-07-04 09:16:17.353] [main] [info] Minute Intraday:   436
[2024-07-04 09:16:17.353] [main] [info] Days since Epoch:   19908
[2024-07-04 09:16:17.353] [main] [info] Accumulated watering times:

Felix   :          Eiben-Klee  :      0.00 min
Felix   :            Mara-alt  :      0.00 min
James   :              Erbsen  :      0.00 min
James   :          Kartoffeln  :      0.00 min
James   :              Gurken  :      0.00 min
James   :             Tomaten  :      0.00 min
Lucas   :            Karotten  :      0.00 min
Lucas   :        Heidelbeeren  :      0.00 min
Lucas   :      Bohnen-Flieder  :      0.00 min

%%%%%%%%%%     [4] Run the executable   ...DONE!
elapsed time:   13s
=====================================================================================================
