=====================================================================================================
%%%%%%%%%%     [4] Run the executable...
>Please note:  Even if all builds failed, the last built executable is still there and will be started!
> sudo -u mayadm ./ur-unix-run.sh
[2024-07-04 09:56:41.549] [main] [info] Pinging Pump Server Mayson...
[2024-07-04 09:56:41.598] [main] [info] Pump Server ping OK!
[2024-07-04 09:56:41.598] [main] [info] Pinging Pump Server Mayson   ...DONE!
[2024-07-04 09:56:41.598] [main] [info] Pinging all valve stations...
[2024-07-04 09:56:44.868] [main] [info] James ping OK!
[2024-07-04 09:56:44.868] [main] [info] Lucas ping OK!
[2024-07-04 09:56:44.868] [main] [error] Fatal: Felix not available!
[2024-07-04 09:56:44.868] [main] [info] Pinging all valve stations   ...DONE!
[2024-07-04 09:56:44.868] [main] [info] Pinging Non-Existing Test Server...
[2024-07-04 09:56:47.940] [main] [info] Pinging Non-Existing Test Server OK!
[2024-07-04 09:56:47.940] [main] [info] Pinging Non-Existing Test Server   ...DONE!
[2024-07-04 09:56:47.940] [main] [info] Pinging Pump Server Mayson...
[2024-07-04 09:56:48.149] [main] [info] Pump Server ping OK!
[2024-07-04 09:56:48.149] [main] [info] Pinging Pump Server Mayson   ...DONE!
[2024-07-04 09:56:48.149] [main] [info] Pinging all valve stations...
[2024-07-04 09:56:51.428] [main] [info] James ping OK!
[2024-07-04 09:56:51.428] [main] [info] Lucas ping OK!
[2024-07-04 09:56:51.428] [main] [error] Fatal: Felix not available!
[2024-07-04 09:56:51.428] [main] [info] Pinging all valve stations   ...DONE!
[2024-07-04 09:56:51.428] [main] [info] Pinging Non-Existing Test Server...
[2024-07-04 09:56:54.499] [main] [info] Pinging Non-Existing Test Server OK!
[2024-07-04 09:56:54.499] [main] [info] Pinging Non-Existing Test Server   ...DONE!
[2024-07-04 09:56:54.499] [main] [info] Pinging Pump Server Mayson...
[2024-07-04 09:56:54.608] [main] [info] Pump Server ping OK!
[2024-07-04 09:56:54.608] [main] [info] Pinging Pump Server Mayson   ...DONE!
[2024-07-04 09:56:54.608] [main] [info] Pinging all valve stations...
[2024-07-04 09:56:57.987] [main] [info] James ping OK!
[2024-07-04 09:56:57.987] [main] [info] Lucas ping OK!
[2024-07-04 09:56:57.987] [main] [error] Fatal: Felix not available!
[2024-07-04 09:56:57.987] [main] [info] Pinging all valve stations   ...DONE!
[2024-07-04 09:56:57.987] [main] [info] Pinging Non-Existing Test Server...
[2024-07-04 09:57:01.059] [main] [info] Pinging Non-Existing Test Server OK!
[2024-07-04 09:57:01.059] [main] [info] Pinging Non-Existing Test Server   ...DONE!
[2024-07-04 09:57:01.059] [main] [info] Pinging Pump Server Mayson...
[2024-07-04 09:57:01.174] [main] [info] Pump Server ping OK!
[2024-07-04 09:57:01.174] [main] [info] Pinging Pump Server Mayson   ...DONE!
[2024-07-04 09:57:01.174] [main] [info] Pinging all valve stations...
[2024-07-04 09:57:02.618] [main] [info] James ping OK!
[2024-07-04 09:57:02.618] [main] [info] Lucas ping OK!
[2024-07-04 09:57:02.618] [main] [info] Felix ping OK!
[2024-07-04 09:57:02.618] [main] [info] Pinging all valve stations   ...DONE!
[2024-07-04 09:57:02.618] [main] [info] Pinging Non-Existing Test Server...
[2024-07-04 09:57:05.699] [main] [info] Pinging Non-Existing Test Server OK!
[2024-07-04 09:57:05.699] [main] [info] Pinging Non-Existing Test Server   ...DONE!
[2024-07-04 09:57:05.699] [main] [info] Creating Landscape...
[2024-07-04 09:57:05.699] [main] [info] Creating Landscape...
[2024-07-04 09:57:05.699] [main] [info] Creating Felix...
[2024-07-04 09:57:05.699] [main] [info] Creating James...
[2024-07-04 09:57:05.699] [main] [info] Creating Lucas...
[2024-07-04 09:57:05.699] [main] [info] Fetching timestamp...
std::chrono::system_clock::now().time_since_epoch()   :   1720079825699423193
get_seconds_since_epoch_now(bool verbose /* true */)   :   1720079825
minutes since epoch   :   28667997
minute of day   :   477
minute of hour   :   57
hour of day   :   7
[2024-07-04 09:57:05.699] [main] [info] Checking timestamp.txt...
[2024-07-04 09:57:05.699] [main] [debug] The timestamp.txt is always written when watering is triggered. It is read to check if I was already done with watering some minutes ago.
previous time_stamp:   28667753
[2024-07-04 09:57:05.699] [main] [info] Checking timestamp.txt   ...DONE!
[2024-07-04 09:57:05.699] [main] [info] It's not time for watering now!
[2024-07-04 09:57:05.699] [main] [info] Minute Intraday:   477
[2024-07-04 09:57:05.699] [main] [info] Days since Epoch:   19908
[2024-07-04 09:57:05.699] [main] [info] Accumulated watering times:

Felix   :          Eiben-Klee  :      0.00 min
Felix   :            Mara-alt  :      0.00 min
James   :              Erbsen  :      0.00 min
James   :          Kartoffeln  :      0.00 min
James   :              Gurken  :      0.00 min
James   :             Tomaten  :      0.00 min
Lucas   :            Karotten  :      0.00 min
Lucas   :        Heidelbeeren  :      0.00 min
Lucas   :      Bohnen-Flieder  :      0.00 min

%%%%%%%%%%     [4] Run the executable   ...DONE!
elapsed time:   24s
=====================================================================================================
