=====================================================================================================
%%%%%%%%%%     [4] Run the executable...
>Please note:  Even if all builds failed, the last built executable is still there and will be started!
> sudo -u mayadm ./ur-unix-run.sh
[2024-07-04 11:17:59.607] [main] [info] Pinging Pump Server Mayson...
[2024-07-04 11:17:59.701] [main] [info] Pump Server ping OK!
[2024-07-04 11:17:59.701] [main] [info] Pinging Pump Server Mayson   ...DONE!
[2024-07-04 11:17:59.701] [main] [info] Pinging all valve stations...
[2024-07-04 11:18:03.985] [main] [info] James ping OK!
[2024-07-04 11:18:03.985] [main] [info] Lucas ping OK!
[2024-07-04 11:18:03.985] [main] [error] Fatal: Felix not available!
[2024-07-04 11:18:03.985] [main] [info] Pinging all valve stations   ...DONE!
[2024-07-04 11:18:03.985] [main] [info] Pinging Non-Existing Test Server...
[2024-07-04 11:18:07.057] [main] [info] Pinging Non-Existing Test Server OK!
[2024-07-04 11:18:07.057] [main] [info] Pinging Non-Existing Test Server   ...DONE!
[2024-07-04 11:18:07.057] [main] [info] Pinging Pump Server Mayson...
[2024-07-04 11:18:07.183] [main] [info] Pump Server ping OK!
[2024-07-04 11:18:07.184] [main] [info] Pinging Pump Server Mayson   ...DONE!
[2024-07-04 11:18:07.184] [main] [info] Pinging all valve stations...
[2024-07-04 11:18:10.482] [main] [info] James ping OK!
[2024-07-04 11:18:10.482] [main] [info] Lucas ping OK!
[2024-07-04 11:18:10.482] [main] [error] Fatal: Felix not available!
[2024-07-04 11:18:10.482] [main] [info] Pinging all valve stations   ...DONE!
[2024-07-04 11:18:10.482] [main] [info] Pinging Non-Existing Test Server...
[2024-07-04 11:18:13.554] [main] [info] Pinging Non-Existing Test Server OK!
[2024-07-04 11:18:13.554] [main] [info] Pinging Non-Existing Test Server   ...DONE!
[2024-07-04 11:18:13.554] [main] [info] Pinging Pump Server Mayson...
[2024-07-04 11:18:13.652] [main] [info] Pump Server ping OK!
[2024-07-04 11:18:13.652] [main] [info] Pinging Pump Server Mayson   ...DONE!
[2024-07-04 11:18:13.652] [main] [info] Pinging all valve stations...
[2024-07-04 11:18:13.988] [main] [info] James ping OK!
[2024-07-04 11:18:13.988] [main] [info] Lucas ping OK!
[2024-07-04 11:18:13.988] [main] [info] Felix ping OK!
[2024-07-04 11:18:13.988] [main] [info] Pinging all valve stations   ...DONE!
[2024-07-04 11:18:13.988] [main] [info] Pinging Non-Existing Test Server...
[2024-07-04 11:18:17.041] [main] [info] Pinging Non-Existing Test Server OK!
[2024-07-04 11:18:17.041] [main] [info] Pinging Non-Existing Test Server   ...DONE!
[2024-07-04 11:18:17.041] [main] [info] Creating Landscape...
[2024-07-04 11:18:17.041] [main] [info] Creating Landscape...
[2024-07-04 11:18:17.041] [main] [info] Creating Felix...
[2024-07-04 11:18:17.041] [main] [info] Creating James...
[2024-07-04 11:18:17.041] [main] [info] Creating Lucas...
[2024-07-04 11:18:17.041] [main] [info] Fetching timestamp...
std::chrono::system_clock::now().time_since_epoch()   :   1720084697041933638
get_seconds_since_epoch_now(bool verbose /* true */)   :   1720084697
minutes since epoch   :   28668078
minute of day   :   558
minute of hour   :   18
hour of day   :   9
[2024-07-04 11:18:17.042] [main] [info] Checking timestamp.txt...
[2024-07-04 11:18:17.042] [main] [debug] The timestamp.txt is always written when watering is triggered. It is read to check if I was already done with watering some minutes ago.
previous time_stamp:   28667753
[2024-07-04 11:18:17.042] [main] [info] Checking timestamp.txt   ...DONE!
[2024-07-04 11:18:17.042] [main] [info] It's not time for watering now!
[2024-07-04 11:18:17.042] [main] [info] Minute Intraday:   558
[2024-07-04 11:18:17.042] [main] [info] Days since Epoch:   19908
[2024-07-04 11:18:17.042] [main] [info] Accumulated watering times:

Felix   :          Eiben-Klee  :      0.00 min
Felix   :            Mara-alt  :      0.00 min
James   :              Erbsen  :      0.00 min
James   :          Kartoffeln  :      0.00 min
James   :              Gurken  :      0.00 min
James   :             Tomaten  :      0.00 min
Lucas   :            Karotten  :      0.00 min
Lucas   :        Heidelbeeren  :      0.00 min
Lucas   :      Bohnen-Flieder  :      0.00 min

%%%%%%%%%%     [4] Run the executable   ...DONE!
elapsed time:   18s
=====================================================================================================
