=====================================================================================================
%%%%%%%%%%     [4] Run the executable...
>Please note:  Even if all builds failed, the last built executable is still there and will be started!
> sudo -u mayadm ./ur-unix-run.sh
[2024-07-05 08:14:18.967] [main] [info] Pinging Pump Server Mayson...
[2024-07-05 08:14:19.079] [main] [info] Pump Server ping OK!
[2024-07-05 08:14:19.079] [main] [info] Pinging Pump Server Mayson   ...DONE!
[2024-07-05 08:14:19.080] [main] [info] Pinging all valve stations...
[2024-07-05 08:14:19.392] [main] [info] James ping OK!
[2024-07-05 08:14:19.392] [main] [info] Lucas ping OK!
[2024-07-05 08:14:19.392] [main] [info] Felix ping OK!
[2024-07-05 08:14:19.392] [main] [info] Pinging all valve stations   ...DONE!
[2024-07-05 08:14:19.392] [main] [info] Pinging Non-Existing Test Server...
[2024-07-05 08:14:22.469] [main] [info] Pinging Non-Existing Test Server OK!
[2024-07-05 08:14:22.469] [main] [info] Pinging Non-Existing Test Server   ...DONE!
[2024-07-05 08:14:22.469] [main] [info] Creating Landscape...
[2024-07-05 08:14:22.469] [main] [info] Creating Landscape...
[2024-07-05 08:14:22.469] [main] [info] Creating Felix...
[2024-07-05 08:14:22.469] [main] [info] Creating James...
[2024-07-05 08:14:22.469] [main] [info] Creating Lucas...
[2024-07-05 08:14:22.469] [main] [info] Fetching timestamp...
std::chrono::system_clock::now().time_since_epoch()   :   1720160062469987905
get_seconds_since_epoch_now(bool verbose /* true */)   :   1720160062
minutes since epoch   :   28669334
minute of day   :   374
minute of hour   :   14
hour of day   :   6
[2024-07-05 08:14:22.470] [main] [info] Checking timestamp.txt...
[2024-07-05 08:14:22.470] [main] [debug] The timestamp.txt is always written when watering is triggered. It is read to check if I was already done with watering some minutes ago.
previous time_stamp:   28669171
[2024-07-05 08:14:22.470] [main] [info] Checking timestamp.txt   ...DONE!
[2024-07-05 08:14:22.470] [main] [info] It's not time for watering now!
[2024-07-05 08:14:22.470] [main] [info] Minute Intraday:   374
[2024-07-05 08:14:22.470] [main] [info] Days since Epoch:   19909
[2024-07-05 08:14:22.470] [main] [info] Accumulated watering times:

Felix   :          Eiben-Klee  :      0.00 min
Felix   :            Mara-alt  :      0.00 min
James   :              Erbsen  :      0.00 min
James   :          Kartoffeln  :      0.00 min
James   :              Gurken  :      0.00 min
James   :             Tomaten  :      0.00 min
Lucas   :            Karotten  :      0.00 min
Lucas   :        Heidelbeeren  :      0.00 min
Lucas   :      Bohnen-Flieder  :      0.00 min

%%%%%%%%%%     [4] Run the executable   ...DONE!
elapsed time:   4s
=====================================================================================================
