=====================================================================================================
%%%%%%%%%%     [6] Uploading logs and go sleeping...
> sudo -u mayadm git checkout artifacts
Bereits auf 'artifacts'
D	maya/artifacts/logs/13064--2024-07-05--23h05---7.log
D	maya/artifacts/logs/13065--2024-07-05--23h45---1.log
D	maya/artifacts/logs/13065--2024-07-05--23h45---2.log
D	maya/artifacts/logs/13065--2024-07-05--23h45---3.log
D	maya/artifacts/logs/13065--2024-07-05--23h45---4.log
D	maya/artifacts/logs/13065--2024-07-05--23h45---5.log
D	maya/artifacts/logs/13065--2024-07-05--23h45---6.log
Ihr Branch ist auf demselben Stand wie 'origin/artifacts'.
> sudo -u mayadm git pull
Bereits aktuell.
> sudo -u mayadm git merge maya-productive
Bereits aktuell.
> sudo -u mayadm git add "../artifacts/logs/*.log" -f
> sudo -u mayadm git add -u
> sudo -u mayadm git commit -m "logs at 2024-07-06--00h26"
[artifacts 3f0255c88] logs at 2024-07-06--00h26
 8 files changed, 92 insertions(+), 92 deletions(-)
 delete mode 100644 maya/artifacts/logs/13065--2024-07-05--23h45---4.log
 rename maya/artifacts/logs/{13064--2024-07-05--23h05---7.log => 13065--2024-07-05--23h45---7.log} (63%)
 rename maya/artifacts/logs/{13065--2024-07-05--23h45---1.log => 13066--2024-07-06--00h26---1.log} (90%)
 rename maya/artifacts/logs/{13065--2024-07-05--23h45---2.log => 13066--2024-07-06--00h26---2.log} (97%)
 rename maya/artifacts/logs/{13065--2024-07-05--23h45---3.log => 13066--2024-07-06--00h26---3.log} (93%)
 create mode 100644 maya/artifacts/logs/13066--2024-07-06--00h26---4.log
 rename maya/artifacts/logs/{13065--2024-07-05--23h45---5.log => 13066--2024-07-06--00h26---5.log} (75%)
 rename maya/artifacts/logs/{13065--2024-07-05--23h45---6.log => 13066--2024-07-06--00h26---6.log} (100%)
> sudo -u mayadm git push
To https://github.com/Necktschnagge/wired-watering
   780e3cfbc..3f0255c88  artifacts -> artifacts
> sudo -u mayadm git checkout maya-productive
Zu Zweig »maya-productive« gewechselt
Ihr Branch ist auf demselben Stand wie 'origin/maya-productive'.
> sudo -u mayadm git push
Everything up-to-date
##############################################################
###################                        ###################
###################     GOING TO SLEEP     ###################
###################                        ###################
##############################################################
#######                                                #######
#######   Press CTRL + C NOW to abort script safely!   #######
#######                                                #######
##############################################################
##############################################################
#######                                                #######
#######               NOW GOING TO SLEEP               #######
#######                                                #######
##############################################################
> rtcwake -m mem -s 2400
rtcwake: RTC wird als UTC interpretiert …
rtcwake: aufwachen von „mem“ durch /dev/rtc0 bei Fri Jul  5 23:06:46 2024
##############################################################
#######                                                #######
#######            just waked up from sleep            #######
#######                                                #######
##############################################################
%%%%%%%%%%     [6] Uploading logs and go sleeping   ...DONE!
elapsed time:   2417s
=====================================================================================================
