=====================================================================================================
%%%%%%%%%%     [4] Run the executable...
>Please note:  Even if all builds failed, the last built executable is still there and will be started!
> sudo -u mayadm ./ur-unix-run.sh
[2024-07-06 05:50:31.719] [main] [info] Pinging Pump Server Mayson...
[2024-07-06 05:50:31.757] [main] [info] Pump Server ping OK!
[2024-07-06 05:50:31.757] [main] [info] Pinging Pump Server Mayson   ...DONE!
[2024-07-06 05:50:31.757] [main] [info] Pinging all valve stations...
[2024-07-06 05:50:35.028] [main] [error] Fatal: James not available!
[2024-07-06 05:50:35.028] [main] [info] Lucas ping OK!
[2024-07-06 05:50:35.028] [main] [info] Felix ping OK!
[2024-07-06 05:50:35.028] [main] [info] Pinging all valve stations   ...DONE!
[2024-07-06 05:50:35.028] [main] [info] Pinging Non-Existing Test Server...
[2024-07-06 05:50:38.103] [main] [info] Pinging Non-Existing Test Server OK!
[2024-07-06 05:50:38.103] [main] [info] Pinging Non-Existing Test Server   ...DONE!
[2024-07-06 05:50:38.103] [main] [info] Pinging Pump Server Mayson...
[2024-07-06 05:50:38.196] [main] [info] Pump Server ping OK!
[2024-07-06 05:50:38.196] [main] [info] Pinging Pump Server Mayson   ...DONE!
[2024-07-06 05:50:38.196] [main] [info] Pinging all valve stations...
[2024-07-06 05:50:41.483] [main] [error] Fatal: James not available!
[2024-07-06 05:50:41.483] [main] [info] Lucas ping OK!
[2024-07-06 05:50:41.483] [main] [info] Felix ping OK!
[2024-07-06 05:50:41.483] [main] [info] Pinging all valve stations   ...DONE!
[2024-07-06 05:50:41.483] [main] [info] Pinging Non-Existing Test Server...
[2024-07-06 05:50:44.567] [main] [info] Pinging Non-Existing Test Server OK!
[2024-07-06 05:50:44.567] [main] [info] Pinging Non-Existing Test Server   ...DONE!
[2024-07-06 05:50:44.567] [main] [info] Pinging Pump Server Mayson...
[2024-07-06 05:50:44.749] [main] [info] Pump Server ping OK!
[2024-07-06 05:50:44.749] [main] [info] Pinging Pump Server Mayson   ...DONE!
[2024-07-06 05:50:44.749] [main] [info] Pinging all valve stations...
[2024-07-06 05:50:48.042] [main] [error] Fatal: James not available!
[2024-07-06 05:50:48.042] [main] [info] Lucas ping OK!
[2024-07-06 05:50:48.042] [main] [info] Felix ping OK!
[2024-07-06 05:50:48.042] [main] [info] Pinging all valve stations   ...DONE!
[2024-07-06 05:50:48.042] [main] [info] Pinging Non-Existing Test Server...
[2024-07-06 05:50:51.126] [main] [info] Pinging Non-Existing Test Server OK!
[2024-07-06 05:50:51.126] [main] [info] Pinging Non-Existing Test Server   ...DONE!
[2024-07-06 05:50:51.126] [main] [info] Pinging Pump Server Mayson...
[2024-07-06 05:50:51.223] [main] [info] Pump Server ping OK!
[2024-07-06 05:50:51.223] [main] [info] Pinging Pump Server Mayson   ...DONE!
[2024-07-06 05:50:51.223] [main] [info] Pinging all valve stations...
[2024-07-06 05:50:54.505] [main] [error] Fatal: James not available!
[2024-07-06 05:50:54.505] [main] [info] Lucas ping OK!
[2024-07-06 05:50:54.505] [main] [info] Felix ping OK!
[2024-07-06 05:50:54.505] [main] [info] Pinging all valve stations   ...DONE!
[2024-07-06 05:50:54.505] [main] [info] Pinging Non-Existing Test Server...
[2024-07-06 05:50:57.559] [main] [info] Pinging Non-Existing Test Server OK!
[2024-07-06 05:50:57.559] [main] [info] Pinging Non-Existing Test Server   ...DONE!
[2024-07-06 05:50:57.559] [main] [info] Pinging Pump Server Mayson...
[2024-07-06 05:50:57.664] [main] [info] Pump Server ping OK!
[2024-07-06 05:50:57.664] [main] [info] Pinging Pump Server Mayson   ...DONE!
[2024-07-06 05:50:57.664] [main] [info] Pinging all valve stations...
[2024-07-06 05:51:00.947] [main] [error] Fatal: James not available!
[2024-07-06 05:51:00.947] [main] [info] Lucas ping OK!
[2024-07-06 05:51:00.947] [main] [info] Felix ping OK!
[2024-07-06 05:51:00.947] [main] [info] Pinging all valve stations   ...DONE!
[2024-07-06 05:51:00.947] [main] [info] Pinging Non-Existing Test Server...
[2024-07-06 05:51:04.023] [main] [info] Pinging Non-Existing Test Server OK!
[2024-07-06 05:51:04.023] [main] [info] Pinging Non-Existing Test Server   ...DONE!
[2024-07-06 05:51:04.023] [main] [info] Pinging Pump Server Mayson...
[2024-07-06 05:51:04.123] [main] [info] Pump Server ping OK!
[2024-07-06 05:51:04.123] [main] [info] Pinging Pump Server Mayson   ...DONE!
[2024-07-06 05:51:04.123] [main] [info] Pinging all valve stations...
[2024-07-06 05:51:07.404] [main] [error] Fatal: James not available!
[2024-07-06 05:51:07.404] [main] [info] Lucas ping OK!
[2024-07-06 05:51:07.404] [main] [info] Felix ping OK!
[2024-07-06 05:51:07.404] [main] [info] Pinging all valve stations   ...DONE!
[2024-07-06 05:51:07.404] [main] [info] Pinging Non-Existing Test Server...
[2024-07-06 05:51:10.487] [main] [info] Pinging Non-Existing Test Server OK!
[2024-07-06 05:51:10.487] [main] [info] Pinging Non-Existing Test Server   ...DONE!
[2024-07-06 05:51:10.487] [main] [info] Pinging Pump Server Mayson...
[2024-07-06 05:51:10.564] [main] [info] Pump Server ping OK!
[2024-07-06 05:51:10.564] [main] [info] Pinging Pump Server Mayson   ...DONE!
[2024-07-06 05:51:10.564] [main] [info] Pinging all valve stations...
[2024-07-06 05:51:13.849] [main] [error] Fatal: James not available!
[2024-07-06 05:51:13.849] [main] [info] Lucas ping OK!
[2024-07-06 05:51:13.849] [main] [info] Felix ping OK!
[2024-07-06 05:51:13.849] [main] [info] Pinging all valve stations   ...DONE!
[2024-07-06 05:51:13.849] [main] [info] Pinging Non-Existing Test Server...
[2024-07-06 05:51:16.919] [main] [info] Pinging Non-Existing Test Server OK!
[2024-07-06 05:51:16.919] [main] [info] Pinging Non-Existing Test Server   ...DONE!
[2024-07-06 05:51:16.919] [main] [info] Pinging Pump Server Mayson...
[2024-07-06 05:51:17.026] [main] [info] Pump Server ping OK!
[2024-07-06 05:51:17.026] [main] [info] Pinging Pump Server Mayson   ...DONE!
[2024-07-06 05:51:17.026] [main] [info] Pinging all valve stations...
[2024-07-06 05:51:20.302] [main] [error] Fatal: James not available!
[2024-07-06 05:51:20.302] [main] [info] Lucas ping OK!
[2024-07-06 05:51:20.302] [main] [info] Felix ping OK!
[2024-07-06 05:51:20.302] [main] [info] Pinging all valve stations   ...DONE!
[2024-07-06 05:51:20.302] [main] [info] Pinging Non-Existing Test Server...
[2024-07-06 05:51:23.383] [main] [info] Pinging Non-Existing Test Server OK!
[2024-07-06 05:51:23.383] [main] [info] Pinging Non-Existing Test Server   ...DONE!
[2024-07-06 05:51:23.383] [main] [info] Pinging Pump Server Mayson...
[2024-07-06 05:51:23.464] [main] [info] Pump Server ping OK!
[2024-07-06 05:51:23.464] [main] [info] Pinging Pump Server Mayson   ...DONE!
[2024-07-06 05:51:23.464] [main] [info] Pinging all valve stations...
[2024-07-06 05:51:23.803] [main] [info] James ping OK!
[2024-07-06 05:51:23.803] [main] [info] Lucas ping OK!
[2024-07-06 05:51:23.803] [main] [info] Felix ping OK!
[2024-07-06 05:51:23.803] [main] [info] Pinging all valve stations   ...DONE!
[2024-07-06 05:51:23.803] [main] [info] Pinging Non-Existing Test Server...
[2024-07-06 05:51:26.870] [main] [info] Pinging Non-Existing Test Server OK!
[2024-07-06 05:51:26.870] [main] [info] Pinging Non-Existing Test Server   ...DONE!
[2024-07-06 05:51:26.870] [main] [info] Creating Landscape...
[2024-07-06 05:51:26.870] [main] [info] Creating Landscape...
[2024-07-06 05:51:26.870] [main] [info] Creating Felix...
[2024-07-06 05:51:26.870] [main] [info] Creating James...
[2024-07-06 05:51:26.870] [main] [info] Creating Lucas...
[2024-07-06 05:51:26.870] [main] [info] Fetching timestamp...
std::chrono::system_clock::now().time_since_epoch()   :   1720237886870986593
get_seconds_since_epoch_now(bool verbose /* true */)   :   1720237886
minutes since epoch   :   28670631
minute of day   :   231
minute of hour   :   51
hour of day   :   3
[2024-07-06 05:51:26.871] [main] [info] Checking timestamp.txt...
[2024-07-06 05:51:26.871] [main] [debug] The timestamp.txt is always written when watering is triggered. It is read to check if I was already done with watering some minutes ago.
previous time_stamp:   28669171
[2024-07-06 05:51:26.871] [main] [info] Checking timestamp.txt   ...DONE!
Wrote to timestamp.txt
[2024-07-06 05:51:26.871] [main] [info] Accumulated watering times:

Felix   :          Eiben-Klee  :      0.00 min
Felix   :            Mara-alt  :      0.00 min
James   :              Erbsen  :      0.00 min
James   :          Kartoffeln  :      0.00 min
James   :              Gurken  :      0.00 min
James   :             Tomaten  :      0.00 min
Lucas   :            Karotten  :      0.00 min
Lucas   :        Heidelbeeren  :      0.00 min
Lucas   :      Bohnen-Flieder  :      0.00 min

%%%%%%%%%%     [4] Run the executable   ...DONE!
elapsed time:   55s
=====================================================================================================
