=====================================================================================================
%%%%%%%%%%     [4] Run the executable...
>Please note:  Even if all builds failed, the last built executable is still there and will be started!
> sudo -u mayadm ./ur-unix-run.sh
[2024-07-08 20:57:50.630] [main] [info] Pinging Pump Server Mayson...
[2024-07-08 20:57:50.722] [main] [info] Pump Server ping OK!
[2024-07-08 20:57:50.722] [main] [info] Pinging Pump Server Mayson   ...DONE!
[2024-07-08 20:57:50.722] [main] [info] Pinging all valve stations...
[2024-07-08 20:57:55.002] [main] [info] James ping OK!
[2024-07-08 20:57:55.002] [main] [info] Lucas ping OK!
[2024-07-08 20:57:55.002] [main] [error] Fatal: Felix not available!
[2024-07-08 20:57:55.002] [main] [info] Pinging all valve stations   ...DONE!
[2024-07-08 20:57:55.002] [main] [info] Pinging Non-Existing Test Server...
[2024-07-08 20:57:58.074] [main] [info] Pinging Non-Existing Test Server OK!
[2024-07-08 20:57:58.074] [main] [info] Pinging Non-Existing Test Server   ...DONE!
[2024-07-08 20:57:58.074] [main] [info] Pinging Pump Server Mayson...
[2024-07-08 20:57:58.196] [main] [info] Pump Server ping OK!
[2024-07-08 20:57:58.196] [main] [info] Pinging Pump Server Mayson   ...DONE!
[2024-07-08 20:57:58.196] [main] [info] Pinging all valve stations...
[2024-07-08 20:57:58.512] [main] [info] James ping OK!
[2024-07-08 20:57:58.512] [main] [info] Lucas ping OK!
[2024-07-08 20:57:58.512] [main] [info] Felix ping OK!
[2024-07-08 20:57:58.512] [main] [info] Pinging all valve stations   ...DONE!
[2024-07-08 20:57:58.512] [main] [info] Pinging Non-Existing Test Server...
[2024-07-08 20:58:01.595] [main] [info] Pinging Non-Existing Test Server OK!
[2024-07-08 20:58:01.595] [main] [info] Pinging Non-Existing Test Server   ...DONE!
[2024-07-08 20:58:01.595] [main] [info] Creating Landscape...
[2024-07-08 20:58:01.595] [main] [info] Creating Landscape...
[2024-07-08 20:58:01.595] [main] [info] Creating Felix...
[2024-07-08 20:58:01.595] [main] [info] Creating James...
[2024-07-08 20:58:01.595] [main] [info] Creating Lucas...
[2024-07-08 20:58:01.595] [main] [info] Fetching timestamp...
std::chrono::system_clock::now().time_since_epoch()   :   1720465081595356124
get_seconds_since_epoch_now(bool verbose /* true */)   :   1720465081
minutes since epoch   :   28674418
minute of day   :   1138
minute of hour   :   58
hour of day   :   18
[2024-07-08 20:58:01.595] [main] [info] Checking timestamp.txt...
[2024-07-08 20:58:01.595] [main] [debug] The timestamp.txt is always written when watering is triggered. It is read to check if I was already done with watering some minutes ago.
previous time_stamp:   28673518
[2024-07-08 20:58:01.595] [main] [info] Checking timestamp.txt   ...DONE!
[2024-07-08 20:58:01.595] [main] [info] It's not time for watering now!
[2024-07-08 20:58:01.595] [main] [info] Minute Intraday:   1138
[2024-07-08 20:58:01.595] [main] [info] Days since Epoch:   19912
[2024-07-08 20:58:01.595] [main] [info] Accumulated watering times:

Felix   :          Eiben-Klee  :      0.00 min
Felix   :            Mara-alt  :      0.00 min
James   :              Erbsen  :      0.00 min
James   :          Kartoffeln  :      0.00 min
James   :              Gurken  :      0.00 min
James   :             Tomaten  :      0.00 min
Lucas   :            Karotten  :      0.00 min
Lucas   :        Heidelbeeren  :      0.00 min
Lucas   :      Bohnen-Flieder  :      0.00 min

%%%%%%%%%%     [4] Run the executable   ...DONE!
elapsed time:   11s
=====================================================================================================
