=====================================================================================================
%%%%%%%%%%     [6] Uploading logs and go sleeping...
> sudo -u mayadm git checkout artifacts
Bereits auf 'artifacts'
D	maya/artifacts/logs/13227--2024-07-10--16h28---7.log
D	maya/artifacts/logs/13228--2024-07-10--17h09---1.log
D	maya/artifacts/logs/13228--2024-07-10--17h09---2.log
D	maya/artifacts/logs/13228--2024-07-10--17h09---3.log
D	maya/artifacts/logs/13228--2024-07-10--17h09---4.log
D	maya/artifacts/logs/13228--2024-07-10--17h09---5.log
D	maya/artifacts/logs/13228--2024-07-10--17h09---6.log
Ihr Branch ist auf demselben Stand wie 'origin/artifacts'.
> sudo -u mayadm git pull
Bereits aktuell.
> sudo -u mayadm git merge maya-productive
Bereits aktuell.
> sudo -u mayadm git add "../artifacts/logs/*.log" -f
> sudo -u mayadm git add -u
> sudo -u mayadm git commit -m "logs at 2024-07-10--17h49"
[artifacts c174ae9b1] logs at 2024-07-10--17h49
 8 files changed, 88 insertions(+), 88 deletions(-)
 delete mode 100644 maya/artifacts/logs/13228--2024-07-10--17h09---4.log
 rename maya/artifacts/logs/{13227--2024-07-10--16h28---7.log => 13228--2024-07-10--17h09---7.log} (61%)
 rename maya/artifacts/logs/{13228--2024-07-10--17h09---1.log => 13229--2024-07-10--17h49---1.log} (90%)
 rename maya/artifacts/logs/{13228--2024-07-10--17h09---2.log => 13229--2024-07-10--17h49---2.log} (97%)
 rename maya/artifacts/logs/{13228--2024-07-10--17h09---3.log => 13229--2024-07-10--17h49---3.log} (96%)
 create mode 100644 maya/artifacts/logs/13229--2024-07-10--17h49---4.log
 rename maya/artifacts/logs/{13228--2024-07-10--17h09---5.log => 13229--2024-07-10--17h49---5.log} (78%)
 rename maya/artifacts/logs/{13228--2024-07-10--17h09---6.log => 13229--2024-07-10--17h49---6.log} (100%)
> sudo -u mayadm git push
To https://github.com/Necktschnagge/wired-watering
   d72a7327e..c174ae9b1  artifacts -> artifacts
> sudo -u mayadm git checkout maya-productive
Zu Zweig »maya-productive« gewechselt
Ihr Branch ist auf demselben Stand wie 'origin/maya-productive'.
> sudo -u mayadm git push
Everything up-to-date
##############################################################
###################                        ###################
###################     GOING TO SLEEP     ###################
###################                        ###################
##############################################################
#######                                                #######
#######   Press CTRL + C NOW to abort script safely!   #######
#######                                                #######
##############################################################
##############################################################
#######                                                #######
#######               NOW GOING TO SLEEP               #######
#######                                                #######
##############################################################
> rtcwake -m mem -s 2400
rtcwake: RTC wird als UTC interpretiert …
rtcwake: aufwachen von „mem“ durch /dev/rtc0 bei Wed Jul 10 16:30:09 2024
##############################################################
#######                                                #######
#######            just waked up from sleep            #######
#######                                                #######
##############################################################
%%%%%%%%%%     [6] Uploading logs and go sleeping   ...DONE!
elapsed time:   2418s
=====================================================================================================
