=====================================================================================================
%%%%%%%%%%     [6] Uploading logs and go sleeping...
> sudo -u mayadm git checkout artifacts
Bereits auf 'artifacts'
D	maya/artifacts/logs/13246--2024-07-11--05h19---7.log
D	maya/artifacts/logs/13247--2024-07-11--05h59---1.log
D	maya/artifacts/logs/13247--2024-07-11--05h59---2.log
D	maya/artifacts/logs/13247--2024-07-11--05h59---3.log
D	maya/artifacts/logs/13247--2024-07-11--05h59---4.log
D	maya/artifacts/logs/13247--2024-07-11--05h59---5.log
D	maya/artifacts/logs/13247--2024-07-11--05h59---6.log
Ihr Branch ist auf demselben Stand wie 'origin/artifacts'.
> sudo -u mayadm git pull
Bereits aktuell.
> sudo -u mayadm git merge maya-productive
Bereits aktuell.
> sudo -u mayadm git add "../artifacts/logs/*.log" -f
> sudo -u mayadm git add -u
> sudo -u mayadm git commit -m "logs at 2024-07-11--07h29"
[artifacts 4c06cbfdb] logs at 2024-07-11--07h29
 8 files changed, 87 insertions(+), 396 deletions(-)
 delete mode 100644 maya/artifacts/logs/13247--2024-07-11--05h59---4.log
 rename maya/artifacts/logs/{13246--2024-07-11--05h19---7.log => 13247--2024-07-11--05h59---7.log} (61%)
 rename maya/artifacts/logs/{13247--2024-07-11--05h59---1.log => 13248--2024-07-11--07h29---1.log} (91%)
 rename maya/artifacts/logs/{13247--2024-07-11--05h59---2.log => 13248--2024-07-11--07h29---2.log} (97%)
 rename maya/artifacts/logs/{13247--2024-07-11--05h59---3.log => 13248--2024-07-11--07h29---3.log} (96%)
 create mode 100644 maya/artifacts/logs/13248--2024-07-11--07h29---4.log
 rename maya/artifacts/logs/{13247--2024-07-11--05h59---5.log => 13248--2024-07-11--07h29---5.log} (78%)
 rename maya/artifacts/logs/{13247--2024-07-11--05h59---6.log => 13248--2024-07-11--07h29---6.log} (100%)
> sudo -u mayadm git push
To https://github.com/Necktschnagge/wired-watering
   bc02aacf6..4c06cbfdb  artifacts -> artifacts
> sudo -u mayadm git checkout maya-productive
Zu Zweig »maya-productive« gewechselt
Ihr Branch ist auf demselben Stand wie 'origin/maya-productive'.
> sudo -u mayadm git push
Everything up-to-date
##############################################################
###################                        ###################
###################     GOING TO SLEEP     ###################
###################                        ###################
##############################################################
#######                                                #######
#######   Press CTRL + C NOW to abort script safely!   #######
#######                                                #######
##############################################################
##############################################################
#######                                                #######
#######               NOW GOING TO SLEEP               #######
#######                                                #######
##############################################################
> rtcwake -m mem -s 2400
rtcwake: RTC wird als UTC interpretiert …
rtcwake: aufwachen von „mem“ durch /dev/rtc0 bei Thu Jul 11 06:10:03 2024
##############################################################
#######                                                #######
#######            just waked up from sleep            #######
#######                                                #######
##############################################################
%%%%%%%%%%     [6] Uploading logs and go sleeping   ...DONE!
elapsed time:   2415s
=====================================================================================================
