=====================================================================================================
%%%%%%%%%%     [6] Uploading logs and go sleeping...
> sudo -u mayadm git checkout artifacts
Bereits auf 'artifacts'
D	maya/artifacts/logs/13245--2024-07-11--04h38---7.log
D	maya/artifacts/logs/13246--2024-07-11--05h19---1.log
D	maya/artifacts/logs/13246--2024-07-11--05h19---2.log
D	maya/artifacts/logs/13246--2024-07-11--05h19---3.log
D	maya/artifacts/logs/13246--2024-07-11--05h19---4.log
D	maya/artifacts/logs/13246--2024-07-11--05h19---5.log
D	maya/artifacts/logs/13246--2024-07-11--05h19---6.log
Ihr Branch ist auf demselben Stand wie 'origin/artifacts'.
> sudo -u mayadm git pull
Bereits aktuell.
> sudo -u mayadm git merge maya-productive
Bereits aktuell.
> sudo -u mayadm git add "../artifacts/logs/*.log" -f
> sudo -u mayadm git add -u
> sudo -u mayadm git commit -m "logs at 2024-07-11--05h59"
[artifacts bc02aacf6] logs at 2024-07-11--05h59
 8 files changed, 397 insertions(+), 88 deletions(-)
 delete mode 100644 maya/artifacts/logs/13246--2024-07-11--05h19---4.log
 rename maya/artifacts/logs/{13245--2024-07-11--04h38---7.log => 13246--2024-07-11--05h19---7.log} (62%)
 rename maya/artifacts/logs/{13246--2024-07-11--05h19---1.log => 13247--2024-07-11--05h59---1.log} (91%)
 rename maya/artifacts/logs/{13246--2024-07-11--05h19---2.log => 13247--2024-07-11--05h59---2.log} (97%)
 rename maya/artifacts/logs/{13246--2024-07-11--05h19---3.log => 13247--2024-07-11--05h59---3.log} (94%)
 create mode 100644 maya/artifacts/logs/13247--2024-07-11--05h59---4.log
 rename maya/artifacts/logs/{13246--2024-07-11--05h19---5.log => 13247--2024-07-11--05h59---5.log} (78%)
 rename maya/artifacts/logs/{13246--2024-07-11--05h19---6.log => 13247--2024-07-11--05h59---6.log} (100%)
> sudo -u mayadm git push
To https://github.com/Necktschnagge/wired-watering
   aedf478a2..bc02aacf6  artifacts -> artifacts
> sudo -u mayadm git checkout maya-productive
Zu Zweig »maya-productive« gewechselt
Ihr Branch ist auf demselben Stand wie 'origin/maya-productive'.
> sudo -u mayadm git push
Everything up-to-date
##############################################################
###################                        ###################
###################     GOING TO SLEEP     ###################
###################                        ###################
##############################################################
#######                                                #######
#######   Press CTRL + C NOW to abort script safely!   #######
#######                                                #######
##############################################################
##############################################################
#######                                                #######
#######               NOW GOING TO SLEEP               #######
#######                                                #######
##############################################################
> rtcwake -m mem -s 2400
rtcwake: RTC wird als UTC interpretiert …
rtcwake: aufwachen von „mem“ durch /dev/rtc0 bei Thu Jul 11 05:29:29 2024
##############################################################
#######                                                #######
#######            just waked up from sleep            #######
#######                                                #######
##############################################################
%%%%%%%%%%     [6] Uploading logs and go sleeping   ...DONE!
elapsed time:   2418s
=====================================================================================================
