=====================================================================================================
%%%%%%%%%%     [6] Uploading logs and go sleeping...
> sudo -u mayadm git checkout artifacts
Bereits auf 'artifacts'
D	maya/artifacts/logs/13254--2024-07-11--11h33---7.log
D	maya/artifacts/logs/13255--2024-07-11--12h13---1.log
D	maya/artifacts/logs/13255--2024-07-11--12h13---2.log
D	maya/artifacts/logs/13255--2024-07-11--12h13---3.log
D	maya/artifacts/logs/13255--2024-07-11--12h13---4.log
D	maya/artifacts/logs/13255--2024-07-11--12h13---5.log
D	maya/artifacts/logs/13255--2024-07-11--12h13---6.log
Ihr Branch ist auf demselben Stand wie 'origin/artifacts'.
> sudo -u mayadm git pull
Bereits aktuell.
> sudo -u mayadm git merge maya-productive
Bereits aktuell.
> sudo -u mayadm git add "../artifacts/logs/*.log" -f
> sudo -u mayadm git add -u
> sudo -u mayadm git commit -m "logs at 2024-07-11--12h54"
[artifacts 982791867] logs at 2024-07-11--12h54
 8 files changed, 88 insertions(+), 99 deletions(-)
 delete mode 100644 maya/artifacts/logs/13255--2024-07-11--12h13---4.log
 rename maya/artifacts/logs/{13254--2024-07-11--11h33---7.log => 13255--2024-07-11--12h13---7.log} (61%)
 rename maya/artifacts/logs/{13255--2024-07-11--12h13---1.log => 13256--2024-07-11--12h54---1.log} (91%)
 rename maya/artifacts/logs/{13255--2024-07-11--12h13---2.log => 13256--2024-07-11--12h54---2.log} (100%)
 rename maya/artifacts/logs/{13255--2024-07-11--12h13---3.log => 13256--2024-07-11--12h54---3.log} (94%)
 create mode 100644 maya/artifacts/logs/13256--2024-07-11--12h54---4.log
 rename maya/artifacts/logs/{13255--2024-07-11--12h13---5.log => 13256--2024-07-11--12h54---5.log} (78%)
 rename maya/artifacts/logs/{13255--2024-07-11--12h13---6.log => 13256--2024-07-11--12h54---6.log} (100%)
> sudo -u mayadm git push
To https://github.com/Necktschnagge/wired-watering
   83a83f1d3..982791867  artifacts -> artifacts
> sudo -u mayadm git checkout maya-productive
Zu Zweig »maya-productive« gewechselt
Ihr Branch ist auf demselben Stand wie 'origin/maya-productive'.
> sudo -u mayadm git push
Everything up-to-date
##############################################################
###################                        ###################
###################     GOING TO SLEEP     ###################
###################                        ###################
##############################################################
#######                                                #######
#######   Press CTRL + C NOW to abort script safely!   #######
#######                                                #######
##############################################################
##############################################################
#######                                                #######
#######               NOW GOING TO SLEEP               #######
#######                                                #######
##############################################################
> rtcwake -m mem -s 2400
rtcwake: RTC wird als UTC interpretiert …
rtcwake: aufwachen von „mem“ durch /dev/rtc0 bei Thu Jul 11 11:34:55 2024
##############################################################
#######                                                #######
#######            just waked up from sleep            #######
#######                                                #######
##############################################################
%%%%%%%%%%     [6] Uploading logs and go sleeping   ...DONE!
elapsed time:   2417s
=====================================================================================================
