=====================================================================================================
%%%%%%%%%%     [4] Run the executable...
>Please note:  Even if all builds failed, the last built executable is still there and will be started!
> sudo -u mayadm ./ur-unix-run.sh
[2024-07-11 16:17:15.357] [main] [info] Pinging Pump Server Mayson...
[2024-07-11 16:17:16.459] [main] [info] Pump Server ping OK!
[2024-07-11 16:17:16.459] [main] [info] Pinging Pump Server Mayson   ...DONE!
[2024-07-11 16:17:16.459] [main] [info] Pinging all valve stations...
[2024-07-11 16:17:19.741] [main] [info] James ping OK!
[2024-07-11 16:17:19.741] [main] [info] Lucas ping OK!
[2024-07-11 16:17:19.741] [main] [error] Fatal: Felix not available!
[2024-07-11 16:17:19.741] [main] [info] Pinging all valve stations   ...DONE!
[2024-07-11 16:17:19.741] [main] [info] Pinging Non-Existing Test Server...
[2024-07-11 16:17:22.813] [main] [info] Pinging Non-Existing Test Server OK!
[2024-07-11 16:17:22.813] [main] [info] Pinging Non-Existing Test Server   ...DONE!
[2024-07-11 16:17:22.813] [main] [info] Pinging Pump Server Mayson...
[2024-07-11 16:17:22.904] [main] [info] Pump Server ping OK!
[2024-07-11 16:17:22.904] [main] [info] Pinging Pump Server Mayson   ...DONE!
[2024-07-11 16:17:22.904] [main] [info] Pinging all valve stations...
[2024-07-11 16:17:26.268] [main] [info] James ping OK!
[2024-07-11 16:17:26.269] [main] [info] Lucas ping OK!
[2024-07-11 16:17:26.269] [main] [error] Fatal: Felix not available!
[2024-07-11 16:17:26.269] [main] [info] Pinging all valve stations   ...DONE!
[2024-07-11 16:17:26.269] [main] [info] Pinging Non-Existing Test Server...
[2024-07-11 16:17:29.340] [main] [info] Pinging Non-Existing Test Server OK!
[2024-07-11 16:17:29.340] [main] [info] Pinging Non-Existing Test Server   ...DONE!
[2024-07-11 16:17:29.340] [main] [info] Pinging Pump Server Mayson...
[2024-07-11 16:17:29.467] [main] [info] Pump Server ping OK!
[2024-07-11 16:17:29.467] [main] [info] Pinging Pump Server Mayson   ...DONE!
[2024-07-11 16:17:29.467] [main] [info] Pinging all valve stations...
[2024-07-11 16:17:32.732] [main] [info] James ping OK!
[2024-07-11 16:17:32.732] [main] [info] Lucas ping OK!
[2024-07-11 16:17:32.732] [main] [error] Fatal: Felix not available!
[2024-07-11 16:17:32.732] [main] [info] Pinging all valve stations   ...DONE!
[2024-07-11 16:17:32.732] [main] [info] Pinging Non-Existing Test Server...
[2024-07-11 16:17:35.804] [main] [info] Pinging Non-Existing Test Server OK!
[2024-07-11 16:17:35.804] [main] [info] Pinging Non-Existing Test Server   ...DONE!
[2024-07-11 16:17:35.804] [main] [info] Pinging Pump Server Mayson...
[2024-07-11 16:17:35.916] [main] [info] Pump Server ping OK!
[2024-07-11 16:17:35.916] [main] [info] Pinging Pump Server Mayson   ...DONE!
[2024-07-11 16:17:35.916] [main] [info] Pinging all valve stations...
[2024-07-11 16:17:36.362] [main] [info] James ping OK!
[2024-07-11 16:17:36.362] [main] [info] Lucas ping OK!
[2024-07-11 16:17:36.362] [main] [info] Felix ping OK!
[2024-07-11 16:17:36.362] [main] [info] Pinging all valve stations   ...DONE!
[2024-07-11 16:17:36.362] [main] [info] Pinging Non-Existing Test Server...
[2024-07-11 16:17:39.420] [main] [info] Pinging Non-Existing Test Server OK!
[2024-07-11 16:17:39.420] [main] [info] Pinging Non-Existing Test Server   ...DONE!
[2024-07-11 16:17:39.420] [main] [info] Creating Landscape...
[2024-07-11 16:17:39.420] [main] [info] Creating Landscape...
[2024-07-11 16:17:39.420] [main] [info] Creating Felix...
[2024-07-11 16:17:39.420] [main] [info] Creating James...
[2024-07-11 16:17:39.420] [main] [info] Creating Lucas...
[2024-07-11 16:17:39.420] [main] [info] Fetching timestamp...
std::chrono::system_clock::now().time_since_epoch()   :   1720707459420514714
get_seconds_since_epoch_now(bool verbose /* true */)   :   1720707459
minutes since epoch   :   28678457
minute of day   :   857
minute of hour   :   17
hour of day   :   14
[2024-07-11 16:17:39.420] [main] [info] Checking timestamp.txt...
[2024-07-11 16:17:39.420] [main] [debug] The timestamp.txt is always written when watering is triggered. It is read to check if I was already done with watering some minutes ago.
previous time_stamp:   28677840
[2024-07-11 16:17:39.420] [main] [info] Checking timestamp.txt   ...DONE!
[2024-07-11 16:17:39.420] [main] [info] It's not time for watering now!
[2024-07-11 16:17:39.420] [main] [info] Minute Intraday:   857
[2024-07-11 16:17:39.420] [main] [info] Days since Epoch:   19915
[2024-07-11 16:17:39.420] [main] [info] Accumulated watering times:

Felix   :          Eiben-Klee  :      0.00 min
Felix   :            Mara-alt  :      0.00 min
James   :              Erbsen  :      0.00 min
James   :          Kartoffeln  :      0.00 min
James   :              Gurken  :      0.00 min
James   :             Tomaten  :      0.00 min
Lucas   :            Karotten  :      0.00 min
Lucas   :        Heidelbeeren  :      0.00 min
Lucas   :      Bohnen-Flieder  :      0.00 min

%%%%%%%%%%     [4] Run the executable   ...DONE!
elapsed time:   24s
=====================================================================================================
