=====================================================================================================
%%%%%%%%%%     [6] Uploading logs and go sleeping...
> sudo -u mayadm git checkout artifacts
Bereits auf 'artifacts'
D	maya/artifacts/logs/13267--2024-07-11--20h20---7.log
D	maya/artifacts/logs/13268--2024-07-11--21h01---1.log
D	maya/artifacts/logs/13268--2024-07-11--21h01---2.log
D	maya/artifacts/logs/13268--2024-07-11--21h01---3.log
D	maya/artifacts/logs/13268--2024-07-11--21h01---4.log
D	maya/artifacts/logs/13268--2024-07-11--21h01---5.log
D	maya/artifacts/logs/13268--2024-07-11--21h01---6.log
Ihr Branch ist auf demselben Stand wie 'origin/artifacts'.
> sudo -u mayadm git pull
Bereits aktuell.
> sudo -u mayadm git merge maya-productive
Bereits aktuell.
> sudo -u mayadm git add "../artifacts/logs/*.log" -f
> sudo -u mayadm git add -u
> sudo -u mayadm git commit -m "logs at 2024-07-11--21h41"
[artifacts b142f7496] logs at 2024-07-11--21h41
 8 files changed, 90 insertions(+), 90 deletions(-)
 delete mode 100644 maya/artifacts/logs/13268--2024-07-11--21h01---4.log
 rename maya/artifacts/logs/{13267--2024-07-11--20h20---7.log => 13268--2024-07-11--21h01---7.log} (62%)
 rename maya/artifacts/logs/{13268--2024-07-11--21h01---1.log => 13269--2024-07-11--21h41---1.log} (90%)
 rename maya/artifacts/logs/{13268--2024-07-11--21h01---2.log => 13269--2024-07-11--21h41---2.log} (97%)
 rename maya/artifacts/logs/{13268--2024-07-11--21h01---3.log => 13269--2024-07-11--21h41---3.log} (94%)
 create mode 100644 maya/artifacts/logs/13269--2024-07-11--21h41---4.log
 rename maya/artifacts/logs/{13268--2024-07-11--21h01---5.log => 13269--2024-07-11--21h41---5.log} (78%)
 rename maya/artifacts/logs/{13268--2024-07-11--21h01---6.log => 13269--2024-07-11--21h41---6.log} (100%)
> sudo -u mayadm git push
To https://github.com/Necktschnagge/wired-watering
   ad891c3fe..b142f7496  artifacts -> artifacts
> sudo -u mayadm git checkout maya-productive
Zu Zweig »maya-productive« gewechselt
Ihr Branch ist auf demselben Stand wie 'origin/maya-productive'.
> sudo -u mayadm git push
Everything up-to-date
##############################################################
###################                        ###################
###################     GOING TO SLEEP     ###################
###################                        ###################
##############################################################
#######                                                #######
#######   Press CTRL + C NOW to abort script safely!   #######
#######                                                #######
##############################################################
##############################################################
#######                                                #######
#######               NOW GOING TO SLEEP               #######
#######                                                #######
##############################################################
> rtcwake -m mem -s 2400
rtcwake: RTC wird als UTC interpretiert …
rtcwake: aufwachen von „mem“ durch /dev/rtc0 bei Thu Jul 11 20:22:24 2024
##############################################################
#######                                                #######
#######            just waked up from sleep            #######
#######                                                #######
##############################################################
%%%%%%%%%%     [6] Uploading logs and go sleeping   ...DONE!
elapsed time:   2418s
=====================================================================================================
