=====================================================================================================
%%%%%%%%%%     [6] Uploading logs and go sleeping...
> sudo -u mayadm git checkout artifacts
Bereits auf 'artifacts'
D	maya/artifacts/logs/13261--2024-07-11--16h17---7.log
D	maya/artifacts/logs/13262--2024-07-11--16h58---1.log
D	maya/artifacts/logs/13262--2024-07-11--16h58---2.log
D	maya/artifacts/logs/13262--2024-07-11--16h58---3.log
D	maya/artifacts/logs/13262--2024-07-11--16h58---4.log
D	maya/artifacts/logs/13262--2024-07-11--16h58---5.log
D	maya/artifacts/logs/13262--2024-07-11--16h58---6.log
Ihr Branch ist auf demselben Stand wie 'origin/artifacts'.
> sudo -u mayadm git pull
Bereits aktuell.
> sudo -u mayadm git merge maya-productive
Bereits aktuell.
> sudo -u mayadm git add "../artifacts/logs/*.log" -f
> sudo -u mayadm git add -u
> sudo -u mayadm git commit -m "logs at 2024-07-11--17h38"
[artifacts b3a101fa7] logs at 2024-07-11--17h38
 8 files changed, 92 insertions(+), 92 deletions(-)
 delete mode 100644 maya/artifacts/logs/13262--2024-07-11--16h58---4.log
 rename maya/artifacts/logs/{13261--2024-07-11--16h17---7.log => 13262--2024-07-11--16h58---7.log} (61%)
 rename maya/artifacts/logs/{13262--2024-07-11--16h58---1.log => 13263--2024-07-11--17h38---1.log} (91%)
 rename maya/artifacts/logs/{13262--2024-07-11--16h58---2.log => 13263--2024-07-11--17h38---2.log} (97%)
 rename maya/artifacts/logs/{13262--2024-07-11--16h58---3.log => 13263--2024-07-11--17h38---3.log} (93%)
 create mode 100644 maya/artifacts/logs/13263--2024-07-11--17h38---4.log
 rename maya/artifacts/logs/{13262--2024-07-11--16h58---5.log => 13263--2024-07-11--17h38---5.log} (76%)
 rename maya/artifacts/logs/{13262--2024-07-11--16h58---6.log => 13263--2024-07-11--17h38---6.log} (100%)
> sudo -u mayadm git push
To https://github.com/Necktschnagge/wired-watering
   8732e90ba..b3a101fa7  artifacts -> artifacts
> sudo -u mayadm git checkout maya-productive
Zu Zweig »maya-productive« gewechselt
Ihr Branch ist auf demselben Stand wie 'origin/maya-productive'.
> sudo -u mayadm git push
Everything up-to-date
##############################################################
###################                        ###################
###################     GOING TO SLEEP     ###################
###################                        ###################
##############################################################
#######                                                #######
#######   Press CTRL + C NOW to abort script safely!   #######
#######                                                #######
##############################################################
##############################################################
#######                                                #######
#######               NOW GOING TO SLEEP               #######
#######                                                #######
##############################################################
> rtcwake -m mem -s 2400
rtcwake: RTC wird als UTC interpretiert …
rtcwake: aufwachen von „mem“ durch /dev/rtc0 bei Thu Jul 11 16:19:06 2024
##############################################################
#######                                                #######
#######            just waked up from sleep            #######
#######                                                #######
##############################################################
%%%%%%%%%%     [6] Uploading logs and go sleeping   ...DONE!
elapsed time:   2417s
=====================================================================================================
