=====================================================================================================
%%%%%%%%%%     [6] Uploading logs and go sleeping...
> sudo -u mayadm git checkout artifacts
Bereits auf 'artifacts'
D	maya/artifacts/logs/13258--2024-07-11--14h15---7.log
D	maya/artifacts/logs/13259--2024-07-11--14h55---1.log
D	maya/artifacts/logs/13259--2024-07-11--14h55---2.log
D	maya/artifacts/logs/13259--2024-07-11--14h55---3.log
D	maya/artifacts/logs/13259--2024-07-11--14h55---4.log
D	maya/artifacts/logs/13259--2024-07-11--14h55---5.log
D	maya/artifacts/logs/13259--2024-07-11--14h55---6.log
Ihr Branch ist auf demselben Stand wie 'origin/artifacts'.
> sudo -u mayadm git pull
Bereits aktuell.
> sudo -u mayadm git merge maya-productive
Bereits aktuell.
> sudo -u mayadm git add "../artifacts/logs/*.log" -f
> sudo -u mayadm git add -u
> sudo -u mayadm git commit -m "logs at 2024-07-11--15h36"
[artifacts e70ff2598] logs at 2024-07-11--15h36
 8 files changed, 91 insertions(+), 91 deletions(-)
 delete mode 100644 maya/artifacts/logs/13259--2024-07-11--14h55---4.log
 rename maya/artifacts/logs/{13258--2024-07-11--14h15---7.log => 13259--2024-07-11--14h55---7.log} (61%)
 rename maya/artifacts/logs/{13259--2024-07-11--14h55---1.log => 13260--2024-07-11--15h36---1.log} (90%)
 rename maya/artifacts/logs/{13259--2024-07-11--14h55---2.log => 13260--2024-07-11--15h36---2.log} (100%)
 rename maya/artifacts/logs/{13259--2024-07-11--14h55---3.log => 13260--2024-07-11--15h36---3.log} (93%)
 create mode 100644 maya/artifacts/logs/13260--2024-07-11--15h36---4.log
 rename maya/artifacts/logs/{13259--2024-07-11--14h55---5.log => 13260--2024-07-11--15h36---5.log} (78%)
 rename maya/artifacts/logs/{13259--2024-07-11--14h55---6.log => 13260--2024-07-11--15h36---6.log} (100%)
> sudo -u mayadm git push
To https://github.com/Necktschnagge/wired-watering
   f3009bf0d..e70ff2598  artifacts -> artifacts
> sudo -u mayadm git checkout maya-productive
Zu Zweig »maya-productive« gewechselt
Ihr Branch ist auf demselben Stand wie 'origin/maya-productive'.
> sudo -u mayadm git push
Everything up-to-date
##############################################################
###################                        ###################
###################     GOING TO SLEEP     ###################
###################                        ###################
##############################################################
#######                                                #######
#######   Press CTRL + C NOW to abort script safely!   #######
#######                                                #######
##############################################################
##############################################################
#######                                                #######
#######               NOW GOING TO SLEEP               #######
#######                                                #######
##############################################################
> rtcwake -m mem -s 2400
rtcwake: RTC wird als UTC interpretiert …
rtcwake: aufwachen von „mem“ durch /dev/rtc0 bei Thu Jul 11 14:17:03 2024
##############################################################
#######                                                #######
#######            just waked up from sleep            #######
#######                                                #######
##############################################################
%%%%%%%%%%     [6] Uploading logs and go sleeping   ...DONE!
elapsed time:   2416s
=====================================================================================================
