=====================================================================================================
%%%%%%%%%%     [4] Run the executable...
>Please note:  Even if all builds failed, the last built executable is still there and will be started!
> sudo -u mayadm ./ur-unix-run.sh
[2024-07-12 03:47:18.740] [main] [info] Pinging Pump Server Mayson...
[2024-07-12 03:47:18.849] [main] [info] Pump Server ping OK!
[2024-07-12 03:47:18.849] [main] [info] Pinging Pump Server Mayson   ...DONE!
[2024-07-12 03:47:18.849] [main] [info] Pinging all valve stations...
[2024-07-12 03:47:22.120] [main] [info] James ping OK!
[2024-07-12 03:47:22.120] [main] [info] Lucas ping OK!
[2024-07-12 03:47:22.120] [main] [error] Fatal: Felix not available!
[2024-07-12 03:47:22.120] [main] [info] Pinging all valve stations   ...DONE!
[2024-07-12 03:47:22.120] [main] [info] Pinging Non-Existing Test Server...
[2024-07-12 03:47:25.192] [main] [info] Pinging Non-Existing Test Server OK!
[2024-07-12 03:47:25.192] [main] [info] Pinging Non-Existing Test Server   ...DONE!
[2024-07-12 03:47:25.192] [main] [info] Pinging Pump Server Mayson...
[2024-07-12 03:47:25.276] [main] [info] Pump Server ping OK!
[2024-07-12 03:47:25.276] [main] [info] Pinging Pump Server Mayson   ...DONE!
[2024-07-12 03:47:25.276] [main] [info] Pinging all valve stations...
[2024-07-12 03:47:28.552] [main] [info] James ping OK!
[2024-07-12 03:47:28.552] [main] [info] Lucas ping OK!
[2024-07-12 03:47:28.552] [main] [error] Fatal: Felix not available!
[2024-07-12 03:47:28.552] [main] [info] Pinging all valve stations   ...DONE!
[2024-07-12 03:47:28.552] [main] [info] Pinging Non-Existing Test Server...
[2024-07-12 03:47:31.624] [main] [info] Pinging Non-Existing Test Server OK!
[2024-07-12 03:47:31.624] [main] [info] Pinging Non-Existing Test Server   ...DONE!
[2024-07-12 03:47:31.624] [main] [info] Pinging Pump Server Mayson...
[2024-07-12 03:47:31.727] [main] [info] Pump Server ping OK!
[2024-07-12 03:47:31.727] [main] [info] Pinging Pump Server Mayson   ...DONE!
[2024-07-12 03:47:31.727] [main] [info] Pinging all valve stations...
[2024-07-12 03:47:35.112] [main] [info] James ping OK!
[2024-07-12 03:47:35.112] [main] [info] Lucas ping OK!
[2024-07-12 03:47:35.112] [main] [error] Fatal: Felix not available!
[2024-07-12 03:47:35.112] [main] [info] Pinging all valve stations   ...DONE!
[2024-07-12 03:47:35.112] [main] [info] Pinging Non-Existing Test Server...
[2024-07-12 03:47:38.184] [main] [info] Pinging Non-Existing Test Server OK!
[2024-07-12 03:47:38.184] [main] [info] Pinging Non-Existing Test Server   ...DONE!
[2024-07-12 03:47:38.184] [main] [info] Pinging Pump Server Mayson...
[2024-07-12 03:47:38.287] [main] [info] Pump Server ping OK!
[2024-07-12 03:47:38.287] [main] [info] Pinging Pump Server Mayson   ...DONE!
[2024-07-12 03:47:38.287] [main] [info] Pinging all valve stations...
[2024-07-12 03:47:41.768] [main] [info] James ping OK!
[2024-07-12 03:47:41.768] [main] [info] Lucas ping OK!
[2024-07-12 03:47:41.768] [main] [error] Fatal: Felix not available!
[2024-07-12 03:47:41.768] [main] [info] Pinging all valve stations   ...DONE!
[2024-07-12 03:47:41.768] [main] [info] Pinging Non-Existing Test Server...
[2024-07-12 03:47:44.840] [main] [info] Pinging Non-Existing Test Server OK!
[2024-07-12 03:47:44.840] [main] [info] Pinging Non-Existing Test Server   ...DONE!
[2024-07-12 03:47:44.840] [main] [info] Pinging Pump Server Mayson...
[2024-07-12 03:47:44.939] [main] [info] Pump Server ping OK!
[2024-07-12 03:47:44.939] [main] [info] Pinging Pump Server Mayson   ...DONE!
[2024-07-12 03:47:44.939] [main] [info] Pinging all valve stations...
[2024-07-12 03:47:48.045] [main] [info] James ping OK!
[2024-07-12 03:47:48.045] [main] [info] Lucas ping OK!
[2024-07-12 03:47:48.045] [main] [info] Felix ping OK!
[2024-07-12 03:47:48.045] [main] [info] Pinging all valve stations   ...DONE!
[2024-07-12 03:47:48.045] [main] [info] Pinging Non-Existing Test Server...
[2024-07-12 03:47:51.112] [main] [info] Pinging Non-Existing Test Server OK!
[2024-07-12 03:47:51.112] [main] [info] Pinging Non-Existing Test Server   ...DONE!
[2024-07-12 03:47:51.112] [main] [info] Creating Landscape...
[2024-07-12 03:47:51.112] [main] [info] Creating Landscape...
[2024-07-12 03:47:51.112] [main] [info] Creating Felix...
[2024-07-12 03:47:51.112] [main] [info] Creating James...
[2024-07-12 03:47:51.112] [main] [info] Creating Lucas...
[2024-07-12 03:47:51.112] [main] [info] Fetching timestamp...
std::chrono::system_clock::now().time_since_epoch()   :   1720748871112747564
get_seconds_since_epoch_now(bool verbose /* true */)   :   1720748871
minutes since epoch   :   28679147
minute of day   :   107
minute of hour   :   47
hour of day   :   1
[2024-07-12 03:47:51.112] [main] [info] Checking timestamp.txt...
[2024-07-12 03:47:51.112] [main] [debug] The timestamp.txt is always written when watering is triggered. It is read to check if I was already done with watering some minutes ago.
previous time_stamp:   28677840
[2024-07-12 03:47:51.112] [main] [info] Checking timestamp.txt   ...DONE!
[2024-07-12 03:47:51.112] [main] [info] It's not time for watering now!
[2024-07-12 03:47:51.112] [main] [info] Minute Intraday:   107
[2024-07-12 03:47:51.112] [main] [info] Days since Epoch:   19916
[2024-07-12 03:47:51.112] [main] [info] Accumulated watering times:

Felix   :          Eiben-Klee  :      0.00 min
Felix   :            Mara-alt  :      0.00 min
James   :              Erbsen  :      0.00 min
James   :          Kartoffeln  :      0.00 min
James   :              Gurken  :      0.00 min
James   :             Tomaten  :      0.00 min
Lucas   :            Karotten  :      0.00 min
Lucas   :        Heidelbeeren  :      0.00 min
Lucas   :      Bohnen-Flieder  :      0.00 min

%%%%%%%%%%     [4] Run the executable   ...DONE!
elapsed time:   33s
=====================================================================================================
