=====================================================================================================
%%%%%%%%%%     [6] Uploading logs and go sleeping...
> sudo -u mayadm git checkout artifacts
Bereits auf 'artifacts'
D	maya/artifacts/logs/13290--2024-07-12--12h43---7.log
D	maya/artifacts/logs/13291--2024-07-12--13h24---1.log
D	maya/artifacts/logs/13291--2024-07-12--13h24---2.log
D	maya/artifacts/logs/13291--2024-07-12--13h24---3.log
D	maya/artifacts/logs/13291--2024-07-12--13h24---4.log
D	maya/artifacts/logs/13291--2024-07-12--13h24---5.log
D	maya/artifacts/logs/13291--2024-07-12--13h24---6.log
Ihr Branch ist auf demselben Stand wie 'origin/artifacts'.
> sudo -u mayadm git pull
Bereits aktuell.
> sudo -u mayadm git merge maya-productive
Bereits aktuell.
> sudo -u mayadm git add "../artifacts/logs/*.log" -f
> sudo -u mayadm git add -u
> sudo -u mayadm git commit -m "logs at 2024-07-12--14h04"
[artifacts c3ac9f693] logs at 2024-07-12--14h04
 8 files changed, 100 insertions(+), 89 deletions(-)
 delete mode 100644 maya/artifacts/logs/13291--2024-07-12--13h24---4.log
 rename maya/artifacts/logs/{13290--2024-07-12--12h43---7.log => 13291--2024-07-12--13h24---7.log} (62%)
 rename maya/artifacts/logs/{13291--2024-07-12--13h24---1.log => 13292--2024-07-12--14h04---1.log} (91%)
 rename maya/artifacts/logs/{13291--2024-07-12--13h24---2.log => 13292--2024-07-12--14h04---2.log} (97%)
 rename maya/artifacts/logs/{13291--2024-07-12--13h24---3.log => 13292--2024-07-12--14h04---3.log} (94%)
 create mode 100644 maya/artifacts/logs/13292--2024-07-12--14h04---4.log
 rename maya/artifacts/logs/{13291--2024-07-12--13h24---5.log => 13292--2024-07-12--14h04---5.log} (78%)
 rename maya/artifacts/logs/{13291--2024-07-12--13h24---6.log => 13292--2024-07-12--14h04---6.log} (100%)
> sudo -u mayadm git push
To https://github.com/Necktschnagge/wired-watering
   0c566ac99..c3ac9f693  artifacts -> artifacts
> sudo -u mayadm git checkout maya-productive
Zu Zweig »maya-productive« gewechselt
Ihr Branch ist auf demselben Stand wie 'origin/maya-productive'.
> sudo -u mayadm git push
Everything up-to-date
##############################################################
###################                        ###################
###################     GOING TO SLEEP     ###################
###################                        ###################
##############################################################
#######                                                #######
#######   Press CTRL + C NOW to abort script safely!   #######
#######                                                #######
##############################################################
##############################################################
#######                                                #######
#######               NOW GOING TO SLEEP               #######
#######                                                #######
##############################################################
> rtcwake -m mem -s 2400
rtcwake: RTC wird als UTC interpretiert …
rtcwake: aufwachen von „mem“ durch /dev/rtc0 bei Fri Jul 12 12:45:11 2024
##############################################################
#######                                                #######
#######            just waked up from sleep            #######
#######                                                #######
##############################################################
%%%%%%%%%%     [6] Uploading logs and go sleeping   ...DONE!
elapsed time:   2418s
=====================================================================================================
