=====================================================================================================
%%%%%%%%%%     [6] Uploading logs and go sleeping...
> sudo -u mayadm git checkout artifacts
Bereits auf 'artifacts'
D	maya/artifacts/logs/13292--2024-07-12--14h04---7.log
D	maya/artifacts/logs/13293--2024-07-12--14h45---1.log
D	maya/artifacts/logs/13293--2024-07-12--14h45---2.log
D	maya/artifacts/logs/13293--2024-07-12--14h45---3.log
D	maya/artifacts/logs/13293--2024-07-12--14h45---4.log
D	maya/artifacts/logs/13293--2024-07-12--14h45---5.log
D	maya/artifacts/logs/13293--2024-07-12--14h45---6.log
Ihr Branch ist auf demselben Stand wie 'origin/artifacts'.
> sudo -u mayadm git pull
Bereits aktuell.
> sudo -u mayadm git merge maya-productive
Bereits aktuell.
> sudo -u mayadm git add "../artifacts/logs/*.log" -f
> sudo -u mayadm git add -u
> sudo -u mayadm git commit -m "logs at 2024-07-12--15h25"
[artifacts bb6336c71] logs at 2024-07-12--15h25
 8 files changed, 87 insertions(+), 87 deletions(-)
 delete mode 100644 maya/artifacts/logs/13293--2024-07-12--14h45---4.log
 rename maya/artifacts/logs/{13292--2024-07-12--14h04---7.log => 13293--2024-07-12--14h45---7.log} (62%)
 rename maya/artifacts/logs/{13293--2024-07-12--14h45---1.log => 13294--2024-07-12--15h25---1.log} (90%)
 rename maya/artifacts/logs/{13293--2024-07-12--14h45---2.log => 13294--2024-07-12--15h25---2.log} (97%)
 rename maya/artifacts/logs/{13293--2024-07-12--14h45---3.log => 13294--2024-07-12--15h25---3.log} (96%)
 create mode 100644 maya/artifacts/logs/13294--2024-07-12--15h25---4.log
 rename maya/artifacts/logs/{13293--2024-07-12--14h45---5.log => 13294--2024-07-12--15h25---5.log} (76%)
 rename maya/artifacts/logs/{13293--2024-07-12--14h45---6.log => 13294--2024-07-12--15h25---6.log} (100%)
> sudo -u mayadm git push
To https://github.com/Necktschnagge/wired-watering
   ab8c1634e..bb6336c71  artifacts -> artifacts
> sudo -u mayadm git checkout maya-productive
Zu Zweig »maya-productive« gewechselt
Ihr Branch ist auf demselben Stand wie 'origin/maya-productive'.
> sudo -u mayadm git push
Everything up-to-date
##############################################################
###################                        ###################
###################     GOING TO SLEEP     ###################
###################                        ###################
##############################################################
#######                                                #######
#######   Press CTRL + C NOW to abort script safely!   #######
#######                                                #######
##############################################################
##############################################################
#######                                                #######
#######               NOW GOING TO SLEEP               #######
#######                                                #######
##############################################################
> rtcwake -m mem -s 2400
rtcwake: RTC wird als UTC interpretiert …
rtcwake: aufwachen von „mem“ durch /dev/rtc0 bei Fri Jul 12 14:06:14 2024
##############################################################
#######                                                #######
#######            just waked up from sleep            #######
#######                                                #######
##############################################################
%%%%%%%%%%     [6] Uploading logs and go sleeping   ...DONE!
elapsed time:   2418s
=====================================================================================================
