=====================================================================================================
%%%%%%%%%%     [4] Run the executable...
>Please note:  Even if all builds failed, the last built executable is still there and will be started!
> sudo -u mayadm ./ur-unix-run.sh
[2024-07-13 07:07:59.853] [main] [info] Pinging Pump Server Mayson...
[2024-07-13 07:08:00.997] [main] [info] Pump Server ping OK!
[2024-07-13 07:08:00.997] [main] [info] Pinging Pump Server Mayson   ...DONE!
[2024-07-13 07:08:00.997] [main] [info] Pinging all valve stations...
[2024-07-13 07:08:02.239] [main] [info] James ping OK!
[2024-07-13 07:08:02.239] [main] [info] Lucas ping OK!
[2024-07-13 07:08:02.239] [main] [info] Felix ping OK!
[2024-07-13 07:08:02.239] [main] [info] Pinging all valve stations   ...DONE!
[2024-07-13 07:08:02.239] [main] [info] Pinging Non-Existing Test Server...
[2024-07-13 07:08:05.294] [main] [info] Pinging Non-Existing Test Server OK!
[2024-07-13 07:08:05.294] [main] [info] Pinging Non-Existing Test Server   ...DONE!
[2024-07-13 07:08:05.294] [main] [info] Creating Landscape...
[2024-07-13 07:08:05.294] [main] [info] Creating Landscape...
[2024-07-13 07:08:05.294] [main] [info] Creating Felix...
[2024-07-13 07:08:05.294] [main] [info] Creating James...
[2024-07-13 07:08:05.294] [main] [info] Creating Lucas...
[2024-07-13 07:08:05.294] [main] [info] Fetching timestamp...
std::chrono::system_clock::now().time_since_epoch()   :   1720847285294665082
get_seconds_since_epoch_now(bool verbose /* true */)   :   1720847285
minutes since epoch   :   28680788
minute of day   :   308
minute of hour   :   8
hour of day   :   5
[2024-07-13 07:08:05.294] [main] [info] Checking timestamp.txt...
[2024-07-13 07:08:05.294] [main] [debug] The timestamp.txt is always written when watering is triggered. It is read to check if I was already done with watering some minutes ago.
previous time_stamp:   28680698
[2024-07-13 07:08:05.294] [main] [info] Checking timestamp.txt   ...DONE!
[2024-07-13 07:08:05.294] [main] [info] It's not time for watering now!
[2024-07-13 07:08:05.294] [main] [info] Minute Intraday:   308
[2024-07-13 07:08:05.294] [main] [info] Days since Epoch:   19917
[2024-07-13 07:08:05.295] [main] [info] Accumulated watering times:

Felix   :          Eiben-Klee  :      0.00 min
Felix   :            Mara-alt  :      0.00 min
James   :              Erbsen  :      0.00 min
James   :          Kartoffeln  :      0.00 min
James   :              Gurken  :      0.00 min
James   :             Tomaten  :      0.00 min
Lucas   :            Karotten  :      0.00 min
Lucas   :        Heidelbeeren  :      0.00 min
Lucas   :      Bohnen-Flieder  :      0.00 min

%%%%%%%%%%     [4] Run the executable   ...DONE!
elapsed time:   6s
=====================================================================================================
