=====================================================================================================
%%%%%%%%%%     [4] Run the executable...
>Please note:  Even if all builds failed, the last built executable is still there and will be started!
> sudo -u mayadm ./ur-unix-run.sh
[2024-07-13 04:16:07.259] [main] [info] Pinging Pump Server Mayson...
[2024-07-13 04:16:07.308] [main] [info] Pump Server ping OK!
[2024-07-13 04:16:07.308] [main] [info] Pinging Pump Server Mayson   ...DONE!
[2024-07-13 04:16:07.308] [main] [info] Pinging all valve stations...
[2024-07-13 04:16:10.608] [main] [info] James ping OK!
[2024-07-13 04:16:10.608] [main] [info] Lucas ping OK!
[2024-07-13 04:16:10.608] [main] [error] Fatal: Felix not available!
[2024-07-13 04:16:10.608] [main] [info] Pinging all valve stations   ...DONE!
[2024-07-13 04:16:10.608] [main] [info] Pinging Non-Existing Test Server...
[2024-07-13 04:16:13.680] [main] [info] Pinging Non-Existing Test Server OK!
[2024-07-13 04:16:13.680] [main] [info] Pinging Non-Existing Test Server   ...DONE!
[2024-07-13 04:16:13.680] [main] [info] Pinging Pump Server Mayson...
[2024-07-13 04:16:13.752] [main] [info] Pump Server ping OK!
[2024-07-13 04:16:13.752] [main] [info] Pinging Pump Server Mayson   ...DONE!
[2024-07-13 04:16:13.752] [main] [info] Pinging all valve stations...
[2024-07-13 04:16:14.551] [main] [info] James ping OK!
[2024-07-13 04:16:14.551] [main] [info] Lucas ping OK!
[2024-07-13 04:16:14.551] [main] [info] Felix ping OK!
[2024-07-13 04:16:14.551] [main] [info] Pinging all valve stations   ...DONE!
[2024-07-13 04:16:14.551] [main] [info] Pinging Non-Existing Test Server...
[2024-07-13 04:16:17.615] [main] [info] Pinging Non-Existing Test Server OK!
[2024-07-13 04:16:17.615] [main] [info] Pinging Non-Existing Test Server   ...DONE!
[2024-07-13 04:16:17.615] [main] [info] Creating Landscape...
[2024-07-13 04:16:17.615] [main] [info] Creating Landscape...
[2024-07-13 04:16:17.615] [main] [info] Creating Felix...
[2024-07-13 04:16:17.615] [main] [info] Creating James...
[2024-07-13 04:16:17.615] [main] [info] Creating Lucas...
[2024-07-13 04:16:17.615] [main] [info] Fetching timestamp...
std::chrono::system_clock::now().time_since_epoch()   :   1720836977615491045
get_seconds_since_epoch_now(bool verbose /* true */)   :   1720836977
minutes since epoch   :   28680616
minute of day   :   136
minute of hour   :   16
hour of day   :   2
[2024-07-13 04:16:17.615] [main] [info] Checking timestamp.txt...
[2024-07-13 04:16:17.615] [main] [debug] The timestamp.txt is always written when watering is triggered. It is read to check if I was already done with watering some minutes ago.
previous time_stamp:   28679269
[2024-07-13 04:16:17.615] [main] [info] Checking timestamp.txt   ...DONE!
[2024-07-13 04:16:17.615] [main] [info] It's not time for watering now!
[2024-07-13 04:16:17.615] [main] [info] Minute Intraday:   136
[2024-07-13 04:16:17.615] [main] [info] Days since Epoch:   19917
[2024-07-13 04:16:17.615] [main] [info] Accumulated watering times:

Felix   :          Eiben-Klee  :      0.00 min
Felix   :            Mara-alt  :      0.00 min
James   :              Erbsen  :      0.00 min
James   :          Kartoffeln  :      0.00 min
James   :              Gurken  :      0.00 min
James   :             Tomaten  :      0.00 min
Lucas   :            Karotten  :      0.00 min
Lucas   :        Heidelbeeren  :      0.00 min
Lucas   :      Bohnen-Flieder  :      0.00 min

%%%%%%%%%%     [4] Run the executable   ...DONE!
elapsed time:   10s
=====================================================================================================
