=====================================================================================================
%%%%%%%%%%     [6] Uploading logs and go sleeping...
> sudo -u mayadm git checkout artifacts
Bereits auf 'artifacts'
D	maya/artifacts/logs/13316--2024-07-13--07h07---7.log
D	maya/artifacts/logs/13317--2024-07-13--07h48---1.log
D	maya/artifacts/logs/13317--2024-07-13--07h48---2.log
D	maya/artifacts/logs/13317--2024-07-13--07h48---3.log
D	maya/artifacts/logs/13317--2024-07-13--07h48---4.log
D	maya/artifacts/logs/13317--2024-07-13--07h48---5.log
D	maya/artifacts/logs/13317--2024-07-13--07h48---6.log
Ihr Branch ist auf demselben Stand wie 'origin/artifacts'.
> sudo -u mayadm git pull
Bereits aktuell.
> sudo -u mayadm git merge maya-productive
Bereits aktuell.
> sudo -u mayadm git add "../artifacts/logs/*.log" -f
> sudo -u mayadm git add -u
> sudo -u mayadm git commit -m "logs at 2024-07-13--08h28"
[artifacts 9614bbc94] logs at 2024-07-13--08h28
 8 files changed, 109 insertions(+), 87 deletions(-)
 delete mode 100644 maya/artifacts/logs/13317--2024-07-13--07h48---4.log
 rename maya/artifacts/logs/{13316--2024-07-13--07h07---7.log => 13317--2024-07-13--07h48---7.log} (62%)
 rename maya/artifacts/logs/{13317--2024-07-13--07h48---1.log => 13318--2024-07-13--08h28---1.log} (91%)
 rename maya/artifacts/logs/{13317--2024-07-13--07h48---2.log => 13318--2024-07-13--08h28---2.log} (100%)
 rename maya/artifacts/logs/{13317--2024-07-13--07h48---3.log => 13318--2024-07-13--08h28---3.log} (95%)
 create mode 100644 maya/artifacts/logs/13318--2024-07-13--08h28---4.log
 rename maya/artifacts/logs/{13317--2024-07-13--07h48---5.log => 13318--2024-07-13--08h28---5.log} (76%)
 rename maya/artifacts/logs/{13317--2024-07-13--07h48---6.log => 13318--2024-07-13--08h28---6.log} (100%)
> sudo -u mayadm git push
To https://github.com/Necktschnagge/wired-watering
   28def44a6..9614bbc94  artifacts -> artifacts
> sudo -u mayadm git checkout maya-productive
Zu Zweig »maya-productive« gewechselt
Ihr Branch ist auf demselben Stand wie 'origin/maya-productive'.
> sudo -u mayadm git push
Everything up-to-date
##############################################################
###################                        ###################
###################     GOING TO SLEEP     ###################
###################                        ###################
##############################################################
#######                                                #######
#######   Press CTRL + C NOW to abort script safely!   #######
#######                                                #######
##############################################################
##############################################################
#######                                                #######
#######               NOW GOING TO SLEEP               #######
#######                                                #######
##############################################################
> rtcwake -m mem -s 2400
rtcwake: RTC wird als UTC interpretiert …
rtcwake: aufwachen von „mem“ durch /dev/rtc0 bei Sat Jul 13 07:09:38 2024
##############################################################
#######                                                #######
#######            just waked up from sleep            #######
#######                                                #######
##############################################################
%%%%%%%%%%     [6] Uploading logs and go sleeping   ...DONE!
elapsed time:   2418s
=====================================================================================================
