=====================================================================================================
%%%%%%%%%%     [6] Uploading logs and go sleeping...
> sudo -u mayadm git checkout artifacts
Bereits auf 'artifacts'
D	maya/artifacts/logs/13308--2024-07-13--00h53---7.log
D	maya/artifacts/logs/13309--2024-07-13--01h33---1.log
D	maya/artifacts/logs/13309--2024-07-13--01h33---2.log
D	maya/artifacts/logs/13309--2024-07-13--01h33---3.log
D	maya/artifacts/logs/13309--2024-07-13--01h33---4.log
D	maya/artifacts/logs/13309--2024-07-13--01h33---5.log
D	maya/artifacts/logs/13309--2024-07-13--01h33---6.log
Ihr Branch ist auf demselben Stand wie 'origin/artifacts'.
> sudo -u mayadm git pull
Bereits aktuell.
> sudo -u mayadm git merge maya-productive
Bereits aktuell.
> sudo -u mayadm git add "../artifacts/logs/*.log" -f
> sudo -u mayadm git add -u
> sudo -u mayadm git commit -m "logs at 2024-07-13--02h14"
[artifacts ef2b7a660] logs at 2024-07-13--02h14
 8 files changed, 88 insertions(+), 88 deletions(-)
 delete mode 100644 maya/artifacts/logs/13309--2024-07-13--01h33---4.log
 rename maya/artifacts/logs/{13308--2024-07-13--00h53---7.log => 13309--2024-07-13--01h33---7.log} (60%)
 rename maya/artifacts/logs/{13309--2024-07-13--01h33---1.log => 13310--2024-07-13--02h14---1.log} (91%)
 rename maya/artifacts/logs/{13309--2024-07-13--01h33---2.log => 13310--2024-07-13--02h14---2.log} (100%)
 rename maya/artifacts/logs/{13309--2024-07-13--01h33---3.log => 13310--2024-07-13--02h14---3.log} (94%)
 create mode 100644 maya/artifacts/logs/13310--2024-07-13--02h14---4.log
 rename maya/artifacts/logs/{13309--2024-07-13--01h33---5.log => 13310--2024-07-13--02h14---5.log} (78%)
 rename maya/artifacts/logs/{13309--2024-07-13--01h33---6.log => 13310--2024-07-13--02h14---6.log} (100%)
> sudo -u mayadm git push
To https://github.com/Necktschnagge/wired-watering
   9b72ec7ff..ef2b7a660  artifacts -> artifacts
> sudo -u mayadm git checkout maya-productive
Zu Zweig »maya-productive« gewechselt
Ihr Branch ist auf demselben Stand wie 'origin/maya-productive'.
> sudo -u mayadm git push
Everything up-to-date
##############################################################
###################                        ###################
###################     GOING TO SLEEP     ###################
###################                        ###################
##############################################################
#######                                                #######
#######   Press CTRL + C NOW to abort script safely!   #######
#######                                                #######
##############################################################
##############################################################
#######                                                #######
#######               NOW GOING TO SLEEP               #######
#######                                                #######
##############################################################
> rtcwake -m mem -s 2400
rtcwake: RTC wird als UTC interpretiert …
rtcwake: aufwachen von „mem“ durch /dev/rtc0 bei Sat Jul 13 00:54:44 2024
##############################################################
#######                                                #######
#######            just waked up from sleep            #######
#######                                                #######
##############################################################
%%%%%%%%%%     [6] Uploading logs and go sleeping   ...DONE!
elapsed time:   2417s
=====================================================================================================
