=====================================================================================================
%%%%%%%%%%     [6] Uploading logs and go sleeping...
> sudo -u mayadm git checkout artifacts
Bereits auf 'artifacts'
D	maya/artifacts/logs/13321--2024-07-13--10h31---7.log
D	maya/artifacts/logs/13322--2024-07-13--11h11---1.log
D	maya/artifacts/logs/13322--2024-07-13--11h11---2.log
D	maya/artifacts/logs/13322--2024-07-13--11h11---3.log
D	maya/artifacts/logs/13322--2024-07-13--11h11---4.log
D	maya/artifacts/logs/13322--2024-07-13--11h11---5.log
D	maya/artifacts/logs/13322--2024-07-13--11h11---6.log
Ihr Branch ist auf demselben Stand wie 'origin/artifacts'.
> sudo -u mayadm git pull
Bereits aktuell.
> sudo -u mayadm git merge maya-productive
Bereits aktuell.
> sudo -u mayadm git add "../artifacts/logs/*.log" -f
> sudo -u mayadm git add -u
> sudo -u mayadm git commit -m "logs at 2024-07-13--11h52"
[artifacts 86d7a6531] logs at 2024-07-13--11h52
 8 files changed, 99 insertions(+), 110 deletions(-)
 delete mode 100644 maya/artifacts/logs/13322--2024-07-13--11h11---4.log
 rename maya/artifacts/logs/{13321--2024-07-13--10h31---7.log => 13322--2024-07-13--11h11---7.log} (62%)
 rename maya/artifacts/logs/{13322--2024-07-13--11h11---1.log => 13323--2024-07-13--11h52---1.log} (90%)
 rename maya/artifacts/logs/{13322--2024-07-13--11h11---2.log => 13323--2024-07-13--11h52---2.log} (100%)
 rename maya/artifacts/logs/{13322--2024-07-13--11h11---3.log => 13323--2024-07-13--11h52---3.log} (94%)
 create mode 100644 maya/artifacts/logs/13323--2024-07-13--11h52---4.log
 rename maya/artifacts/logs/{13322--2024-07-13--11h11---5.log => 13323--2024-07-13--11h52---5.log} (78%)
 rename maya/artifacts/logs/{13322--2024-07-13--11h11---6.log => 13323--2024-07-13--11h52---6.log} (100%)
> sudo -u mayadm git push
To https://github.com/Necktschnagge/wired-watering
   ea647ef38..86d7a6531  artifacts -> artifacts
> sudo -u mayadm git checkout maya-productive
Zu Zweig »maya-productive« gewechselt
Ihr Branch ist auf demselben Stand wie 'origin/maya-productive'.
> sudo -u mayadm git push
Everything up-to-date
##############################################################
###################                        ###################
###################     GOING TO SLEEP     ###################
###################                        ###################
##############################################################
#######                                                #######
#######   Press CTRL + C NOW to abort script safely!   #######
#######                                                #######
##############################################################
##############################################################
#######                                                #######
#######               NOW GOING TO SLEEP               #######
#######                                                #######
##############################################################
> rtcwake -m mem -s 2400
rtcwake: RTC wird als UTC interpretiert …
rtcwake: aufwachen von „mem“ durch /dev/rtc0 bei Sat Jul 13 10:32:58 2024
##############################################################
#######                                                #######
#######            just waked up from sleep            #######
#######                                                #######
##############################################################
%%%%%%%%%%     [6] Uploading logs and go sleeping   ...DONE!
elapsed time:   2418s
=====================================================================================================
