=====================================================================================================
%%%%%%%%%%     [6] Uploading logs and go sleeping...
> sudo -u mayadm git checkout artifacts
Bereits auf 'artifacts'
D	maya/artifacts/logs/13336--2024-07-13--20h41---7.log
D	maya/artifacts/logs/13337--2024-07-13--21h22---1.log
D	maya/artifacts/logs/13337--2024-07-13--21h22---2.log
D	maya/artifacts/logs/13337--2024-07-13--21h22---3.log
D	maya/artifacts/logs/13337--2024-07-13--21h22---4.log
D	maya/artifacts/logs/13337--2024-07-13--21h22---5.log
D	maya/artifacts/logs/13337--2024-07-13--21h22---6.log
Ihr Branch ist auf demselben Stand wie 'origin/artifacts'.
> sudo -u mayadm git pull
Bereits aktuell.
> sudo -u mayadm git merge maya-productive
Bereits aktuell.
> sudo -u mayadm git add "../artifacts/logs/*.log" -f
> sudo -u mayadm git add -u
> sudo -u mayadm git commit -m "logs at 2024-07-13--22h02"
[artifacts 6f48e0947] logs at 2024-07-13--22h02
 8 files changed, 88 insertions(+), 88 deletions(-)
 delete mode 100644 maya/artifacts/logs/13337--2024-07-13--21h22---4.log
 rename maya/artifacts/logs/{13336--2024-07-13--20h41---7.log => 13337--2024-07-13--21h22---7.log} (62%)
 rename maya/artifacts/logs/{13337--2024-07-13--21h22---1.log => 13338--2024-07-13--22h02---1.log} (91%)
 rename maya/artifacts/logs/{13337--2024-07-13--21h22---2.log => 13338--2024-07-13--22h02---2.log} (97%)
 rename maya/artifacts/logs/{13337--2024-07-13--21h22---3.log => 13338--2024-07-13--22h02---3.log} (96%)
 create mode 100644 maya/artifacts/logs/13338--2024-07-13--22h02---4.log
 rename maya/artifacts/logs/{13337--2024-07-13--21h22---5.log => 13338--2024-07-13--22h02---5.log} (76%)
 rename maya/artifacts/logs/{13337--2024-07-13--21h22---6.log => 13338--2024-07-13--22h02---6.log} (100%)
> sudo -u mayadm git push
To https://github.com/Necktschnagge/wired-watering
   8be55e469..6f48e0947  artifacts -> artifacts
> sudo -u mayadm git checkout maya-productive
Zu Zweig »maya-productive« gewechselt
Ihr Branch ist auf demselben Stand wie 'origin/maya-productive'.
> sudo -u mayadm git push
Everything up-to-date
##############################################################
###################                        ###################
###################     GOING TO SLEEP     ###################
###################                        ###################
##############################################################
#######                                                #######
#######   Press CTRL + C NOW to abort script safely!   #######
#######                                                #######
##############################################################
##############################################################
#######                                                #######
#######               NOW GOING TO SLEEP               #######
#######                                                #######
##############################################################
> rtcwake -m mem -s 2400
rtcwake: RTC wird als UTC interpretiert …
rtcwake: aufwachen von „mem“ durch /dev/rtc0 bei Sat Jul 13 20:43:09 2024
##############################################################
#######                                                #######
#######            just waked up from sleep            #######
#######                                                #######
##############################################################
%%%%%%%%%%     [6] Uploading logs and go sleeping   ...DONE!
elapsed time:   2418s
=====================================================================================================
