=====================================================================================================
%%%%%%%%%%     [4] Run the executable...
>Please note:  Even if all builds failed, the last built executable is still there and will be started!
> sudo -u mayadm ./ur-unix-run.sh
[2024-07-14 00:45:07.259] [main] [info] Pinging Pump Server Mayson...
[2024-07-14 00:45:08.364] [main] [info] Pump Server ping OK!
[2024-07-14 00:45:08.364] [main] [info] Pinging Pump Server Mayson   ...DONE!
[2024-07-14 00:45:08.364] [main] [info] Pinging all valve stations...
[2024-07-14 00:45:12.658] [main] [info] James ping OK!
[2024-07-14 00:45:12.658] [main] [info] Lucas ping OK!
[2024-07-14 00:45:12.658] [main] [error] Fatal: Felix not available!
[2024-07-14 00:45:12.658] [main] [info] Pinging all valve stations   ...DONE!
[2024-07-14 00:45:12.658] [main] [info] Pinging Non-Existing Test Server...
[2024-07-14 00:45:15.730] [main] [info] Pinging Non-Existing Test Server OK!
[2024-07-14 00:45:15.730] [main] [info] Pinging Non-Existing Test Server   ...DONE!
[2024-07-14 00:45:15.730] [main] [info] Pinging Pump Server Mayson...
[2024-07-14 00:45:15.833] [main] [info] Pump Server ping OK!
[2024-07-14 00:45:15.833] [main] [info] Pinging Pump Server Mayson   ...DONE!
[2024-07-14 00:45:15.833] [main] [info] Pinging all valve stations...
[2024-07-14 00:45:19.218] [main] [info] James ping OK!
[2024-07-14 00:45:19.218] [main] [info] Lucas ping OK!
[2024-07-14 00:45:19.218] [main] [error] Fatal: Felix not available!
[2024-07-14 00:45:19.218] [main] [info] Pinging all valve stations   ...DONE!
[2024-07-14 00:45:19.218] [main] [info] Pinging Non-Existing Test Server...
[2024-07-14 00:45:22.290] [main] [info] Pinging Non-Existing Test Server OK!
[2024-07-14 00:45:22.290] [main] [info] Pinging Non-Existing Test Server   ...DONE!
[2024-07-14 00:45:22.290] [main] [info] Pinging Pump Server Mayson...
[2024-07-14 00:45:22.397] [main] [info] Pump Server ping OK!
[2024-07-14 00:45:22.397] [main] [info] Pinging Pump Server Mayson   ...DONE!
[2024-07-14 00:45:22.397] [main] [info] Pinging all valve stations...
[2024-07-14 00:45:25.650] [main] [info] James ping OK!
[2024-07-14 00:45:25.650] [main] [info] Lucas ping OK!
[2024-07-14 00:45:25.650] [main] [error] Fatal: Felix not available!
[2024-07-14 00:45:25.650] [main] [info] Pinging all valve stations   ...DONE!
[2024-07-14 00:45:25.650] [main] [info] Pinging Non-Existing Test Server...
[2024-07-14 00:45:28.722] [main] [info] Pinging Non-Existing Test Server OK!
[2024-07-14 00:45:28.722] [main] [info] Pinging Non-Existing Test Server   ...DONE!
[2024-07-14 00:45:28.722] [main] [info] Pinging Pump Server Mayson...
[2024-07-14 00:45:28.851] [main] [info] Pump Server ping OK!
[2024-07-14 00:45:28.851] [main] [info] Pinging Pump Server Mayson   ...DONE!
[2024-07-14 00:45:28.851] [main] [info] Pinging all valve stations...
[2024-07-14 00:45:32.210] [main] [info] James ping OK!
[2024-07-14 00:45:32.210] [main] [info] Lucas ping OK!
[2024-07-14 00:45:32.210] [main] [error] Fatal: Felix not available!
[2024-07-14 00:45:32.210] [main] [info] Pinging all valve stations   ...DONE!
[2024-07-14 00:45:32.210] [main] [info] Pinging Non-Existing Test Server...
[2024-07-14 00:45:35.282] [main] [info] Pinging Non-Existing Test Server OK!
[2024-07-14 00:45:35.282] [main] [info] Pinging Non-Existing Test Server   ...DONE!
[2024-07-14 00:45:35.282] [main] [info] Pinging Pump Server Mayson...
[2024-07-14 00:45:35.398] [main] [info] Pump Server ping OK!
[2024-07-14 00:45:35.398] [main] [info] Pinging Pump Server Mayson   ...DONE!
[2024-07-14 00:45:35.398] [main] [info] Pinging all valve stations...
[2024-07-14 00:45:36.760] [main] [info] James ping OK!
[2024-07-14 00:45:36.760] [main] [info] Lucas ping OK!
[2024-07-14 00:45:36.760] [main] [info] Felix ping OK!
[2024-07-14 00:45:36.760] [main] [info] Pinging all valve stations   ...DONE!
[2024-07-14 00:45:36.760] [main] [info] Pinging Non-Existing Test Server...
[2024-07-14 00:45:39.826] [main] [info] Pinging Non-Existing Test Server OK!
[2024-07-14 00:45:39.826] [main] [info] Pinging Non-Existing Test Server   ...DONE!
[2024-07-14 00:45:39.826] [main] [info] Creating Landscape...
[2024-07-14 00:45:39.826] [main] [info] Creating Landscape...
[2024-07-14 00:45:39.826] [main] [info] Creating Felix...
[2024-07-14 00:45:39.826] [main] [info] Creating James...
[2024-07-14 00:45:39.826] [main] [info] Creating Lucas...
[2024-07-14 00:45:39.826] [main] [info] Fetching timestamp...
std::chrono::system_clock::now().time_since_epoch()   :   1720910739826873795
get_seconds_since_epoch_now(bool verbose /* true */)   :   1720910739
minutes since epoch   :   28681845
minute of day   :   1365
minute of hour   :   45
hour of day   :   22
[2024-07-14 00:45:39.826] [main] [info] Checking timestamp.txt...
[2024-07-14 00:45:39.826] [main] [debug] The timestamp.txt is always written when watering is triggered. It is read to check if I was already done with watering some minutes ago.
previous time_stamp:   28680698
[2024-07-14 00:45:39.827] [main] [info] Checking timestamp.txt   ...DONE!
[2024-07-14 00:45:39.827] [main] [info] It's not time for watering now!
[2024-07-14 00:45:39.827] [main] [info] Minute Intraday:   1365
[2024-07-14 00:45:39.827] [main] [info] Days since Epoch:   19917
[2024-07-14 00:45:39.827] [main] [info] Accumulated watering times:

Felix   :          Eiben-Klee  :      0.00 min
Felix   :            Mara-alt  :      0.00 min
James   :              Erbsen  :      0.00 min
James   :          Kartoffeln  :      0.00 min
James   :              Gurken  :      0.00 min
James   :             Tomaten  :      0.00 min
Lucas   :            Karotten  :      0.00 min
Lucas   :        Heidelbeeren  :      0.00 min
Lucas   :      Bohnen-Flieder  :      0.00 min

%%%%%%%%%%     [4] Run the executable   ...DONE!
elapsed time:   32s
=====================================================================================================
