=====================================================================================================
%%%%%%%%%%     [6] Uploading logs and go sleeping...
> sudo -u mayadm git checkout artifacts
Bereits auf 'artifacts'
D	maya/artifacts/logs/13356--2024-07-14--11h03---7.log
D	maya/artifacts/logs/13357--2024-07-14--11h43---1.log
D	maya/artifacts/logs/13357--2024-07-14--11h43---2.log
D	maya/artifacts/logs/13357--2024-07-14--11h43---3.log
D	maya/artifacts/logs/13357--2024-07-14--11h43---4.log
D	maya/artifacts/logs/13357--2024-07-14--11h43---5.log
D	maya/artifacts/logs/13357--2024-07-14--11h43---6.log
Ihr Branch ist auf demselben Stand wie 'origin/artifacts'.
> sudo -u mayadm git pull
Bereits aktuell.
> sudo -u mayadm git merge maya-productive
Bereits aktuell.
> sudo -u mayadm git add "../artifacts/logs/*.log" -f
> sudo -u mayadm git add -u
> sudo -u mayadm git commit -m "logs at 2024-07-14--12h24"
[artifacts 5821728ee] logs at 2024-07-14--12h24
 8 files changed, 88 insertions(+), 88 deletions(-)
 delete mode 100644 maya/artifacts/logs/13357--2024-07-14--11h43---4.log
 rename maya/artifacts/logs/{13356--2024-07-14--11h03---7.log => 13357--2024-07-14--11h43---7.log} (62%)
 rename maya/artifacts/logs/{13357--2024-07-14--11h43---1.log => 13358--2024-07-14--12h24---1.log} (90%)
 rename maya/artifacts/logs/{13357--2024-07-14--11h43---2.log => 13358--2024-07-14--12h24---2.log} (100%)
 rename maya/artifacts/logs/{13357--2024-07-14--11h43---3.log => 13358--2024-07-14--12h24---3.log} (94%)
 create mode 100644 maya/artifacts/logs/13358--2024-07-14--12h24---4.log
 rename maya/artifacts/logs/{13357--2024-07-14--11h43---5.log => 13358--2024-07-14--12h24---5.log} (78%)
 rename maya/artifacts/logs/{13357--2024-07-14--11h43---6.log => 13358--2024-07-14--12h24---6.log} (100%)
> sudo -u mayadm git push
To https://github.com/Necktschnagge/wired-watering
   62fc0e1d0..5821728ee  artifacts -> artifacts
> sudo -u mayadm git checkout maya-productive
Zu Zweig »maya-productive« gewechselt
Ihr Branch ist auf demselben Stand wie 'origin/maya-productive'.
> sudo -u mayadm git push
Everything up-to-date
##############################################################
###################                        ###################
###################     GOING TO SLEEP     ###################
###################                        ###################
##############################################################
#######                                                #######
#######   Press CTRL + C NOW to abort script safely!   #######
#######                                                #######
##############################################################
##############################################################
#######                                                #######
#######               NOW GOING TO SLEEP               #######
#######                                                #######
##############################################################
> rtcwake -m mem -s 2400
rtcwake: RTC wird als UTC interpretiert …
rtcwake: aufwachen von „mem“ durch /dev/rtc0 bei Sun Jul 14 11:04:45 2024
##############################################################
#######                                                #######
#######            just waked up from sleep            #######
#######                                                #######
##############################################################
%%%%%%%%%%     [6] Uploading logs and go sleeping   ...DONE!
elapsed time:   2418s
=====================================================================================================
