=====================================================================================================
%%%%%%%%%%     [4] Run the executable...
>Please note:  Even if all builds failed, the last built executable is still there and will be started!
> sudo -u mayadm ./ur-unix-run.sh
[2024-07-15 10:07:24.693] [main] [info] Pinging Pump Server Mayson...
[2024-07-15 10:07:24.827] [main] [info] Pump Server ping OK!
[2024-07-15 10:07:24.827] [main] [info] Pinging Pump Server Mayson   ...DONE!
[2024-07-15 10:07:24.827] [main] [info] Pinging all valve stations...
[2024-07-15 10:07:28.097] [main] [info] James ping OK!
[2024-07-15 10:07:28.097] [main] [info] Lucas ping OK!
[2024-07-15 10:07:28.097] [main] [error] Fatal: Felix not available!
[2024-07-15 10:07:28.097] [main] [info] Pinging all valve stations   ...DONE!
[2024-07-15 10:07:28.097] [main] [info] Pinging Non-Existing Test Server...
[2024-07-15 10:07:31.169] [main] [info] Pinging Non-Existing Test Server OK!
[2024-07-15 10:07:31.169] [main] [info] Pinging Non-Existing Test Server   ...DONE!
[2024-07-15 10:07:31.169] [main] [info] Pinging Pump Server Mayson...
[2024-07-15 10:07:31.269] [main] [info] Pump Server ping OK!
[2024-07-15 10:07:31.269] [main] [info] Pinging Pump Server Mayson   ...DONE!
[2024-07-15 10:07:31.269] [main] [info] Pinging all valve stations...
[2024-07-15 10:07:32.506] [main] [info] James ping OK!
[2024-07-15 10:07:32.506] [main] [info] Lucas ping OK!
[2024-07-15 10:07:32.506] [main] [info] Felix ping OK!
[2024-07-15 10:07:32.506] [main] [info] Pinging all valve stations   ...DONE!
[2024-07-15 10:07:32.506] [main] [info] Pinging Non-Existing Test Server...
[2024-07-15 10:07:35.585] [main] [info] Pinging Non-Existing Test Server OK!
[2024-07-15 10:07:35.585] [main] [info] Pinging Non-Existing Test Server   ...DONE!
[2024-07-15 10:07:35.585] [main] [info] Creating Landscape...
[2024-07-15 10:07:35.585] [main] [info] Creating Landscape...
[2024-07-15 10:07:35.585] [main] [info] Creating Felix...
[2024-07-15 10:07:35.585] [main] [info] Creating James...
[2024-07-15 10:07:35.585] [main] [info] Creating Lucas...
[2024-07-15 10:07:35.585] [main] [info] Fetching timestamp...
std::chrono::system_clock::now().time_since_epoch()   :   1721030855585251225
get_seconds_since_epoch_now(bool verbose /* true */)   :   1721030855
minutes since epoch   :   28683847
minute of day   :   487
minute of hour   :   7
hour of day   :   8
[2024-07-15 10:07:35.585] [main] [info] Checking timestamp.txt...
[2024-07-15 10:07:35.585] [main] [debug] The timestamp.txt is always written when watering is triggered. It is read to check if I was already done with watering some minutes ago.
previous time_stamp:   28683595
[2024-07-15 10:07:35.585] [main] [info] Checking timestamp.txt   ...DONE!
[2024-07-15 10:07:35.585] [main] [info] It's not time for watering now!
[2024-07-15 10:07:35.585] [main] [info] Minute Intraday:   487
[2024-07-15 10:07:35.585] [main] [info] Days since Epoch:   19919
[2024-07-15 10:07:35.585] [main] [info] Accumulated watering times:

Felix   :          Eiben-Klee  :      0.00 min
Felix   :            Mara-alt  :      0.00 min
James   :              Erbsen  :      0.00 min
James   :          Kartoffeln  :      0.00 min
James   :              Gurken  :      0.00 min
James   :             Tomaten  :      0.00 min
Lucas   :            Karotten  :      0.00 min
Lucas   :        Heidelbeeren  :      0.00 min
Lucas   :      Bohnen-Flieder  :      0.00 min

%%%%%%%%%%     [4] Run the executable   ...DONE!
elapsed time:   11s
=====================================================================================================
