=====================================================================================================
%%%%%%%%%%     [6] Uploading logs and go sleeping...
> sudo -u mayadm git checkout artifacts
Bereits auf 'artifacts'
D	maya/artifacts/logs/13391--2024-07-15--11h28---7.log
D	maya/artifacts/logs/13392--2024-07-15--12h09---1.log
D	maya/artifacts/logs/13392--2024-07-15--12h09---2.log
D	maya/artifacts/logs/13392--2024-07-15--12h09---3.log
D	maya/artifacts/logs/13392--2024-07-15--12h09---4.log
D	maya/artifacts/logs/13392--2024-07-15--12h09---5.log
D	maya/artifacts/logs/13392--2024-07-15--12h09---6.log
Ihr Branch ist auf demselben Stand wie 'origin/artifacts'.
> sudo -u mayadm git pull
Bereits aktuell.
> sudo -u mayadm git merge maya-productive
Bereits aktuell.
> sudo -u mayadm git add "../artifacts/logs/*.log" -f
> sudo -u mayadm git add -u
> sudo -u mayadm git commit -m "logs at 2024-07-15--12h49"
[artifacts 405d3f9e8] logs at 2024-07-15--12h49
 8 files changed, 88 insertions(+), 87 deletions(-)
 delete mode 100644 maya/artifacts/logs/13392--2024-07-15--12h09---4.log
 rename maya/artifacts/logs/{13391--2024-07-15--11h28---7.log => 13392--2024-07-15--12h09---7.log} (61%)
 rename maya/artifacts/logs/{13392--2024-07-15--12h09---1.log => 13393--2024-07-15--12h49---1.log} (88%)
 rename maya/artifacts/logs/{13392--2024-07-15--12h09---2.log => 13393--2024-07-15--12h49---2.log} (100%)
 rename maya/artifacts/logs/{13392--2024-07-15--12h09---3.log => 13393--2024-07-15--12h49---3.log} (96%)
 create mode 100644 maya/artifacts/logs/13393--2024-07-15--12h49---4.log
 rename maya/artifacts/logs/{13392--2024-07-15--12h09---5.log => 13393--2024-07-15--12h49---5.log} (78%)
 rename maya/artifacts/logs/{13392--2024-07-15--12h09---6.log => 13393--2024-07-15--12h49---6.log} (100%)
> sudo -u mayadm git push
To https://github.com/Necktschnagge/wired-watering
   84f3b9735..405d3f9e8  artifacts -> artifacts
> sudo -u mayadm git checkout maya-productive
Zu Zweig »maya-productive« gewechselt
Ihr Branch ist auf demselben Stand wie 'origin/maya-productive'.
> sudo -u mayadm git push
Everything up-to-date
##############################################################
###################                        ###################
###################     GOING TO SLEEP     ###################
###################                        ###################
##############################################################
#######                                                #######
#######   Press CTRL + C NOW to abort script safely!   #######
#######                                                #######
##############################################################
##############################################################
#######                                                #######
#######               NOW GOING TO SLEEP               #######
#######                                                #######
##############################################################
> rtcwake -m mem -s 2400
rtcwake: RTC wird als UTC interpretiert …
rtcwake: aufwachen von „mem“ durch /dev/rtc0 bei Mon Jul 15 11:29:52 2024
##############################################################
#######                                                #######
#######            just waked up from sleep            #######
#######                                                #######
##############################################################
%%%%%%%%%%     [6] Uploading logs and go sleeping   ...DONE!
elapsed time:   2416s
=====================================================================================================
