=====================================================================================================
%%%%%%%%%%     [6] Uploading logs and go sleeping...
> sudo -u mayadm git checkout artifacts
Bereits auf 'artifacts'
D	maya/artifacts/logs/13413--2024-07-16--02h19---7.log
D	maya/artifacts/logs/13414--2024-07-16--02h59---1.log
D	maya/artifacts/logs/13414--2024-07-16--02h59---2.log
D	maya/artifacts/logs/13414--2024-07-16--02h59---3.log
D	maya/artifacts/logs/13414--2024-07-16--02h59---4.log
D	maya/artifacts/logs/13414--2024-07-16--02h59---5.log
D	maya/artifacts/logs/13414--2024-07-16--02h59---6.log
Ihr Branch ist auf demselben Stand wie 'origin/artifacts'.
> sudo -u mayadm git pull
Bereits aktuell.
> sudo -u mayadm git merge maya-productive
Bereits aktuell.
> sudo -u mayadm git add "../artifacts/logs/*.log" -f
> sudo -u mayadm git add -u
> sudo -u mayadm git commit -m "logs at 2024-07-16--03h40"
[artifacts 7a03254a2] logs at 2024-07-16--03h40
 8 files changed, 88 insertions(+), 99 deletions(-)
 delete mode 100644 maya/artifacts/logs/13414--2024-07-16--02h59---4.log
 rename maya/artifacts/logs/{13413--2024-07-16--02h19---7.log => 13414--2024-07-16--02h59---7.log} (62%)
 rename maya/artifacts/logs/{13414--2024-07-16--02h59---1.log => 13415--2024-07-16--03h40---1.log} (90%)
 rename maya/artifacts/logs/{13414--2024-07-16--02h59---2.log => 13415--2024-07-16--03h40---2.log} (100%)
 rename maya/artifacts/logs/{13414--2024-07-16--02h59---3.log => 13415--2024-07-16--03h40---3.log} (95%)
 create mode 100644 maya/artifacts/logs/13415--2024-07-16--03h40---4.log
 rename maya/artifacts/logs/{13414--2024-07-16--02h59---5.log => 13415--2024-07-16--03h40---5.log} (76%)
 rename maya/artifacts/logs/{13414--2024-07-16--02h59---6.log => 13415--2024-07-16--03h40---6.log} (100%)
> sudo -u mayadm git push
To https://github.com/Necktschnagge/wired-watering
   ef8adbcbb..7a03254a2  artifacts -> artifacts
> sudo -u mayadm git checkout maya-productive
Zu Zweig »maya-productive« gewechselt
Ihr Branch ist auf demselben Stand wie 'origin/maya-productive'.
> sudo -u mayadm git push
Everything up-to-date
##############################################################
###################                        ###################
###################     GOING TO SLEEP     ###################
###################                        ###################
##############################################################
#######                                                #######
#######   Press CTRL + C NOW to abort script safely!   #######
#######                                                #######
##############################################################
##############################################################
#######                                                #######
#######               NOW GOING TO SLEEP               #######
#######                                                #######
##############################################################
> rtcwake -m mem -s 2400
rtcwake: RTC wird als UTC interpretiert …
rtcwake: aufwachen von „mem“ durch /dev/rtc0 bei Tue Jul 16 02:20:53 2024
##############################################################
#######                                                #######
#######            just waked up from sleep            #######
#######                                                #######
##############################################################
%%%%%%%%%%     [6] Uploading logs and go sleeping   ...DONE!
elapsed time:   2416s
=====================================================================================================
