=====================================================================================================
%%%%%%%%%%     [6] Uploading logs and go sleeping...
> sudo -u mayadm git checkout artifacts
Bereits auf 'artifacts'
D	maya/artifacts/logs/13430--2024-07-16--14h37---7.log
D	maya/artifacts/logs/13431--2024-07-16--15h17---1.log
D	maya/artifacts/logs/13431--2024-07-16--15h17---2.log
D	maya/artifacts/logs/13431--2024-07-16--15h17---3.log
D	maya/artifacts/logs/13431--2024-07-16--15h17---4.log
D	maya/artifacts/logs/13431--2024-07-16--15h17---5.log
D	maya/artifacts/logs/13431--2024-07-16--15h17---6.log
Ihr Branch ist auf demselben Stand wie 'origin/artifacts'.
> sudo -u mayadm git pull
Bereits aktuell.
> sudo -u mayadm git merge maya-productive
Bereits aktuell.
> sudo -u mayadm git add "../artifacts/logs/*.log" -f
> sudo -u mayadm git add -u
> sudo -u mayadm git commit -m "logs at 2024-07-16--15h58"
[artifacts c754d216e] logs at 2024-07-16--15h58
 8 files changed, 93 insertions(+), 103 deletions(-)
 delete mode 100644 maya/artifacts/logs/13431--2024-07-16--15h17---4.log
 rename maya/artifacts/logs/{13430--2024-07-16--14h37---7.log => 13431--2024-07-16--15h17---7.log} (61%)
 rename maya/artifacts/logs/{13431--2024-07-16--15h17---1.log => 13432--2024-07-16--15h58---1.log} (88%)
 rename maya/artifacts/logs/{13431--2024-07-16--15h17---2.log => 13432--2024-07-16--15h58---2.log} (97%)
 rename maya/artifacts/logs/{13431--2024-07-16--15h17---3.log => 13432--2024-07-16--15h58---3.log} (94%)
 create mode 100644 maya/artifacts/logs/13432--2024-07-16--15h58---4.log
 rename maya/artifacts/logs/{13431--2024-07-16--15h17---5.log => 13432--2024-07-16--15h58---5.log} (76%)
 rename maya/artifacts/logs/{13431--2024-07-16--15h17---6.log => 13432--2024-07-16--15h58---6.log} (100%)
> sudo -u mayadm git push
To https://github.com/Necktschnagge/wired-watering
   788e0bce2..c754d216e  artifacts -> artifacts
> sudo -u mayadm git checkout maya-productive
Zu Zweig »maya-productive« gewechselt
Ihr Branch ist auf demselben Stand wie 'origin/maya-productive'.
> sudo -u mayadm git push
Everything up-to-date
##############################################################
###################                        ###################
###################     GOING TO SLEEP     ###################
###################                        ###################
##############################################################
#######                                                #######
#######   Press CTRL + C NOW to abort script safely!   #######
#######                                                #######
##############################################################
##############################################################
#######                                                #######
#######               NOW GOING TO SLEEP               #######
#######                                                #######
##############################################################
> rtcwake -m mem -s 2400
rtcwake: RTC wird als UTC interpretiert …
rtcwake: aufwachen von „mem“ durch /dev/rtc0 bei Tue Jul 16 14:38:48 2024
##############################################################
#######                                                #######
#######            just waked up from sleep            #######
#######                                                #######
##############################################################
%%%%%%%%%%     [6] Uploading logs and go sleeping   ...DONE!
elapsed time:   2415s
=====================================================================================================
