=====================================================================================================
%%%%%%%%%%     [4] Run the executable...
>Please note:  Even if all builds failed, the last built executable is still there and will be started!
> sudo -u mayadm ./ur-unix-run.sh
[2024-07-17 06:09:27.516] [main] [info] Pinging Pump Server Mayson...
[2024-07-17 06:09:27.625] [main] [info] Pump Server ping OK!
[2024-07-17 06:09:27.625] [main] [info] Pinging Pump Server Mayson   ...DONE!
[2024-07-17 06:09:27.625] [main] [info] Pinging all valve stations...
[2024-07-17 06:09:29.965] [main] [info] James ping OK!
[2024-07-17 06:09:29.965] [main] [info] Lucas ping OK!
[2024-07-17 06:09:29.965] [main] [info] Felix ping OK!
[2024-07-17 06:09:29.965] [main] [info] Pinging all valve stations   ...DONE!
[2024-07-17 06:09:29.965] [main] [info] Pinging Non-Existing Test Server...
[2024-07-17 06:09:33.029] [main] [info] Pinging Non-Existing Test Server OK!
[2024-07-17 06:09:33.029] [main] [info] Pinging Non-Existing Test Server   ...DONE!
[2024-07-17 06:09:33.029] [main] [info] Creating Landscape...
[2024-07-17 06:09:33.029] [main] [info] Creating Landscape...
[2024-07-17 06:09:33.029] [main] [info] Creating Felix...
[2024-07-17 06:09:33.029] [main] [info] Creating James...
[2024-07-17 06:09:33.029] [main] [info] Creating Lucas...
[2024-07-17 06:09:33.029] [main] [info] Fetching timestamp...
std::chrono::system_clock::now().time_since_epoch()   :   1721189373029248683
get_seconds_since_epoch_now(bool verbose /* true */)   :   1721189373
minutes since epoch   :   28686489
minute of day   :   249
minute of hour   :   9
hour of day   :   4
[2024-07-17 06:09:33.029] [main] [info] Checking timestamp.txt...
[2024-07-17 06:09:33.029] [main] [debug] The timestamp.txt is always written when watering is triggered. It is read to check if I was already done with watering some minutes ago.
previous time_stamp:   28685022
[2024-07-17 06:09:33.029] [main] [info] Checking timestamp.txt   ...DONE!
Wrote to timestamp.txt
Send request to pump relay:
URL:   http://192.168.1.10:80/status?auto=off&system=off&manual=off
Response:
status code:   200
text:
{
 "server-name" : "pump-relay-mayson",
 "action" : "okay"
}
[2024-07-17 06:09:33.530] [main] [info] 
--------------------------------------------------------------
Send valves at 1721189373
http://192.168.1.22:80/status?valves=1
200
{
 "server-name" : "valve-server-felix",
 "action" : "okay"
}
[2024-07-17 06:09:33.796] [main] [info] 
Switched the following valves: --->
          Felix:   Eiben-Klee   OFF -> ON 
                                   <---
Send request to pump relay:
URL:   http://192.168.1.10:80/status?auto=on&system=on
Response:
status code:   200
text:
{
 "server-name" : "pump-relay-mayson",
 "action" : "okay"
}
[2024-07-17 06:11:04.092] [main] [info] 
--------------------------------------------------------------
Send valves at 1721189464
http://192.168.1.22:80/status?valves=0
200
{
 "server-name" : "valve-server-felix",
 "action" : "okay"
}
[2024-07-17 06:11:04.280] [main] [info] 
Switched the following valves: --->
          Felix:   Eiben-Klee    ON -> OFF
                                   <---
[2024-07-17 06:11:04.280] [main] [info] 
--------------------------------------------------------------
Send valves at 1721189464
http://192.168.1.20:80/status?valves=0
200
{
 "server-name" : "valve-server-james",
 "action" : "okay"
}
[2024-07-17 06:11:04.412] [main] [info] 
Switched the following valves: --->
                                   <---
[2024-07-17 06:11:04.412] [main] [info] 
--------------------------------------------------------------
Send valves at 1721189464
http://192.168.1.21:80/status?valves=0
200
{
 "server-name" : "valve-server-lucas",
 "action" : "okay"
}
[2024-07-17 06:11:04.644] [main] [info] 
Switched the following valves: --->
                                   <---
[2024-07-17 06:11:04.644] [main] [info] 
--------------------------------------------------------------
Send valves at 1721189464
http://192.168.1.21:80/status?valves=2
200
{
 "server-name" : "valve-server-lucas",
 "action" : "okay"
}
[2024-07-17 06:11:05.147] [main] [info] 
Switched the following valves: --->
          Lucas:   Heidelbeeren   OFF -> ON 
                                   <---
[2024-07-17 06:11:05.147] [main] [info] 
--------------------------------------------------------------
Send valves at 1721189465
http://192.168.1.20:80/status?valves=1
200
{
 "server-name" : "valve-server-james",
 "action" : "okay"
}
[2024-07-17 06:11:05.358] [main] [info] 
Switched the following valves: --->
          James:   Erbsen   OFF -> ON 
                                   <---
[2024-07-17 06:11:05.358] [main] [info] 
--------------------------------------------------------------
Send valves at 1721189465
http://192.168.1.20:80/status?valves=5
200
{
 "server-name" : "valve-server-james",
 "action" : "okay"
}
[2024-07-17 06:11:05.405] [main] [info] 
Switched the following valves: --->
          James:   Gurken   OFF -> ON 
                                   <---
[2024-07-17 06:11:05.405] [main] [info] 
--------------------------------------------------------------
Send valves at 1721189465
http://192.168.1.22:80/status?valves=1
200
{
 "server-name" : "valve-server-felix",
 "action" : "okay"
}
[2024-07-17 06:11:05.524] [main] [info] 
Switched the following valves: --->
          Felix:   Eiben-Klee   OFF -> ON 
                                   <---
[2024-07-17 06:11:05.524] [main] [info] 
--------------------------------------------------------------
Send valves at 1721189465
http://192.168.1.20:80/status?valves=13
200
{
 "server-name" : "valve-server-james",
 "action" : "okay"
}
[2024-07-17 06:11:05.802] [main] [info] 
Switched the following valves: --->
          James:   Tomaten   OFF -> ON 
                                   <---
[2024-07-17 06:11:05.802] [main] [info] 
--------------------------------------------------------------
Send valves at 1721189465
http://192.168.1.21:80/status?valves=3
200
{
 "server-name" : "valve-server-lucas",
 "action" : "okay"
}
[2024-07-17 06:11:05.915] [main] [info] 
Switched the following valves: --->
          Lucas:   Karotten   OFF -> ON 
                                   <---
[2024-07-17 06:41:05.041] [main] [info] 
--------------------------------------------------------------
Send valves at 1721191265
http://192.168.1.22:80/status?valves=0
200
{
 "server-name" : "valve-server-felix",
 "action" : "okay"
}
[2024-07-17 06:41:05.182] [main] [info] 
Switched the following valves: --->
          Felix:   Eiben-Klee    ON -> OFF
                                   <---
[2024-07-17 06:41:05.182] [main] [info] 
--------------------------------------------------------------
Send valves at 1721191265
http://192.168.1.20:80/status?valves=0
200
{
 "server-name" : "valve-server-james",
 "action" : "okay"
}
[2024-07-17 06:41:05.299] [main] [info] 
Switched the following valves: --->
          James:   Erbsen    ON -> OFF
          James:   Gurken    ON -> OFF
          James:   Tomaten    ON -> OFF
                                   <---
[2024-07-17 06:41:05.299] [main] [info] 
--------------------------------------------------------------
Send valves at 1721191265
http://192.168.1.21:80/status?valves=0
200
{
 "server-name" : "valve-server-lucas",
 "action" : "okay"
}
[2024-07-17 06:41:05.473] [main] [info] 
Switched the following valves: --->
          Lucas:   Karotten    ON -> OFF
          Lucas:   Heidelbeeren    ON -> OFF
                                   <---
[2024-07-17 06:41:05.473] [main] [info] 
--------------------------------------------------------------
Send valves at 1721191265
http://192.168.1.22:80/status?valves=1
200
{
 "server-name" : "valve-server-felix",
 "action" : "okay"
}
[2024-07-17 06:41:05.682] [main] [info] 
Switched the following valves: --->
          Felix:   Eiben-Klee   OFF -> ON 
                                   <---
[2024-07-17 06:41:05.682] [main] [info] 
--------------------------------------------------------------
Send valves at 1721191265
http://192.168.1.20:80/status?valves=1
200
{
 "server-name" : "valve-server-james",
 "action" : "okay"
}
[2024-07-17 06:41:05.783] [main] [info] 
Switched the following valves: --->
          James:   Erbsen   OFF -> ON 
                                   <---
[2024-07-17 06:56:05.081] [main] [info] 
--------------------------------------------------------------
Send valves at 1721192165
http://192.168.1.22:80/status?valves=0
200
{
 "server-name" : "valve-server-felix",
 "action" : "okay"
}
[2024-07-17 06:56:08.343] [main] [info] 
Switched the following valves: --->
          Felix:   Eiben-Klee    ON -> OFF
                                   <---
[2024-07-17 06:56:08.343] [main] [info] 
--------------------------------------------------------------
Send valves at 1721192168
http://192.168.1.20:80/status?valves=0
200
{
 "server-name" : "valve-server-james",
 "action" : "okay"
}
[2024-07-17 06:56:08.455] [main] [info] 
Switched the following valves: --->
          James:   Erbsen    ON -> OFF
                                   <---
[2024-07-17 06:56:08.455] [main] [info] 
--------------------------------------------------------------
Send valves at 1721192168
http://192.168.1.21:80/status?valves=0
200
{
 "server-name" : "valve-server-lucas",
 "action" : "okay"
}
[2024-07-17 06:56:08.560] [main] [info] 
Switched the following valves: --->
                                   <---
Send request to pump relay:
URL:   http://192.168.1.10:80/status?auto=off
Response:
status code:   200
text:
{
 "server-name" : "pump-relay-mayson",
 "action" : "okay"
}
[2024-07-17 06:56:38.190] [main] [info] 
--------------------------------------------------------------
Send valves at 1721192198
http://192.168.1.22:80/status?valves=1
200
{
 "server-name" : "valve-server-felix",
 "action" : "okay"
}
[2024-07-17 06:56:38.290] [main] [info] 
Switched the following valves: --->
          Felix:   Eiben-Klee   OFF -> ON 
                                   <---
[2024-07-17 06:58:38.080] [main] [info] 
--------------------------------------------------------------
Send valves at 1721192318
http://192.168.1.22:80/status?valves=0
200
{
 "server-name" : "valve-server-felix",
 "action" : "okay"
}
[2024-07-17 06:58:38.266] [main] [info] 
Switched the following valves: --->
          Felix:   Eiben-Klee    ON -> OFF
                                   <---
[2024-07-17 06:58:38.266] [main] [info] 
--------------------------------------------------------------
Send valves at 1721192318
http://192.168.1.20:80/status?valves=0
200
{
 "server-name" : "valve-server-james",
 "action" : "okay"
}
[2024-07-17 06:58:39.552] [main] [info] 
Switched the following valves: --->
                                   <---
[2024-07-17 06:58:39.552] [main] [info] 
--------------------------------------------------------------
Send valves at 1721192319
http://192.168.1.21:80/status?valves=0
200
{
 "server-name" : "valve-server-lucas",
 "action" : "okay"
}
[2024-07-17 06:58:39.728] [main] [info] 
Switched the following valves: --->
                                   <---
[2024-07-17 06:58:39.728] [main] [info] Accumulated watering times:

Felix   :          Eiben-Klee  :     48.55 min
Felix   :            Mara-alt  :      0.00 min
James   :              Erbsen  :     45.04 min
James   :          Kartoffeln  :      0.00 min
James   :              Gurken  :     30.00 min
James   :             Tomaten  :     29.99 min
Lucas   :            Karotten  :     29.99 min
Lucas   :        Heidelbeeren  :     30.01 min
Lucas   :      Bohnen-Flieder  :      0.00 min

%%%%%%%%%%     [4] Run the executable   ...DONE!
elapsed time:   2953s
=====================================================================================================
