=====================================================================================================
%%%%%%%%%%     [4] Run the executable...
>Please note:  Even if all builds failed, the last built executable is still there and will be started!
> sudo -u mayadm ./ur-unix-run.sh
[2024-07-17 12:22:33.759] [main] [info] Pinging Pump Server Mayson...
[2024-07-17 12:22:33.789] [main] [info] Pump Server ping OK!
[2024-07-17 12:22:33.789] [main] [info] Pinging Pump Server Mayson   ...DONE!
[2024-07-17 12:22:33.789] [main] [info] Pinging all valve stations...
[2024-07-17 12:22:37.082] [main] [info] James ping OK!
[2024-07-17 12:22:37.082] [main] [info] Lucas ping OK!
[2024-07-17 12:22:37.082] [main] [error] Fatal: Felix not available!
[2024-07-17 12:22:37.082] [main] [info] Pinging all valve stations   ...DONE!
[2024-07-17 12:22:37.082] [main] [info] Pinging Non-Existing Test Server...
[2024-07-17 12:22:40.154] [main] [info] Pinging Non-Existing Test Server OK!
[2024-07-17 12:22:40.154] [main] [info] Pinging Non-Existing Test Server   ...DONE!
[2024-07-17 12:22:40.154] [main] [info] Pinging Pump Server Mayson...
[2024-07-17 12:22:40.243] [main] [info] Pump Server ping OK!
[2024-07-17 12:22:40.243] [main] [info] Pinging Pump Server Mayson   ...DONE!
[2024-07-17 12:22:40.243] [main] [info] Pinging all valve stations...
[2024-07-17 12:22:40.659] [main] [info] James ping OK!
[2024-07-17 12:22:40.660] [main] [info] Lucas ping OK!
[2024-07-17 12:22:40.660] [main] [info] Felix ping OK!
[2024-07-17 12:22:40.660] [main] [info] Pinging all valve stations   ...DONE!
[2024-07-17 12:22:40.660] [main] [info] Pinging Non-Existing Test Server...
[2024-07-17 12:22:43.738] [main] [info] Pinging Non-Existing Test Server OK!
[2024-07-17 12:22:43.738] [main] [info] Pinging Non-Existing Test Server   ...DONE!
[2024-07-17 12:22:43.738] [main] [info] Creating Landscape...
[2024-07-17 12:22:43.738] [main] [info] Creating Landscape...
[2024-07-17 12:22:43.738] [main] [info] Creating Felix...
[2024-07-17 12:22:43.738] [main] [info] Creating James...
[2024-07-17 12:22:43.738] [main] [info] Creating Lucas...
[2024-07-17 12:22:43.738] [main] [info] Fetching timestamp...
std::chrono::system_clock::now().time_since_epoch()   :   1721211763738763092
get_seconds_since_epoch_now(bool verbose /* true */)   :   1721211763
minutes since epoch   :   28686862
minute of day   :   622
minute of hour   :   22
hour of day   :   10
[2024-07-17 12:22:43.738] [main] [info] Checking timestamp.txt...
[2024-07-17 12:22:43.738] [main] [debug] The timestamp.txt is always written when watering is triggered. It is read to check if I was already done with watering some minutes ago.
previous time_stamp:   28686489
[2024-07-17 12:22:43.738] [main] [info] Checking timestamp.txt   ...DONE!
[2024-07-17 12:22:43.738] [main] [info] It's not time for watering now!
[2024-07-17 12:22:43.738] [main] [info] Minute Intraday:   622
[2024-07-17 12:22:43.738] [main] [info] Days since Epoch:   19921
[2024-07-17 12:22:43.739] [main] [info] Accumulated watering times:

Felix   :          Eiben-Klee  :      0.00 min
Felix   :            Mara-alt  :      0.00 min
James   :              Erbsen  :      0.00 min
James   :          Kartoffeln  :      0.00 min
James   :              Gurken  :      0.00 min
James   :             Tomaten  :      0.00 min
Lucas   :            Karotten  :      0.00 min
Lucas   :        Heidelbeeren  :      0.00 min
Lucas   :      Bohnen-Flieder  :      0.00 min

%%%%%%%%%%     [4] Run the executable   ...DONE!
elapsed time:   10s
=====================================================================================================
