=====================================================================================================
%%%%%%%%%%     [4] Run the executable...
>Please note:  Even if all builds failed, the last built executable is still there and will be started!
> sudo -u mayadm ./ur-unix-run.sh
[2024-07-17 17:47:03.109] [main] [info] Pinging Pump Server Mayson...
[2024-07-17 17:47:04.239] [main] [info] Pump Server ping OK!
[2024-07-17 17:47:04.239] [main] [info] Pinging Pump Server Mayson   ...DONE!
[2024-07-17 17:47:04.239] [main] [info] Pinging all valve stations...
[2024-07-17 17:47:07.525] [main] [info] James ping OK!
[2024-07-17 17:47:07.525] [main] [info] Lucas ping OK!
[2024-07-17 17:47:07.525] [main] [error] Fatal: Felix not available!
[2024-07-17 17:47:07.525] [main] [info] Pinging all valve stations   ...DONE!
[2024-07-17 17:47:07.525] [main] [info] Pinging Non-Existing Test Server...
[2024-07-17 17:47:10.597] [main] [info] Pinging Non-Existing Test Server OK!
[2024-07-17 17:47:10.597] [main] [info] Pinging Non-Existing Test Server   ...DONE!
[2024-07-17 17:47:10.597] [main] [info] Pinging Pump Server Mayson...
[2024-07-17 17:47:10.683] [main] [info] Pump Server ping OK!
[2024-07-17 17:47:10.683] [main] [info] Pinging Pump Server Mayson   ...DONE!
[2024-07-17 17:47:10.683] [main] [info] Pinging all valve stations...
[2024-07-17 17:47:14.181] [main] [info] James ping OK!
[2024-07-17 17:47:14.181] [main] [info] Lucas ping OK!
[2024-07-17 17:47:14.181] [main] [error] Fatal: Felix not available!
[2024-07-17 17:47:14.181] [main] [info] Pinging all valve stations   ...DONE!
[2024-07-17 17:47:14.181] [main] [info] Pinging Non-Existing Test Server...
[2024-07-17 17:47:17.253] [main] [info] Pinging Non-Existing Test Server OK!
[2024-07-17 17:47:17.253] [main] [info] Pinging Non-Existing Test Server   ...DONE!
[2024-07-17 17:47:17.253] [main] [info] Pinging Pump Server Mayson...
[2024-07-17 17:47:17.444] [main] [info] Pump Server ping OK!
[2024-07-17 17:47:17.444] [main] [info] Pinging Pump Server Mayson   ...DONE!
[2024-07-17 17:47:17.444] [main] [info] Pinging all valve stations...
[2024-07-17 17:47:20.837] [main] [info] James ping OK!
[2024-07-17 17:47:20.837] [main] [info] Lucas ping OK!
[2024-07-17 17:47:20.837] [main] [error] Fatal: Felix not available!
[2024-07-17 17:47:20.837] [main] [info] Pinging all valve stations   ...DONE!
[2024-07-17 17:47:20.837] [main] [info] Pinging Non-Existing Test Server...
[2024-07-17 17:47:23.909] [main] [info] Pinging Non-Existing Test Server OK!
[2024-07-17 17:47:23.909] [main] [info] Pinging Non-Existing Test Server   ...DONE!
[2024-07-17 17:47:23.909] [main] [info] Pinging Pump Server Mayson...
[2024-07-17 17:47:23.990] [main] [info] Pump Server ping OK!
[2024-07-17 17:47:23.990] [main] [info] Pinging Pump Server Mayson   ...DONE!
[2024-07-17 17:47:23.990] [main] [info] Pinging all valve stations...
[2024-07-17 17:47:27.365] [main] [info] James ping OK!
[2024-07-17 17:47:27.365] [main] [info] Lucas ping OK!
[2024-07-17 17:47:27.365] [main] [error] Fatal: Felix not available!
[2024-07-17 17:47:27.365] [main] [info] Pinging all valve stations   ...DONE!
[2024-07-17 17:47:27.365] [main] [info] Pinging Non-Existing Test Server...
[2024-07-17 17:47:30.437] [main] [info] Pinging Non-Existing Test Server OK!
[2024-07-17 17:47:30.437] [main] [info] Pinging Non-Existing Test Server   ...DONE!
[2024-07-17 17:47:30.437] [main] [info] Pinging Pump Server Mayson...
[2024-07-17 17:47:30.546] [main] [info] Pump Server ping OK!
[2024-07-17 17:47:30.547] [main] [info] Pinging Pump Server Mayson   ...DONE!
[2024-07-17 17:47:30.547] [main] [info] Pinging all valve stations...
[2024-07-17 17:47:33.925] [main] [info] James ping OK!
[2024-07-17 17:47:33.925] [main] [info] Lucas ping OK!
[2024-07-17 17:47:33.925] [main] [error] Fatal: Felix not available!
[2024-07-17 17:47:33.925] [main] [info] Pinging all valve stations   ...DONE!
[2024-07-17 17:47:33.925] [main] [info] Pinging Non-Existing Test Server...
[2024-07-17 17:47:36.997] [main] [info] Pinging Non-Existing Test Server OK!
[2024-07-17 17:47:36.997] [main] [info] Pinging Non-Existing Test Server   ...DONE!
[2024-07-17 17:47:36.997] [main] [info] Pinging Pump Server Mayson...
[2024-07-17 17:47:37.085] [main] [info] Pump Server ping OK!
[2024-07-17 17:47:37.085] [main] [info] Pinging Pump Server Mayson   ...DONE!
[2024-07-17 17:47:37.085] [main] [info] Pinging all valve stations...
[2024-07-17 17:47:40.357] [main] [info] James ping OK!
[2024-07-17 17:47:40.357] [main] [info] Lucas ping OK!
[2024-07-17 17:47:40.357] [main] [error] Fatal: Felix not available!
[2024-07-17 17:47:40.357] [main] [info] Pinging all valve stations   ...DONE!
[2024-07-17 17:47:40.357] [main] [info] Pinging Non-Existing Test Server...
[2024-07-17 17:47:43.429] [main] [info] Pinging Non-Existing Test Server OK!
[2024-07-17 17:47:43.429] [main] [info] Pinging Non-Existing Test Server   ...DONE!
[2024-07-17 17:47:43.429] [main] [info] Pinging Pump Server Mayson...
[2024-07-17 17:47:43.544] [main] [info] Pump Server ping OK!
[2024-07-17 17:47:43.544] [main] [info] Pinging Pump Server Mayson   ...DONE!
[2024-07-17 17:47:43.544] [main] [info] Pinging all valve stations...
[2024-07-17 17:47:46.821] [main] [info] James ping OK!
[2024-07-17 17:47:46.821] [main] [info] Lucas ping OK!
[2024-07-17 17:47:46.821] [main] [error] Fatal: Felix not available!
[2024-07-17 17:47:46.821] [main] [info] Pinging all valve stations   ...DONE!
[2024-07-17 17:47:46.821] [main] [info] Pinging Non-Existing Test Server...
[2024-07-17 17:47:49.893] [main] [info] Pinging Non-Existing Test Server OK!
[2024-07-17 17:47:49.893] [main] [info] Pinging Non-Existing Test Server   ...DONE!
[2024-07-17 17:47:49.893] [main] [info] Pinging Pump Server Mayson...
[2024-07-17 17:47:49.979] [main] [info] Pump Server ping OK!
[2024-07-17 17:47:49.979] [main] [info] Pinging Pump Server Mayson   ...DONE!
[2024-07-17 17:47:49.979] [main] [info] Pinging all valve stations...
[2024-07-17 17:47:53.253] [main] [info] James ping OK!
[2024-07-17 17:47:53.253] [main] [info] Lucas ping OK!
[2024-07-17 17:47:53.253] [main] [error] Fatal: Felix not available!
[2024-07-17 17:47:53.253] [main] [info] Pinging all valve stations   ...DONE!
[2024-07-17 17:47:53.253] [main] [info] Pinging Non-Existing Test Server...
[2024-07-17 17:47:56.325] [main] [info] Pinging Non-Existing Test Server OK!
[2024-07-17 17:47:56.325] [main] [info] Pinging Non-Existing Test Server   ...DONE!
[2024-07-17 17:47:56.325] [main] [info] Pinging Pump Server Mayson...
[2024-07-17 17:47:56.427] [main] [info] Pump Server ping OK!
[2024-07-17 17:47:56.427] [main] [info] Pinging Pump Server Mayson   ...DONE!
[2024-07-17 17:47:56.427] [main] [info] Pinging all valve stations...
[2024-07-17 17:47:59.658] [main] [info] James ping OK!
[2024-07-17 17:47:59.658] [main] [info] Lucas ping OK!
[2024-07-17 17:47:59.658] [main] [info] Felix ping OK!
[2024-07-17 17:47:59.658] [main] [info] Pinging all valve stations   ...DONE!
[2024-07-17 17:47:59.658] [main] [info] Pinging Non-Existing Test Server...
[2024-07-17 17:48:02.725] [main] [info] Pinging Non-Existing Test Server OK!
[2024-07-17 17:48:02.725] [main] [info] Pinging Non-Existing Test Server   ...DONE!
[2024-07-17 17:48:02.725] [main] [info] Creating Landscape...
[2024-07-17 17:48:02.725] [main] [info] Creating Landscape...
[2024-07-17 17:48:02.725] [main] [info] Creating Felix...
[2024-07-17 17:48:02.725] [main] [info] Creating James...
[2024-07-17 17:48:02.725] [main] [info] Creating Lucas...
[2024-07-17 17:48:02.725] [main] [info] Fetching timestamp...
std::chrono::system_clock::now().time_since_epoch()   :   1721231282725624385
get_seconds_since_epoch_now(bool verbose /* true */)   :   1721231282
minutes since epoch   :   28687188
minute of day   :   948
minute of hour   :   48
hour of day   :   15
[2024-07-17 17:48:02.725] [main] [info] Checking timestamp.txt...
[2024-07-17 17:48:02.725] [main] [debug] The timestamp.txt is always written when watering is triggered. It is read to check if I was already done with watering some minutes ago.
previous time_stamp:   28686489
[2024-07-17 17:48:02.725] [main] [info] Checking timestamp.txt   ...DONE!
[2024-07-17 17:48:02.725] [main] [info] It's not time for watering now!
[2024-07-17 17:48:02.725] [main] [info] Minute Intraday:   948
[2024-07-17 17:48:02.725] [main] [info] Days since Epoch:   19921
[2024-07-17 17:48:02.725] [main] [info] Accumulated watering times:

Felix   :          Eiben-Klee  :      0.00 min
Felix   :            Mara-alt  :      0.00 min
James   :              Erbsen  :      0.00 min
James   :          Kartoffeln  :      0.00 min
James   :              Gurken  :      0.00 min
James   :             Tomaten  :      0.00 min
Lucas   :            Karotten  :      0.00 min
Lucas   :        Heidelbeeren  :      0.00 min
Lucas   :      Bohnen-Flieder  :      0.00 min

%%%%%%%%%%     [4] Run the executable   ...DONE!
elapsed time:   59s
=====================================================================================================
