=====================================================================================================
%%%%%%%%%%     [6] Uploading logs and go sleeping...
> sudo -u mayadm git checkout artifacts
Bereits auf 'artifacts'
D	maya/artifacts/logs/13470--2024-07-17--18h28---7.log
D	maya/artifacts/logs/13471--2024-07-17--19h08---1.log
D	maya/artifacts/logs/13471--2024-07-17--19h08---2.log
D	maya/artifacts/logs/13471--2024-07-17--19h08---3.log
D	maya/artifacts/logs/13471--2024-07-17--19h08---4.log
D	maya/artifacts/logs/13471--2024-07-17--19h08---5.log
D	maya/artifacts/logs/13471--2024-07-17--19h08---6.log
Ihr Branch ist auf demselben Stand wie 'origin/artifacts'.
> sudo -u mayadm git pull
Bereits aktuell.
> sudo -u mayadm git merge maya-productive
Bereits aktuell.
> sudo -u mayadm git add "../artifacts/logs/*.log" -f
> sudo -u mayadm git add -u
> sudo -u mayadm git commit -m "logs at 2024-07-17--19h49"
[artifacts 7f14b659e] logs at 2024-07-17--19h49
 8 files changed, 87 insertions(+), 87 deletions(-)
 delete mode 100644 maya/artifacts/logs/13471--2024-07-17--19h08---4.log
 rename maya/artifacts/logs/{13470--2024-07-17--18h28---7.log => 13471--2024-07-17--19h08---7.log} (61%)
 rename maya/artifacts/logs/{13471--2024-07-17--19h08---1.log => 13472--2024-07-17--19h49---1.log} (91%)
 rename maya/artifacts/logs/{13471--2024-07-17--19h08---2.log => 13472--2024-07-17--19h49---2.log} (100%)
 rename maya/artifacts/logs/{13471--2024-07-17--19h08---3.log => 13472--2024-07-17--19h49---3.log} (95%)
 create mode 100644 maya/artifacts/logs/13472--2024-07-17--19h49---4.log
 rename maya/artifacts/logs/{13471--2024-07-17--19h08---5.log => 13472--2024-07-17--19h49---5.log} (78%)
 rename maya/artifacts/logs/{13471--2024-07-17--19h08---6.log => 13472--2024-07-17--19h49---6.log} (100%)
> sudo -u mayadm git push
To https://github.com/Necktschnagge/wired-watering
   0ea6f3a02..7f14b659e  artifacts -> artifacts
> sudo -u mayadm git checkout maya-productive
Zu Zweig »maya-productive« gewechselt
Ihr Branch ist auf demselben Stand wie 'origin/maya-productive'.
> sudo -u mayadm git push
Everything up-to-date
##############################################################
###################                        ###################
###################     GOING TO SLEEP     ###################
###################                        ###################
##############################################################
#######                                                #######
#######   Press CTRL + C NOW to abort script safely!   #######
#######                                                #######
##############################################################
##############################################################
#######                                                #######
#######               NOW GOING TO SLEEP               #######
#######                                                #######
##############################################################
> rtcwake -m mem -s 2400
rtcwake: RTC wird als UTC interpretiert …
rtcwake: aufwachen von „mem“ durch /dev/rtc0 bei Wed Jul 17 18:29:47 2024
##############################################################
#######                                                #######
#######            just waked up from sleep            #######
#######                                                #######
##############################################################
%%%%%%%%%%     [6] Uploading logs and go sleeping   ...DONE!
elapsed time:   2417s
=====================================================================================================
