=====================================================================================================
%%%%%%%%%%     [6] Uploading logs and go sleeping...
> sudo -u mayadm git checkout artifacts
Bereits auf 'artifacts'
D	maya/artifacts/logs/13485--2024-07-18--04h35---7.log
D	maya/artifacts/logs/13486--2024-07-18--05h16---1.log
D	maya/artifacts/logs/13486--2024-07-18--05h16---2.log
D	maya/artifacts/logs/13486--2024-07-18--05h16---3.log
D	maya/artifacts/logs/13486--2024-07-18--05h16---4.log
D	maya/artifacts/logs/13486--2024-07-18--05h16---5.log
D	maya/artifacts/logs/13486--2024-07-18--05h16---6.log
Ihr Branch ist auf demselben Stand wie 'origin/artifacts'.
> sudo -u mayadm git pull
Bereits aktuell.
> sudo -u mayadm git merge maya-productive
Bereits aktuell.
> sudo -u mayadm git add "../artifacts/logs/*.log" -f
> sudo -u mayadm git add -u
> sudo -u mayadm git commit -m "logs at 2024-07-18--05h56"
[artifacts adc9fb349] logs at 2024-07-18--05h56
 8 files changed, 384 insertions(+), 89 deletions(-)
 delete mode 100644 maya/artifacts/logs/13486--2024-07-18--05h16---4.log
 rename maya/artifacts/logs/{13485--2024-07-18--04h35---7.log => 13486--2024-07-18--05h16---7.log} (61%)
 rename maya/artifacts/logs/{13486--2024-07-18--05h16---1.log => 13487--2024-07-18--05h56---1.log} (90%)
 rename maya/artifacts/logs/{13486--2024-07-18--05h16---2.log => 13487--2024-07-18--05h56---2.log} (97%)
 rename maya/artifacts/logs/{13486--2024-07-18--05h16---3.log => 13487--2024-07-18--05h56---3.log} (95%)
 create mode 100644 maya/artifacts/logs/13487--2024-07-18--05h56---4.log
 rename maya/artifacts/logs/{13486--2024-07-18--05h16---5.log => 13487--2024-07-18--05h56---5.log} (78%)
 rename maya/artifacts/logs/{13486--2024-07-18--05h16---6.log => 13487--2024-07-18--05h56---6.log} (100%)
> sudo -u mayadm git push
To https://github.com/Necktschnagge/wired-watering
   7ba42bd34..adc9fb349  artifacts -> artifacts
> sudo -u mayadm git checkout maya-productive
Zu Zweig »maya-productive« gewechselt
Ihr Branch ist auf demselben Stand wie 'origin/maya-productive'.
> sudo -u mayadm git push
Everything up-to-date
##############################################################
###################                        ###################
###################     GOING TO SLEEP     ###################
###################                        ###################
##############################################################
#######                                                #######
#######   Press CTRL + C NOW to abort script safely!   #######
#######                                                #######
##############################################################
##############################################################
#######                                                #######
#######               NOW GOING TO SLEEP               #######
#######                                                #######
##############################################################
> rtcwake -m mem -s 2400
rtcwake: RTC wird als UTC interpretiert …
rtcwake: aufwachen von „mem“ durch /dev/rtc0 bei Thu Jul 18 05:26:25 2024
##############################################################
#######                                                #######
#######            just waked up from sleep            #######
#######                                                #######
##############################################################
%%%%%%%%%%     [6] Uploading logs and go sleeping   ...DONE!
elapsed time:   2417s
=====================================================================================================
