=====================================================================================================
%%%%%%%%%%     [4] Run the executable...
>Please note:  Even if all builds failed, the last built executable is still there and will be started!
> sudo -u mayadm ./ur-unix-run.sh
[2024-07-19 11:22:13.223] [main] [info] Pinging Pump Server Mayson...
[2024-07-19 11:22:13.308] [main] [info] Pump Server ping OK!
[2024-07-19 11:22:13.308] [main] [info] Pinging Pump Server Mayson   ...DONE!
[2024-07-19 11:22:13.308] [main] [info] Pinging all valve stations...
[2024-07-19 11:22:15.670] [main] [info] James ping OK!
[2024-07-19 11:22:15.670] [main] [info] Lucas ping OK!
[2024-07-19 11:22:15.670] [main] [info] Felix ping OK!
[2024-07-19 11:22:15.670] [main] [info] Pinging all valve stations   ...DONE!
[2024-07-19 11:22:15.670] [main] [info] Pinging Non-Existing Test Server...
[2024-07-19 11:22:18.751] [main] [info] Pinging Non-Existing Test Server OK!
[2024-07-19 11:22:18.751] [main] [info] Pinging Non-Existing Test Server   ...DONE!
[2024-07-19 11:22:18.751] [main] [info] Creating Landscape...
[2024-07-19 11:22:18.751] [main] [info] Creating Landscape...
[2024-07-19 11:22:18.751] [main] [info] Creating Felix...
[2024-07-19 11:22:18.751] [main] [info] Creating James...
[2024-07-19 11:22:18.751] [main] [info] Creating Lucas...
[2024-07-19 11:22:18.751] [main] [info] Fetching timestamp...
std::chrono::system_clock::now().time_since_epoch()   :   1721380938751780624
get_seconds_since_epoch_now(bool verbose /* true */)   :   1721380938
minutes since epoch   :   28689682
minute of day   :   562
minute of hour   :   22
hour of day   :   9
[2024-07-19 11:22:18.751] [main] [info] Checking timestamp.txt...
[2024-07-19 11:22:18.751] [main] [debug] The timestamp.txt is always written when watering is triggered. It is read to check if I was already done with watering some minutes ago.
previous time_stamp:   28689348
[2024-07-19 11:22:18.751] [main] [info] Checking timestamp.txt   ...DONE!
[2024-07-19 11:22:18.751] [main] [info] It's not time for watering now!
[2024-07-19 11:22:18.751] [main] [info] Minute Intraday:   562
[2024-07-19 11:22:18.751] [main] [info] Days since Epoch:   19923
[2024-07-19 11:22:18.752] [main] [info] Accumulated watering times:

Felix   :          Eiben-Klee  :      0.00 min
Felix   :            Mara-alt  :      0.00 min
James   :              Erbsen  :      0.00 min
James   :          Kartoffeln  :      0.00 min
James   :              Gurken  :      0.00 min
James   :             Tomaten  :      0.00 min
Lucas   :            Karotten  :      0.00 min
Lucas   :        Heidelbeeren  :      0.00 min
Lucas   :      Bohnen-Flieder  :      0.00 min

Send request to pump relay:
URL:   http://192.168.1.10:80/status?auto=on&system=on
Response:
status code:   200
text:
{
 "server-name" : "pump-relay-mayson",
 "action" : "okay"
}
[2024-07-19 11:22:18.882] [main] [info] 
--------------------------------------------------------------
Send valves at 1721380938
http://192.168.1.20:80/status?valves=4
200
{
 "server-name" : "valve-server-james",
 "action" : "okay"
}
[2024-07-19 11:22:18.989] [main] [info] 
Switched the following valves: --->
          James:   Gurken   OFF -> ON 
                                   <---
[2024-07-19 12:42:18.989] [main] [info] 
--------------------------------------------------------------
Send valves at 1721385738
http://192.168.1.20:80/status?valves=0
200
{
 "server-name" : "valve-server-james",
 "action" : "okay"
}
[2024-07-19 12:42:19.113] [main] [info] 
Switched the following valves: --->
          James:   Gurken    ON -> OFF
                                   <---
Send request to pump relay:
URL:   http://192.168.1.10:80/status?auto=off&system=on
Response:
status code:   200
text:
{
 "server-name" : "pump-relay-mayson",
 "action" : "okay"
}
%%%%%%%%%%     [4] Run the executable   ...DONE!
elapsed time:   4806s
=====================================================================================================
