=====================================================================================================
%%%%%%%%%%     [4] Run the executable...
>Please note:  Even if all builds failed, the last built executable is still there and will be started!
> sudo -u mayadm ./ur-unix-run.sh
[2024-07-20 07:21:14.488] [main] [info] Pinging Pump Server Mayson...
[2024-07-20 07:21:16.636] [main] [info] Pump Server ping OK!
[2024-07-20 07:21:16.636] [main] [info] Pinging Pump Server Mayson   ...DONE!
[2024-07-20 07:21:16.636] [main] [info] Pinging all valve stations...
[2024-07-20 07:21:24.929] [main] [info] James ping OK!
[2024-07-20 07:21:24.929] [main] [error] Fatal: Lucas not available!
[2024-07-20 07:21:24.929] [main] [error] Fatal: Felix not available!
[2024-07-20 07:21:24.929] [main] [info] Pinging all valve stations   ...DONE!
[2024-07-20 07:21:24.929] [main] [info] Pinging Non-Existing Test Server...
[2024-07-20 07:21:28.001] [main] [info] Pinging Non-Existing Test Server OK!
[2024-07-20 07:21:28.001] [main] [info] Pinging Non-Existing Test Server   ...DONE!
[2024-07-20 07:21:28.001] [main] [info] Pinging Pump Server Mayson...
[2024-07-20 07:21:28.107] [main] [info] Pump Server ping OK!
[2024-07-20 07:21:28.107] [main] [info] Pinging Pump Server Mayson   ...DONE!
[2024-07-20 07:21:28.107] [main] [info] Pinging all valve stations...
[2024-07-20 07:21:34.337] [main] [info] James ping OK!
[2024-07-20 07:21:34.337] [main] [error] Fatal: Lucas not available!
[2024-07-20 07:21:34.337] [main] [error] Fatal: Felix not available!
[2024-07-20 07:21:34.337] [main] [info] Pinging all valve stations   ...DONE!
[2024-07-20 07:21:34.337] [main] [info] Pinging Non-Existing Test Server...
[2024-07-20 07:21:37.409] [main] [info] Pinging Non-Existing Test Server OK!
[2024-07-20 07:21:37.409] [main] [info] Pinging Non-Existing Test Server   ...DONE!
[2024-07-20 07:21:37.409] [main] [info] Pinging Pump Server Mayson...
[2024-07-20 07:21:37.510] [main] [info] Pump Server ping OK!
[2024-07-20 07:21:37.510] [main] [info] Pinging Pump Server Mayson   ...DONE!
[2024-07-20 07:21:37.510] [main] [info] Pinging all valve stations...
[2024-07-20 07:21:43.745] [main] [info] James ping OK!
[2024-07-20 07:21:43.745] [main] [error] Fatal: Lucas not available!
[2024-07-20 07:21:43.745] [main] [error] Fatal: Felix not available!
[2024-07-20 07:21:43.745] [main] [info] Pinging all valve stations   ...DONE!
[2024-07-20 07:21:43.745] [main] [info] Pinging Non-Existing Test Server...
[2024-07-20 07:21:46.817] [main] [info] Pinging Non-Existing Test Server OK!
[2024-07-20 07:21:46.817] [main] [info] Pinging Non-Existing Test Server   ...DONE!
[2024-07-20 07:21:46.817] [main] [info] Pinging Pump Server Mayson...
[2024-07-20 07:21:47.106] [main] [info] Pump Server ping OK!
[2024-07-20 07:21:47.106] [main] [info] Pinging Pump Server Mayson   ...DONE!
[2024-07-20 07:21:47.106] [main] [info] Pinging all valve stations...
[2024-07-20 07:21:52.481] [main] [info] James ping OK!
[2024-07-20 07:21:52.481] [main] [info] Lucas ping OK!
[2024-07-20 07:21:52.481] [main] [error] Fatal: Felix not available!
[2024-07-20 07:21:52.481] [main] [info] Pinging all valve stations   ...DONE!
[2024-07-20 07:21:52.481] [main] [info] Pinging Non-Existing Test Server...
[2024-07-20 07:21:55.553] [main] [info] Pinging Non-Existing Test Server OK!
[2024-07-20 07:21:55.553] [main] [info] Pinging Non-Existing Test Server   ...DONE!
[2024-07-20 07:21:55.553] [main] [info] Pinging Pump Server Mayson...
[2024-07-20 07:21:55.604] [main] [info] Pump Server ping OK!
[2024-07-20 07:21:55.604] [main] [info] Pinging Pump Server Mayson   ...DONE!
[2024-07-20 07:21:55.604] [main] [info] Pinging all valve stations...
[2024-07-20 07:21:58.913] [main] [info] James ping OK!
[2024-07-20 07:21:58.913] [main] [info] Lucas ping OK!
[2024-07-20 07:21:58.913] [main] [error] Fatal: Felix not available!
[2024-07-20 07:21:58.913] [main] [info] Pinging all valve stations   ...DONE!
[2024-07-20 07:21:58.913] [main] [info] Pinging Non-Existing Test Server...
[2024-07-20 07:22:01.985] [main] [info] Pinging Non-Existing Test Server OK!
[2024-07-20 07:22:01.985] [main] [info] Pinging Non-Existing Test Server   ...DONE!
[2024-07-20 07:22:01.985] [main] [info] Pinging Pump Server Mayson...
[2024-07-20 07:22:02.052] [main] [info] Pump Server ping OK!
[2024-07-20 07:22:02.052] [main] [info] Pinging Pump Server Mayson   ...DONE!
[2024-07-20 07:22:02.052] [main] [info] Pinging all valve stations...
[2024-07-20 07:22:05.569] [main] [info] James ping OK!
[2024-07-20 07:22:05.569] [main] [info] Lucas ping OK!
[2024-07-20 07:22:05.569] [main] [error] Fatal: Felix not available!
[2024-07-20 07:22:05.569] [main] [info] Pinging all valve stations   ...DONE!
[2024-07-20 07:22:05.569] [main] [info] Pinging Non-Existing Test Server...
[2024-07-20 07:22:08.641] [main] [info] Pinging Non-Existing Test Server OK!
[2024-07-20 07:22:08.641] [main] [info] Pinging Non-Existing Test Server   ...DONE!
[2024-07-20 07:22:08.641] [main] [info] Pinging Pump Server Mayson...
[2024-07-20 07:22:08.702] [main] [info] Pump Server ping OK!
[2024-07-20 07:22:08.702] [main] [info] Pinging Pump Server Mayson   ...DONE!
[2024-07-20 07:22:08.702] [main] [info] Pinging all valve stations...
[2024-07-20 07:22:09.346] [main] [info] James ping OK!
[2024-07-20 07:22:09.346] [main] [info] Lucas ping OK!
[2024-07-20 07:22:09.346] [main] [info] Felix ping OK!
[2024-07-20 07:22:09.346] [main] [info] Pinging all valve stations   ...DONE!
[2024-07-20 07:22:09.346] [main] [info] Pinging Non-Existing Test Server...
[2024-07-20 07:22:12.417] [main] [info] Pinging Non-Existing Test Server OK!
[2024-07-20 07:22:12.417] [main] [info] Pinging Non-Existing Test Server   ...DONE!
[2024-07-20 07:22:12.417] [main] [info] Creating Landscape...
[2024-07-20 07:22:12.417] [main] [info] Creating Landscape...
[2024-07-20 07:22:12.417] [main] [info] Creating Felix...
[2024-07-20 07:22:12.417] [main] [info] Creating James...
[2024-07-20 07:22:12.417] [main] [info] Creating Lucas...
[2024-07-20 07:22:12.417] [main] [info] Fetching timestamp...
std::chrono::system_clock::now().time_since_epoch()   :   1721452932417764052
get_seconds_since_epoch_now(bool verbose /* true */)   :   1721452932
minutes since epoch   :   28690882
minute of day   :   322
minute of hour   :   22
hour of day   :   5
[2024-07-20 07:22:12.417] [main] [info] Checking timestamp.txt...
[2024-07-20 07:22:12.417] [main] [debug] The timestamp.txt is always written when watering is triggered. It is read to check if I was already done with watering some minutes ago.
previous time_stamp:   28690776
[2024-07-20 07:22:12.417] [main] [info] Checking timestamp.txt   ...DONE!
[2024-07-20 07:22:12.417] [main] [info] It's not time for watering now!
[2024-07-20 07:22:12.418] [main] [info] Minute Intraday:   322
[2024-07-20 07:22:12.418] [main] [info] Days since Epoch:   19924
[2024-07-20 07:22:12.418] [main] [info] Accumulated watering times:

Felix   :          Eiben-Klee  :      0.00 min
Felix   :            Mara-alt  :      0.00 min
James   :              Erbsen  :      0.00 min
James   :          Kartoffeln  :      0.00 min
James   :              Gurken  :      0.00 min
James   :             Tomaten  :      0.00 min
Lucas   :            Karotten  :      0.00 min
Lucas   :        Heidelbeeren  :      0.00 min
Lucas   :      Bohnen-Flieder  :      0.00 min

%%%%%%%%%%     [4] Run the executable   ...DONE!
elapsed time:   58s
=====================================================================================================
