=====================================================================================================
%%%%%%%%%%     [4] Run the executable...
>Please note:  Even if all builds failed, the last built executable is still there and will be started!
> sudo -u mayadm ./ur-unix-run.sh
[2024-07-22 08:12:53.178] [main] [info] Pinging Pump Server Mayson...
[2024-07-22 08:12:53.245] [main] [info] Pump Server ping OK!
[2024-07-22 08:12:53.245] [main] [info] Pinging Pump Server Mayson   ...DONE!
[2024-07-22 08:12:53.245] [main] [info] Pinging all valve stations...
[2024-07-22 08:13:03.470] [main] [info] James ping OK!
[2024-07-22 08:13:03.470] [main] [error] Fatal: Lucas not available!
[2024-07-22 08:13:03.470] [main] [info] Felix ping OK!
[2024-07-22 08:13:03.470] [main] [info] Pinging all valve stations   ...DONE!
[2024-07-22 08:13:03.471] [main] [info] Pinging Non-Existing Test Server...
[2024-07-22 08:13:06.553] [main] [info] Pinging Non-Existing Test Server OK!
[2024-07-22 08:13:06.553] [main] [info] Pinging Non-Existing Test Server   ...DONE!
[2024-07-22 08:13:06.553] [main] [info] Pinging Pump Server Mayson...
[2024-07-22 08:13:06.649] [main] [info] Pump Server ping OK!
[2024-07-22 08:13:06.649] [main] [info] Pinging Pump Server Mayson   ...DONE!
[2024-07-22 08:13:06.649] [main] [info] Pinging all valve stations...
[2024-07-22 08:13:16.849] [main] [info] James ping OK!
[2024-07-22 08:13:16.849] [main] [info] Lucas ping OK!
[2024-07-22 08:13:16.849] [main] [error] Fatal: Felix not available!
[2024-07-22 08:13:16.849] [main] [info] Pinging all valve stations   ...DONE!
[2024-07-22 08:13:16.849] [main] [info] Pinging Non-Existing Test Server...
[2024-07-22 08:13:19.929] [main] [info] Pinging Non-Existing Test Server OK!
[2024-07-22 08:13:19.929] [main] [info] Pinging Non-Existing Test Server   ...DONE!
[2024-07-22 08:13:19.929] [main] [info] Pinging Pump Server Mayson...
[2024-07-22 08:13:20.054] [main] [info] Pump Server ping OK!
[2024-07-22 08:13:20.054] [main] [info] Pinging Pump Server Mayson   ...DONE!
[2024-07-22 08:13:20.054] [main] [info] Pinging all valve stations...
[2024-07-22 08:13:30.480] [main] [info] James ping OK!
[2024-07-22 08:13:30.480] [main] [info] Lucas ping OK!
[2024-07-22 08:13:30.480] [main] [error] Fatal: Felix not available!
[2024-07-22 08:13:30.480] [main] [info] Pinging all valve stations   ...DONE!
[2024-07-22 08:13:30.480] [main] [info] Pinging Non-Existing Test Server...
[2024-07-22 08:13:33.561] [main] [info] Pinging Non-Existing Test Server OK!
[2024-07-22 08:13:33.561] [main] [info] Pinging Non-Existing Test Server   ...DONE!
[2024-07-22 08:13:33.561] [main] [info] Pinging Pump Server Mayson...
[2024-07-22 08:13:33.684] [main] [info] Pump Server ping OK!
[2024-07-22 08:13:33.684] [main] [info] Pinging Pump Server Mayson   ...DONE!
[2024-07-22 08:13:33.684] [main] [info] Pinging all valve stations...
[2024-07-22 08:13:34.192] [main] [info] James ping OK!
[2024-07-22 08:13:34.192] [main] [info] Lucas ping OK!
[2024-07-22 08:13:34.192] [main] [info] Felix ping OK!
[2024-07-22 08:13:34.192] [main] [info] Pinging all valve stations   ...DONE!
[2024-07-22 08:13:34.192] [main] [info] Pinging Non-Existing Test Server...
[2024-07-22 08:13:37.273] [main] [info] Pinging Non-Existing Test Server OK!
[2024-07-22 08:13:37.273] [main] [info] Pinging Non-Existing Test Server   ...DONE!
[2024-07-22 08:13:37.273] [main] [info] Creating Landscape...
[2024-07-22 08:13:37.273] [main] [info] Creating Landscape...
[2024-07-22 08:13:37.273] [main] [info] Creating Felix...
[2024-07-22 08:13:37.273] [main] [info] Creating James...
[2024-07-22 08:13:37.273] [main] [info] Creating Lucas...
[2024-07-22 08:13:37.273] [main] [info] Fetching timestamp...
std::chrono::system_clock::now().time_since_epoch()   :   1721628817273203199
get_seconds_since_epoch_now(bool verbose /* true */)   :   1721628817
minutes since epoch   :   28693813
minute of day   :   373
minute of hour   :   13
hour of day   :   6
[2024-07-22 08:13:37.273] [main] [info] Checking timestamp.txt...
[2024-07-22 08:13:37.273] [main] [debug] The timestamp.txt is always written when watering is triggered. It is read to check if I was already done with watering some minutes ago.
previous time_stamp:   28693667
[2024-07-22 08:13:37.273] [main] [info] Checking timestamp.txt   ...DONE!
[2024-07-22 08:13:37.273] [main] [info] It's not time for watering now!
[2024-07-22 08:13:37.273] [main] [info] Minute Intraday:   373
[2024-07-22 08:13:37.273] [main] [info] Days since Epoch:   19926
[2024-07-22 08:13:37.273] [main] [info] Accumulated watering times:

Felix   :          Eiben-Klee  :      0.00 min
Felix   :            Mara-alt  :      0.00 min
James   :              Erbsen  :      0.00 min
James   :          Kartoffeln  :      0.00 min
James   :              Gurken  :      0.00 min
James   :             Tomaten  :      0.00 min
Lucas   :            Karotten  :      0.00 min
Lucas   :        Heidelbeeren  :      0.00 min
Lucas   :      Bohnen-Flieder  :      0.00 min

%%%%%%%%%%     [4] Run the executable   ...DONE!
elapsed time:   44s
=====================================================================================================
