=====================================================================================================
%%%%%%%%%%     [6] Uploading logs and go sleeping...
> sudo -u mayadm git checkout artifacts
Bereits auf 'artifacts'
D	maya/artifacts/logs/13624--2024-07-22--09h34---7.log
D	maya/artifacts/logs/13625--2024-07-22--10h15---1.log
D	maya/artifacts/logs/13625--2024-07-22--10h15---2.log
D	maya/artifacts/logs/13625--2024-07-22--10h15---3.log
D	maya/artifacts/logs/13625--2024-07-22--10h15---4.log
D	maya/artifacts/logs/13625--2024-07-22--10h15---5.log
D	maya/artifacts/logs/13625--2024-07-22--10h15---6.log
Ihr Branch ist auf demselben Stand wie 'origin/artifacts'.
> sudo -u mayadm git pull
Bereits aktuell.
> sudo -u mayadm git merge maya-productive
Bereits aktuell.
> sudo -u mayadm git add "../artifacts/logs/*.log" -f
> sudo -u mayadm git add -u
> sudo -u mayadm git commit -m "logs at 2024-07-22--10h55"
[artifacts 2bac652db] logs at 2024-07-22--10h55
 8 files changed, 84 insertions(+), 84 deletions(-)
 delete mode 100644 maya/artifacts/logs/13625--2024-07-22--10h15---4.log
 rename maya/artifacts/logs/{13624--2024-07-22--09h34---7.log => 13625--2024-07-22--10h15---7.log} (62%)
 rename maya/artifacts/logs/{13625--2024-07-22--10h15---1.log => 13626--2024-07-22--10h55---1.log} (91%)
 rename maya/artifacts/logs/{13625--2024-07-22--10h15---2.log => 13626--2024-07-22--10h55---2.log} (100%)
 rename maya/artifacts/logs/{13625--2024-07-22--10h15---3.log => 13626--2024-07-22--10h55---3.log} (96%)
 create mode 100644 maya/artifacts/logs/13626--2024-07-22--10h55---4.log
 rename maya/artifacts/logs/{13625--2024-07-22--10h15---5.log => 13626--2024-07-22--10h55---5.log} (78%)
 rename maya/artifacts/logs/{13625--2024-07-22--10h15---6.log => 13626--2024-07-22--10h55---6.log} (100%)
> sudo -u mayadm git push
To https://github.com/Necktschnagge/wired-watering
   9740fcfd8..2bac652db  artifacts -> artifacts
> sudo -u mayadm git checkout maya-productive
Zu Zweig »maya-productive« gewechselt
Ihr Branch ist auf demselben Stand wie 'origin/maya-productive'.
> sudo -u mayadm git push
Everything up-to-date
##############################################################
###################                        ###################
###################     GOING TO SLEEP     ###################
###################                        ###################
##############################################################
#######                                                #######
#######   Press CTRL + C NOW to abort script safely!   #######
#######                                                #######
##############################################################
##############################################################
#######                                                #######
#######               NOW GOING TO SLEEP               #######
#######                                                #######
##############################################################
> rtcwake -m mem -s 2400
rtcwake: RTC wird als UTC interpretiert …
rtcwake: aufwachen von „mem“ durch /dev/rtc0 bei Mon Jul 22 09:35:57 2024
##############################################################
#######                                                #######
#######            just waked up from sleep            #######
#######                                                #######
##############################################################
%%%%%%%%%%     [6] Uploading logs and go sleeping   ...DONE!
elapsed time:   2416s
=====================================================================================================
