=====================================================================================================
%%%%%%%%%%     [3] Switching to new branch and building sources...


%%%%%%%%%%     [3.1] Switching to new branch and updating git submodules...
Determining working branch name...
branch name:   routine-26498196-1655633384
Switching to working branch...
> sudo -u mayadm git switch -c routine-26498196-1655633384
Zu neuem Branch 'routine-26498196-1655633384' gewechselt
Updating git submodules...
> timeout 240m sudo -u mayadm git submodule update --init --recursive
Klone nach '/home/mayadm/repos/wired-watering/maya/extern/spdlog' …
fatal: Die Gegenseite hat unerwartet abgebrochen.
fatal: zu frühes Dateiende
fatal: index-pack fehlgeschlagen
fatal: klonen von »https://github.com/gabime/spdlog« in Submodul-Pfad »/home/mayadm/repos/wired-watering/maya/extern/spdlog« fehlgeschlagen
Fehler beim Klonen von 'maya/extern/spdlog'. Weiterer Versuch geplant
Klone nach '/home/mayadm/repos/wired-watering/maya/extern/spdlog' …
fatal: Die Gegenseite hat unerwartet abgebrochen.
fatal: zu frühes Dateiende
fatal: index-pack fehlgeschlagen
fatal: klonen von »https://github.com/gabime/spdlog« in Submodul-Pfad »/home/mayadm/repos/wired-watering/maya/extern/spdlog« fehlgeschlagen
Zweiter Versuch 'maya/extern/spdlog' zu klonen fehlgeschlagen, breche ab.
git submodul update FAILED!
%%%%%%%%%%     [3.2] Creating project and building sources (incremental build)...
> timeout 60m sudo -u mayadm ./ucp-unix-create-project.sh
sudo: ./ucp-unix-create-project.sh: Befehl nicht gefunden
%%%%%%%%%%     [3.3] Creating project and building sources (clean build)...
> timeout 60m sudo -u mayadm ./uc-unix-clean.sh
> timeout 60m sudo -u mayadm ./ucp-unix-create-project.sh
sudo: ./ucp-unix-create-project.sh: Befehl nicht gefunden
%%%%%%%%%%     [3.4] Creating project and building sources (fallback clean build)...
> sudo -u mayadm git add * && sudo -u mayadm git add -u && sudo -u mayadm git fetch origin && sudo -u mayadm git reset --hard origin/maya-fallback
HEAD ist jetzt bei 93efe33 adjust sleep time to 1200s
> timeout 60m sudo -u mayadm ./uc-unix-clean.sh
> timeout 60m sudo -u mayadm ./ucp-unix-create-project.sh
sudo: ./ucp-unix-create-project.sh: Befehl nicht gefunden
**********************************************************
************                                  ************
************   FATAL! ALL BUILDS FAILED !!!   ************
************                                  ************
**********************************************************
%%%%%%%%%%     [3] Switching to new branch and building sources   ...DONE!
=====================================================================================================
