=====================================================================================================
%%%%%%%%%%     [4] Run the executable...
>Please note:  Even if all builds failed, the last built executable is still there and will be started!
> sudo -u mayadm ./ur-unix-run.sh
[2024-07-22 05:47:36.947] [main] [info] Pinging Pump Server Mayson...
[2024-07-22 05:47:38.022] [main] [info] Pump Server ping OK!
[2024-07-22 05:47:38.022] [main] [info] Pinging Pump Server Mayson   ...DONE!
[2024-07-22 05:47:38.022] [main] [info] Pinging all valve stations...
[2024-07-22 05:47:38.326] [main] [info] James ping OK!
[2024-07-22 05:47:38.326] [main] [info] Lucas ping OK!
[2024-07-22 05:47:38.326] [main] [info] Felix ping OK!
[2024-07-22 05:47:38.326] [main] [info] Pinging all valve stations   ...DONE!
[2024-07-22 05:47:38.326] [main] [info] Pinging Non-Existing Test Server...
[2024-07-22 05:47:41.402] [main] [info] Pinging Non-Existing Test Server OK!
[2024-07-22 05:47:41.402] [main] [info] Pinging Non-Existing Test Server   ...DONE!
[2024-07-22 05:47:41.402] [main] [info] Creating Landscape...
[2024-07-22 05:47:41.402] [main] [info] Creating Landscape...
[2024-07-22 05:47:41.402] [main] [info] Creating Felix...
[2024-07-22 05:47:41.402] [main] [info] Creating James...
[2024-07-22 05:47:41.402] [main] [info] Creating Lucas...
[2024-07-22 05:47:41.402] [main] [info] Fetching timestamp...
std::chrono::system_clock::now().time_since_epoch()   :   1721620061402477770
get_seconds_since_epoch_now(bool verbose /* true */)   :   1721620061
minutes since epoch   :   28693667
minute of day   :   227
minute of hour   :   47
hour of day   :   3
[2024-07-22 05:47:41.402] [main] [info] Checking timestamp.txt...
[2024-07-22 05:47:41.402] [main] [debug] The timestamp.txt is always written when watering is triggered. It is read to check if I was already done with watering some minutes ago.
previous time_stamp:   28692221
[2024-07-22 05:47:41.402] [main] [info] Checking timestamp.txt   ...DONE!
Wrote to timestamp.txt
Send request to pump relay:
URL:   http://192.168.1.10:80/status?auto=off&system=off&manual=off
Response:
status code:   200
text:
{
 "server-name" : "pump-relay-mayson",
 "action" : "okay"
}
[2024-07-22 05:47:41.957] [main] [info] 
--------------------------------------------------------------
Send valves at 1721620061
http://192.168.1.22:80/status?valves=1
200
{
 "server-name" : "valve-server-felix",
 "action" : "okay"
}
[2024-07-22 05:47:42.060] [main] [info] 
Switched the following valves: --->
          Felix:   Eiben-Klee   OFF -> ON 
                                   <---
Send request to pump relay:
URL:   http://192.168.1.10:80/status?auto=on&system=on
Response:
status code:   200
text:
{
 "server-name" : "pump-relay-mayson",
 "action" : "okay"
}
[2024-07-22 05:49:12.183] [main] [info] 
--------------------------------------------------------------
Send valves at 1721620152
http://192.168.1.22:80/status?valves=0
200
{
 "server-name" : "valve-server-felix",
 "action" : "okay"
}
[2024-07-22 05:49:12.331] [main] [info] 
Switched the following valves: --->
          Felix:   Eiben-Klee    ON -> OFF
                                   <---
[2024-07-22 05:49:12.332] [main] [info] 
--------------------------------------------------------------
Send valves at 1721620152
http://192.168.1.20:80/status?valves=0
200
{
 "server-name" : "valve-server-james",
 "action" : "okay"
}
[2024-07-22 05:49:12.434] [main] [info] 
Switched the following valves: --->
                                   <---
[2024-07-22 05:49:12.434] [main] [info] 
--------------------------------------------------------------
Send valves at 1721620152
http://192.168.1.21:80/status?valves=0
200
{
 "server-name" : "valve-server-lucas",
 "action" : "okay"
}
[2024-07-22 05:49:12.522] [main] [info] 
Switched the following valves: --->
                                   <---
[2024-07-22 05:49:12.522] [main] [info] 
--------------------------------------------------------------
Send valves at 1721620152
http://192.168.1.21:80/status?valves=2
200
{
 "server-name" : "valve-server-lucas",
 "action" : "okay"
}
[2024-07-22 05:49:12.564] [main] [info] 
Switched the following valves: --->
          Lucas:   Heidelbeeren   OFF -> ON 
                                   <---
[2024-07-22 05:49:12.564] [main] [info] 
--------------------------------------------------------------
Send valves at 1721620152
http://192.168.1.20:80/status?valves=1
200
{
 "server-name" : "valve-server-james",
 "action" : "okay"
}
[2024-07-22 05:49:12.724] [main] [info] 
Switched the following valves: --->
          James:   Erbsen   OFF -> ON 
                                   <---
[2024-07-22 05:49:12.724] [main] [info] 
--------------------------------------------------------------
Send valves at 1721620152
http://192.168.1.22:80/status?valves=2
200
{
 "server-name" : "valve-server-felix",
 "action" : "okay"
}
[2024-07-22 05:49:12.832] [main] [info] 
Switched the following valves: --->
          Felix:   Mara-alt   OFF -> ON 
                                   <---
[2024-07-22 05:49:12.832] [main] [info] 
--------------------------------------------------------------
Send valves at 1721620152
http://192.168.1.21:80/status?valves=6
200
{
 "server-name" : "valve-server-lucas",
 "action" : "okay"
}
[2024-07-22 05:49:12.939] [main] [info] 
Switched the following valves: --->
          Lucas:   Bohnen-Flieder   OFF -> ON 
                                   <---
[2024-07-22 05:49:12.939] [main] [info] 
--------------------------------------------------------------
Send valves at 1721620152
http://192.168.1.20:80/status?valves=3
200
{
 "server-name" : "valve-server-james",
 "action" : "okay"
}
[2024-07-22 05:49:13.032] [main] [info] 
Switched the following valves: --->
          James:   Kartoffeln   OFF -> ON 
                                   <---
[2024-07-22 06:19:13.035] [main] [info] 
--------------------------------------------------------------
Send valves at 1721621953
http://192.168.1.22:80/status?valves=0
200
{
 "server-name" : "valve-server-felix",
 "action" : "okay"
}
[2024-07-22 06:19:13.178] [main] [info] 
Switched the following valves: --->
          Felix:   Mara-alt    ON -> OFF
                                   <---
[2024-07-22 06:19:13.178] [main] [info] 
--------------------------------------------------------------
Send valves at 1721621953
http://192.168.1.20:80/status?valves=0
200
{
 "server-name" : "valve-server-james",
 "action" : "okay"
}
[2024-07-22 06:19:13.673] [main] [info] 
Switched the following valves: --->
          James:   Erbsen    ON -> OFF
          James:   Kartoffeln    ON -> OFF
                                   <---
[2024-07-22 06:19:13.673] [main] [info] 
--------------------------------------------------------------
Send valves at 1721621953
http://192.168.1.21:80/status?valves=0
200
{
 "server-name" : "valve-server-lucas",
 "action" : "okay"
}
[2024-07-22 06:19:13.809] [main] [info] 
Switched the following valves: --->
          Lucas:   Heidelbeeren    ON -> OFF
          Lucas:   Bohnen-Flieder    ON -> OFF
                                   <---
[2024-07-22 06:19:13.809] [main] [info] 
--------------------------------------------------------------
Send valves at 1721621953
http://192.168.1.21:80/status?valves=4
200
{
 "server-name" : "valve-server-lucas",
 "action" : "okay"
}
[2024-07-22 06:19:13.918] [main] [info] 
Switched the following valves: --->
          Lucas:   Bohnen-Flieder   OFF -> ON 
                                   <---
[2024-07-22 06:34:13.025] [main] [info] 
--------------------------------------------------------------
Send valves at 1721622853
http://192.168.1.22:80/status?valves=0
200
{
 "server-name" : "valve-server-felix",
 "action" : "okay"
}
[2024-07-22 06:34:13.657] [main] [info] 
Switched the following valves: --->
                                   <---
[2024-07-22 06:34:13.657] [main] [info] 
--------------------------------------------------------------
Send valves at 1721622853
http://192.168.1.20:80/status?valves=0
200
{
 "server-name" : "valve-server-james",
 "action" : "okay"
}
[2024-07-22 06:34:14.953] [main] [info] 
Switched the following valves: --->
                                   <---
[2024-07-22 06:34:14.953] [main] [info] 
--------------------------------------------------------------
Send valves at 1721622854
http://192.168.1.21:80/status?valves=0
200
{
 "server-name" : "valve-server-lucas",
 "action" : "okay"
}
[2024-07-22 06:34:15.498] [main] [info] 
Switched the following valves: --->
          Lucas:   Bohnen-Flieder    ON -> OFF
                                   <---
[2024-07-22 06:34:15.498] [main] [info] 
--------------------------------------------------------------
Send valves at 1721622855
http://192.168.1.22:80/status?valves=1
200
{
 "server-name" : "valve-server-felix",
 "action" : "okay"
}
[2024-07-22 06:34:15.640] [main] [info] 
Switched the following valves: --->
          Felix:   Eiben-Klee   OFF -> ON 
                                   <---
[2024-07-22 06:34:15.640] [main] [info] 
--------------------------------------------------------------
Send valves at 1721622855
http://192.168.1.20:80/status?valves=1
200
{
 "server-name" : "valve-server-james",
 "action" : "okay"
}
[2024-07-22 06:34:16.894] [main] [info] 
Switched the following valves: --->
          James:   Erbsen   OFF -> ON 
                                   <---
[2024-07-22 06:49:16.040] [main] [info] 
--------------------------------------------------------------
Send valves at 1721623756
http://192.168.1.22:80/status?valves=0
200
{
 "server-name" : "valve-server-felix",
 "action" : "okay"
}
[2024-07-22 06:49:16.933] [main] [info] 
Switched the following valves: --->
          Felix:   Eiben-Klee    ON -> OFF
                                   <---
[2024-07-22 06:49:16.933] [main] [info] 
--------------------------------------------------------------
Send valves at 1721623756
http://192.168.1.20:80/status?valves=0
200
{
 "server-name" : "valve-server-james",
 "action" : "okay"
}
[2024-07-22 06:49:20.137] [main] [info] 
Switched the following valves: --->
          James:   Erbsen    ON -> OFF
                                   <---
[2024-07-22 06:49:20.137] [main] [info] 
--------------------------------------------------------------
Send valves at 1721623760
http://192.168.1.21:80/status?valves=0
200
{
 "server-name" : "valve-server-lucas",
 "action" : "okay"
}
[2024-07-22 06:49:21.241] [main] [info] 
Switched the following valves: --->
                                   <---
Send request to pump relay:
URL:   http://192.168.1.10:80/status?auto=off
Response:
status code:   200
text:
{
 "server-name" : "pump-relay-mayson",
 "action" : "okay"
}
[2024-07-22 06:49:51.300] [main] [info] 
--------------------------------------------------------------
Send valves at 1721623791
http://192.168.1.22:80/status?valves=1
200
{
 "server-name" : "valve-server-felix",
 "action" : "okay"
}
[2024-07-22 06:49:54.979] [main] [info] 
Switched the following valves: --->
          Felix:   Eiben-Klee   OFF -> ON 
                                   <---
[2024-07-22 06:51:54.059] [main] [info] 
--------------------------------------------------------------
Send valves at 1721623914
http://192.168.1.22:80/status?valves=0
200
{
 "server-name" : "valve-server-felix",
 "action" : "okay"
}
[2024-07-22 06:51:57.368] [main] [info] 
Switched the following valves: --->
          Felix:   Eiben-Klee    ON -> OFF
                                   <---
[2024-07-22 06:51:57.368] [main] [info] 
--------------------------------------------------------------
Send valves at 1721623917
http://192.168.1.20:80/status?valves=0
200
{
 "server-name" : "valve-server-james",
 "action" : "okay"
}
[2024-07-22 06:51:57.459] [main] [info] 
Switched the following valves: --->
                                   <---
[2024-07-22 06:51:57.459] [main] [info] 
--------------------------------------------------------------
Send valves at 1721623917
http://192.168.1.21:80/status?valves=0
200
{
 "server-name" : "valve-server-lucas",
 "action" : "okay"
}
[2024-07-22 06:51:57.527] [main] [info] 
Switched the following valves: --->
                                   <---
[2024-07-22 06:51:57.527] [main] [info] Accumulated watering times:

Felix   :          Eiben-Klee  :     18.57 min
Felix   :            Mara-alt  :     30.01 min
James   :              Erbsen  :     45.07 min
James   :          Kartoffeln  :     30.01 min
James   :              Gurken  :      0.00 min
James   :             Tomaten  :      0.00 min
Lucas   :            Karotten  :      0.00 min
Lucas   :        Heidelbeeren  :     30.02 min
Lucas   :      Bohnen-Flieder  :     45.04 min

%%%%%%%%%%     [4] Run the executable   ...DONE!
elapsed time:   3861s
=====================================================================================================
