=====================================================================================================
%%%%%%%%%%     [6] Uploading logs and go sleeping...
> sudo -u mayadm git checkout artifacts
Bereits auf 'artifacts'
D	maya/artifacts/logs/13641--2024-07-22--21h03---7.log
D	maya/artifacts/logs/13642--2024-07-22--21h43---1.log
D	maya/artifacts/logs/13642--2024-07-22--21h43---2.log
D	maya/artifacts/logs/13642--2024-07-22--21h43---3.log
D	maya/artifacts/logs/13642--2024-07-22--21h43---4.log
D	maya/artifacts/logs/13642--2024-07-22--21h43---5.log
D	maya/artifacts/logs/13642--2024-07-22--21h43---6.log
Ihr Branch ist auf demselben Stand wie 'origin/artifacts'.
> sudo -u mayadm git pull
Bereits aktuell.
> sudo -u mayadm git merge maya-productive
Merge made by the 'recursive' strategy.
 maya/src/main.cpp | 112 +++++++++++++++++++++++++++++++-----------------------
 1 file changed, 65 insertions(+), 47 deletions(-)
> sudo -u mayadm git add "../artifacts/logs/*.log" -f
> sudo -u mayadm git add -u
> sudo -u mayadm git commit -m "logs at 2024-07-22--22h24"
[artifacts 9cea87956] logs at 2024-07-22--22h24
 8 files changed, 107 insertions(+), 107 deletions(-)
 delete mode 100644 maya/artifacts/logs/13642--2024-07-22--21h43---4.log
 rename maya/artifacts/logs/{13641--2024-07-22--21h03---7.log => 13642--2024-07-22--21h43---7.log} (61%)
 rename maya/artifacts/logs/{13642--2024-07-22--21h43---1.log => 13643--2024-07-22--22h24---1.log} (91%)
 rename maya/artifacts/logs/{13642--2024-07-22--21h43---2.log => 13643--2024-07-22--22h24---2.log} (61%)
 rename maya/artifacts/logs/{13642--2024-07-22--21h43---3.log => 13643--2024-07-22--22h24---3.log} (85%)
 create mode 100644 maya/artifacts/logs/13643--2024-07-22--22h24---4.log
 rename maya/artifacts/logs/{13642--2024-07-22--21h43---5.log => 13643--2024-07-22--22h24---5.log} (71%)
 rename maya/artifacts/logs/{13642--2024-07-22--21h43---6.log => 13643--2024-07-22--22h24---6.log} (100%)
> sudo -u mayadm git push
To https://github.com/Necktschnagge/wired-watering
   e7b2b4cd2..9cea87956  artifacts -> artifacts
> sudo -u mayadm git checkout maya-productive
Zu Zweig »maya-productive« gewechselt
Ihr Branch ist auf demselben Stand wie 'origin/maya-productive'.
> sudo -u mayadm git push
Everything up-to-date
##############################################################
###################                        ###################
###################     GOING TO SLEEP     ###################
###################                        ###################
##############################################################
#######                                                #######
#######   Press CTRL + C NOW to abort script safely!   #######
#######                                                #######
##############################################################
##############################################################
#######                                                #######
#######               NOW GOING TO SLEEP               #######
#######                                                #######
##############################################################
> rtcwake -m mem -s 2400
rtcwake: RTC wird als UTC interpretiert …
rtcwake: aufwachen von „mem“ durch /dev/rtc0 bei Mon Jul 22 21:05:28 2024
##############################################################
#######                                                #######
#######            just waked up from sleep            #######
#######                                                #######
##############################################################
%%%%%%%%%%     [6] Uploading logs and go sleeping   ...DONE!
elapsed time:   2417s
=====================================================================================================
