=====================================================================================================
%%%%%%%%%%     [4] Run the executable...
>Please note:  Even if all builds failed, the last built executable is still there and will be started!
> sudo -u mayadm ./ur-unix-run.sh
[2024-07-22 21:44:01.618] [main] [info] Pinging Pump Server Mayson...
[2024-07-22 21:44:02.781] [main] [info] Pump Server ping OK!
[2024-07-22 21:44:02.781] [main] [info] Pinging Pump Server Mayson   ...DONE!
[2024-07-22 21:44:02.781] [main] [info] Pinging all valve stations...
[2024-07-22 21:44:08.050] [main] [info] James ping OK!
[2024-07-22 21:44:08.050] [main] [info] Lucas ping OK!
[2024-07-22 21:44:08.050] [main] [error] Fatal: Felix not available!
[2024-07-22 21:44:08.050] [main] [info] Pinging all valve stations   ...DONE!
[2024-07-22 21:44:08.051] [main] [info] Pinging Non-Existing Test Server...
[2024-07-22 21:44:11.122] [main] [info] Pinging Non-Existing Test Server OK!
[2024-07-22 21:44:11.122] [main] [info] Pinging Non-Existing Test Server   ...DONE!
[2024-07-22 21:44:11.122] [main] [info] Pinging Pump Server Mayson...
[2024-07-22 21:44:11.228] [main] [info] Pump Server ping OK!
[2024-07-22 21:44:11.228] [main] [info] Pinging Pump Server Mayson   ...DONE!
[2024-07-22 21:44:11.228] [main] [info] Pinging all valve stations...
[2024-07-22 21:44:11.532] [main] [info] James ping OK!
[2024-07-22 21:44:11.532] [main] [info] Lucas ping OK!
[2024-07-22 21:44:11.532] [main] [info] Felix ping OK!
[2024-07-22 21:44:11.532] [main] [info] Pinging all valve stations   ...DONE!
[2024-07-22 21:44:11.532] [main] [info] Pinging Non-Existing Test Server...
[2024-07-22 21:44:14.610] [main] [info] Pinging Non-Existing Test Server OK!
[2024-07-22 21:44:14.610] [main] [info] Pinging Non-Existing Test Server   ...DONE!
[2024-07-22 21:44:14.610] [main] [info] Creating Landscape...
[2024-07-22 21:44:14.610] [main] [info] Creating Landscape...
[2024-07-22 21:44:14.610] [main] [info] Creating Felix...
[2024-07-22 21:44:14.610] [main] [info] Creating James...
[2024-07-22 21:44:14.611] [main] [info] Creating Lucas...
[2024-07-22 21:44:14.611] [main] [info] Fetching timestamp...
std::chrono::system_clock::now().time_since_epoch()   :   1721677454611034249
get_seconds_since_epoch_now(bool verbose /* true */)   :   1721677454
minutes since epoch   :   28694624
minute of day   :   1184
minute of hour   :   44
hour of day   :   19
[2024-07-22 21:44:14.611] [main] [info] Checking timestamp.txt...
[2024-07-22 21:44:14.611] [main] [debug] The timestamp.txt is always written when watering is triggered. It is read to check if I was already done with watering some minutes ago.
previous time_stamp:   28693667
[2024-07-22 21:44:14.611] [main] [info] Checking timestamp.txt   ...DONE!
[2024-07-22 21:44:14.611] [main] [info] It's not time for watering now!
[2024-07-22 21:44:14.611] [main] [info] Minute Intraday:   1184
[2024-07-22 21:44:14.611] [main] [info] Days since Epoch:   19926
[2024-07-22 21:44:14.611] [main] [info] Accumulated watering times:

Felix   :          Eiben-Klee  :      0.00 min
Felix   :            Mara-alt  :      0.00 min
James   :              Erbsen  :      0.00 min
James   :          Kartoffeln  :      0.00 min
James   :              Gurken  :      0.00 min
James   :             Tomaten  :      0.00 min
Lucas   :            Karotten  :      0.00 min
Lucas   :        Heidelbeeren  :      0.00 min
Lucas   :      Bohnen-Flieder  :      0.00 min

%%%%%%%%%%     [4] Run the executable   ...DONE!
elapsed time:   13s
=====================================================================================================
