=====================================================================================================
%%%%%%%%%%     [6] Uploading logs and go sleeping...
> sudo -u mayadm git checkout artifacts
Bereits auf 'artifacts'
D	maya/artifacts/logs/13674--2024-07-23--21h16---7.log
D	maya/artifacts/logs/13675--2024-07-23--21h57---1.log
D	maya/artifacts/logs/13675--2024-07-23--21h57---2.log
D	maya/artifacts/logs/13675--2024-07-23--21h57---3.log
D	maya/artifacts/logs/13675--2024-07-23--21h57---4.log
D	maya/artifacts/logs/13675--2024-07-23--21h57---5.log
D	maya/artifacts/logs/13675--2024-07-23--21h57---6.log
Ihr Branch ist auf demselben Stand wie 'origin/artifacts'.
> sudo -u mayadm git pull
Bereits aktuell.
> sudo -u mayadm git merge maya-productive
Bereits aktuell.
> sudo -u mayadm git add "../artifacts/logs/*.log" -f
> sudo -u mayadm git add -u
> sudo -u mayadm git commit -m "logs at 2024-07-23--22h38"
[artifacts 75cb29651] logs at 2024-07-23--22h38
 8 files changed, 89 insertions(+), 89 deletions(-)
 delete mode 100644 maya/artifacts/logs/13675--2024-07-23--21h57---4.log
 rename maya/artifacts/logs/{13674--2024-07-23--21h16---7.log => 13675--2024-07-23--21h57---7.log} (61%)
 rename maya/artifacts/logs/{13675--2024-07-23--21h57---1.log => 13676--2024-07-23--22h38---1.log} (91%)
 rename maya/artifacts/logs/{13675--2024-07-23--21h57---2.log => 13676--2024-07-23--22h38---2.log} (97%)
 rename maya/artifacts/logs/{13675--2024-07-23--21h57---3.log => 13676--2024-07-23--22h38---3.log} (95%)
 create mode 100644 maya/artifacts/logs/13676--2024-07-23--22h38---4.log
 rename maya/artifacts/logs/{13675--2024-07-23--21h57---5.log => 13676--2024-07-23--22h38---5.log} (76%)
 rename maya/artifacts/logs/{13675--2024-07-23--21h57---6.log => 13676--2024-07-23--22h38---6.log} (100%)
> sudo -u mayadm git push
To https://github.com/Necktschnagge/wired-watering
   19fc880a8..75cb29651  artifacts -> artifacts
> sudo -u mayadm git checkout maya-productive
Zu Zweig »maya-productive« gewechselt
Ihr Branch ist auf demselben Stand wie 'origin/maya-productive'.
> sudo -u mayadm git push
Everything up-to-date
##############################################################
###################                        ###################
###################     GOING TO SLEEP     ###################
###################                        ###################
##############################################################
#######                                                #######
#######   Press CTRL + C NOW to abort script safely!   #######
#######                                                #######
##############################################################
##############################################################
#######                                                #######
#######               NOW GOING TO SLEEP               #######
#######                                                #######
##############################################################
> rtcwake -m mem -s 2400
rtcwake: RTC wird als UTC interpretiert …
rtcwake: aufwachen von „mem“ durch /dev/rtc0 bei Tue Jul 23 21:18:30 2024
##############################################################
#######                                                #######
#######            just waked up from sleep            #######
#######                                                #######
##############################################################
%%%%%%%%%%     [6] Uploading logs and go sleeping   ...DONE!
elapsed time:   2417s
=====================================================================================================
