=====================================================================================================
%%%%%%%%%%     [6] Uploading logs and go sleeping...
> sudo -u mayadm git checkout artifacts
Bereits auf 'artifacts'
D	maya/artifacts/logs/13747--2024-07-26--02h06---7.log
D	maya/artifacts/logs/13748--2024-07-26--02h47---1.log
D	maya/artifacts/logs/13748--2024-07-26--02h47---2.log
D	maya/artifacts/logs/13748--2024-07-26--02h47---3.log
D	maya/artifacts/logs/13748--2024-07-26--02h47---4.log
D	maya/artifacts/logs/13748--2024-07-26--02h47---5.log
D	maya/artifacts/logs/13748--2024-07-26--02h47---6.log
Ihr Branch ist auf demselben Stand wie 'origin/artifacts'.
> sudo -u mayadm git pull
Bereits aktuell.
> sudo -u mayadm git merge maya-productive
Bereits aktuell.
> sudo -u mayadm git add "../artifacts/logs/*.log" -f
> sudo -u mayadm git add -u
> sudo -u mayadm git commit -m "logs at 2024-07-26--03h28"
[artifacts 581a38407] logs at 2024-07-26--03h28
 8 files changed, 89 insertions(+), 89 deletions(-)
 delete mode 100644 maya/artifacts/logs/13748--2024-07-26--02h47---4.log
 rename maya/artifacts/logs/{13747--2024-07-26--02h06---7.log => 13748--2024-07-26--02h47---7.log} (62%)
 rename maya/artifacts/logs/{13748--2024-07-26--02h47---1.log => 13749--2024-07-26--03h28---1.log} (91%)
 rename maya/artifacts/logs/{13748--2024-07-26--02h47---2.log => 13749--2024-07-26--03h28---2.log} (97%)
 rename maya/artifacts/logs/{13748--2024-07-26--02h47---3.log => 13749--2024-07-26--03h28---3.log} (94%)
 create mode 100644 maya/artifacts/logs/13749--2024-07-26--03h28---4.log
 rename maya/artifacts/logs/{13748--2024-07-26--02h47---5.log => 13749--2024-07-26--03h28---5.log} (78%)
 rename maya/artifacts/logs/{13748--2024-07-26--02h47---6.log => 13749--2024-07-26--03h28---6.log} (100%)
> sudo -u mayadm git push
To https://github.com/Necktschnagge/wired-watering
   9f4778911..581a38407  artifacts -> artifacts
> sudo -u mayadm git checkout maya-productive
Zu Zweig »maya-productive« gewechselt
Ihr Branch ist auf demselben Stand wie 'origin/maya-productive'.
> sudo -u mayadm git push
Everything up-to-date
##############################################################
###################                        ###################
###################     GOING TO SLEEP     ###################
###################                        ###################
##############################################################
#######                                                #######
#######   Press CTRL + C NOW to abort script safely!   #######
#######                                                #######
##############################################################
##############################################################
#######                                                #######
#######               NOW GOING TO SLEEP               #######
#######                                                #######
##############################################################
> rtcwake -m mem -s 2400
rtcwake: RTC wird als UTC interpretiert …
rtcwake: aufwachen von „mem“ durch /dev/rtc0 bei Fri Jul 26 02:08:28 2024
##############################################################
#######                                                #######
#######            just waked up from sleep            #######
#######                                                #######
##############################################################
%%%%%%%%%%     [6] Uploading logs and go sleeping   ...DONE!
elapsed time:   2417s
=====================================================================================================
