=====================================================================================================
%%%%%%%%%%     [6] Uploading logs and go sleeping...
> sudo -u mayadm git checkout artifacts
Bereits auf 'artifacts'
D	maya/artifacts/logs/13783--2024-07-27--04h01---7.log
D	maya/artifacts/logs/13784--2024-07-27--04h41---1.log
D	maya/artifacts/logs/13784--2024-07-27--04h41---2.log
D	maya/artifacts/logs/13784--2024-07-27--04h41---3.log
D	maya/artifacts/logs/13784--2024-07-27--04h41---4.log
D	maya/artifacts/logs/13784--2024-07-27--04h41---5.log
D	maya/artifacts/logs/13784--2024-07-27--04h41---6.log
Ihr Branch ist auf demselben Stand wie 'origin/artifacts'.
> sudo -u mayadm git pull
Bereits aktuell.
> sudo -u mayadm git merge maya-productive
Bereits aktuell.
> sudo -u mayadm git add "../artifacts/logs/*.log" -f
> sudo -u mayadm git add -u
> sudo -u mayadm git commit -m "logs at 2024-07-27--05h22"
[artifacts ca26044ea] logs at 2024-07-27--05h22
 8 files changed, 537 insertions(+), 89 deletions(-)
 delete mode 100644 maya/artifacts/logs/13784--2024-07-27--04h41---4.log
 rename maya/artifacts/logs/{13783--2024-07-27--04h01---7.log => 13784--2024-07-27--04h41---7.log} (62%)
 rename maya/artifacts/logs/{13784--2024-07-27--04h41---1.log => 13785--2024-07-27--05h22---1.log} (90%)
 rename maya/artifacts/logs/{13784--2024-07-27--04h41---2.log => 13785--2024-07-27--05h22---2.log} (100%)
 rename maya/artifacts/logs/{13784--2024-07-27--04h41---3.log => 13785--2024-07-27--05h22---3.log} (94%)
 create mode 100644 maya/artifacts/logs/13785--2024-07-27--05h22---4.log
 rename maya/artifacts/logs/{13784--2024-07-27--04h41---5.log => 13785--2024-07-27--05h22---5.log} (76%)
 rename maya/artifacts/logs/{13784--2024-07-27--04h41---6.log => 13785--2024-07-27--05h22---6.log} (100%)
> sudo -u mayadm git push
To https://github.com/Necktschnagge/wired-watering
   7ad3b753f..ca26044ea  artifacts -> artifacts
> sudo -u mayadm git checkout maya-productive
Zu Zweig »maya-productive« gewechselt
Ihr Branch ist auf demselben Stand wie 'origin/maya-productive'.
> sudo -u mayadm git push
Everything up-to-date
##############################################################
###################                        ###################
###################     GOING TO SLEEP     ###################
###################                        ###################
##############################################################
#######                                                #######
#######   Press CTRL + C NOW to abort script safely!   #######
#######                                                #######
##############################################################
##############################################################
#######                                                #######
#######               NOW GOING TO SLEEP               #######
#######                                                #######
##############################################################
> rtcwake -m mem -s 2400
rtcwake: RTC wird als UTC interpretiert …
rtcwake: aufwachen von „mem“ durch /dev/rtc0 bei Sat Jul 27 05:57:11 2024
##############################################################
#######                                                #######
#######            just waked up from sleep            #######
#######                                                #######
##############################################################
%%%%%%%%%%     [6] Uploading logs and go sleeping   ...DONE!
elapsed time:   2417s
=====================================================================================================
