=====================================================================================================
%%%%%%%%%%     [6] Uploading logs and go sleeping...
> sudo -u mayadm git checkout artifacts
Bereits auf 'artifacts'
D	maya/artifacts/logs/13786--2024-07-27--07h57---7.log
D	maya/artifacts/logs/13787--2024-07-27--08h38---1.log
D	maya/artifacts/logs/13787--2024-07-27--08h38---2.log
D	maya/artifacts/logs/13787--2024-07-27--08h38---3.log
D	maya/artifacts/logs/13787--2024-07-27--08h38---4.log
D	maya/artifacts/logs/13787--2024-07-27--08h38---5.log
D	maya/artifacts/logs/13787--2024-07-27--08h38---6.log
Ihr Branch ist auf demselben Stand wie 'origin/artifacts'.
> sudo -u mayadm git pull
Bereits aktuell.
> sudo -u mayadm git merge maya-productive
Bereits aktuell.
> sudo -u mayadm git add "../artifacts/logs/*.log" -f
> sudo -u mayadm git add -u
> sudo -u mayadm git commit -m "logs at 2024-07-27--09h18"
[artifacts 96e397ef5] logs at 2024-07-27--09h18
 8 files changed, 87 insertions(+), 87 deletions(-)
 delete mode 100644 maya/artifacts/logs/13787--2024-07-27--08h38---4.log
 rename maya/artifacts/logs/{13786--2024-07-27--07h57---7.log => 13787--2024-07-27--08h38---7.log} (61%)
 rename maya/artifacts/logs/{13787--2024-07-27--08h38---1.log => 13788--2024-07-27--09h18---1.log} (91%)
 rename maya/artifacts/logs/{13787--2024-07-27--08h38---2.log => 13788--2024-07-27--09h18---2.log} (100%)
 rename maya/artifacts/logs/{13787--2024-07-27--08h38---3.log => 13788--2024-07-27--09h18---3.log} (95%)
 create mode 100644 maya/artifacts/logs/13788--2024-07-27--09h18---4.log
 rename maya/artifacts/logs/{13787--2024-07-27--08h38---5.log => 13788--2024-07-27--09h18---5.log} (76%)
 rename maya/artifacts/logs/{13787--2024-07-27--08h38---6.log => 13788--2024-07-27--09h18---6.log} (100%)
> sudo -u mayadm git push
To https://github.com/Necktschnagge/wired-watering
   70b0fc26e..96e397ef5  artifacts -> artifacts
> sudo -u mayadm git checkout maya-productive
Zu Zweig »maya-productive« gewechselt
Ihr Branch ist auf demselben Stand wie 'origin/maya-productive'.
> sudo -u mayadm git push
Everything up-to-date
##############################################################
###################                        ###################
###################     GOING TO SLEEP     ###################
###################                        ###################
##############################################################
#######                                                #######
#######   Press CTRL + C NOW to abort script safely!   #######
#######                                                #######
##############################################################
##############################################################
#######                                                #######
#######               NOW GOING TO SLEEP               #######
#######                                                #######
##############################################################
> rtcwake -m mem -s 2400
rtcwake: RTC wird als UTC interpretiert …
rtcwake: aufwachen von „mem“ durch /dev/rtc0 bei Sat Jul 27 07:59:04 2024
##############################################################
#######                                                #######
#######            just waked up from sleep            #######
#######                                                #######
##############################################################
%%%%%%%%%%     [6] Uploading logs and go sleeping   ...DONE!
elapsed time:   2417s
=====================================================================================================
