=====================================================================================================
%%%%%%%%%%     [4] Run the executable...
>Please note:  Even if all builds failed, the last built executable is still there and will be started!
> sudo -u mayadm ./ur-unix-run.sh
[2024-07-27 12:00:54.954] [main] [info] Pinging Pump Server Mayson...
[2024-07-27 12:00:55.010] [main] [info] Pump Server ping OK!
[2024-07-27 12:00:55.010] [main] [info] Pinging Pump Server Mayson   ...DONE!
[2024-07-27 12:00:55.010] [main] [info] Pinging all valve stations...
[2024-07-27 12:00:55.335] [main] [info] James ping OK!
[2024-07-27 12:00:55.335] [main] [info] Lucas ping OK!
[2024-07-27 12:00:55.335] [main] [info] Felix ping OK!
[2024-07-27 12:00:55.335] [main] [info] Pinging all valve stations   ...DONE!
[2024-07-27 12:00:55.335] [main] [info] Pinging Non-Existing Test Server...
[2024-07-27 12:00:58.413] [main] [info] Pinging Non-Existing Test Server OK!
[2024-07-27 12:00:58.413] [main] [info] Pinging Non-Existing Test Server   ...DONE!
[2024-07-27 12:00:58.413] [main] [info] Creating Landscape...
[2024-07-27 12:00:58.413] [main] [info] Creating Landscape...
[2024-07-27 12:00:58.413] [main] [info] Creating Felix...
[2024-07-27 12:00:58.413] [main] [info] Creating James...
[2024-07-27 12:00:58.413] [main] [info] Creating Lucas...
[2024-07-27 12:00:58.413] [main] [info] Fetching timestamp...
std::chrono::system_clock::now().time_since_epoch()   :   1722074458413484547
get_seconds_since_epoch_now(bool verbose /* true */)   :   1722074458
minutes since epoch   :   28701240
minute of day   :   600
minute of hour   :   0
hour of day   :   10
[2024-07-27 12:00:58.413] [main] [info] Checking timestamp.txt...
[2024-07-27 12:00:58.413] [main] [debug] The timestamp.txt is always written when watering is triggered. It is read to check if I was already done with watering some minutes ago.
previous time_stamp:   28700842
[2024-07-27 12:00:58.413] [main] [info] Checking timestamp.txt   ...DONE!
[2024-07-27 12:00:58.413] [main] [info] It's not time for watering now!
[2024-07-27 12:00:58.413] [main] [info] Minute Intraday:   600
[2024-07-27 12:00:58.413] [main] [info] Days since Epoch:   19931
[2024-07-27 12:00:58.413] [main] [info] Accumulated watering times:

Felix   :           Klee Feld  :      0.00 min
Felix   :          Eiben Klee  :      0.00 min
James   :              Erbsen  :      0.00 min
James   :          Kartoffeln  :      0.00 min
James   :              Gurken  :      0.00 min
James   :        Tomaten+Mara  :      0.00 min
Lucas   :            Karotten  :      0.00 min
Lucas   :        Heidelbeeren  :      0.00 min
Lucas   :      Bohnen-Flieder  :      0.00 min

%%%%%%%%%%     [4] Run the executable   ...DONE!
elapsed time:   4s
=====================================================================================================
