=====================================================================================================
%%%%%%%%%%     [6] Uploading logs and go sleeping...
> sudo -u mayadm git checkout artifacts
Bereits auf 'artifacts'
D	maya/artifacts/logs/13816--2024-07-28--04h14---7.log
D	maya/artifacts/logs/13817--2024-07-28--04h55---1.log
D	maya/artifacts/logs/13817--2024-07-28--04h55---2.log
D	maya/artifacts/logs/13817--2024-07-28--04h55---3.log
D	maya/artifacts/logs/13817--2024-07-28--04h55---4.log
D	maya/artifacts/logs/13817--2024-07-28--04h55---5.log
D	maya/artifacts/logs/13817--2024-07-28--04h55---6.log
Ihr Branch ist auf demselben Stand wie 'origin/artifacts'.
> sudo -u mayadm git pull
Bereits aktuell.
> sudo -u mayadm git merge maya-productive
Bereits aktuell.
> sudo -u mayadm git add "../artifacts/logs/*.log" -f
> sudo -u mayadm git add -u
> sudo -u mayadm git commit -m "logs at 2024-07-28--05h36"
[artifacts 5722751f9] logs at 2024-07-28--05h36
 8 files changed, 460 insertions(+), 98 deletions(-)
 delete mode 100644 maya/artifacts/logs/13817--2024-07-28--04h55---4.log
 rename maya/artifacts/logs/{13816--2024-07-28--04h14---7.log => 13817--2024-07-28--04h55---7.log} (62%)
 rename maya/artifacts/logs/{13817--2024-07-28--04h55---1.log => 13818--2024-07-28--05h36---1.log} (90%)
 rename maya/artifacts/logs/{13817--2024-07-28--04h55---2.log => 13818--2024-07-28--05h36---2.log} (100%)
 rename maya/artifacts/logs/{13817--2024-07-28--04h55---3.log => 13818--2024-07-28--05h36---3.log} (96%)
 create mode 100644 maya/artifacts/logs/13818--2024-07-28--05h36---4.log
 rename maya/artifacts/logs/{13817--2024-07-28--04h55---5.log => 13818--2024-07-28--05h36---5.log} (76%)
 rename maya/artifacts/logs/{13817--2024-07-28--04h55---6.log => 13818--2024-07-28--05h36---6.log} (100%)
> sudo -u mayadm git push
To https://github.com/Necktschnagge/wired-watering
   26b944df2..5722751f9  artifacts -> artifacts
> sudo -u mayadm git checkout maya-productive
Zu Zweig »maya-productive« gewechselt
Ihr Branch ist auf demselben Stand wie 'origin/maya-productive'.
> sudo -u mayadm git push
Everything up-to-date
##############################################################
###################                        ###################
###################     GOING TO SLEEP     ###################
###################                        ###################
##############################################################
#######                                                #######
#######   Press CTRL + C NOW to abort script safely!   #######
#######                                                #######
##############################################################
##############################################################
#######                                                #######
#######               NOW GOING TO SLEEP               #######
#######                                                #######
##############################################################
> rtcwake -m mem -s 2400
rtcwake: RTC wird als UTC interpretiert …
rtcwake: aufwachen von „mem“ durch /dev/rtc0 bei Sun Jul 28 05:50:51 2024
##############################################################
#######                                                #######
#######            just waked up from sleep            #######
#######                                                #######
##############################################################
%%%%%%%%%%     [6] Uploading logs and go sleeping   ...DONE!
elapsed time:   2417s
=====================================================================================================
