=====================================================================================================
%%%%%%%%%%     [6] Uploading logs and go sleeping...
> sudo -u mayadm git checkout artifacts
Bereits auf 'artifacts'
D	maya/artifacts/logs/13842--2024-07-28--23h24---7.log
D	maya/artifacts/logs/13843--2024-07-29--00h05---1.log
D	maya/artifacts/logs/13843--2024-07-29--00h05---2.log
D	maya/artifacts/logs/13843--2024-07-29--00h05---3.log
D	maya/artifacts/logs/13843--2024-07-29--00h05---4.log
D	maya/artifacts/logs/13843--2024-07-29--00h05---5.log
D	maya/artifacts/logs/13843--2024-07-29--00h05---6.log
Ihr Branch ist auf demselben Stand wie 'origin/artifacts'.
> sudo -u mayadm git pull
Bereits aktuell.
> sudo -u mayadm git merge maya-productive
Bereits aktuell.
> sudo -u mayadm git add "../artifacts/logs/*.log" -f
> sudo -u mayadm git add -u
> sudo -u mayadm git commit -m "logs at 2024-07-29--00h45"
[artifacts 550b590ed] logs at 2024-07-29--00h45
 8 files changed, 92 insertions(+), 93 deletions(-)
 delete mode 100644 maya/artifacts/logs/13843--2024-07-29--00h05---4.log
 rename maya/artifacts/logs/{13842--2024-07-28--23h24---7.log => 13843--2024-07-29--00h05---7.log} (62%)
 rename maya/artifacts/logs/{13843--2024-07-29--00h05---1.log => 13844--2024-07-29--00h45---1.log} (87%)
 rename maya/artifacts/logs/{13843--2024-07-29--00h05---2.log => 13844--2024-07-29--00h45---2.log} (97%)
 rename maya/artifacts/logs/{13843--2024-07-29--00h05---3.log => 13844--2024-07-29--00h45---3.log} (94%)
 create mode 100644 maya/artifacts/logs/13844--2024-07-29--00h45---4.log
 rename maya/artifacts/logs/{13843--2024-07-29--00h05---5.log => 13844--2024-07-29--00h45---5.log} (78%)
 rename maya/artifacts/logs/{13843--2024-07-29--00h05---6.log => 13844--2024-07-29--00h45---6.log} (100%)
> sudo -u mayadm git push
To https://github.com/Necktschnagge/wired-watering
   9a8144f31..550b590ed  artifacts -> artifacts
> sudo -u mayadm git checkout maya-productive
Zu Zweig »maya-productive« gewechselt
Ihr Branch ist auf demselben Stand wie 'origin/maya-productive'.
> sudo -u mayadm git push
Everything up-to-date
##############################################################
###################                        ###################
###################     GOING TO SLEEP     ###################
###################                        ###################
##############################################################
#######                                                #######
#######   Press CTRL + C NOW to abort script safely!   #######
#######                                                #######
##############################################################
##############################################################
#######                                                #######
#######               NOW GOING TO SLEEP               #######
#######                                                #######
##############################################################
> rtcwake -m mem -s 2400
rtcwake: RTC wird als UTC interpretiert …
rtcwake: aufwachen von „mem“ durch /dev/rtc0 bei Sun Jul 28 23:26:25 2024
##############################################################
#######                                                #######
#######            just waked up from sleep            #######
#######                                                #######
##############################################################
%%%%%%%%%%     [6] Uploading logs and go sleeping   ...DONE!
elapsed time:   2418s
=====================================================================================================
