=====================================================================================================
%%%%%%%%%%     [6] Uploading logs and go sleeping...
> sudo -u mayadm git checkout artifacts
Bereits auf 'artifacts'
D	maya/artifacts/logs/13853--2024-07-29--08h45---7.log
D	maya/artifacts/logs/13854--2024-07-29--09h25---1.log
D	maya/artifacts/logs/13854--2024-07-29--09h25---2.log
D	maya/artifacts/logs/13854--2024-07-29--09h25---3.log
D	maya/artifacts/logs/13854--2024-07-29--09h25---4.log
D	maya/artifacts/logs/13854--2024-07-29--09h25---5.log
D	maya/artifacts/logs/13854--2024-07-29--09h25---6.log
Ihr Branch ist auf demselben Stand wie 'origin/artifacts'.
> sudo -u mayadm git pull
Bereits aktuell.
> sudo -u mayadm git merge maya-productive
Bereits aktuell.
> sudo -u mayadm git add "../artifacts/logs/*.log" -f
> sudo -u mayadm git add -u
> sudo -u mayadm git commit -m "logs at 2024-07-29--10h06"
[artifacts f20c14537] logs at 2024-07-29--10h06
 8 files changed, 88 insertions(+), 88 deletions(-)
 delete mode 100644 maya/artifacts/logs/13854--2024-07-29--09h25---4.log
 rename maya/artifacts/logs/{13853--2024-07-29--08h45---7.log => 13854--2024-07-29--09h25---7.log} (61%)
 rename maya/artifacts/logs/{13854--2024-07-29--09h25---1.log => 13855--2024-07-29--10h06---1.log} (91%)
 rename maya/artifacts/logs/{13854--2024-07-29--09h25---2.log => 13855--2024-07-29--10h06---2.log} (100%)
 rename maya/artifacts/logs/{13854--2024-07-29--09h25---3.log => 13855--2024-07-29--10h06---3.log} (95%)
 create mode 100644 maya/artifacts/logs/13855--2024-07-29--10h06---4.log
 rename maya/artifacts/logs/{13854--2024-07-29--09h25---5.log => 13855--2024-07-29--10h06---5.log} (78%)
 rename maya/artifacts/logs/{13854--2024-07-29--09h25---6.log => 13855--2024-07-29--10h06---6.log} (100%)
> sudo -u mayadm git push
To https://github.com/Necktschnagge/wired-watering
   fdf7b52c5..f20c14537  artifacts -> artifacts
> sudo -u mayadm git checkout maya-productive
Zu Zweig »maya-productive« gewechselt
Ihr Branch ist auf demselben Stand wie 'origin/maya-productive'.
> sudo -u mayadm git push
Everything up-to-date
##############################################################
###################                        ###################
###################     GOING TO SLEEP     ###################
###################                        ###################
##############################################################
#######                                                #######
#######   Press CTRL + C NOW to abort script safely!   #######
#######                                                #######
##############################################################
##############################################################
#######                                                #######
#######               NOW GOING TO SLEEP               #######
#######                                                #######
##############################################################
> rtcwake -m mem -s 2400
rtcwake: RTC wird als UTC interpretiert …
rtcwake: aufwachen von „mem“ durch /dev/rtc0 bei Mon Jul 29 08:46:58 2024
##############################################################
#######                                                #######
#######            just waked up from sleep            #######
#######                                                #######
##############################################################
%%%%%%%%%%     [6] Uploading logs and go sleeping   ...DONE!
elapsed time:   2417s
=====================================================================================================
