=====================================================================================================
%%%%%%%%%%     [6] Uploading logs and go sleeping...
> sudo -u mayadm git checkout artifacts
Bereits auf 'artifacts'
D	maya/artifacts/logs/13899--2024-07-30--17h26---7.log
D	maya/artifacts/logs/13900--2024-07-30--18h07---1.log
D	maya/artifacts/logs/13900--2024-07-30--18h07---2.log
D	maya/artifacts/logs/13900--2024-07-30--18h07---3.log
D	maya/artifacts/logs/13900--2024-07-30--18h07---4.log
D	maya/artifacts/logs/13900--2024-07-30--18h07---5.log
D	maya/artifacts/logs/13900--2024-07-30--18h07---6.log
Ihr Branch ist auf demselben Stand wie 'origin/artifacts'.
> sudo -u mayadm git pull
Bereits aktuell.
> sudo -u mayadm git merge maya-productive
Bereits aktuell.
> sudo -u mayadm git add "../artifacts/logs/*.log" -f
> sudo -u mayadm git add -u
> sudo -u mayadm git commit -m "logs at 2024-07-30--18h48"
[artifacts 437fd7096] logs at 2024-07-30--18h48
 8 files changed, 95 insertions(+), 95 deletions(-)
 delete mode 100644 maya/artifacts/logs/13900--2024-07-30--18h07---4.log
 rename maya/artifacts/logs/{13899--2024-07-30--17h26---7.log => 13900--2024-07-30--18h07---7.log} (61%)
 rename maya/artifacts/logs/{13900--2024-07-30--18h07---1.log => 13901--2024-07-30--18h48---1.log} (90%)
 rename maya/artifacts/logs/{13900--2024-07-30--18h07---2.log => 13901--2024-07-30--18h48---2.log} (97%)
 rename maya/artifacts/logs/{13900--2024-07-30--18h07---3.log => 13901--2024-07-30--18h48---3.log} (92%)
 create mode 100644 maya/artifacts/logs/13901--2024-07-30--18h48---4.log
 rename maya/artifacts/logs/{13900--2024-07-30--18h07---5.log => 13901--2024-07-30--18h48---5.log} (76%)
 rename maya/artifacts/logs/{13900--2024-07-30--18h07---6.log => 13901--2024-07-30--18h48---6.log} (100%)
> sudo -u mayadm git push
To https://github.com/Necktschnagge/wired-watering
   658da9560..437fd7096  artifacts -> artifacts
> sudo -u mayadm git checkout maya-productive
Zu Zweig »maya-productive« gewechselt
Ihr Branch ist auf demselben Stand wie 'origin/maya-productive'.
> sudo -u mayadm git push
Everything up-to-date
##############################################################
###################                        ###################
###################     GOING TO SLEEP     ###################
###################                        ###################
##############################################################
#######                                                #######
#######   Press CTRL + C NOW to abort script safely!   #######
#######                                                #######
##############################################################
##############################################################
#######                                                #######
#######               NOW GOING TO SLEEP               #######
#######                                                #######
##############################################################
> rtcwake -m mem -s 2400
rtcwake: RTC wird als UTC interpretiert …
rtcwake: aufwachen von „mem“ durch /dev/rtc0 bei Tue Jul 30 17:28:35 2024
##############################################################
#######                                                #######
#######            just waked up from sleep            #######
#######                                                #######
##############################################################
%%%%%%%%%%     [6] Uploading logs and go sleeping   ...DONE!
elapsed time:   2417s
=====================================================================================================
