=====================================================================================================
%%%%%%%%%%     [6] Uploading logs and go sleeping...
> sudo -u mayadm git checkout artifacts
Bereits auf 'artifacts'
D	maya/artifacts/logs/13931--2024-07-31--17h00---7.log
D	maya/artifacts/logs/13932--2024-07-31--17h41---1.log
D	maya/artifacts/logs/13932--2024-07-31--17h41---2.log
D	maya/artifacts/logs/13932--2024-07-31--17h41---3.log
D	maya/artifacts/logs/13932--2024-07-31--17h41---4.log
D	maya/artifacts/logs/13932--2024-07-31--17h41---5.log
D	maya/artifacts/logs/13932--2024-07-31--17h41---6.log
Ihr Branch ist auf demselben Stand wie 'origin/artifacts'.
> sudo -u mayadm git pull
Bereits aktuell.
> sudo -u mayadm git merge maya-productive
Bereits aktuell.
> sudo -u mayadm git add "../artifacts/logs/*.log" -f
> sudo -u mayadm git add -u
> sudo -u mayadm git commit -m "logs at 2024-07-31--18h21"
[artifacts fe81566a3] logs at 2024-07-31--18h21
 8 files changed, 88 insertions(+), 89 deletions(-)
 delete mode 100644 maya/artifacts/logs/13932--2024-07-31--17h41---4.log
 rename maya/artifacts/logs/{13931--2024-07-31--17h00---7.log => 13932--2024-07-31--17h41---7.log} (61%)
 rename maya/artifacts/logs/{13932--2024-07-31--17h41---1.log => 13933--2024-07-31--18h21---1.log} (88%)
 rename maya/artifacts/logs/{13932--2024-07-31--17h41---2.log => 13933--2024-07-31--18h21---2.log} (100%)
 rename maya/artifacts/logs/{13932--2024-07-31--17h41---3.log => 13933--2024-07-31--18h21---3.log} (95%)
 create mode 100644 maya/artifacts/logs/13933--2024-07-31--18h21---4.log
 rename maya/artifacts/logs/{13932--2024-07-31--17h41---5.log => 13933--2024-07-31--18h21---5.log} (78%)
 rename maya/artifacts/logs/{13932--2024-07-31--17h41---6.log => 13933--2024-07-31--18h21---6.log} (100%)
> sudo -u mayadm git push
To https://github.com/Necktschnagge/wired-watering
   e25151ac6..fe81566a3  artifacts -> artifacts
> sudo -u mayadm git checkout maya-productive
Zu Zweig »maya-productive« gewechselt
Ihr Branch ist auf demselben Stand wie 'origin/maya-productive'.
> sudo -u mayadm git push
Everything up-to-date
##############################################################
###################                        ###################
###################     GOING TO SLEEP     ###################
###################                        ###################
##############################################################
#######                                                #######
#######   Press CTRL + C NOW to abort script safely!   #######
#######                                                #######
##############################################################
##############################################################
#######                                                #######
#######               NOW GOING TO SLEEP               #######
#######                                                #######
##############################################################
> rtcwake -m mem -s 2400
rtcwake: RTC wird als UTC interpretiert …
rtcwake: aufwachen von „mem“ durch /dev/rtc0 bei Wed Jul 31 17:02:27 2024
##############################################################
#######                                                #######
#######            just waked up from sleep            #######
#######                                                #######
##############################################################
%%%%%%%%%%     [6] Uploading logs and go sleeping   ...DONE!
elapsed time:   2417s
=====================================================================================================
