=====================================================================================================
%%%%%%%%%%     [6] Uploading logs and go sleeping...
> sudo -u mayadm git checkout artifacts
Bereits auf 'artifacts'
D	maya/artifacts/logs/13940--2024-07-31--23h06---7.log
D	maya/artifacts/logs/13941--2024-07-31--23h46---1.log
D	maya/artifacts/logs/13941--2024-07-31--23h46---2.log
D	maya/artifacts/logs/13941--2024-07-31--23h46---3.log
D	maya/artifacts/logs/13941--2024-07-31--23h46---4.log
D	maya/artifacts/logs/13941--2024-07-31--23h46---5.log
D	maya/artifacts/logs/13941--2024-07-31--23h46---6.log
Ihr Branch ist auf demselben Stand wie 'origin/artifacts'.
> sudo -u mayadm git pull
Bereits aktuell.
> sudo -u mayadm git merge maya-productive
Bereits aktuell.
> sudo -u mayadm git add "../artifacts/logs/*.log" -f
> sudo -u mayadm git add -u
> sudo -u mayadm git commit -m "logs at 2024-08-01--00h27"
[artifacts ebced75e0] logs at 2024-08-01--00h27
 8 files changed, 89 insertions(+), 89 deletions(-)
 delete mode 100644 maya/artifacts/logs/13941--2024-07-31--23h46---4.log
 rename maya/artifacts/logs/{13940--2024-07-31--23h06---7.log => 13941--2024-07-31--23h46---7.log} (62%)
 rename maya/artifacts/logs/{13941--2024-07-31--23h46---1.log => 13942--2024-08-01--00h27---1.log} (90%)
 rename maya/artifacts/logs/{13941--2024-07-31--23h46---2.log => 13942--2024-08-01--00h27---2.log} (97%)
 rename maya/artifacts/logs/{13941--2024-07-31--23h46---3.log => 13942--2024-08-01--00h27---3.log} (94%)
 create mode 100644 maya/artifacts/logs/13942--2024-08-01--00h27---4.log
 rename maya/artifacts/logs/{13941--2024-07-31--23h46---5.log => 13942--2024-08-01--00h27---5.log} (78%)
 rename maya/artifacts/logs/{13941--2024-07-31--23h46---6.log => 13942--2024-08-01--00h27---6.log} (100%)
> sudo -u mayadm git push
To https://github.com/Necktschnagge/wired-watering
   67b33f4d1..ebced75e0  artifacts -> artifacts
> sudo -u mayadm git checkout maya-productive
Zu Zweig »maya-productive« gewechselt
Ihr Branch ist auf demselben Stand wie 'origin/maya-productive'.
> sudo -u mayadm git push
Everything up-to-date
##############################################################
###################                        ###################
###################     GOING TO SLEEP     ###################
###################                        ###################
##############################################################
#######                                                #######
#######   Press CTRL + C NOW to abort script safely!   #######
#######                                                #######
##############################################################
##############################################################
#######                                                #######
#######               NOW GOING TO SLEEP               #######
#######                                                #######
##############################################################
> rtcwake -m mem -s 2400
rtcwake: RTC wird als UTC interpretiert …
rtcwake: aufwachen von „mem“ durch /dev/rtc0 bei Wed Jul 31 23:08:01 2024
##############################################################
#######                                                #######
#######            just waked up from sleep            #######
#######                                                #######
##############################################################
%%%%%%%%%%     [6] Uploading logs and go sleeping   ...DONE!
elapsed time:   2418s
=====================================================================================================
