=====================================================================================================
%%%%%%%%%%     [4] Run the executable...
>Please note:  Even if all builds failed, the last built executable is still there and will be started!
> sudo -u mayadm ./ur-unix-run.sh
[2024-08-01 13:32:50.896] [main] [info] Pinging Pump Server Mayson...
[2024-08-01 13:32:50.946] [main] [info] Pump Server ping OK!
[2024-08-01 13:32:50.946] [main] [info] Pinging Pump Server Mayson   ...DONE!
[2024-08-01 13:32:50.946] [main] [info] Pinging all valve stations...
[2024-08-01 13:32:55.235] [main] [info] James ping OK!
[2024-08-01 13:32:55.235] [main] [info] Lucas ping OK!
[2024-08-01 13:32:55.235] [main] [error] Fatal: Felix not available!
[2024-08-01 13:32:55.235] [main] [info] Pinging all valve stations   ...DONE!
[2024-08-01 13:32:55.235] [main] [info] Pinging Non-Existing Test Server...
[2024-08-01 13:32:58.307] [main] [info] Pinging Non-Existing Test Server OK!
[2024-08-01 13:32:58.307] [main] [info] Pinging Non-Existing Test Server   ...DONE!
[2024-08-01 13:32:58.307] [main] [info] Pinging Pump Server Mayson...
[2024-08-01 13:32:58.412] [main] [info] Pump Server ping OK!
[2024-08-01 13:32:58.412] [main] [info] Pinging Pump Server Mayson   ...DONE!
[2024-08-01 13:32:58.412] [main] [info] Pinging all valve stations...
[2024-08-01 13:33:01.699] [main] [info] James ping OK!
[2024-08-01 13:33:01.699] [main] [info] Lucas ping OK!
[2024-08-01 13:33:01.699] [main] [error] Fatal: Felix not available!
[2024-08-01 13:33:01.699] [main] [info] Pinging all valve stations   ...DONE!
[2024-08-01 13:33:01.699] [main] [info] Pinging Non-Existing Test Server...
[2024-08-01 13:33:04.771] [main] [info] Pinging Non-Existing Test Server OK!
[2024-08-01 13:33:04.771] [main] [info] Pinging Non-Existing Test Server   ...DONE!
[2024-08-01 13:33:04.771] [main] [info] Pinging Pump Server Mayson...
[2024-08-01 13:33:04.867] [main] [info] Pump Server ping OK!
[2024-08-01 13:33:04.867] [main] [info] Pinging Pump Server Mayson   ...DONE!
[2024-08-01 13:33:04.867] [main] [info] Pinging all valve stations...
[2024-08-01 13:33:08.131] [main] [info] James ping OK!
[2024-08-01 13:33:08.131] [main] [info] Lucas ping OK!
[2024-08-01 13:33:08.131] [main] [error] Fatal: Felix not available!
[2024-08-01 13:33:08.131] [main] [info] Pinging all valve stations   ...DONE!
[2024-08-01 13:33:08.131] [main] [info] Pinging Non-Existing Test Server...
[2024-08-01 13:33:11.203] [main] [info] Pinging Non-Existing Test Server OK!
[2024-08-01 13:33:11.203] [main] [info] Pinging Non-Existing Test Server   ...DONE!
[2024-08-01 13:33:11.203] [main] [info] Pinging Pump Server Mayson...
[2024-08-01 13:33:11.308] [main] [info] Pump Server ping OK!
[2024-08-01 13:33:11.308] [main] [info] Pinging Pump Server Mayson   ...DONE!
[2024-08-01 13:33:11.308] [main] [info] Pinging all valve stations...
[2024-08-01 13:33:14.595] [main] [info] James ping OK!
[2024-08-01 13:33:14.595] [main] [info] Lucas ping OK!
[2024-08-01 13:33:14.595] [main] [error] Fatal: Felix not available!
[2024-08-01 13:33:14.595] [main] [info] Pinging all valve stations   ...DONE!
[2024-08-01 13:33:14.595] [main] [info] Pinging Non-Existing Test Server...
[2024-08-01 13:33:17.667] [main] [info] Pinging Non-Existing Test Server OK!
[2024-08-01 13:33:17.667] [main] [info] Pinging Non-Existing Test Server   ...DONE!
[2024-08-01 13:33:17.667] [main] [info] Pinging Pump Server Mayson...
[2024-08-01 13:33:17.765] [main] [info] Pump Server ping OK!
[2024-08-01 13:33:17.765] [main] [info] Pinging Pump Server Mayson   ...DONE!
[2024-08-01 13:33:17.765] [main] [info] Pinging all valve stations...
[2024-08-01 13:33:21.027] [main] [info] James ping OK!
[2024-08-01 13:33:21.027] [main] [info] Lucas ping OK!
[2024-08-01 13:33:21.027] [main] [error] Fatal: Felix not available!
[2024-08-01 13:33:21.027] [main] [info] Pinging all valve stations   ...DONE!
[2024-08-01 13:33:21.027] [main] [info] Pinging Non-Existing Test Server...
[2024-08-01 13:33:24.099] [main] [info] Pinging Non-Existing Test Server OK!
[2024-08-01 13:33:24.099] [main] [info] Pinging Non-Existing Test Server   ...DONE!
[2024-08-01 13:33:24.099] [main] [info] Pinging Pump Server Mayson...
[2024-08-01 13:33:24.206] [main] [info] Pump Server ping OK!
[2024-08-01 13:33:24.206] [main] [info] Pinging Pump Server Mayson   ...DONE!
[2024-08-01 13:33:24.206] [main] [info] Pinging all valve stations...
[2024-08-01 13:33:24.536] [main] [info] James ping OK!
[2024-08-01 13:33:24.536] [main] [info] Lucas ping OK!
[2024-08-01 13:33:24.536] [main] [info] Felix ping OK!
[2024-08-01 13:33:24.536] [main] [info] Pinging all valve stations   ...DONE!
[2024-08-01 13:33:24.536] [main] [info] Pinging Non-Existing Test Server...
[2024-08-01 13:33:27.619] [main] [info] Pinging Non-Existing Test Server OK!
[2024-08-01 13:33:27.619] [main] [info] Pinging Non-Existing Test Server   ...DONE!
[2024-08-01 13:33:27.619] [main] [info] Creating Landscape...
[2024-08-01 13:33:27.619] [main] [info] Creating Landscape...
[2024-08-01 13:33:27.619] [main] [info] Creating Felix...
[2024-08-01 13:33:27.619] [main] [info] Creating James...
[2024-08-01 13:33:27.619] [main] [info] Creating Lucas...
[2024-08-01 13:33:27.619] [main] [info] Fetching timestamp...
std::chrono::system_clock::now().time_since_epoch()   :   1722512007619383660
get_seconds_since_epoch_now(bool verbose /* true */)   :   1722512007
minutes since epoch   :   28708533
minute of day   :   693
minute of hour   :   33
hour of day   :   11
[2024-08-01 13:33:27.619] [main] [info] Checking timestamp.txt...
[2024-08-01 13:33:27.619] [main] [debug] The timestamp.txt is always written when watering is triggered. It is read to check if I was already done with watering some minutes ago.
previous time_stamp:   28708031
[2024-08-01 13:33:27.619] [main] [info] Checking timestamp.txt   ...DONE!
[2024-08-01 13:33:27.619] [main] [info] It's not time for watering now!
[2024-08-01 13:33:27.619] [main] [info] Minute Intraday:   693
[2024-08-01 13:33:27.619] [main] [info] Days since Epoch:   19936
[2024-08-01 13:33:27.619] [main] [info] Accumulated watering times:

Felix   :           Klee Feld  :      0.00 min
Felix   :          Eiben Klee  :      0.00 min
James   :              Erbsen  :      0.00 min
James   :          Kartoffeln  :      0.00 min
James   :              Gurken  :      0.00 min
James   :        Tomaten+Mara  :      0.00 min
Lucas   :            Karotten  :      0.00 min
Lucas   :        Heidelbeeren  :      0.00 min
Lucas   :      Bohnen-Flieder  :      0.00 min

%%%%%%%%%%     [4] Run the executable   ...DONE!
elapsed time:   37s
=====================================================================================================
