=====================================================================================================
%%%%%%%%%%     [6] Uploading logs and go sleeping...
> sudo -u mayadm git checkout artifacts
Bereits auf 'artifacts'
D	maya/artifacts/logs/13970--2024-08-01--21h00---7.log
D	maya/artifacts/logs/13971--2024-08-01--21h40---1.log
D	maya/artifacts/logs/13971--2024-08-01--21h40---2.log
D	maya/artifacts/logs/13971--2024-08-01--21h40---3.log
D	maya/artifacts/logs/13971--2024-08-01--21h40---4.log
D	maya/artifacts/logs/13971--2024-08-01--21h40---5.log
D	maya/artifacts/logs/13971--2024-08-01--21h40---6.log
Ihr Branch ist auf demselben Stand wie 'origin/artifacts'.
> sudo -u mayadm git pull
Bereits aktuell.
> sudo -u mayadm git merge maya-productive
Bereits aktuell.
> sudo -u mayadm git add "../artifacts/logs/*.log" -f
> sudo -u mayadm git add -u
> sudo -u mayadm git commit -m "logs at 2024-08-01--22h21"
[artifacts bb67b6dbb] logs at 2024-08-01--22h21
 8 files changed, 90 insertions(+), 90 deletions(-)
 delete mode 100644 maya/artifacts/logs/13971--2024-08-01--21h40---4.log
 rename maya/artifacts/logs/{13970--2024-08-01--21h00---7.log => 13971--2024-08-01--21h40---7.log} (62%)
 rename maya/artifacts/logs/{13971--2024-08-01--21h40---1.log => 13972--2024-08-01--22h21---1.log} (90%)
 rename maya/artifacts/logs/{13971--2024-08-01--21h40---2.log => 13972--2024-08-01--22h21---2.log} (100%)
 rename maya/artifacts/logs/{13971--2024-08-01--21h40---3.log => 13972--2024-08-01--22h21---3.log} (94%)
 create mode 100644 maya/artifacts/logs/13972--2024-08-01--22h21---4.log
 rename maya/artifacts/logs/{13971--2024-08-01--21h40---5.log => 13972--2024-08-01--22h21---5.log} (78%)
 rename maya/artifacts/logs/{13971--2024-08-01--21h40---6.log => 13972--2024-08-01--22h21---6.log} (100%)
> sudo -u mayadm git push
To https://github.com/Necktschnagge/wired-watering
   659336c3a..bb67b6dbb  artifacts -> artifacts
> sudo -u mayadm git checkout maya-productive
Zu Zweig »maya-productive« gewechselt
Ihr Branch ist auf demselben Stand wie 'origin/maya-productive'.
> sudo -u mayadm git push
Everything up-to-date
##############################################################
###################                        ###################
###################     GOING TO SLEEP     ###################
###################                        ###################
##############################################################
#######                                                #######
#######   Press CTRL + C NOW to abort script safely!   #######
#######                                                #######
##############################################################
##############################################################
#######                                                #######
#######               NOW GOING TO SLEEP               #######
#######                                                #######
##############################################################
> rtcwake -m mem -s 2400
rtcwake: RTC wird als UTC interpretiert …
rtcwake: aufwachen von „mem“ durch /dev/rtc0 bei Thu Aug  1 21:02:01 2024
##############################################################
#######                                                #######
#######            just waked up from sleep            #######
#######                                                #######
##############################################################
%%%%%%%%%%     [6] Uploading logs and go sleeping   ...DONE!
elapsed time:   2418s
=====================================================================================================
