=====================================================================================================
%%%%%%%%%%     [6] Uploading logs and go sleeping...
> sudo -u mayadm git checkout artifacts
Bereits auf 'artifacts'
D	maya/artifacts/logs/13981--2024-08-02--04h27---7.log
D	maya/artifacts/logs/13982--2024-08-02--05h08---1.log
D	maya/artifacts/logs/13982--2024-08-02--05h08---2.log
D	maya/artifacts/logs/13982--2024-08-02--05h08---3.log
D	maya/artifacts/logs/13982--2024-08-02--05h08---4.log
D	maya/artifacts/logs/13982--2024-08-02--05h08---5.log
D	maya/artifacts/logs/13982--2024-08-02--05h08---6.log
Ihr Branch ist auf demselben Stand wie 'origin/artifacts'.
> sudo -u mayadm git pull
Bereits aktuell.
> sudo -u mayadm git merge maya-productive
Bereits aktuell.
> sudo -u mayadm git add "../artifacts/logs/*.log" -f
> sudo -u mayadm git add -u
> sudo -u mayadm git commit -m "logs at 2024-08-02--07h43"
[artifacts c4afbc815] logs at 2024-08-02--07h43
 8 files changed, 95 insertions(+), 540 deletions(-)
 delete mode 100644 maya/artifacts/logs/13982--2024-08-02--05h08---4.log
 rename maya/artifacts/logs/{13981--2024-08-02--04h27---7.log => 13982--2024-08-02--05h08---7.log} (61%)
 rename maya/artifacts/logs/{13982--2024-08-02--05h08---1.log => 13983--2024-08-02--07h43---1.log} (90%)
 rename maya/artifacts/logs/{13982--2024-08-02--05h08---2.log => 13983--2024-08-02--07h43---2.log} (64%)
 rename maya/artifacts/logs/{13982--2024-08-02--05h08---3.log => 13983--2024-08-02--07h43---3.log} (95%)
 create mode 100644 maya/artifacts/logs/13983--2024-08-02--07h43---4.log
 rename maya/artifacts/logs/{13982--2024-08-02--05h08---5.log => 13983--2024-08-02--07h43---5.log} (78%)
 rename maya/artifacts/logs/{13982--2024-08-02--05h08---6.log => 13983--2024-08-02--07h43---6.log} (100%)
> sudo -u mayadm git push
To https://github.com/Necktschnagge/wired-watering
   b1de2bec6..c4afbc815  artifacts -> artifacts
> sudo -u mayadm git checkout maya-productive
Zu Zweig »maya-productive« gewechselt
Ihr Branch ist auf demselben Stand wie 'origin/maya-productive'.
> sudo -u mayadm git push
Everything up-to-date
##############################################################
###################                        ###################
###################     GOING TO SLEEP     ###################
###################                        ###################
##############################################################
#######                                                #######
#######   Press CTRL + C NOW to abort script safely!   #######
#######                                                #######
##############################################################
##############################################################
#######                                                #######
#######               NOW GOING TO SLEEP               #######
#######                                                #######
##############################################################
> rtcwake -m mem -s 2400
rtcwake: RTC wird als UTC interpretiert …
rtcwake: aufwachen von „mem“ durch /dev/rtc0 bei Fri Aug  2 06:24:09 2024
##############################################################
#######                                                #######
#######            just waked up from sleep            #######
#######                                                #######
##############################################################
%%%%%%%%%%     [6] Uploading logs and go sleeping   ...DONE!
elapsed time:   2418s
=====================================================================================================
