=====================================================================================================
%%%%%%%%%%     [6] Uploading logs and go sleeping...
> sudo -u mayadm git checkout artifacts
Bereits auf 'artifacts'
D	maya/artifacts/logs/13990--2024-08-02--12h30---7.log
D	maya/artifacts/logs/13991--2024-08-02--13h10---1.log
D	maya/artifacts/logs/13991--2024-08-02--13h10---2.log
D	maya/artifacts/logs/13991--2024-08-02--13h10---3.log
D	maya/artifacts/logs/13991--2024-08-02--13h10---4.log
D	maya/artifacts/logs/13991--2024-08-02--13h10---5.log
D	maya/artifacts/logs/13991--2024-08-02--13h10---6.log
Ihr Branch ist auf demselben Stand wie 'origin/artifacts'.
> sudo -u mayadm git pull
Bereits aktuell.
> sudo -u mayadm git merge maya-productive
Bereits aktuell.
> sudo -u mayadm git add "../artifacts/logs/*.log" -f
> sudo -u mayadm git add -u
> sudo -u mayadm git commit -m "logs at 2024-08-02--13h51"
[artifacts 079c68a97] logs at 2024-08-02--13h51
 8 files changed, 90 insertions(+), 101 deletions(-)
 delete mode 100644 maya/artifacts/logs/13991--2024-08-02--13h10---4.log
 rename maya/artifacts/logs/{13990--2024-08-02--12h30---7.log => 13991--2024-08-02--13h10---7.log} (61%)
 rename maya/artifacts/logs/{13991--2024-08-02--13h10---1.log => 13992--2024-08-02--13h51---1.log} (90%)
 rename maya/artifacts/logs/{13991--2024-08-02--13h10---2.log => 13992--2024-08-02--13h51---2.log} (100%)
 rename maya/artifacts/logs/{13991--2024-08-02--13h10---3.log => 13992--2024-08-02--13h51---3.log} (94%)
 create mode 100644 maya/artifacts/logs/13992--2024-08-02--13h51---4.log
 rename maya/artifacts/logs/{13991--2024-08-02--13h10---5.log => 13992--2024-08-02--13h51---5.log} (78%)
 rename maya/artifacts/logs/{13991--2024-08-02--13h10---6.log => 13992--2024-08-02--13h51---6.log} (100%)
> sudo -u mayadm git push
To https://github.com/Necktschnagge/wired-watering
   f5c573f88..079c68a97  artifacts -> artifacts
> sudo -u mayadm git checkout maya-productive
Zu Zweig »maya-productive« gewechselt
Ihr Branch ist auf demselben Stand wie 'origin/maya-productive'.
> sudo -u mayadm git push
Everything up-to-date
##############################################################
###################                        ###################
###################     GOING TO SLEEP     ###################
###################                        ###################
##############################################################
#######                                                #######
#######   Press CTRL + C NOW to abort script safely!   #######
#######                                                #######
##############################################################
##############################################################
#######                                                #######
#######               NOW GOING TO SLEEP               #######
#######                                                #######
##############################################################
> rtcwake -m mem -s 2400
rtcwake: RTC wird als UTC interpretiert …
rtcwake: aufwachen von „mem“ durch /dev/rtc0 bei Fri Aug  2 12:32:11 2024
##############################################################
#######                                                #######
#######            just waked up from sleep            #######
#######                                                #######
##############################################################
%%%%%%%%%%     [6] Uploading logs and go sleeping   ...DONE!
elapsed time:   2418s
=====================================================================================================
