=====================================================================================================
%%%%%%%%%%     [6] Uploading logs and go sleeping...
> sudo -u mayadm git checkout artifacts
Bereits auf 'artifacts'
D	maya/artifacts/logs/14003--2024-08-02--21h18---7.log
D	maya/artifacts/logs/14004--2024-08-02--21h59---1.log
D	maya/artifacts/logs/14004--2024-08-02--21h59---2.log
D	maya/artifacts/logs/14004--2024-08-02--21h59---3.log
D	maya/artifacts/logs/14004--2024-08-02--21h59---4.log
D	maya/artifacts/logs/14004--2024-08-02--21h59---5.log
D	maya/artifacts/logs/14004--2024-08-02--21h59---6.log
Ihr Branch ist auf demselben Stand wie 'origin/artifacts'.
> sudo -u mayadm git pull
Bereits aktuell.
> sudo -u mayadm git merge maya-productive
Bereits aktuell.
> sudo -u mayadm git add "../artifacts/logs/*.log" -f
> sudo -u mayadm git add -u
> sudo -u mayadm git commit -m "logs at 2024-08-02--22h40"
[artifacts 4b90e1331] logs at 2024-08-02--22h40
 8 files changed, 93 insertions(+), 102 deletions(-)
 delete mode 100644 maya/artifacts/logs/14004--2024-08-02--21h59---4.log
 rename maya/artifacts/logs/{14003--2024-08-02--21h18---7.log => 14004--2024-08-02--21h59---7.log} (59%)
 rename maya/artifacts/logs/{14004--2024-08-02--21h59---1.log => 14005--2024-08-02--22h40---1.log} (90%)
 rename maya/artifacts/logs/{14004--2024-08-02--21h59---2.log => 14005--2024-08-02--22h40---2.log} (100%)
 rename maya/artifacts/logs/{14004--2024-08-02--21h59---3.log => 14005--2024-08-02--22h40---3.log} (87%)
 create mode 100644 maya/artifacts/logs/14005--2024-08-02--22h40---4.log
 rename maya/artifacts/logs/{14004--2024-08-02--21h59---5.log => 14005--2024-08-02--22h40---5.log} (78%)
 rename maya/artifacts/logs/{14004--2024-08-02--21h59---6.log => 14005--2024-08-02--22h40---6.log} (100%)
> sudo -u mayadm git push
To https://github.com/Necktschnagge/wired-watering
   ba6c7e144..4b90e1331  artifacts -> artifacts
> sudo -u mayadm git checkout maya-productive
Zu Zweig »maya-productive« gewechselt
Ihr Branch ist auf demselben Stand wie 'origin/maya-productive'.
> sudo -u mayadm git push
Everything up-to-date
##############################################################
###################                        ###################
###################     GOING TO SLEEP     ###################
###################                        ###################
##############################################################
#######                                                #######
#######   Press CTRL + C NOW to abort script safely!   #######
#######                                                #######
##############################################################
##############################################################
#######                                                #######
#######               NOW GOING TO SLEEP               #######
#######                                                #######
##############################################################
> rtcwake -m mem -s 2400
rtcwake: RTC wird als UTC interpretiert …
rtcwake: aufwachen von „mem“ durch /dev/rtc0 bei Fri Aug  2 21:21:16 2024
##############################################################
#######                                                #######
#######            just waked up from sleep            #######
#######                                                #######
##############################################################
%%%%%%%%%%     [6] Uploading logs and go sleeping   ...DONE!
elapsed time:   2417s
=====================================================================================================
