=====================================================================================================
%%%%%%%%%%     [6] Uploading logs and go sleeping...
> sudo -u mayadm git checkout artifacts
Bereits auf 'artifacts'
D	maya/artifacts/logs/14018--2024-08-03--07h31---7.log
D	maya/artifacts/logs/14019--2024-08-03--08h11---1.log
D	maya/artifacts/logs/14019--2024-08-03--08h11---2.log
D	maya/artifacts/logs/14019--2024-08-03--08h11---3.log
D	maya/artifacts/logs/14019--2024-08-03--08h11---4.log
D	maya/artifacts/logs/14019--2024-08-03--08h11---5.log
D	maya/artifacts/logs/14019--2024-08-03--08h11---6.log
Ihr Branch ist auf demselben Stand wie 'origin/artifacts'.
> sudo -u mayadm git pull
Bereits aktuell.
> sudo -u mayadm git merge maya-productive
Bereits aktuell.
> sudo -u mayadm git add "../artifacts/logs/*.log" -f
> sudo -u mayadm git add -u
> sudo -u mayadm git commit -m "logs at 2024-08-03--08h52"
[artifacts 65e69e11e] logs at 2024-08-03--08h52
 8 files changed, 88 insertions(+), 89 deletions(-)
 delete mode 100644 maya/artifacts/logs/14019--2024-08-03--08h11---4.log
 rename maya/artifacts/logs/{14018--2024-08-03--07h31---7.log => 14019--2024-08-03--08h11---7.log} (61%)
 rename maya/artifacts/logs/{14019--2024-08-03--08h11---1.log => 14020--2024-08-03--08h52---1.log} (88%)
 rename maya/artifacts/logs/{14019--2024-08-03--08h11---2.log => 14020--2024-08-03--08h52---2.log} (97%)
 rename maya/artifacts/logs/{14019--2024-08-03--08h11---3.log => 14020--2024-08-03--08h52---3.log} (96%)
 create mode 100644 maya/artifacts/logs/14020--2024-08-03--08h52---4.log
 rename maya/artifacts/logs/{14019--2024-08-03--08h11---5.log => 14020--2024-08-03--08h52---5.log} (78%)
 rename maya/artifacts/logs/{14019--2024-08-03--08h11---6.log => 14020--2024-08-03--08h52---6.log} (100%)
> sudo -u mayadm git push
To https://github.com/Necktschnagge/wired-watering
   98675326f..65e69e11e  artifacts -> artifacts
> sudo -u mayadm git checkout maya-productive
Zu Zweig »maya-productive« gewechselt
Ihr Branch ist auf demselben Stand wie 'origin/maya-productive'.
> sudo -u mayadm git push
Everything up-to-date
##############################################################
###################                        ###################
###################     GOING TO SLEEP     ###################
###################                        ###################
##############################################################
#######                                                #######
#######   Press CTRL + C NOW to abort script safely!   #######
#######                                                #######
##############################################################
##############################################################
#######                                                #######
#######               NOW GOING TO SLEEP               #######
#######                                                #######
##############################################################
> rtcwake -m mem -s 2400
rtcwake: RTC wird als UTC interpretiert …
rtcwake: aufwachen von „mem“ durch /dev/rtc0 bei Sat Aug  3 07:33:11 2024
##############################################################
#######                                                #######
#######            just waked up from sleep            #######
#######                                                #######
##############################################################
%%%%%%%%%%     [6] Uploading logs and go sleeping   ...DONE!
elapsed time:   2417s
=====================================================================================================
