=====================================================================================================
%%%%%%%%%%     [6] Uploading logs and go sleeping...
warning: unable to rmdir 'maya/extern/spdlog': Das Verzeichnis ist nicht leer
Zu Zweig »artifacts« gewechselt
Ihr Branch ist auf demselben Stand wie 'origin/artifacts'.
> sudo -u mayadm git add "../artifacts/logs/1402-*.log" -f
> sudo -u mayadm git add "../artifacts/logs/1401-*.log" -f
> sudo -u mayadm git commit -m "logs at 2022-06-20--03h47"
[artifacts d9e385d] logs at 2022-06-20--03h47
 6 files changed, 262 insertions(+)
 create mode 100644 maya/artifacts/logs/1401--2022-06-20--03h26---6.log
 create mode 100644 maya/artifacts/logs/1402--2022-06-20--03h47---1.log
 create mode 100644 maya/artifacts/logs/1402--2022-06-20--03h47---2.log
 create mode 100644 maya/artifacts/logs/1402--2022-06-20--03h47---3.log
 create mode 100644 maya/artifacts/logs/1402--2022-06-20--03h47---4.log
 create mode 100644 maya/artifacts/logs/1402--2022-06-20--03h47---5.log
> sudo -u mayadm git pull
Bereits aktuell.
> sudo -u mayadm git push
To https://github.com/Necktschnagge/wired-watering
   b446033..d9e385d  artifacts -> artifacts
> sudo -u mayadm git checkout maya-productive
Zu Zweig »maya-productive« gewechselt
Ihr Branch ist auf demselben Stand wie 'origin/maya-productive'.
> sudo -u mayadm git push
Everything up-to-date
##############################################################
###################                        ###################
###################     GOING TO SLEEP     ###################
###################                        ###################
##############################################################
#######                                                #######
#######   Press CTRL + C NOW to abort script safely!   #######
#######                                                #######
##############################################################
##############################################################
#######                                                #######
#######               NOW GOING TO SLEEP               #######
#######                                                #######
##############################################################
> rtcwake -m mem -s 1200
rtcwake: RTC wird als UTC interpretiert …
rtcwake: aufwachen von „mem“ durch /dev/rtc0 bei Mon Jun 20 02:08:19 2022
##############################################################
#######                                                #######
#######            just waked up from sleep            #######
#######                                                #######
##############################################################
%%%%%%%%%%     [6] Uploading logs and go sleeping   ...DONE!
elapsed time:   1217s
=====================================================================================================
