=====================================================================================================
%%%%%%%%%%     [4] Run the executable...
>Please note:  Even if all builds failed, the last built executable is still there and will be started!
> sudo -u mayadm ./ur-unix-run.sh
[2024-08-04 14:43:21.093] [main] [info] Pinging Pump Server Mayson...
[2024-08-04 14:43:21.187] [main] [info] Pump Server ping OK!
[2024-08-04 14:43:21.187] [main] [info] Pinging Pump Server Mayson   ...DONE!
[2024-08-04 14:43:21.187] [main] [info] Pinging all valve stations...
[2024-08-04 14:43:26.503] [main] [info] James ping OK!
[2024-08-04 14:43:26.503] [main] [info] Lucas ping OK!
[2024-08-04 14:43:26.503] [main] [error] Fatal: Felix not available!
[2024-08-04 14:43:26.503] [main] [info] Pinging all valve stations   ...DONE!
[2024-08-04 14:43:26.503] [main] [info] Pinging Non-Existing Test Server...
[2024-08-04 14:43:29.575] [main] [info] Pinging Non-Existing Test Server OK!
[2024-08-04 14:43:29.575] [main] [info] Pinging Non-Existing Test Server   ...DONE!
[2024-08-04 14:43:29.575] [main] [info] Pinging Pump Server Mayson...
[2024-08-04 14:43:29.687] [main] [info] Pump Server ping OK!
[2024-08-04 14:43:29.687] [main] [info] Pinging Pump Server Mayson   ...DONE!
[2024-08-04 14:43:29.687] [main] [info] Pinging all valve stations...
[2024-08-04 14:43:32.967] [main] [info] James ping OK!
[2024-08-04 14:43:32.967] [main] [info] Lucas ping OK!
[2024-08-04 14:43:32.967] [main] [error] Fatal: Felix not available!
[2024-08-04 14:43:32.967] [main] [info] Pinging all valve stations   ...DONE!
[2024-08-04 14:43:32.967] [main] [info] Pinging Non-Existing Test Server...
[2024-08-04 14:43:36.039] [main] [info] Pinging Non-Existing Test Server OK!
[2024-08-04 14:43:36.039] [main] [info] Pinging Non-Existing Test Server   ...DONE!
[2024-08-04 14:43:36.039] [main] [info] Pinging Pump Server Mayson...
[2024-08-04 14:43:36.235] [main] [info] Pump Server ping OK!
[2024-08-04 14:43:36.235] [main] [info] Pinging Pump Server Mayson   ...DONE!
[2024-08-04 14:43:36.235] [main] [info] Pinging all valve stations...
[2024-08-04 14:43:39.623] [main] [info] James ping OK!
[2024-08-04 14:43:39.623] [main] [info] Lucas ping OK!
[2024-08-04 14:43:39.623] [main] [error] Fatal: Felix not available!
[2024-08-04 14:43:39.623] [main] [info] Pinging all valve stations   ...DONE!
[2024-08-04 14:43:39.623] [main] [info] Pinging Non-Existing Test Server...
[2024-08-04 14:43:42.695] [main] [info] Pinging Non-Existing Test Server OK!
[2024-08-04 14:43:42.695] [main] [info] Pinging Non-Existing Test Server   ...DONE!
[2024-08-04 14:43:42.695] [main] [info] Pinging Pump Server Mayson...
[2024-08-04 14:43:42.773] [main] [info] Pump Server ping OK!
[2024-08-04 14:43:42.773] [main] [info] Pinging Pump Server Mayson   ...DONE!
[2024-08-04 14:43:42.773] [main] [info] Pinging all valve stations...
[2024-08-04 14:43:44.642] [main] [info] James ping OK!
[2024-08-04 14:43:44.642] [main] [info] Lucas ping OK!
[2024-08-04 14:43:44.642] [main] [info] Felix ping OK!
[2024-08-04 14:43:44.642] [main] [info] Pinging all valve stations   ...DONE!
[2024-08-04 14:43:44.642] [main] [info] Pinging Non-Existing Test Server...
[2024-08-04 14:43:47.719] [main] [info] Pinging Non-Existing Test Server OK!
[2024-08-04 14:43:47.719] [main] [info] Pinging Non-Existing Test Server   ...DONE!
[2024-08-04 14:43:47.719] [main] [info] Creating Landscape...
[2024-08-04 14:43:47.719] [main] [info] Creating Landscape...
[2024-08-04 14:43:47.719] [main] [info] Creating Felix...
[2024-08-04 14:43:47.719] [main] [info] Creating James...
[2024-08-04 14:43:47.719] [main] [info] Creating Lucas...
[2024-08-04 14:43:47.719] [main] [info] Fetching timestamp...
std::chrono::system_clock::now().time_since_epoch()   :   1722775427719428503
get_seconds_since_epoch_now(bool verbose /* true */)   :   1722775427
minutes since epoch   :   28712923
minute of day   :   763
minute of hour   :   43
hour of day   :   12
[2024-08-04 14:43:47.719] [main] [info] Checking timestamp.txt...
[2024-08-04 14:43:47.719] [main] [debug] The timestamp.txt is always written when watering is triggered. It is read to check if I was already done with watering some minutes ago.
previous time_stamp:   28712353
[2024-08-04 14:43:47.719] [main] [info] Checking timestamp.txt   ...DONE!
[2024-08-04 14:43:47.719] [main] [info] It's not time for watering now!
[2024-08-04 14:43:47.719] [main] [info] Minute Intraday:   763
[2024-08-04 14:43:47.719] [main] [info] Days since Epoch:   19939
[2024-08-04 14:43:47.719] [main] [info] Accumulated watering times:

Felix   :           Klee Feld  :      0.00 min
Felix   :          Eiben Klee  :      0.00 min
James   :              Erbsen  :      0.00 min
James   :          Kartoffeln  :      0.00 min
James   :              Gurken  :      0.00 min
James   :        Tomaten+Mara  :      0.00 min
Lucas   :            Karotten  :      0.00 min
Lucas   :        Heidelbeeren  :      0.00 min
Lucas   :      Bohnen-Flieder  :      0.00 min

%%%%%%%%%%     [4] Run the executable   ...DONE!
elapsed time:   26s
=====================================================================================================
