=====================================================================================================
%%%%%%%%%%     [6] Uploading logs and go sleeping...
> sudo -u mayadm git checkout artifacts
Bereits auf 'artifacts'
D	maya/artifacts/logs/14076--2024-08-04--22h52---7.log
D	maya/artifacts/logs/14077--2024-08-04--23h32---1.log
D	maya/artifacts/logs/14077--2024-08-04--23h32---2.log
D	maya/artifacts/logs/14077--2024-08-04--23h32---3.log
D	maya/artifacts/logs/14077--2024-08-04--23h32---4.log
D	maya/artifacts/logs/14077--2024-08-04--23h32---5.log
D	maya/artifacts/logs/14077--2024-08-04--23h32---6.log
Ihr Branch ist auf demselben Stand wie 'origin/artifacts'.
> sudo -u mayadm git pull
Bereits aktuell.
> sudo -u mayadm git merge maya-productive
Bereits aktuell.
> sudo -u mayadm git add "../artifacts/logs/*.log" -f
> sudo -u mayadm git add -u
> sudo -u mayadm git commit -m "logs at 2024-08-05--00h13"
[artifacts acafd4a2f] logs at 2024-08-05--00h13
 8 files changed, 103 insertions(+), 103 deletions(-)
 delete mode 100644 maya/artifacts/logs/14077--2024-08-04--23h32---4.log
 rename maya/artifacts/logs/{14076--2024-08-04--22h52---7.log => 14077--2024-08-04--23h32---7.log} (62%)
 rename maya/artifacts/logs/{14077--2024-08-04--23h32---1.log => 14078--2024-08-05--00h13---1.log} (90%)
 rename maya/artifacts/logs/{14077--2024-08-04--23h32---2.log => 14078--2024-08-05--00h13---2.log} (97%)
 rename maya/artifacts/logs/{14077--2024-08-04--23h32---3.log => 14078--2024-08-05--00h13---3.log} (93%)
 create mode 100644 maya/artifacts/logs/14078--2024-08-05--00h13---4.log
 rename maya/artifacts/logs/{14077--2024-08-04--23h32---5.log => 14078--2024-08-05--00h13---5.log} (78%)
 rename maya/artifacts/logs/{14077--2024-08-04--23h32---6.log => 14078--2024-08-05--00h13---6.log} (100%)
> sudo -u mayadm git push
To https://github.com/Necktschnagge/wired-watering
   2e0ce7d34..acafd4a2f  artifacts -> artifacts
> sudo -u mayadm git checkout maya-productive
Zu Zweig »maya-productive« gewechselt
Ihr Branch ist auf demselben Stand wie 'origin/maya-productive'.
> sudo -u mayadm git push
Everything up-to-date
##############################################################
###################                        ###################
###################     GOING TO SLEEP     ###################
###################                        ###################
##############################################################
#######                                                #######
#######   Press CTRL + C NOW to abort script safely!   #######
#######                                                #######
##############################################################
##############################################################
#######                                                #######
#######               NOW GOING TO SLEEP               #######
#######                                                #######
##############################################################
> rtcwake -m mem -s 2400
rtcwake: RTC wird als UTC interpretiert …
rtcwake: aufwachen von „mem“ durch /dev/rtc0 bei Sun Aug  4 22:54:33 2024
##############################################################
#######                                                #######
#######            just waked up from sleep            #######
#######                                                #######
##############################################################
%%%%%%%%%%     [6] Uploading logs and go sleeping   ...DONE!
elapsed time:   2418s
=====================================================================================================
