=====================================================================================================
%%%%%%%%%%     [6] Uploading logs and go sleeping...
> sudo -u mayadm git checkout artifacts
Bereits auf 'artifacts'
D	maya/artifacts/logs/14080--2024-08-05--01h35---7.log
D	maya/artifacts/logs/14081--2024-08-05--02h16---1.log
D	maya/artifacts/logs/14081--2024-08-05--02h16---2.log
D	maya/artifacts/logs/14081--2024-08-05--02h16---3.log
D	maya/artifacts/logs/14081--2024-08-05--02h16---4.log
D	maya/artifacts/logs/14081--2024-08-05--02h16---5.log
D	maya/artifacts/logs/14081--2024-08-05--02h16---6.log
Ihr Branch ist auf demselben Stand wie 'origin/artifacts'.
> sudo -u mayadm git pull
Bereits aktuell.
> sudo -u mayadm git merge maya-productive
Bereits aktuell.
> sudo -u mayadm git add "../artifacts/logs/*.log" -f
> sudo -u mayadm git add -u
> sudo -u mayadm git commit -m "logs at 2024-08-05--02h56"
[artifacts d10d302d5] logs at 2024-08-05--02h56
 8 files changed, 97 insertions(+), 86 deletions(-)
 delete mode 100644 maya/artifacts/logs/14081--2024-08-05--02h16---4.log
 rename maya/artifacts/logs/{14080--2024-08-05--01h35---7.log => 14081--2024-08-05--02h16---7.log} (62%)
 rename maya/artifacts/logs/{14081--2024-08-05--02h16---1.log => 14082--2024-08-05--02h56---1.log} (91%)
 rename maya/artifacts/logs/{14081--2024-08-05--02h16---2.log => 14082--2024-08-05--02h56---2.log} (97%)
 rename maya/artifacts/logs/{14081--2024-08-05--02h16---3.log => 14082--2024-08-05--02h56---3.log} (95%)
 create mode 100644 maya/artifacts/logs/14082--2024-08-05--02h56---4.log
 rename maya/artifacts/logs/{14081--2024-08-05--02h16---5.log => 14082--2024-08-05--02h56---5.log} (78%)
 rename maya/artifacts/logs/{14081--2024-08-05--02h16---6.log => 14082--2024-08-05--02h56---6.log} (100%)
> sudo -u mayadm git push
To https://github.com/Necktschnagge/wired-watering
   8976aba5c..d10d302d5  artifacts -> artifacts
> sudo -u mayadm git checkout maya-productive
Zu Zweig »maya-productive« gewechselt
Ihr Branch ist auf demselben Stand wie 'origin/maya-productive'.
> sudo -u mayadm git push
Everything up-to-date
##############################################################
###################                        ###################
###################     GOING TO SLEEP     ###################
###################                        ###################
##############################################################
#######                                                #######
#######   Press CTRL + C NOW to abort script safely!   #######
#######                                                #######
##############################################################
##############################################################
#######                                                #######
#######               NOW GOING TO SLEEP               #######
#######                                                #######
##############################################################
> rtcwake -m mem -s 2400
rtcwake: RTC wird als UTC interpretiert …
rtcwake: aufwachen von „mem“ durch /dev/rtc0 bei Mon Aug  5 01:37:27 2024
##############################################################
#######                                                #######
#######            just waked up from sleep            #######
#######                                                #######
##############################################################
%%%%%%%%%%     [6] Uploading logs and go sleeping   ...DONE!
elapsed time:   2417s
=====================================================================================================
