=====================================================================================================
%%%%%%%%%%     [6] Uploading logs and go sleeping...
> sudo -u mayadm git checkout artifacts
Bereits auf 'artifacts'
D	maya/artifacts/logs/14085--2024-08-05--04h58---7.log
D	maya/artifacts/logs/14086--2024-08-05--05h39---1.log
D	maya/artifacts/logs/14086--2024-08-05--05h39---2.log
D	maya/artifacts/logs/14086--2024-08-05--05h39---3.log
D	maya/artifacts/logs/14086--2024-08-05--05h39---4.log
D	maya/artifacts/logs/14086--2024-08-05--05h39---5.log
D	maya/artifacts/logs/14086--2024-08-05--05h39---6.log
Ihr Branch ist auf demselben Stand wie 'origin/artifacts'.
> sudo -u mayadm git pull
Bereits aktuell.
> sudo -u mayadm git merge maya-productive
Bereits aktuell.
> sudo -u mayadm git add "../artifacts/logs/*.log" -f
> sudo -u mayadm git add -u
> sudo -u mayadm git commit -m "logs at 2024-08-05--06h20"
[artifacts 4c8dbed6f] logs at 2024-08-05--06h20
 8 files changed, 88 insertions(+), 86 deletions(-)
 delete mode 100644 maya/artifacts/logs/14086--2024-08-05--05h39---4.log
 rename maya/artifacts/logs/{14085--2024-08-05--04h58---7.log => 14086--2024-08-05--05h39---7.log} (62%)
 rename maya/artifacts/logs/{14086--2024-08-05--05h39---1.log => 14087--2024-08-05--06h20---1.log} (91%)
 rename maya/artifacts/logs/{14086--2024-08-05--05h39---2.log => 14087--2024-08-05--06h20---2.log} (100%)
 rename maya/artifacts/logs/{14086--2024-08-05--05h39---3.log => 14087--2024-08-05--06h20---3.log} (94%)
 create mode 100644 maya/artifacts/logs/14087--2024-08-05--06h20---4.log
 rename maya/artifacts/logs/{14086--2024-08-05--05h39---5.log => 14087--2024-08-05--06h20---5.log} (78%)
 rename maya/artifacts/logs/{14086--2024-08-05--05h39---6.log => 14087--2024-08-05--06h20---6.log} (100%)
> sudo -u mayadm git push
To https://github.com/Necktschnagge/wired-watering
   23556f49b..4c8dbed6f  artifacts -> artifacts
> sudo -u mayadm git checkout maya-productive
Zu Zweig »maya-productive« gewechselt
Ihr Branch ist auf demselben Stand wie 'origin/maya-productive'.
> sudo -u mayadm git push
Everything up-to-date
##############################################################
###################                        ###################
###################     GOING TO SLEEP     ###################
###################                        ###################
##############################################################
#######                                                #######
#######   Press CTRL + C NOW to abort script safely!   #######
#######                                                #######
##############################################################
##############################################################
#######                                                #######
#######               NOW GOING TO SLEEP               #######
#######                                                #######
##############################################################
> rtcwake -m mem -s 2400
rtcwake: RTC wird als UTC interpretiert …
rtcwake: aufwachen von „mem“ durch /dev/rtc0 bei Mon Aug  5 05:00:42 2024
##############################################################
#######                                                #######
#######            just waked up from sleep            #######
#######                                                #######
##############################################################
%%%%%%%%%%     [6] Uploading logs and go sleeping   ...DONE!
elapsed time:   2417s
=====================================================================================================
