=====================================================================================================
%%%%%%%%%%     [6] Uploading logs and go sleeping...
> sudo -u mayadm git checkout artifacts
Bereits auf 'artifacts'
D	maya/artifacts/logs/14098--2024-08-05--13h47---7.log
D	maya/artifacts/logs/14099--2024-08-05--14h28---1.log
D	maya/artifacts/logs/14099--2024-08-05--14h28---2.log
D	maya/artifacts/logs/14099--2024-08-05--14h28---3.log
D	maya/artifacts/logs/14099--2024-08-05--14h28---4.log
D	maya/artifacts/logs/14099--2024-08-05--14h28---5.log
D	maya/artifacts/logs/14099--2024-08-05--14h28---6.log
Ihr Branch ist auf demselben Stand wie 'origin/artifacts'.
> sudo -u mayadm git pull
Bereits aktuell.
> sudo -u mayadm git merge maya-productive
Bereits aktuell.
> sudo -u mayadm git add "../artifacts/logs/*.log" -f
> sudo -u mayadm git add -u
> sudo -u mayadm git commit -m "logs at 2024-08-05--15h08"
[artifacts 2da286a8d] logs at 2024-08-05--15h08
 8 files changed, 98 insertions(+), 87 deletions(-)
 delete mode 100644 maya/artifacts/logs/14099--2024-08-05--14h28---4.log
 rename maya/artifacts/logs/{14098--2024-08-05--13h47---7.log => 14099--2024-08-05--14h28---7.log} (62%)
 rename maya/artifacts/logs/{14099--2024-08-05--14h28---1.log => 14100--2024-08-05--15h08---1.log} (90%)
 rename maya/artifacts/logs/{14099--2024-08-05--14h28---2.log => 14100--2024-08-05--15h08---2.log} (100%)
 rename maya/artifacts/logs/{14099--2024-08-05--14h28---3.log => 14100--2024-08-05--15h08---3.log} (96%)
 create mode 100644 maya/artifacts/logs/14100--2024-08-05--15h08---4.log
 rename maya/artifacts/logs/{14099--2024-08-05--14h28---5.log => 14100--2024-08-05--15h08---5.log} (76%)
 rename maya/artifacts/logs/{14099--2024-08-05--14h28---6.log => 14100--2024-08-05--15h08---6.log} (100%)
> sudo -u mayadm git push
To https://github.com/Necktschnagge/wired-watering
   2e55148db..2da286a8d  artifacts -> artifacts
> sudo -u mayadm git checkout maya-productive
Zu Zweig »maya-productive« gewechselt
Ihr Branch ist auf demselben Stand wie 'origin/maya-productive'.
> sudo -u mayadm git push
Everything up-to-date
##############################################################
###################                        ###################
###################     GOING TO SLEEP     ###################
###################                        ###################
##############################################################
#######                                                #######
#######   Press CTRL + C NOW to abort script safely!   #######
#######                                                #######
##############################################################
##############################################################
#######                                                #######
#######               NOW GOING TO SLEEP               #######
#######                                                #######
##############################################################
> rtcwake -m mem -s 2400
rtcwake: RTC wird als UTC interpretiert …
rtcwake: aufwachen von „mem“ durch /dev/rtc0 bei Mon Aug  5 13:49:39 2024
##############################################################
#######                                                #######
#######            just waked up from sleep            #######
#######                                                #######
##############################################################
%%%%%%%%%%     [6] Uploading logs and go sleeping   ...DONE!
elapsed time:   2418s
=====================================================================================================
