=====================================================================================================
%%%%%%%%%%     [6] Uploading logs and go sleeping...
> sudo -u mayadm git checkout artifacts
Bereits auf 'artifacts'
D	maya/artifacts/logs/14117--2024-08-06--02h40---7.log
D	maya/artifacts/logs/14118--2024-08-06--03h21---1.log
D	maya/artifacts/logs/14118--2024-08-06--03h21---2.log
D	maya/artifacts/logs/14118--2024-08-06--03h21---3.log
D	maya/artifacts/logs/14118--2024-08-06--03h21---4.log
D	maya/artifacts/logs/14118--2024-08-06--03h21---5.log
D	maya/artifacts/logs/14118--2024-08-06--03h21---6.log
Ihr Branch ist auf demselben Stand wie 'origin/artifacts'.
> sudo -u mayadm git pull
Bereits aktuell.
> sudo -u mayadm git merge maya-productive
Bereits aktuell.
> sudo -u mayadm git add "../artifacts/logs/*.log" -f
> sudo -u mayadm git add -u
> sudo -u mayadm git commit -m "logs at 2024-08-06--04h02"
[artifacts 0ebd3eaf9] logs at 2024-08-06--04h02
 8 files changed, 89 insertions(+), 89 deletions(-)
 delete mode 100644 maya/artifacts/logs/14118--2024-08-06--03h21---4.log
 rename maya/artifacts/logs/{14117--2024-08-06--02h40---7.log => 14118--2024-08-06--03h21---7.log} (61%)
 rename maya/artifacts/logs/{14118--2024-08-06--03h21---1.log => 14119--2024-08-06--04h02---1.log} (90%)
 rename maya/artifacts/logs/{14118--2024-08-06--03h21---2.log => 14119--2024-08-06--04h02---2.log} (100%)
 rename maya/artifacts/logs/{14118--2024-08-06--03h21---3.log => 14119--2024-08-06--04h02---3.log} (95%)
 create mode 100644 maya/artifacts/logs/14119--2024-08-06--04h02---4.log
 rename maya/artifacts/logs/{14118--2024-08-06--03h21---5.log => 14119--2024-08-06--04h02---5.log} (78%)
 rename maya/artifacts/logs/{14118--2024-08-06--03h21---6.log => 14119--2024-08-06--04h02---6.log} (100%)
> sudo -u mayadm git push
To https://github.com/Necktschnagge/wired-watering
   ebbb68c32..0ebd3eaf9  artifacts -> artifacts
> sudo -u mayadm git checkout maya-productive
Zu Zweig »maya-productive« gewechselt
Ihr Branch ist auf demselben Stand wie 'origin/maya-productive'.
> sudo -u mayadm git push
Everything up-to-date
##############################################################
###################                        ###################
###################     GOING TO SLEEP     ###################
###################                        ###################
##############################################################
#######                                                #######
#######   Press CTRL + C NOW to abort script safely!   #######
#######                                                #######
##############################################################
##############################################################
#######                                                #######
#######               NOW GOING TO SLEEP               #######
#######                                                #######
##############################################################
> rtcwake -m mem -s 2400
rtcwake: RTC wird als UTC interpretiert …
rtcwake: aufwachen von „mem“ durch /dev/rtc0 bei Tue Aug  6 02:42:50 2024
##############################################################
#######                                                #######
#######            just waked up from sleep            #######
#######                                                #######
##############################################################
%%%%%%%%%%     [6] Uploading logs and go sleeping   ...DONE!
elapsed time:   2417s
=====================================================================================================
