=====================================================================================================
%%%%%%%%%%     [6] Uploading logs and go sleeping...
> sudo -u mayadm git checkout artifacts
Bereits auf 'artifacts'
D	maya/artifacts/logs/14146--2024-08-06--22h21---7.log
D	maya/artifacts/logs/14147--2024-08-06--23h02---1.log
D	maya/artifacts/logs/14147--2024-08-06--23h02---2.log
D	maya/artifacts/logs/14147--2024-08-06--23h02---3.log
D	maya/artifacts/logs/14147--2024-08-06--23h02---4.log
D	maya/artifacts/logs/14147--2024-08-06--23h02---5.log
D	maya/artifacts/logs/14147--2024-08-06--23h02---6.log
Ihr Branch ist auf demselben Stand wie 'origin/artifacts'.
> sudo -u mayadm git pull
Bereits aktuell.
> sudo -u mayadm git merge maya-productive
Bereits aktuell.
> sudo -u mayadm git add "../artifacts/logs/*.log" -f
> sudo -u mayadm git add -u
> sudo -u mayadm git commit -m "logs at 2024-08-06--23h43"
[artifacts c73c3f5a1] logs at 2024-08-06--23h43
 8 files changed, 85 insertions(+), 85 deletions(-)
 delete mode 100644 maya/artifacts/logs/14147--2024-08-06--23h02---4.log
 rename maya/artifacts/logs/{14146--2024-08-06--22h21---7.log => 14147--2024-08-06--23h02---7.log} (62%)
 rename maya/artifacts/logs/{14147--2024-08-06--23h02---1.log => 14148--2024-08-06--23h43---1.log} (90%)
 rename maya/artifacts/logs/{14147--2024-08-06--23h02---2.log => 14148--2024-08-06--23h43---2.log} (100%)
 rename maya/artifacts/logs/{14147--2024-08-06--23h02---3.log => 14148--2024-08-06--23h43---3.log} (96%)
 create mode 100644 maya/artifacts/logs/14148--2024-08-06--23h43---4.log
 rename maya/artifacts/logs/{14147--2024-08-06--23h02---5.log => 14148--2024-08-06--23h43---5.log} (78%)
 rename maya/artifacts/logs/{14147--2024-08-06--23h02---6.log => 14148--2024-08-06--23h43---6.log} (100%)
> sudo -u mayadm git push
To https://github.com/Necktschnagge/wired-watering
   4fe489881..c73c3f5a1  artifacts -> artifacts
> sudo -u mayadm git checkout maya-productive
Zu Zweig »maya-productive« gewechselt
Ihr Branch ist auf demselben Stand wie 'origin/maya-productive'.
> sudo -u mayadm git push
Everything up-to-date
##############################################################
###################                        ###################
###################     GOING TO SLEEP     ###################
###################                        ###################
##############################################################
#######                                                #######
#######   Press CTRL + C NOW to abort script safely!   #######
#######                                                #######
##############################################################
##############################################################
#######                                                #######
#######               NOW GOING TO SLEEP               #######
#######                                                #######
##############################################################
> rtcwake -m mem -s 2400
rtcwake: RTC wird als UTC interpretiert …
rtcwake: aufwachen von „mem“ durch /dev/rtc0 bei Tue Aug  6 22:24:02 2024
##############################################################
#######                                                #######
#######            just waked up from sleep            #######
#######                                                #######
##############################################################
%%%%%%%%%%     [6] Uploading logs and go sleeping   ...DONE!
elapsed time:   2417s
=====================================================================================================
