=====================================================================================================
%%%%%%%%%%     [6] Uploading logs and go sleeping...
> sudo -u mayadm git checkout artifacts
Bereits auf 'artifacts'
D	maya/artifacts/logs/14160--2024-08-07--09h27---7.log
D	maya/artifacts/logs/14161--2024-08-07--10h07---1.log
D	maya/artifacts/logs/14161--2024-08-07--10h07---2.log
D	maya/artifacts/logs/14161--2024-08-07--10h07---3.log
D	maya/artifacts/logs/14161--2024-08-07--10h07---4.log
D	maya/artifacts/logs/14161--2024-08-07--10h07---5.log
D	maya/artifacts/logs/14161--2024-08-07--10h07---6.log
Ihr Branch ist auf demselben Stand wie 'origin/artifacts'.
> sudo -u mayadm git pull
Bereits aktuell.
> sudo -u mayadm git merge maya-productive
Bereits aktuell.
> sudo -u mayadm git add "../artifacts/logs/*.log" -f
> sudo -u mayadm git add -u
> sudo -u mayadm git commit -m "logs at 2024-08-07--10h48"
[artifacts eb0a031c6] logs at 2024-08-07--10h48
 8 files changed, 93 insertions(+), 93 deletions(-)
 delete mode 100644 maya/artifacts/logs/14161--2024-08-07--10h07---4.log
 rename maya/artifacts/logs/{14160--2024-08-07--09h27---7.log => 14161--2024-08-07--10h07---7.log} (61%)
 rename maya/artifacts/logs/{14161--2024-08-07--10h07---1.log => 14162--2024-08-07--10h48---1.log} (90%)
 rename maya/artifacts/logs/{14161--2024-08-07--10h07---2.log => 14162--2024-08-07--10h48---2.log} (100%)
 rename maya/artifacts/logs/{14161--2024-08-07--10h07---3.log => 14162--2024-08-07--10h48---3.log} (93%)
 create mode 100644 maya/artifacts/logs/14162--2024-08-07--10h48---4.log
 rename maya/artifacts/logs/{14161--2024-08-07--10h07---5.log => 14162--2024-08-07--10h48---5.log} (76%)
 rename maya/artifacts/logs/{14161--2024-08-07--10h07---6.log => 14162--2024-08-07--10h48---6.log} (100%)
> sudo -u mayadm git push
To https://github.com/Necktschnagge/wired-watering
   f59ee50a0..eb0a031c6  artifacts -> artifacts
> sudo -u mayadm git checkout maya-productive
Zu Zweig »maya-productive« gewechselt
Ihr Branch ist auf demselben Stand wie 'origin/maya-productive'.
> sudo -u mayadm git push
Everything up-to-date
##############################################################
###################                        ###################
###################     GOING TO SLEEP     ###################
###################                        ###################
##############################################################
#######                                                #######
#######   Press CTRL + C NOW to abort script safely!   #######
#######                                                #######
##############################################################
##############################################################
#######                                                #######
#######               NOW GOING TO SLEEP               #######
#######                                                #######
##############################################################
> rtcwake -m mem -s 2400
rtcwake: RTC wird als UTC interpretiert …
rtcwake: aufwachen von „mem“ durch /dev/rtc0 bei Wed Aug  7 09:29:04 2024
##############################################################
#######                                                #######
#######            just waked up from sleep            #######
#######                                                #######
##############################################################
%%%%%%%%%%     [6] Uploading logs and go sleeping   ...DONE!
elapsed time:   2417s
=====================================================================================================
