=====================================================================================================
%%%%%%%%%%     [6] Uploading logs and go sleeping...
> sudo -u mayadm git checkout artifacts
Bereits auf 'artifacts'
D	maya/artifacts/logs/14183--2024-08-08--02h05---7.log
D	maya/artifacts/logs/14184--2024-08-08--02h45---1.log
D	maya/artifacts/logs/14184--2024-08-08--02h45---2.log
D	maya/artifacts/logs/14184--2024-08-08--02h45---3.log
D	maya/artifacts/logs/14184--2024-08-08--02h45---4.log
D	maya/artifacts/logs/14184--2024-08-08--02h45---5.log
D	maya/artifacts/logs/14184--2024-08-08--02h45---6.log
Ihr Branch ist auf demselben Stand wie 'origin/artifacts'.
> sudo -u mayadm git pull
Bereits aktuell.
> sudo -u mayadm git merge maya-productive
Bereits aktuell.
> sudo -u mayadm git add "../artifacts/logs/*.log" -f
> sudo -u mayadm git add -u
> sudo -u mayadm git commit -m "logs at 2024-08-08--03h26"
[artifacts 18dc06a82] logs at 2024-08-08--03h26
 8 files changed, 86 insertions(+), 86 deletions(-)
 delete mode 100644 maya/artifacts/logs/14184--2024-08-08--02h45---4.log
 rename maya/artifacts/logs/{14183--2024-08-08--02h05---7.log => 14184--2024-08-08--02h45---7.log} (62%)
 rename maya/artifacts/logs/{14184--2024-08-08--02h45---1.log => 14185--2024-08-08--03h26---1.log} (91%)
 rename maya/artifacts/logs/{14184--2024-08-08--02h45---2.log => 14185--2024-08-08--03h26---2.log} (100%)
 rename maya/artifacts/logs/{14184--2024-08-08--02h45---3.log => 14185--2024-08-08--03h26---3.log} (95%)
 create mode 100644 maya/artifacts/logs/14185--2024-08-08--03h26---4.log
 rename maya/artifacts/logs/{14184--2024-08-08--02h45---5.log => 14185--2024-08-08--03h26---5.log} (77%)
 rename maya/artifacts/logs/{14184--2024-08-08--02h45---6.log => 14185--2024-08-08--03h26---6.log} (100%)
> sudo -u mayadm git push
To https://github.com/Necktschnagge/wired-watering
   cb2c34672..18dc06a82  artifacts -> artifacts
> sudo -u mayadm git checkout maya-productive
Zu Zweig »maya-productive« gewechselt
Ihr Branch ist auf demselben Stand wie 'origin/maya-productive'.
> sudo -u mayadm git push
Everything up-to-date
##############################################################
###################                        ###################
###################     GOING TO SLEEP     ###################
###################                        ###################
##############################################################
#######                                                #######
#######   Press CTRL + C NOW to abort script safely!   #######
#######                                                #######
##############################################################
##############################################################
#######                                                #######
#######               NOW GOING TO SLEEP               #######
#######                                                #######
##############################################################
> rtcwake -m mem -s 2400
rtcwake: RTC wird als UTC interpretiert …
rtcwake: aufwachen von „mem“ durch /dev/rtc0 bei Thu Aug  8 02:06:58 2024
##############################################################
#######                                                #######
#######            just waked up from sleep            #######
#######                                                #######
##############################################################
%%%%%%%%%%     [6] Uploading logs and go sleeping   ...DONE!
elapsed time:   2417s
=====================================================================================================
