=====================================================================================================
%%%%%%%%%%     [6] Uploading logs and go sleeping...
> sudo -u mayadm git checkout artifacts
Bereits auf 'artifacts'
D	maya/artifacts/logs/14273--2024-08-10--20h36---7.log
D	maya/artifacts/logs/14274--2024-08-10--21h17---1.log
D	maya/artifacts/logs/14274--2024-08-10--21h17---2.log
D	maya/artifacts/logs/14274--2024-08-10--21h17---3.log
D	maya/artifacts/logs/14274--2024-08-10--21h17---4.log
D	maya/artifacts/logs/14274--2024-08-10--21h17---5.log
D	maya/artifacts/logs/14274--2024-08-10--21h17---6.log
Ihr Branch ist auf demselben Stand wie 'origin/artifacts'.
> sudo -u mayadm git pull
Bereits aktuell.
> sudo -u mayadm git merge maya-productive
Bereits aktuell.
> sudo -u mayadm git add "../artifacts/logs/*.log" -f
> sudo -u mayadm git add -u
> sudo -u mayadm git commit -m "logs at 2024-08-10--21h58"
[artifacts 8519ebf6f] logs at 2024-08-10--21h58
 8 files changed, 89 insertions(+), 89 deletions(-)
 delete mode 100644 maya/artifacts/logs/14274--2024-08-10--21h17---4.log
 rename maya/artifacts/logs/{14273--2024-08-10--20h36---7.log => 14274--2024-08-10--21h17---7.log} (62%)
 rename maya/artifacts/logs/{14274--2024-08-10--21h17---1.log => 14275--2024-08-10--21h58---1.log} (91%)
 rename maya/artifacts/logs/{14274--2024-08-10--21h17---2.log => 14275--2024-08-10--21h58---2.log} (97%)
 rename maya/artifacts/logs/{14274--2024-08-10--21h17---3.log => 14275--2024-08-10--21h58---3.log} (94%)
 create mode 100644 maya/artifacts/logs/14275--2024-08-10--21h58---4.log
 rename maya/artifacts/logs/{14274--2024-08-10--21h17---5.log => 14275--2024-08-10--21h58---5.log} (75%)
 rename maya/artifacts/logs/{14274--2024-08-10--21h17---6.log => 14275--2024-08-10--21h58---6.log} (100%)
> sudo -u mayadm git push
To https://github.com/Necktschnagge/wired-watering
   4ba03b80e..8519ebf6f  artifacts -> artifacts
> sudo -u mayadm git checkout maya-productive
Zu Zweig »maya-productive« gewechselt
Ihr Branch ist auf demselben Stand wie 'origin/maya-productive'.
> sudo -u mayadm git push
Everything up-to-date
##############################################################
###################                        ###################
###################     GOING TO SLEEP     ###################
###################                        ###################
##############################################################
#######                                                #######
#######   Press CTRL + C NOW to abort script safely!   #######
#######                                                #######
##############################################################
##############################################################
#######                                                #######
#######               NOW GOING TO SLEEP               #######
#######                                                #######
##############################################################
> rtcwake -m mem -s 2400
rtcwake: RTC wird als UTC interpretiert …
rtcwake: aufwachen von „mem“ durch /dev/rtc0 bei Sat Aug 10 20:38:43 2024
##############################################################
#######                                                #######
#######            just waked up from sleep            #######
#######                                                #######
##############################################################
%%%%%%%%%%     [6] Uploading logs and go sleeping   ...DONE!
elapsed time:   2417s
=====================================================================================================
