=====================================================================================================
%%%%%%%%%%     [4] Run the executable...
>Please note:  Even if all builds failed, the last built executable is still there and will be started!
> sudo -u mayadm ./ur-unix-run.sh
[2024-08-11 04:05:37.384] [main] [info] Pinging Pump Server Mayson...
[2024-08-11 04:05:37.503] [main] [info] Pump Server ping OK!
[2024-08-11 04:05:37.503] [main] [info] Pinging Pump Server Mayson   ...DONE!
[2024-08-11 04:05:37.503] [main] [info] Pinging all valve stations...
[2024-08-11 04:05:37.799] [main] [info] James ping OK!
[2024-08-11 04:05:37.799] [main] [info] Lucas ping OK!
[2024-08-11 04:05:37.799] [main] [info] Felix ping OK!
[2024-08-11 04:05:37.799] [main] [info] Pinging all valve stations   ...DONE!
[2024-08-11 04:05:37.799] [main] [info] Pinging Non-Existing Test Server...
[2024-08-11 04:05:40.869] [main] [info] Pinging Non-Existing Test Server OK!
[2024-08-11 04:05:40.869] [main] [info] Pinging Non-Existing Test Server   ...DONE!
[2024-08-11 04:05:40.869] [main] [info] Creating Landscape...
[2024-08-11 04:05:40.869] [main] [info] Creating Landscape...
[2024-08-11 04:05:40.869] [main] [info] Creating Felix...
[2024-08-11 04:05:40.869] [main] [info] Creating James...
[2024-08-11 04:05:40.869] [main] [info] Creating Lucas...
[2024-08-11 04:05:40.869] [main] [info] Fetching timestamp...
std::chrono::system_clock::now().time_since_epoch()   :   1723341940869461516
get_seconds_since_epoch_now(bool verbose /* true */)   :   1723341940
minutes since epoch   :   28722365
minute of day   :   125
minute of hour   :   5
hour of day   :   2
[2024-08-11 04:05:40.869] [main] [info] Checking timestamp.txt...
[2024-08-11 04:05:40.869] [main] [debug] The timestamp.txt is always written when watering is triggered. It is read to check if I was already done with watering some minutes ago.
previous time_stamp:   28720986
[2024-08-11 04:05:40.869] [main] [info] Checking timestamp.txt   ...DONE!
[2024-08-11 04:05:40.869] [main] [info] It's not time for watering now!
[2024-08-11 04:05:40.869] [main] [info] Minute Intraday:   125
[2024-08-11 04:05:40.869] [main] [info] Days since Epoch:   19946
[2024-08-11 04:05:40.869] [main] [info] Accumulated watering times:

Felix   :           Klee Feld  :      0.00 min
Felix   :          Eiben Klee  :      0.00 min
James   :              Erbsen  :      0.00 min
James   :          Kartoffeln  :      0.00 min
James   :              Gurken  :      0.00 min
James   :        Tomaten+Mara  :      0.00 min
Lucas   :      Bohnen-Flieder  :      0.00 min
Lucas   :        Heidelbeeren  :      0.00 min
Lucas   :            Karotten  :      0.00 min

%%%%%%%%%%     [4] Run the executable   ...DONE!
elapsed time:   3s
=====================================================================================================
