=====================================================================================================
%%%%%%%%%%     [6] Uploading logs and go sleeping...
> sudo -u mayadm git checkout artifacts
Bereits auf 'artifacts'
D	maya/artifacts/logs/14292--2024-08-11--11h06---7.log
D	maya/artifacts/logs/14293--2024-08-11--11h47---1.log
D	maya/artifacts/logs/14293--2024-08-11--11h47---2.log
D	maya/artifacts/logs/14293--2024-08-11--11h47---3.log
D	maya/artifacts/logs/14293--2024-08-11--11h47---4.log
D	maya/artifacts/logs/14293--2024-08-11--11h47---5.log
D	maya/artifacts/logs/14293--2024-08-11--11h47---6.log
Ihr Branch ist auf demselben Stand wie 'origin/artifacts'.
> sudo -u mayadm git pull
Bereits aktuell.
> sudo -u mayadm git merge maya-productive
Bereits aktuell.
> sudo -u mayadm git add "../artifacts/logs/*.log" -f
> sudo -u mayadm git add -u
> sudo -u mayadm git commit -m "logs at 2024-08-11--12h27"
[artifacts 9c38c7eed] logs at 2024-08-11--12h27
 8 files changed, 91 insertions(+), 91 deletions(-)
 delete mode 100644 maya/artifacts/logs/14293--2024-08-11--11h47---4.log
 rename maya/artifacts/logs/{14292--2024-08-11--11h06---7.log => 14293--2024-08-11--11h47---7.log} (62%)
 rename maya/artifacts/logs/{14293--2024-08-11--11h47---1.log => 14294--2024-08-11--12h27---1.log} (91%)
 rename maya/artifacts/logs/{14293--2024-08-11--11h47---2.log => 14294--2024-08-11--12h27---2.log} (97%)
 rename maya/artifacts/logs/{14293--2024-08-11--11h47---3.log => 14294--2024-08-11--12h27---3.log} (94%)
 create mode 100644 maya/artifacts/logs/14294--2024-08-11--12h27---4.log
 rename maya/artifacts/logs/{14293--2024-08-11--11h47---5.log => 14294--2024-08-11--12h27---5.log} (75%)
 rename maya/artifacts/logs/{14293--2024-08-11--11h47---6.log => 14294--2024-08-11--12h27---6.log} (100%)
> sudo -u mayadm git push
To https://github.com/Necktschnagge/wired-watering
   b11c0091c..9c38c7eed  artifacts -> artifacts
> sudo -u mayadm git checkout maya-productive
Zu Zweig »maya-productive« gewechselt
Ihr Branch ist auf demselben Stand wie 'origin/maya-productive'.
> sudo -u mayadm git push
Everything up-to-date
##############################################################
###################                        ###################
###################     GOING TO SLEEP     ###################
###################                        ###################
##############################################################
#######                                                #######
#######   Press CTRL + C NOW to abort script safely!   #######
#######                                                #######
##############################################################
##############################################################
#######                                                #######
#######               NOW GOING TO SLEEP               #######
#######                                                #######
##############################################################
> rtcwake -m mem -s 2400
rtcwake: RTC wird als UTC interpretiert …
rtcwake: aufwachen von „mem“ durch /dev/rtc0 bei Sun Aug 11 11:08:37 2024
##############################################################
#######                                                #######
#######            just waked up from sleep            #######
#######                                                #######
##############################################################
%%%%%%%%%%     [6] Uploading logs and go sleeping   ...DONE!
elapsed time:   2418s
=====================================================================================================
