=====================================================================================================
%%%%%%%%%%     [4] Run the executable...
>Please note:  Even if all builds failed, the last built executable is still there and will be started!
> sudo -u mayadm ./ur-unix-run.sh
[2024-08-12 05:28:50.767] [main] [info] Pinging Pump Server Mayson...
[2024-08-12 05:28:50.889] [main] [info] Pump Server ping OK!
[2024-08-12 05:28:50.889] [main] [info] Pinging Pump Server Mayson   ...DONE!
[2024-08-12 05:28:50.889] [main] [info] Pinging all valve stations...
[2024-08-12 05:28:54.247] [main] [info] James ping OK!
[2024-08-12 05:28:54.247] [main] [info] Lucas ping OK!
[2024-08-12 05:28:54.247] [main] [info] Felix ping OK!
[2024-08-12 05:28:54.247] [main] [info] Pinging all valve stations   ...DONE!
[2024-08-12 05:28:54.247] [main] [info] Pinging Non-Existing Test Server...
[2024-08-12 05:28:57.331] [main] [info] Pinging Non-Existing Test Server OK!
[2024-08-12 05:28:57.331] [main] [info] Pinging Non-Existing Test Server   ...DONE!
[2024-08-12 05:28:57.331] [main] [info] Creating Landscape...
[2024-08-12 05:28:57.331] [main] [info] Creating Landscape...
[2024-08-12 05:28:57.331] [main] [info] Creating Felix...
[2024-08-12 05:28:57.331] [main] [info] Creating James...
[2024-08-12 05:28:57.331] [main] [info] Creating Lucas...
[2024-08-12 05:28:57.331] [main] [info] Fetching timestamp...
std::chrono::system_clock::now().time_since_epoch()   :   1723433337331900656
get_seconds_since_epoch_now(bool verbose /* true */)   :   1723433337
minutes since epoch   :   28723888
minute of day   :   208
minute of hour   :   28
hour of day   :   3
[2024-08-12 05:28:57.331] [main] [info] Checking timestamp.txt...
[2024-08-12 05:28:57.331] [main] [debug] The timestamp.txt is always written when watering is triggered. It is read to check if I was already done with watering some minutes ago.
previous time_stamp:   28722447
[2024-08-12 05:28:57.332] [main] [info] Checking timestamp.txt   ...DONE!
Wrote to timestamp.txt
Send request to pump relay:
URL:   http://192.168.1.10:80/status?auto=off&system=off&manual=off
Response:
status code:   200
text:
{
 "server-name" : "pump-relay-mayson",
 "action" : "okay"
}
[2024-08-12 05:28:57.911] [main] [info] 
--------------------------------------------------------------
Send valves at 1723433337
http://192.168.1.21:80/status?valves=2
200
{
 "server-name" : "valve-server-lucas",
 "action" : "okay"
}
[2024-08-12 05:28:58.066] [main] [info] 
Switched the following valves: --->
          Lucas:   Heidelbeeren   OFF -> ON 
                                   <---
Send request to pump relay:
URL:   http://192.168.1.10:80/status?auto=on&system=on
Response:
status code:   200
text:
{
 "server-name" : "pump-relay-mayson",
 "action" : "okay"
}
[2024-08-12 05:30:28.191] [main] [info] 
--------------------------------------------------------------
Send valves at 1723433428
http://192.168.1.20:80/status?valves=0
200
{
 "server-name" : "valve-server-james",
 "action" : "okay"
}
[2024-08-12 05:30:28.326] [main] [info] 
Switched the following valves: --->
                                   <---
[2024-08-12 05:30:28.326] [main] [info] 
--------------------------------------------------------------
Send valves at 1723433428
http://192.168.1.21:80/status?valves=0
200
{
 "server-name" : "valve-server-lucas",
 "action" : "okay"
}
[2024-08-12 05:30:28.407] [main] [info] 
Switched the following valves: --->
          Lucas:   Heidelbeeren    ON -> OFF
                                   <---
[2024-08-12 05:30:28.407] [main] [info] 
--------------------------------------------------------------
Send valves at 1723433428
http://192.168.1.22:80/status?valves=0
200
{
 "server-name" : "valve-server-felix",
 "action" : "okay"
}
[2024-08-12 05:30:28.644] [main] [info] 
Switched the following valves: --->
                                   <---
[2024-08-12 05:30:29.644] [main] [info] 
--------------------------------------------------------------
Send valves at 1723433429
http://192.168.1.20:80/status?valves=1
200
{
 "server-name" : "valve-server-james",
 "action" : "okay"
}
[2024-08-12 05:30:29.787] [main] [info] 
Switched the following valves: --->
          James:   Erbsen   OFF -> ON 
                                   <---
[2024-08-12 05:30:29.787] [main] [info] 
--------------------------------------------------------------
Send valves at 1723433429
http://192.168.1.20:80/status?valves=5
200
{
 "server-name" : "valve-server-james",
 "action" : "okay"
}
[2024-08-12 05:30:29.894] [main] [info] 
Switched the following valves: --->
          James:   Gurken   OFF -> ON 
                                   <---
[2024-08-12 05:30:29.894] [main] [info] 
--------------------------------------------------------------
Send valves at 1723433429
http://192.168.1.20:80/status?valves=13
200
{
 "server-name" : "valve-server-james",
 "action" : "okay"
}
[2024-08-12 05:30:29.986] [main] [info] 
Switched the following valves: --->
          James:   Tomaten+Mara   OFF -> ON 
                                   <---
[2024-08-12 05:30:29.986] [main] [info] 
--------------------------------------------------------------
Send valves at 1723433429
http://192.168.1.21:80/status?valves=2
200
{
 "server-name" : "valve-server-lucas",
 "action" : "okay"
}
[2024-08-12 05:30:30.087] [main] [info] 
Switched the following valves: --->
          Lucas:   Heidelbeeren   OFF -> ON 
                                   <---
[2024-08-12 05:30:30.087] [main] [info] 
--------------------------------------------------------------
Send valves at 1723433430
http://192.168.1.21:80/status?valves=6
200
{
 "server-name" : "valve-server-lucas",
 "action" : "okay"
}
[2024-08-12 05:30:30.649] [main] [info] 
Switched the following valves: --->
          Lucas:   Karotten   OFF -> ON 
                                   <---
[2024-08-12 06:00:30.092] [main] [info] 
--------------------------------------------------------------
Send valves at 1723435230
http://192.168.1.20:80/status?valves=0
200
{
 "server-name" : "valve-server-james",
 "action" : "okay"
}
[2024-08-12 06:00:30.160] [main] [info] 
Switched the following valves: --->
          James:   Erbsen    ON -> OFF
          James:   Gurken    ON -> OFF
          James:   Tomaten+Mara    ON -> OFF
                                   <---
[2024-08-12 06:00:30.160] [main] [info] 
--------------------------------------------------------------
Send valves at 1723435230
http://192.168.1.21:80/status?valves=0
200
{
 "server-name" : "valve-server-lucas",
 "action" : "okay"
}
[2024-08-12 06:00:30.365] [main] [info] 
Switched the following valves: --->
          Lucas:   Heidelbeeren    ON -> OFF
          Lucas:   Karotten    ON -> OFF
                                   <---
[2024-08-12 06:00:30.365] [main] [info] 
--------------------------------------------------------------
Send valves at 1723435230
http://192.168.1.22:80/status?valves=0
200
{
 "server-name" : "valve-server-felix",
 "action" : "okay"
}
[2024-08-12 06:00:30.507] [main] [info] 
Switched the following valves: --->
                                   <---
[2024-08-12 06:00:31.507] [main] [info] 
--------------------------------------------------------------
Send valves at 1723435231
http://192.168.1.20:80/status?valves=1
200
{
 "server-name" : "valve-server-james",
 "action" : "okay"
}
[2024-08-12 06:00:31.586] [main] [info] 
Switched the following valves: --->
          James:   Erbsen   OFF -> ON 
                                   <---
[2024-08-12 06:00:31.586] [main] [info] 
--------------------------------------------------------------
Send valves at 1723435231
http://192.168.1.20:80/status?valves=5
200
{
 "server-name" : "valve-server-james",
 "action" : "okay"
}
[2024-08-12 06:00:31.650] [main] [info] 
Switched the following valves: --->
          James:   Gurken   OFF -> ON 
                                   <---
[2024-08-12 06:00:31.650] [main] [info] 
--------------------------------------------------------------
Send valves at 1723435231
http://192.168.1.21:80/status?valves=4
200
{
 "server-name" : "valve-server-lucas",
 "action" : "okay"
}
[2024-08-12 06:00:31.803] [main] [info] 
Switched the following valves: --->
          Lucas:   Karotten   OFF -> ON 
                                   <---
[2024-08-12 06:20:31.058] [main] [info] 
--------------------------------------------------------------
Send valves at 1723436431
http://192.168.1.20:80/status?valves=0
200
{
 "server-name" : "valve-server-james",
 "action" : "okay"
}
[2024-08-12 06:20:31.216] [main] [info] 
Switched the following valves: --->
          James:   Erbsen    ON -> OFF
          James:   Gurken    ON -> OFF
                                   <---
[2024-08-12 06:20:31.216] [main] [info] 
--------------------------------------------------------------
Send valves at 1723436431
http://192.168.1.21:80/status?valves=0
200
{
 "server-name" : "valve-server-lucas",
 "action" : "okay"
}
[2024-08-12 06:20:31.326] [main] [info] 
Switched the following valves: --->
          Lucas:   Karotten    ON -> OFF
                                   <---
[2024-08-12 06:20:31.326] [main] [info] 
--------------------------------------------------------------
Send valves at 1723436431
http://192.168.1.22:80/status?valves=0
200
{
 "server-name" : "valve-server-felix",
 "action" : "okay"
}
[2024-08-12 06:20:31.434] [main] [info] 
Switched the following valves: --->
                                   <---
[2024-08-12 06:20:32.434] [main] [info] 
--------------------------------------------------------------
Send valves at 1723436432
http://192.168.1.20:80/status?valves=4
200
{
 "server-name" : "valve-server-james",
 "action" : "okay"
}
[2024-08-12 06:20:32.536] [main] [info] 
Switched the following valves: --->
          James:   Gurken   OFF -> ON 
                                   <---
[2024-08-12 06:20:32.536] [main] [info] 
--------------------------------------------------------------
Send valves at 1723436432
http://192.168.1.22:80/status?valves=2
200
{
 "server-name" : "valve-server-felix",
 "action" : "okay"
}
[2024-08-12 06:20:32.773] [main] [info] 
Switched the following valves: --->
          Felix:   Eiben Klee   OFF -> ON 
                                   <---
[2024-08-12 07:00:32.036] [main] [info] 
--------------------------------------------------------------
Send valves at 1723438832
http://192.168.1.20:80/status?valves=0
200
{
 "server-name" : "valve-server-james",
 "action" : "okay"
}
[2024-08-12 07:00:32.203] [main] [info] 
Switched the following valves: --->
          James:   Gurken    ON -> OFF
                                   <---
[2024-08-12 07:00:32.203] [main] [info] 
--------------------------------------------------------------
Send valves at 1723438832
http://192.168.1.21:80/status?valves=0
200
{
 "server-name" : "valve-server-lucas",
 "action" : "okay"
}
[2024-08-12 07:00:32.315] [main] [info] 
Switched the following valves: --->
                                   <---
[2024-08-12 07:00:32.315] [main] [info] 
--------------------------------------------------------------
Send valves at 1723438832
http://192.168.1.22:80/status?valves=0
200
{
 "server-name" : "valve-server-felix",
 "action" : "okay"
}
[2024-08-12 07:00:32.428] [main] [info] 
Switched the following valves: --->
          Felix:   Eiben Klee    ON -> OFF
                                   <---
[2024-08-12 07:00:33.428] [main] [info] 
--------------------------------------------------------------
Send valves at 1723438833
http://192.168.1.21:80/status?valves=2
200
{
 "server-name" : "valve-server-lucas",
 "action" : "okay"
}
[2024-08-12 07:00:33.543] [main] [info] 
Switched the following valves: --->
          Lucas:   Heidelbeeren   OFF -> ON 
                                   <---
[2024-08-12 07:20:33.082] [main] [info] 
--------------------------------------------------------------
Send valves at 1723440033
http://192.168.1.22:80/status?valves=0
200
{
 "server-name" : "valve-server-felix",
 "action" : "okay"
}
[2024-08-12 07:20:33.294] [main] [info] 
Switched the following valves: --->
                                   <---
[2024-08-12 07:20:33.294] [main] [info] 
--------------------------------------------------------------
Send valves at 1723440033
http://192.168.1.20:80/status?valves=0
200
{
 "server-name" : "valve-server-james",
 "action" : "okay"
}
[2024-08-12 07:20:33.486] [main] [info] 
Switched the following valves: --->
                                   <---
[2024-08-12 07:20:33.486] [main] [info] 
--------------------------------------------------------------
Send valves at 1723440033
http://192.168.1.21:80/status?valves=0
200
{
 "server-name" : "valve-server-lucas",
 "action" : "okay"
}
[2024-08-12 07:20:33.689] [main] [info] 
Switched the following valves: --->
          Lucas:   Heidelbeeren    ON -> OFF
                                   <---
Send request to pump relay:
URL:   http://192.168.1.10:80/status?auto=off
Response:
status code:   200
text:
{
 "server-name" : "pump-relay-mayson",
 "action" : "okay"
}
[2024-08-12 07:21:03.159] [main] [info] 
--------------------------------------------------------------
Send valves at 1723440063
http://192.168.1.21:80/status?valves=2
200
{
 "server-name" : "valve-server-lucas",
 "action" : "okay"
}
[2024-08-12 07:21:03.341] [main] [info] 
Switched the following valves: --->
          Lucas:   Heidelbeeren   OFF -> ON 
                                   <---
[2024-08-12 07:23:03.034] [main] [info] 
--------------------------------------------------------------
Send valves at 1723440183
http://192.168.1.22:80/status?valves=0
200
{
 "server-name" : "valve-server-felix",
 "action" : "okay"
}
[2024-08-12 07:23:03.145] [main] [info] 
Switched the following valves: --->
                                   <---
[2024-08-12 07:23:03.145] [main] [info] 
--------------------------------------------------------------
Send valves at 1723440183
http://192.168.1.20:80/status?valves=0
200
{
 "server-name" : "valve-server-james",
 "action" : "okay"
}
[2024-08-12 07:23:03.242] [main] [info] 
Switched the following valves: --->
                                   <---
[2024-08-12 07:23:03.242] [main] [info] 
--------------------------------------------------------------
Send valves at 1723440183
http://192.168.1.21:80/status?valves=0
200
{
 "server-name" : "valve-server-lucas",
 "action" : "okay"
}
[2024-08-12 07:23:03.350] [main] [info] 
Switched the following valves: --->
          Lucas:   Heidelbeeren    ON -> OFF
                                   <---
[2024-08-12 07:23:03.350] [main] [info] Accumulated watering times:

Felix   :           Klee Feld  :      0.00 min
Felix   :          Eiben Klee  :     39.99 min
James   :              Erbsen  :     50.00 min
James   :          Kartoffeln  :      0.00 min
James   :              Gurken  :     89.99 min
James   :        Tomaten+Mara  :     30.00 min
Lucas   :      Bohnen-Flieder  :      0.00 min
Lucas   :        Heidelbeeren  :     53.51 min
Lucas   :            Karotten  :     49.99 min

%%%%%%%%%%     [4] Run the executable   ...DONE!
elapsed time:   6854s
=====================================================================================================
