=====================================================================================================
%%%%%%%%%%     [4] Run the executable...
>Please note:  Even if all builds failed, the last built executable is still there and will be started!
> sudo -u mayadm ./ur-unix-run.sh
[2024-08-12 00:43:09.654] [main] [info] Pinging Pump Server Mayson...
[2024-08-12 00:43:10.703] [main] [info] Pump Server ping OK!
[2024-08-12 00:43:10.703] [main] [info] Pinging Pump Server Mayson   ...DONE!
[2024-08-12 00:43:10.703] [main] [info] Pinging all valve stations...
[2024-08-12 00:43:14.003] [main] [error] Fatal: James not available!
[2024-08-12 00:43:14.003] [main] [info] Lucas ping OK!
[2024-08-12 00:43:14.003] [main] [info] Felix ping OK!
[2024-08-12 00:43:14.003] [main] [info] Pinging all valve stations   ...DONE!
[2024-08-12 00:43:14.003] [main] [info] Pinging Non-Existing Test Server...
[2024-08-12 00:43:17.060] [main] [info] Pinging Non-Existing Test Server OK!
[2024-08-12 00:43:17.060] [main] [info] Pinging Non-Existing Test Server   ...DONE!
[2024-08-12 00:43:17.060] [main] [info] Pinging Pump Server Mayson...
[2024-08-12 00:43:17.156] [main] [info] Pump Server ping OK!
[2024-08-12 00:43:17.156] [main] [info] Pinging Pump Server Mayson   ...DONE!
[2024-08-12 00:43:17.156] [main] [info] Pinging all valve stations...
[2024-08-12 00:43:17.460] [main] [info] James ping OK!
[2024-08-12 00:43:17.460] [main] [info] Lucas ping OK!
[2024-08-12 00:43:17.460] [main] [info] Felix ping OK!
[2024-08-12 00:43:17.460] [main] [info] Pinging all valve stations   ...DONE!
[2024-08-12 00:43:17.460] [main] [info] Pinging Non-Existing Test Server...
[2024-08-12 00:43:20.516] [main] [info] Pinging Non-Existing Test Server OK!
[2024-08-12 00:43:20.516] [main] [info] Pinging Non-Existing Test Server   ...DONE!
[2024-08-12 00:43:20.516] [main] [info] Creating Landscape...
[2024-08-12 00:43:20.516] [main] [info] Creating Landscape...
[2024-08-12 00:43:20.516] [main] [info] Creating Felix...
[2024-08-12 00:43:20.516] [main] [info] Creating James...
[2024-08-12 00:43:20.516] [main] [info] Creating Lucas...
[2024-08-12 00:43:20.516] [main] [info] Fetching timestamp...
std::chrono::system_clock::now().time_since_epoch()   :   1723416200516327167
get_seconds_since_epoch_now(bool verbose /* true */)   :   1723416200
minutes since epoch   :   28723603
minute of day   :   1363
minute of hour   :   43
hour of day   :   22
[2024-08-12 00:43:20.516] [main] [info] Checking timestamp.txt...
[2024-08-12 00:43:20.516] [main] [debug] The timestamp.txt is always written when watering is triggered. It is read to check if I was already done with watering some minutes ago.
previous time_stamp:   28722447
[2024-08-12 00:43:20.516] [main] [info] Checking timestamp.txt   ...DONE!
[2024-08-12 00:43:20.516] [main] [info] It's not time for watering now!
[2024-08-12 00:43:20.516] [main] [info] Minute Intraday:   1363
[2024-08-12 00:43:20.516] [main] [info] Days since Epoch:   19946
[2024-08-12 00:43:20.516] [main] [info] Accumulated watering times:

Felix   :           Klee Feld  :      0.00 min
Felix   :          Eiben Klee  :      0.00 min
James   :              Erbsen  :      0.00 min
James   :          Kartoffeln  :      0.00 min
James   :              Gurken  :      0.00 min
James   :        Tomaten+Mara  :      0.00 min
Lucas   :      Bohnen-Flieder  :      0.00 min
Lucas   :        Heidelbeeren  :      0.00 min
Lucas   :            Karotten  :      0.00 min

%%%%%%%%%%     [4] Run the executable   ...DONE!
elapsed time:   11s
=====================================================================================================
