=====================================================================================================
%%%%%%%%%%     [4] Run the executable...
>Please note:  Even if all builds failed, the last built executable is still there and will be started!
> sudo -u mayadm ./ur-unix-run.sh
[2024-08-12 12:50:05.550] [main] [info] Pinging Pump Server Mayson...
[2024-08-12 12:50:05.637] [main] [info] Pump Server ping OK!
[2024-08-12 12:50:05.637] [main] [info] Pinging Pump Server Mayson   ...DONE!
[2024-08-12 12:50:05.637] [main] [info] Pinging all valve stations...
[2024-08-12 12:50:08.918] [main] [error] Fatal: James not available!
[2024-08-12 12:50:08.918] [main] [info] Lucas ping OK!
[2024-08-12 12:50:08.918] [main] [info] Felix ping OK!
[2024-08-12 12:50:08.918] [main] [info] Pinging all valve stations   ...DONE!
[2024-08-12 12:50:08.918] [main] [info] Pinging Non-Existing Test Server...
[2024-08-12 12:50:11.997] [main] [info] Pinging Non-Existing Test Server OK!
[2024-08-12 12:50:11.997] [main] [info] Pinging Non-Existing Test Server   ...DONE!
[2024-08-12 12:50:11.997] [main] [info] Pinging Pump Server Mayson...
[2024-08-12 12:50:12.087] [main] [info] Pump Server ping OK!
[2024-08-12 12:50:12.087] [main] [info] Pinging Pump Server Mayson   ...DONE!
[2024-08-12 12:50:12.087] [main] [info] Pinging all valve stations...
[2024-08-12 12:50:15.462] [main] [error] Fatal: James not available!
[2024-08-12 12:50:15.462] [main] [info] Lucas ping OK!
[2024-08-12 12:50:15.462] [main] [info] Felix ping OK!
[2024-08-12 12:50:15.462] [main] [info] Pinging all valve stations   ...DONE!
[2024-08-12 12:50:15.462] [main] [info] Pinging Non-Existing Test Server...
[2024-08-12 12:50:18.525] [main] [info] Pinging Non-Existing Test Server OK!
[2024-08-12 12:50:18.525] [main] [info] Pinging Non-Existing Test Server   ...DONE!
[2024-08-12 12:50:18.525] [main] [info] Pinging Pump Server Mayson...
[2024-08-12 12:50:18.631] [main] [info] Pump Server ping OK!
[2024-08-12 12:50:18.631] [main] [info] Pinging Pump Server Mayson   ...DONE!
[2024-08-12 12:50:18.631] [main] [info] Pinging all valve stations...
[2024-08-12 12:50:21.903] [main] [error] Fatal: James not available!
[2024-08-12 12:50:21.903] [main] [info] Lucas ping OK!
[2024-08-12 12:50:21.903] [main] [info] Felix ping OK!
[2024-08-12 12:50:21.903] [main] [info] Pinging all valve stations   ...DONE!
[2024-08-12 12:50:21.903] [main] [info] Pinging Non-Existing Test Server...
[2024-08-12 12:50:24.957] [main] [info] Pinging Non-Existing Test Server OK!
[2024-08-12 12:50:24.957] [main] [info] Pinging Non-Existing Test Server   ...DONE!
[2024-08-12 12:50:24.957] [main] [info] Pinging Pump Server Mayson...
[2024-08-12 12:50:25.069] [main] [info] Pump Server ping OK!
[2024-08-12 12:50:25.069] [main] [info] Pinging Pump Server Mayson   ...DONE!
[2024-08-12 12:50:25.069] [main] [info] Pinging all valve stations...
[2024-08-12 12:50:28.445] [main] [error] Fatal: James not available!
[2024-08-12 12:50:28.445] [main] [info] Lucas ping OK!
[2024-08-12 12:50:28.445] [main] [info] Felix ping OK!
[2024-08-12 12:50:28.445] [main] [info] Pinging all valve stations   ...DONE!
[2024-08-12 12:50:28.445] [main] [info] Pinging Non-Existing Test Server...
[2024-08-12 12:50:31.517] [main] [info] Pinging Non-Existing Test Server OK!
[2024-08-12 12:50:31.517] [main] [info] Pinging Non-Existing Test Server   ...DONE!
[2024-08-12 12:50:31.517] [main] [info] Pinging Pump Server Mayson...
[2024-08-12 12:50:31.625] [main] [info] Pump Server ping OK!
[2024-08-12 12:50:31.625] [main] [info] Pinging Pump Server Mayson   ...DONE!
[2024-08-12 12:50:31.625] [main] [info] Pinging all valve stations...
[2024-08-12 12:50:33.971] [main] [info] James ping OK!
[2024-08-12 12:50:33.971] [main] [info] Lucas ping OK!
[2024-08-12 12:50:33.971] [main] [info] Felix ping OK!
[2024-08-12 12:50:33.971] [main] [info] Pinging all valve stations   ...DONE!
[2024-08-12 12:50:33.971] [main] [info] Pinging Non-Existing Test Server...
[2024-08-12 12:50:37.053] [main] [info] Pinging Non-Existing Test Server OK!
[2024-08-12 12:50:37.053] [main] [info] Pinging Non-Existing Test Server   ...DONE!
[2024-08-12 12:50:37.053] [main] [info] Creating Landscape...
[2024-08-12 12:50:37.053] [main] [info] Creating Landscape...
[2024-08-12 12:50:37.053] [main] [info] Creating Felix...
[2024-08-12 12:50:37.053] [main] [info] Creating James...
[2024-08-12 12:50:37.053] [main] [info] Creating Lucas...
[2024-08-12 12:50:37.053] [main] [info] Fetching timestamp...
std::chrono::system_clock::now().time_since_epoch()   :   1723459837053991765
get_seconds_since_epoch_now(bool verbose /* true */)   :   1723459837
minutes since epoch   :   28724330
minute of day   :   650
minute of hour   :   50
hour of day   :   10
[2024-08-12 12:50:37.054] [main] [info] Checking timestamp.txt...
[2024-08-12 12:50:37.054] [main] [debug] The timestamp.txt is always written when watering is triggered. It is read to check if I was already done with watering some minutes ago.
previous time_stamp:   28723888
[2024-08-12 12:50:37.054] [main] [info] Checking timestamp.txt   ...DONE!
[2024-08-12 12:50:37.054] [main] [info] It's not time for watering now!
[2024-08-12 12:50:37.054] [main] [info] Minute Intraday:   650
[2024-08-12 12:50:37.054] [main] [info] Days since Epoch:   19947
[2024-08-12 12:50:37.054] [main] [info] Accumulated watering times:

Felix   :           Klee Feld  :      0.00 min
Felix   :          Eiben Klee  :      0.00 min
James   :              Erbsen  :      0.00 min
James   :          Kartoffeln  :      0.00 min
James   :              Gurken  :      0.00 min
James   :        Tomaten+Mara  :      0.00 min
Lucas   :      Bohnen-Flieder  :      0.00 min
Lucas   :        Heidelbeeren  :      0.00 min
Lucas   :            Karotten  :      0.00 min

%%%%%%%%%%     [4] Run the executable   ...DONE!
elapsed time:   32s
=====================================================================================================
