=====================================================================================================
%%%%%%%%%%     [6] Uploading logs and go sleeping...
> sudo -u mayadm git checkout artifacts
Bereits auf 'artifacts'
D	maya/artifacts/logs/14320--2024-08-12--08h03---7.log
D	maya/artifacts/logs/14321--2024-08-12--08h44---1.log
D	maya/artifacts/logs/14321--2024-08-12--08h44---2.log
D	maya/artifacts/logs/14321--2024-08-12--08h44---3.log
D	maya/artifacts/logs/14321--2024-08-12--08h44---4.log
D	maya/artifacts/logs/14321--2024-08-12--08h44---5.log
D	maya/artifacts/logs/14321--2024-08-12--08h44---6.log
Ihr Branch ist auf demselben Stand wie 'origin/artifacts'.
> sudo -u mayadm git pull
Bereits aktuell.
> sudo -u mayadm git merge maya-productive
Bereits aktuell.
> sudo -u mayadm git add "../artifacts/logs/*.log" -f
> sudo -u mayadm git add -u
> sudo -u mayadm git commit -m "logs at 2024-08-12--09h25"
[artifacts bf991bac6] logs at 2024-08-12--09h25
 8 files changed, 112 insertions(+), 90 deletions(-)
 delete mode 100644 maya/artifacts/logs/14321--2024-08-12--08h44---4.log
 rename maya/artifacts/logs/{14320--2024-08-12--08h03---7.log => 14321--2024-08-12--08h44---7.log} (62%)
 rename maya/artifacts/logs/{14321--2024-08-12--08h44---1.log => 14322--2024-08-12--09h25---1.log} (91%)
 rename maya/artifacts/logs/{14321--2024-08-12--08h44---2.log => 14322--2024-08-12--09h25---2.log} (100%)
 rename maya/artifacts/logs/{14321--2024-08-12--08h44---3.log => 14322--2024-08-12--09h25---3.log} (93%)
 create mode 100644 maya/artifacts/logs/14322--2024-08-12--09h25---4.log
 rename maya/artifacts/logs/{14321--2024-08-12--08h44---5.log => 14322--2024-08-12--09h25---5.log} (75%)
 rename maya/artifacts/logs/{14321--2024-08-12--08h44---6.log => 14322--2024-08-12--09h25---6.log} (100%)
> sudo -u mayadm git push
To https://github.com/Necktschnagge/wired-watering
   0927c24b7..bf991bac6  artifacts -> artifacts
> sudo -u mayadm git checkout maya-productive
Zu Zweig »maya-productive« gewechselt
Ihr Branch ist auf demselben Stand wie 'origin/maya-productive'.
> sudo -u mayadm git push
Everything up-to-date
##############################################################
###################                        ###################
###################     GOING TO SLEEP     ###################
###################                        ###################
##############################################################
#######                                                #######
#######   Press CTRL + C NOW to abort script safely!   #######
#######                                                #######
##############################################################
##############################################################
#######                                                #######
#######               NOW GOING TO SLEEP               #######
#######                                                #######
##############################################################
> rtcwake -m mem -s 2400
rtcwake: RTC wird als UTC interpretiert …
rtcwake: aufwachen von „mem“ durch /dev/rtc0 bei Mon Aug 12 08:06:20 2024
##############################################################
#######                                                #######
#######            just waked up from sleep            #######
#######                                                #######
##############################################################
%%%%%%%%%%     [6] Uploading logs and go sleeping   ...DONE!
elapsed time:   2417s
=====================================================================================================
