=====================================================================================================
%%%%%%%%%%     [6] Uploading logs and go sleeping...
> sudo -u mayadm git checkout artifacts
Bereits auf 'artifacts'
D	maya/artifacts/logs/14363--2024-08-13--14h55---7.log
D	maya/artifacts/logs/14364--2024-08-13--15h35---1.log
D	maya/artifacts/logs/14364--2024-08-13--15h35---2.log
D	maya/artifacts/logs/14364--2024-08-13--15h35---3.log
D	maya/artifacts/logs/14364--2024-08-13--15h35---4.log
D	maya/artifacts/logs/14364--2024-08-13--15h35---5.log
D	maya/artifacts/logs/14364--2024-08-13--15h35---6.log
Ihr Branch ist auf demselben Stand wie 'origin/artifacts'.
> sudo -u mayadm git pull
Bereits aktuell.
> sudo -u mayadm git merge maya-productive
Bereits aktuell.
> sudo -u mayadm git add "../artifacts/logs/*.log" -f
> sudo -u mayadm git add -u
> sudo -u mayadm git commit -m "logs at 2024-08-13--16h16"
[artifacts eca4af660] logs at 2024-08-13--16h16
 8 files changed, 91 insertions(+), 91 deletions(-)
 delete mode 100644 maya/artifacts/logs/14364--2024-08-13--15h35---4.log
 rename maya/artifacts/logs/{14363--2024-08-13--14h55---7.log => 14364--2024-08-13--15h35---7.log} (62%)
 rename maya/artifacts/logs/{14364--2024-08-13--15h35---1.log => 14365--2024-08-13--16h16---1.log} (90%)
 rename maya/artifacts/logs/{14364--2024-08-13--15h35---2.log => 14365--2024-08-13--16h16---2.log} (97%)
 rename maya/artifacts/logs/{14364--2024-08-13--15h35---3.log => 14365--2024-08-13--16h16---3.log} (94%)
 create mode 100644 maya/artifacts/logs/14365--2024-08-13--16h16---4.log
 rename maya/artifacts/logs/{14364--2024-08-13--15h35---5.log => 14365--2024-08-13--16h16---5.log} (75%)
 rename maya/artifacts/logs/{14364--2024-08-13--15h35---6.log => 14365--2024-08-13--16h16---6.log} (100%)
> sudo -u mayadm git push
To https://github.com/Necktschnagge/wired-watering
   5e4cb1cbf..eca4af660  artifacts -> artifacts
> sudo -u mayadm git checkout maya-productive
Zu Zweig »maya-productive« gewechselt
Ihr Branch ist auf demselben Stand wie 'origin/maya-productive'.
> sudo -u mayadm git push
Everything up-to-date
##############################################################
###################                        ###################
###################     GOING TO SLEEP     ###################
###################                        ###################
##############################################################
#######                                                #######
#######   Press CTRL + C NOW to abort script safely!   #######
#######                                                #######
##############################################################
##############################################################
#######                                                #######
#######               NOW GOING TO SLEEP               #######
#######                                                #######
##############################################################
> rtcwake -m mem -s 2400
rtcwake: RTC wird als UTC interpretiert …
rtcwake: aufwachen von „mem“ durch /dev/rtc0 bei Tue Aug 13 14:57:26 2024
##############################################################
#######                                                #######
#######            just waked up from sleep            #######
#######                                                #######
##############################################################
%%%%%%%%%%     [6] Uploading logs and go sleeping   ...DONE!
elapsed time:   2418s
=====================================================================================================
