=====================================================================================================
%%%%%%%%%%     [6] Uploading logs and go sleeping...
> sudo -u mayadm git checkout artifacts
Bereits auf 'artifacts'
D	maya/artifacts/logs/14368--2024-08-13--18h19---7.log
D	maya/artifacts/logs/14369--2024-08-13--19h00---1.log
D	maya/artifacts/logs/14369--2024-08-13--19h00---2.log
D	maya/artifacts/logs/14369--2024-08-13--19h00---3.log
D	maya/artifacts/logs/14369--2024-08-13--19h00---4.log
D	maya/artifacts/logs/14369--2024-08-13--19h00---5.log
D	maya/artifacts/logs/14369--2024-08-13--19h00---6.log
Ihr Branch ist auf demselben Stand wie 'origin/artifacts'.
> sudo -u mayadm git pull
Bereits aktuell.
> sudo -u mayadm git merge maya-productive
Bereits aktuell.
> sudo -u mayadm git add "../artifacts/logs/*.log" -f
> sudo -u mayadm git add -u
> sudo -u mayadm git commit -m "logs at 2024-08-13--19h40"
[artifacts d90c03572] logs at 2024-08-13--19h40
 8 files changed, 87 insertions(+), 87 deletions(-)
 delete mode 100644 maya/artifacts/logs/14369--2024-08-13--19h00---4.log
 rename maya/artifacts/logs/{14368--2024-08-13--18h19---7.log => 14369--2024-08-13--19h00---7.log} (61%)
 rename maya/artifacts/logs/{14369--2024-08-13--19h00---1.log => 14370--2024-08-13--19h40---1.log} (91%)
 rename maya/artifacts/logs/{14369--2024-08-13--19h00---2.log => 14370--2024-08-13--19h40---2.log} (97%)
 rename maya/artifacts/logs/{14369--2024-08-13--19h00---3.log => 14370--2024-08-13--19h40---3.log} (96%)
 create mode 100644 maya/artifacts/logs/14370--2024-08-13--19h40---4.log
 rename maya/artifacts/logs/{14369--2024-08-13--19h00---5.log => 14370--2024-08-13--19h40---5.log} (75%)
 rename maya/artifacts/logs/{14369--2024-08-13--19h00---6.log => 14370--2024-08-13--19h40---6.log} (100%)
> sudo -u mayadm git push
To https://github.com/Necktschnagge/wired-watering
   a1939856e..d90c03572  artifacts -> artifacts
> sudo -u mayadm git checkout maya-productive
Zu Zweig »maya-productive« gewechselt
Ihr Branch ist auf demselben Stand wie 'origin/maya-productive'.
> sudo -u mayadm git push
Everything up-to-date
##############################################################
###################                        ###################
###################     GOING TO SLEEP     ###################
###################                        ###################
##############################################################
#######                                                #######
#######   Press CTRL + C NOW to abort script safely!   #######
#######                                                #######
##############################################################
##############################################################
#######                                                #######
#######               NOW GOING TO SLEEP               #######
#######                                                #######
##############################################################
> rtcwake -m mem -s 2400
rtcwake: RTC wird als UTC interpretiert …
rtcwake: aufwachen von „mem“ durch /dev/rtc0 bei Tue Aug 13 18:21:37 2024
##############################################################
#######                                                #######
#######            just waked up from sleep            #######
#######                                                #######
##############################################################
%%%%%%%%%%     [6] Uploading logs and go sleeping   ...DONE!
elapsed time:   2418s
=====================================================================================================
