=====================================================================================================
%%%%%%%%%%     [4] Run the executable...
>Please note:  Even if all builds failed, the last built executable is still there and will be started!
> sudo -u mayadm ./ur-unix-run.sh
[2024-08-14 05:12:53.961] [main] [info] Pinging Pump Server Mayson...
[2024-08-14 05:12:54.036] [main] [info] Pump Server ping OK!
[2024-08-14 05:12:54.036] [main] [info] Pinging Pump Server Mayson   ...DONE!
[2024-08-14 05:12:54.036] [main] [info] Pinging all valve stations...
[2024-08-14 05:12:55.269] [main] [info] James ping OK!
[2024-08-14 05:12:55.269] [main] [info] Lucas ping OK!
[2024-08-14 05:12:55.269] [main] [info] Felix ping OK!
[2024-08-14 05:12:55.269] [main] [info] Pinging all valve stations   ...DONE!
[2024-08-14 05:12:55.269] [main] [info] Pinging Non-Existing Test Server...
[2024-08-14 05:12:58.337] [main] [info] Pinging Non-Existing Test Server OK!
[2024-08-14 05:12:58.337] [main] [info] Pinging Non-Existing Test Server   ...DONE!
[2024-08-14 05:12:58.337] [main] [info] Creating Landscape...
[2024-08-14 05:12:58.337] [main] [info] Creating Landscape...
[2024-08-14 05:12:58.337] [main] [info] Creating Felix...
[2024-08-14 05:12:58.337] [main] [info] Creating James...
[2024-08-14 05:12:58.337] [main] [info] Creating Lucas...
[2024-08-14 05:12:58.337] [main] [info] Fetching timestamp...
std::chrono::system_clock::now().time_since_epoch()   :   1723605178337266273
get_seconds_since_epoch_now(bool verbose /* true */)   :   1723605178
minutes since epoch   :   28726752
minute of day   :   192
minute of hour   :   12
hour of day   :   3
[2024-08-14 05:12:58.337] [main] [info] Checking timestamp.txt...
[2024-08-14 05:12:58.337] [main] [debug] The timestamp.txt is always written when watering is triggered. It is read to check if I was already done with watering some minutes ago.
previous time_stamp:   28725310
[2024-08-14 05:12:58.337] [main] [info] Checking timestamp.txt   ...DONE!
Wrote to timestamp.txt
Send request to pump relay:
URL:   http://192.168.1.10:80/status?auto=off&system=off&manual=off
Response:
status code:   200
text:
{
 "server-name" : "pump-relay-mayson",
 "action" : "okay"
}
[2024-08-14 05:12:58.918] [main] [info] 
--------------------------------------------------------------
Send valves at 1723605178
http://192.168.1.21:80/status?valves=2
200
{
 "server-name" : "valve-server-lucas",
 "action" : "okay"
}
[2024-08-14 05:12:58.998] [main] [info] 
Switched the following valves: --->
          Lucas:   Heidelbeeren   OFF -> ON 
                                   <---
Send request to pump relay:
URL:   http://192.168.1.10:80/status?auto=on&system=on
Response:
status code:   200
text:
{
 "server-name" : "pump-relay-mayson",
 "action" : "okay"
}
[2024-08-14 05:14:29.167] [main] [info] 
--------------------------------------------------------------
Send valves at 1723605269
http://192.168.1.20:80/status?valves=0
200
{
 "server-name" : "valve-server-james",
 "action" : "okay"
}
[2024-08-14 05:14:29.309] [main] [info] 
Switched the following valves: --->
                                   <---
[2024-08-14 05:14:29.309] [main] [info] 
--------------------------------------------------------------
Send valves at 1723605269
http://192.168.1.21:80/status?valves=0
200
{
 "server-name" : "valve-server-lucas",
 "action" : "okay"
}
[2024-08-14 05:14:29.420] [main] [info] 
Switched the following valves: --->
          Lucas:   Heidelbeeren    ON -> OFF
                                   <---
[2024-08-14 05:14:29.420] [main] [info] 
--------------------------------------------------------------
Send valves at 1723605269
http://192.168.1.22:80/status?valves=0
200
{
 "server-name" : "valve-server-felix",
 "action" : "okay"
}
[2024-08-14 05:14:29.550] [main] [info] 
Switched the following valves: --->
                                   <---
[2024-08-14 05:14:30.550] [main] [info] 
--------------------------------------------------------------
Send valves at 1723605270
http://192.168.1.20:80/status?valves=1
200
{
 "server-name" : "valve-server-james",
 "action" : "okay"
}
[2024-08-14 05:14:30.659] [main] [info] 
Switched the following valves: --->
          James:   Erbsen   OFF -> ON 
                                   <---
[2024-08-14 05:14:30.659] [main] [info] 
--------------------------------------------------------------
Send valves at 1723605270
http://192.168.1.20:80/status?valves=5
200
{
 "server-name" : "valve-server-james",
 "action" : "okay"
}
[2024-08-14 05:14:30.741] [main] [info] 
Switched the following valves: --->
          James:   Gurken   OFF -> ON 
                                   <---
[2024-08-14 05:14:30.741] [main] [info] 
--------------------------------------------------------------
Send valves at 1723605270
http://192.168.1.20:80/status?valves=13
200
{
 "server-name" : "valve-server-james",
 "action" : "okay"
}
[2024-08-14 05:14:30.825] [main] [info] 
Switched the following valves: --->
          James:   Tomaten+Mara   OFF -> ON 
                                   <---
[2024-08-14 05:14:30.825] [main] [info] 
--------------------------------------------------------------
Send valves at 1723605270
http://192.168.1.21:80/status?valves=2
200
{
 "server-name" : "valve-server-lucas",
 "action" : "okay"
}
[2024-08-14 05:14:30.974] [main] [info] 
Switched the following valves: --->
          Lucas:   Heidelbeeren   OFF -> ON 
                                   <---
[2024-08-14 05:14:30.974] [main] [info] 
--------------------------------------------------------------
Send valves at 1723605270
http://192.168.1.21:80/status?valves=6
200
{
 "server-name" : "valve-server-lucas",
 "action" : "okay"
}
[2024-08-14 05:14:31.026] [main] [info] 
Switched the following valves: --->
          Lucas:   Karotten   OFF -> ON 
                                   <---
[2024-08-14 05:44:31.035] [main] [info] 
--------------------------------------------------------------
Send valves at 1723607071
http://192.168.1.20:80/status?valves=0
200
{
 "server-name" : "valve-server-james",
 "action" : "okay"
}
[2024-08-14 05:44:31.167] [main] [info] 
Switched the following valves: --->
          James:   Erbsen    ON -> OFF
          James:   Gurken    ON -> OFF
          James:   Tomaten+Mara    ON -> OFF
                                   <---
[2024-08-14 05:44:31.167] [main] [info] 
--------------------------------------------------------------
Send valves at 1723607071
http://192.168.1.21:80/status?valves=0
200
{
 "server-name" : "valve-server-lucas",
 "action" : "okay"
}
[2024-08-14 05:44:31.269] [main] [info] 
Switched the following valves: --->
          Lucas:   Heidelbeeren    ON -> OFF
          Lucas:   Karotten    ON -> OFF
                                   <---
[2024-08-14 05:44:31.269] [main] [info] 
--------------------------------------------------------------
Send valves at 1723607071
http://192.168.1.22:80/status?valves=0
200
{
 "server-name" : "valve-server-felix",
 "action" : "okay"
}
[2024-08-14 05:44:31.379] [main] [info] 
Switched the following valves: --->
                                   <---
[2024-08-14 05:44:32.379] [main] [info] 
--------------------------------------------------------------
Send valves at 1723607072
http://192.168.1.20:80/status?valves=1
200
{
 "server-name" : "valve-server-james",
 "action" : "okay"
}
[2024-08-14 05:44:32.489] [main] [info] 
Switched the following valves: --->
          James:   Erbsen   OFF -> ON 
                                   <---
[2024-08-14 05:44:32.489] [main] [info] 
--------------------------------------------------------------
Send valves at 1723607072
http://192.168.1.20:80/status?valves=5
200
{
 "server-name" : "valve-server-james",
 "action" : "okay"
}
[2024-08-14 05:44:32.535] [main] [info] 
Switched the following valves: --->
          James:   Gurken   OFF -> ON 
                                   <---
[2024-08-14 05:44:32.535] [main] [info] 
--------------------------------------------------------------
Send valves at 1723607072
http://192.168.1.21:80/status?valves=4
200
{
 "server-name" : "valve-server-lucas",
 "action" : "okay"
}
[2024-08-14 05:44:32.705] [main] [info] 
Switched the following valves: --->
          Lucas:   Karotten   OFF -> ON 
                                   <---
[2024-08-14 06:04:32.087] [main] [info] 
--------------------------------------------------------------
Send valves at 1723608272
http://192.168.1.20:80/status?valves=0
200
{
 "server-name" : "valve-server-james",
 "action" : "okay"
}
[2024-08-14 06:04:32.285] [main] [info] 
Switched the following valves: --->
          James:   Erbsen    ON -> OFF
          James:   Gurken    ON -> OFF
                                   <---
[2024-08-14 06:04:32.285] [main] [info] 
--------------------------------------------------------------
Send valves at 1723608272
http://192.168.1.21:80/status?valves=0
200
{
 "server-name" : "valve-server-lucas",
 "action" : "okay"
}
[2024-08-14 06:04:32.615] [main] [info] 
Switched the following valves: --->
          Lucas:   Karotten    ON -> OFF
                                   <---
[2024-08-14 06:04:32.615] [main] [info] 
--------------------------------------------------------------
Send valves at 1723608272
http://192.168.1.22:80/status?valves=0
200
{
 "server-name" : "valve-server-felix",
 "action" : "okay"
}
[2024-08-14 06:04:32.806] [main] [info] 
Switched the following valves: --->
                                   <---
[2024-08-14 06:04:33.806] [main] [info] 
--------------------------------------------------------------
Send valves at 1723608273
http://192.168.1.20:80/status?valves=4
200
{
 "server-name" : "valve-server-james",
 "action" : "okay"
}
[2024-08-14 06:04:33.885] [main] [info] 
Switched the following valves: --->
          James:   Gurken   OFF -> ON 
                                   <---
[2024-08-14 06:04:33.885] [main] [info] 
--------------------------------------------------------------
Send valves at 1723608273
http://192.168.1.22:80/status?valves=2
200
{
 "server-name" : "valve-server-felix",
 "action" : "okay"
}
[2024-08-14 06:04:35.301] [main] [info] 
Switched the following valves: --->
          Felix:   Eiben Klee   OFF -> ON 
                                   <---
[2024-08-14 06:44:35.000] [main] [info] 
--------------------------------------------------------------
Send valves at 1723610675
http://192.168.1.20:80/status?valves=0
200
{
 "server-name" : "valve-server-james",
 "action" : "okay"
}
[2024-08-14 06:44:35.126] [main] [info] 
Switched the following valves: --->
          James:   Gurken    ON -> OFF
                                   <---
[2024-08-14 06:44:35.126] [main] [info] 
--------------------------------------------------------------
Send valves at 1723610675
http://192.168.1.21:80/status?valves=0
200
{
 "server-name" : "valve-server-lucas",
 "action" : "okay"
}
[2024-08-14 06:44:35.343] [main] [info] 
Switched the following valves: --->
                                   <---
[2024-08-14 06:44:35.343] [main] [info] 
--------------------------------------------------------------
Send valves at 1723610675
http://192.168.1.22:80/status?valves=0
200
{
 "server-name" : "valve-server-felix",
 "action" : "okay"
}
[2024-08-14 06:44:35.501] [main] [info] 
Switched the following valves: --->
          Felix:   Eiben Klee    ON -> OFF
                                   <---
[2024-08-14 06:44:36.501] [main] [info] 
--------------------------------------------------------------
Send valves at 1723610676
http://192.168.1.21:80/status?valves=2
200
{
 "server-name" : "valve-server-lucas",
 "action" : "okay"
}
[2024-08-14 06:44:36.575] [main] [info] 
Switched the following valves: --->
          Lucas:   Heidelbeeren   OFF -> ON 
                                   <---
[2024-08-14 07:04:36.067] [main] [info] 
--------------------------------------------------------------
Send valves at 1723611876
http://192.168.1.22:80/status?valves=0
200
{
 "server-name" : "valve-server-felix",
 "action" : "okay"
}
[2024-08-14 07:04:38.595] [main] [info] 
Switched the following valves: --->
                                   <---
[2024-08-14 07:04:38.595] [main] [info] 
--------------------------------------------------------------
Send valves at 1723611878
http://192.168.1.20:80/status?valves=0
200
{
 "server-name" : "valve-server-james",
 "action" : "okay"
}
[2024-08-14 07:04:38.696] [main] [info] 
Switched the following valves: --->
                                   <---
[2024-08-14 07:04:38.696] [main] [info] 
--------------------------------------------------------------
Send valves at 1723611878
http://192.168.1.21:80/status?valves=0
200
{
 "server-name" : "valve-server-lucas",
 "action" : "okay"
}
[2024-08-14 07:04:38.783] [main] [info] 
Switched the following valves: --->
          Lucas:   Heidelbeeren    ON -> OFF
                                   <---
Send request to pump relay:
URL:   http://192.168.1.10:80/status?auto=off
Response:
status code:   200
text:
{
 "server-name" : "pump-relay-mayson",
 "action" : "okay"
}
[2024-08-14 07:05:08.168] [main] [info] 
--------------------------------------------------------------
Send valves at 1723611908
http://192.168.1.21:80/status?valves=2
200
{
 "server-name" : "valve-server-lucas",
 "action" : "okay"
}
[2024-08-14 07:05:08.276] [main] [info] 
Switched the following valves: --->
          Lucas:   Heidelbeeren   OFF -> ON 
                                   <---
[2024-08-14 07:07:08.054] [main] [info] 
--------------------------------------------------------------
Send valves at 1723612028
http://192.168.1.22:80/status?valves=0
200
{
 "server-name" : "valve-server-felix",
 "action" : "okay"
}
[2024-08-14 07:07:08.184] [main] [info] 
Switched the following valves: --->
                                   <---
[2024-08-14 07:07:08.184] [main] [info] 
--------------------------------------------------------------
Send valves at 1723612028
http://192.168.1.20:80/status?valves=0
200
{
 "server-name" : "valve-server-james",
 "action" : "okay"
}
[2024-08-14 07:07:08.298] [main] [info] 
Switched the following valves: --->
                                   <---
[2024-08-14 07:07:08.298] [main] [info] 
--------------------------------------------------------------
Send valves at 1723612028
http://192.168.1.21:80/status?valves=0
200
{
 "server-name" : "valve-server-lucas",
 "action" : "okay"
}
[2024-08-14 07:07:08.394] [main] [info] 
Switched the following valves: --->
          Lucas:   Heidelbeeren    ON -> OFF
                                   <---
[2024-08-14 07:07:08.394] [main] [info] Accumulated watering times:

Felix   :           Klee Feld  :      0.00 min
Felix   :          Eiben Klee  :     40.00 min
James   :              Erbsen  :     50.01 min
James   :          Kartoffeln  :      0.00 min
James   :              Gurken  :     90.02 min
James   :        Tomaten+Mara  :     30.01 min
Lucas   :      Bohnen-Flieder  :      0.00 min
Lucas   :        Heidelbeeren  :     53.55 min
Lucas   :            Karotten  :     50.00 min

%%%%%%%%%%     [4] Run the executable   ...DONE!
elapsed time:   6855s
=====================================================================================================
