=====================================================================================================
%%%%%%%%%%     [6] Uploading logs and go sleeping...
> sudo -u mayadm git checkout artifacts
Bereits auf 'artifacts'
D	maya/artifacts/logs/14378--2024-08-14--01h07---7.log
D	maya/artifacts/logs/14379--2024-08-14--01h48---1.log
D	maya/artifacts/logs/14379--2024-08-14--01h48---2.log
D	maya/artifacts/logs/14379--2024-08-14--01h48---3.log
D	maya/artifacts/logs/14379--2024-08-14--01h48---4.log
D	maya/artifacts/logs/14379--2024-08-14--01h48---5.log
D	maya/artifacts/logs/14379--2024-08-14--01h48---6.log
Ihr Branch ist auf demselben Stand wie 'origin/artifacts'.
> sudo -u mayadm git pull
Bereits aktuell.
> sudo -u mayadm git merge maya-productive
Bereits aktuell.
> sudo -u mayadm git add "../artifacts/logs/*.log" -f
> sudo -u mayadm git add -u
> sudo -u mayadm git commit -m "logs at 2024-08-14--02h29"
[artifacts 79c4068a9] logs at 2024-08-14--02h29
 8 files changed, 86 insertions(+), 86 deletions(-)
 delete mode 100644 maya/artifacts/logs/14379--2024-08-14--01h48---4.log
 rename maya/artifacts/logs/{14378--2024-08-14--01h07---7.log => 14379--2024-08-14--01h48---7.log} (60%)
 rename maya/artifacts/logs/{14379--2024-08-14--01h48---1.log => 14380--2024-08-14--02h29---1.log} (91%)
 rename maya/artifacts/logs/{14379--2024-08-14--01h48---2.log => 14380--2024-08-14--02h29---2.log} (100%)
 rename maya/artifacts/logs/{14379--2024-08-14--01h48---3.log => 14380--2024-08-14--02h29---3.log} (96%)
 create mode 100644 maya/artifacts/logs/14380--2024-08-14--02h29---4.log
 rename maya/artifacts/logs/{14379--2024-08-14--01h48---5.log => 14380--2024-08-14--02h29---5.log} (77%)
 rename maya/artifacts/logs/{14379--2024-08-14--01h48---6.log => 14380--2024-08-14--02h29---6.log} (100%)
> sudo -u mayadm git push
To https://github.com/Necktschnagge/wired-watering
   3748b36e6..79c4068a9  artifacts -> artifacts
> sudo -u mayadm git checkout maya-productive
Zu Zweig »maya-productive« gewechselt
Ihr Branch ist auf demselben Stand wie 'origin/maya-productive'.
> sudo -u mayadm git push
Everything up-to-date
##############################################################
###################                        ###################
###################     GOING TO SLEEP     ###################
###################                        ###################
##############################################################
#######                                                #######
#######   Press CTRL + C NOW to abort script safely!   #######
#######                                                #######
##############################################################
##############################################################
#######                                                #######
#######               NOW GOING TO SLEEP               #######
#######                                                #######
##############################################################
> rtcwake -m mem -s 2400
rtcwake: RTC wird als UTC interpretiert …
rtcwake: aufwachen von „mem“ durch /dev/rtc0 bei Wed Aug 14 01:09:53 2024
##############################################################
#######                                                #######
#######            just waked up from sleep            #######
#######                                                #######
##############################################################
%%%%%%%%%%     [6] Uploading logs and go sleeping   ...DONE!
elapsed time:   2418s
=====================================================================================================
