=====================================================================================================
%%%%%%%%%%     [6] Uploading logs and go sleeping...
> sudo -u mayadm git checkout artifacts
Bereits auf 'artifacts'
D	maya/artifacts/logs/14391--2024-08-14--11h52---7.log
D	maya/artifacts/logs/14392--2024-08-14--12h33---1.log
D	maya/artifacts/logs/14392--2024-08-14--12h33---2.log
D	maya/artifacts/logs/14392--2024-08-14--12h33---3.log
D	maya/artifacts/logs/14392--2024-08-14--12h33---4.log
D	maya/artifacts/logs/14392--2024-08-14--12h33---5.log
D	maya/artifacts/logs/14392--2024-08-14--12h33---6.log
Ihr Branch ist auf demselben Stand wie 'origin/artifacts'.
> sudo -u mayadm git pull
Bereits aktuell.
> sudo -u mayadm git merge maya-productive
Bereits aktuell.
> sudo -u mayadm git add "../artifacts/logs/*.log" -f
> sudo -u mayadm git add -u
> sudo -u mayadm git commit -m "logs at 2024-08-14--13h14"
[artifacts 6dd118ba7] logs at 2024-08-14--13h14
 8 files changed, 91 insertions(+), 102 deletions(-)
 delete mode 100644 maya/artifacts/logs/14392--2024-08-14--12h33---4.log
 rename maya/artifacts/logs/{14391--2024-08-14--11h52---7.log => 14392--2024-08-14--12h33---7.log} (62%)
 rename maya/artifacts/logs/{14392--2024-08-14--12h33---1.log => 14393--2024-08-14--13h14---1.log} (90%)
 rename maya/artifacts/logs/{14392--2024-08-14--12h33---2.log => 14393--2024-08-14--13h14---2.log} (97%)
 rename maya/artifacts/logs/{14392--2024-08-14--12h33---3.log => 14393--2024-08-14--13h14---3.log} (94%)
 create mode 100644 maya/artifacts/logs/14393--2024-08-14--13h14---4.log
 rename maya/artifacts/logs/{14392--2024-08-14--12h33---5.log => 14393--2024-08-14--13h14---5.log} (77%)
 rename maya/artifacts/logs/{14392--2024-08-14--12h33---6.log => 14393--2024-08-14--13h14---6.log} (100%)
> sudo -u mayadm git push
To https://github.com/Necktschnagge/wired-watering
   62cd083da..6dd118ba7  artifacts -> artifacts
> sudo -u mayadm git checkout maya-productive
Zu Zweig »maya-productive« gewechselt
Ihr Branch ist auf demselben Stand wie 'origin/maya-productive'.
> sudo -u mayadm git push
Everything up-to-date
##############################################################
###################                        ###################
###################     GOING TO SLEEP     ###################
###################                        ###################
##############################################################
#######                                                #######
#######   Press CTRL + C NOW to abort script safely!   #######
#######                                                #######
##############################################################
##############################################################
#######                                                #######
#######               NOW GOING TO SLEEP               #######
#######                                                #######
##############################################################
> rtcwake -m mem -s 2400
rtcwake: RTC wird als UTC interpretiert …
rtcwake: aufwachen von „mem“ durch /dev/rtc0 bei Wed Aug 14 11:55:35 2024
##############################################################
#######                                                #######
#######            just waked up from sleep            #######
#######                                                #######
##############################################################
%%%%%%%%%%     [6] Uploading logs and go sleeping   ...DONE!
elapsed time:   2418s
=====================================================================================================
