=====================================================================================================
%%%%%%%%%%     [4] Run the executable...
>Please note:  Even if all builds failed, the last built executable is still there and will be started!
> sudo -u mayadm ./ur-unix-run.sh
[2024-08-15 05:42:04.825] [main] [info] Pinging Pump Server Mayson...
[2024-08-15 05:42:04.892] [main] [info] Pump Server ping OK!
[2024-08-15 05:42:04.892] [main] [info] Pinging Pump Server Mayson   ...DONE!
[2024-08-15 05:42:04.892] [main] [info] Pinging all valve stations...
[2024-08-15 05:42:07.269] [main] [info] James ping OK!
[2024-08-15 05:42:07.269] [main] [info] Lucas ping OK!
[2024-08-15 05:42:07.269] [main] [info] Felix ping OK!
[2024-08-15 05:42:07.269] [main] [info] Pinging all valve stations   ...DONE!
[2024-08-15 05:42:07.269] [main] [info] Pinging Non-Existing Test Server...
[2024-08-15 05:42:10.350] [main] [info] Pinging Non-Existing Test Server OK!
[2024-08-15 05:42:10.350] [main] [info] Pinging Non-Existing Test Server   ...DONE!
[2024-08-15 05:42:10.350] [main] [info] Creating Landscape...
[2024-08-15 05:42:10.350] [main] [info] Creating Landscape...
[2024-08-15 05:42:10.350] [main] [info] Creating Felix...
[2024-08-15 05:42:10.350] [main] [info] Creating James...
[2024-08-15 05:42:10.350] [main] [info] Creating Lucas...
[2024-08-15 05:42:10.350] [main] [info] Fetching timestamp...
std::chrono::system_clock::now().time_since_epoch()   :   1723693330350137372
get_seconds_since_epoch_now(bool verbose /* true */)   :   1723693330
minutes since epoch   :   28728222
minute of day   :   222
minute of hour   :   42
hour of day   :   3
[2024-08-15 05:42:10.350] [main] [info] Checking timestamp.txt...
[2024-08-15 05:42:10.350] [main] [debug] The timestamp.txt is always written when watering is triggered. It is read to check if I was already done with watering some minutes ago.
previous time_stamp:   28726752
[2024-08-15 05:42:10.350] [main] [info] Checking timestamp.txt   ...DONE!
Wrote to timestamp.txt
Send request to pump relay:
URL:   http://192.168.1.10:80/status?auto=off&system=off&manual=off
Response:
status code:   200
text:
{
 "server-name" : "pump-relay-mayson",
 "action" : "okay"
}
[2024-08-15 05:42:10.889] [main] [info] 
--------------------------------------------------------------
Send valves at 1723693330
http://192.168.1.21:80/status?valves=2
200
{
 "server-name" : "valve-server-lucas",
 "action" : "okay"
}
[2024-08-15 05:42:11.031] [main] [info] 
Switched the following valves: --->
          Lucas:   Heidelbeeren   OFF -> ON 
                                   <---
Send request to pump relay:
URL:   http://192.168.1.10:80/status?auto=on&system=on
Response:
status code:   200
text:
{
 "server-name" : "pump-relay-mayson",
 "action" : "okay"
}
[2024-08-15 05:43:41.187] [main] [info] 
--------------------------------------------------------------
Send valves at 1723693421
http://192.168.1.20:80/status?valves=0
200
{
 "server-name" : "valve-server-james",
 "action" : "okay"
}
[2024-08-15 05:43:41.255] [main] [info] 
Switched the following valves: --->
                                   <---
[2024-08-15 05:43:41.255] [main] [info] 
--------------------------------------------------------------
Send valves at 1723693421
http://192.168.1.21:80/status?valves=0
200
{
 "server-name" : "valve-server-lucas",
 "action" : "okay"
}
[2024-08-15 05:43:41.516] [main] [info] 
Switched the following valves: --->
          Lucas:   Heidelbeeren    ON -> OFF
                                   <---
[2024-08-15 05:43:41.516] [main] [info] 
--------------------------------------------------------------
Send valves at 1723693421
http://192.168.1.22:80/status?valves=0
200
{
 "server-name" : "valve-server-felix",
 "action" : "okay"
}
[2024-08-15 05:43:41.719] [main] [info] 
Switched the following valves: --->
                                   <---
[2024-08-15 05:43:42.719] [main] [info] 
--------------------------------------------------------------
Send valves at 1723693422
http://192.168.1.20:80/status?valves=1
200
{
 "server-name" : "valve-server-james",
 "action" : "okay"
}
[2024-08-15 05:43:42.794] [main] [info] 
Switched the following valves: --->
          James:   Erbsen   OFF -> ON 
                                   <---
[2024-08-15 05:43:42.794] [main] [info] 
--------------------------------------------------------------
Send valves at 1723693422
http://192.168.1.20:80/status?valves=9
200
{
 "server-name" : "valve-server-james",
 "action" : "okay"
}
[2024-08-15 05:43:42.851] [main] [info] 
Switched the following valves: --->
          James:   Tomaten+Mara   OFF -> ON 
                                   <---
[2024-08-15 05:43:42.851] [main] [info] 
--------------------------------------------------------------
Send valves at 1723693422
http://192.168.1.20:80/status?valves=11
200
{
 "server-name" : "valve-server-james",
 "action" : "okay"
}
[2024-08-15 05:43:42.898] [main] [info] 
Switched the following valves: --->
          James:   Kartoffeln   OFF -> ON 
                                   <---
[2024-08-15 05:43:42.898] [main] [info] 
--------------------------------------------------------------
Send valves at 1723693422
http://192.168.1.21:80/status?valves=1
200
{
 "server-name" : "valve-server-lucas",
 "action" : "okay"
}
[2024-08-15 05:43:43.007] [main] [info] 
Switched the following valves: --->
          Lucas:   Bohnen-Flieder   OFF -> ON 
                                   <---
[2024-08-15 06:13:43.027] [main] [info] 
--------------------------------------------------------------
Send valves at 1723695223
http://192.168.1.20:80/status?valves=0
200
{
 "server-name" : "valve-server-james",
 "action" : "okay"
}
[2024-08-15 06:13:43.173] [main] [info] 
Switched the following valves: --->
          James:   Erbsen    ON -> OFF
          James:   Kartoffeln    ON -> OFF
          James:   Tomaten+Mara    ON -> OFF
                                   <---
[2024-08-15 06:13:43.173] [main] [info] 
--------------------------------------------------------------
Send valves at 1723695223
http://192.168.1.21:80/status?valves=0
200
{
 "server-name" : "valve-server-lucas",
 "action" : "okay"
}
[2024-08-15 06:13:43.297] [main] [info] 
Switched the following valves: --->
          Lucas:   Bohnen-Flieder    ON -> OFF
                                   <---
[2024-08-15 06:13:43.297] [main] [info] 
--------------------------------------------------------------
Send valves at 1723695223
http://192.168.1.22:80/status?valves=0
200
{
 "server-name" : "valve-server-felix",
 "action" : "okay"
}
[2024-08-15 06:13:44.457] [main] [info] 
Switched the following valves: --->
                                   <---
[2024-08-15 06:13:45.457] [main] [info] 
--------------------------------------------------------------
Send valves at 1723695225
http://192.168.1.21:80/status?valves=2
200
{
 "server-name" : "valve-server-lucas",
 "action" : "okay"
}
[2024-08-15 06:13:45.510] [main] [info] 
Switched the following valves: --->
          Lucas:   Heidelbeeren   OFF -> ON 
                                   <---
[2024-08-15 06:13:45.510] [main] [info] 
--------------------------------------------------------------
Send valves at 1723695225
http://192.168.1.21:80/status?valves=3
200
{
 "server-name" : "valve-server-lucas",
 "action" : "okay"
}
[2024-08-15 06:13:45.566] [main] [info] 
Switched the following valves: --->
          Lucas:   Bohnen-Flieder   OFF -> ON 
                                   <---
[2024-08-15 06:28:45.075] [main] [info] 
--------------------------------------------------------------
Send valves at 1723696125
http://192.168.1.20:80/status?valves=1
200
{
 "server-name" : "valve-server-james",
 "action" : "okay"
}
[2024-08-15 06:28:45.231] [main] [info] 
Switched the following valves: --->
          James:   Erbsen   OFF -> ON 
                                   <---
[2024-08-15 06:28:45.231] [main] [info] 
--------------------------------------------------------------
Send valves at 1723696125
http://192.168.1.20:80/status?valves=5
200
{
 "server-name" : "valve-server-james",
 "action" : "okay"
}
[2024-08-15 06:28:45.529] [main] [info] 
Switched the following valves: --->
          James:   Gurken   OFF -> ON 
                                   <---
[2024-08-15 06:43:45.000] [main] [info] 
--------------------------------------------------------------
Send valves at 1723697025
http://192.168.1.20:80/status?valves=0
200
{
 "server-name" : "valve-server-james",
 "action" : "okay"
}
[2024-08-15 06:43:45.155] [main] [info] 
Switched the following valves: --->
          James:   Erbsen    ON -> OFF
          James:   Gurken    ON -> OFF
                                   <---
[2024-08-15 06:43:45.155] [main] [info] 
--------------------------------------------------------------
Send valves at 1723697025
http://192.168.1.21:80/status?valves=0
200
{
 "server-name" : "valve-server-lucas",
 "action" : "okay"
}
[2024-08-15 06:43:45.241] [main] [info] 
Switched the following valves: --->
          Lucas:   Bohnen-Flieder    ON -> OFF
          Lucas:   Heidelbeeren    ON -> OFF
                                   <---
[2024-08-15 06:43:45.241] [main] [info] 
--------------------------------------------------------------
Send valves at 1723697025
http://192.168.1.22:80/status?valves=0
0

[2024-08-15 06:44:03.725] [main] [info] 
Switched the following valves: --->
                                   <---
[2024-08-15 06:44:04.725] [main] [info] 
--------------------------------------------------------------
Send valves at 1723697044
http://192.168.1.22:80/status?valves=2
0

[2024-08-15 06:44:07.789] [main] [info] 
Switched the following valves: --->
          Felix:   Eiben Klee   OFF -> ON 
                                   <---
[2024-08-15 06:44:07.789] [main] [info] 
--------------------------------------------------------------
Send valves at 1723697047
http://192.168.1.20:80/status?valves=4
200
{
 "server-name" : "valve-server-james",
 "action" : "okay"
}
[2024-08-15 06:44:07.879] [main] [info] 
Switched the following valves: --->
          James:   Gurken   OFF -> ON 
                                   <---
[2024-08-15 07:14:07.037] [main] [info] 
--------------------------------------------------------------
Send valves at 1723698847
http://192.168.1.22:80/status?valves=0
0

[2024-08-15 07:15:15.597] [main] [info] 
Switched the following valves: --->
          Felix:   Eiben Klee    ON -> OFF
                                   <---
[2024-08-15 07:15:15.597] [main] [info] 
--------------------------------------------------------------
Send valves at 1723698915
http://192.168.1.20:80/status?valves=0
200
{
 "server-name" : "valve-server-james",
 "action" : "okay"
}
[2024-08-15 07:15:15.724] [main] [info] 
Switched the following valves: --->
          James:   Gurken    ON -> OFF
                                   <---
[2024-08-15 07:15:15.724] [main] [info] 
--------------------------------------------------------------
Send valves at 1723698915
http://192.168.1.21:80/status?valves=0
200
{
 "server-name" : "valve-server-lucas",
 "action" : "okay"
}
[2024-08-15 07:15:15.831] [main] [info] 
Switched the following valves: --->
                                   <---
Send request to pump relay:
URL:   http://192.168.1.10:80/status?auto=off
Response:
status code:   200
text:
{
 "server-name" : "pump-relay-mayson",
 "action" : "okay"
}
[2024-08-15 07:15:45.205] [main] [info] 
--------------------------------------------------------------
Send valves at 1723698945
http://192.168.1.21:80/status?valves=2
200
{
 "server-name" : "valve-server-lucas",
 "action" : "okay"
}
[2024-08-15 07:15:45.353] [main] [info] 
Switched the following valves: --->
          Lucas:   Heidelbeeren   OFF -> ON 
                                   <---
[2024-08-15 07:17:45.041] [main] [info] 
--------------------------------------------------------------
Send valves at 1723699065
http://192.168.1.22:80/status?valves=0
200
{
 "server-name" : "valve-server-felix",
 "action" : "okay"
}
[2024-08-15 07:17:47.690] [main] [info] 
Switched the following valves: --->
                                   <---
[2024-08-15 07:17:47.690] [main] [info] 
--------------------------------------------------------------
Send valves at 1723699067
http://192.168.1.20:80/status?valves=0
200
{
 "server-name" : "valve-server-james",
 "action" : "okay"
}
[2024-08-15 07:17:48.851] [main] [info] 
Switched the following valves: --->
                                   <---
[2024-08-15 07:17:48.852] [main] [info] 
--------------------------------------------------------------
Send valves at 1723699068
http://192.168.1.21:80/status?valves=0
200
{
 "server-name" : "valve-server-lucas",
 "action" : "okay"
}
[2024-08-15 07:17:48.957] [main] [info] 
Switched the following valves: --->
          Lucas:   Heidelbeeren    ON -> OFF
                                   <---
[2024-08-15 07:17:48.958] [main] [info] Accumulated watering times:

Felix   :           Klee Feld  :      0.00 min
Felix   :          Eiben Klee  :     31.13 min
James   :              Erbsen  :     45.01 min
James   :          Kartoffeln  :     30.00 min
James   :              Gurken  :     46.12 min
James   :        Tomaten+Mara  :     30.01 min
Lucas   :      Bohnen-Flieder  :     60.00 min
Lucas   :        Heidelbeeren  :     33.56 min
Lucas   :            Karotten  :      0.00 min

%%%%%%%%%%     [4] Run the executable   ...DONE!
elapsed time:   5745s
=====================================================================================================
