=====================================================================================================
%%%%%%%%%%     [6] Uploading logs and go sleeping...
> sudo -u mayadm git checkout artifacts
Bereits auf 'artifacts'
D	maya/artifacts/logs/14412--2024-08-15--02h17---7.log
D	maya/artifacts/logs/14413--2024-08-15--02h58---1.log
D	maya/artifacts/logs/14413--2024-08-15--02h58---2.log
D	maya/artifacts/logs/14413--2024-08-15--02h58---3.log
D	maya/artifacts/logs/14413--2024-08-15--02h58---4.log
D	maya/artifacts/logs/14413--2024-08-15--02h58---5.log
D	maya/artifacts/logs/14413--2024-08-15--02h58---6.log
Ihr Branch ist auf demselben Stand wie 'origin/artifacts'.
> sudo -u mayadm git pull
Bereits aktuell.
> sudo -u mayadm git merge maya-productive
Bereits aktuell.
> sudo -u mayadm git add "../artifacts/logs/*.log" -f
> sudo -u mayadm git add -u
> sudo -u mayadm git commit -m "logs at 2024-08-15--03h39"
[artifacts 3d3d69236] logs at 2024-08-15--03h39
 8 files changed, 88 insertions(+), 100 deletions(-)
 delete mode 100644 maya/artifacts/logs/14413--2024-08-15--02h58---4.log
 rename maya/artifacts/logs/{14412--2024-08-15--02h17---7.log => 14413--2024-08-15--02h58---7.log} (59%)
 rename maya/artifacts/logs/{14413--2024-08-15--02h58---1.log => 14414--2024-08-15--03h39---1.log} (91%)
 rename maya/artifacts/logs/{14413--2024-08-15--02h58---2.log => 14414--2024-08-15--03h39---2.log} (100%)
 rename maya/artifacts/logs/{14413--2024-08-15--02h58---3.log => 14414--2024-08-15--03h39---3.log} (95%)
 create mode 100644 maya/artifacts/logs/14414--2024-08-15--03h39---4.log
 rename maya/artifacts/logs/{14413--2024-08-15--02h58---5.log => 14414--2024-08-15--03h39---5.log} (75%)
 rename maya/artifacts/logs/{14413--2024-08-15--02h58---6.log => 14414--2024-08-15--03h39---6.log} (100%)
> sudo -u mayadm git push
To https://github.com/Necktschnagge/wired-watering
   f5a7fa803..3d3d69236  artifacts -> artifacts
> sudo -u mayadm git checkout maya-productive
Zu Zweig »maya-productive« gewechselt
Ihr Branch ist auf demselben Stand wie 'origin/maya-productive'.
> sudo -u mayadm git push
Everything up-to-date
##############################################################
###################                        ###################
###################     GOING TO SLEEP     ###################
###################                        ###################
##############################################################
#######                                                #######
#######   Press CTRL + C NOW to abort script safely!   #######
#######                                                #######
##############################################################
##############################################################
#######                                                #######
#######               NOW GOING TO SLEEP               #######
#######                                                #######
##############################################################
> rtcwake -m mem -s 2400
rtcwake: RTC wird als UTC interpretiert …
rtcwake: aufwachen von „mem“ durch /dev/rtc0 bei Thu Aug 15 02:19:55 2024
##############################################################
#######                                                #######
#######            just waked up from sleep            #######
#######                                                #######
##############################################################
%%%%%%%%%%     [6] Uploading logs and go sleeping   ...DONE!
elapsed time:   2417s
=====================================================================================================
