=====================================================================================================
%%%%%%%%%%     [6] Uploading logs and go sleeping...
> sudo -u mayadm git checkout artifacts
Bereits auf 'artifacts'
D	maya/artifacts/logs/14423--2024-08-15--11h23---7.log
D	maya/artifacts/logs/14424--2024-08-15--12h04---1.log
D	maya/artifacts/logs/14424--2024-08-15--12h04---2.log
D	maya/artifacts/logs/14424--2024-08-15--12h04---3.log
D	maya/artifacts/logs/14424--2024-08-15--12h04---4.log
D	maya/artifacts/logs/14424--2024-08-15--12h04---5.log
D	maya/artifacts/logs/14424--2024-08-15--12h04---6.log
Ihr Branch ist auf demselben Stand wie 'origin/artifacts'.
> sudo -u mayadm git pull
Bereits aktuell.
> sudo -u mayadm git merge maya-productive
Bereits aktuell.
> sudo -u mayadm git add "../artifacts/logs/*.log" -f
> sudo -u mayadm git add -u
> sudo -u mayadm git commit -m "logs at 2024-08-15--12h44"
[artifacts fa708835d] logs at 2024-08-15--12h44
 8 files changed, 88 insertions(+), 89 deletions(-)
 delete mode 100644 maya/artifacts/logs/14424--2024-08-15--12h04---4.log
 rename maya/artifacts/logs/{14423--2024-08-15--11h23---7.log => 14424--2024-08-15--12h04---7.log} (62%)
 rename maya/artifacts/logs/{14424--2024-08-15--12h04---1.log => 14425--2024-08-15--12h44---1.log} (88%)
 rename maya/artifacts/logs/{14424--2024-08-15--12h04---2.log => 14425--2024-08-15--12h44---2.log} (97%)
 rename maya/artifacts/logs/{14424--2024-08-15--12h04---3.log => 14425--2024-08-15--12h44---3.log} (96%)
 create mode 100644 maya/artifacts/logs/14425--2024-08-15--12h44---4.log
 rename maya/artifacts/logs/{14424--2024-08-15--12h04---5.log => 14425--2024-08-15--12h44---5.log} (75%)
 rename maya/artifacts/logs/{14424--2024-08-15--12h04---6.log => 14425--2024-08-15--12h44---6.log} (100%)
> sudo -u mayadm git push
To https://github.com/Necktschnagge/wired-watering
   f51d11208..fa708835d  artifacts -> artifacts
> sudo -u mayadm git checkout maya-productive
Zu Zweig »maya-productive« gewechselt
Ihr Branch ist auf demselben Stand wie 'origin/maya-productive'.
> sudo -u mayadm git push
Everything up-to-date
##############################################################
###################                        ###################
###################     GOING TO SLEEP     ###################
###################                        ###################
##############################################################
#######                                                #######
#######   Press CTRL + C NOW to abort script safely!   #######
#######                                                #######
##############################################################
##############################################################
#######                                                #######
#######               NOW GOING TO SLEEP               #######
#######                                                #######
##############################################################
> rtcwake -m mem -s 2400
rtcwake: RTC wird als UTC interpretiert …
rtcwake: aufwachen von „mem“ durch /dev/rtc0 bei Thu Aug 15 11:25:30 2024
##############################################################
#######                                                #######
#######            just waked up from sleep            #######
#######                                                #######
##############################################################
%%%%%%%%%%     [6] Uploading logs and go sleeping   ...DONE!
elapsed time:   2417s
=====================================================================================================
