=====================================================================================================
%%%%%%%%%%     [6] Uploading logs and go sleeping...
> sudo -u mayadm git checkout artifacts
Bereits auf 'artifacts'
D	maya/artifacts/logs/14454--2024-08-16--10h26---7.log
D	maya/artifacts/logs/14455--2024-08-16--11h07---1.log
D	maya/artifacts/logs/14455--2024-08-16--11h07---2.log
D	maya/artifacts/logs/14455--2024-08-16--11h07---3.log
D	maya/artifacts/logs/14455--2024-08-16--11h07---4.log
D	maya/artifacts/logs/14455--2024-08-16--11h07---5.log
D	maya/artifacts/logs/14455--2024-08-16--11h07---6.log
Ihr Branch ist auf demselben Stand wie 'origin/artifacts'.
> sudo -u mayadm git pull
Bereits aktuell.
> sudo -u mayadm git merge maya-productive
Bereits aktuell.
> sudo -u mayadm git add "../artifacts/logs/*.log" -f
> sudo -u mayadm git add -u
> sudo -u mayadm git commit -m "logs at 2024-08-16--11h48"
[artifacts ae47ab4de] logs at 2024-08-16--11h48
 8 files changed, 100 insertions(+), 89 deletions(-)
 delete mode 100644 maya/artifacts/logs/14455--2024-08-16--11h07---4.log
 rename maya/artifacts/logs/{14454--2024-08-16--10h26---7.log => 14455--2024-08-16--11h07---7.log} (62%)
 rename maya/artifacts/logs/{14455--2024-08-16--11h07---1.log => 14456--2024-08-16--11h48---1.log} (90%)
 rename maya/artifacts/logs/{14455--2024-08-16--11h07---2.log => 14456--2024-08-16--11h48---2.log} (97%)
 rename maya/artifacts/logs/{14455--2024-08-16--11h07---3.log => 14456--2024-08-16--11h48---3.log} (95%)
 create mode 100644 maya/artifacts/logs/14456--2024-08-16--11h48---4.log
 rename maya/artifacts/logs/{14455--2024-08-16--11h07---5.log => 14456--2024-08-16--11h48---5.log} (77%)
 rename maya/artifacts/logs/{14455--2024-08-16--11h07---6.log => 14456--2024-08-16--11h48---6.log} (100%)
> sudo -u mayadm git push
To https://github.com/Necktschnagge/wired-watering
   6e9344dd7..ae47ab4de  artifacts -> artifacts
> sudo -u mayadm git checkout maya-productive
Zu Zweig »maya-productive« gewechselt
Ihr Branch ist auf demselben Stand wie 'origin/maya-productive'.
> sudo -u mayadm git push
Everything up-to-date
##############################################################
###################                        ###################
###################     GOING TO SLEEP     ###################
###################                        ###################
##############################################################
#######                                                #######
#######   Press CTRL + C NOW to abort script safely!   #######
#######                                                #######
##############################################################
##############################################################
#######                                                #######
#######               NOW GOING TO SLEEP               #######
#######                                                #######
##############################################################
> rtcwake -m mem -s 2400
rtcwake: RTC wird als UTC interpretiert …
rtcwake: aufwachen von „mem“ durch /dev/rtc0 bei Fri Aug 16 10:29:06 2024
##############################################################
#######                                                #######
#######            just waked up from sleep            #######
#######                                                #######
##############################################################
%%%%%%%%%%     [6] Uploading logs and go sleeping   ...DONE!
elapsed time:   2418s
=====================================================================================================
