=====================================================================================================
%%%%%%%%%%     [6] Uploading logs and go sleeping...
> sudo -u mayadm git checkout artifacts
Bereits auf 'artifacts'
D	maya/artifacts/logs/14495--2024-08-17--15h58---7.log
D	maya/artifacts/logs/14496--2024-08-17--16h39---1.log
D	maya/artifacts/logs/14496--2024-08-17--16h39---2.log
D	maya/artifacts/logs/14496--2024-08-17--16h39---3.log
D	maya/artifacts/logs/14496--2024-08-17--16h39---4.log
D	maya/artifacts/logs/14496--2024-08-17--16h39---5.log
D	maya/artifacts/logs/14496--2024-08-17--16h39---6.log
Ihr Branch ist auf demselben Stand wie 'origin/artifacts'.
> sudo -u mayadm git pull
Bereits aktuell.
> sudo -u mayadm git merge maya-productive
Bereits aktuell.
> sudo -u mayadm git add "../artifacts/logs/*.log" -f
> sudo -u mayadm git add -u
> sudo -u mayadm git commit -m "logs at 2024-08-17--17h20"
[artifacts dcad99387] logs at 2024-08-17--17h20
 8 files changed, 95 insertions(+), 92 deletions(-)
 delete mode 100644 maya/artifacts/logs/14496--2024-08-17--16h39---4.log
 rename maya/artifacts/logs/{14495--2024-08-17--15h58---7.log => 14496--2024-08-17--16h39---7.log} (61%)
 rename maya/artifacts/logs/{14496--2024-08-17--16h39---1.log => 14497--2024-08-17--17h20---1.log} (90%)
 rename maya/artifacts/logs/{14496--2024-08-17--16h39---2.log => 14497--2024-08-17--17h20---2.log} (67%)
 rename maya/artifacts/logs/{14496--2024-08-17--16h39---3.log => 14497--2024-08-17--17h20---3.log} (94%)
 create mode 100644 maya/artifacts/logs/14497--2024-08-17--17h20---4.log
 rename maya/artifacts/logs/{14496--2024-08-17--16h39---5.log => 14497--2024-08-17--17h20---5.log} (77%)
 rename maya/artifacts/logs/{14496--2024-08-17--16h39---6.log => 14497--2024-08-17--17h20---6.log} (100%)
> sudo -u mayadm git push
To https://github.com/Necktschnagge/wired-watering
   8360546f7..dcad99387  artifacts -> artifacts
> sudo -u mayadm git checkout maya-productive
Zu Zweig »maya-productive« gewechselt
Ihr Branch ist auf demselben Stand wie 'origin/maya-productive'.
> sudo -u mayadm git push
Everything up-to-date
##############################################################
###################                        ###################
###################     GOING TO SLEEP     ###################
###################                        ###################
##############################################################
#######                                                #######
#######   Press CTRL + C NOW to abort script safely!   #######
#######                                                #######
##############################################################
##############################################################
#######                                                #######
#######               NOW GOING TO SLEEP               #######
#######                                                #######
##############################################################
> rtcwake -m mem -s 2400
rtcwake: RTC wird als UTC interpretiert …
rtcwake: aufwachen von „mem“ durch /dev/rtc0 bei Sat Aug 17 16:00:57 2024
##############################################################
#######                                                #######
#######            just waked up from sleep            #######
#######                                                #######
##############################################################
%%%%%%%%%%     [6] Uploading logs and go sleeping   ...DONE!
elapsed time:   2417s
=====================================================================================================
