=====================================================================================================
%%%%%%%%%%     [4] Run the executable...
>Please note:  Even if all builds failed, the last built executable is still there and will be started!
> sudo -u mayadm ./ur-unix-run.sh
[2024-08-18 11:00:33.263] [main] [info] Pinging Pump Server Mayson...
[2024-08-18 11:00:33.293] [main] [info] Pump Server ping OK!
[2024-08-18 11:00:33.293] [main] [info] Pinging Pump Server Mayson   ...DONE!
[2024-08-18 11:00:33.293] [main] [info] Pinging all valve stations...
[2024-08-18 11:00:36.574] [main] [error] Fatal: James not available!
[2024-08-18 11:00:36.574] [main] [info] Lucas ping OK!
[2024-08-18 11:00:36.574] [main] [info] Felix ping OK!
[2024-08-18 11:00:36.574] [main] [info] Pinging all valve stations   ...DONE!
[2024-08-18 11:00:36.574] [main] [info] Pinging Non-Existing Test Server...
[2024-08-18 11:00:39.634] [main] [info] Pinging Non-Existing Test Server OK!
[2024-08-18 11:00:39.634] [main] [info] Pinging Non-Existing Test Server   ...DONE!
[2024-08-18 11:00:39.634] [main] [info] Pinging Pump Server Mayson...
[2024-08-18 11:00:39.832] [main] [info] Pump Server ping OK!
[2024-08-18 11:00:39.832] [main] [info] Pinging Pump Server Mayson   ...DONE!
[2024-08-18 11:00:39.832] [main] [info] Pinging all valve stations...
[2024-08-18 11:00:43.216] [main] [error] Fatal: James not available!
[2024-08-18 11:00:43.216] [main] [info] Lucas ping OK!
[2024-08-18 11:00:43.216] [main] [info] Felix ping OK!
[2024-08-18 11:00:43.216] [main] [info] Pinging all valve stations   ...DONE!
[2024-08-18 11:00:43.216] [main] [info] Pinging Non-Existing Test Server...
[2024-08-18 11:00:46.290] [main] [info] Pinging Non-Existing Test Server OK!
[2024-08-18 11:00:46.290] [main] [info] Pinging Non-Existing Test Server   ...DONE!
[2024-08-18 11:00:46.290] [main] [info] Pinging Pump Server Mayson...
[2024-08-18 11:00:46.385] [main] [info] Pump Server ping OK!
[2024-08-18 11:00:46.385] [main] [info] Pinging Pump Server Mayson   ...DONE!
[2024-08-18 11:00:46.385] [main] [info] Pinging all valve stations...
[2024-08-18 11:00:49.658] [main] [error] Fatal: James not available!
[2024-08-18 11:00:49.658] [main] [info] Lucas ping OK!
[2024-08-18 11:00:49.658] [main] [info] Felix ping OK!
[2024-08-18 11:00:49.658] [main] [info] Pinging all valve stations   ...DONE!
[2024-08-18 11:00:49.658] [main] [info] Pinging Non-Existing Test Server...
[2024-08-18 11:00:52.722] [main] [info] Pinging Non-Existing Test Server OK!
[2024-08-18 11:00:52.722] [main] [info] Pinging Non-Existing Test Server   ...DONE!
[2024-08-18 11:00:52.722] [main] [info] Pinging Pump Server Mayson...
[2024-08-18 11:00:52.946] [main] [info] Pump Server ping OK!
[2024-08-18 11:00:52.946] [main] [info] Pinging Pump Server Mayson   ...DONE!
[2024-08-18 11:00:52.946] [main] [info] Pinging all valve stations...
[2024-08-18 11:00:55.294] [main] [info] James ping OK!
[2024-08-18 11:00:55.294] [main] [info] Lucas ping OK!
[2024-08-18 11:00:55.294] [main] [info] Felix ping OK!
[2024-08-18 11:00:55.294] [main] [info] Pinging all valve stations   ...DONE!
[2024-08-18 11:00:55.294] [main] [info] Pinging Non-Existing Test Server...
[2024-08-18 11:00:58.354] [main] [info] Pinging Non-Existing Test Server OK!
[2024-08-18 11:00:58.354] [main] [info] Pinging Non-Existing Test Server   ...DONE!
[2024-08-18 11:00:58.354] [main] [info] Creating Landscape...
[2024-08-18 11:00:58.354] [main] [info] Creating Landscape...
[2024-08-18 11:00:58.354] [main] [info] Creating Felix...
[2024-08-18 11:00:58.354] [main] [info] Creating James...
[2024-08-18 11:00:58.354] [main] [info] Creating Lucas...
[2024-08-18 11:00:58.354] [main] [info] Fetching timestamp...
std::chrono::system_clock::now().time_since_epoch()   :   1723971658354781854
get_seconds_since_epoch_now(bool verbose /* true */)   :   1723971658
minutes since epoch   :   28732860
minute of day   :   540
minute of hour   :   0
hour of day   :   9
[2024-08-18 11:00:58.354] [main] [info] Checking timestamp.txt...
[2024-08-18 11:00:58.354] [main] [debug] The timestamp.txt is always written when watering is triggered. It is read to check if I was already done with watering some minutes ago.
previous time_stamp:   28732537
[2024-08-18 11:00:58.354] [main] [info] Checking timestamp.txt   ...DONE!
[2024-08-18 11:00:58.354] [main] [info] It's not time for watering now!
[2024-08-18 11:00:58.354] [main] [info] Minute Intraday:   540
[2024-08-18 11:00:58.355] [main] [info] Days since Epoch:   19953
[2024-08-18 11:00:58.355] [main] [info] Accumulated watering times:

Felix   :           Klee Feld  :      0.00 min
Felix   :          Eiben Klee  :      0.00 min
James   :              Erbsen  :      0.00 min
James   :          Kartoffeln  :      0.00 min
James   :              Gurken  :      0.00 min
James   :        Tomaten+Mara  :      0.00 min
Lucas   :      Bohnen-Flieder  :      0.00 min
Lucas   :        Heidelbeeren  :      0.00 min
Lucas   :            Karotten  :      0.00 min

%%%%%%%%%%     [4] Run the executable   ...DONE!
elapsed time:   25s
=====================================================================================================
