=====================================================================================================
%%%%%%%%%%     [4] Run the executable...
>Please note:  Even if all builds failed, the last built executable is still there and will be started!
> sudo -u mayadm ./ur-unix-run.sh
[2024-08-19 04:06:00.841] [main] [info] Pinging Pump Server Mayson...
[2024-08-19 04:06:00.896] [main] [info] Pump Server ping OK!
[2024-08-19 04:06:00.896] [main] [info] Pinging Pump Server Mayson   ...DONE!
[2024-08-19 04:06:00.896] [main] [info] Pinging all valve stations...
[2024-08-19 04:06:04.172] [main] [error] Fatal: James not available!
[2024-08-19 04:06:04.172] [main] [info] Lucas ping OK!
[2024-08-19 04:06:04.172] [main] [info] Felix ping OK!
[2024-08-19 04:06:04.172] [main] [info] Pinging all valve stations   ...DONE!
[2024-08-19 04:06:04.172] [main] [info] Pinging Non-Existing Test Server...
[2024-08-19 04:06:07.254] [main] [info] Pinging Non-Existing Test Server OK!
[2024-08-19 04:06:07.254] [main] [info] Pinging Non-Existing Test Server   ...DONE!
[2024-08-19 04:06:07.254] [main] [info] Pinging Pump Server Mayson...
[2024-08-19 04:06:07.437] [main] [info] Pump Server ping OK!
[2024-08-19 04:06:07.437] [main] [info] Pinging Pump Server Mayson   ...DONE!
[2024-08-19 04:06:07.437] [main] [info] Pinging all valve stations...
[2024-08-19 04:06:10.830] [main] [error] Fatal: James not available!
[2024-08-19 04:06:10.830] [main] [info] Lucas ping OK!
[2024-08-19 04:06:10.830] [main] [info] Felix ping OK!
[2024-08-19 04:06:10.830] [main] [info] Pinging all valve stations   ...DONE!
[2024-08-19 04:06:10.831] [main] [info] Pinging Non-Existing Test Server...
[2024-08-19 04:06:13.910] [main] [info] Pinging Non-Existing Test Server OK!
[2024-08-19 04:06:13.910] [main] [info] Pinging Non-Existing Test Server   ...DONE!
[2024-08-19 04:06:13.910] [main] [info] Pinging Pump Server Mayson...
[2024-08-19 04:06:13.996] [main] [info] Pump Server ping OK!
[2024-08-19 04:06:13.996] [main] [info] Pinging Pump Server Mayson   ...DONE!
[2024-08-19 04:06:13.996] [main] [info] Pinging all valve stations...
[2024-08-19 04:06:17.483] [main] [error] Fatal: James not available!
[2024-08-19 04:06:17.483] [main] [info] Lucas ping OK!
[2024-08-19 04:06:17.483] [main] [info] Felix ping OK!
[2024-08-19 04:06:17.483] [main] [info] Pinging all valve stations   ...DONE!
[2024-08-19 04:06:17.483] [main] [info] Pinging Non-Existing Test Server...
[2024-08-19 04:06:20.566] [main] [info] Pinging Non-Existing Test Server OK!
[2024-08-19 04:06:20.566] [main] [info] Pinging Non-Existing Test Server   ...DONE!
[2024-08-19 04:06:20.566] [main] [info] Pinging Pump Server Mayson...
[2024-08-19 04:06:20.661] [main] [info] Pump Server ping OK!
[2024-08-19 04:06:20.661] [main] [info] Pinging Pump Server Mayson   ...DONE!
[2024-08-19 04:06:20.661] [main] [info] Pinging all valve stations...
[2024-08-19 04:06:21.996] [main] [info] James ping OK!
[2024-08-19 04:06:21.996] [main] [info] Lucas ping OK!
[2024-08-19 04:06:21.996] [main] [info] Felix ping OK!
[2024-08-19 04:06:21.996] [main] [info] Pinging all valve stations   ...DONE!
[2024-08-19 04:06:21.996] [main] [info] Pinging Non-Existing Test Server...
[2024-08-19 04:06:25.078] [main] [info] Pinging Non-Existing Test Server OK!
[2024-08-19 04:06:25.078] [main] [info] Pinging Non-Existing Test Server   ...DONE!
[2024-08-19 04:06:25.078] [main] [info] Creating Landscape...
[2024-08-19 04:06:25.078] [main] [info] Creating Landscape...
[2024-08-19 04:06:25.078] [main] [info] Creating Felix...
[2024-08-19 04:06:25.078] [main] [info] Creating James...
[2024-08-19 04:06:25.078] [main] [info] Creating Lucas...
[2024-08-19 04:06:25.078] [main] [info] Fetching timestamp...
std::chrono::system_clock::now().time_since_epoch()   :   1724033185078461365
get_seconds_since_epoch_now(bool verbose /* true */)   :   1724033185
minutes since epoch   :   28733886
minute of day   :   126
minute of hour   :   6
hour of day   :   2
[2024-08-19 04:06:25.078] [main] [info] Checking timestamp.txt...
[2024-08-19 04:06:25.078] [main] [debug] The timestamp.txt is always written when watering is triggered. It is read to check if I was already done with watering some minutes ago.
previous time_stamp:   28732537
[2024-08-19 04:06:25.078] [main] [info] Checking timestamp.txt   ...DONE!
[2024-08-19 04:06:25.078] [main] [info] It's not time for watering now!
[2024-08-19 04:06:25.078] [main] [info] Minute Intraday:   126
[2024-08-19 04:06:25.078] [main] [info] Days since Epoch:   19954
[2024-08-19 04:06:25.078] [main] [info] Accumulated watering times:

Felix   :           Klee Feld  :      0.00 min
Felix   :          Eiben Klee  :      0.00 min
James   :              Erbsen  :      0.00 min
James   :          Kartoffeln  :      0.00 min
James   :              Gurken  :      0.00 min
James   :        Tomaten+Mara  :      0.00 min
Lucas   :      Bohnen-Flieder  :      0.00 min
Lucas   :        Heidelbeeren  :      0.00 min
Lucas   :            Karotten  :      0.00 min

%%%%%%%%%%     [4] Run the executable   ...DONE!
elapsed time:   25s
=====================================================================================================
