=====================================================================================================
%%%%%%%%%%     [4] Run the executable...
>Please note:  Even if all builds failed, the last built executable is still there and will be started!
> sudo -u mayadm ./ur-unix-run.sh
[2024-08-19 17:58:02.240] [main] [info] Pinging Pump Server Mayson...
[2024-08-19 17:58:03.350] [main] [info] Pump Server ping OK!
[2024-08-19 17:58:03.350] [main] [info] Pinging Pump Server Mayson   ...DONE!
[2024-08-19 17:58:03.350] [main] [info] Pinging all valve stations...
[2024-08-19 17:58:04.680] [main] [info] James ping OK!
[2024-08-19 17:58:04.680] [main] [info] Lucas ping OK!
[2024-08-19 17:58:04.680] [main] [info] Felix ping OK!
[2024-08-19 17:58:04.680] [main] [info] Pinging all valve stations   ...DONE!
[2024-08-19 17:58:04.680] [main] [info] Pinging Non-Existing Test Server...
[2024-08-19 17:58:07.738] [main] [info] Pinging Non-Existing Test Server OK!
[2024-08-19 17:58:07.738] [main] [info] Pinging Non-Existing Test Server   ...DONE!
[2024-08-19 17:58:07.738] [main] [info] Creating Landscape...
[2024-08-19 17:58:07.738] [main] [info] Creating Landscape...
[2024-08-19 17:58:07.738] [main] [info] Creating Felix...
[2024-08-19 17:58:07.738] [main] [info] Creating James...
[2024-08-19 17:58:07.738] [main] [info] Creating Lucas...
[2024-08-19 17:58:07.738] [main] [info] Fetching timestamp...
std::chrono::system_clock::now().time_since_epoch()   :   1724083087738803934
get_seconds_since_epoch_now(bool verbose /* true */)   :   1724083087
minutes since epoch   :   28734718
minute of day   :   958
minute of hour   :   58
hour of day   :   15
[2024-08-19 17:58:07.738] [main] [info] Checking timestamp.txt...
[2024-08-19 17:58:07.738] [main] [debug] The timestamp.txt is always written when watering is triggered. It is read to check if I was already done with watering some minutes ago.
previous time_stamp:   28733968
[2024-08-19 17:58:07.738] [main] [info] Checking timestamp.txt   ...DONE!
[2024-08-19 17:58:07.739] [main] [info] It's not time for watering now!
[2024-08-19 17:58:07.739] [main] [info] Minute Intraday:   958
[2024-08-19 17:58:07.739] [main] [info] Days since Epoch:   19954
[2024-08-19 17:58:07.739] [main] [info] Accumulated watering times:

Felix   :           Klee Feld  :      0.00 min
Felix   :          Eiben Klee  :      0.00 min
James   :              Erbsen  :      0.00 min
James   :          Kartoffeln  :      0.00 min
James   :              Gurken  :      0.00 min
James   :        Tomaten+Mara  :      0.00 min
Lucas   :      Bohnen-Flieder  :      0.00 min
Lucas   :        Heidelbeeren  :      0.00 min
Lucas   :            Karotten  :      0.00 min

%%%%%%%%%%     [4] Run the executable   ...DONE!
elapsed time:   5s
=====================================================================================================
