=====================================================================================================
%%%%%%%%%%     [6] Uploading logs and go sleeping...
> sudo -u mayadm git checkout artifacts
Bereits auf 'artifacts'
D	maya/artifacts/logs/14575--2024-08-20--02h08---7.log
D	maya/artifacts/logs/14576--2024-08-20--02h49---1.log
D	maya/artifacts/logs/14576--2024-08-20--02h49---2.log
D	maya/artifacts/logs/14576--2024-08-20--02h49---3.log
D	maya/artifacts/logs/14576--2024-08-20--02h49---4.log
D	maya/artifacts/logs/14576--2024-08-20--02h49---5.log
D	maya/artifacts/logs/14576--2024-08-20--02h49---6.log
Ihr Branch ist auf demselben Stand wie 'origin/artifacts'.
> sudo -u mayadm git pull
Bereits aktuell.
> sudo -u mayadm git merge maya-productive
Bereits aktuell.
> sudo -u mayadm git add "../artifacts/logs/*.log" -f
> sudo -u mayadm git add -u
> sudo -u mayadm git commit -m "logs at 2024-08-20--03h30"
[artifacts e463567f4] logs at 2024-08-20--03h30
 8 files changed, 88 insertions(+), 99 deletions(-)
 delete mode 100644 maya/artifacts/logs/14576--2024-08-20--02h49---4.log
 rename maya/artifacts/logs/{14575--2024-08-20--02h08---7.log => 14576--2024-08-20--02h49---7.log} (62%)
 rename maya/artifacts/logs/{14576--2024-08-20--02h49---1.log => 14577--2024-08-20--03h30---1.log} (90%)
 rename maya/artifacts/logs/{14576--2024-08-20--02h49---2.log => 14577--2024-08-20--03h30---2.log} (100%)
 rename maya/artifacts/logs/{14576--2024-08-20--02h49---3.log => 14577--2024-08-20--03h30---3.log} (95%)
 create mode 100644 maya/artifacts/logs/14577--2024-08-20--03h30---4.log
 rename maya/artifacts/logs/{14576--2024-08-20--02h49---5.log => 14577--2024-08-20--03h30---5.log} (75%)
 rename maya/artifacts/logs/{14576--2024-08-20--02h49---6.log => 14577--2024-08-20--03h30---6.log} (100%)
> sudo -u mayadm git push
To https://github.com/Necktschnagge/wired-watering
   da71d62a9..e463567f4  artifacts -> artifacts
> sudo -u mayadm git checkout maya-productive
Zu Zweig »maya-productive« gewechselt
Ihr Branch ist auf demselben Stand wie 'origin/maya-productive'.
> sudo -u mayadm git push
Everything up-to-date
##############################################################
###################                        ###################
###################     GOING TO SLEEP     ###################
###################                        ###################
##############################################################
#######                                                #######
#######   Press CTRL + C NOW to abort script safely!   #######
#######                                                #######
##############################################################
##############################################################
#######                                                #######
#######               NOW GOING TO SLEEP               #######
#######                                                #######
##############################################################
> rtcwake -m mem -s 2400
rtcwake: RTC wird als UTC interpretiert …
rtcwake: aufwachen von „mem“ durch /dev/rtc0 bei Tue Aug 20 02:11:15 2024
##############################################################
#######                                                #######
#######            just waked up from sleep            #######
#######                                                #######
##############################################################
%%%%%%%%%%     [6] Uploading logs and go sleeping   ...DONE!
elapsed time:   2418s
=====================================================================================================
