=====================================================================================================
%%%%%%%%%%     [4] Run the executable...
>Please note:  Even if all builds failed, the last built executable is still there and will be started!
> sudo -u mayadm ./ur-unix-run.sh
[2024-08-20 02:49:53.967] [main] [info] Pinging Pump Server Mayson...
[2024-08-20 02:49:54.050] [main] [info] Pump Server ping OK!
[2024-08-20 02:49:54.050] [main] [info] Pinging Pump Server Mayson   ...DONE!
[2024-08-20 02:49:54.050] [main] [info] Pinging all valve stations...
[2024-08-20 02:49:57.275] [main] [error] Fatal: James not available!
[2024-08-20 02:49:57.275] [main] [info] Lucas ping OK!
[2024-08-20 02:49:57.275] [main] [info] Felix ping OK!
[2024-08-20 02:49:57.275] [main] [info] Pinging all valve stations   ...DONE!
[2024-08-20 02:49:57.275] [main] [info] Pinging Non-Existing Test Server...
[2024-08-20 02:50:00.340] [main] [info] Pinging Non-Existing Test Server OK!
[2024-08-20 02:50:00.340] [main] [info] Pinging Non-Existing Test Server   ...DONE!
[2024-08-20 02:50:00.340] [main] [info] Pinging Pump Server Mayson...
[2024-08-20 02:50:00.488] [main] [info] Pump Server ping OK!
[2024-08-20 02:50:00.488] [main] [info] Pinging Pump Server Mayson   ...DONE!
[2024-08-20 02:50:00.488] [main] [info] Pinging all valve stations...
[2024-08-20 02:50:01.790] [main] [info] James ping OK!
[2024-08-20 02:50:01.790] [main] [info] Lucas ping OK!
[2024-08-20 02:50:01.790] [main] [info] Felix ping OK!
[2024-08-20 02:50:01.790] [main] [info] Pinging all valve stations   ...DONE!
[2024-08-20 02:50:01.790] [main] [info] Pinging Non-Existing Test Server...
[2024-08-20 02:50:04.852] [main] [info] Pinging Non-Existing Test Server OK!
[2024-08-20 02:50:04.852] [main] [info] Pinging Non-Existing Test Server   ...DONE!
[2024-08-20 02:50:04.852] [main] [info] Creating Landscape...
[2024-08-20 02:50:04.852] [main] [info] Creating Landscape...
[2024-08-20 02:50:04.852] [main] [info] Creating Felix...
[2024-08-20 02:50:04.852] [main] [info] Creating James...
[2024-08-20 02:50:04.852] [main] [info] Creating Lucas...
[2024-08-20 02:50:04.852] [main] [info] Fetching timestamp...
std::chrono::system_clock::now().time_since_epoch()   :   1724115004852347592
get_seconds_since_epoch_now(bool verbose /* true */)   :   1724115004
minutes since epoch   :   28735250
minute of day   :   50
minute of hour   :   50
hour of day   :   0
[2024-08-20 02:50:04.852] [main] [info] Checking timestamp.txt...
[2024-08-20 02:50:04.852] [main] [debug] The timestamp.txt is always written when watering is triggered. It is read to check if I was already done with watering some minutes ago.
previous time_stamp:   28733968
[2024-08-20 02:50:04.852] [main] [info] Checking timestamp.txt   ...DONE!
[2024-08-20 02:50:04.852] [main] [info] It's not time for watering now!
[2024-08-20 02:50:04.852] [main] [info] Minute Intraday:   50
[2024-08-20 02:50:04.852] [main] [info] Days since Epoch:   19955
[2024-08-20 02:50:04.852] [main] [info] Accumulated watering times:

Felix   :           Klee Feld  :      0.00 min
Felix   :          Eiben Klee  :      0.00 min
James   :              Erbsen  :      0.00 min
James   :          Kartoffeln  :      0.00 min
James   :              Gurken  :      0.00 min
James   :        Tomaten+Mara  :      0.00 min
Lucas   :      Bohnen-Flieder  :      0.00 min
Lucas   :        Heidelbeeren  :      0.00 min
Lucas   :            Karotten  :      0.00 min

%%%%%%%%%%     [4] Run the executable   ...DONE!
elapsed time:   11s
=====================================================================================================
