=====================================================================================================
%%%%%%%%%%     [4] Run the executable...
>Please note:  Even if all builds failed, the last built executable is still there and will be started!
> sudo -u mayadm ./ur-unix-run.sh
[2024-08-20 05:33:38.615] [main] [info] Pinging Pump Server Mayson...
[2024-08-20 05:33:38.730] [main] [info] Pump Server ping OK!
[2024-08-20 05:33:38.730] [main] [info] Pinging Pump Server Mayson   ...DONE!
[2024-08-20 05:33:38.730] [main] [info] Pinging all valve stations...
[2024-08-20 05:33:41.085] [main] [info] James ping OK!
[2024-08-20 05:33:41.085] [main] [info] Lucas ping OK!
[2024-08-20 05:33:41.085] [main] [info] Felix ping OK!
[2024-08-20 05:33:41.085] [main] [info] Pinging all valve stations   ...DONE!
[2024-08-20 05:33:41.085] [main] [info] Pinging Non-Existing Test Server...
[2024-08-20 05:33:44.154] [main] [info] Pinging Non-Existing Test Server OK!
[2024-08-20 05:33:44.154] [main] [info] Pinging Non-Existing Test Server   ...DONE!
[2024-08-20 05:33:44.154] [main] [info] Creating Landscape...
[2024-08-20 05:33:44.154] [main] [info] Creating Landscape...
[2024-08-20 05:33:44.154] [main] [info] Creating Felix...
[2024-08-20 05:33:44.155] [main] [info] Creating James...
[2024-08-20 05:33:44.155] [main] [info] Creating Lucas...
[2024-08-20 05:33:44.155] [main] [info] Fetching timestamp...
std::chrono::system_clock::now().time_since_epoch()   :   1724124824155050936
get_seconds_since_epoch_now(bool verbose /* true */)   :   1724124824
minutes since epoch   :   28735413
minute of day   :   213
minute of hour   :   33
hour of day   :   3
[2024-08-20 05:33:44.155] [main] [info] Checking timestamp.txt...
[2024-08-20 05:33:44.155] [main] [debug] The timestamp.txt is always written when watering is triggered. It is read to check if I was already done with watering some minutes ago.
previous time_stamp:   28733968
[2024-08-20 05:33:44.155] [main] [info] Checking timestamp.txt   ...DONE!
Wrote to timestamp.txt
Send request to pump relay:
URL:   http://192.168.1.10:80/status?auto=off&system=off&manual=off
Response:
status code:   200
text:
{
 "server-name" : "pump-relay-mayson",
 "action" : "okay"
}
[2024-08-20 05:33:44.736] [main] [info] 
--------------------------------------------------------------
Send valves at 1724124824
http://192.168.1.21:80/status?valves=2
200
{
 "server-name" : "valve-server-lucas",
 "action" : "okay"
}
[2024-08-20 05:33:44.908] [main] [info] 
Switched the following valves: --->
          Lucas:   Heidelbeeren   OFF -> ON 
                                   <---
Send request to pump relay:
URL:   http://192.168.1.10:80/status?auto=on&system=on
Response:
status code:   200
text:
{
 "server-name" : "pump-relay-mayson",
 "action" : "okay"
}
[2024-08-20 05:35:15.043] [main] [info] 
--------------------------------------------------------------
Send valves at 1724124915
http://192.168.1.20:80/status?valves=0
200
{
 "server-name" : "valve-server-james",
 "action" : "okay"
}
[2024-08-20 05:35:15.197] [main] [info] 
Switched the following valves: --->
                                   <---
[2024-08-20 05:35:15.197] [main] [info] 
--------------------------------------------------------------
Send valves at 1724124915
http://192.168.1.21:80/status?valves=0
200
{
 "server-name" : "valve-server-lucas",
 "action" : "okay"
}
[2024-08-20 05:35:15.313] [main] [info] 
Switched the following valves: --->
          Lucas:   Heidelbeeren    ON -> OFF
                                   <---
[2024-08-20 05:35:15.313] [main] [info] 
--------------------------------------------------------------
Send valves at 1724124915
http://192.168.1.22:80/status?valves=0
200
{
 "server-name" : "valve-server-felix",
 "action" : "okay"
}
[2024-08-20 05:35:15.394] [main] [info] 
Switched the following valves: --->
                                   <---
[2024-08-20 05:35:16.394] [main] [info] 
--------------------------------------------------------------
Send valves at 1724124916
http://192.168.1.20:80/status?valves=1
200
{
 "server-name" : "valve-server-james",
 "action" : "okay"
}
[2024-08-20 05:35:16.636] [main] [info] 
Switched the following valves: --->
          James:   Erbsen   OFF -> ON 
                                   <---
[2024-08-20 05:35:16.636] [main] [info] 
--------------------------------------------------------------
Send valves at 1724124916
http://192.168.1.20:80/status?valves=5
200
{
 "server-name" : "valve-server-james",
 "action" : "okay"
}
[2024-08-20 05:35:16.696] [main] [info] 
Switched the following valves: --->
          James:   Gurken   OFF -> ON 
                                   <---
[2024-08-20 05:35:16.696] [main] [info] 
--------------------------------------------------------------
Send valves at 1724124916
http://192.168.1.20:80/status?valves=13
200
{
 "server-name" : "valve-server-james",
 "action" : "okay"
}
[2024-08-20 05:35:16.805] [main] [info] 
Switched the following valves: --->
          James:   Tomaten+Mara   OFF -> ON 
                                   <---
[2024-08-20 05:35:16.805] [main] [info] 
--------------------------------------------------------------
Send valves at 1724124916
http://192.168.1.21:80/status?valves=2
200
{
 "server-name" : "valve-server-lucas",
 "action" : "okay"
}
[2024-08-20 05:35:16.923] [main] [info] 
Switched the following valves: --->
          Lucas:   Heidelbeeren   OFF -> ON 
                                   <---
[2024-08-20 05:35:16.923] [main] [info] 
--------------------------------------------------------------
Send valves at 1724124916
http://192.168.1.21:80/status?valves=6
200
{
 "server-name" : "valve-server-lucas",
 "action" : "okay"
}
[2024-08-20 05:35:16.965] [main] [info] 
Switched the following valves: --->
          Lucas:   Karotten   OFF -> ON 
                                   <---
[2024-08-20 06:05:16.011] [main] [info] 
--------------------------------------------------------------
Send valves at 1724126716
http://192.168.1.20:80/status?valves=0
200
{
 "server-name" : "valve-server-james",
 "action" : "okay"
}
[2024-08-20 06:05:16.294] [main] [info] 
Switched the following valves: --->
          James:   Erbsen    ON -> OFF
          James:   Gurken    ON -> OFF
          James:   Tomaten+Mara    ON -> OFF
                                   <---
[2024-08-20 06:05:16.294] [main] [info] 
--------------------------------------------------------------
Send valves at 1724126716
http://192.168.1.21:80/status?valves=0
200
{
 "server-name" : "valve-server-lucas",
 "action" : "okay"
}
[2024-08-20 06:05:17.519] [main] [info] 
Switched the following valves: --->
          Lucas:   Heidelbeeren    ON -> OFF
          Lucas:   Karotten    ON -> OFF
                                   <---
[2024-08-20 06:05:17.519] [main] [info] 
--------------------------------------------------------------
Send valves at 1724126717
http://192.168.1.22:80/status?valves=0
200
{
 "server-name" : "valve-server-felix",
 "action" : "okay"
}
[2024-08-20 06:05:17.699] [main] [info] 
Switched the following valves: --->
                                   <---
[2024-08-20 06:05:18.699] [main] [info] 
--------------------------------------------------------------
Send valves at 1724126718
http://192.168.1.20:80/status?valves=1
200
{
 "server-name" : "valve-server-james",
 "action" : "okay"
}
[2024-08-20 06:05:18.863] [main] [info] 
Switched the following valves: --->
          James:   Erbsen   OFF -> ON 
                                   <---
[2024-08-20 06:05:18.863] [main] [info] 
--------------------------------------------------------------
Send valves at 1724126718
http://192.168.1.20:80/status?valves=5
200
{
 "server-name" : "valve-server-james",
 "action" : "okay"
}
[2024-08-20 06:05:19.234] [main] [info] 
Switched the following valves: --->
          James:   Gurken   OFF -> ON 
                                   <---
[2024-08-20 06:05:19.234] [main] [info] 
--------------------------------------------------------------
Send valves at 1724126719
http://192.168.1.21:80/status?valves=4
200
{
 "server-name" : "valve-server-lucas",
 "action" : "okay"
}
[2024-08-20 06:05:19.335] [main] [info] 
Switched the following valves: --->
          Lucas:   Karotten   OFF -> ON 
                                   <---
[2024-08-20 06:25:19.026] [main] [info] 
--------------------------------------------------------------
Send valves at 1724127919
http://192.168.1.20:80/status?valves=0
200
{
 "server-name" : "valve-server-james",
 "action" : "okay"
}
[2024-08-20 06:25:19.163] [main] [info] 
Switched the following valves: --->
          James:   Erbsen    ON -> OFF
          James:   Gurken    ON -> OFF
                                   <---
[2024-08-20 06:25:19.163] [main] [info] 
--------------------------------------------------------------
Send valves at 1724127919
http://192.168.1.21:80/status?valves=0
200
{
 "server-name" : "valve-server-lucas",
 "action" : "okay"
}
[2024-08-20 06:25:19.390] [main] [info] 
Switched the following valves: --->
          Lucas:   Karotten    ON -> OFF
                                   <---
[2024-08-20 06:25:19.390] [main] [info] 
--------------------------------------------------------------
Send valves at 1724127919
http://192.168.1.22:80/status?valves=0
200
{
 "server-name" : "valve-server-felix",
 "action" : "okay"
}
[2024-08-20 06:25:19.756] [main] [info] 
Switched the following valves: --->
                                   <---
[2024-08-20 06:25:20.756] [main] [info] 
--------------------------------------------------------------
Send valves at 1724127920
http://192.168.1.20:80/status?valves=4
200
{
 "server-name" : "valve-server-james",
 "action" : "okay"
}
[2024-08-20 06:25:20.889] [main] [info] 
Switched the following valves: --->
          James:   Gurken   OFF -> ON 
                                   <---
[2024-08-20 06:25:20.889] [main] [info] 
--------------------------------------------------------------
Send valves at 1724127920
http://192.168.1.22:80/status?valves=2
200
{
 "server-name" : "valve-server-felix",
 "action" : "okay"
}
[2024-08-20 06:25:21.942] [main] [info] 
Switched the following valves: --->
          Felix:   Eiben Klee   OFF -> ON 
                                   <---
[2024-08-20 07:05:21.047] [main] [info] 
--------------------------------------------------------------
Send valves at 1724130321
http://192.168.1.20:80/status?valves=0
200
{
 "server-name" : "valve-server-james",
 "action" : "okay"
}
[2024-08-20 07:05:21.369] [main] [info] 
Switched the following valves: --->
          James:   Gurken    ON -> OFF
                                   <---
[2024-08-20 07:05:21.369] [main] [info] 
--------------------------------------------------------------
Send valves at 1724130321
http://192.168.1.21:80/status?valves=0
200
{
 "server-name" : "valve-server-lucas",
 "action" : "okay"
}
[2024-08-20 07:05:21.465] [main] [info] 
Switched the following valves: --->
                                   <---
[2024-08-20 07:05:21.465] [main] [info] 
--------------------------------------------------------------
Send valves at 1724130321
http://192.168.1.22:80/status?valves=0
200
{
 "server-name" : "valve-server-felix",
 "action" : "okay"
}
[2024-08-20 07:05:22.352] [main] [info] 
Switched the following valves: --->
          Felix:   Eiben Klee    ON -> OFF
                                   <---
[2024-08-20 07:05:23.352] [main] [info] 
--------------------------------------------------------------
Send valves at 1724130323
http://192.168.1.21:80/status?valves=2
200
{
 "server-name" : "valve-server-lucas",
 "action" : "okay"
}
[2024-08-20 07:05:23.503] [main] [info] 
Switched the following valves: --->
          Lucas:   Heidelbeeren   OFF -> ON 
                                   <---
[2024-08-20 07:25:23.042] [main] [info] 
--------------------------------------------------------------
Send valves at 1724131523
http://192.168.1.22:80/status?valves=0
200
{
 "server-name" : "valve-server-felix",
 "action" : "okay"
}
[2024-08-20 07:25:23.162] [main] [info] 
Switched the following valves: --->
                                   <---
[2024-08-20 07:25:23.162] [main] [info] 
--------------------------------------------------------------
Send valves at 1724131523
http://192.168.1.20:80/status?valves=0
200
{
 "server-name" : "valve-server-james",
 "action" : "okay"
}
[2024-08-20 07:25:23.333] [main] [info] 
Switched the following valves: --->
                                   <---
[2024-08-20 07:25:23.333] [main] [info] 
--------------------------------------------------------------
Send valves at 1724131523
http://192.168.1.21:80/status?valves=0
200
{
 "server-name" : "valve-server-lucas",
 "action" : "okay"
}
[2024-08-20 07:25:23.546] [main] [info] 
Switched the following valves: --->
          Lucas:   Heidelbeeren    ON -> OFF
                                   <---
Send request to pump relay:
URL:   http://192.168.1.10:80/status?auto=off
Response:
status code:   200
text:
{
 "server-name" : "pump-relay-mayson",
 "action" : "okay"
}
[2024-08-20 07:25:53.234] [main] [info] 
--------------------------------------------------------------
Send valves at 1724131553
http://192.168.1.21:80/status?valves=2
200
{
 "server-name" : "valve-server-lucas",
 "action" : "okay"
}
[2024-08-20 07:25:53.358] [main] [info] 
Switched the following valves: --->
          Lucas:   Heidelbeeren   OFF -> ON 
                                   <---
[2024-08-20 07:27:53.097] [main] [info] 
--------------------------------------------------------------
Send valves at 1724131673
http://192.168.1.22:80/status?valves=0
200
{
 "server-name" : "valve-server-felix",
 "action" : "okay"
}
[2024-08-20 07:27:53.823] [main] [info] 
Switched the following valves: --->
                                   <---
[2024-08-20 07:27:53.823] [main] [info] 
--------------------------------------------------------------
Send valves at 1724131673
http://192.168.1.20:80/status?valves=0
200
{
 "server-name" : "valve-server-james",
 "action" : "okay"
}
[2024-08-20 07:27:54.005] [main] [info] 
Switched the following valves: --->
                                   <---
[2024-08-20 07:27:54.005] [main] [info] 
--------------------------------------------------------------
Send valves at 1724131674
http://192.168.1.21:80/status?valves=0
200
{
 "server-name" : "valve-server-lucas",
 "action" : "okay"
}
[2024-08-20 07:27:54.149] [main] [info] 
Switched the following valves: --->
          Lucas:   Heidelbeeren    ON -> OFF
                                   <---
[2024-08-20 07:27:54.149] [main] [info] Accumulated watering times:

Felix   :           Klee Feld  :      0.00 min
Felix   :          Eiben Klee  :     40.01 min
James   :              Erbsen  :     50.00 min
James   :          Kartoffeln  :      0.00 min
James   :              Gurken  :     90.00 min
James   :        Tomaten+Mara  :     29.99 min
Lucas   :      Bohnen-Flieder  :      0.00 min
Lucas   :        Heidelbeeren  :     53.53 min
Lucas   :            Karotten  :     50.01 min

%%%%%%%%%%     [4] Run the executable   ...DONE!
elapsed time:   6856s
=====================================================================================================
