=====================================================================================================
%%%%%%%%%%     [6] Uploading logs and go sleeping...
> sudo -u mayadm git checkout artifacts
Bereits auf 'artifacts'
D	maya/artifacts/logs/14614--2024-08-21--08h14---7.log
D	maya/artifacts/logs/14615--2024-08-21--08h55---1.log
D	maya/artifacts/logs/14615--2024-08-21--08h55---2.log
D	maya/artifacts/logs/14615--2024-08-21--08h55---3.log
D	maya/artifacts/logs/14615--2024-08-21--08h55---4.log
D	maya/artifacts/logs/14615--2024-08-21--08h55---5.log
D	maya/artifacts/logs/14615--2024-08-21--08h55---6.log
Ihr Branch ist auf demselben Stand wie 'origin/artifacts'.
> sudo -u mayadm git pull
Bereits aktuell.
> sudo -u mayadm git merge maya-productive
Bereits aktuell.
> sudo -u mayadm git add "../artifacts/logs/*.log" -f
> sudo -u mayadm git add -u
> sudo -u mayadm git commit -m "logs at 2024-08-21--09h36"
[artifacts 7bd4e2d49] logs at 2024-08-21--09h36
 8 files changed, 90 insertions(+), 101 deletions(-)
 delete mode 100644 maya/artifacts/logs/14615--2024-08-21--08h55---4.log
 rename maya/artifacts/logs/{14614--2024-08-21--08h14---7.log => 14615--2024-08-21--08h55---7.log} (61%)
 rename maya/artifacts/logs/{14615--2024-08-21--08h55---1.log => 14616--2024-08-21--09h36---1.log} (90%)
 rename maya/artifacts/logs/{14615--2024-08-21--08h55---2.log => 14616--2024-08-21--09h36---2.log} (100%)
 rename maya/artifacts/logs/{14615--2024-08-21--08h55---3.log => 14616--2024-08-21--09h36---3.log} (94%)
 create mode 100644 maya/artifacts/logs/14616--2024-08-21--09h36---4.log
 rename maya/artifacts/logs/{14615--2024-08-21--08h55---5.log => 14616--2024-08-21--09h36---5.log} (75%)
 rename maya/artifacts/logs/{14615--2024-08-21--08h55---6.log => 14616--2024-08-21--09h36---6.log} (100%)
> sudo -u mayadm git push
To https://github.com/Necktschnagge/wired-watering
   479884808..7bd4e2d49  artifacts -> artifacts
> sudo -u mayadm git checkout maya-productive
Zu Zweig »maya-productive« gewechselt
Ihr Branch ist auf demselben Stand wie 'origin/maya-productive'.
> sudo -u mayadm git push
Everything up-to-date
##############################################################
###################                        ###################
###################     GOING TO SLEEP     ###################
###################                        ###################
##############################################################
#######                                                #######
#######   Press CTRL + C NOW to abort script safely!   #######
#######                                                #######
##############################################################
##############################################################
#######                                                #######
#######               NOW GOING TO SLEEP               #######
#######                                                #######
##############################################################
> rtcwake -m mem -s 2400
rtcwake: RTC wird als UTC interpretiert …
rtcwake: aufwachen von „mem“ durch /dev/rtc0 bei Wed Aug 21 08:17:02 2024
##############################################################
#######                                                #######
#######            just waked up from sleep            #######
#######                                                #######
##############################################################
%%%%%%%%%%     [6] Uploading logs and go sleeping   ...DONE!
elapsed time:   2418s
=====================================================================================================
