=====================================================================================================
%%%%%%%%%%     [4] Run the executable...
>Please note:  Even if all builds failed, the last built executable is still there and will be started!
> sudo -u mayadm ./ur-unix-run.sh
[2024-08-21 15:45:09.876] [main] [info] Pinging Pump Server Mayson...
[2024-08-21 15:45:09.922] [main] [info] Pump Server ping OK!
[2024-08-21 15:45:09.922] [main] [info] Pinging Pump Server Mayson   ...DONE!
[2024-08-21 15:45:09.922] [main] [info] Pinging all valve stations...
[2024-08-21 15:45:20.134] [main] [info] James ping OK!
[2024-08-21 15:45:20.134] [main] [info] Lucas ping OK!
[2024-08-21 15:45:20.134] [main] [error] Fatal: Felix not available!
[2024-08-21 15:45:20.134] [main] [info] Pinging all valve stations   ...DONE!
[2024-08-21 15:45:20.134] [main] [info] Pinging Non-Existing Test Server...
[2024-08-21 15:45:23.191] [main] [info] Pinging Non-Existing Test Server OK!
[2024-08-21 15:45:23.191] [main] [info] Pinging Non-Existing Test Server   ...DONE!
[2024-08-21 15:45:23.191] [main] [info] Pinging Pump Server Mayson...
[2024-08-21 15:45:23.219] [main] [info] Pump Server ping OK!
[2024-08-21 15:45:23.219] [main] [info] Pinging Pump Server Mayson   ...DONE!
[2024-08-21 15:45:23.219] [main] [info] Pinging all valve stations...
[2024-08-21 15:45:23.757] [main] [info] James ping OK!
[2024-08-21 15:45:23.757] [main] [info] Lucas ping OK!
[2024-08-21 15:45:23.757] [main] [info] Felix ping OK!
[2024-08-21 15:45:23.757] [main] [info] Pinging all valve stations   ...DONE!
[2024-08-21 15:45:23.757] [main] [info] Pinging Non-Existing Test Server...
[2024-08-21 15:45:26.839] [main] [info] Pinging Non-Existing Test Server OK!
[2024-08-21 15:45:26.839] [main] [info] Pinging Non-Existing Test Server   ...DONE!
[2024-08-21 15:45:26.839] [main] [info] Creating Landscape...
[2024-08-21 15:45:26.839] [main] [info] Creating Landscape...
[2024-08-21 15:45:26.839] [main] [info] Creating Felix...
[2024-08-21 15:45:26.839] [main] [info] Creating James...
[2024-08-21 15:45:26.839] [main] [info] Creating Lucas...
[2024-08-21 15:45:26.839] [main] [info] Fetching timestamp...
std::chrono::system_clock::now().time_since_epoch()   :   1724247926839770957
get_seconds_since_epoch_now(bool verbose /* true */)   :   1724247926
minutes since epoch   :   28737465
minute of day   :   825
minute of hour   :   45
hour of day   :   13
[2024-08-21 15:45:26.839] [main] [info] Checking timestamp.txt...
[2024-08-21 15:45:26.839] [main] [debug] The timestamp.txt is always written when watering is triggered. It is read to check if I was already done with watering some minutes ago.
previous time_stamp:   28736838
[2024-08-21 15:45:26.839] [main] [info] Checking timestamp.txt   ...DONE!
[2024-08-21 15:45:26.839] [main] [info] It's not time for watering now!
[2024-08-21 15:45:26.839] [main] [info] Minute Intraday:   825
[2024-08-21 15:45:26.839] [main] [info] Days since Epoch:   19956
[2024-08-21 15:45:26.840] [main] [info] Accumulated watering times:

Felix   :           Klee Feld  :      0.00 min
Felix   :          Eiben Klee  :      0.00 min
James   :              Erbsen  :      0.00 min
James   :          Kartoffeln  :      0.00 min
James   :              Gurken  :      0.00 min
James   :        Tomaten+Mara  :      0.00 min
Lucas   :      Bohnen-Flieder  :      0.00 min
Lucas   :        Heidelbeeren  :      0.00 min
Lucas   :            Karotten  :      0.00 min

%%%%%%%%%%     [4] Run the executable   ...DONE!
elapsed time:   17s
=====================================================================================================
