=====================================================================================================
%%%%%%%%%%     [6] Uploading logs and go sleeping...
> sudo -u mayadm git checkout artifacts
Bereits auf 'artifacts'
D	maya/artifacts/logs/14656--2024-08-22--14h49---7.log
D	maya/artifacts/logs/14657--2024-08-22--15h30---1.log
D	maya/artifacts/logs/14657--2024-08-22--15h30---2.log
D	maya/artifacts/logs/14657--2024-08-22--15h30---3.log
D	maya/artifacts/logs/14657--2024-08-22--15h30---4.log
D	maya/artifacts/logs/14657--2024-08-22--15h30---5.log
D	maya/artifacts/logs/14657--2024-08-22--15h30---6.log
Ihr Branch ist auf demselben Stand wie 'origin/artifacts'.
> sudo -u mayadm git pull
Bereits aktuell.
> sudo -u mayadm git merge maya-productive
Bereits aktuell.
> sudo -u mayadm git add "../artifacts/logs/*.log" -f
> sudo -u mayadm git add -u
> sudo -u mayadm git commit -m "logs at 2024-08-22--16h11"
[artifacts 020539b48] logs at 2024-08-22--16h11
 8 files changed, 89 insertions(+), 103 deletions(-)
 delete mode 100644 maya/artifacts/logs/14657--2024-08-22--15h30---4.log
 rename maya/artifacts/logs/{14656--2024-08-22--14h49---7.log => 14657--2024-08-22--15h30---7.log} (62%)
 rename maya/artifacts/logs/{14657--2024-08-22--15h30---1.log => 14658--2024-08-22--16h11---1.log} (91%)
 rename maya/artifacts/logs/{14657--2024-08-22--15h30---2.log => 14658--2024-08-22--16h11---2.log} (67%)
 rename maya/artifacts/logs/{14657--2024-08-22--15h30---3.log => 14658--2024-08-22--16h11---3.log} (96%)
 create mode 100644 maya/artifacts/logs/14658--2024-08-22--16h11---4.log
 rename maya/artifacts/logs/{14657--2024-08-22--15h30---5.log => 14658--2024-08-22--16h11---5.log} (75%)
 rename maya/artifacts/logs/{14657--2024-08-22--15h30---6.log => 14658--2024-08-22--16h11---6.log} (100%)
> sudo -u mayadm git push
To https://github.com/Necktschnagge/wired-watering
   d057034a6..020539b48  artifacts -> artifacts
> sudo -u mayadm git checkout maya-productive
Zu Zweig »maya-productive« gewechselt
Ihr Branch ist auf demselben Stand wie 'origin/maya-productive'.
> sudo -u mayadm git push
Everything up-to-date
##############################################################
###################                        ###################
###################     GOING TO SLEEP     ###################
###################                        ###################
##############################################################
#######                                                #######
#######   Press CTRL + C NOW to abort script safely!   #######
#######                                                #######
##############################################################
##############################################################
#######                                                #######
#######               NOW GOING TO SLEEP               #######
#######                                                #######
##############################################################
> rtcwake -m mem -s 2400
rtcwake: RTC wird als UTC interpretiert …
rtcwake: aufwachen von „mem“ durch /dev/rtc0 bei Thu Aug 22 14:52:38 2024
##############################################################
#######                                                #######
#######            just waked up from sleep            #######
#######                                                #######
##############################################################
%%%%%%%%%%     [6] Uploading logs and go sleeping   ...DONE!
elapsed time:   2418s
=====================================================================================================
