=====================================================================================================
%%%%%%%%%%     [4] Run the executable...
>Please note:  Even if all builds failed, the last built executable is still there and will be started!
> sudo -u mayadm ./ur-unix-run.sh
[2024-08-22 15:31:17.049] [main] [info] Pinging Pump Server Mayson...
[2024-08-22 15:31:18.096] [main] [info] Pump Server ping OK!
[2024-08-22 15:31:18.096] [main] [info] Pinging Pump Server Mayson   ...DONE!
[2024-08-22 15:31:18.096] [main] [info] Pinging all valve stations...
[2024-08-22 15:31:21.364] [main] [error] Fatal: James not available!
[2024-08-22 15:31:21.364] [main] [info] Lucas ping OK!
[2024-08-22 15:31:21.364] [main] [info] Felix ping OK!
[2024-08-22 15:31:21.364] [main] [info] Pinging all valve stations   ...DONE!
[2024-08-22 15:31:21.364] [main] [info] Pinging Non-Existing Test Server...
[2024-08-22 15:31:24.430] [main] [info] Pinging Non-Existing Test Server OK!
[2024-08-22 15:31:24.430] [main] [info] Pinging Non-Existing Test Server   ...DONE!
[2024-08-22 15:31:24.430] [main] [info] Pinging Pump Server Mayson...
[2024-08-22 15:31:24.547] [main] [info] Pump Server ping OK!
[2024-08-22 15:31:24.547] [main] [info] Pinging Pump Server Mayson   ...DONE!
[2024-08-22 15:31:24.547] [main] [info] Pinging all valve stations...
[2024-08-22 15:31:24.857] [main] [info] James ping OK!
[2024-08-22 15:31:24.857] [main] [info] Lucas ping OK!
[2024-08-22 15:31:24.857] [main] [info] Felix ping OK!
[2024-08-22 15:31:24.857] [main] [info] Pinging all valve stations   ...DONE!
[2024-08-22 15:31:24.857] [main] [info] Pinging Non-Existing Test Server...
[2024-08-22 15:31:27.918] [main] [info] Pinging Non-Existing Test Server OK!
[2024-08-22 15:31:27.918] [main] [info] Pinging Non-Existing Test Server   ...DONE!
[2024-08-22 15:31:27.918] [main] [info] Creating Landscape...
[2024-08-22 15:31:27.918] [main] [info] Creating Landscape...
[2024-08-22 15:31:27.918] [main] [info] Creating Felix...
[2024-08-22 15:31:27.918] [main] [info] Creating James...
[2024-08-22 15:31:27.918] [main] [info] Creating Lucas...
[2024-08-22 15:31:27.918] [main] [info] Fetching timestamp...
std::chrono::system_clock::now().time_since_epoch()   :   1724333487918772861
get_seconds_since_epoch_now(bool verbose /* true */)   :   1724333487
minutes since epoch   :   28738891
minute of day   :   811
minute of hour   :   31
hour of day   :   13
[2024-08-22 15:31:27.918] [main] [info] Checking timestamp.txt...
[2024-08-22 15:31:27.918] [main] [debug] The timestamp.txt is always written when watering is triggered. It is read to check if I was already done with watering some minutes ago.
previous time_stamp:   28738284
[2024-08-22 15:31:27.918] [main] [info] Checking timestamp.txt   ...DONE!
[2024-08-22 15:31:27.918] [main] [info] It's not time for watering now!
[2024-08-22 15:31:27.918] [main] [info] Minute Intraday:   811
[2024-08-22 15:31:27.918] [main] [info] Days since Epoch:   19957
[2024-08-22 15:31:27.919] [main] [info] Accumulated watering times:

Felix   :           Klee Feld  :      0.00 min
Felix   :          Eiben Klee  :      0.00 min
James   :              Erbsen  :      0.00 min
James   :          Kartoffeln  :      0.00 min
James   :              Gurken  :      0.00 min
James   :        Tomaten+Mara  :      0.00 min
Lucas   :      Bohnen-Flieder  :      0.00 min
Lucas   :        Heidelbeeren  :      0.00 min
Lucas   :            Karotten  :      0.00 min

%%%%%%%%%%     [4] Run the executable   ...DONE!
elapsed time:   10s
=====================================================================================================
