=====================================================================================================
%%%%%%%%%%     [4] Run the executable...
>Please note:  Even if all builds failed, the last built executable is still there and will be started!
> sudo -u mayadm ./ur-unix-run.sh
[2024-08-22 20:18:03.097] [main] [info] Pinging Pump Server Mayson...
[2024-08-22 20:18:03.203] [main] [info] Pump Server ping OK!
[2024-08-22 20:18:03.203] [main] [info] Pinging Pump Server Mayson   ...DONE!
[2024-08-22 20:18:03.203] [main] [info] Pinging all valve stations...
[2024-08-22 20:18:06.491] [main] [error] Fatal: James not available!
[2024-08-22 20:18:06.491] [main] [info] Lucas ping OK!
[2024-08-22 20:18:06.491] [main] [info] Felix ping OK!
[2024-08-22 20:18:06.491] [main] [info] Pinging all valve stations   ...DONE!
[2024-08-22 20:18:06.491] [main] [info] Pinging Non-Existing Test Server...
[2024-08-22 20:18:09.545] [main] [info] Pinging Non-Existing Test Server OK!
[2024-08-22 20:18:09.545] [main] [info] Pinging Non-Existing Test Server   ...DONE!
[2024-08-22 20:18:09.545] [main] [info] Pinging Pump Server Mayson...
[2024-08-22 20:18:09.646] [main] [info] Pump Server ping OK!
[2024-08-22 20:18:09.646] [main] [info] Pinging Pump Server Mayson   ...DONE!
[2024-08-22 20:18:09.646] [main] [info] Pinging all valve stations...
[2024-08-22 20:18:12.006] [main] [info] James ping OK!
[2024-08-22 20:18:12.006] [main] [info] Lucas ping OK!
[2024-08-22 20:18:12.006] [main] [info] Felix ping OK!
[2024-08-22 20:18:12.006] [main] [info] Pinging all valve stations   ...DONE!
[2024-08-22 20:18:12.006] [main] [info] Pinging Non-Existing Test Server...
[2024-08-22 20:18:15.081] [main] [info] Pinging Non-Existing Test Server OK!
[2024-08-22 20:18:15.081] [main] [info] Pinging Non-Existing Test Server   ...DONE!
[2024-08-22 20:18:15.081] [main] [info] Creating Landscape...
[2024-08-22 20:18:15.081] [main] [info] Creating Landscape...
[2024-08-22 20:18:15.081] [main] [info] Creating Felix...
[2024-08-22 20:18:15.081] [main] [info] Creating James...
[2024-08-22 20:18:15.081] [main] [info] Creating Lucas...
[2024-08-22 20:18:15.081] [main] [info] Fetching timestamp...
std::chrono::system_clock::now().time_since_epoch()   :   1724350695081847783
get_seconds_since_epoch_now(bool verbose /* true */)   :   1724350695
minutes since epoch   :   28739178
minute of day   :   1098
minute of hour   :   18
hour of day   :   18
[2024-08-22 20:18:15.081] [main] [info] Checking timestamp.txt...
[2024-08-22 20:18:15.081] [main] [debug] The timestamp.txt is always written when watering is triggered. It is read to check if I was already done with watering some minutes ago.
previous time_stamp:   28738284
[2024-08-22 20:18:15.082] [main] [info] Checking timestamp.txt   ...DONE!
[2024-08-22 20:18:15.082] [main] [info] It's not time for watering now!
[2024-08-22 20:18:15.082] [main] [info] Minute Intraday:   1098
[2024-08-22 20:18:15.082] [main] [info] Days since Epoch:   19957
[2024-08-22 20:18:15.082] [main] [info] Accumulated watering times:

Felix   :           Klee Feld  :      0.00 min
Felix   :          Eiben Klee  :      0.00 min
James   :              Erbsen  :      0.00 min
James   :          Kartoffeln  :      0.00 min
James   :              Gurken  :      0.00 min
James   :        Tomaten+Mara  :      0.00 min
Lucas   :      Bohnen-Flieder  :      0.00 min
Lucas   :        Heidelbeeren  :      0.00 min
Lucas   :            Karotten  :      0.00 min

%%%%%%%%%%     [4] Run the executable   ...DONE!
elapsed time:   12s
=====================================================================================================
