=====================================================================================================
%%%%%%%%%%     [6] Uploading logs and go sleeping...
> sudo -u mayadm git checkout artifacts
Bereits auf 'artifacts'
D	maya/artifacts/logs/14675--2024-08-23--03h48---7.log
D	maya/artifacts/logs/14676--2024-08-23--04h29---1.log
D	maya/artifacts/logs/14676--2024-08-23--04h29---2.log
D	maya/artifacts/logs/14676--2024-08-23--04h29---3.log
D	maya/artifacts/logs/14676--2024-08-23--04h29---4.log
D	maya/artifacts/logs/14676--2024-08-23--04h29---5.log
D	maya/artifacts/logs/14676--2024-08-23--04h29---6.log
Ihr Branch ist auf demselben Stand wie 'origin/artifacts'.
> sudo -u mayadm git pull
Bereits aktuell.
> sudo -u mayadm git merge maya-productive
Bereits aktuell.
> sudo -u mayadm git add "../artifacts/logs/*.log" -f
> sudo -u mayadm git add -u
> sudo -u mayadm git commit -m "logs at 2024-08-23--05h10"
[artifacts 0cc3eb03a] logs at 2024-08-23--05h10
 8 files changed, 466 insertions(+), 107 deletions(-)
 delete mode 100644 maya/artifacts/logs/14676--2024-08-23--04h29---4.log
 rename maya/artifacts/logs/{14675--2024-08-23--03h48---7.log => 14676--2024-08-23--04h29---7.log} (61%)
 rename maya/artifacts/logs/{14676--2024-08-23--04h29---1.log => 14677--2024-08-23--05h10---1.log} (91%)
 rename maya/artifacts/logs/{14676--2024-08-23--04h29---2.log => 14677--2024-08-23--05h10---2.log} (65%)
 rename maya/artifacts/logs/{14676--2024-08-23--04h29---3.log => 14677--2024-08-23--05h10---3.log} (93%)
 create mode 100644 maya/artifacts/logs/14677--2024-08-23--05h10---4.log
 rename maya/artifacts/logs/{14676--2024-08-23--04h29---5.log => 14677--2024-08-23--05h10---5.log} (77%)
 rename maya/artifacts/logs/{14676--2024-08-23--04h29---6.log => 14677--2024-08-23--05h10---6.log} (100%)
> sudo -u mayadm git push
To https://github.com/Necktschnagge/wired-watering
   f1ba31504..0cc3eb03a  artifacts -> artifacts
> sudo -u mayadm git checkout maya-productive
Zu Zweig »maya-productive« gewechselt
Ihr Branch ist auf demselben Stand wie 'origin/maya-productive'.
> sudo -u mayadm git push
Everything up-to-date
##############################################################
###################                        ###################
###################     GOING TO SLEEP     ###################
###################                        ###################
##############################################################
#######                                                #######
#######   Press CTRL + C NOW to abort script safely!   #######
#######                                                #######
##############################################################
##############################################################
#######                                                #######
#######               NOW GOING TO SLEEP               #######
#######                                                #######
##############################################################
> rtcwake -m mem -s 2400
rtcwake: RTC wird als UTC interpretiert …
rtcwake: aufwachen von „mem“ durch /dev/rtc0 bei Fri Aug 23 05:27:07 2024
##############################################################
#######                                                #######
#######            just waked up from sleep            #######
#######                                                #######
##############################################################
%%%%%%%%%%     [6] Uploading logs and go sleeping   ...DONE!
elapsed time:   2420s
=====================================================================================================
