=====================================================================================================
%%%%%%%%%%     [6] Uploading logs and go sleeping...
> sudo -u mayadm git checkout artifacts
Bereits auf 'artifacts'
D	maya/artifacts/logs/14697--2024-08-23--20h27---7.log
D	maya/artifacts/logs/14698--2024-08-23--21h08---1.log
D	maya/artifacts/logs/14698--2024-08-23--21h08---2.log
D	maya/artifacts/logs/14698--2024-08-23--21h08---3.log
D	maya/artifacts/logs/14698--2024-08-23--21h08---4.log
D	maya/artifacts/logs/14698--2024-08-23--21h08---5.log
D	maya/artifacts/logs/14698--2024-08-23--21h08---6.log
Ihr Branch ist auf demselben Stand wie 'origin/artifacts'.
> sudo -u mayadm git pull
Bereits aktuell.
> sudo -u mayadm git merge maya-productive
Bereits aktuell.
> sudo -u mayadm git add "../artifacts/logs/*.log" -f
> sudo -u mayadm git add -u
> sudo -u mayadm git commit -m "logs at 2024-08-23--21h49"
[artifacts 4d410428d] logs at 2024-08-23--21h49
 8 files changed, 94 insertions(+), 91 deletions(-)
 delete mode 100644 maya/artifacts/logs/14698--2024-08-23--21h08---4.log
 rename maya/artifacts/logs/{14697--2024-08-23--20h27---7.log => 14698--2024-08-23--21h08---7.log} (61%)
 rename maya/artifacts/logs/{14698--2024-08-23--21h08---1.log => 14699--2024-08-23--21h49---1.log} (89%)
 rename maya/artifacts/logs/{14698--2024-08-23--21h08---2.log => 14699--2024-08-23--21h49---2.log} (67%)
 rename maya/artifacts/logs/{14698--2024-08-23--21h08---3.log => 14699--2024-08-23--21h49---3.log} (96%)
 create mode 100644 maya/artifacts/logs/14699--2024-08-23--21h49---4.log
 rename maya/artifacts/logs/{14698--2024-08-23--21h08---5.log => 14699--2024-08-23--21h49---5.log} (75%)
 rename maya/artifacts/logs/{14698--2024-08-23--21h08---6.log => 14699--2024-08-23--21h49---6.log} (100%)
> sudo -u mayadm git push
To https://github.com/Necktschnagge/wired-watering
   251946d41..4d410428d  artifacts -> artifacts
> sudo -u mayadm git checkout maya-productive
Zu Zweig »maya-productive« gewechselt
Ihr Branch ist auf demselben Stand wie 'origin/maya-productive'.
> sudo -u mayadm git push
Everything up-to-date
##############################################################
###################                        ###################
###################     GOING TO SLEEP     ###################
###################                        ###################
##############################################################
#######                                                #######
#######   Press CTRL + C NOW to abort script safely!   #######
#######                                                #######
##############################################################
##############################################################
#######                                                #######
#######               NOW GOING TO SLEEP               #######
#######                                                #######
##############################################################
> rtcwake -m mem -s 2400
rtcwake: RTC wird als UTC interpretiert …
rtcwake: aufwachen von „mem“ durch /dev/rtc0 bei Fri Aug 23 20:30:01 2024
##############################################################
#######                                                #######
#######            just waked up from sleep            #######
#######                                                #######
##############################################################
%%%%%%%%%%     [6] Uploading logs and go sleeping   ...DONE!
elapsed time:   2419s
=====================================================================================================
