=====================================================================================================
%%%%%%%%%%     [4] Run the executable...
>Please note:  Even if all builds failed, the last built executable is still there and will be started!
> sudo -u mayadm ./ur-unix-run.sh
[2024-08-24 05:20:32.537] [main] [info] Pinging Pump Server Mayson...
[2024-08-24 05:20:32.585] [main] [info] Pump Server ping OK!
[2024-08-24 05:20:32.585] [main] [info] Pinging Pump Server Mayson   ...DONE!
[2024-08-24 05:20:32.585] [main] [info] Pinging all valve stations...
[2024-08-24 05:20:32.917] [main] [info] James ping OK!
[2024-08-24 05:20:32.917] [main] [info] Lucas ping OK!
[2024-08-24 05:20:32.917] [main] [info] Felix ping OK!
[2024-08-24 05:20:32.917] [main] [info] Pinging all valve stations   ...DONE!
[2024-08-24 05:20:32.917] [main] [info] Pinging Non-Existing Test Server...
[2024-08-24 05:20:35.992] [main] [info] Pinging Non-Existing Test Server OK!
[2024-08-24 05:20:35.992] [main] [info] Pinging Non-Existing Test Server   ...DONE!
[2024-08-24 05:20:35.993] [main] [info] Creating Landscape...
[2024-08-24 05:20:35.993] [main] [info] Creating Landscape...
[2024-08-24 05:20:35.993] [main] [info] Creating Felix...
[2024-08-24 05:20:35.993] [main] [info] Creating James...
[2024-08-24 05:20:35.993] [main] [info] Creating Lucas...
[2024-08-24 05:20:35.993] [main] [info] Fetching timestamp...
std::chrono::system_clock::now().time_since_epoch()   :   1724469635993071350
get_seconds_since_epoch_now(bool verbose /* true */)   :   1724469635
minutes since epoch   :   28741160
minute of day   :   200
minute of hour   :   20
hour of day   :   3
[2024-08-24 05:20:35.993] [main] [info] Checking timestamp.txt...
[2024-08-24 05:20:35.993] [main] [debug] The timestamp.txt is always written when watering is triggered. It is read to check if I was already done with watering some minutes ago.
previous time_stamp:   28739711
[2024-08-24 05:20:35.993] [main] [info] Checking timestamp.txt   ...DONE!
Wrote to timestamp.txt
Send request to pump relay:
URL:   http://192.168.1.10:80/status?auto=off&system=off&manual=off
Response:
status code:   200
text:
{
 "server-name" : "pump-relay-mayson",
 "action" : "okay"
}
[2024-08-24 05:20:36.554] [main] [info] 
--------------------------------------------------------------
Send valves at 1724469636
http://192.168.1.21:80/status?valves=2
200
{
 "server-name" : "valve-server-lucas",
 "action" : "okay"
}
[2024-08-24 05:20:36.700] [main] [info] 
Switched the following valves: --->
          Lucas:   Heidelbeeren   OFF -> ON 
                                   <---
Send request to pump relay:
URL:   http://192.168.1.10:80/status?auto=on&system=on
Response:
status code:   200
text:
{
 "server-name" : "pump-relay-mayson",
 "action" : "okay"
}
[2024-08-24 05:22:06.845] [main] [info] 
--------------------------------------------------------------
Send valves at 1724469726
http://192.168.1.20:80/status?valves=0
200
{
 "server-name" : "valve-server-james",
 "action" : "okay"
}
[2024-08-24 05:22:07.048] [main] [info] 
Switched the following valves: --->
                                   <---
[2024-08-24 05:22:07.048] [main] [info] 
--------------------------------------------------------------
Send valves at 1724469727
http://192.168.1.21:80/status?valves=0
200
{
 "server-name" : "valve-server-lucas",
 "action" : "okay"
}
[2024-08-24 05:22:07.153] [main] [info] 
Switched the following valves: --->
          Lucas:   Heidelbeeren    ON -> OFF
                                   <---
[2024-08-24 05:22:07.153] [main] [info] 
--------------------------------------------------------------
Send valves at 1724469727
http://192.168.1.22:80/status?valves=0
200
{
 "server-name" : "valve-server-felix",
 "action" : "okay"
}
[2024-08-24 05:22:09.523] [main] [info] 
Switched the following valves: --->
                                   <---
[2024-08-24 05:22:10.523] [main] [info] 
--------------------------------------------------------------
Send valves at 1724469730
http://192.168.1.20:80/status?valves=1
200
{
 "server-name" : "valve-server-james",
 "action" : "okay"
}
[2024-08-24 05:22:10.638] [main] [info] 
Switched the following valves: --->
          James:   Erbsen   OFF -> ON 
                                   <---
[2024-08-24 05:22:10.638] [main] [info] 
--------------------------------------------------------------
Send valves at 1724469730
http://192.168.1.20:80/status?valves=5
200
{
 "server-name" : "valve-server-james",
 "action" : "okay"
}
[2024-08-24 05:22:10.795] [main] [info] 
Switched the following valves: --->
          James:   Gurken   OFF -> ON 
                                   <---
[2024-08-24 05:22:10.795] [main] [info] 
--------------------------------------------------------------
Send valves at 1724469730
http://192.168.1.20:80/status?valves=13
200
{
 "server-name" : "valve-server-james",
 "action" : "okay"
}
[2024-08-24 05:22:10.865] [main] [info] 
Switched the following valves: --->
          James:   Tomaten+Mara   OFF -> ON 
                                   <---
[2024-08-24 05:22:10.865] [main] [info] 
--------------------------------------------------------------
Send valves at 1724469730
http://192.168.1.21:80/status?valves=2
200
{
 "server-name" : "valve-server-lucas",
 "action" : "okay"
}
[2024-08-24 05:22:10.957] [main] [info] 
Switched the following valves: --->
          Lucas:   Heidelbeeren   OFF -> ON 
                                   <---
[2024-08-24 05:22:10.957] [main] [info] 
--------------------------------------------------------------
Send valves at 1724469730
http://192.168.1.21:80/status?valves=6
200
{
 "server-name" : "valve-server-lucas",
 "action" : "okay"
}
[2024-08-24 05:22:11.007] [main] [info] 
Switched the following valves: --->
          Lucas:   Karotten   OFF -> ON 
                                   <---
[2024-08-24 05:52:11.091] [main] [info] 
--------------------------------------------------------------
Send valves at 1724471531
http://192.168.1.20:80/status?valves=0
200
{
 "server-name" : "valve-server-james",
 "action" : "okay"
}
[2024-08-24 05:52:11.220] [main] [info] 
Switched the following valves: --->
          James:   Erbsen    ON -> OFF
          James:   Gurken    ON -> OFF
          James:   Tomaten+Mara    ON -> OFF
                                   <---
[2024-08-24 05:52:11.220] [main] [info] 
--------------------------------------------------------------
Send valves at 1724471531
http://192.168.1.21:80/status?valves=0
200
{
 "server-name" : "valve-server-lucas",
 "action" : "okay"
}
[2024-08-24 05:52:11.506] [main] [info] 
Switched the following valves: --->
          Lucas:   Heidelbeeren    ON -> OFF
          Lucas:   Karotten    ON -> OFF
                                   <---
[2024-08-24 05:52:11.506] [main] [info] 
--------------------------------------------------------------
Send valves at 1724471531
http://192.168.1.22:80/status?valves=0
200
{
 "server-name" : "valve-server-felix",
 "action" : "okay"
}
[2024-08-24 05:52:24.034] [main] [info] 
Switched the following valves: --->
                                   <---
[2024-08-24 05:52:25.034] [main] [info] 
--------------------------------------------------------------
Send valves at 1724471545
http://192.168.1.20:80/status?valves=1
200
{
 "server-name" : "valve-server-james",
 "action" : "okay"
}
[2024-08-24 05:52:25.142] [main] [info] 
Switched the following valves: --->
          James:   Erbsen   OFF -> ON 
                                   <---
[2024-08-24 05:52:25.142] [main] [info] 
--------------------------------------------------------------
Send valves at 1724471545
http://192.168.1.20:80/status?valves=5
200
{
 "server-name" : "valve-server-james",
 "action" : "okay"
}
[2024-08-24 05:52:25.190] [main] [info] 
Switched the following valves: --->
          James:   Gurken   OFF -> ON 
                                   <---
[2024-08-24 05:52:25.190] [main] [info] 
--------------------------------------------------------------
Send valves at 1724471545
http://192.168.1.21:80/status?valves=4
200
{
 "server-name" : "valve-server-lucas",
 "action" : "okay"
}
[2024-08-24 05:52:25.405] [main] [info] 
Switched the following valves: --->
          Lucas:   Karotten   OFF -> ON 
                                   <---
[2024-08-24 06:12:25.004] [main] [info] 
--------------------------------------------------------------
Send valves at 1724472745
http://192.168.1.20:80/status?valves=0
200
{
 "server-name" : "valve-server-james",
 "action" : "okay"
}
[2024-08-24 06:12:25.158] [main] [info] 
Switched the following valves: --->
          James:   Erbsen    ON -> OFF
          James:   Gurken    ON -> OFF
                                   <---
[2024-08-24 06:12:25.158] [main] [info] 
--------------------------------------------------------------
Send valves at 1724472745
http://192.168.1.21:80/status?valves=0
200
{
 "server-name" : "valve-server-lucas",
 "action" : "okay"
}
[2024-08-24 06:12:25.397] [main] [info] 
Switched the following valves: --->
          Lucas:   Karotten    ON -> OFF
                                   <---
[2024-08-24 06:12:25.397] [main] [info] 
--------------------------------------------------------------
Send valves at 1724472745
http://192.168.1.22:80/status?valves=0
200
{
 "server-name" : "valve-server-felix",
 "action" : "okay"
}
[2024-08-24 06:13:33.016] [main] [info] 
Switched the following valves: --->
                                   <---
[2024-08-24 06:13:34.016] [main] [info] 
--------------------------------------------------------------
Send valves at 1724472814
http://192.168.1.20:80/status?valves=4
200
{
 "server-name" : "valve-server-james",
 "action" : "okay"
}
[2024-08-24 06:13:34.197] [main] [info] 
Switched the following valves: --->
          James:   Gurken   OFF -> ON 
                                   <---
[2024-08-24 06:13:34.197] [main] [info] 
--------------------------------------------------------------
Send valves at 1724472814
http://192.168.1.22:80/status?valves=2
200
{
 "server-name" : "valve-server-felix",
 "action" : "okay"
}
[2024-08-24 06:13:34.551] [main] [info] 
Switched the following valves: --->
          Felix:   Eiben Klee   OFF -> ON 
                                   <---
[2024-08-24 06:53:34.045] [main] [info] 
--------------------------------------------------------------
Send valves at 1724475214
http://192.168.1.20:80/status?valves=0
200
{
 "server-name" : "valve-server-james",
 "action" : "okay"
}
[2024-08-24 06:53:34.106] [main] [info] 
Switched the following valves: --->
          James:   Gurken    ON -> OFF
                                   <---
[2024-08-24 06:53:34.106] [main] [info] 
--------------------------------------------------------------
Send valves at 1724475214
http://192.168.1.21:80/status?valves=0
200
{
 "server-name" : "valve-server-lucas",
 "action" : "okay"
}
[2024-08-24 06:53:34.323] [main] [info] 
Switched the following valves: --->
                                   <---
[2024-08-24 06:53:34.323] [main] [info] 
--------------------------------------------------------------
Send valves at 1724475214
http://192.168.1.22:80/status?valves=0
200
{
 "server-name" : "valve-server-felix",
 "action" : "okay"
}
[2024-08-24 06:53:34.524] [main] [info] 
Switched the following valves: --->
          Felix:   Eiben Klee    ON -> OFF
                                   <---
[2024-08-24 06:53:35.525] [main] [info] 
--------------------------------------------------------------
Send valves at 1724475215
http://192.168.1.21:80/status?valves=2
200
{
 "server-name" : "valve-server-lucas",
 "action" : "okay"
}
[2024-08-24 06:53:35.634] [main] [info] 
Switched the following valves: --->
          Lucas:   Heidelbeeren   OFF -> ON 
                                   <---
[2024-08-24 07:13:35.039] [main] [info] 
--------------------------------------------------------------
Send valves at 1724476415
http://192.168.1.22:80/status?valves=0
200
{
 "server-name" : "valve-server-felix",
 "action" : "okay"
}
[2024-08-24 07:13:37.414] [main] [info] 
Switched the following valves: --->
                                   <---
[2024-08-24 07:13:37.414] [main] [info] 
--------------------------------------------------------------
Send valves at 1724476417
http://192.168.1.20:80/status?valves=0
200
{
 "server-name" : "valve-server-james",
 "action" : "okay"
}
[2024-08-24 07:13:38.129] [main] [info] 
Switched the following valves: --->
                                   <---
[2024-08-24 07:13:38.129] [main] [info] 
--------------------------------------------------------------
Send valves at 1724476418
http://192.168.1.21:80/status?valves=0
200
{
 "server-name" : "valve-server-lucas",
 "action" : "okay"
}
[2024-08-24 07:13:38.242] [main] [info] 
Switched the following valves: --->
          Lucas:   Heidelbeeren    ON -> OFF
                                   <---
Send request to pump relay:
URL:   http://192.168.1.10:80/status?auto=off
Response:
status code:   200
text:
{
 "server-name" : "pump-relay-mayson",
 "action" : "okay"
}
[2024-08-24 07:14:08.103] [main] [info] 
--------------------------------------------------------------
Send valves at 1724476448
http://192.168.1.21:80/status?valves=2
200
{
 "server-name" : "valve-server-lucas",
 "action" : "okay"
}
[2024-08-24 07:14:08.212] [main] [info] 
Switched the following valves: --->
          Lucas:   Heidelbeeren   OFF -> ON 
                                   <---
[2024-08-24 07:16:08.028] [main] [info] 
--------------------------------------------------------------
Send valves at 1724476568
http://192.168.1.22:80/status?valves=0
200
{
 "server-name" : "valve-server-felix",
 "action" : "okay"
}
[2024-08-24 07:16:08.183] [main] [info] 
Switched the following valves: --->
                                   <---
[2024-08-24 07:16:08.183] [main] [info] 
--------------------------------------------------------------
Send valves at 1724476568
http://192.168.1.20:80/status?valves=0
200
{
 "server-name" : "valve-server-james",
 "action" : "okay"
}
[2024-08-24 07:16:08.379] [main] [info] 
Switched the following valves: --->
                                   <---
[2024-08-24 07:16:08.379] [main] [info] 
--------------------------------------------------------------
Send valves at 1724476568
http://192.168.1.21:80/status?valves=0
200
{
 "server-name" : "valve-server-lucas",
 "action" : "okay"
}
[2024-08-24 07:16:08.444] [main] [info] 
Switched the following valves: --->
          Lucas:   Heidelbeeren    ON -> OFF
                                   <---
[2024-08-24 07:16:08.444] [main] [info] Accumulated watering times:

Felix   :           Klee Feld  :      0.00 min
Felix   :          Eiben Klee  :     40.00 min
James   :              Erbsen  :     50.01 min
James   :          Kartoffeln  :      0.00 min
James   :              Gurken  :     90.01 min
James   :        Tomaten+Mara  :     30.01 min
Lucas   :      Bohnen-Flieder  :      0.00 min
Lucas   :        Heidelbeeren  :     53.56 min
Lucas   :            Karotten  :     50.01 min

%%%%%%%%%%     [4] Run the executable   ...DONE!
elapsed time:   6937s
=====================================================================================================
