=====================================================================================================
%%%%%%%%%%     [6] Uploading logs and go sleeping...
> sudo -u mayadm git checkout artifacts
Bereits auf 'artifacts'
D	maya/artifacts/logs/14722--2024-08-24--15h28---7.log
D	maya/artifacts/logs/14723--2024-08-24--16h09---1.log
D	maya/artifacts/logs/14723--2024-08-24--16h09---2.log
D	maya/artifacts/logs/14723--2024-08-24--16h09---3.log
D	maya/artifacts/logs/14723--2024-08-24--16h09---4.log
D	maya/artifacts/logs/14723--2024-08-24--16h09---5.log
D	maya/artifacts/logs/14723--2024-08-24--16h09---6.log
Ihr Branch ist auf demselben Stand wie 'origin/artifacts'.
> sudo -u mayadm git pull
Bereits aktuell.
> sudo -u mayadm git merge maya-productive
Bereits aktuell.
> sudo -u mayadm git add "../artifacts/logs/*.log" -f
> sudo -u mayadm git add -u
> sudo -u mayadm git commit -m "logs at 2024-08-24--16h50"
[artifacts 9a85f6945] logs at 2024-08-24--16h50
 8 files changed, 92 insertions(+), 89 deletions(-)
 delete mode 100644 maya/artifacts/logs/14723--2024-08-24--16h09---4.log
 rename maya/artifacts/logs/{14722--2024-08-24--15h28---7.log => 14723--2024-08-24--16h09---7.log} (62%)
 rename maya/artifacts/logs/{14723--2024-08-24--16h09---1.log => 14724--2024-08-24--16h50---1.log} (91%)
 rename maya/artifacts/logs/{14723--2024-08-24--16h09---2.log => 14724--2024-08-24--16h50---2.log} (67%)
 rename maya/artifacts/logs/{14723--2024-08-24--16h09---3.log => 14724--2024-08-24--16h50---3.log} (95%)
 create mode 100644 maya/artifacts/logs/14724--2024-08-24--16h50---4.log
 rename maya/artifacts/logs/{14723--2024-08-24--16h09---5.log => 14724--2024-08-24--16h50---5.log} (77%)
 rename maya/artifacts/logs/{14723--2024-08-24--16h09---6.log => 14724--2024-08-24--16h50---6.log} (100%)
> sudo -u mayadm git push
To https://github.com/Necktschnagge/wired-watering
   941dd9a2d..9a85f6945  artifacts -> artifacts
> sudo -u mayadm git checkout maya-productive
Zu Zweig »maya-productive« gewechselt
Ihr Branch ist auf demselben Stand wie 'origin/maya-productive'.
> sudo -u mayadm git push
Everything up-to-date
##############################################################
###################                        ###################
###################     GOING TO SLEEP     ###################
###################                        ###################
##############################################################
#######                                                #######
#######   Press CTRL + C NOW to abort script safely!   #######
#######                                                #######
##############################################################
##############################################################
#######                                                #######
#######               NOW GOING TO SLEEP               #######
#######                                                #######
##############################################################
> rtcwake -m mem -s 2400
rtcwake: RTC wird als UTC interpretiert …
rtcwake: aufwachen von „mem“ durch /dev/rtc0 bei Sat Aug 24 15:31:19 2024
##############################################################
#######                                                #######
#######            just waked up from sleep            #######
#######                                                #######
##############################################################
%%%%%%%%%%     [6] Uploading logs and go sleeping   ...DONE!
elapsed time:   2418s
=====================================================================================================
