=====================================================================================================
%%%%%%%%%%     [4] Run the executable...
>Please note:  Even if all builds failed, the last built executable is still there and will be started!
> sudo -u mayadm ./ur-unix-run.sh
[2024-08-24 23:41:46.650] [main] [info] Pinging Pump Server Mayson...
[2024-08-24 23:41:46.748] [main] [info] Pump Server ping OK!
[2024-08-24 23:41:46.748] [main] [info] Pinging Pump Server Mayson   ...DONE!
[2024-08-24 23:41:46.748] [main] [info] Pinging all valve stations...
[2024-08-24 23:41:50.034] [main] [error] Fatal: James not available!
[2024-08-24 23:41:50.034] [main] [info] Lucas ping OK!
[2024-08-24 23:41:50.034] [main] [info] Felix ping OK!
[2024-08-24 23:41:50.034] [main] [info] Pinging all valve stations   ...DONE!
[2024-08-24 23:41:50.034] [main] [info] Pinging Non-Existing Test Server...
[2024-08-24 23:41:53.087] [main] [info] Pinging Non-Existing Test Server OK!
[2024-08-24 23:41:53.087] [main] [info] Pinging Non-Existing Test Server   ...DONE!
[2024-08-24 23:41:53.087] [main] [info] Pinging Pump Server Mayson...
[2024-08-24 23:41:53.195] [main] [info] Pump Server ping OK!
[2024-08-24 23:41:53.195] [main] [info] Pinging Pump Server Mayson   ...DONE!
[2024-08-24 23:41:53.195] [main] [info] Pinging all valve stations...
[2024-08-24 23:41:56.577] [main] [error] Fatal: James not available!
[2024-08-24 23:41:56.577] [main] [info] Lucas ping OK!
[2024-08-24 23:41:56.577] [main] [info] Felix ping OK!
[2024-08-24 23:41:56.577] [main] [info] Pinging all valve stations   ...DONE!
[2024-08-24 23:41:56.577] [main] [info] Pinging Non-Existing Test Server...
[2024-08-24 23:41:59.647] [main] [info] Pinging Non-Existing Test Server OK!
[2024-08-24 23:41:59.647] [main] [info] Pinging Non-Existing Test Server   ...DONE!
[2024-08-24 23:41:59.647] [main] [info] Pinging Pump Server Mayson...
[2024-08-24 23:41:59.743] [main] [info] Pump Server ping OK!
[2024-08-24 23:41:59.743] [main] [info] Pinging Pump Server Mayson   ...DONE!
[2024-08-24 23:41:59.743] [main] [info] Pinging all valve stations...
[2024-08-24 23:42:12.928] [main] [error] Fatal: James not available!
[2024-08-24 23:42:12.928] [main] [info] Lucas ping OK!
[2024-08-24 23:42:12.928] [main] [error] Fatal: Felix not available!
[2024-08-24 23:42:12.928] [main] [info] Pinging all valve stations   ...DONE!
[2024-08-24 23:42:12.928] [main] [info] Pinging Non-Existing Test Server...
[2024-08-24 23:42:15.999] [main] [info] Pinging Non-Existing Test Server OK!
[2024-08-24 23:42:15.999] [main] [info] Pinging Non-Existing Test Server   ...DONE!
[2024-08-24 23:42:15.999] [main] [info] Pinging Pump Server Mayson...
[2024-08-24 23:42:16.025] [main] [info] Pump Server ping OK!
[2024-08-24 23:42:16.025] [main] [info] Pinging Pump Server Mayson   ...DONE!
[2024-08-24 23:42:16.025] [main] [info] Pinging all valve stations...
[2024-08-24 23:42:16.354] [main] [info] James ping OK!
[2024-08-24 23:42:16.354] [main] [info] Lucas ping OK!
[2024-08-24 23:42:16.354] [main] [info] Felix ping OK!
[2024-08-24 23:42:16.354] [main] [info] Pinging all valve stations   ...DONE!
[2024-08-24 23:42:16.354] [main] [info] Pinging Non-Existing Test Server...
[2024-08-24 23:42:19.423] [main] [info] Pinging Non-Existing Test Server OK!
[2024-08-24 23:42:19.423] [main] [info] Pinging Non-Existing Test Server   ...DONE!
[2024-08-24 23:42:19.423] [main] [info] Creating Landscape...
[2024-08-24 23:42:19.423] [main] [info] Creating Landscape...
[2024-08-24 23:42:19.423] [main] [info] Creating Felix...
[2024-08-24 23:42:19.423] [main] [info] Creating James...
[2024-08-24 23:42:19.423] [main] [info] Creating Lucas...
[2024-08-24 23:42:19.423] [main] [info] Fetching timestamp...
std::chrono::system_clock::now().time_since_epoch()   :   1724535739423610929
get_seconds_since_epoch_now(bool verbose /* true */)   :   1724535739
minutes since epoch   :   28742262
minute of day   :   1302
minute of hour   :   42
hour of day   :   21
[2024-08-24 23:42:19.423] [main] [info] Checking timestamp.txt...
[2024-08-24 23:42:19.423] [main] [debug] The timestamp.txt is always written when watering is triggered. It is read to check if I was already done with watering some minutes ago.
previous time_stamp:   28741160
[2024-08-24 23:42:19.423] [main] [info] Checking timestamp.txt   ...DONE!
[2024-08-24 23:42:19.423] [main] [info] It's not time for watering now!
[2024-08-24 23:42:19.423] [main] [info] Minute Intraday:   1302
[2024-08-24 23:42:19.423] [main] [info] Days since Epoch:   19959
[2024-08-24 23:42:19.423] [main] [info] Accumulated watering times:

Felix   :           Klee Feld  :      0.00 min
Felix   :          Eiben Klee  :      0.00 min
James   :              Erbsen  :      0.00 min
James   :          Kartoffeln  :      0.00 min
James   :              Gurken  :      0.00 min
James   :        Tomaten+Mara  :      0.00 min
Lucas   :      Bohnen-Flieder  :      0.00 min
Lucas   :        Heidelbeeren  :      0.00 min
Lucas   :            Karotten  :      0.00 min

%%%%%%%%%%     [4] Run the executable   ...DONE!
elapsed time:   33s
=====================================================================================================
