=====================================================================================================
%%%%%%%%%%     [6] Uploading logs and go sleeping...
> sudo -u mayadm git checkout artifacts
Bereits auf 'artifacts'
D	maya/artifacts/logs/14728--2024-08-24--19h34---7.log
D	maya/artifacts/logs/14729--2024-08-24--20h15---1.log
D	maya/artifacts/logs/14729--2024-08-24--20h15---2.log
D	maya/artifacts/logs/14729--2024-08-24--20h15---3.log
D	maya/artifacts/logs/14729--2024-08-24--20h15---4.log
D	maya/artifacts/logs/14729--2024-08-24--20h15---5.log
D	maya/artifacts/logs/14729--2024-08-24--20h15---6.log
Ihr Branch ist auf demselben Stand wie 'origin/artifacts'.
> sudo -u mayadm git pull
Bereits aktuell.
> sudo -u mayadm git merge maya-productive
Bereits aktuell.
> sudo -u mayadm git add "../artifacts/logs/*.log" -f
> sudo -u mayadm git add -u
> sudo -u mayadm git commit -m "logs at 2024-08-24--20h56"
[artifacts 82d6ac4ed] logs at 2024-08-24--20h56
 8 files changed, 90 insertions(+), 90 deletions(-)
 delete mode 100644 maya/artifacts/logs/14729--2024-08-24--20h15---4.log
 rename maya/artifacts/logs/{14728--2024-08-24--19h34---7.log => 14729--2024-08-24--20h15---7.log} (61%)
 rename maya/artifacts/logs/{14729--2024-08-24--20h15---1.log => 14730--2024-08-24--20h56---1.log} (90%)
 rename maya/artifacts/logs/{14729--2024-08-24--20h15---2.log => 14730--2024-08-24--20h56---2.log} (100%)
 rename maya/artifacts/logs/{14729--2024-08-24--20h15---3.log => 14730--2024-08-24--20h56---3.log} (95%)
 create mode 100644 maya/artifacts/logs/14730--2024-08-24--20h56---4.log
 rename maya/artifacts/logs/{14729--2024-08-24--20h15---5.log => 14730--2024-08-24--20h56---5.log} (75%)
 rename maya/artifacts/logs/{14729--2024-08-24--20h15---6.log => 14730--2024-08-24--20h56---6.log} (100%)
> sudo -u mayadm git push
To https://github.com/Necktschnagge/wired-watering
   32bb1e0f3..82d6ac4ed  artifacts -> artifacts
> sudo -u mayadm git checkout maya-productive
Zu Zweig »maya-productive« gewechselt
Ihr Branch ist auf demselben Stand wie 'origin/maya-productive'.
> sudo -u mayadm git push
Everything up-to-date
##############################################################
###################                        ###################
###################     GOING TO SLEEP     ###################
###################                        ###################
##############################################################
#######                                                #######
#######   Press CTRL + C NOW to abort script safely!   #######
#######                                                #######
##############################################################
##############################################################
#######                                                #######
#######               NOW GOING TO SLEEP               #######
#######                                                #######
##############################################################
> rtcwake -m mem -s 2400
rtcwake: RTC wird als UTC interpretiert …
rtcwake: aufwachen von „mem“ durch /dev/rtc0 bei Sat Aug 24 19:37:19 2024
##############################################################
#######                                                #######
#######            just waked up from sleep            #######
#######                                                #######
##############################################################
%%%%%%%%%%     [6] Uploading logs and go sleeping   ...DONE!
elapsed time:   2419s
=====================================================================================================
