=====================================================================================================
%%%%%%%%%%     [6] Uploading logs and go sleeping...
> sudo -u mayadm git checkout artifacts
Bereits auf 'artifacts'
D	maya/artifacts/logs/14738--2024-08-25--02h26---7.log
D	maya/artifacts/logs/14739--2024-08-25--03h07---1.log
D	maya/artifacts/logs/14739--2024-08-25--03h07---2.log
D	maya/artifacts/logs/14739--2024-08-25--03h07---3.log
D	maya/artifacts/logs/14739--2024-08-25--03h07---4.log
D	maya/artifacts/logs/14739--2024-08-25--03h07---5.log
D	maya/artifacts/logs/14739--2024-08-25--03h07---6.log
Ihr Branch ist auf demselben Stand wie 'origin/artifacts'.
> sudo -u mayadm git pull
Bereits aktuell.
> sudo -u mayadm git merge maya-productive
Bereits aktuell.
> sudo -u mayadm git add "../artifacts/logs/*.log" -f
> sudo -u mayadm git add -u
> sudo -u mayadm git commit -m "logs at 2024-08-25--03h48"
[artifacts f44d306ce] logs at 2024-08-25--03h48
 8 files changed, 87 insertions(+), 87 deletions(-)
 delete mode 100644 maya/artifacts/logs/14739--2024-08-25--03h07---4.log
 rename maya/artifacts/logs/{14738--2024-08-25--02h26---7.log => 14739--2024-08-25--03h07---7.log} (62%)
 rename maya/artifacts/logs/{14739--2024-08-25--03h07---1.log => 14740--2024-08-25--03h48---1.log} (91%)
 rename maya/artifacts/logs/{14739--2024-08-25--03h07---2.log => 14740--2024-08-25--03h48---2.log} (100%)
 rename maya/artifacts/logs/{14739--2024-08-25--03h07---3.log => 14740--2024-08-25--03h48---3.log} (94%)
 create mode 100644 maya/artifacts/logs/14740--2024-08-25--03h48---4.log
 rename maya/artifacts/logs/{14739--2024-08-25--03h07---5.log => 14740--2024-08-25--03h48---5.log} (77%)
 rename maya/artifacts/logs/{14739--2024-08-25--03h07---6.log => 14740--2024-08-25--03h48---6.log} (100%)
> sudo -u mayadm git push
To https://github.com/Necktschnagge/wired-watering
   65f96fd02..f44d306ce  artifacts -> artifacts
> sudo -u mayadm git checkout maya-productive
Zu Zweig »maya-productive« gewechselt
Ihr Branch ist auf demselben Stand wie 'origin/maya-productive'.
> sudo -u mayadm git push
Everything up-to-date
##############################################################
###################                        ###################
###################     GOING TO SLEEP     ###################
###################                        ###################
##############################################################
#######                                                #######
#######   Press CTRL + C NOW to abort script safely!   #######
#######                                                #######
##############################################################
##############################################################
#######                                                #######
#######               NOW GOING TO SLEEP               #######
#######                                                #######
##############################################################
> rtcwake -m mem -s 2400
rtcwake: RTC wird als UTC interpretiert …
rtcwake: aufwachen von „mem“ durch /dev/rtc0 bei Sun Aug 25 02:29:15 2024
##############################################################
#######                                                #######
#######            just waked up from sleep            #######
#######                                                #######
##############################################################
%%%%%%%%%%     [6] Uploading logs and go sleeping   ...DONE!
elapsed time:   2418s
=====================================================================================================
