=====================================================================================================
%%%%%%%%%%     [6] Uploading logs and go sleeping...
> sudo -u mayadm git checkout artifacts
Bereits auf 'artifacts'
D	maya/artifacts/logs/14756--2024-08-25--16h20---7.log
D	maya/artifacts/logs/14757--2024-08-25--17h01---1.log
D	maya/artifacts/logs/14757--2024-08-25--17h01---2.log
D	maya/artifacts/logs/14757--2024-08-25--17h01---3.log
D	maya/artifacts/logs/14757--2024-08-25--17h01---4.log
D	maya/artifacts/logs/14757--2024-08-25--17h01---5.log
D	maya/artifacts/logs/14757--2024-08-25--17h01---6.log
Ihr Branch ist auf demselben Stand wie 'origin/artifacts'.
> sudo -u mayadm git pull
Bereits aktuell.
> sudo -u mayadm git merge maya-productive
Bereits aktuell.
> sudo -u mayadm git add "../artifacts/logs/*.log" -f
> sudo -u mayadm git add -u
> sudo -u mayadm git commit -m "logs at 2024-08-25--17h42"
[artifacts f6c9f2c13] logs at 2024-08-25--17h42
 8 files changed, 95 insertions(+), 92 deletions(-)
 delete mode 100644 maya/artifacts/logs/14757--2024-08-25--17h01---4.log
 rename maya/artifacts/logs/{14756--2024-08-25--16h20---7.log => 14757--2024-08-25--17h01---7.log} (61%)
 rename maya/artifacts/logs/{14757--2024-08-25--17h01---1.log => 14758--2024-08-25--17h42---1.log} (91%)
 rename maya/artifacts/logs/{14757--2024-08-25--17h01---2.log => 14758--2024-08-25--17h42---2.log} (65%)
 rename maya/artifacts/logs/{14757--2024-08-25--17h01---3.log => 14758--2024-08-25--17h42---3.log} (95%)
 create mode 100644 maya/artifacts/logs/14758--2024-08-25--17h42---4.log
 rename maya/artifacts/logs/{14757--2024-08-25--17h01---5.log => 14758--2024-08-25--17h42---5.log} (77%)
 rename maya/artifacts/logs/{14757--2024-08-25--17h01---6.log => 14758--2024-08-25--17h42---6.log} (100%)
> sudo -u mayadm git push
To https://github.com/Necktschnagge/wired-watering
   51a74f9fb..f6c9f2c13  artifacts -> artifacts
> sudo -u mayadm git checkout maya-productive
Zu Zweig »maya-productive« gewechselt
Ihr Branch ist auf demselben Stand wie 'origin/maya-productive'.
> sudo -u mayadm git push
Everything up-to-date
##############################################################
###################                        ###################
###################     GOING TO SLEEP     ###################
###################                        ###################
##############################################################
#######                                                #######
#######   Press CTRL + C NOW to abort script safely!   #######
#######                                                #######
##############################################################
##############################################################
#######                                                #######
#######               NOW GOING TO SLEEP               #######
#######                                                #######
##############################################################
> rtcwake -m mem -s 2400
rtcwake: RTC wird als UTC interpretiert …
rtcwake: aufwachen von „mem“ durch /dev/rtc0 bei Sun Aug 25 16:23:01 2024
##############################################################
#######                                                #######
#######            just waked up from sleep            #######
#######                                                #######
##############################################################
%%%%%%%%%%     [6] Uploading logs and go sleeping   ...DONE!
elapsed time:   2418s
=====================================================================================================
