=====================================================================================================
%%%%%%%%%%     [6] Uploading logs and go sleeping...
> sudo -u mayadm git checkout artifacts
Bereits auf 'artifacts'
D	maya/artifacts/logs/14772--2024-08-26--03h16---7.log
D	maya/artifacts/logs/14773--2024-08-26--03h57---1.log
D	maya/artifacts/logs/14773--2024-08-26--03h57---2.log
D	maya/artifacts/logs/14773--2024-08-26--03h57---3.log
D	maya/artifacts/logs/14773--2024-08-26--03h57---4.log
D	maya/artifacts/logs/14773--2024-08-26--03h57---5.log
D	maya/artifacts/logs/14773--2024-08-26--03h57---6.log
Ihr Branch ist auf demselben Stand wie 'origin/artifacts'.
> sudo -u mayadm git pull
Bereits aktuell.
> sudo -u mayadm git merge maya-productive
Bereits aktuell.
> sudo -u mayadm git add "../artifacts/logs/*.log" -f
> sudo -u mayadm git add -u
> sudo -u mayadm git commit -m "logs at 2024-08-26--04h38"
[artifacts 273336b18] logs at 2024-08-26--04h38
 8 files changed, 86 insertions(+), 86 deletions(-)
 delete mode 100644 maya/artifacts/logs/14773--2024-08-26--03h57---4.log
 rename maya/artifacts/logs/{14772--2024-08-26--03h16---7.log => 14773--2024-08-26--03h57---7.log} (61%)
 rename maya/artifacts/logs/{14773--2024-08-26--03h57---1.log => 14774--2024-08-26--04h38---1.log} (91%)
 rename maya/artifacts/logs/{14773--2024-08-26--03h57---2.log => 14774--2024-08-26--04h38---2.log} (97%)
 rename maya/artifacts/logs/{14773--2024-08-26--03h57---3.log => 14774--2024-08-26--04h38---3.log} (96%)
 create mode 100644 maya/artifacts/logs/14774--2024-08-26--04h38---4.log
 rename maya/artifacts/logs/{14773--2024-08-26--03h57---5.log => 14774--2024-08-26--04h38---5.log} (77%)
 rename maya/artifacts/logs/{14773--2024-08-26--03h57---6.log => 14774--2024-08-26--04h38---6.log} (100%)
> sudo -u mayadm git push
To https://github.com/Necktschnagge/wired-watering
   588500b51..273336b18  artifacts -> artifacts
> sudo -u mayadm git checkout maya-productive
Zu Zweig »maya-productive« gewechselt
Ihr Branch ist auf demselben Stand wie 'origin/maya-productive'.
> sudo -u mayadm git push
Everything up-to-date
##############################################################
###################                        ###################
###################     GOING TO SLEEP     ###################
###################                        ###################
##############################################################
#######                                                #######
#######   Press CTRL + C NOW to abort script safely!   #######
#######                                                #######
##############################################################
##############################################################
#######                                                #######
#######               NOW GOING TO SLEEP               #######
#######                                                #######
##############################################################
> rtcwake -m mem -s 2400
rtcwake: RTC wird als UTC interpretiert …
rtcwake: aufwachen von „mem“ durch /dev/rtc0 bei Mon Aug 26 03:19:21 2024
##############################################################
#######                                                #######
#######            just waked up from sleep            #######
#######                                                #######
##############################################################
%%%%%%%%%%     [6] Uploading logs and go sleeping   ...DONE!
elapsed time:   2418s
=====================================================================================================
