=====================================================================================================
%%%%%%%%%%     [6] Uploading logs and go sleeping...
> sudo -u mayadm git checkout artifacts
Bereits auf 'artifacts'
D	maya/artifacts/logs/14769--2024-08-26--01h13---7.log
D	maya/artifacts/logs/14770--2024-08-26--01h54---1.log
D	maya/artifacts/logs/14770--2024-08-26--01h54---2.log
D	maya/artifacts/logs/14770--2024-08-26--01h54---3.log
D	maya/artifacts/logs/14770--2024-08-26--01h54---4.log
D	maya/artifacts/logs/14770--2024-08-26--01h54---5.log
D	maya/artifacts/logs/14770--2024-08-26--01h54---6.log
Ihr Branch ist auf demselben Stand wie 'origin/artifacts'.
> sudo -u mayadm git pull
Bereits aktuell.
> sudo -u mayadm git merge maya-productive
Bereits aktuell.
> sudo -u mayadm git add "../artifacts/logs/*.log" -f
> sudo -u mayadm git add -u
> sudo -u mayadm git commit -m "logs at 2024-08-26--02h35"
[artifacts 64358df03] logs at 2024-08-26--02h35
 8 files changed, 89 insertions(+), 89 deletions(-)
 delete mode 100644 maya/artifacts/logs/14770--2024-08-26--01h54---4.log
 rename maya/artifacts/logs/{14769--2024-08-26--01h13---7.log => 14770--2024-08-26--01h54---7.log} (60%)
 rename maya/artifacts/logs/{14770--2024-08-26--01h54---1.log => 14771--2024-08-26--02h35---1.log} (91%)
 rename maya/artifacts/logs/{14770--2024-08-26--01h54---2.log => 14771--2024-08-26--02h35---2.log} (100%)
 rename maya/artifacts/logs/{14770--2024-08-26--01h54---3.log => 14771--2024-08-26--02h35---3.log} (94%)
 create mode 100644 maya/artifacts/logs/14771--2024-08-26--02h35---4.log
 rename maya/artifacts/logs/{14770--2024-08-26--01h54---5.log => 14771--2024-08-26--02h35---5.log} (77%)
 rename maya/artifacts/logs/{14770--2024-08-26--01h54---6.log => 14771--2024-08-26--02h35---6.log} (100%)
> sudo -u mayadm git push
To https://github.com/Necktschnagge/wired-watering
   3454ab77c..64358df03  artifacts -> artifacts
> sudo -u mayadm git checkout maya-productive
Zu Zweig »maya-productive« gewechselt
Ihr Branch ist auf demselben Stand wie 'origin/maya-productive'.
> sudo -u mayadm git push
Everything up-to-date
##############################################################
###################                        ###################
###################     GOING TO SLEEP     ###################
###################                        ###################
##############################################################
#######                                                #######
#######   Press CTRL + C NOW to abort script safely!   #######
#######                                                #######
##############################################################
##############################################################
#######                                                #######
#######               NOW GOING TO SLEEP               #######
#######                                                #######
##############################################################
> rtcwake -m mem -s 2400
rtcwake: RTC wird als UTC interpretiert …
rtcwake: aufwachen von „mem“ durch /dev/rtc0 bei Mon Aug 26 01:16:18 2024
##############################################################
#######                                                #######
#######            just waked up from sleep            #######
#######                                                #######
##############################################################
%%%%%%%%%%     [6] Uploading logs and go sleeping   ...DONE!
elapsed time:   2418s
=====================================================================================================
