=====================================================================================================
%%%%%%%%%%     [6] Uploading logs and go sleeping...
> sudo -u mayadm git checkout artifacts
Bereits auf 'artifacts'
D	maya/artifacts/logs/14779--2024-08-26--09h59---7.log
D	maya/artifacts/logs/14780--2024-08-26--10h40---1.log
D	maya/artifacts/logs/14780--2024-08-26--10h40---2.log
D	maya/artifacts/logs/14780--2024-08-26--10h40---3.log
D	maya/artifacts/logs/14780--2024-08-26--10h40---4.log
D	maya/artifacts/logs/14780--2024-08-26--10h40---5.log
D	maya/artifacts/logs/14780--2024-08-26--10h40---6.log
Ihr Branch ist auf demselben Stand wie 'origin/artifacts'.
> sudo -u mayadm git pull
Bereits aktuell.
> sudo -u mayadm git merge maya-productive
Bereits aktuell.
> sudo -u mayadm git add "../artifacts/logs/*.log" -f
> sudo -u mayadm git add -u
> sudo -u mayadm git commit -m "logs at 2024-08-26--11h21"
[artifacts 5e6c093a5] logs at 2024-08-26--11h21
 8 files changed, 98 insertions(+), 96 deletions(-)
 delete mode 100644 maya/artifacts/logs/14780--2024-08-26--10h40---4.log
 rename maya/artifacts/logs/{14779--2024-08-26--09h59---7.log => 14780--2024-08-26--10h40---7.log} (61%)
 rename maya/artifacts/logs/{14780--2024-08-26--10h40---1.log => 14781--2024-08-26--11h21---1.log} (87%)
 rename maya/artifacts/logs/{14780--2024-08-26--10h40---2.log => 14781--2024-08-26--11h21---2.log} (65%)
 rename maya/artifacts/logs/{14780--2024-08-26--10h40---3.log => 14781--2024-08-26--11h21---3.log} (93%)
 create mode 100644 maya/artifacts/logs/14781--2024-08-26--11h21---4.log
 rename maya/artifacts/logs/{14780--2024-08-26--10h40---5.log => 14781--2024-08-26--11h21---5.log} (77%)
 rename maya/artifacts/logs/{14780--2024-08-26--10h40---6.log => 14781--2024-08-26--11h21---6.log} (100%)
> sudo -u mayadm git push
To https://github.com/Necktschnagge/wired-watering
   2563a2bc9..5e6c093a5  artifacts -> artifacts
> sudo -u mayadm git checkout maya-productive
Zu Zweig »maya-productive« gewechselt
Ihr Branch ist auf demselben Stand wie 'origin/maya-productive'.
> sudo -u mayadm git push
Everything up-to-date
##############################################################
###################                        ###################
###################     GOING TO SLEEP     ###################
###################                        ###################
##############################################################
#######                                                #######
#######   Press CTRL + C NOW to abort script safely!   #######
#######                                                #######
##############################################################
##############################################################
#######                                                #######
#######               NOW GOING TO SLEEP               #######
#######                                                #######
##############################################################
> rtcwake -m mem -s 2400
rtcwake: RTC wird als UTC interpretiert …
rtcwake: aufwachen von „mem“ durch /dev/rtc0 bei Mon Aug 26 10:02:20 2024
##############################################################
#######                                                #######
#######            just waked up from sleep            #######
#######                                                #######
##############################################################
%%%%%%%%%%     [6] Uploading logs and go sleeping   ...DONE!
elapsed time:   2418s
=====================================================================================================
