=====================================================================================================
%%%%%%%%%%     [4] Run the executable...
>Please note:  Even if all builds failed, the last built executable is still there and will be started!
> sudo -u mayadm ./ur-unix-run.sh
[2024-08-29 17:00:19.642] [main] [info] Pinging Pump Server Mayson...
[2024-08-29 17:00:19.732] [main] [info] Pump Server ping OK!
[2024-08-29 17:00:19.732] [main] [info] Pinging Pump Server Mayson   ...DONE!
[2024-08-29 17:00:19.732] [main] [info] Pinging all valve stations...
[2024-08-29 17:00:22.089] [main] [info] James ping OK!
[2024-08-29 17:00:22.089] [main] [info] Lucas ping OK!
[2024-08-29 17:00:22.089] [main] [info] Felix ping OK!
[2024-08-29 17:00:22.089] [main] [info] Pinging all valve stations   ...DONE!
[2024-08-29 17:00:22.089] [main] [info] Pinging Non-Existing Test Server...
[2024-08-29 17:00:25.148] [main] [info] Pinging Non-Existing Test Server OK!
[2024-08-29 17:00:25.148] [main] [info] Pinging Non-Existing Test Server   ...DONE!
[2024-08-29 17:00:25.148] [main] [info] Creating Landscape...
[2024-08-29 17:00:25.148] [main] [info] Creating Landscape...
[2024-08-29 17:00:25.148] [main] [info] Creating Felix...
[2024-08-29 17:00:25.148] [main] [info] Creating James...
[2024-08-29 17:00:25.148] [main] [info] Creating Lucas...
[2024-08-29 17:00:25.148] [main] [info] Fetching timestamp...
std::chrono::system_clock::now().time_since_epoch()   :   1724943625148598310
get_seconds_since_epoch_now(bool verbose /* true */)   :   1724943625
minutes since epoch   :   28749060
minute of day   :   900
minute of hour   :   0
hour of day   :   15
[2024-08-29 17:00:25.148] [main] [info] Checking timestamp.txt...
[2024-08-29 17:00:25.148] [main] [debug] The timestamp.txt is always written when watering is triggered. It is read to check if I was already done with watering some minutes ago.
previous time_stamp:   28748348
[2024-08-29 17:00:25.148] [main] [info] Checking timestamp.txt   ...DONE!
[2024-08-29 17:00:25.148] [main] [info] It's not time for watering now!
[2024-08-29 17:00:25.148] [main] [info] Minute Intraday:   900
[2024-08-29 17:00:25.148] [main] [info] Days since Epoch:   19964
[2024-08-29 17:00:25.148] [main] [info] Accumulated watering times:

Felix   :           Klee Feld  :      0.00 min
Felix   :          Eiben Klee  :      0.00 min
James   :              Erbsen  :      0.00 min
James   :          Kartoffeln  :      0.00 min
James   :              Gurken  :      0.00 min
James   :        Tomaten+Mara  :      0.00 min
Lucas   :      Bohnen-Flieder  :      0.00 min
Lucas   :        Heidelbeeren  :      0.00 min
Lucas   :            Karotten  :      0.00 min

%%%%%%%%%%     [4] Run the executable   ...DONE!
elapsed time:   6s
=====================================================================================================
