=====================================================================================================
%%%%%%%%%%     [6] Uploading logs and go sleeping...
> sudo -u mayadm git checkout artifacts
Bereits auf 'artifacts'
D	maya/artifacts/logs/14930--2024-08-31--00h23---7.log
D	maya/artifacts/logs/14931--2024-08-31--01h04---1.log
D	maya/artifacts/logs/14931--2024-08-31--01h04---2.log
D	maya/artifacts/logs/14931--2024-08-31--01h04---3.log
D	maya/artifacts/logs/14931--2024-08-31--01h04---4.log
D	maya/artifacts/logs/14931--2024-08-31--01h04---5.log
D	maya/artifacts/logs/14931--2024-08-31--01h04---6.log
Ihr Branch ist auf demselben Stand wie 'origin/artifacts'.
> sudo -u mayadm git pull
Bereits aktuell.
> sudo -u mayadm git merge maya-productive
Bereits aktuell.
> sudo -u mayadm git add "../artifacts/logs/*.log" -f
> sudo -u mayadm git add -u
> sudo -u mayadm git commit -m "logs at 2024-08-31--01h45"
[artifacts a14f7f76c] logs at 2024-08-31--01h45
 8 files changed, 97 insertions(+), 94 deletions(-)
 delete mode 100644 maya/artifacts/logs/14931--2024-08-31--01h04---4.log
 rename maya/artifacts/logs/{14930--2024-08-31--00h23---7.log => 14931--2024-08-31--01h04---7.log} (61%)
 rename maya/artifacts/logs/{14931--2024-08-31--01h04---1.log => 14932--2024-08-31--01h45---1.log} (89%)
 rename maya/artifacts/logs/{14931--2024-08-31--01h04---2.log => 14932--2024-08-31--01h45---2.log} (67%)
 rename maya/artifacts/logs/{14931--2024-08-31--01h04---3.log => 14932--2024-08-31--01h45---3.log} (94%)
 create mode 100644 maya/artifacts/logs/14932--2024-08-31--01h45---4.log
 rename maya/artifacts/logs/{14931--2024-08-31--01h04---5.log => 14932--2024-08-31--01h45---5.log} (75%)
 rename maya/artifacts/logs/{14931--2024-08-31--01h04---6.log => 14932--2024-08-31--01h45---6.log} (100%)
> sudo -u mayadm git push
To https://github.com/Necktschnagge/wired-watering
   21d597d03..a14f7f76c  artifacts -> artifacts
> sudo -u mayadm git checkout maya-productive
Zu Zweig »maya-productive« gewechselt
Ihr Branch ist auf demselben Stand wie 'origin/maya-productive'.
> sudo -u mayadm git push
Everything up-to-date
##############################################################
###################                        ###################
###################     GOING TO SLEEP     ###################
###################                        ###################
##############################################################
#######                                                #######
#######   Press CTRL + C NOW to abort script safely!   #######
#######                                                #######
##############################################################
##############################################################
#######                                                #######
#######               NOW GOING TO SLEEP               #######
#######                                                #######
##############################################################
> rtcwake -m mem -s 2400
rtcwake: RTC wird als UTC interpretiert …
rtcwake: aufwachen von „mem“ durch /dev/rtc0 bei Sat Aug 31 00:26:28 2024
##############################################################
#######                                                #######
#######            just waked up from sleep            #######
#######                                                #######
##############################################################
%%%%%%%%%%     [6] Uploading logs and go sleeping   ...DONE!
elapsed time:   2418s
=====================================================================================================
