=====================================================================================================
%%%%%%%%%%     [4] Run the executable...
>Please note:  Even if all builds failed, the last built executable is still there and will be started!
> sudo -u mayadm ./ur-unix-run.sh
[2024-08-31 12:36:00.253] [main] [info] Pinging Pump Server Mayson...
[2024-08-31 12:36:00.316] [main] [info] Pump Server ping OK!
[2024-08-31 12:36:00.316] [main] [info] Pinging Pump Server Mayson   ...DONE!
[2024-08-31 12:36:00.316] [main] [info] Pinging all valve stations...
[2024-08-31 12:36:00.605] [main] [info] James ping OK!
[2024-08-31 12:36:00.605] [main] [info] Lucas ping OK!
[2024-08-31 12:36:00.605] [main] [info] Felix ping OK!
[2024-08-31 12:36:00.605] [main] [info] Pinging all valve stations   ...DONE!
[2024-08-31 12:36:00.605] [main] [info] Pinging Non-Existing Test Server...
[2024-08-31 12:36:03.681] [main] [info] Pinging Non-Existing Test Server OK!
[2024-08-31 12:36:03.681] [main] [info] Pinging Non-Existing Test Server   ...DONE!
[2024-08-31 12:36:03.681] [main] [info] Creating Landscape...
[2024-08-31 12:36:03.681] [main] [info] Creating Landscape...
[2024-08-31 12:36:03.681] [main] [info] Creating Felix...
[2024-08-31 12:36:03.681] [main] [info] Creating James...
[2024-08-31 12:36:03.681] [main] [info] Creating Lucas...
[2024-08-31 12:36:03.681] [main] [info] Fetching timestamp...
std::chrono::system_clock::now().time_since_epoch()   :   1725100563681423595
get_seconds_since_epoch_now(bool verbose /* true */)   :   1725100563
minutes since epoch   :   28751676
minute of day   :   636
minute of hour   :   36
hour of day   :   10
[2024-08-31 12:36:03.681] [main] [info] Checking timestamp.txt...
[2024-08-31 12:36:03.681] [main] [debug] The timestamp.txt is always written when watering is triggered. It is read to check if I was already done with watering some minutes ago.
previous time_stamp:   28751231
[2024-08-31 12:36:03.681] [main] [info] Checking timestamp.txt   ...DONE!
[2024-08-31 12:36:03.681] [main] [info] It's not time for watering now!
[2024-08-31 12:36:03.681] [main] [info] Minute Intraday:   636
[2024-08-31 12:36:03.681] [main] [info] Days since Epoch:   19966
[2024-08-31 12:36:03.681] [main] [info] Accumulated watering times:

Felix   :           Klee Feld  :      0.00 min
Felix   :          Eiben Klee  :      0.00 min
James   :              Erbsen  :      0.00 min
James   :          Kartoffeln  :      0.00 min
James   :              Gurken  :      0.00 min
James   :        Tomaten+Mara  :      0.00 min
Lucas   :      Bohnen-Flieder  :      0.00 min
Lucas   :        Heidelbeeren  :      0.00 min
Lucas   :            Karotten  :      0.00 min

Send request to pump relay:
URL:   http://192.168.1.10:80/status?auto=on
Response:
status code:   200
text:
{
 "server-name" : "pump-relay-mayson",
 "action" : "okay"
}
[2024-08-31 12:36:04.078] [main] [info] 
--------------------------------------------------------------
Send valves at 1725100564
http://192.168.1.22:80/status?valves=1
200
{
 "server-name" : "valve-server-felix",
 "action" : "okay"
}
[2024-08-31 12:36:04.375] [main] [info] 
Switched the following valves: --->
          Felix:   Klee Feld   OFF -> ON 
                                   <---
[2024-08-31 13:36:04.087] [main] [info] 
--------------------------------------------------------------
Send valves at 1725104164
http://192.168.1.22:80/status?valves=0
200
{
 "server-name" : "valve-server-felix",
 "action" : "okay"
}
[2024-08-31 13:36:04.734] [main] [info] 
Switched the following valves: --->
          Felix:   Klee Feld    ON -> OFF
                                   <---
Send request to pump relay:
URL:   http://192.168.1.10:80/status?auto=off
Response:
status code:   200
text:
{
 "server-name" : "pump-relay-mayson",
 "action" : "okay"
}
%%%%%%%%%%     [4] Run the executable   ...DONE!
elapsed time:   3605s
=====================================================================================================
