=====================================================================================================
%%%%%%%%%%     [6] Uploading logs and go sleeping...
> sudo -u mayadm git checkout artifacts
Bereits auf 'artifacts'
D	maya/artifacts/logs/14941--2024-08-31--09h30---7.log
D	maya/artifacts/logs/14942--2024-08-31--10h12---1.log
D	maya/artifacts/logs/14942--2024-08-31--10h12---2.log
D	maya/artifacts/logs/14942--2024-08-31--10h12---3.log
D	maya/artifacts/logs/14942--2024-08-31--10h12---4.log
D	maya/artifacts/logs/14942--2024-08-31--10h12---5.log
D	maya/artifacts/logs/14942--2024-08-31--10h12---6.log
Ihr Branch ist auf demselben Stand wie 'origin/artifacts'.
> sudo -u mayadm git pull
Bereits aktuell.
> sudo -u mayadm git merge maya-productive
Merge made by the 'recursive' strategy.
 maya/src/main.cpp | 9 +++------
 1 file changed, 3 insertions(+), 6 deletions(-)
> sudo -u mayadm git add "../artifacts/logs/*.log" -f
> sudo -u mayadm git add -u
> sudo -u mayadm git commit -m "logs at 2024-08-31--10h53"
[artifacts 50541d2d0] logs at 2024-08-31--10h53
 9 files changed, 208 insertions(+), 143 deletions(-)
 delete mode 100644 maya/artifacts/logs/14941--2024-08-31--09h30---7.log
 delete mode 100644 maya/artifacts/logs/14942--2024-08-31--10h12---4.log
 create mode 100644 maya/artifacts/logs/14942--2024-08-31--10h12---7.log
 rename maya/artifacts/logs/{14942--2024-08-31--10h12---1.log => 14943--2024-08-31--10h53---1.log} (81%)
 rename maya/artifacts/logs/{14942--2024-08-31--10h12---2.log => 14943--2024-08-31--10h53---2.log} (51%)
 rename maya/artifacts/logs/{14942--2024-08-31--10h12---3.log => 14943--2024-08-31--10h53---3.log} (86%)
 create mode 100644 maya/artifacts/logs/14943--2024-08-31--10h53---4.log
 rename maya/artifacts/logs/{14942--2024-08-31--10h12---5.log => 14943--2024-08-31--10h53---5.log} (73%)
 rename maya/artifacts/logs/{14942--2024-08-31--10h12---6.log => 14943--2024-08-31--10h53---6.log} (100%)
> sudo -u mayadm git push
To https://github.com/Necktschnagge/wired-watering
   71a55d503..50541d2d0  artifacts -> artifacts
> sudo -u mayadm git checkout maya-productive
Zu Zweig »maya-productive« gewechselt
Ihr Branch ist auf demselben Stand wie 'origin/maya-productive'.
> sudo -u mayadm git push
Everything up-to-date
##############################################################
###################                        ###################
###################     GOING TO SLEEP     ###################
###################                        ###################
##############################################################
#######                                                #######
#######   Press CTRL + C NOW to abort script safely!   #######
#######                                                #######
##############################################################
##############################################################
#######                                                #######
#######               NOW GOING TO SLEEP               #######
#######                                                #######
##############################################################
> rtcwake -m mem -s 2400
rtcwake: RTC wird als UTC interpretiert …
rtcwake: aufwachen von „mem“ durch /dev/rtc0 bei Sat Aug 31 10:34:47 2024
##############################################################
#######                                                #######
#######            just waked up from sleep            #######
#######                                                #######
##############################################################
%%%%%%%%%%     [6] Uploading logs and go sleeping   ...DONE!
elapsed time:   2419s
=====================================================================================================
