=====================================================================================================
%%%%%%%%%%     [6] Uploading logs and go sleeping...
> sudo -u mayadm git checkout artifacts
Bereits auf 'artifacts'
D	maya/artifacts/logs/14961--2024-09-01--01h17---7.log
D	maya/artifacts/logs/14962--2024-09-01--01h58---1.log
D	maya/artifacts/logs/14962--2024-09-01--01h58---2.log
D	maya/artifacts/logs/14962--2024-09-01--01h58---3.log
D	maya/artifacts/logs/14962--2024-09-01--01h58---4.log
D	maya/artifacts/logs/14962--2024-09-01--01h58---5.log
D	maya/artifacts/logs/14962--2024-09-01--01h58---6.log
Ihr Branch ist auf demselben Stand wie 'origin/artifacts'.
> sudo -u mayadm git pull
Bereits aktuell.
> sudo -u mayadm git merge maya-productive
Bereits aktuell.
> sudo -u mayadm git add "../artifacts/logs/*.log" -f
> sudo -u mayadm git add -u
> sudo -u mayadm git commit -m "logs at 2024-09-01--02h39"
[artifacts d4983fc97] logs at 2024-09-01--02h39
 8 files changed, 87 insertions(+), 109 deletions(-)
 delete mode 100644 maya/artifacts/logs/14962--2024-09-01--01h58---4.log
 rename maya/artifacts/logs/{14961--2024-09-01--01h17---7.log => 14962--2024-09-01--01h58---7.log} (60%)
 rename maya/artifacts/logs/{14962--2024-09-01--01h58---1.log => 14963--2024-09-01--02h39---1.log} (91%)
 rename maya/artifacts/logs/{14962--2024-09-01--01h58---2.log => 14963--2024-09-01--02h39---2.log} (100%)
 rename maya/artifacts/logs/{14962--2024-09-01--01h58---3.log => 14963--2024-09-01--02h39---3.log} (95%)
 create mode 100644 maya/artifacts/logs/14963--2024-09-01--02h39---4.log
 rename maya/artifacts/logs/{14962--2024-09-01--01h58---5.log => 14963--2024-09-01--02h39---5.log} (77%)
 rename maya/artifacts/logs/{14962--2024-09-01--01h58---6.log => 14963--2024-09-01--02h39---6.log} (100%)
> sudo -u mayadm git push
To https://github.com/Necktschnagge/wired-watering
   b6ca3d5e9..d4983fc97  artifacts -> artifacts
> sudo -u mayadm git checkout maya-productive
Zu Zweig »maya-productive« gewechselt
Ihr Branch ist auf demselben Stand wie 'origin/maya-productive'.
> sudo -u mayadm git push
Everything up-to-date
##############################################################
###################                        ###################
###################     GOING TO SLEEP     ###################
###################                        ###################
##############################################################
#######                                                #######
#######   Press CTRL + C NOW to abort script safely!   #######
#######                                                #######
##############################################################
##############################################################
#######                                                #######
#######               NOW GOING TO SLEEP               #######
#######                                                #######
##############################################################
> rtcwake -m mem -s 2400
rtcwake: RTC wird als UTC interpretiert …
rtcwake: aufwachen von „mem“ durch /dev/rtc0 bei Sun Sep  1 01:20:42 2024
##############################################################
#######                                                #######
#######            just waked up from sleep            #######
#######                                                #######
##############################################################
%%%%%%%%%%     [6] Uploading logs and go sleeping   ...DONE!
elapsed time:   2418s
=====================================================================================================
