=====================================================================================================
%%%%%%%%%%     [4] Run the executable...
>Please note:  Even if all builds failed, the last built executable is still there and will be started!
> sudo -u mayadm ./ur-unix-run.sh
[2024-09-01 05:24:55.987] [main] [info] Pinging Pump Server Mayson...
[2024-09-01 05:24:56.099] [main] [info] Pump Server ping OK!
[2024-09-01 05:24:56.099] [main] [info] Pinging Pump Server Mayson   ...DONE!
[2024-09-01 05:24:56.099] [main] [info] Pinging all valve stations...
[2024-09-01 05:24:58.457] [main] [info] James ping OK!
[2024-09-01 05:24:58.457] [main] [info] Lucas ping OK!
[2024-09-01 05:24:58.457] [main] [info] Felix ping OK!
[2024-09-01 05:24:58.457] [main] [info] Pinging all valve stations   ...DONE!
[2024-09-01 05:24:58.457] [main] [info] Pinging Non-Existing Test Server...
[2024-09-01 05:25:01.517] [main] [info] Pinging Non-Existing Test Server OK!
[2024-09-01 05:25:01.517] [main] [info] Pinging Non-Existing Test Server   ...DONE!
[2024-09-01 05:25:01.517] [main] [info] Creating Landscape...
[2024-09-01 05:25:01.517] [main] [info] Creating Landscape...
[2024-09-01 05:25:01.517] [main] [info] Creating Felix...
[2024-09-01 05:25:01.517] [main] [info] Creating James...
[2024-09-01 05:25:01.517] [main] [info] Creating Lucas...
[2024-09-01 05:25:01.517] [main] [info] Fetching timestamp...
std::chrono::system_clock::now().time_since_epoch()   :   1725161101517115456
get_seconds_since_epoch_now(bool verbose /* true */)   :   1725161101
minutes since epoch   :   28752685
minute of day   :   205
minute of hour   :   25
hour of day   :   3
[2024-09-01 05:25:01.517] [main] [info] Checking timestamp.txt...
[2024-09-01 05:25:01.517] [main] [debug] The timestamp.txt is always written when watering is triggered. It is read to check if I was already done with watering some minutes ago.
previous time_stamp:   28751231
[2024-09-01 05:25:01.517] [main] [info] Checking timestamp.txt   ...DONE!
Wrote to timestamp.txt
Send request to pump relay:
URL:   http://192.168.1.10:80/status?auto=off&system=off&manual=off
Response:
status code:   200
text:
{
 "server-name" : "pump-relay-mayson",
 "action" : "okay"
}
[2024-09-01 05:25:02.155] [main] [info] 
--------------------------------------------------------------
Send valves at 1725161102
http://192.168.1.21:80/status?valves=2
200
{
 "server-name" : "valve-server-lucas",
 "action" : "okay"
}
[2024-09-01 05:25:02.731] [main] [info] 
Switched the following valves: --->
          Lucas:   Heidelbeeren   OFF -> ON 
                                   <---
Send request to pump relay:
URL:   http://192.168.1.10:80/status?auto=on&system=on
Response:
status code:   200
text:
{
 "server-name" : "pump-relay-mayson",
 "action" : "okay"
}
[2024-09-01 05:26:32.819] [main] [info] 
--------------------------------------------------------------
Send valves at 1725161192
http://192.168.1.20:80/status?valves=0
200
{
 "server-name" : "valve-server-james",
 "action" : "okay"
}
[2024-09-01 05:26:32.971] [main] [info] 
Switched the following valves: --->
                                   <---
[2024-09-01 05:26:32.971] [main] [info] 
--------------------------------------------------------------
Send valves at 1725161192
http://192.168.1.21:80/status?valves=0
200
{
 "server-name" : "valve-server-lucas",
 "action" : "okay"
}
[2024-09-01 05:26:33.087] [main] [info] 
Switched the following valves: --->
          Lucas:   Heidelbeeren    ON -> OFF
                                   <---
[2024-09-01 05:26:33.087] [main] [info] 
--------------------------------------------------------------
Send valves at 1725161193
http://192.168.1.22:80/status?valves=0
200
{
 "server-name" : "valve-server-felix",
 "action" : "okay"
}
[2024-09-01 05:26:33.357] [main] [info] 
Switched the following valves: --->
                                   <---
[2024-09-01 05:26:34.357] [main] [info] 
--------------------------------------------------------------
Send valves at 1725161194
http://192.168.1.20:80/status?valves=1
200
{
 "server-name" : "valve-server-james",
 "action" : "okay"
}
[2024-09-01 05:26:34.632] [main] [info] 
Switched the following valves: --->
          James:   Erbsen   OFF -> ON 
                                   <---
[2024-09-01 05:26:34.632] [main] [info] 
--------------------------------------------------------------
Send valves at 1725161194
http://192.168.1.20:80/status?valves=5
200
{
 "server-name" : "valve-server-james",
 "action" : "okay"
}
[2024-09-01 05:26:34.724] [main] [info] 
Switched the following valves: --->
          James:   Gurken   OFF -> ON 
                                   <---
[2024-09-01 05:26:34.724] [main] [info] 
--------------------------------------------------------------
Send valves at 1725161194
http://192.168.1.20:80/status?valves=13
200
{
 "server-name" : "valve-server-james",
 "action" : "okay"
}
[2024-09-01 05:26:34.797] [main] [info] 
Switched the following valves: --->
          James:   Tomaten+Mara   OFF -> ON 
                                   <---
[2024-09-01 05:26:34.797] [main] [info] 
--------------------------------------------------------------
Send valves at 1725161194
http://192.168.1.21:80/status?valves=2
200
{
 "server-name" : "valve-server-lucas",
 "action" : "okay"
}
[2024-09-01 05:26:34.954] [main] [info] 
Switched the following valves: --->
          Lucas:   Heidelbeeren   OFF -> ON 
                                   <---
[2024-09-01 05:26:34.954] [main] [info] 
--------------------------------------------------------------
Send valves at 1725161194
http://192.168.1.21:80/status?valves=6
200
{
 "server-name" : "valve-server-lucas",
 "action" : "okay"
}
[2024-09-01 05:26:35.046] [main] [info] 
Switched the following valves: --->
          Lucas:   Karotten   OFF -> ON 
                                   <---
[2024-09-01 05:56:35.054] [main] [info] 
--------------------------------------------------------------
Send valves at 1725162995
http://192.168.1.20:80/status?valves=0
200
{
 "server-name" : "valve-server-james",
 "action" : "okay"
}
[2024-09-01 05:56:35.235] [main] [info] 
Switched the following valves: --->
          James:   Erbsen    ON -> OFF
          James:   Gurken    ON -> OFF
          James:   Tomaten+Mara    ON -> OFF
                                   <---
[2024-09-01 05:56:35.235] [main] [info] 
--------------------------------------------------------------
Send valves at 1725162995
http://192.168.1.21:80/status?valves=0
200
{
 "server-name" : "valve-server-lucas",
 "action" : "okay"
}
[2024-09-01 05:56:35.366] [main] [info] 
Switched the following valves: --->
          Lucas:   Heidelbeeren    ON -> OFF
          Lucas:   Karotten    ON -> OFF
                                   <---
[2024-09-01 05:56:35.366] [main] [info] 
--------------------------------------------------------------
Send valves at 1725162995
http://192.168.1.22:80/status?valves=0
200
{
 "server-name" : "valve-server-felix",
 "action" : "okay"
}
[2024-09-01 05:56:35.465] [main] [info] 
Switched the following valves: --->
                                   <---
[2024-09-01 05:56:36.465] [main] [info] 
--------------------------------------------------------------
Send valves at 1725162996
http://192.168.1.20:80/status?valves=1
200
{
 "server-name" : "valve-server-james",
 "action" : "okay"
}
[2024-09-01 05:56:36.714] [main] [info] 
Switched the following valves: --->
          James:   Erbsen   OFF -> ON 
                                   <---
[2024-09-01 05:56:36.714] [main] [info] 
--------------------------------------------------------------
Send valves at 1725162996
http://192.168.1.20:80/status?valves=5
200
{
 "server-name" : "valve-server-james",
 "action" : "okay"
}
[2024-09-01 05:56:36.891] [main] [info] 
Switched the following valves: --->
          James:   Gurken   OFF -> ON 
                                   <---
[2024-09-01 05:56:36.891] [main] [info] 
--------------------------------------------------------------
Send valves at 1725162996
http://192.168.1.21:80/status?valves=4
200
{
 "server-name" : "valve-server-lucas",
 "action" : "okay"
}
[2024-09-01 05:56:36.973] [main] [info] 
Switched the following valves: --->
          Lucas:   Karotten   OFF -> ON 
                                   <---
[2024-09-01 06:16:36.050] [main] [info] 
--------------------------------------------------------------
Send valves at 1725164196
http://192.168.1.20:80/status?valves=0
200
{
 "server-name" : "valve-server-james",
 "action" : "okay"
}
[2024-09-01 06:16:38.502] [main] [info] 
Switched the following valves: --->
          James:   Erbsen    ON -> OFF
          James:   Gurken    ON -> OFF
                                   <---
[2024-09-01 06:16:38.502] [main] [info] 
--------------------------------------------------------------
Send valves at 1725164198
http://192.168.1.21:80/status?valves=0
200
{
 "server-name" : "valve-server-lucas",
 "action" : "okay"
}
[2024-09-01 06:16:39.170] [main] [info] 
Switched the following valves: --->
          Lucas:   Karotten    ON -> OFF
                                   <---
[2024-09-01 06:16:39.170] [main] [info] 
--------------------------------------------------------------
Send valves at 1725164199
http://192.168.1.22:80/status?valves=0
200
{
 "server-name" : "valve-server-felix",
 "action" : "okay"
}
[2024-09-01 06:16:39.374] [main] [info] 
Switched the following valves: --->
                                   <---
[2024-09-01 06:16:40.375] [main] [info] 
--------------------------------------------------------------
Send valves at 1725164200
http://192.168.1.20:80/status?valves=4
200
{
 "server-name" : "valve-server-james",
 "action" : "okay"
}
[2024-09-01 06:16:40.462] [main] [info] 
Switched the following valves: --->
          James:   Gurken   OFF -> ON 
                                   <---
[2024-09-01 06:16:40.462] [main] [info] 
--------------------------------------------------------------
Send valves at 1725164200
http://192.168.1.22:80/status?valves=2
200
{
 "server-name" : "valve-server-felix",
 "action" : "okay"
}
[2024-09-01 06:16:40.576] [main] [info] 
Switched the following valves: --->
          Felix:   Eiben Klee   OFF -> ON 
                                   <---
[2024-09-01 06:56:40.099] [main] [info] 
--------------------------------------------------------------
Send valves at 1725166600
http://192.168.1.20:80/status?valves=0
200
{
 "server-name" : "valve-server-james",
 "action" : "okay"
}
[2024-09-01 06:56:40.324] [main] [info] 
Switched the following valves: --->
          James:   Gurken    ON -> OFF
                                   <---
[2024-09-01 06:56:40.324] [main] [info] 
--------------------------------------------------------------
Send valves at 1725166600
http://192.168.1.21:80/status?valves=0
200
{
 "server-name" : "valve-server-lucas",
 "action" : "okay"
}
[2024-09-01 06:56:40.548] [main] [info] 
Switched the following valves: --->
                                   <---
[2024-09-01 06:56:40.548] [main] [info] 
--------------------------------------------------------------
Send valves at 1725166600
http://192.168.1.22:80/status?valves=0
200
{
 "server-name" : "valve-server-felix",
 "action" : "okay"
}
[2024-09-01 06:56:40.793] [main] [info] 
Switched the following valves: --->
          Felix:   Eiben Klee    ON -> OFF
                                   <---
[2024-09-01 06:56:41.793] [main] [info] 
--------------------------------------------------------------
Send valves at 1725166601
http://192.168.1.21:80/status?valves=2
200
{
 "server-name" : "valve-server-lucas",
 "action" : "okay"
}
[2024-09-01 06:56:42.089] [main] [info] 
Switched the following valves: --->
          Lucas:   Heidelbeeren   OFF -> ON 
                                   <---
[2024-09-01 07:16:42.053] [main] [info] 
--------------------------------------------------------------
Send valves at 1725167802
http://192.168.1.22:80/status?valves=0
200
{
 "server-name" : "valve-server-felix",
 "action" : "okay"
}
[2024-09-01 07:16:44.745] [main] [info] 
Switched the following valves: --->
                                   <---
[2024-09-01 07:16:44.745] [main] [info] 
--------------------------------------------------------------
Send valves at 1725167804
http://192.168.1.20:80/status?valves=0
200
{
 "server-name" : "valve-server-james",
 "action" : "okay"
}
[2024-09-01 07:16:45.599] [main] [info] 
Switched the following valves: --->
                                   <---
[2024-09-01 07:16:45.599] [main] [info] 
--------------------------------------------------------------
Send valves at 1725167805
http://192.168.1.21:80/status?valves=0
200
{
 "server-name" : "valve-server-lucas",
 "action" : "okay"
}
[2024-09-01 07:16:45.802] [main] [info] 
Switched the following valves: --->
          Lucas:   Heidelbeeren    ON -> OFF
                                   <---
[2024-09-01 07:16:45.802] [main] [info] 
--------------------------------------------------------------
Send valves at 1725167805
http://192.168.1.22:80/status?valves=1
200
{
 "server-name" : "valve-server-felix",
 "action" : "okay"
}
[2024-09-01 07:16:45.927] [main] [info] 
Switched the following valves: --->
          Felix:   Klee Feld   OFF -> ON 
                                   <---
[2024-09-01 08:16:45.013] [main] [info] 
--------------------------------------------------------------
Send valves at 1725171405
http://192.168.1.22:80/status?valves=0
200
{
 "server-name" : "valve-server-felix",
 "action" : "okay"
}
[2024-09-01 08:16:47.331] [main] [info] 
Switched the following valves: --->
          Felix:   Klee Feld    ON -> OFF
                                   <---
[2024-09-01 08:16:47.331] [main] [info] 
--------------------------------------------------------------
Send valves at 1725171407
http://192.168.1.22:80/status?valves=0
200
{
 "server-name" : "valve-server-felix",
 "action" : "okay"
}
[2024-09-01 08:16:47.450] [main] [info] 
Switched the following valves: --->
                                   <---
[2024-09-01 08:16:47.450] [main] [info] 
--------------------------------------------------------------
Send valves at 1725171407
http://192.168.1.20:80/status?valves=0
200
{
 "server-name" : "valve-server-james",
 "action" : "okay"
}
[2024-09-01 08:16:47.622] [main] [info] 
Switched the following valves: --->
                                   <---
[2024-09-01 08:16:47.622] [main] [info] 
--------------------------------------------------------------
Send valves at 1725171407
http://192.168.1.21:80/status?valves=0
200
{
 "server-name" : "valve-server-lucas",
 "action" : "okay"
}
[2024-09-01 08:16:47.767] [main] [info] 
Switched the following valves: --->
                                   <---
Send request to pump relay:
URL:   http://192.168.1.10:80/status?auto=off
Response:
status code:   200
text:
{
 "server-name" : "pump-relay-mayson",
 "action" : "okay"
}
[2024-09-01 08:17:17.173] [main] [info] 
--------------------------------------------------------------
Send valves at 1725171437
http://192.168.1.21:80/status?valves=2
200
{
 "server-name" : "valve-server-lucas",
 "action" : "okay"
}
[2024-09-01 08:17:17.304] [main] [info] 
Switched the following valves: --->
          Lucas:   Heidelbeeren   OFF -> ON 
                                   <---
[2024-09-01 08:19:17.013] [main] [info] 
--------------------------------------------------------------
Send valves at 1725171557
http://192.168.1.22:80/status?valves=0
200
{
 "server-name" : "valve-server-felix",
 "action" : "okay"
}
[2024-09-01 08:19:18.083] [main] [info] 
Switched the following valves: --->
                                   <---
[2024-09-01 08:19:18.083] [main] [info] 
--------------------------------------------------------------
Send valves at 1725171558
http://192.168.1.20:80/status?valves=0
200
{
 "server-name" : "valve-server-james",
 "action" : "okay"
}
[2024-09-01 08:19:18.174] [main] [info] 
Switched the following valves: --->
                                   <---
[2024-09-01 08:19:18.174] [main] [info] 
--------------------------------------------------------------
Send valves at 1725171558
http://192.168.1.21:80/status?valves=0
200
{
 "server-name" : "valve-server-lucas",
 "action" : "okay"
}
[2024-09-01 08:19:18.355] [main] [info] 
Switched the following valves: --->
          Lucas:   Heidelbeeren    ON -> OFF
                                   <---
[2024-09-01 08:19:18.356] [main] [info] Accumulated watering times:

Felix   :           Klee Feld  :     60.02 min
Felix   :          Eiben Klee  :     40.00 min
James   :              Erbsen  :     50.04 min
James   :          Kartoffeln  :      0.00 min
James   :              Gurken  :     90.03 min
James   :        Tomaten+Mara  :     30.01 min
Lucas   :      Bohnen-Flieder  :      0.00 min
Lucas   :        Heidelbeeren  :     53.59 min
Lucas   :            Karotten  :     50.04 min

%%%%%%%%%%     [4] Run the executable   ...DONE!
elapsed time:   10463s
=====================================================================================================
