=====================================================================================================
%%%%%%%%%%     [6] Uploading logs and go sleeping...
> sudo -u mayadm git checkout artifacts
Bereits auf 'artifacts'
D	maya/artifacts/logs/14968--2024-09-01--08h59---7.log
D	maya/artifacts/logs/14969--2024-09-01--09h41---1.log
D	maya/artifacts/logs/14969--2024-09-01--09h41---2.log
D	maya/artifacts/logs/14969--2024-09-01--09h41---3.log
D	maya/artifacts/logs/14969--2024-09-01--09h41---4.log
D	maya/artifacts/logs/14969--2024-09-01--09h41---5.log
D	maya/artifacts/logs/14969--2024-09-01--09h41---6.log
Ihr Branch ist auf demselben Stand wie 'origin/artifacts'.
> sudo -u mayadm git pull
Bereits aktuell.
> sudo -u mayadm git merge maya-productive
Bereits aktuell.
> sudo -u mayadm git add "../artifacts/logs/*.log" -f
> sudo -u mayadm git add -u
> sudo -u mayadm git commit -m "logs at 2024-09-01--10h22"
[artifacts c2c9b10c4] logs at 2024-09-01--10h22
 8 files changed, 92 insertions(+), 89 deletions(-)
 delete mode 100644 maya/artifacts/logs/14969--2024-09-01--09h41---4.log
 rename maya/artifacts/logs/{14968--2024-09-01--08h59---7.log => 14969--2024-09-01--09h41---7.log} (62%)
 rename maya/artifacts/logs/{14969--2024-09-01--09h41---1.log => 14970--2024-09-01--10h22---1.log} (91%)
 rename maya/artifacts/logs/{14969--2024-09-01--09h41---2.log => 14970--2024-09-01--10h22---2.log} (68%)
 rename maya/artifacts/logs/{14969--2024-09-01--09h41---3.log => 14970--2024-09-01--10h22---3.log} (95%)
 create mode 100644 maya/artifacts/logs/14970--2024-09-01--10h22---4.log
 rename maya/artifacts/logs/{14969--2024-09-01--09h41---5.log => 14970--2024-09-01--10h22---5.log} (75%)
 rename maya/artifacts/logs/{14969--2024-09-01--09h41---6.log => 14970--2024-09-01--10h22---6.log} (100%)
> sudo -u mayadm git push
To https://github.com/Necktschnagge/wired-watering
   b81cc279c..c2c9b10c4  artifacts -> artifacts
> sudo -u mayadm git checkout maya-productive
Zu Zweig »maya-productive« gewechselt
Ihr Branch ist auf demselben Stand wie 'origin/maya-productive'.
> sudo -u mayadm git push
Everything up-to-date
##############################################################
###################                        ###################
###################     GOING TO SLEEP     ###################
###################                        ###################
##############################################################
#######                                                #######
#######   Press CTRL + C NOW to abort script safely!   #######
#######                                                #######
##############################################################
##############################################################
#######                                                #######
#######               NOW GOING TO SLEEP               #######
#######                                                #######
##############################################################
> rtcwake -m mem -s 2400
rtcwake: RTC wird als UTC interpretiert …
rtcwake: aufwachen von „mem“ durch /dev/rtc0 bei Sun Sep  1 09:03:07 2024
##############################################################
#######                                                #######
#######            just waked up from sleep            #######
#######                                                #######
##############################################################
%%%%%%%%%%     [6] Uploading logs and go sleeping   ...DONE!
elapsed time:   2418s
=====================================================================================================
