=====================================================================================================
%%%%%%%%%%     [4] Run the executable...
>Please note:  Even if all builds failed, the last built executable is still there and will be started!
> sudo -u mayadm ./ur-unix-run.sh
[2024-09-01 19:18:32.576] [main] [info] Pinging Pump Server Mayson...
[2024-09-01 19:18:32.616] [main] [info] Pump Server ping OK!
[2024-09-01 19:18:32.616] [main] [info] Pinging Pump Server Mayson   ...DONE!
[2024-09-01 19:18:32.616] [main] [info] Pinging all valve stations...
[2024-09-01 19:18:38.861] [main] [error] Fatal: James not available!
[2024-09-01 19:18:38.861] [main] [info] Lucas ping OK!
[2024-09-01 19:18:38.861] [main] [error] Fatal: Felix not available!
[2024-09-01 19:18:38.861] [main] [info] Pinging all valve stations   ...DONE!
[2024-09-01 19:18:38.861] [main] [info] Pinging Non-Existing Test Server...
[2024-09-01 19:18:41.933] [main] [info] Pinging Non-Existing Test Server OK!
[2024-09-01 19:18:41.933] [main] [info] Pinging Non-Existing Test Server   ...DONE!
[2024-09-01 19:18:41.933] [main] [info] Pinging Pump Server Mayson...
[2024-09-01 19:18:42.145] [main] [info] Pump Server ping OK!
[2024-09-01 19:18:42.145] [main] [info] Pinging Pump Server Mayson   ...DONE!
[2024-09-01 19:18:42.145] [main] [info] Pinging all valve stations...
[2024-09-01 19:18:42.454] [main] [info] James ping OK!
[2024-09-01 19:18:42.454] [main] [info] Lucas ping OK!
[2024-09-01 19:18:42.454] [main] [info] Felix ping OK!
[2024-09-01 19:18:42.454] [main] [info] Pinging all valve stations   ...DONE!
[2024-09-01 19:18:42.454] [main] [info] Pinging Non-Existing Test Server...
[2024-09-01 19:18:45.517] [main] [info] Pinging Non-Existing Test Server OK!
[2024-09-01 19:18:45.517] [main] [info] Pinging Non-Existing Test Server   ...DONE!
[2024-09-01 19:18:45.517] [main] [info] Creating Landscape...
[2024-09-01 19:18:45.517] [main] [info] Creating Landscape...
[2024-09-01 19:18:45.517] [main] [info] Creating Felix...
[2024-09-01 19:18:45.517] [main] [info] Creating James...
[2024-09-01 19:18:45.517] [main] [info] Creating Lucas...
[2024-09-01 19:18:45.517] [main] [info] Fetching timestamp...
std::chrono::system_clock::now().time_since_epoch()   :   1725211125517307424
get_seconds_since_epoch_now(bool verbose /* true */)   :   1725211125
minutes since epoch   :   28753518
minute of day   :   1038
minute of hour   :   18
hour of day   :   17
[2024-09-01 19:18:45.517] [main] [info] Checking timestamp.txt...
[2024-09-01 19:18:45.517] [main] [debug] The timestamp.txt is always written when watering is triggered. It is read to check if I was already done with watering some minutes ago.
previous time_stamp:   28752685
[2024-09-01 19:18:45.517] [main] [info] Checking timestamp.txt   ...DONE!
[2024-09-01 19:18:45.517] [main] [info] It's not time for watering now!
[2024-09-01 19:18:45.517] [main] [info] Minute Intraday:   1038
[2024-09-01 19:18:45.517] [main] [info] Days since Epoch:   19967
[2024-09-01 19:18:45.517] [main] [info] Accumulated watering times:

Felix   :           Klee Feld  :      0.00 min
Felix   :          Eiben Klee  :      0.00 min
James   :              Erbsen  :      0.00 min
James   :          Kartoffeln  :      0.00 min
James   :              Gurken  :      0.00 min
James   :        Tomaten+Mara  :      0.00 min
Lucas   :      Bohnen-Flieder  :      0.00 min
Lucas   :        Heidelbeeren  :      0.00 min
Lucas   :            Karotten  :      0.00 min

%%%%%%%%%%     [4] Run the executable   ...DONE!
elapsed time:   13s
=====================================================================================================
