=====================================================================================================
%%%%%%%%%%     [4] Run the executable...
>Please note:  Even if all builds failed, the last built executable is still there and will be started!
> sudo -u mayadm ./ur-unix-run.sh
[2024-09-02 16:24:40.273] [main] [info] Pinging Pump Server Mayson...
[2024-09-02 16:24:41.386] [main] [info] Pump Server ping OK!
[2024-09-02 16:24:41.386] [main] [info] Pinging Pump Server Mayson   ...DONE!
[2024-09-02 16:24:41.386] [main] [info] Pinging all valve stations...
[2024-09-02 16:24:41.698] [main] [info] James ping OK!
[2024-09-02 16:24:41.698] [main] [info] Lucas ping OK!
[2024-09-02 16:24:41.698] [main] [info] Felix ping OK!
[2024-09-02 16:24:41.698] [main] [info] Pinging all valve stations   ...DONE!
[2024-09-02 16:24:41.698] [main] [info] Pinging Non-Existing Test Server...
[2024-09-02 16:24:44.764] [main] [info] Pinging Non-Existing Test Server OK!
[2024-09-02 16:24:44.764] [main] [info] Pinging Non-Existing Test Server   ...DONE!
[2024-09-02 16:24:44.764] [main] [info] Creating Landscape...
[2024-09-02 16:24:44.764] [main] [info] Creating Landscape...
[2024-09-02 16:24:44.764] [main] [info] Creating Felix...
[2024-09-02 16:24:44.764] [main] [info] Creating James...
[2024-09-02 16:24:44.764] [main] [info] Creating Lucas...
[2024-09-02 16:24:44.764] [main] [info] Fetching timestamp...
std::chrono::system_clock::now().time_since_epoch()   :   1725287084764932862
get_seconds_since_epoch_now(bool verbose /* true */)   :   1725287084
minutes since epoch   :   28754784
minute of day   :   864
minute of hour   :   24
hour of day   :   14
[2024-09-02 16:24:44.765] [main] [info] Checking timestamp.txt...
[2024-09-02 16:24:44.765] [main] [debug] The timestamp.txt is always written when watering is triggered. It is read to check if I was already done with watering some minutes ago.
previous time_stamp:   28754136
[2024-09-02 16:24:44.765] [main] [info] Checking timestamp.txt   ...DONE!
[2024-09-02 16:24:44.765] [main] [info] It's not time for watering now!
[2024-09-02 16:24:44.765] [main] [info] Minute Intraday:   864
[2024-09-02 16:24:44.765] [main] [info] Days since Epoch:   19968
[2024-09-02 16:24:44.765] [main] [info] Accumulated watering times:

Felix   :           Klee Feld  :      0.00 min
Felix   :          Eiben Klee  :      0.00 min
James   :              Erbsen  :      0.00 min
James   :          Kartoffeln  :      0.00 min
James   :              Gurken  :      0.00 min
James   :        Tomaten+Mara  :      0.00 min
Lucas   :      Bohnen-Flieder  :      0.00 min
Lucas   :        Heidelbeeren  :      0.00 min
Lucas   :            Karotten  :      0.00 min

%%%%%%%%%%     [4] Run the executable   ...DONE!
elapsed time:   4s
=====================================================================================================
