=====================================================================================================
%%%%%%%%%%     [4] Run the executable...
>Please note:  Even if all builds failed, the last built executable is still there and will be started!
> sudo -u mayadm ./ur-unix-run.sh
[2024-09-03 13:52:21.010] [main] [info] Pinging Pump Server Mayson...
[2024-09-03 13:52:22.117] [main] [info] Pump Server ping OK!
[2024-09-03 13:52:22.117] [main] [info] Pinging Pump Server Mayson   ...DONE!
[2024-09-03 13:52:22.117] [main] [info] Pinging all valve stations...
[2024-09-03 13:52:25.407] [main] [info] James ping OK!
[2024-09-03 13:52:25.407] [main] [info] Lucas ping OK!
[2024-09-03 13:52:25.407] [main] [error] Fatal: Felix not available!
[2024-09-03 13:52:25.407] [main] [info] Pinging all valve stations   ...DONE!
[2024-09-03 13:52:25.407] [main] [info] Pinging Non-Existing Test Server...
[2024-09-03 13:52:28.479] [main] [info] Pinging Non-Existing Test Server OK!
[2024-09-03 13:52:28.479] [main] [info] Pinging Non-Existing Test Server   ...DONE!
[2024-09-03 13:52:28.479] [main] [info] Pinging Pump Server Mayson...
[2024-09-03 13:52:28.563] [main] [info] Pump Server ping OK!
[2024-09-03 13:52:28.563] [main] [info] Pinging Pump Server Mayson   ...DONE!
[2024-09-03 13:52:28.563] [main] [info] Pinging all valve stations...
[2024-09-03 13:52:31.839] [main] [info] James ping OK!
[2024-09-03 13:52:31.839] [main] [info] Lucas ping OK!
[2024-09-03 13:52:31.839] [main] [error] Fatal: Felix not available!
[2024-09-03 13:52:31.839] [main] [info] Pinging all valve stations   ...DONE!
[2024-09-03 13:52:31.839] [main] [info] Pinging Non-Existing Test Server...
[2024-09-03 13:52:34.911] [main] [info] Pinging Non-Existing Test Server OK!
[2024-09-03 13:52:34.911] [main] [info] Pinging Non-Existing Test Server   ...DONE!
[2024-09-03 13:52:34.911] [main] [info] Pinging Pump Server Mayson...
[2024-09-03 13:52:35.014] [main] [info] Pump Server ping OK!
[2024-09-03 13:52:35.014] [main] [info] Pinging Pump Server Mayson   ...DONE!
[2024-09-03 13:52:35.014] [main] [info] Pinging all valve stations...
[2024-09-03 13:52:38.303] [main] [info] James ping OK!
[2024-09-03 13:52:38.303] [main] [info] Lucas ping OK!
[2024-09-03 13:52:38.303] [main] [error] Fatal: Felix not available!
[2024-09-03 13:52:38.303] [main] [info] Pinging all valve stations   ...DONE!
[2024-09-03 13:52:38.303] [main] [info] Pinging Non-Existing Test Server...
[2024-09-03 13:52:41.375] [main] [info] Pinging Non-Existing Test Server OK!
[2024-09-03 13:52:41.375] [main] [info] Pinging Non-Existing Test Server   ...DONE!
[2024-09-03 13:52:41.375] [main] [info] Pinging Pump Server Mayson...
[2024-09-03 13:52:41.467] [main] [info] Pump Server ping OK!
[2024-09-03 13:52:41.467] [main] [info] Pinging Pump Server Mayson   ...DONE!
[2024-09-03 13:52:41.467] [main] [info] Pinging all valve stations...
[2024-09-03 13:52:41.892] [main] [info] James ping OK!
[2024-09-03 13:52:41.892] [main] [info] Lucas ping OK!
[2024-09-03 13:52:41.892] [main] [info] Felix ping OK!
[2024-09-03 13:52:41.892] [main] [info] Pinging all valve stations   ...DONE!
[2024-09-03 13:52:41.892] [main] [info] Pinging Non-Existing Test Server...
[2024-09-03 13:52:44.959] [main] [info] Pinging Non-Existing Test Server OK!
[2024-09-03 13:52:44.959] [main] [info] Pinging Non-Existing Test Server   ...DONE!
[2024-09-03 13:52:44.959] [main] [info] Creating Landscape...
[2024-09-03 13:52:44.959] [main] [info] Creating Landscape...
[2024-09-03 13:52:44.959] [main] [info] Creating Felix...
[2024-09-03 13:52:44.959] [main] [info] Creating James...
[2024-09-03 13:52:44.959] [main] [info] Creating Lucas...
[2024-09-03 13:52:44.959] [main] [info] Fetching timestamp...
std::chrono::system_clock::now().time_since_epoch()   :   1725364364959698599
get_seconds_since_epoch_now(bool verbose /* true */)   :   1725364364
minutes since epoch   :   28756072
minute of day   :   712
minute of hour   :   52
hour of day   :   11
[2024-09-03 13:52:44.959] [main] [info] Checking timestamp.txt...
[2024-09-03 13:52:44.959] [main] [debug] The timestamp.txt is always written when watering is triggered. It is read to check if I was already done with watering some minutes ago.
previous time_stamp:   28755567
[2024-09-03 13:52:44.959] [main] [info] Checking timestamp.txt   ...DONE!
[2024-09-03 13:52:44.959] [main] [info] It's not time for watering now!
[2024-09-03 13:52:44.959] [main] [info] Minute Intraday:   712
[2024-09-03 13:52:44.959] [main] [info] Days since Epoch:   19969
[2024-09-03 13:52:44.960] [main] [info] Accumulated watering times:

Felix   :           Klee Feld  :      0.00 min
Felix   :          Eiben Klee  :      0.00 min
James   :              Erbsen  :      0.00 min
James   :          Kartoffeln  :      0.00 min
James   :              Gurken  :      0.00 min
James   :        Tomaten+Mara  :      0.00 min
Lucas   :      Bohnen-Flieder  :      0.00 min
Lucas   :        Heidelbeeren  :      0.00 min
Lucas   :            Karotten  :      0.00 min

%%%%%%%%%%     [4] Run the executable   ...DONE!
elapsed time:   24s
=====================================================================================================
