=====================================================================================================
%%%%%%%%%%     [4] Run the executable...
>Please note:  Even if all builds failed, the last built executable is still there and will be started!
> sudo -u mayadm ./ur-unix-run.sh
[2024-09-03 22:07:05.484] [main] [info] Pinging Pump Server Mayson...
[2024-09-03 22:07:06.601] [main] [info] Pump Server ping OK!
[2024-09-03 22:07:06.601] [main] [info] Pinging Pump Server Mayson   ...DONE!
[2024-09-03 22:07:06.601] [main] [info] Pinging all valve stations...
[2024-09-03 22:07:09.968] [main] [info] James ping OK!
[2024-09-03 22:07:09.968] [main] [info] Lucas ping OK!
[2024-09-03 22:07:09.968] [main] [info] Felix ping OK!
[2024-09-03 22:07:09.968] [main] [info] Pinging all valve stations   ...DONE!
[2024-09-03 22:07:09.968] [main] [info] Pinging Non-Existing Test Server...
[2024-09-03 22:07:13.022] [main] [info] Pinging Non-Existing Test Server OK!
[2024-09-03 22:07:13.022] [main] [info] Pinging Non-Existing Test Server   ...DONE!
[2024-09-03 22:07:13.022] [main] [info] Creating Landscape...
[2024-09-03 22:07:13.022] [main] [info] Creating Landscape...
[2024-09-03 22:07:13.022] [main] [info] Creating Felix...
[2024-09-03 22:07:13.022] [main] [info] Creating James...
[2024-09-03 22:07:13.022] [main] [info] Creating Lucas...
[2024-09-03 22:07:13.022] [main] [info] Fetching timestamp...
std::chrono::system_clock::now().time_since_epoch()   :   1725394033022184417
get_seconds_since_epoch_now(bool verbose /* true */)   :   1725394033
minutes since epoch   :   28756567
minute of day   :   1207
minute of hour   :   7
hour of day   :   20
[2024-09-03 22:07:13.022] [main] [info] Checking timestamp.txt...
[2024-09-03 22:07:13.022] [main] [debug] The timestamp.txt is always written when watering is triggered. It is read to check if I was already done with watering some minutes ago.
previous time_stamp:   28755567
[2024-09-03 22:07:13.022] [main] [info] Checking timestamp.txt   ...DONE!
[2024-09-03 22:07:13.022] [main] [info] It's not time for watering now!
[2024-09-03 22:07:13.022] [main] [info] Minute Intraday:   1207
[2024-09-03 22:07:13.022] [main] [info] Days since Epoch:   19969
Wrote to timestamp.txt
[2024-09-03 22:07:13.771] [main] [info] 
--------------------------------------------------------------
Send valves at 1725394033
http://192.168.1.21:80/status?valves=2
200
{
 "server-name" : "valve-server-lucas",
 "action" : "okay"
}
[2024-09-03 22:07:13.896] [main] [info] 
Switched the following valves: --->
          Lucas:   Heidelbeeren   OFF -> ON 
                                   <---
Send request to pump relay:
URL:   http://192.168.1.10:80/status?auto=on&system=on
Response:
status code:   200
text:
{
 "server-name" : "pump-relay-mayson",
 "action" : "okay"
}
[2024-09-03 22:08:44.003] [main] [info] 
--------------------------------------------------------------
Send valves at 1725394124
http://192.168.1.20:80/status?valves=0
200
{
 "server-name" : "valve-server-james",
 "action" : "okay"
}
[2024-09-03 22:08:44.116] [main] [info] 
Switched the following valves: --->
                                   <---
[2024-09-03 22:08:44.116] [main] [info] 
--------------------------------------------------------------
Send valves at 1725394124
http://192.168.1.21:80/status?valves=0
200
{
 "server-name" : "valve-server-lucas",
 "action" : "okay"
}
[2024-09-03 22:08:44.225] [main] [info] 
Switched the following valves: --->
          Lucas:   Heidelbeeren    ON -> OFF
                                   <---
[2024-09-03 22:08:44.225] [main] [info] 
--------------------------------------------------------------
Send valves at 1725394124
http://192.168.1.22:80/status?valves=0
200
{
 "server-name" : "valve-server-felix",
 "action" : "okay"
}
[2024-09-03 22:08:44.355] [main] [info] 
Switched the following valves: --->
                                   <---
[2024-09-03 22:08:45.355] [main] [info] 
--------------------------------------------------------------
Send valves at 1725394125
http://192.168.1.22:80/status?valves=1
200
{
 "server-name" : "valve-server-felix",
 "action" : "okay"
}
[2024-09-03 22:08:46.121] [main] [info] 
Switched the following valves: --->
          Felix:   Klee Feld   OFF -> ON 
                                   <---
[2024-09-03 22:53:46.091] [main] [info] 
--------------------------------------------------------------
Send valves at 1725396826
http://192.168.1.22:80/status?valves=0
200
{
 "server-name" : "valve-server-felix",
 "action" : "okay"
}
[2024-09-03 22:53:46.654] [main] [info] 
Switched the following valves: --->
          Felix:   Klee Feld    ON -> OFF
                                   <---
[2024-09-03 22:53:46.654] [main] [info] 
--------------------------------------------------------------
Send valves at 1725396826
http://192.168.1.20:80/status?valves=0
200
{
 "server-name" : "valve-server-james",
 "action" : "okay"
}
[2024-09-03 22:53:46.990] [main] [info] 
Switched the following valves: --->
                                   <---
[2024-09-03 22:53:46.990] [main] [info] 
--------------------------------------------------------------
Send valves at 1725396826
http://192.168.1.21:80/status?valves=0
200
{
 "server-name" : "valve-server-lucas",
 "action" : "okay"
}
[2024-09-03 22:53:47.880] [main] [info] 
Switched the following valves: --->
                                   <---
[2024-09-03 22:53:47.880] [main] [info] 
--------------------------------------------------------------
Send valves at 1725396827
http://192.168.1.22:80/status?valves=0
200
{
 "server-name" : "valve-server-felix",
 "action" : "okay"
}
[2024-09-03 22:53:48.915] [main] [info] 
Switched the following valves: --->
                                   <---
Send request to pump relay:
URL:   http://192.168.1.10:80/status?auto=off
Response:
status code:   200
text:
{
 "server-name" : "pump-relay-mayson",
 "action" : "okay"
}
[2024-09-03 22:54:19.309] [main] [info] 
--------------------------------------------------------------
Send valves at 1725396859
http://192.168.1.21:80/status?valves=2
200
{
 "server-name" : "valve-server-lucas",
 "action" : "okay"
}
[2024-09-03 22:54:19.571] [main] [info] 
Switched the following valves: --->
          Lucas:   Heidelbeeren   OFF -> ON 
                                   <---
[2024-09-03 22:56:19.158] [main] [info] 
--------------------------------------------------------------
Send valves at 1725396979
http://192.168.1.20:80/status?valves=0
200
{
 "server-name" : "valve-server-james",
 "action" : "okay"
}
[2024-09-03 22:56:19.308] [main] [info] 
Switched the following valves: --->
                                   <---
[2024-09-03 22:56:19.308] [main] [info] 
--------------------------------------------------------------
Send valves at 1725396979
http://192.168.1.21:80/status?valves=0
200
{
 "server-name" : "valve-server-lucas",
 "action" : "okay"
}
[2024-09-03 22:56:19.429] [main] [info] 
Switched the following valves: --->
          Lucas:   Heidelbeeren    ON -> OFF
                                   <---
[2024-09-03 22:56:19.429] [main] [info] 
--------------------------------------------------------------
Send valves at 1725396979
http://192.168.1.22:80/status?valves=0
200
{
 "server-name" : "valve-server-felix",
 "action" : "okay"
}
[2024-09-03 22:56:19.643] [main] [info] 
Switched the following valves: --->
                                   <---
[2024-09-03 22:56:20.651] [main] [info] Accumulated watering times:

Felix   :           Klee Feld  :     45.01 min
Felix   :          Eiben Klee  :      0.00 min
James   :              Erbsen  :      0.00 min
James   :          Kartoffeln  :      0.00 min
James   :              Gurken  :      0.00 min
James   :        Tomaten+Mara  :      0.00 min
Lucas   :      Bohnen-Flieder  :      0.00 min
Lucas   :        Heidelbeeren  :      3.50 min
Lucas   :            Karotten  :      0.00 min

%%%%%%%%%%     [4] Run the executable   ...DONE!
elapsed time:   2955s
=====================================================================================================
