=====================================================================================================
%%%%%%%%%%     [6] Uploading logs and go sleeping...
> sudo -u mayadm git checkout artifacts
Bereits auf 'artifacts'
D	maya/artifacts/logs/15055--2024-09-04--03h04---7.log
D	maya/artifacts/logs/15056--2024-09-04--03h45---1.log
D	maya/artifacts/logs/15056--2024-09-04--03h45---2.log
D	maya/artifacts/logs/15056--2024-09-04--03h45---3.log
D	maya/artifacts/logs/15056--2024-09-04--03h45---4.log
D	maya/artifacts/logs/15056--2024-09-04--03h45---5.log
D	maya/artifacts/logs/15056--2024-09-04--03h45---6.log
Ihr Branch ist auf demselben Stand wie 'origin/artifacts'.
> sudo -u mayadm git pull
Bereits aktuell.
> sudo -u mayadm git merge maya-productive
Bereits aktuell.
> sudo -u mayadm git add "../artifacts/logs/*.log" -f
> sudo -u mayadm git add -u
> sudo -u mayadm git commit -m "logs at 2024-09-04--04h26"
[artifacts ae0329e3c] logs at 2024-09-04--04h26
 8 files changed, 106 insertions(+), 98 deletions(-)
 delete mode 100644 maya/artifacts/logs/15056--2024-09-04--03h45---4.log
 rename maya/artifacts/logs/{15055--2024-09-04--03h04---7.log => 15056--2024-09-04--03h45---7.log} (61%)
 rename maya/artifacts/logs/{15056--2024-09-04--03h45---1.log => 15057--2024-09-04--04h26---1.log} (90%)
 rename maya/artifacts/logs/{15056--2024-09-04--03h45---2.log => 15057--2024-09-04--04h26---2.log} (66%)
 rename maya/artifacts/logs/{15056--2024-09-04--03h45---3.log => 15057--2024-09-04--04h26---3.log} (95%)
 create mode 100644 maya/artifacts/logs/15057--2024-09-04--04h26---4.log
 rename maya/artifacts/logs/{15056--2024-09-04--03h45---5.log => 15057--2024-09-04--04h26---5.log} (78%)
 rename maya/artifacts/logs/{15056--2024-09-04--03h45---6.log => 15057--2024-09-04--04h26---6.log} (100%)
> sudo -u mayadm git push
To https://github.com/Necktschnagge/wired-watering
   bac6e9828..ae0329e3c  artifacts -> artifacts
> sudo -u mayadm git checkout maya-productive
Zu Zweig »maya-productive« gewechselt
Ihr Branch ist auf demselben Stand wie 'origin/maya-productive'.
> sudo -u mayadm git push
Everything up-to-date
##############################################################
###################                        ###################
###################     GOING TO SLEEP     ###################
###################                        ###################
##############################################################
#######                                                #######
#######   Press CTRL + C NOW to abort script safely!   #######
#######                                                #######
##############################################################
##############################################################
#######                                                #######
#######               NOW GOING TO SLEEP               #######
#######                                                #######
##############################################################
> rtcwake -m mem -s 2400
rtcwake: RTC wird als UTC interpretiert …
rtcwake: aufwachen von „mem“ durch /dev/rtc0 bei Wed Sep  4 03:07:29 2024
##############################################################
#######                                                #######
#######            just waked up from sleep            #######
#######                                                #######
##############################################################
%%%%%%%%%%     [6] Uploading logs and go sleeping   ...DONE!
elapsed time:   2418s
=====================================================================================================
