=====================================================================================================
%%%%%%%%%%     [4] Run the executable...
>Please note:  Even if all builds failed, the last built executable is still there and will be started!
> sudo -u mayadm ./ur-unix-run.sh
[2024-09-04 11:49:50.651] [main] [info] Pinging Pump Server Mayson...
[2024-09-04 11:49:50.705] [main] [info] Pump Server ping OK!
[2024-09-04 11:49:50.705] [main] [info] Pinging Pump Server Mayson   ...DONE!
[2024-09-04 11:49:50.705] [main] [info] Pinging all valve stations...
[2024-09-04 11:49:53.965] [main] [info] James ping OK!
[2024-09-04 11:49:53.965] [main] [info] Lucas ping OK!
[2024-09-04 11:49:53.965] [main] [error] Fatal: Felix not available!
[2024-09-04 11:49:53.965] [main] [info] Pinging all valve stations   ...DONE!
[2024-09-04 11:49:53.965] [main] [info] Pinging Non-Existing Test Server...
[2024-09-04 11:49:57.036] [main] [info] Pinging Non-Existing Test Server OK!
[2024-09-04 11:49:57.036] [main] [info] Pinging Non-Existing Test Server   ...DONE!
[2024-09-04 11:49:57.036] [main] [info] Pinging Pump Server Mayson...
[2024-09-04 11:49:57.150] [main] [info] Pump Server ping OK!
[2024-09-04 11:49:57.150] [main] [info] Pinging Pump Server Mayson   ...DONE!
[2024-09-04 11:49:57.150] [main] [info] Pinging all valve stations...
[2024-09-04 11:49:59.513] [main] [info] James ping OK!
[2024-09-04 11:49:59.513] [main] [info] Lucas ping OK!
[2024-09-04 11:49:59.513] [main] [info] Felix ping OK!
[2024-09-04 11:49:59.513] [main] [info] Pinging all valve stations   ...DONE!
[2024-09-04 11:49:59.513] [main] [info] Pinging Non-Existing Test Server...
[2024-09-04 11:50:02.572] [main] [info] Pinging Non-Existing Test Server OK!
[2024-09-04 11:50:02.572] [main] [info] Pinging Non-Existing Test Server   ...DONE!
[2024-09-04 11:50:02.572] [main] [info] Creating Landscape...
[2024-09-04 11:50:02.572] [main] [info] Creating Landscape...
[2024-09-04 11:50:02.572] [main] [info] Creating Felix...
[2024-09-04 11:50:02.572] [main] [info] Creating James...
[2024-09-04 11:50:02.573] [main] [info] Creating Lucas...
[2024-09-04 11:50:02.573] [main] [info] Fetching timestamp...
std::chrono::system_clock::now().time_since_epoch()   :   1725443402573028033
get_seconds_since_epoch_now(bool verbose /* true */)   :   1725443402
minutes since epoch   :   28757390
minute of day   :   590
minute of hour   :   50
hour of day   :   9
[2024-09-04 11:50:02.573] [main] [info] Checking timestamp.txt...
[2024-09-04 11:50:02.573] [main] [debug] The timestamp.txt is always written when watering is triggered. It is read to check if I was already done with watering some minutes ago.
previous time_stamp:   28756988
[2024-09-04 11:50:02.573] [main] [info] Checking timestamp.txt   ...DONE!
[2024-09-04 11:50:02.573] [main] [info] It's not time for watering now!
[2024-09-04 11:50:02.573] [main] [info] Minute Intraday:   590
[2024-09-04 11:50:02.573] [main] [info] Days since Epoch:   19970
[2024-09-04 11:50:02.573] [main] [info] It's not time for watering now!
[2024-09-04 11:50:02.573] [main] [info] Minute Intraday:   590
[2024-09-04 11:50:02.573] [main] [info] Days since Epoch:   19970
[2024-09-04 11:50:02.573] [main] [info] Accumulated watering times:

Felix   :           Klee Feld  :      0.00 min
Felix   :          Eiben Klee  :      0.00 min
James   :              Erbsen  :      0.00 min
James   :          Kartoffeln  :      0.00 min
James   :              Gurken  :      0.00 min
James   :        Tomaten+Mara  :      0.00 min
Lucas   :      Bohnen-Flieder  :      0.00 min
Lucas   :        Heidelbeeren  :      0.00 min
Lucas   :            Karotten  :      0.00 min

%%%%%%%%%%     [4] Run the executable   ...DONE!
elapsed time:   12s
=====================================================================================================
