=====================================================================================================
%%%%%%%%%%     [4] Run the executable...
>Please note:  Even if all builds failed, the last built executable is still there and will be started!
> sudo -u mayadm ./ur-unix-run.sh
[2024-09-04 18:02:42.275] [main] [info] Pinging Pump Server Mayson...
[2024-09-04 18:02:42.358] [main] [info] Pump Server ping OK!
[2024-09-04 18:02:42.358] [main] [info] Pinging Pump Server Mayson   ...DONE!
[2024-09-04 18:02:42.358] [main] [info] Pinging all valve stations...
[2024-09-04 18:02:42.698] [main] [info] James ping OK!
[2024-09-04 18:02:42.698] [main] [info] Lucas ping OK!
[2024-09-04 18:02:42.698] [main] [info] Felix ping OK!
[2024-09-04 18:02:42.698] [main] [info] Pinging all valve stations   ...DONE!
[2024-09-04 18:02:42.698] [main] [info] Pinging Non-Existing Test Server...
[2024-09-04 18:02:45.779] [main] [info] Pinging Non-Existing Test Server OK!
[2024-09-04 18:02:45.779] [main] [info] Pinging Non-Existing Test Server   ...DONE!
[2024-09-04 18:02:45.779] [main] [info] Creating Landscape...
[2024-09-04 18:02:45.779] [main] [info] Creating Landscape...
[2024-09-04 18:02:45.779] [main] [info] Creating Felix...
[2024-09-04 18:02:45.779] [main] [info] Creating James...
[2024-09-04 18:02:45.779] [main] [info] Creating Lucas...
[2024-09-04 18:02:45.779] [main] [info] Fetching timestamp...
std::chrono::system_clock::now().time_since_epoch()   :   1725465765779139962
get_seconds_since_epoch_now(bool verbose /* true */)   :   1725465765
minutes since epoch   :   28757762
minute of day   :   962
minute of hour   :   2
hour of day   :   16
[2024-09-04 18:02:45.779] [main] [info] Checking timestamp.txt...
[2024-09-04 18:02:45.779] [main] [debug] The timestamp.txt is always written when watering is triggered. It is read to check if I was already done with watering some minutes ago.
previous time_stamp:   28756988
[2024-09-04 18:02:45.779] [main] [info] Checking timestamp.txt   ...DONE!
[2024-09-04 18:02:45.779] [main] [info] It's not time for watering now!
[2024-09-04 18:02:45.779] [main] [info] Minute Intraday:   962
[2024-09-04 18:02:45.779] [main] [info] Days since Epoch:   19970
Wrote to timestamp.txt
[2024-09-04 18:02:46.706] [main] [info] 
--------------------------------------------------------------
Send valves at 1725465766
http://192.168.1.21:80/status?valves=2
200
{
 "server-name" : "valve-server-lucas",
 "action" : "okay"
}
[2024-09-04 18:02:46.795] [main] [info] 
Switched the following valves: --->
          Lucas:   Heidelbeeren   OFF -> ON 
                                   <---
Send request to pump relay:
URL:   http://192.168.1.10:80/status?auto=on&system=on
Response:
status code:   200
text:
{
 "server-name" : "pump-relay-mayson",
 "action" : "okay"
}
[2024-09-04 18:04:18.872] [main] [info] 
--------------------------------------------------------------
Send valves at 1725465858
http://192.168.1.20:80/status?valves=0
200
{
 "server-name" : "valve-server-james",
 "action" : "okay"
}
[2024-09-04 18:04:19.073] [main] [info] 
Switched the following valves: --->
                                   <---
[2024-09-04 18:04:19.073] [main] [info] 
--------------------------------------------------------------
Send valves at 1725465859
http://192.168.1.21:80/status?valves=0
200
{
 "server-name" : "valve-server-lucas",
 "action" : "okay"
}
[2024-09-04 18:04:19.187] [main] [info] 
Switched the following valves: --->
          Lucas:   Heidelbeeren    ON -> OFF
                                   <---
[2024-09-04 18:04:19.187] [main] [info] 
--------------------------------------------------------------
Send valves at 1725465859
http://192.168.1.22:80/status?valves=0
200
{
 "server-name" : "valve-server-felix",
 "action" : "okay"
}
[2024-09-04 18:04:19.613] [main] [info] 
Switched the following valves: --->
                                   <---
[2024-09-04 18:04:20.613] [main] [info] 
--------------------------------------------------------------
Send valves at 1725465860
http://192.168.1.22:80/status?valves=1
200
{
 "server-name" : "valve-server-felix",
 "action" : "okay"
}
[2024-09-04 18:04:20.716] [main] [info] 
Switched the following valves: --->
          Felix:   Klee Feld   OFF -> ON 
                                   <---
[2024-09-04 18:49:20.095] [main] [info] 
--------------------------------------------------------------
Send valves at 1725468560
http://192.168.1.22:80/status?valves=0
200
{
 "server-name" : "valve-server-felix",
 "action" : "okay"
}
[2024-09-04 18:49:20.230] [main] [info] 
Switched the following valves: --->
          Felix:   Klee Feld    ON -> OFF
                                   <---
[2024-09-04 18:49:20.230] [main] [info] 
--------------------------------------------------------------
Send valves at 1725468560
http://192.168.1.20:80/status?valves=0
200
{
 "server-name" : "valve-server-james",
 "action" : "okay"
}
[2024-09-04 18:49:21.378] [main] [info] 
Switched the following valves: --->
                                   <---
[2024-09-04 18:49:21.378] [main] [info] 
--------------------------------------------------------------
Send valves at 1725468561
http://192.168.1.21:80/status?valves=0
200
{
 "server-name" : "valve-server-lucas",
 "action" : "okay"
}
[2024-09-04 18:49:21.482] [main] [info] 
Switched the following valves: --->
                                   <---
[2024-09-04 18:49:21.482] [main] [info] 
--------------------------------------------------------------
Send valves at 1725468561
http://192.168.1.22:80/status?valves=0
200
{
 "server-name" : "valve-server-felix",
 "action" : "okay"
}
[2024-09-04 18:49:24.124] [main] [info] 
Switched the following valves: --->
                                   <---
Send request to pump relay:
URL:   http://192.168.1.10:80/status?auto=off
Response:
status code:   200
text:
{
 "server-name" : "pump-relay-mayson",
 "action" : "okay"
}
[2024-09-04 18:49:55.303] [main] [info] 
--------------------------------------------------------------
Send valves at 1725468595
http://192.168.1.21:80/status?valves=2
200
{
 "server-name" : "valve-server-lucas",
 "action" : "okay"
}
[2024-09-04 18:49:55.499] [main] [info] 
Switched the following valves: --->
          Lucas:   Heidelbeeren   OFF -> ON 
                                   <---
[2024-09-04 18:51:55.143] [main] [info] 
--------------------------------------------------------------
Send valves at 1725468715
http://192.168.1.20:80/status?valves=0
200
{
 "server-name" : "valve-server-james",
 "action" : "okay"
}
[2024-09-04 18:51:55.319] [main] [info] 
Switched the following valves: --->
                                   <---
[2024-09-04 18:51:55.319] [main] [info] 
--------------------------------------------------------------
Send valves at 1725468715
http://192.168.1.21:80/status?valves=0
200
{
 "server-name" : "valve-server-lucas",
 "action" : "okay"
}
[2024-09-04 18:51:55.412] [main] [info] 
Switched the following valves: --->
          Lucas:   Heidelbeeren    ON -> OFF
                                   <---
[2024-09-04 18:51:55.412] [main] [info] 
--------------------------------------------------------------
Send valves at 1725468715
http://192.168.1.22:80/status?valves=0
200
{
 "server-name" : "valve-server-felix",
 "action" : "okay"
}
[2024-09-04 18:51:55.779] [main] [info] 
Switched the following valves: --->
                                   <---
[2024-09-04 18:51:56.779] [main] [info] Accumulated watering times:

Felix   :           Klee Feld  :     44.99 min
Felix   :          Eiben Klee  :      0.00 min
James   :              Erbsen  :      0.00 min
James   :          Kartoffeln  :      0.00 min
James   :              Gurken  :      0.00 min
James   :        Tomaten+Mara  :      0.00 min
Lucas   :      Bohnen-Flieder  :      0.00 min
Lucas   :        Heidelbeeren  :      3.54 min
Lucas   :            Karotten  :      0.00 min

%%%%%%%%%%     [4] Run the executable   ...DONE!
elapsed time:   2955s
=====================================================================================================
