=====================================================================================================
%%%%%%%%%%     [4] Run the executable...
>Please note:  Even if all builds failed, the last built executable is still there and will be started!
> sudo -u mayadm ./ur-unix-run.sh
[2024-09-05 10:12:52.909] [main] [info] Pinging Pump Server Mayson...
[2024-09-05 10:12:53.010] [main] [info] Pump Server ping OK!
[2024-09-05 10:12:53.010] [main] [info] Pinging Pump Server Mayson   ...DONE!
[2024-09-05 10:12:53.010] [main] [info] Pinging all valve stations...
[2024-09-05 10:12:57.311] [main] [error] Fatal: James not available!
[2024-09-05 10:12:57.311] [main] [info] Lucas ping OK!
[2024-09-05 10:12:57.311] [main] [info] Felix ping OK!
[2024-09-05 10:12:57.311] [main] [info] Pinging all valve stations   ...DONE!
[2024-09-05 10:12:57.311] [main] [info] Pinging Non-Existing Test Server...
[2024-09-05 10:13:00.372] [main] [info] Pinging Non-Existing Test Server OK!
[2024-09-05 10:13:00.372] [main] [info] Pinging Non-Existing Test Server   ...DONE!
[2024-09-05 10:13:00.372] [main] [info] Pinging Pump Server Mayson...
[2024-09-05 10:13:00.478] [main] [info] Pump Server ping OK!
[2024-09-05 10:13:00.478] [main] [info] Pinging Pump Server Mayson   ...DONE!
[2024-09-05 10:13:00.478] [main] [info] Pinging all valve stations...
[2024-09-05 10:13:03.758] [main] [error] Fatal: James not available!
[2024-09-05 10:13:03.758] [main] [info] Lucas ping OK!
[2024-09-05 10:13:03.758] [main] [info] Felix ping OK!
[2024-09-05 10:13:03.758] [main] [info] Pinging all valve stations   ...DONE!
[2024-09-05 10:13:03.758] [main] [info] Pinging Non-Existing Test Server...
[2024-09-05 10:13:06.836] [main] [info] Pinging Non-Existing Test Server OK!
[2024-09-05 10:13:06.836] [main] [info] Pinging Non-Existing Test Server   ...DONE!
[2024-09-05 10:13:06.836] [main] [info] Pinging Pump Server Mayson...
[2024-09-05 10:13:06.928] [main] [info] Pump Server ping OK!
[2024-09-05 10:13:06.928] [main] [info] Pinging Pump Server Mayson   ...DONE!
[2024-09-05 10:13:06.928] [main] [info] Pinging all valve stations...
[2024-09-05 10:13:10.209] [main] [error] Fatal: James not available!
[2024-09-05 10:13:10.209] [main] [info] Lucas ping OK!
[2024-09-05 10:13:10.209] [main] [info] Felix ping OK!
[2024-09-05 10:13:10.209] [main] [info] Pinging all valve stations   ...DONE!
[2024-09-05 10:13:10.209] [main] [info] Pinging Non-Existing Test Server...
[2024-09-05 10:13:13.268] [main] [info] Pinging Non-Existing Test Server OK!
[2024-09-05 10:13:13.268] [main] [info] Pinging Non-Existing Test Server   ...DONE!
[2024-09-05 10:13:13.268] [main] [info] Pinging Pump Server Mayson...
[2024-09-05 10:13:13.378] [main] [info] Pump Server ping OK!
[2024-09-05 10:13:13.378] [main] [info] Pinging Pump Server Mayson   ...DONE!
[2024-09-05 10:13:13.378] [main] [info] Pinging all valve stations...
[2024-09-05 10:13:16.757] [main] [error] Fatal: James not available!
[2024-09-05 10:13:16.757] [main] [info] Lucas ping OK!
[2024-09-05 10:13:16.757] [main] [info] Felix ping OK!
[2024-09-05 10:13:16.757] [main] [info] Pinging all valve stations   ...DONE!
[2024-09-05 10:13:16.757] [main] [info] Pinging Non-Existing Test Server...
[2024-09-05 10:13:19.828] [main] [info] Pinging Non-Existing Test Server OK!
[2024-09-05 10:13:19.828] [main] [info] Pinging Non-Existing Test Server   ...DONE!
[2024-09-05 10:13:19.828] [main] [info] Pinging Pump Server Mayson...
[2024-09-05 10:13:19.927] [main] [info] Pump Server ping OK!
[2024-09-05 10:13:19.927] [main] [info] Pinging Pump Server Mayson   ...DONE!
[2024-09-05 10:13:19.927] [main] [info] Pinging all valve stations...
[2024-09-05 10:13:20.345] [main] [info] James ping OK!
[2024-09-05 10:13:20.345] [main] [info] Lucas ping OK!
[2024-09-05 10:13:20.345] [main] [info] Felix ping OK!
[2024-09-05 10:13:20.345] [main] [info] Pinging all valve stations   ...DONE!
[2024-09-05 10:13:20.345] [main] [info] Pinging Non-Existing Test Server...
[2024-09-05 10:13:23.412] [main] [info] Pinging Non-Existing Test Server OK!
[2024-09-05 10:13:23.412] [main] [info] Pinging Non-Existing Test Server   ...DONE!
[2024-09-05 10:13:23.412] [main] [info] Creating Landscape...
[2024-09-05 10:13:23.412] [main] [info] Creating Landscape...
[2024-09-05 10:13:23.412] [main] [info] Creating Felix...
[2024-09-05 10:13:23.412] [main] [info] Creating James...
[2024-09-05 10:13:23.412] [main] [info] Creating Lucas...
[2024-09-05 10:13:23.412] [main] [info] Fetching timestamp...
std::chrono::system_clock::now().time_since_epoch()   :   1725524003412505955
get_seconds_since_epoch_now(bool verbose /* true */)   :   1725524003
minutes since epoch   :   28758733
minute of day   :   493
minute of hour   :   13
hour of day   :   8
[2024-09-05 10:13:23.412] [main] [info] Checking timestamp.txt...
[2024-09-05 10:13:23.412] [main] [debug] The timestamp.txt is always written when watering is triggered. It is read to check if I was already done with watering some minutes ago.
previous time_stamp:   28758434
[2024-09-05 10:13:23.412] [main] [info] Checking timestamp.txt   ...DONE!
[2024-09-05 10:13:23.412] [main] [info] It's not time for watering now!
[2024-09-05 10:13:23.412] [main] [info] Minute Intraday:   493
[2024-09-05 10:13:23.412] [main] [info] Days since Epoch:   19971
[2024-09-05 10:13:23.412] [main] [info] It's not time for watering now!
[2024-09-05 10:13:23.412] [main] [info] Minute Intraday:   493
[2024-09-05 10:13:23.412] [main] [info] Days since Epoch:   19971
[2024-09-05 10:13:23.412] [main] [info] Accumulated watering times:

Felix   :           Klee Feld  :      0.00 min
Felix   :          Eiben Klee  :      0.00 min
James   :              Erbsen  :      0.00 min
James   :          Kartoffeln  :      0.00 min
James   :              Gurken  :      0.00 min
James   :        Tomaten+Mara  :      0.00 min
Lucas   :      Bohnen-Flieder  :      0.00 min
Lucas   :        Heidelbeeren  :      0.00 min
Lucas   :            Karotten  :      0.00 min

%%%%%%%%%%     [4] Run the executable   ...DONE!
elapsed time:   31s
=====================================================================================================
