=====================================================================================================
%%%%%%%%%%     [6] Uploading logs and go sleeping...
> sudo -u mayadm git checkout artifacts
Bereits auf 'artifacts'
D	maya/artifacts/logs/15114--2024-09-06--02h51---7.log
D	maya/artifacts/logs/15115--2024-09-06--03h32---1.log
D	maya/artifacts/logs/15115--2024-09-06--03h32---2.log
D	maya/artifacts/logs/15115--2024-09-06--03h32---3.log
D	maya/artifacts/logs/15115--2024-09-06--03h32---4.log
D	maya/artifacts/logs/15115--2024-09-06--03h32---5.log
D	maya/artifacts/logs/15115--2024-09-06--03h32---6.log
Ihr Branch ist auf demselben Stand wie 'origin/artifacts'.
> sudo -u mayadm git pull
Bereits aktuell.
> sudo -u mayadm git merge maya-productive
Bereits aktuell.
> sudo -u mayadm git add "../artifacts/logs/*.log" -f
> sudo -u mayadm git add -u
> sudo -u mayadm git commit -m "logs at 2024-09-06--04h13"
[artifacts 4cd331300] logs at 2024-09-06--04h13
 8 files changed, 93 insertions(+), 93 deletions(-)
 delete mode 100644 maya/artifacts/logs/15115--2024-09-06--03h32---4.log
 rename maya/artifacts/logs/{15114--2024-09-06--02h51---7.log => 15115--2024-09-06--03h32---7.log} (61%)
 rename maya/artifacts/logs/{15115--2024-09-06--03h32---1.log => 15116--2024-09-06--04h13---1.log} (91%)
 rename maya/artifacts/logs/{15115--2024-09-06--03h32---2.log => 15116--2024-09-06--04h13---2.log} (100%)
 rename maya/artifacts/logs/{15115--2024-09-06--03h32---3.log => 15116--2024-09-06--04h13---3.log} (94%)
 create mode 100644 maya/artifacts/logs/15116--2024-09-06--04h13---4.log
 rename maya/artifacts/logs/{15115--2024-09-06--03h32---5.log => 15116--2024-09-06--04h13---5.log} (78%)
 rename maya/artifacts/logs/{15115--2024-09-06--03h32---6.log => 15116--2024-09-06--04h13---6.log} (100%)
> sudo -u mayadm git push
To https://github.com/Necktschnagge/wired-watering
   8cd6e238c..4cd331300  artifacts -> artifacts
> sudo -u mayadm git checkout maya-productive
Zu Zweig »maya-productive« gewechselt
Ihr Branch ist auf demselben Stand wie 'origin/maya-productive'.
> sudo -u mayadm git push
Everything up-to-date
##############################################################
###################                        ###################
###################     GOING TO SLEEP     ###################
###################                        ###################
##############################################################
#######                                                #######
#######   Press CTRL + C NOW to abort script safely!   #######
#######                                                #######
##############################################################
##############################################################
#######                                                #######
#######               NOW GOING TO SLEEP               #######
#######                                                #######
##############################################################
> rtcwake -m mem -s 2400
rtcwake: RTC wird als UTC interpretiert …
rtcwake: aufwachen von „mem“ durch /dev/rtc0 bei Fri Sep  6 02:54:57 2024
##############################################################
#######                                                #######
#######            just waked up from sleep            #######
#######                                                #######
##############################################################
%%%%%%%%%%     [6] Uploading logs and go sleeping   ...DONE!
elapsed time:   2418s
=====================================================================================================
