=====================================================================================================
%%%%%%%%%%     [6] Uploading logs and go sleeping...
> sudo -u mayadm git checkout artifacts
Bereits auf 'artifacts'
D	maya/artifacts/logs/15136--2024-09-06--21h24---7.log
D	maya/artifacts/logs/15137--2024-09-06--22h05---1.log
D	maya/artifacts/logs/15137--2024-09-06--22h05---2.log
D	maya/artifacts/logs/15137--2024-09-06--22h05---3.log
D	maya/artifacts/logs/15137--2024-09-06--22h05---4.log
D	maya/artifacts/logs/15137--2024-09-06--22h05---5.log
D	maya/artifacts/logs/15137--2024-09-06--22h05---6.log
Ihr Branch ist auf demselben Stand wie 'origin/artifacts'.
> sudo -u mayadm git pull
Bereits aktuell.
> sudo -u mayadm git merge maya-productive
Bereits aktuell.
> sudo -u mayadm git add "../artifacts/logs/*.log" -f
> sudo -u mayadm git add -u
> sudo -u mayadm git commit -m "logs at 2024-09-06--22h47"
[artifacts 9ce661a2b] logs at 2024-09-06--22h47
 8 files changed, 95 insertions(+), 92 deletions(-)
 delete mode 100644 maya/artifacts/logs/15137--2024-09-06--22h05---4.log
 rename maya/artifacts/logs/{15136--2024-09-06--21h24---7.log => 15137--2024-09-06--22h05---7.log} (61%)
 rename maya/artifacts/logs/{15137--2024-09-06--22h05---1.log => 15138--2024-09-06--22h47---1.log} (91%)
 rename maya/artifacts/logs/{15137--2024-09-06--22h05---2.log => 15138--2024-09-06--22h47---2.log} (65%)
 rename maya/artifacts/logs/{15137--2024-09-06--22h05---3.log => 15138--2024-09-06--22h47---3.log} (95%)
 create mode 100644 maya/artifacts/logs/15138--2024-09-06--22h47---4.log
 rename maya/artifacts/logs/{15137--2024-09-06--22h05---5.log => 15138--2024-09-06--22h47---5.log} (78%)
 rename maya/artifacts/logs/{15137--2024-09-06--22h05---6.log => 15138--2024-09-06--22h47---6.log} (100%)
> sudo -u mayadm git push
To https://github.com/Necktschnagge/wired-watering
   e6ab3e046..9ce661a2b  artifacts -> artifacts
> sudo -u mayadm git checkout maya-productive
Zu Zweig »maya-productive« gewechselt
Ihr Branch ist auf demselben Stand wie 'origin/maya-productive'.
> sudo -u mayadm git push
Everything up-to-date
##############################################################
###################                        ###################
###################     GOING TO SLEEP     ###################
###################                        ###################
##############################################################
#######                                                #######
#######   Press CTRL + C NOW to abort script safely!   #######
#######                                                #######
##############################################################
##############################################################
#######                                                #######
#######               NOW GOING TO SLEEP               #######
#######                                                #######
##############################################################
> rtcwake -m mem -s 2400
rtcwake: RTC wird als UTC interpretiert …
rtcwake: aufwachen von „mem“ durch /dev/rtc0 bei Fri Sep  6 21:27:57 2024
##############################################################
#######                                                #######
#######            just waked up from sleep            #######
#######                                                #######
##############################################################
%%%%%%%%%%     [6] Uploading logs and go sleeping   ...DONE!
elapsed time:   2419s
=====================================================================================================
