=====================================================================================================
%%%%%%%%%%     [4] Run the executable...
>Please note:  Even if all builds failed, the last built executable is still there and will be started!
> sudo -u mayadm ./ur-unix-run.sh
[2024-09-07 05:40:22.530] [main] [info] Pinging Pump Server Mayson...
[2024-09-07 05:40:22.651] [main] [info] Pump Server ping OK!
[2024-09-07 05:40:22.651] [main] [info] Pinging Pump Server Mayson   ...DONE!
[2024-09-07 05:40:22.651] [main] [info] Pinging all valve stations...
[2024-09-07 05:40:22.972] [main] [info] James ping OK!
[2024-09-07 05:40:22.972] [main] [info] Lucas ping OK!
[2024-09-07 05:40:22.972] [main] [info] Felix ping OK!
[2024-09-07 05:40:22.972] [main] [info] Pinging all valve stations   ...DONE!
[2024-09-07 05:40:22.972] [main] [info] Pinging Non-Existing Test Server...
[2024-09-07 05:40:26.050] [main] [info] Pinging Non-Existing Test Server OK!
[2024-09-07 05:40:26.050] [main] [info] Pinging Non-Existing Test Server   ...DONE!
[2024-09-07 05:40:26.050] [main] [info] Creating Landscape...
[2024-09-07 05:40:26.050] [main] [info] Creating Landscape...
[2024-09-07 05:40:26.050] [main] [info] Creating Felix...
[2024-09-07 05:40:26.050] [main] [info] Creating James...
[2024-09-07 05:40:26.050] [main] [info] Creating Lucas...
[2024-09-07 05:40:26.050] [main] [info] Fetching timestamp...
std::chrono::system_clock::now().time_since_epoch()   :   1725680426050594352
get_seconds_since_epoch_now(bool verbose /* true */)   :   1725680426
minutes since epoch   :   28761340
minute of day   :   220
minute of hour   :   40
hour of day   :   3
[2024-09-07 05:40:26.050] [main] [info] Checking timestamp.txt...
[2024-09-07 05:40:26.050] [main] [debug] The timestamp.txt is always written when watering is triggered. It is read to check if I was already done with watering some minutes ago.
previous time_stamp:   28760671
[2024-09-07 05:40:26.050] [main] [info] Checking timestamp.txt   ...DONE!
Wrote to timestamp.txt
Send request to pump relay:
URL:   http://192.168.1.10:80/status?auto=off&system=off&manual=off
Response:
status code:   200
text:
{
 "server-name" : "pump-relay-mayson",
 "action" : "okay"
}
[2024-09-07 05:40:26.694] [main] [info] 
--------------------------------------------------------------
Send valves at 1725680426
http://192.168.1.21:80/status?valves=2
200
{
 "server-name" : "valve-server-lucas",
 "action" : "okay"
}
[2024-09-07 05:40:26.775] [main] [info] 
Switched the following valves: --->
          Lucas:   Heidelbeeren   OFF -> ON 
                                   <---
Send request to pump relay:
URL:   http://192.168.1.10:80/status?auto=on&system=on
Response:
status code:   200
text:
{
 "server-name" : "pump-relay-mayson",
 "action" : "okay"
}
[2024-09-07 05:41:57.034] [main] [info] 
--------------------------------------------------------------
Send valves at 1725680517
http://192.168.1.20:80/status?valves=0
200
{
 "server-name" : "valve-server-james",
 "action" : "okay"
}
[2024-09-07 05:41:57.105] [main] [info] 
Switched the following valves: --->
                                   <---
[2024-09-07 05:41:57.105] [main] [info] 
--------------------------------------------------------------
Send valves at 1725680517
http://192.168.1.21:80/status?valves=0
200
{
 "server-name" : "valve-server-lucas",
 "action" : "okay"
}
[2024-09-07 05:41:57.197] [main] [info] 
Switched the following valves: --->
          Lucas:   Heidelbeeren    ON -> OFF
                                   <---
[2024-09-07 05:41:57.197] [main] [info] 
--------------------------------------------------------------
Send valves at 1725680517
http://192.168.1.22:80/status?valves=0
200
{
 "server-name" : "valve-server-felix",
 "action" : "okay"
}
[2024-09-07 05:41:58.071] [main] [info] 
Switched the following valves: --->
                                   <---
[2024-09-07 05:41:59.072] [main] [info] 
--------------------------------------------------------------
Send valves at 1725680519
http://192.168.1.20:80/status?valves=1
200
{
 "server-name" : "valve-server-james",
 "action" : "okay"
}
[2024-09-07 05:41:59.160] [main] [info] 
Switched the following valves: --->
          James:   Erbsen   OFF -> ON 
                                   <---
[2024-09-07 05:41:59.160] [main] [info] 
--------------------------------------------------------------
Send valves at 1725680519
http://192.168.1.20:80/status?valves=5
200
{
 "server-name" : "valve-server-james",
 "action" : "okay"
}
[2024-09-07 05:41:59.197] [main] [info] 
Switched the following valves: --->
          James:   Gurken   OFF -> ON 
                                   <---
[2024-09-07 05:41:59.197] [main] [info] 
--------------------------------------------------------------
Send valves at 1725680519
http://192.168.1.20:80/status?valves=13
200
{
 "server-name" : "valve-server-james",
 "action" : "okay"
}
[2024-09-07 05:41:59.238] [main] [info] 
Switched the following valves: --->
          James:   Tomaten+Mara   OFF -> ON 
                                   <---
[2024-09-07 05:41:59.238] [main] [info] 
--------------------------------------------------------------
Send valves at 1725680519
http://192.168.1.21:80/status?valves=2
200
{
 "server-name" : "valve-server-lucas",
 "action" : "okay"
}
[2024-09-07 05:41:59.347] [main] [info] 
Switched the following valves: --->
          Lucas:   Heidelbeeren   OFF -> ON 
                                   <---
[2024-09-07 05:41:59.347] [main] [info] 
--------------------------------------------------------------
Send valves at 1725680519
http://192.168.1.21:80/status?valves=6
200
{
 "server-name" : "valve-server-lucas",
 "action" : "okay"
}
[2024-09-07 05:41:59.384] [main] [info] 
Switched the following valves: --->
          Lucas:   Karotten   OFF -> ON 
                                   <---
[2024-09-07 06:11:59.063] [main] [info] 
--------------------------------------------------------------
Send valves at 1725682319
http://192.168.1.20:80/status?valves=0
200
{
 "server-name" : "valve-server-james",
 "action" : "okay"
}
[2024-09-07 06:11:59.161] [main] [info] 
Switched the following valves: --->
          James:   Erbsen    ON -> OFF
          James:   Gurken    ON -> OFF
          James:   Tomaten+Mara    ON -> OFF
                                   <---
[2024-09-07 06:11:59.161] [main] [info] 
--------------------------------------------------------------
Send valves at 1725682319
http://192.168.1.21:80/status?valves=0
200
{
 "server-name" : "valve-server-lucas",
 "action" : "okay"
}
[2024-09-07 06:11:59.230] [main] [info] 
Switched the following valves: --->
          Lucas:   Heidelbeeren    ON -> OFF
          Lucas:   Karotten    ON -> OFF
                                   <---
[2024-09-07 06:11:59.230] [main] [info] 
--------------------------------------------------------------
Send valves at 1725682319
http://192.168.1.22:80/status?valves=0
200
{
 "server-name" : "valve-server-felix",
 "action" : "okay"
}
[2024-09-07 06:11:59.388] [main] [info] 
Switched the following valves: --->
                                   <---
[2024-09-07 06:12:00.388] [main] [info] 
--------------------------------------------------------------
Send valves at 1725682320
http://192.168.1.20:80/status?valves=1
200
{
 "server-name" : "valve-server-james",
 "action" : "okay"
}
[2024-09-07 06:12:00.515] [main] [info] 
Switched the following valves: --->
          James:   Erbsen   OFF -> ON 
                                   <---
[2024-09-07 06:12:00.515] [main] [info] 
--------------------------------------------------------------
Send valves at 1725682320
http://192.168.1.20:80/status?valves=5
200
{
 "server-name" : "valve-server-james",
 "action" : "okay"
}
[2024-09-07 06:12:00.777] [main] [info] 
Switched the following valves: --->
          James:   Gurken   OFF -> ON 
                                   <---
[2024-09-07 06:12:00.777] [main] [info] 
--------------------------------------------------------------
Send valves at 1725682320
http://192.168.1.21:80/status?valves=4
200
{
 "server-name" : "valve-server-lucas",
 "action" : "okay"
}
[2024-09-07 06:12:02.315] [main] [info] 
Switched the following valves: --->
          Lucas:   Karotten   OFF -> ON 
                                   <---
[2024-09-07 06:32:02.055] [main] [info] 
--------------------------------------------------------------
Send valves at 1725683522
http://192.168.1.20:80/status?valves=0
200
{
 "server-name" : "valve-server-james",
 "action" : "okay"
}
[2024-09-07 06:32:02.220] [main] [info] 
Switched the following valves: --->
          James:   Erbsen    ON -> OFF
          James:   Gurken    ON -> OFF
                                   <---
[2024-09-07 06:32:02.220] [main] [info] 
--------------------------------------------------------------
Send valves at 1725683522
http://192.168.1.21:80/status?valves=0
200
{
 "server-name" : "valve-server-lucas",
 "action" : "okay"
}
[2024-09-07 06:32:02.425] [main] [info] 
Switched the following valves: --->
          Lucas:   Karotten    ON -> OFF
                                   <---
[2024-09-07 06:32:02.425] [main] [info] 
--------------------------------------------------------------
Send valves at 1725683522
http://192.168.1.22:80/status?valves=0
200
{
 "server-name" : "valve-server-felix",
 "action" : "okay"
}
[2024-09-07 06:32:03.133] [main] [info] 
Switched the following valves: --->
                                   <---
[2024-09-07 06:32:04.133] [main] [info] 
--------------------------------------------------------------
Send valves at 1725683524
http://192.168.1.20:80/status?valves=4
200
{
 "server-name" : "valve-server-james",
 "action" : "okay"
}
[2024-09-07 06:32:04.319] [main] [info] 
Switched the following valves: --->
          James:   Gurken   OFF -> ON 
                                   <---
[2024-09-07 06:32:04.319] [main] [info] 
--------------------------------------------------------------
Send valves at 1725683524
http://192.168.1.22:80/status?valves=2
200
{
 "server-name" : "valve-server-felix",
 "action" : "okay"
}
[2024-09-07 06:32:05.410] [main] [info] 
Switched the following valves: --->
          Felix:   Eiben Klee   OFF -> ON 
                                   <---
[2024-09-07 07:12:05.058] [main] [info] 
--------------------------------------------------------------
Send valves at 1725685925
http://192.168.1.20:80/status?valves=0
200
{
 "server-name" : "valve-server-james",
 "action" : "okay"
}
[2024-09-07 07:12:05.184] [main] [info] 
Switched the following valves: --->
          James:   Gurken    ON -> OFF
                                   <---
[2024-09-07 07:12:05.184] [main] [info] 
--------------------------------------------------------------
Send valves at 1725685925
http://192.168.1.21:80/status?valves=0
200
{
 "server-name" : "valve-server-lucas",
 "action" : "okay"
}
[2024-09-07 07:12:05.290] [main] [info] 
Switched the following valves: --->
                                   <---
[2024-09-07 07:12:05.290] [main] [info] 
--------------------------------------------------------------
Send valves at 1725685925
http://192.168.1.22:80/status?valves=0
200
{
 "server-name" : "valve-server-felix",
 "action" : "okay"
}
[2024-09-07 07:12:05.419] [main] [info] 
Switched the following valves: --->
          Felix:   Eiben Klee    ON -> OFF
                                   <---
[2024-09-07 07:12:06.419] [main] [info] 
--------------------------------------------------------------
Send valves at 1725685926
http://192.168.1.21:80/status?valves=2
200
{
 "server-name" : "valve-server-lucas",
 "action" : "okay"
}
[2024-09-07 07:12:06.491] [main] [info] 
Switched the following valves: --->
          Lucas:   Heidelbeeren   OFF -> ON 
                                   <---
[2024-09-07 07:32:06.081] [main] [info] 
--------------------------------------------------------------
Send valves at 1725687126
http://192.168.1.22:80/status?valves=0
200
{
 "server-name" : "valve-server-felix",
 "action" : "okay"
}
[2024-09-07 07:32:08.718] [main] [info] 
Switched the following valves: --->
                                   <---
[2024-09-07 07:32:08.718] [main] [info] 
--------------------------------------------------------------
Send valves at 1725687128
http://192.168.1.20:80/status?valves=0
200
{
 "server-name" : "valve-server-james",
 "action" : "okay"
}
[2024-09-07 07:32:08.881] [main] [info] 
Switched the following valves: --->
                                   <---
[2024-09-07 07:32:08.881] [main] [info] 
--------------------------------------------------------------
Send valves at 1725687128
http://192.168.1.21:80/status?valves=0
200
{
 "server-name" : "valve-server-lucas",
 "action" : "okay"
}
[2024-09-07 07:32:08.954] [main] [info] 
Switched the following valves: --->
          Lucas:   Heidelbeeren    ON -> OFF
                                   <---
[2024-09-07 07:32:08.954] [main] [info] 
--------------------------------------------------------------
Send valves at 1725687128
http://192.168.1.22:80/status?valves=1
200
{
 "server-name" : "valve-server-felix",
 "action" : "okay"
}
[2024-09-07 07:32:09.158] [main] [info] 
Switched the following valves: --->
          Felix:   Klee Feld   OFF -> ON 
                                   <---
[2024-09-07 08:32:09.012] [main] [info] 
--------------------------------------------------------------
Send valves at 1725690729
http://192.168.1.22:80/status?valves=0
200
{
 "server-name" : "valve-server-felix",
 "action" : "okay"
}
[2024-09-07 08:32:09.657] [main] [info] 
Switched the following valves: --->
          Felix:   Klee Feld    ON -> OFF
                                   <---
[2024-09-07 08:32:09.657] [main] [info] 
--------------------------------------------------------------
Send valves at 1725690729
http://192.168.1.22:80/status?valves=0
200
{
 "server-name" : "valve-server-felix",
 "action" : "okay"
}
[2024-09-07 08:32:09.869] [main] [info] 
Switched the following valves: --->
                                   <---
[2024-09-07 08:32:09.869] [main] [info] 
--------------------------------------------------------------
Send valves at 1725690729
http://192.168.1.20:80/status?valves=0
200
{
 "server-name" : "valve-server-james",
 "action" : "okay"
}
[2024-09-07 08:32:09.963] [main] [info] 
Switched the following valves: --->
                                   <---
[2024-09-07 08:32:09.963] [main] [info] 
--------------------------------------------------------------
Send valves at 1725690729
http://192.168.1.21:80/status?valves=0
200
{
 "server-name" : "valve-server-lucas",
 "action" : "okay"
}
[2024-09-07 08:32:10.102] [main] [info] 
Switched the following valves: --->
                                   <---
Send request to pump relay:
URL:   http://192.168.1.10:80/status?auto=off
Response:
status code:   200
text:
{
 "server-name" : "pump-relay-mayson",
 "action" : "okay"
}
[2024-09-07 08:32:40.171] [main] [info] 
--------------------------------------------------------------
Send valves at 1725690760
http://192.168.1.21:80/status?valves=2
200
{
 "server-name" : "valve-server-lucas",
 "action" : "okay"
}
[2024-09-07 08:32:40.377] [main] [info] 
Switched the following valves: --->
          Lucas:   Heidelbeeren   OFF -> ON 
                                   <---
[2024-09-07 08:34:40.032] [main] [info] 
--------------------------------------------------------------
Send valves at 1725690880
http://192.168.1.22:80/status?valves=0
200
{
 "server-name" : "valve-server-felix",
 "action" : "okay"
}
[2024-09-07 08:34:40.252] [main] [info] 
Switched the following valves: --->
                                   <---
[2024-09-07 08:34:40.252] [main] [info] 
--------------------------------------------------------------
Send valves at 1725690880
http://192.168.1.20:80/status?valves=0
200
{
 "server-name" : "valve-server-james",
 "action" : "okay"
}
[2024-09-07 08:34:41.698] [main] [info] 
Switched the following valves: --->
                                   <---
[2024-09-07 08:34:41.698] [main] [info] 
--------------------------------------------------------------
Send valves at 1725690881
http://192.168.1.21:80/status?valves=0
200
{
 "server-name" : "valve-server-lucas",
 "action" : "okay"
}
[2024-09-07 08:34:41.823] [main] [info] 
Switched the following valves: --->
          Lucas:   Heidelbeeren    ON -> OFF
                                   <---
[2024-09-07 08:34:41.823] [main] [info] It's not time for watering now!
[2024-09-07 08:34:41.823] [main] [info] Minute Intraday:   220
[2024-09-07 08:34:41.823] [main] [info] Days since Epoch:   19973
[2024-09-07 08:34:41.823] [main] [info] Accumulated watering times:

Felix   :           Klee Feld  :     60.01 min
Felix   :          Eiben Klee  :     40.00 min
James   :              Erbsen  :     50.03 min
James   :          Kartoffeln  :      0.00 min
James   :              Gurken  :     90.04 min
James   :        Tomaten+Mara  :     30.00 min
Lucas   :      Bohnen-Flieder  :      0.00 min
Lucas   :        Heidelbeeren  :     53.57 min
Lucas   :            Karotten  :     50.00 min

%%%%%%%%%%     [4] Run the executable   ...DONE!
elapsed time:   10460s
=====================================================================================================
