=====================================================================================================
%%%%%%%%%%     [6] Uploading logs and go sleeping...
> sudo -u mayadm git checkout artifacts
Bereits auf 'artifacts'
D	maya/artifacts/logs/15152--2024-09-07--11h19---7.log
D	maya/artifacts/logs/15153--2024-09-07--12h00---1.log
D	maya/artifacts/logs/15153--2024-09-07--12h00---2.log
D	maya/artifacts/logs/15153--2024-09-07--12h00---3.log
D	maya/artifacts/logs/15153--2024-09-07--12h00---4.log
D	maya/artifacts/logs/15153--2024-09-07--12h00---5.log
D	maya/artifacts/logs/15153--2024-09-07--12h00---6.log
Ihr Branch ist auf demselben Stand wie 'origin/artifacts'.
> sudo -u mayadm git pull
Bereits aktuell.
> sudo -u mayadm git merge maya-productive
Bereits aktuell.
> sudo -u mayadm git add "../artifacts/logs/*.log" -f
> sudo -u mayadm git add -u
> sudo -u mayadm git commit -m "logs at 2024-09-07--12h42"
[artifacts 823abab47] logs at 2024-09-07--12h42
 8 files changed, 93 insertions(+), 107 deletions(-)
 delete mode 100644 maya/artifacts/logs/15153--2024-09-07--12h00---4.log
 rename maya/artifacts/logs/{15152--2024-09-07--11h19---7.log => 15153--2024-09-07--12h00---7.log} (62%)
 rename maya/artifacts/logs/{15153--2024-09-07--12h00---1.log => 15154--2024-09-07--12h42---1.log} (90%)
 rename maya/artifacts/logs/{15153--2024-09-07--12h00---2.log => 15154--2024-09-07--12h42---2.log} (65%)
 rename maya/artifacts/logs/{15153--2024-09-07--12h00---3.log => 15154--2024-09-07--12h42---3.log} (96%)
 create mode 100644 maya/artifacts/logs/15154--2024-09-07--12h42---4.log
 rename maya/artifacts/logs/{15153--2024-09-07--12h00---5.log => 15154--2024-09-07--12h42---5.log} (76%)
 rename maya/artifacts/logs/{15153--2024-09-07--12h00---6.log => 15154--2024-09-07--12h42---6.log} (100%)
> sudo -u mayadm git push
To https://github.com/Necktschnagge/wired-watering
   cf3b118b5..823abab47  artifacts -> artifacts
> sudo -u mayadm git checkout maya-productive
Zu Zweig »maya-productive« gewechselt
Ihr Branch ist auf demselben Stand wie 'origin/maya-productive'.
> sudo -u mayadm git push
Everything up-to-date
##############################################################
###################                        ###################
###################     GOING TO SLEEP     ###################
###################                        ###################
##############################################################
#######                                                #######
#######   Press CTRL + C NOW to abort script safely!   #######
#######                                                #######
##############################################################
##############################################################
#######                                                #######
#######               NOW GOING TO SLEEP               #######
#######                                                #######
##############################################################
> rtcwake -m mem -s 2400
rtcwake: RTC wird als UTC interpretiert …
rtcwake: aufwachen von „mem“ durch /dev/rtc0 bei Sat Sep  7 11:23:19 2024
##############################################################
#######                                                #######
#######            just waked up from sleep            #######
#######                                                #######
##############################################################
%%%%%%%%%%     [6] Uploading logs and go sleeping   ...DONE!
elapsed time:   2419s
=====================================================================================================
