=====================================================================================================
%%%%%%%%%%     [6] Uploading logs and go sleeping...
> sudo -u mayadm git checkout artifacts
Bereits auf 'artifacts'
D	maya/artifacts/logs/15156--2024-09-07--14h04---7.log
D	maya/artifacts/logs/15157--2024-09-07--14h46---1.log
D	maya/artifacts/logs/15157--2024-09-07--14h46---2.log
D	maya/artifacts/logs/15157--2024-09-07--14h46---3.log
D	maya/artifacts/logs/15157--2024-09-07--14h46---4.log
D	maya/artifacts/logs/15157--2024-09-07--14h46---5.log
D	maya/artifacts/logs/15157--2024-09-07--14h46---6.log
Ihr Branch ist auf demselben Stand wie 'origin/artifacts'.
> sudo -u mayadm git pull
Bereits aktuell.
> sudo -u mayadm git merge maya-productive
Bereits aktuell.
> sudo -u mayadm git add "../artifacts/logs/*.log" -f
> sudo -u mayadm git add -u
> sudo -u mayadm git commit -m "logs at 2024-09-07--15h27"
[artifacts e8f54c89f] logs at 2024-09-07--15h27
 8 files changed, 93 insertions(+), 96 deletions(-)
 delete mode 100644 maya/artifacts/logs/15157--2024-09-07--14h46---4.log
 rename maya/artifacts/logs/{15156--2024-09-07--14h04---7.log => 15157--2024-09-07--14h46---7.log} (61%)
 rename maya/artifacts/logs/{15157--2024-09-07--14h46---1.log => 15158--2024-09-07--15h27---1.log} (91%)
 rename maya/artifacts/logs/{15157--2024-09-07--14h46---2.log => 15158--2024-09-07--15h27---2.log} (63%)
 rename maya/artifacts/logs/{15157--2024-09-07--14h46---3.log => 15158--2024-09-07--15h27---3.log} (95%)
 create mode 100644 maya/artifacts/logs/15158--2024-09-07--15h27---4.log
 rename maya/artifacts/logs/{15157--2024-09-07--14h46---5.log => 15158--2024-09-07--15h27---5.log} (78%)
 rename maya/artifacts/logs/{15157--2024-09-07--14h46---6.log => 15158--2024-09-07--15h27---6.log} (100%)
> sudo -u mayadm git push
To https://github.com/Necktschnagge/wired-watering
   357db5db2..e8f54c89f  artifacts -> artifacts
> sudo -u mayadm git checkout maya-productive
Zu Zweig »maya-productive« gewechselt
Ihr Branch ist auf demselben Stand wie 'origin/maya-productive'.
> sudo -u mayadm git push
Everything up-to-date
##############################################################
###################                        ###################
###################     GOING TO SLEEP     ###################
###################                        ###################
##############################################################
#######                                                #######
#######   Press CTRL + C NOW to abort script safely!   #######
#######                                                #######
##############################################################
##############################################################
#######                                                #######
#######               NOW GOING TO SLEEP               #######
#######                                                #######
##############################################################
> rtcwake -m mem -s 2400
rtcwake: RTC wird als UTC interpretiert …
rtcwake: aufwachen von „mem“ durch /dev/rtc0 bei Sat Sep  7 14:08:37 2024
##############################################################
#######                                                #######
#######            just waked up from sleep            #######
#######                                                #######
##############################################################
%%%%%%%%%%     [6] Uploading logs and go sleeping   ...DONE!
elapsed time:   2419s
=====================================================================================================
