=====================================================================================================
%%%%%%%%%%     [4] Run the executable...
>Please note:  Even if all builds failed, the last built executable is still there and will be started!
> sudo -u mayadm ./ur-unix-run.sh
[2024-09-07 18:13:21.542] [main] [info] Pinging Pump Server Mayson...
[2024-09-07 18:13:21.609] [main] [info] Pump Server ping OK!
[2024-09-07 18:13:21.609] [main] [info] Pinging Pump Server Mayson   ...DONE!
[2024-09-07 18:13:21.609] [main] [info] Pinging all valve stations...
[2024-09-07 18:13:23.968] [main] [info] James ping OK!
[2024-09-07 18:13:23.968] [main] [info] Lucas ping OK!
[2024-09-07 18:13:23.968] [main] [info] Felix ping OK!
[2024-09-07 18:13:23.968] [main] [info] Pinging all valve stations   ...DONE!
[2024-09-07 18:13:23.968] [main] [info] Pinging Non-Existing Test Server...
[2024-09-07 18:13:27.045] [main] [info] Pinging Non-Existing Test Server OK!
[2024-09-07 18:13:27.045] [main] [info] Pinging Non-Existing Test Server   ...DONE!
[2024-09-07 18:13:27.045] [main] [info] Creating Landscape...
[2024-09-07 18:13:27.045] [main] [info] Creating Landscape...
[2024-09-07 18:13:27.045] [main] [info] Creating Felix...
[2024-09-07 18:13:27.045] [main] [info] Creating James...
[2024-09-07 18:13:27.045] [main] [info] Creating Lucas...
[2024-09-07 18:13:27.045] [main] [info] Fetching timestamp...
std::chrono::system_clock::now().time_since_epoch()   :   1725725607045178186
get_seconds_since_epoch_now(bool verbose /* true */)   :   1725725607
minutes since epoch   :   28762093
minute of day   :   973
minute of hour   :   13
hour of day   :   16
[2024-09-07 18:13:27.045] [main] [info] Checking timestamp.txt...
[2024-09-07 18:13:27.045] [main] [debug] The timestamp.txt is always written when watering is triggered. It is read to check if I was already done with watering some minutes ago.
previous time_stamp:   28761340
[2024-09-07 18:13:27.045] [main] [info] Checking timestamp.txt   ...DONE!
[2024-09-07 18:13:27.045] [main] [info] It's not time for watering now!
[2024-09-07 18:13:27.045] [main] [info] Minute Intraday:   973
[2024-09-07 18:13:27.045] [main] [info] Days since Epoch:   19973
Wrote to timestamp.txt
[2024-09-07 18:13:27.533] [main] [info] 
--------------------------------------------------------------
Send valves at 1725725607
http://192.168.1.21:80/status?valves=2
200
{
 "server-name" : "valve-server-lucas",
 "action" : "okay"
}
[2024-09-07 18:13:27.704] [main] [info] 
Switched the following valves: --->
          Lucas:   Heidelbeeren   OFF -> ON 
                                   <---
Send request to pump relay:
URL:   http://192.168.1.10:80/status?auto=on&system=on
Response:
status code:   200
text:
{
 "server-name" : "pump-relay-mayson",
 "action" : "okay"
}
[2024-09-07 18:14:58.011] [main] [info] 
--------------------------------------------------------------
Send valves at 1725725698
http://192.168.1.20:80/status?valves=0
200
{
 "server-name" : "valve-server-james",
 "action" : "okay"
}
[2024-09-07 18:14:58.325] [main] [info] 
Switched the following valves: --->
                                   <---
[2024-09-07 18:14:58.325] [main] [info] 
--------------------------------------------------------------
Send valves at 1725725698
http://192.168.1.21:80/status?valves=0
200
{
 "server-name" : "valve-server-lucas",
 "action" : "okay"
}
[2024-09-07 18:14:58.496] [main] [info] 
Switched the following valves: --->
          Lucas:   Heidelbeeren    ON -> OFF
                                   <---
[2024-09-07 18:14:58.496] [main] [info] 
--------------------------------------------------------------
Send valves at 1725725698
http://192.168.1.22:80/status?valves=0
200
{
 "server-name" : "valve-server-felix",
 "action" : "okay"
}
[2024-09-07 18:15:00.826] [main] [info] 
Switched the following valves: --->
                                   <---
[2024-09-07 18:15:01.826] [main] [info] 
--------------------------------------------------------------
Send valves at 1725725701
http://192.168.1.22:80/status?valves=1
200
{
 "server-name" : "valve-server-felix",
 "action" : "okay"
}
[2024-09-07 18:15:02.133] [main] [info] 
Switched the following valves: --->
          Felix:   Klee Feld   OFF -> ON 
                                   <---
[2024-09-07 19:00:02.038] [main] [info] 
--------------------------------------------------------------
Send valves at 1725728402
http://192.168.1.22:80/status?valves=0
200
{
 "server-name" : "valve-server-felix",
 "action" : "okay"
}
[2024-09-07 19:00:02.426] [main] [info] 
Switched the following valves: --->
          Felix:   Klee Feld    ON -> OFF
                                   <---
[2024-09-07 19:00:02.426] [main] [info] 
--------------------------------------------------------------
Send valves at 1725728402
http://192.168.1.20:80/status?valves=0
200
{
 "server-name" : "valve-server-james",
 "action" : "okay"
}
[2024-09-07 19:00:03.827] [main] [info] 
Switched the following valves: --->
                                   <---
[2024-09-07 19:00:03.827] [main] [info] 
--------------------------------------------------------------
Send valves at 1725728403
http://192.168.1.21:80/status?valves=0
200
{
 "server-name" : "valve-server-lucas",
 "action" : "okay"
}
[2024-09-07 19:00:03.959] [main] [info] 
Switched the following valves: --->
                                   <---
[2024-09-07 19:00:03.959] [main] [info] 
--------------------------------------------------------------
Send valves at 1725728403
http://192.168.1.22:80/status?valves=0
200
{
 "server-name" : "valve-server-felix",
 "action" : "okay"
}
[2024-09-07 19:00:04.227] [main] [info] 
Switched the following valves: --->
                                   <---
Send request to pump relay:
URL:   http://192.168.1.10:80/status?auto=off
Response:
status code:   200
text:
{
 "server-name" : "pump-relay-mayson",
 "action" : "okay"
}
[2024-09-07 19:00:35.201] [main] [info] 
--------------------------------------------------------------
Send valves at 1725728435
http://192.168.1.21:80/status?valves=2
200
{
 "server-name" : "valve-server-lucas",
 "action" : "okay"
}
[2024-09-07 19:00:35.298] [main] [info] 
Switched the following valves: --->
          Lucas:   Heidelbeeren   OFF -> ON 
                                   <---
[2024-09-07 19:02:35.016] [main] [info] 
--------------------------------------------------------------
Send valves at 1725728555
http://192.168.1.20:80/status?valves=0
200
{
 "server-name" : "valve-server-james",
 "action" : "okay"
}
[2024-09-07 19:02:35.350] [main] [info] 
Switched the following valves: --->
                                   <---
[2024-09-07 19:02:35.350] [main] [info] 
--------------------------------------------------------------
Send valves at 1725728555
http://192.168.1.21:80/status?valves=0
200
{
 "server-name" : "valve-server-lucas",
 "action" : "okay"
}
[2024-09-07 19:02:35.483] [main] [info] 
Switched the following valves: --->
          Lucas:   Heidelbeeren    ON -> OFF
                                   <---
[2024-09-07 19:02:35.483] [main] [info] 
--------------------------------------------------------------
Send valves at 1725728555
http://192.168.1.22:80/status?valves=0
200
{
 "server-name" : "valve-server-felix",
 "action" : "okay"
}
[2024-09-07 19:02:58.304] [main] [info] 
Switched the following valves: --->
                                   <---
[2024-09-07 19:02:59.304] [main] [info] Accumulated watering times:

Felix   :           Klee Feld  :     45.00 min
Felix   :          Eiben Klee  :      0.00 min
James   :              Erbsen  :      0.00 min
James   :          Kartoffeln  :      0.00 min
James   :              Gurken  :      0.00 min
James   :        Tomaten+Mara  :      0.00 min
Lucas   :      Bohnen-Flieder  :      0.00 min
Lucas   :        Heidelbeeren  :      3.52 min
Lucas   :            Karotten  :      0.00 min

%%%%%%%%%%     [4] Run the executable   ...DONE!
elapsed time:   2978s
=====================================================================================================
