=====================================================================================================
%%%%%%%%%%     [4] Run the executable...
>Please note:  Even if all builds failed, the last built executable is still there and will be started!
> sudo -u mayadm ./ur-unix-run.sh
[2024-09-08 05:23:10.168] [main] [info] Pinging Pump Server Mayson...
[2024-09-08 05:23:10.263] [main] [info] Pump Server ping OK!
[2024-09-08 05:23:10.263] [main] [info] Pinging Pump Server Mayson   ...DONE!
[2024-09-08 05:23:10.263] [main] [info] Pinging all valve stations...
[2024-09-08 05:23:20.504] [main] [info] James ping OK!
[2024-09-08 05:23:20.504] [main] [info] Lucas ping OK!
[2024-09-08 05:23:20.504] [main] [error] Fatal: Felix not available!
[2024-09-08 05:23:20.504] [main] [info] Pinging all valve stations   ...DONE!
[2024-09-08 05:23:20.504] [main] [info] Pinging Non-Existing Test Server...
[2024-09-08 05:23:23.564] [main] [info] Pinging Non-Existing Test Server OK!
[2024-09-08 05:23:23.564] [main] [info] Pinging Non-Existing Test Server   ...DONE!
[2024-09-08 05:23:23.564] [main] [info] Pinging Pump Server Mayson...
[2024-09-08 05:23:23.693] [main] [info] Pump Server ping OK!
[2024-09-08 05:23:23.693] [main] [info] Pinging Pump Server Mayson   ...DONE!
[2024-09-08 05:23:23.693] [main] [info] Pinging all valve stations...
[2024-09-08 05:23:24.129] [main] [info] James ping OK!
[2024-09-08 05:23:24.129] [main] [info] Lucas ping OK!
[2024-09-08 05:23:24.129] [main] [info] Felix ping OK!
[2024-09-08 05:23:24.129] [main] [info] Pinging all valve stations   ...DONE!
[2024-09-08 05:23:24.129] [main] [info] Pinging Non-Existing Test Server...
[2024-09-08 05:23:27.212] [main] [info] Pinging Non-Existing Test Server OK!
[2024-09-08 05:23:27.212] [main] [info] Pinging Non-Existing Test Server   ...DONE!
[2024-09-08 05:23:27.212] [main] [info] Creating Landscape...
[2024-09-08 05:23:27.212] [main] [info] Creating Landscape...
[2024-09-08 05:23:27.212] [main] [info] Creating Felix...
[2024-09-08 05:23:27.212] [main] [info] Creating James...
[2024-09-08 05:23:27.212] [main] [info] Creating Lucas...
[2024-09-08 05:23:27.212] [main] [info] Fetching timestamp...
std::chrono::system_clock::now().time_since_epoch()   :   1725765807212910472
get_seconds_since_epoch_now(bool verbose /* true */)   :   1725765807
minutes since epoch   :   28762763
minute of day   :   203
minute of hour   :   23
hour of day   :   3
[2024-09-08 05:23:27.212] [main] [info] Checking timestamp.txt...
[2024-09-08 05:23:27.212] [main] [debug] The timestamp.txt is always written when watering is triggered. It is read to check if I was already done with watering some minutes ago.
previous time_stamp:   28762093
[2024-09-08 05:23:27.213] [main] [info] Checking timestamp.txt   ...DONE!
Wrote to timestamp.txt
Send request to pump relay:
URL:   http://192.168.1.10:80/status?auto=off&system=off&manual=off
Response:
status code:   200
text:
{
 "server-name" : "pump-relay-mayson",
 "action" : "okay"
}
[2024-09-08 05:23:27.883] [main] [info] 
--------------------------------------------------------------
Send valves at 1725765807
http://192.168.1.21:80/status?valves=2
200
{
 "server-name" : "valve-server-lucas",
 "action" : "okay"
}
[2024-09-08 05:23:29.023] [main] [info] 
Switched the following valves: --->
          Lucas:   Heidelbeeren   OFF -> ON 
                                   <---
Send request to pump relay:
URL:   http://192.168.1.10:80/status?auto=on&system=on
Response:
status code:   200
text:
{
 "server-name" : "pump-relay-mayson",
 "action" : "okay"
}
[2024-09-08 05:24:59.291] [main] [info] 
--------------------------------------------------------------
Send valves at 1725765899
http://192.168.1.20:80/status?valves=0
200
{
 "server-name" : "valve-server-james",
 "action" : "okay"
}
[2024-09-08 05:24:59.752] [main] [info] 
Switched the following valves: --->
                                   <---
[2024-09-08 05:24:59.753] [main] [info] 
--------------------------------------------------------------
Send valves at 1725765899
http://192.168.1.21:80/status?valves=0
200
{
 "server-name" : "valve-server-lucas",
 "action" : "okay"
}
[2024-09-08 05:25:00.455] [main] [info] 
Switched the following valves: --->
          Lucas:   Heidelbeeren    ON -> OFF
                                   <---
[2024-09-08 05:25:00.455] [main] [info] 
--------------------------------------------------------------
Send valves at 1725765900
http://192.168.1.22:80/status?valves=0
200
{
 "server-name" : "valve-server-felix",
 "action" : "okay"
}
[2024-09-08 05:25:04.877] [main] [info] 
Switched the following valves: --->
                                   <---
[2024-09-08 05:25:05.877] [main] [info] 
--------------------------------------------------------------
Send valves at 1725765905
http://192.168.1.20:80/status?valves=1
200
{
 "server-name" : "valve-server-james",
 "action" : "okay"
}
[2024-09-08 05:25:06.820] [main] [info] 
Switched the following valves: --->
          James:   Erbsen   OFF -> ON 
                                   <---
[2024-09-08 05:25:06.820] [main] [info] 
--------------------------------------------------------------
Send valves at 1725765906
http://192.168.1.20:80/status?valves=9
200
{
 "server-name" : "valve-server-james",
 "action" : "okay"
}
[2024-09-08 05:25:07.251] [main] [info] 
Switched the following valves: --->
          James:   Tomaten+Mara   OFF -> ON 
                                   <---
[2024-09-08 05:25:07.251] [main] [info] 
--------------------------------------------------------------
Send valves at 1725765907
http://192.168.1.20:80/status?valves=11
200
{
 "server-name" : "valve-server-james",
 "action" : "okay"
}
[2024-09-08 05:25:07.603] [main] [info] 
Switched the following valves: --->
          James:   Kartoffeln   OFF -> ON 
                                   <---
[2024-09-08 05:25:07.604] [main] [info] 
--------------------------------------------------------------
Send valves at 1725765907
http://192.168.1.21:80/status?valves=1
200
{
 "server-name" : "valve-server-lucas",
 "action" : "okay"
}
[2024-09-08 05:25:07.882] [main] [info] 
Switched the following valves: --->
          Lucas:   Bohnen-Flieder   OFF -> ON 
                                   <---
[2024-09-08 05:55:07.081] [main] [info] 
--------------------------------------------------------------
Send valves at 1725767707
http://192.168.1.20:80/status?valves=0
200
{
 "server-name" : "valve-server-james",
 "action" : "okay"
}
[2024-09-08 05:55:07.885] [main] [info] 
Switched the following valves: --->
          James:   Erbsen    ON -> OFF
          James:   Kartoffeln    ON -> OFF
          James:   Tomaten+Mara    ON -> OFF
                                   <---
[2024-09-08 05:55:07.885] [main] [info] 
--------------------------------------------------------------
Send valves at 1725767707
http://192.168.1.21:80/status?valves=0
200
{
 "server-name" : "valve-server-lucas",
 "action" : "okay"
}
[2024-09-08 05:55:08.067] [main] [info] 
Switched the following valves: --->
          Lucas:   Bohnen-Flieder    ON -> OFF
                                   <---
[2024-09-08 05:55:08.067] [main] [info] 
--------------------------------------------------------------
Send valves at 1725767708
http://192.168.1.22:80/status?valves=0
200
{
 "server-name" : "valve-server-felix",
 "action" : "okay"
}
[2024-09-08 05:55:10.626] [main] [info] 
Switched the following valves: --->
                                   <---
[2024-09-08 05:55:11.626] [main] [info] 
--------------------------------------------------------------
Send valves at 1725767711
http://192.168.1.21:80/status?valves=2
200
{
 "server-name" : "valve-server-lucas",
 "action" : "okay"
}
[2024-09-08 05:55:12.266] [main] [info] 
Switched the following valves: --->
          Lucas:   Heidelbeeren   OFF -> ON 
                                   <---
[2024-09-08 05:55:12.266] [main] [info] 
--------------------------------------------------------------
Send valves at 1725767712
http://192.168.1.21:80/status?valves=3
200
{
 "server-name" : "valve-server-lucas",
 "action" : "okay"
}
[2024-09-08 05:55:12.364] [main] [info] 
Switched the following valves: --->
          Lucas:   Bohnen-Flieder   OFF -> ON 
                                   <---
[2024-09-08 06:10:12.080] [main] [info] 
--------------------------------------------------------------
Send valves at 1725768612
http://192.168.1.20:80/status?valves=1
200
{
 "server-name" : "valve-server-james",
 "action" : "okay"
}
[2024-09-08 06:10:12.453] [main] [info] 
Switched the following valves: --->
          James:   Erbsen   OFF -> ON 
                                   <---
[2024-09-08 06:10:12.453] [main] [info] 
--------------------------------------------------------------
Send valves at 1725768612
http://192.168.1.20:80/status?valves=5
200
{
 "server-name" : "valve-server-james",
 "action" : "okay"
}
[2024-09-08 06:10:12.863] [main] [info] 
Switched the following valves: --->
          James:   Gurken   OFF -> ON 
                                   <---
[2024-09-08 06:25:12.093] [main] [info] 
--------------------------------------------------------------
Send valves at 1725769512
http://192.168.1.20:80/status?valves=0
200
{
 "server-name" : "valve-server-james",
 "action" : "okay"
}
[2024-09-08 06:25:12.250] [main] [info] 
Switched the following valves: --->
          James:   Erbsen    ON -> OFF
          James:   Gurken    ON -> OFF
                                   <---
[2024-09-08 06:25:12.251] [main] [info] 
--------------------------------------------------------------
Send valves at 1725769512
http://192.168.1.21:80/status?valves=0
200
{
 "server-name" : "valve-server-lucas",
 "action" : "okay"
}
[2024-09-08 06:25:12.427] [main] [info] 
Switched the following valves: --->
          Lucas:   Bohnen-Flieder    ON -> OFF
          Lucas:   Heidelbeeren    ON -> OFF
                                   <---
[2024-09-08 06:25:12.427] [main] [info] 
--------------------------------------------------------------
Send valves at 1725769512
http://192.168.1.22:80/status?valves=0
200
{
 "server-name" : "valve-server-felix",
 "action" : "okay"
}
[2024-09-08 06:25:12.686] [main] [info] 
Switched the following valves: --->
                                   <---
[2024-09-08 06:25:13.686] [main] [info] 
--------------------------------------------------------------
Send valves at 1725769513
http://192.168.1.22:80/status?valves=2
200
{
 "server-name" : "valve-server-felix",
 "action" : "okay"
}
[2024-09-08 06:25:16.887] [main] [info] 
Switched the following valves: --->
          Felix:   Eiben Klee   OFF -> ON 
                                   <---
[2024-09-08 06:25:16.887] [main] [info] 
--------------------------------------------------------------
Send valves at 1725769516
http://192.168.1.20:80/status?valves=4
200
{
 "server-name" : "valve-server-james",
 "action" : "okay"
}
[2024-09-08 06:25:19.889] [main] [info] 
Switched the following valves: --->
          James:   Gurken   OFF -> ON 
                                   <---
[2024-09-08 06:55:19.047] [main] [info] 
--------------------------------------------------------------
Send valves at 1725771319
http://192.168.1.22:80/status?valves=0
200
{
 "server-name" : "valve-server-felix",
 "action" : "okay"
}
[2024-09-08 06:55:19.340] [main] [info] 
Switched the following valves: --->
          Felix:   Eiben Klee    ON -> OFF
                                   <---
[2024-09-08 06:55:19.340] [main] [info] 
--------------------------------------------------------------
Send valves at 1725771319
http://192.168.1.20:80/status?valves=0
200
{
 "server-name" : "valve-server-james",
 "action" : "okay"
}
[2024-09-08 06:55:19.851] [main] [info] 
Switched the following valves: --->
          James:   Gurken    ON -> OFF
                                   <---
[2024-09-08 06:55:19.851] [main] [info] 
--------------------------------------------------------------
Send valves at 1725771319
http://192.168.1.21:80/status?valves=0
200
{
 "server-name" : "valve-server-lucas",
 "action" : "okay"
}
[2024-09-08 06:55:20.191] [main] [info] 
Switched the following valves: --->
                                   <---
[2024-09-08 06:55:20.191] [main] [info] 
--------------------------------------------------------------
Send valves at 1725771320
http://192.168.1.22:80/status?valves=1
200
{
 "server-name" : "valve-server-felix",
 "action" : "okay"
}
[2024-09-08 06:55:20.303] [main] [info] 
Switched the following valves: --->
          Felix:   Klee Feld   OFF -> ON 
                                   <---
[2024-09-08 07:55:20.031] [main] [info] 
--------------------------------------------------------------
Send valves at 1725774920
http://192.168.1.22:80/status?valves=0
200
{
 "server-name" : "valve-server-felix",
 "action" : "okay"
}
[2024-09-08 07:55:20.948] [main] [info] 
Switched the following valves: --->
          Felix:   Klee Feld    ON -> OFF
                                   <---
[2024-09-08 07:55:20.948] [main] [info] 
--------------------------------------------------------------
Send valves at 1725774920
http://192.168.1.22:80/status?valves=0
200
{
 "server-name" : "valve-server-felix",
 "action" : "okay"
}
[2024-09-08 07:55:23.753] [main] [info] 
Switched the following valves: --->
                                   <---
[2024-09-08 07:55:23.753] [main] [info] 
--------------------------------------------------------------
Send valves at 1725774923
http://192.168.1.20:80/status?valves=0
200
{
 "server-name" : "valve-server-james",
 "action" : "okay"
}
[2024-09-08 07:55:24.016] [main] [info] 
Switched the following valves: --->
                                   <---
[2024-09-08 07:55:24.016] [main] [info] 
--------------------------------------------------------------
Send valves at 1725774924
http://192.168.1.21:80/status?valves=0
200
{
 "server-name" : "valve-server-lucas",
 "action" : "okay"
}
[2024-09-08 07:55:24.091] [main] [info] 
Switched the following valves: --->
                                   <---
Send request to pump relay:
URL:   http://192.168.1.10:80/status?auto=off
Response:
status code:   200
text:
{
 "server-name" : "pump-relay-mayson",
 "action" : "okay"
}
[2024-09-08 07:55:54.656] [main] [info] 
--------------------------------------------------------------
Send valves at 1725774954
http://192.168.1.21:80/status?valves=2
200
{
 "server-name" : "valve-server-lucas",
 "action" : "okay"
}
[2024-09-08 07:55:54.935] [main] [info] 
Switched the following valves: --->
          Lucas:   Heidelbeeren   OFF -> ON 
                                   <---
[2024-09-08 07:57:54.064] [main] [info] 
--------------------------------------------------------------
Send valves at 1725775074
http://192.168.1.22:80/status?valves=0
200
{
 "server-name" : "valve-server-felix",
 "action" : "okay"
}
[2024-09-08 07:57:56.731] [main] [info] 
Switched the following valves: --->
                                   <---
[2024-09-08 07:57:56.731] [main] [info] 
--------------------------------------------------------------
Send valves at 1725775076
http://192.168.1.20:80/status?valves=0
200
{
 "server-name" : "valve-server-james",
 "action" : "okay"
}
[2024-09-08 07:57:56.844] [main] [info] 
Switched the following valves: --->
                                   <---
[2024-09-08 07:57:56.844] [main] [info] 
--------------------------------------------------------------
Send valves at 1725775076
http://192.168.1.21:80/status?valves=0
200
{
 "server-name" : "valve-server-lucas",
 "action" : "okay"
}
[2024-09-08 07:58:00.065] [main] [info] 
Switched the following valves: --->
          Lucas:   Heidelbeeren    ON -> OFF
                                   <---
[2024-09-08 07:58:00.065] [main] [info] It's not time for watering now!
[2024-09-08 07:58:00.065] [main] [info] Minute Intraday:   203
[2024-09-08 07:58:00.065] [main] [info] Days since Epoch:   19974
[2024-09-08 07:58:00.065] [main] [info] Accumulated watering times:

Felix   :           Klee Feld  :     60.01 min
Felix   :          Eiben Klee  :     30.04 min
James   :              Erbsen  :     45.01 min
James   :          Kartoffeln  :     30.00 min
James   :              Gurken  :     44.99 min
James   :        Tomaten+Mara  :     30.01 min
Lucas   :      Bohnen-Flieder  :     60.00 min
Lucas   :        Heidelbeeren  :     33.61 min
Lucas   :            Karotten  :      0.00 min

%%%%%%%%%%     [4] Run the executable   ...DONE!
elapsed time:   9290s
=====================================================================================================
