=====================================================================================================
%%%%%%%%%%     [6] Uploading logs and go sleeping...
> sudo -u mayadm git checkout artifacts
Bereits auf 'artifacts'
D	maya/artifacts/logs/15192--2024-09-08--18h16---7.log
D	maya/artifacts/logs/15193--2024-09-08--19h47---1.log
D	maya/artifacts/logs/15193--2024-09-08--19h47---2.log
D	maya/artifacts/logs/15193--2024-09-08--19h47---3.log
D	maya/artifacts/logs/15193--2024-09-08--19h47---4.log
D	maya/artifacts/logs/15193--2024-09-08--19h47---5.log
D	maya/artifacts/logs/15193--2024-09-08--19h47---6.log
Ihr Branch ist 1 Commit vor 'origin/artifacts'.
  (benutzen Sie "git push", um lokale Commits zu publizieren)
> sudo -u mayadm git pull
Bereits aktuell.
> sudo -u mayadm git merge maya-productive
Bereits aktuell.
> sudo -u mayadm git add "../artifacts/logs/*.log" -f
> sudo -u mayadm git add -u
> sudo -u mayadm git commit -m "logs at 2024-09-08--20h29"
[artifacts 88ab6dfb2] logs at 2024-09-08--20h29
 8 files changed, 112 insertions(+), 101 deletions(-)
 delete mode 100644 maya/artifacts/logs/15193--2024-09-08--19h47---4.log
 rename maya/artifacts/logs/{15192--2024-09-08--18h16---7.log => 15193--2024-09-08--19h47---7.log} (55%)
 rename maya/artifacts/logs/{15193--2024-09-08--19h47---1.log => 15194--2024-09-08--20h29---1.log} (93%)
 rename maya/artifacts/logs/{15193--2024-09-08--19h47---2.log => 15194--2024-09-08--20h29---2.log} (100%)
 rename maya/artifacts/logs/{15193--2024-09-08--19h47---3.log => 15194--2024-09-08--20h29---3.log} (91%)
 create mode 100644 maya/artifacts/logs/15194--2024-09-08--20h29---4.log
 rename maya/artifacts/logs/{15193--2024-09-08--19h47---5.log => 15194--2024-09-08--20h29---5.log} (76%)
 rename maya/artifacts/logs/{15193--2024-09-08--19h47---6.log => 15194--2024-09-08--20h29---6.log} (72%)
> sudo -u mayadm git push
To https://github.com/Necktschnagge/wired-watering
   4f81fc131..88ab6dfb2  artifacts -> artifacts
> sudo -u mayadm git checkout maya-productive
Zu Zweig »maya-productive« gewechselt
Ihr Branch ist auf demselben Stand wie 'origin/maya-productive'.
> sudo -u mayadm git push
Everything up-to-date
##############################################################
###################                        ###################
###################     GOING TO SLEEP     ###################
###################                        ###################
##############################################################
#######                                                #######
#######   Press CTRL + C NOW to abort script safely!   #######
#######                                                #######
##############################################################
##############################################################
#######                                                #######
#######               NOW GOING TO SLEEP               #######
#######                                                #######
##############################################################
> rtcwake -m mem -s 2400
rtcwake: RTC wird als UTC interpretiert …
rtcwake: aufwachen von „mem“ durch /dev/rtc0 bei Sun Sep  8 19:10:21 2024
##############################################################
#######                                                #######
#######            just waked up from sleep            #######
#######                                                #######
##############################################################
%%%%%%%%%%     [6] Uploading logs and go sleeping   ...DONE!
elapsed time:   2417s
=====================================================================================================
