=====================================================================================================
%%%%%%%%%%     [4] Run the executable...
>Please note:  Even if all builds failed, the last built executable is still there and will be started!
> sudo -u mayadm ./ur-unix-run.sh
[2024-09-09 11:50:27.006] [main] [info] Pinging Pump Server Mayson...
[2024-09-09 11:50:27.055] [main] [info] Pump Server ping OK!
[2024-09-09 11:50:27.055] [main] [info] Pinging Pump Server Mayson   ...DONE!
[2024-09-09 11:50:27.055] [main] [info] Pinging all valve stations...
[2024-09-09 11:50:32.370] [main] [info] James ping OK!
[2024-09-09 11:50:32.370] [main] [info] Lucas ping OK!
[2024-09-09 11:50:32.370] [main] [error] Fatal: Felix not available!
[2024-09-09 11:50:32.370] [main] [info] Pinging all valve stations   ...DONE!
[2024-09-09 11:50:32.370] [main] [info] Pinging Non-Existing Test Server...
[2024-09-09 11:50:35.442] [main] [info] Pinging Non-Existing Test Server OK!
[2024-09-09 11:50:35.442] [main] [info] Pinging Non-Existing Test Server   ...DONE!
[2024-09-09 11:50:35.442] [main] [info] Pinging Pump Server Mayson...
[2024-09-09 11:50:35.542] [main] [info] Pump Server ping OK!
[2024-09-09 11:50:35.542] [main] [info] Pinging Pump Server Mayson   ...DONE!
[2024-09-09 11:50:35.542] [main] [info] Pinging all valve stations...
[2024-09-09 11:50:38.802] [main] [info] James ping OK!
[2024-09-09 11:50:38.802] [main] [info] Lucas ping OK!
[2024-09-09 11:50:38.802] [main] [error] Fatal: Felix not available!
[2024-09-09 11:50:38.802] [main] [info] Pinging all valve stations   ...DONE!
[2024-09-09 11:50:38.802] [main] [info] Pinging Non-Existing Test Server...
[2024-09-09 11:50:41.874] [main] [info] Pinging Non-Existing Test Server OK!
[2024-09-09 11:50:41.874] [main] [info] Pinging Non-Existing Test Server   ...DONE!
[2024-09-09 11:50:41.874] [main] [info] Pinging Pump Server Mayson...
[2024-09-09 11:50:41.992] [main] [info] Pump Server ping OK!
[2024-09-09 11:50:41.992] [main] [info] Pinging Pump Server Mayson   ...DONE!
[2024-09-09 11:50:41.992] [main] [info] Pinging all valve stations...
[2024-09-09 11:50:45.266] [main] [info] James ping OK!
[2024-09-09 11:50:45.266] [main] [info] Lucas ping OK!
[2024-09-09 11:50:45.266] [main] [error] Fatal: Felix not available!
[2024-09-09 11:50:45.266] [main] [info] Pinging all valve stations   ...DONE!
[2024-09-09 11:50:45.266] [main] [info] Pinging Non-Existing Test Server...
[2024-09-09 11:50:48.338] [main] [info] Pinging Non-Existing Test Server OK!
[2024-09-09 11:50:48.338] [main] [info] Pinging Non-Existing Test Server   ...DONE!
[2024-09-09 11:50:48.338] [main] [info] Pinging Pump Server Mayson...
[2024-09-09 11:50:48.450] [main] [info] Pump Server ping OK!
[2024-09-09 11:50:48.450] [main] [info] Pinging Pump Server Mayson   ...DONE!
[2024-09-09 11:50:48.450] [main] [info] Pinging all valve stations...
[2024-09-09 11:50:51.730] [main] [info] James ping OK!
[2024-09-09 11:50:51.730] [main] [info] Lucas ping OK!
[2024-09-09 11:50:51.730] [main] [error] Fatal: Felix not available!
[2024-09-09 11:50:51.730] [main] [info] Pinging all valve stations   ...DONE!
[2024-09-09 11:50:51.730] [main] [info] Pinging Non-Existing Test Server...
[2024-09-09 11:50:54.802] [main] [info] Pinging Non-Existing Test Server OK!
[2024-09-09 11:50:54.802] [main] [info] Pinging Non-Existing Test Server   ...DONE!
[2024-09-09 11:50:54.802] [main] [info] Pinging Pump Server Mayson...
[2024-09-09 11:50:54.910] [main] [info] Pump Server ping OK!
[2024-09-09 11:50:54.910] [main] [info] Pinging Pump Server Mayson   ...DONE!
[2024-09-09 11:50:54.910] [main] [info] Pinging all valve stations...
[2024-09-09 11:50:55.332] [main] [info] James ping OK!
[2024-09-09 11:50:55.332] [main] [info] Lucas ping OK!
[2024-09-09 11:50:55.332] [main] [info] Felix ping OK!
[2024-09-09 11:50:55.332] [main] [info] Pinging all valve stations   ...DONE!
[2024-09-09 11:50:55.332] [main] [info] Pinging Non-Existing Test Server...
[2024-09-09 11:50:58.386] [main] [info] Pinging Non-Existing Test Server OK!
[2024-09-09 11:50:58.386] [main] [info] Pinging Non-Existing Test Server   ...DONE!
[2024-09-09 11:50:58.386] [main] [info] Creating Landscape...
[2024-09-09 11:50:58.386] [main] [info] Creating Landscape...
[2024-09-09 11:50:58.386] [main] [info] Creating Felix...
[2024-09-09 11:50:58.386] [main] [info] Creating James...
[2024-09-09 11:50:58.386] [main] [info] Creating Lucas...
[2024-09-09 11:50:58.386] [main] [info] Fetching timestamp...
std::chrono::system_clock::now().time_since_epoch()   :   1725875458386751326
get_seconds_since_epoch_now(bool verbose /* true */)   :   1725875458
minutes since epoch   :   28764590
minute of day   :   590
minute of hour   :   50
hour of day   :   9
[2024-09-09 11:50:58.386] [main] [info] Checking timestamp.txt...
[2024-09-09 11:50:58.386] [main] [debug] The timestamp.txt is always written when watering is triggered. It is read to check if I was already done with watering some minutes ago.
previous time_stamp:   28764207
[2024-09-09 11:50:58.386] [main] [info] Checking timestamp.txt   ...DONE!
[2024-09-09 11:50:58.386] [main] [info] It's not time for watering now!
[2024-09-09 11:50:58.386] [main] [info] Minute Intraday:   590
[2024-09-09 11:50:58.386] [main] [info] Days since Epoch:   19975
[2024-09-09 11:50:58.387] [main] [info] Accumulated watering times:

Felix   :           Klee Feld  :      0.00 min
Felix   :          Eiben Klee  :      0.00 min
James   :              Erbsen  :      0.00 min
James   :          Kartoffeln  :      0.00 min
James   :              Gurken  :      0.00 min
James   :        Tomaten+Mara  :      0.00 min
Lucas   :      Bohnen-Flieder  :      0.00 min
Lucas   :        Heidelbeeren  :      0.00 min
Lucas   :            Karotten  :      0.00 min

%%%%%%%%%%     [4] Run the executable   ...DONE!
elapsed time:   32s
=====================================================================================================
