=====================================================================================================
%%%%%%%%%%     [6] Uploading logs and go sleeping...
> sudo -u mayadm git checkout artifacts
Bereits auf 'artifacts'
D	maya/artifacts/logs/15258--2024-09-10--19h35---7.log
D	maya/artifacts/logs/15259--2024-09-10--20h17---1.log
D	maya/artifacts/logs/15259--2024-09-10--20h17---2.log
D	maya/artifacts/logs/15259--2024-09-10--20h17---3.log
D	maya/artifacts/logs/15259--2024-09-10--20h17---4.log
D	maya/artifacts/logs/15259--2024-09-10--20h17---5.log
D	maya/artifacts/logs/15259--2024-09-10--20h17---6.log
Ihr Branch ist auf demselben Stand wie 'origin/artifacts'.
> sudo -u mayadm git pull
Bereits aktuell.
> sudo -u mayadm git merge maya-productive
Bereits aktuell.
> sudo -u mayadm git add "../artifacts/logs/*.log" -f
> sudo -u mayadm git add -u
> sudo -u mayadm git commit -m "logs at 2024-09-10--20h58"
[artifacts aa190c7f5] logs at 2024-09-10--20h58
 8 files changed, 88 insertions(+), 88 deletions(-)
 delete mode 100644 maya/artifacts/logs/15259--2024-09-10--20h17---4.log
 rename maya/artifacts/logs/{15258--2024-09-10--19h35---7.log => 15259--2024-09-10--20h17---7.log} (61%)
 rename maya/artifacts/logs/{15259--2024-09-10--20h17---1.log => 15260--2024-09-10--20h58---1.log} (91%)
 rename maya/artifacts/logs/{15259--2024-09-10--20h17---2.log => 15260--2024-09-10--20h58---2.log} (97%)
 rename maya/artifacts/logs/{15259--2024-09-10--20h17---3.log => 15260--2024-09-10--20h58---3.log} (95%)
 create mode 100644 maya/artifacts/logs/15260--2024-09-10--20h58---4.log
 rename maya/artifacts/logs/{15259--2024-09-10--20h17---5.log => 15260--2024-09-10--20h58---5.log} (77%)
 rename maya/artifacts/logs/{15259--2024-09-10--20h17---6.log => 15260--2024-09-10--20h58---6.log} (100%)
> sudo -u mayadm git push
To https://github.com/Necktschnagge/wired-watering
   7171e2432..aa190c7f5  artifacts -> artifacts
> sudo -u mayadm git checkout maya-productive
Zu Zweig »maya-productive« gewechselt
Ihr Branch ist auf demselben Stand wie 'origin/maya-productive'.
> sudo -u mayadm git push
Everything up-to-date
##############################################################
###################                        ###################
###################     GOING TO SLEEP     ###################
###################                        ###################
##############################################################
#######                                                #######
#######   Press CTRL + C NOW to abort script safely!   #######
#######                                                #######
##############################################################
##############################################################
#######                                                #######
#######               NOW GOING TO SLEEP               #######
#######                                                #######
##############################################################
> rtcwake -m mem -s 2400
rtcwake: RTC wird als UTC interpretiert …
rtcwake: aufwachen von „mem“ durch /dev/rtc0 bei Tue Sep 10 19:40:04 2024
##############################################################
#######                                                #######
#######            just waked up from sleep            #######
#######                                                #######
##############################################################
%%%%%%%%%%     [6] Uploading logs and go sleeping   ...DONE!
elapsed time:   2420s
=====================================================================================================
