=====================================================================================================
%%%%%%%%%%     [6] Uploading logs and go sleeping...
> sudo -u mayadm git checkout artifacts
Bereits auf 'artifacts'
D	maya/artifacts/logs/15360--2024-09-13--18h10---7.log
D	maya/artifacts/logs/15361--2024-09-13--18h51---1.log
D	maya/artifacts/logs/15361--2024-09-13--18h51---2.log
D	maya/artifacts/logs/15361--2024-09-13--18h51---3.log
D	maya/artifacts/logs/15361--2024-09-13--18h51---4.log
D	maya/artifacts/logs/15361--2024-09-13--18h51---5.log
D	maya/artifacts/logs/15361--2024-09-13--18h51---6.log
Ihr Branch ist auf demselben Stand wie 'origin/artifacts'.
> sudo -u mayadm git pull
Bereits aktuell.
> sudo -u mayadm git merge maya-productive
Bereits aktuell.
> sudo -u mayadm git add "../artifacts/logs/*.log" -f
> sudo -u mayadm git add -u
> sudo -u mayadm git commit -m "logs at 2024-09-13--19h33"
[artifacts 26ef2b73b] logs at 2024-09-13--19h33
 8 files changed, 94 insertions(+), 97 deletions(-)
 delete mode 100644 maya/artifacts/logs/15361--2024-09-13--18h51---4.log
 rename maya/artifacts/logs/{15360--2024-09-13--18h10---7.log => 15361--2024-09-13--18h51---7.log} (61%)
 rename maya/artifacts/logs/{15361--2024-09-13--18h51---1.log => 15362--2024-09-13--19h33---1.log} (90%)
 rename maya/artifacts/logs/{15361--2024-09-13--18h51---2.log => 15362--2024-09-13--19h33---2.log} (65%)
 rename maya/artifacts/logs/{15361--2024-09-13--18h51---3.log => 15362--2024-09-13--19h33---3.log} (93%)
 create mode 100644 maya/artifacts/logs/15362--2024-09-13--19h33---4.log
 rename maya/artifacts/logs/{15361--2024-09-13--18h51---5.log => 15362--2024-09-13--19h33---5.log} (77%)
 rename maya/artifacts/logs/{15361--2024-09-13--18h51---6.log => 15362--2024-09-13--19h33---6.log} (100%)
> sudo -u mayadm git push
To https://github.com/Necktschnagge/wired-watering
   860800fee..26ef2b73b  artifacts -> artifacts
> sudo -u mayadm git checkout maya-productive
Zu Zweig »maya-productive« gewechselt
Ihr Branch ist auf demselben Stand wie 'origin/maya-productive'.
> sudo -u mayadm git push
Everything up-to-date
##############################################################
###################                        ###################
###################     GOING TO SLEEP     ###################
###################                        ###################
##############################################################
#######                                                #######
#######   Press CTRL + C NOW to abort script safely!   #######
#######                                                #######
##############################################################
##############################################################
#######                                                #######
#######               NOW GOING TO SLEEP               #######
#######                                                #######
##############################################################
> rtcwake -m mem -s 2400
rtcwake: RTC wird als UTC interpretiert …
rtcwake: aufwachen von „mem“ durch /dev/rtc0 bei Fri Sep 13 18:14:36 2024
##############################################################
#######                                                #######
#######            just waked up from sleep            #######
#######                                                #######
##############################################################
%%%%%%%%%%     [6] Uploading logs and go sleeping   ...DONE!
elapsed time:   2418s
=====================================================================================================
