=====================================================================================================
%%%%%%%%%%     [6] Uploading logs and go sleeping...
> sudo -u mayadm git checkout artifacts
Bereits auf 'artifacts'
D	maya/artifacts/logs/15380--2024-09-14--08h03---7.log
D	maya/artifacts/logs/15381--2024-09-14--08h45---1.log
D	maya/artifacts/logs/15381--2024-09-14--08h45---2.log
D	maya/artifacts/logs/15381--2024-09-14--08h45---3.log
D	maya/artifacts/logs/15381--2024-09-14--08h45---4.log
D	maya/artifacts/logs/15381--2024-09-14--08h45---5.log
D	maya/artifacts/logs/15381--2024-09-14--08h45---6.log
Ihr Branch ist auf demselben Stand wie 'origin/artifacts'.
> sudo -u mayadm git pull
Bereits aktuell.
> sudo -u mayadm git merge maya-productive
Bereits aktuell.
> sudo -u mayadm git add "../artifacts/logs/*.log" -f
> sudo -u mayadm git add -u
> sudo -u mayadm git commit -m "logs at 2024-09-14--09h27"
[artifacts 171662575] logs at 2024-09-14--09h27
 8 files changed, 89 insertions(+), 89 deletions(-)
 delete mode 100644 maya/artifacts/logs/15381--2024-09-14--08h45---4.log
 rename maya/artifacts/logs/{15380--2024-09-14--08h03---7.log => 15381--2024-09-14--08h45---7.log} (61%)
 rename maya/artifacts/logs/{15381--2024-09-14--08h45---1.log => 15382--2024-09-14--09h27---1.log} (91%)
 rename maya/artifacts/logs/{15381--2024-09-14--08h45---2.log => 15382--2024-09-14--09h27---2.log} (100%)
 rename maya/artifacts/logs/{15381--2024-09-14--08h45---3.log => 15382--2024-09-14--09h27---3.log} (94%)
 create mode 100644 maya/artifacts/logs/15382--2024-09-14--09h27---4.log
 rename maya/artifacts/logs/{15381--2024-09-14--08h45---5.log => 15382--2024-09-14--09h27---5.log} (75%)
 rename maya/artifacts/logs/{15381--2024-09-14--08h45---6.log => 15382--2024-09-14--09h27---6.log} (100%)
> sudo -u mayadm git push
To https://github.com/Necktschnagge/wired-watering
   4c07e4247..171662575  artifacts -> artifacts
> sudo -u mayadm git checkout maya-productive
Zu Zweig »maya-productive« gewechselt
Ihr Branch ist auf demselben Stand wie 'origin/maya-productive'.
> sudo -u mayadm git push
Everything up-to-date
##############################################################
###################                        ###################
###################     GOING TO SLEEP     ###################
###################                        ###################
##############################################################
#######                                                #######
#######   Press CTRL + C NOW to abort script safely!   #######
#######                                                #######
##############################################################
##############################################################
#######                                                #######
#######               NOW GOING TO SLEEP               #######
#######                                                #######
##############################################################
> rtcwake -m mem -s 2400
rtcwake: RTC wird als UTC interpretiert …
rtcwake: aufwachen von „mem“ durch /dev/rtc0 bei Sat Sep 14 08:08:42 2024
##############################################################
#######                                                #######
#######            just waked up from sleep            #######
#######                                                #######
##############################################################
%%%%%%%%%%     [6] Uploading logs and go sleeping   ...DONE!
elapsed time:   2421s
=====================================================================================================
