=====================================================================================================
%%%%%%%%%%     [6] Uploading logs and go sleeping...
> sudo -u mayadm git checkout artifacts
Bereits auf 'artifacts'
D	maya/artifacts/logs/15383--2024-09-14--10h08---7.log
D	maya/artifacts/logs/15384--2024-09-14--10h50---1.log
D	maya/artifacts/logs/15384--2024-09-14--10h50---2.log
D	maya/artifacts/logs/15384--2024-09-14--10h50---3.log
D	maya/artifacts/logs/15384--2024-09-14--10h50---4.log
D	maya/artifacts/logs/15384--2024-09-14--10h50---5.log
D	maya/artifacts/logs/15384--2024-09-14--10h50---6.log
Ihr Branch ist auf demselben Stand wie 'origin/artifacts'.
> sudo -u mayadm git pull
Bereits aktuell.
> sudo -u mayadm git merge maya-productive
Bereits aktuell.
> sudo -u mayadm git add "../artifacts/logs/*.log" -f
> sudo -u mayadm git add -u
> sudo -u mayadm git commit -m "logs at 2024-09-14--11h32"
[artifacts 571d85bb6] logs at 2024-09-14--11h32
 8 files changed, 91 insertions(+), 94 deletions(-)
 delete mode 100644 maya/artifacts/logs/15384--2024-09-14--10h50---4.log
 rename maya/artifacts/logs/{15383--2024-09-14--10h08---7.log => 15384--2024-09-14--10h50---7.log} (61%)
 rename maya/artifacts/logs/{15384--2024-09-14--10h50---1.log => 15385--2024-09-14--11h32---1.log} (91%)
 rename maya/artifacts/logs/{15384--2024-09-14--10h50---2.log => 15385--2024-09-14--11h32---2.log} (65%)
 rename maya/artifacts/logs/{15384--2024-09-14--10h50---3.log => 15385--2024-09-14--11h32---3.log} (95%)
 create mode 100644 maya/artifacts/logs/15385--2024-09-14--11h32---4.log
 rename maya/artifacts/logs/{15384--2024-09-14--10h50---5.log => 15385--2024-09-14--11h32---5.log} (75%)
 rename maya/artifacts/logs/{15384--2024-09-14--10h50---6.log => 15385--2024-09-14--11h32---6.log} (100%)
> sudo -u mayadm git push
To https://github.com/Necktschnagge/wired-watering
   2d335921f..571d85bb6  artifacts -> artifacts
> sudo -u mayadm git checkout maya-productive
Zu Zweig »maya-productive« gewechselt
Ihr Branch ist auf demselben Stand wie 'origin/maya-productive'.
> sudo -u mayadm git push
Everything up-to-date
##############################################################
###################                        ###################
###################     GOING TO SLEEP     ###################
###################                        ###################
##############################################################
#######                                                #######
#######   Press CTRL + C NOW to abort script safely!   #######
#######                                                #######
##############################################################
##############################################################
#######                                                #######
#######               NOW GOING TO SLEEP               #######
#######                                                #######
##############################################################
> rtcwake -m mem -s 2400
rtcwake: RTC wird als UTC interpretiert …
rtcwake: aufwachen von „mem“ durch /dev/rtc0 bei Sat Sep 14 10:13:30 2024
##############################################################
#######                                                #######
#######            just waked up from sleep            #######
#######                                                #######
##############################################################
%%%%%%%%%%     [6] Uploading logs and go sleeping   ...DONE!
elapsed time:   2419s
=====================================================================================================
