=====================================================================================================
%%%%%%%%%%     [6] Uploading logs and go sleeping...
> sudo -u mayadm git checkout artifacts
Bereits auf 'artifacts'
D	maya/artifacts/logs/15378--2024-09-14--06h40---7.log
D	maya/artifacts/logs/15379--2024-09-14--07h22---1.log
D	maya/artifacts/logs/15379--2024-09-14--07h22---2.log
D	maya/artifacts/logs/15379--2024-09-14--07h22---3.log
D	maya/artifacts/logs/15379--2024-09-14--07h22---4.log
D	maya/artifacts/logs/15379--2024-09-14--07h22---5.log
D	maya/artifacts/logs/15379--2024-09-14--07h22---6.log
Ihr Branch ist auf demselben Stand wie 'origin/artifacts'.
> sudo -u mayadm git pull
Bereits aktuell.
> sudo -u mayadm git merge maya-productive
Bereits aktuell.
> sudo -u mayadm git add "../artifacts/logs/*.log" -f
> sudo -u mayadm git add -u
> sudo -u mayadm git commit -m "logs at 2024-09-14--08h03"
[artifacts 28d1820ff] logs at 2024-09-14--08h03
 8 files changed, 92 insertions(+), 106 deletions(-)
 delete mode 100644 maya/artifacts/logs/15379--2024-09-14--07h22---4.log
 rename maya/artifacts/logs/{15378--2024-09-14--06h40---7.log => 15379--2024-09-14--07h22---7.log} (61%)
 rename maya/artifacts/logs/{15379--2024-09-14--07h22---1.log => 15380--2024-09-14--08h03---1.log} (91%)
 rename maya/artifacts/logs/{15379--2024-09-14--07h22---2.log => 15380--2024-09-14--08h03---2.log} (65%)
 rename maya/artifacts/logs/{15379--2024-09-14--07h22---3.log => 15380--2024-09-14--08h03---3.log} (94%)
 create mode 100644 maya/artifacts/logs/15380--2024-09-14--08h03---4.log
 rename maya/artifacts/logs/{15379--2024-09-14--07h22---5.log => 15380--2024-09-14--08h03---5.log} (77%)
 rename maya/artifacts/logs/{15379--2024-09-14--07h22---6.log => 15380--2024-09-14--08h03---6.log} (100%)
> sudo -u mayadm git push
To https://github.com/Necktschnagge/wired-watering
   239a4cd9b..28d1820ff  artifacts -> artifacts
> sudo -u mayadm git checkout maya-productive
Zu Zweig »maya-productive« gewechselt
Ihr Branch ist auf demselben Stand wie 'origin/maya-productive'.
> sudo -u mayadm git push
Everything up-to-date
##############################################################
###################                        ###################
###################     GOING TO SLEEP     ###################
###################                        ###################
##############################################################
#######                                                #######
#######   Press CTRL + C NOW to abort script safely!   #######
#######                                                #######
##############################################################
##############################################################
#######                                                #######
#######               NOW GOING TO SLEEP               #######
#######                                                #######
##############################################################
> rtcwake -m mem -s 2400
rtcwake: RTC wird als UTC interpretiert …
rtcwake: aufwachen von „mem“ durch /dev/rtc0 bei Sat Sep 14 06:45:18 2024
##############################################################
#######                                                #######
#######            just waked up from sleep            #######
#######                                                #######
##############################################################
%%%%%%%%%%     [6] Uploading logs and go sleeping   ...DONE!
elapsed time:   2418s
=====================================================================================================
