=====================================================================================================
%%%%%%%%%%     [4] Run the executable...
>Please note:  Even if all builds failed, the last built executable is still there and will be started!
> sudo -u mayadm ./ur-unix-run.sh
[2024-09-14 20:35:05.997] [main] [info] Pinging Pump Server Mayson...
[2024-09-14 20:35:07.132] [main] [info] Pump Server ping OK!
[2024-09-14 20:35:07.132] [main] [info] Pinging Pump Server Mayson   ...DONE!
[2024-09-14 20:35:07.132] [main] [info] Pinging all valve stations...
[2024-09-14 20:35:10.417] [main] [info] James ping OK!
[2024-09-14 20:35:10.417] [main] [info] Lucas ping OK!
[2024-09-14 20:35:10.417] [main] [error] Fatal: Felix not available!
[2024-09-14 20:35:10.417] [main] [info] Pinging all valve stations   ...DONE!
[2024-09-14 20:35:10.417] [main] [info] Pinging Non-Existing Test Server...
[2024-09-14 20:35:13.489] [main] [info] Pinging Non-Existing Test Server OK!
[2024-09-14 20:35:13.489] [main] [info] Pinging Non-Existing Test Server   ...DONE!
[2024-09-14 20:35:13.489] [main] [info] Pinging Pump Server Mayson...
[2024-09-14 20:35:13.579] [main] [info] Pump Server ping OK!
[2024-09-14 20:35:13.579] [main] [info] Pinging Pump Server Mayson   ...DONE!
[2024-09-14 20:35:13.579] [main] [info] Pinging all valve stations...
[2024-09-14 20:35:16.849] [main] [info] James ping OK!
[2024-09-14 20:35:16.849] [main] [info] Lucas ping OK!
[2024-09-14 20:35:16.849] [main] [error] Fatal: Felix not available!
[2024-09-14 20:35:16.849] [main] [info] Pinging all valve stations   ...DONE!
[2024-09-14 20:35:16.849] [main] [info] Pinging Non-Existing Test Server...
[2024-09-14 20:35:19.921] [main] [info] Pinging Non-Existing Test Server OK!
[2024-09-14 20:35:19.921] [main] [info] Pinging Non-Existing Test Server   ...DONE!
[2024-09-14 20:35:19.921] [main] [info] Pinging Pump Server Mayson...
[2024-09-14 20:35:20.026] [main] [info] Pump Server ping OK!
[2024-09-14 20:35:20.026] [main] [info] Pinging Pump Server Mayson   ...DONE!
[2024-09-14 20:35:20.026] [main] [info] Pinging all valve stations...
[2024-09-14 20:35:23.409] [main] [info] James ping OK!
[2024-09-14 20:35:23.410] [main] [info] Lucas ping OK!
[2024-09-14 20:35:23.410] [main] [error] Fatal: Felix not available!
[2024-09-14 20:35:23.410] [main] [info] Pinging all valve stations   ...DONE!
[2024-09-14 20:35:23.410] [main] [info] Pinging Non-Existing Test Server...
[2024-09-14 20:35:26.481] [main] [info] Pinging Non-Existing Test Server OK!
[2024-09-14 20:35:26.481] [main] [info] Pinging Non-Existing Test Server   ...DONE!
[2024-09-14 20:35:26.481] [main] [info] Pinging Pump Server Mayson...
[2024-09-14 20:35:26.587] [main] [info] Pump Server ping OK!
[2024-09-14 20:35:26.587] [main] [info] Pinging Pump Server Mayson   ...DONE!
[2024-09-14 20:35:26.587] [main] [info] Pinging all valve stations...
[2024-09-14 20:35:26.889] [main] [info] James ping OK!
[2024-09-14 20:35:26.889] [main] [info] Lucas ping OK!
[2024-09-14 20:35:26.889] [main] [info] Felix ping OK!
[2024-09-14 20:35:26.889] [main] [info] Pinging all valve stations   ...DONE!
[2024-09-14 20:35:26.889] [main] [info] Pinging Non-Existing Test Server...
[2024-09-14 20:35:29.969] [main] [info] Pinging Non-Existing Test Server OK!
[2024-09-14 20:35:29.969] [main] [info] Pinging Non-Existing Test Server   ...DONE!
[2024-09-14 20:35:29.970] [main] [info] Creating Landscape...
[2024-09-14 20:35:29.970] [main] [info] Creating Landscape...
[2024-09-14 20:35:29.970] [main] [info] Creating Felix...
[2024-09-14 20:35:29.970] [main] [info] Creating James...
[2024-09-14 20:35:29.970] [main] [info] Creating Lucas...
[2024-09-14 20:35:29.970] [main] [info] Fetching timestamp...
std::chrono::system_clock::now().time_since_epoch()   :   1726338929970068878
get_seconds_since_epoch_now(bool verbose /* true */)   :   1726338929
minutes since epoch   :   28772315
minute of day   :   1115
minute of hour   :   35
hour of day   :   18
[2024-09-14 20:35:29.970] [main] [info] Checking timestamp.txt...
[2024-09-14 20:35:29.970] [main] [debug] The timestamp.txt is always written when watering is triggered. It is read to check if I was already done with watering some minutes ago.
previous time_stamp:   28771398
[2024-09-14 20:35:29.970] [main] [info] Checking timestamp.txt   ...DONE!
[2024-09-14 20:35:29.970] [main] [info] It's not time for watering now!
[2024-09-14 20:35:29.970] [main] [info] Minute Intraday:   1115
[2024-09-14 20:35:29.970] [main] [info] Days since Epoch:   19980
[2024-09-14 20:35:29.970] [main] [info] Accumulated watering times:

Felix   :           Klee Feld  :      0.00 min
Felix   :          Eiben Klee  :      0.00 min
James   :              Erbsen  :      0.00 min
James   :          Kartoffeln  :      0.00 min
James   :              Gurken  :      0.00 min
James   :        Tomaten+Mara  :      0.00 min
Lucas   :      Bohnen-Flieder  :      0.00 min
Lucas   :        Heidelbeeren  :      0.00 min
Lucas   :            Karotten  :      0.00 min

%%%%%%%%%%     [4] Run the executable   ...DONE!
elapsed time:   24s
=====================================================================================================
