=====================================================================================================
%%%%%%%%%%     [6] Uploading logs and go sleeping...
> sudo -u mayadm git checkout artifacts
Bereits auf 'artifacts'
D	maya/artifacts/logs/15417--2024-09-15--09h48---7.log
D	maya/artifacts/logs/15418--2024-09-15--10h30---1.log
D	maya/artifacts/logs/15418--2024-09-15--10h30---2.log
D	maya/artifacts/logs/15418--2024-09-15--10h30---3.log
D	maya/artifacts/logs/15418--2024-09-15--10h30---4.log
D	maya/artifacts/logs/15418--2024-09-15--10h30---5.log
D	maya/artifacts/logs/15418--2024-09-15--10h30---6.log
Ihr Branch ist auf demselben Stand wie 'origin/artifacts'.
> sudo -u mayadm git pull
Bereits aktuell.
> sudo -u mayadm git merge maya-productive
Bereits aktuell.
> sudo -u mayadm git add "../artifacts/logs/*.log" -f
> sudo -u mayadm git add -u
> sudo -u mayadm git commit -m "logs at 2024-09-15--11h11"
[artifacts cf5725aab] logs at 2024-09-15--11h11
 8 files changed, 94 insertions(+), 91 deletions(-)
 delete mode 100644 maya/artifacts/logs/15418--2024-09-15--10h30---4.log
 rename maya/artifacts/logs/{15417--2024-09-15--09h48---7.log => 15418--2024-09-15--10h30---7.log} (62%)
 rename maya/artifacts/logs/{15418--2024-09-15--10h30---1.log => 15419--2024-09-15--11h11---1.log} (90%)
 rename maya/artifacts/logs/{15418--2024-09-15--10h30---2.log => 15419--2024-09-15--11h11---2.log} (65%)
 rename maya/artifacts/logs/{15418--2024-09-15--10h30---3.log => 15419--2024-09-15--11h11---3.log} (96%)
 create mode 100644 maya/artifacts/logs/15419--2024-09-15--11h11---4.log
 rename maya/artifacts/logs/{15418--2024-09-15--10h30---5.log => 15419--2024-09-15--11h11---5.log} (75%)
 rename maya/artifacts/logs/{15418--2024-09-15--10h30---6.log => 15419--2024-09-15--11h11---6.log} (100%)
> sudo -u mayadm git push
To https://github.com/Necktschnagge/wired-watering
   2a25ceb4b..cf5725aab  artifacts -> artifacts
> sudo -u mayadm git checkout maya-productive
Zu Zweig »maya-productive« gewechselt
Ihr Branch ist auf demselben Stand wie 'origin/maya-productive'.
> sudo -u mayadm git push
Everything up-to-date
##############################################################
###################                        ###################
###################     GOING TO SLEEP     ###################
###################                        ###################
##############################################################
#######                                                #######
#######   Press CTRL + C NOW to abort script safely!   #######
#######                                                #######
##############################################################
##############################################################
#######                                                #######
#######               NOW GOING TO SLEEP               #######
#######                                                #######
##############################################################
> rtcwake -m mem -s 2400
rtcwake: RTC wird als UTC interpretiert …
rtcwake: aufwachen von „mem“ durch /dev/rtc0 bei Sun Sep 15 09:53:19 2024
##############################################################
#######                                                #######
#######            just waked up from sleep            #######
#######                                                #######
##############################################################
%%%%%%%%%%     [6] Uploading logs and go sleeping   ...DONE!
elapsed time:   2418s
=====================================================================================================
