=====================================================================================================
%%%%%%%%%%     [6] Uploading logs and go sleeping...
> sudo -u mayadm git checkout artifacts
Bereits auf 'artifacts'
D	maya/artifacts/logs/15437--2024-09-15--23h42---7.log
D	maya/artifacts/logs/15438--2024-09-16--00h24---1.log
D	maya/artifacts/logs/15438--2024-09-16--00h24---2.log
D	maya/artifacts/logs/15438--2024-09-16--00h24---3.log
D	maya/artifacts/logs/15438--2024-09-16--00h24---4.log
D	maya/artifacts/logs/15438--2024-09-16--00h24---5.log
D	maya/artifacts/logs/15438--2024-09-16--00h24---6.log
Ihr Branch ist auf demselben Stand wie 'origin/artifacts'.
> sudo -u mayadm git pull
Bereits aktuell.
> sudo -u mayadm git merge maya-productive
Bereits aktuell.
> sudo -u mayadm git add "../artifacts/logs/*.log" -f
> sudo -u mayadm git add -u
> sudo -u mayadm git commit -m "logs at 2024-09-16--01h06"
[artifacts 2af3ce013] logs at 2024-09-16--01h06
 8 files changed, 85 insertions(+), 85 deletions(-)
 delete mode 100644 maya/artifacts/logs/15438--2024-09-16--00h24---4.log
 rename maya/artifacts/logs/{15437--2024-09-15--23h42---7.log => 15438--2024-09-16--00h24---7.log} (62%)
 rename maya/artifacts/logs/{15438--2024-09-16--00h24---1.log => 15439--2024-09-16--01h06---1.log} (90%)
 rename maya/artifacts/logs/{15438--2024-09-16--00h24---2.log => 15439--2024-09-16--01h06---2.log} (100%)
 rename maya/artifacts/logs/{15438--2024-09-16--00h24---3.log => 15439--2024-09-16--01h06---3.log} (96%)
 create mode 100644 maya/artifacts/logs/15439--2024-09-16--01h06---4.log
 rename maya/artifacts/logs/{15438--2024-09-16--00h24---5.log => 15439--2024-09-16--01h06---5.log} (77%)
 rename maya/artifacts/logs/{15438--2024-09-16--00h24---6.log => 15439--2024-09-16--01h06---6.log} (100%)
> sudo -u mayadm git push
To https://github.com/Necktschnagge/wired-watering
   45efc951d..2af3ce013  artifacts -> artifacts
> sudo -u mayadm git checkout maya-productive
Zu Zweig »maya-productive« gewechselt
Ihr Branch ist auf demselben Stand wie 'origin/maya-productive'.
> sudo -u mayadm git push
Everything up-to-date
##############################################################
###################                        ###################
###################     GOING TO SLEEP     ###################
###################                        ###################
##############################################################
#######                                                #######
#######   Press CTRL + C NOW to abort script safely!   #######
#######                                                #######
##############################################################
##############################################################
#######                                                #######
#######               NOW GOING TO SLEEP               #######
#######                                                #######
##############################################################
> rtcwake -m mem -s 2400
rtcwake: RTC wird als UTC interpretiert …
rtcwake: aufwachen von „mem“ durch /dev/rtc0 bei Sun Sep 15 23:47:24 2024
##############################################################
#######                                                #######
#######            just waked up from sleep            #######
#######                                                #######
##############################################################
%%%%%%%%%%     [6] Uploading logs and go sleeping   ...DONE!
elapsed time:   2418s
=====================================================================================================
