=====================================================================================================
%%%%%%%%%%     [6] Uploading logs and go sleeping...
> sudo -u mayadm git checkout artifacts
Bereits auf 'artifacts'
D	maya/artifacts/logs/15428--2024-09-15--17h27---7.log
D	maya/artifacts/logs/15429--2024-09-15--18h08---1.log
D	maya/artifacts/logs/15429--2024-09-15--18h08---2.log
D	maya/artifacts/logs/15429--2024-09-15--18h08---3.log
D	maya/artifacts/logs/15429--2024-09-15--18h08---4.log
D	maya/artifacts/logs/15429--2024-09-15--18h08---5.log
D	maya/artifacts/logs/15429--2024-09-15--18h08---6.log
Ihr Branch ist auf demselben Stand wie 'origin/artifacts'.
> sudo -u mayadm git pull
Bereits aktuell.
> sudo -u mayadm git merge maya-productive
Bereits aktuell.
> sudo -u mayadm git add "../artifacts/logs/*.log" -f
> sudo -u mayadm git add -u
> sudo -u mayadm git commit -m "logs at 2024-09-15--18h50"
[artifacts 427be19d2] logs at 2024-09-15--18h50
 8 files changed, 90 insertions(+), 93 deletions(-)
 delete mode 100644 maya/artifacts/logs/15429--2024-09-15--18h08---4.log
 rename maya/artifacts/logs/{15428--2024-09-15--17h27---7.log => 15429--2024-09-15--18h08---7.log} (62%)
 rename maya/artifacts/logs/{15429--2024-09-15--18h08---1.log => 15430--2024-09-15--18h50---1.log} (90%)
 rename maya/artifacts/logs/{15429--2024-09-15--18h08---2.log => 15430--2024-09-15--18h50---2.log} (65%)
 rename maya/artifacts/logs/{15429--2024-09-15--18h08---3.log => 15430--2024-09-15--18h50---3.log} (95%)
 create mode 100644 maya/artifacts/logs/15430--2024-09-15--18h50---4.log
 rename maya/artifacts/logs/{15429--2024-09-15--18h08---5.log => 15430--2024-09-15--18h50---5.log} (77%)
 rename maya/artifacts/logs/{15429--2024-09-15--18h08---6.log => 15430--2024-09-15--18h50---6.log} (100%)
> sudo -u mayadm git push
To https://github.com/Necktschnagge/wired-watering
   f697651ba..427be19d2  artifacts -> artifacts
> sudo -u mayadm git checkout maya-productive
Zu Zweig »maya-productive« gewechselt
Ihr Branch ist auf demselben Stand wie 'origin/maya-productive'.
> sudo -u mayadm git push
Everything up-to-date
##############################################################
###################                        ###################
###################     GOING TO SLEEP     ###################
###################                        ###################
##############################################################
#######                                                #######
#######   Press CTRL + C NOW to abort script safely!   #######
#######                                                #######
##############################################################
##############################################################
#######                                                #######
#######               NOW GOING TO SLEEP               #######
#######                                                #######
##############################################################
> rtcwake -m mem -s 2400
rtcwake: RTC wird als UTC interpretiert …
rtcwake: aufwachen von „mem“ durch /dev/rtc0 bei Sun Sep 15 17:31:49 2024
##############################################################
#######                                                #######
#######            just waked up from sleep            #######
#######                                                #######
##############################################################
%%%%%%%%%%     [6] Uploading logs and go sleeping   ...DONE!
elapsed time:   2419s
=====================================================================================================
