=====================================================================================================
%%%%%%%%%%     [6] Uploading logs and go sleeping...
> sudo -u mayadm git checkout artifacts
Bereits auf 'artifacts'
D	maya/artifacts/logs/15501--2024-09-17--20h14---7.log
D	maya/artifacts/logs/15502--2024-09-17--20h56---1.log
D	maya/artifacts/logs/15502--2024-09-17--20h56---2.log
D	maya/artifacts/logs/15502--2024-09-17--20h56---3.log
D	maya/artifacts/logs/15502--2024-09-17--20h56---4.log
D	maya/artifacts/logs/15502--2024-09-17--20h56---5.log
D	maya/artifacts/logs/15502--2024-09-17--20h56---6.log
Ihr Branch ist auf demselben Stand wie 'origin/artifacts'.
> sudo -u mayadm git pull
Bereits aktuell.
> sudo -u mayadm git merge maya-productive
Bereits aktuell.
> sudo -u mayadm git add "../artifacts/logs/*.log" -f
> sudo -u mayadm git add -u
> sudo -u mayadm git commit -m "logs at 2024-09-17--21h38"
[artifacts 725ecb07c] logs at 2024-09-17--21h38
 8 files changed, 96 insertions(+), 98 deletions(-)
 delete mode 100644 maya/artifacts/logs/15502--2024-09-17--20h56---4.log
 rename maya/artifacts/logs/{15501--2024-09-17--20h14---7.log => 15502--2024-09-17--20h56---7.log} (61%)
 rename maya/artifacts/logs/{15502--2024-09-17--20h56---1.log => 15503--2024-09-17--21h38---1.log} (87%)
 rename maya/artifacts/logs/{15502--2024-09-17--20h56---2.log => 15503--2024-09-17--21h38---2.log} (67%)
 rename maya/artifacts/logs/{15502--2024-09-17--20h56---3.log => 15503--2024-09-17--21h38---3.log} (93%)
 create mode 100644 maya/artifacts/logs/15503--2024-09-17--21h38---4.log
 rename maya/artifacts/logs/{15502--2024-09-17--20h56---5.log => 15503--2024-09-17--21h38---5.log} (77%)
 rename maya/artifacts/logs/{15502--2024-09-17--20h56---6.log => 15503--2024-09-17--21h38---6.log} (100%)
> sudo -u mayadm git push
To https://github.com/Necktschnagge/wired-watering
   dfdc3c697..725ecb07c  artifacts -> artifacts
> sudo -u mayadm git checkout maya-productive
Zu Zweig »maya-productive« gewechselt
Ihr Branch ist auf demselben Stand wie 'origin/maya-productive'.
> sudo -u mayadm git push
Everything up-to-date
##############################################################
###################                        ###################
###################     GOING TO SLEEP     ###################
###################                        ###################
##############################################################
#######                                                #######
#######   Press CTRL + C NOW to abort script safely!   #######
#######                                                #######
##############################################################
##############################################################
#######                                                #######
#######               NOW GOING TO SLEEP               #######
#######                                                #######
##############################################################
> rtcwake -m mem -s 2400
rtcwake: RTC wird als UTC interpretiert …
rtcwake: aufwachen von „mem“ durch /dev/rtc0 bei Tue Sep 17 20:19:26 2024
##############################################################
#######                                                #######
#######            just waked up from sleep            #######
#######                                                #######
##############################################################
%%%%%%%%%%     [6] Uploading logs and go sleeping   ...DONE!
elapsed time:   2418s
=====================================================================================================
