=====================================================================================================
%%%%%%%%%%     [5] Cleaning git working directory...
> sudo -u mayadm git add -u
> sudo -u mayadm git add *
> sudo -u mayadm git status
Auf Branch routine-bafee204-1726707159
nichts zu committen, Arbeitsverzeichnis unverändert
> sudo -u mayadm git reset --hard
HEAD ist jetzt bei bafee2046 disable maya
Deleting local working branch...
> sudo -u mayadm git checkout maya-productive
Zu Zweig »maya-productive« gewechselt
Ihr Branch ist auf demselben Stand wie 'origin/maya-productive'.
> sudo -u mayadm git branch -D routine-bafee204-1726707159
Branch routine-bafee204-1726707159 entfernt (war bafee2046).
Finished run 15545!
Do 19. Sep 02:52:48 CEST 2024
%%%%%%%%%%     [5] Cleaning git working directory   ...DONE!
elapsed time:   0s
=====================================================================================================
