=====================================================================================================
%%%%%%%%%%     [6] Uploading logs and go sleeping...
> sudo -u mayadm git checkout artifacts
Zu Zweig »artifacts« gewechselt
Ihr Branch ist auf demselben Stand wie 'origin/artifacts'.
> sudo -u mayadm git pull
Bereits aktuell.
> sudo -u mayadm git merge maya-productive
Bereits aktuell.
> sudo -u mayadm git add "../artifacts/logs/1559-*.log" -f
> sudo -u mayadm git add "../artifacts/logs/1558-*.log" -f
> sudo -u mayadm git commit -m "logs at 2022-06-22--12h25"
[artifacts 72453ca] logs at 2022-06-22--12h25
 6 files changed, 253 insertions(+)
 create mode 100644 maya/artifacts/logs/1558--2022-06-22--12h05---6.log
 create mode 100644 maya/artifacts/logs/1559--2022-06-22--12h25---1.log
 create mode 100644 maya/artifacts/logs/1559--2022-06-22--12h25---2.log
 create mode 100644 maya/artifacts/logs/1559--2022-06-22--12h25---3.log
 create mode 100644 maya/artifacts/logs/1559--2022-06-22--12h25---4.log
 create mode 100644 maya/artifacts/logs/1559--2022-06-22--12h25---5.log
> sudo -u mayadm git push
To https://github.com/Necktschnagge/wired-watering
   1e44033..72453ca  artifacts -> artifacts
> sudo -u mayadm git checkout maya-productive
Zu Zweig »maya-productive« gewechselt
Ihr Branch ist auf demselben Stand wie 'origin/maya-productive'.
> sudo -u mayadm git push
Everything up-to-date
##############################################################
###################                        ###################
###################     GOING TO SLEEP     ###################
###################                        ###################
##############################################################
#######                                                #######
#######   Press CTRL + C NOW to abort script safely!   #######
#######                                                #######
##############################################################
##############################################################
#######                                                #######
#######               NOW GOING TO SLEEP               #######
#######                                                #######
##############################################################
> rtcwake -m mem -s 1200
rtcwake: RTC wird als UTC interpretiert …
rtcwake: aufwachen von „mem“ durch /dev/rtc0 bei Wed Jun 22 10:46:10 2022
##############################################################
#######                                                #######
#######            just waked up from sleep            #######
#######                                                #######
##############################################################
%%%%%%%%%%     [6] Uploading logs and go sleeping   ...DONE!
elapsed time:   1218s
=====================================================================================================
