=====================================================================================================
%%%%%%%%%%     [4] Run the executable...
>Please note:  Even if all builds failed, the last built executable is still there and will be started!
> sudo -u mayadm ./ur-unix-run.sh
[2024-09-21 05:41:54.167] [main] [info] Pinging Pump Server Mayson...
[2024-09-21 05:42:04.170] [main] [error] Fatal: Pump Server not available!
[2024-09-21 05:42:04.170] [main] [info] Pinging Pump Server Mayson   ...DONE!
[2024-09-21 05:42:04.170] [main] [info] Pinging all valve stations...
[2024-09-21 05:42:04.434] [main] [info] James ping OK!
[2024-09-21 05:42:04.434] [main] [info] Lucas ping OK!
[2024-09-21 05:42:04.434] [main] [info] Felix ping OK!
[2024-09-21 05:42:04.434] [main] [info] Pinging all valve stations   ...DONE!
[2024-09-21 05:42:04.434] [main] [info] Pinging Non-Existing Test Server...
[2024-09-21 05:42:07.487] [main] [info] Pinging Non-Existing Test Server OK!
[2024-09-21 05:42:07.487] [main] [info] Pinging Non-Existing Test Server   ...DONE!
[2024-09-21 05:42:07.487] [main] [info] Pinging Pump Server Mayson...
[2024-09-21 05:42:07.572] [main] [info] Pump Server ping OK!
[2024-09-21 05:42:07.572] [main] [info] Pinging Pump Server Mayson   ...DONE!
[2024-09-21 05:42:07.572] [main] [info] Pinging all valve stations...
[2024-09-21 05:42:07.895] [main] [info] James ping OK!
[2024-09-21 05:42:07.895] [main] [info] Lucas ping OK!
[2024-09-21 05:42:07.895] [main] [info] Felix ping OK!
[2024-09-21 05:42:07.895] [main] [info] Pinging all valve stations   ...DONE!
[2024-09-21 05:42:07.895] [main] [info] Pinging Non-Existing Test Server...
[2024-09-21 05:42:10.975] [main] [info] Pinging Non-Existing Test Server OK!
[2024-09-21 05:42:10.975] [main] [info] Pinging Non-Existing Test Server   ...DONE!
[2024-09-21 05:42:10.975] [main] [info] Creating Landscape...
[2024-09-21 05:42:10.975] [main] [info] Creating Landscape...
[2024-09-21 05:42:10.975] [main] [info] Creating Felix...
[2024-09-21 05:42:10.975] [main] [info] Creating James...
[2024-09-21 05:42:10.975] [main] [info] Creating Lucas...
[2024-09-21 05:42:10.975] [main] [info] Fetching timestamp...
std::chrono::system_clock::now().time_since_epoch()   :   1726890130975570824
get_seconds_since_epoch_now(bool verbose /* true */)   :   1726890130
minutes since epoch   :   28781502
minute of day   :   222
minute of hour   :   42
hour of day   :   3
[2024-09-21 05:42:10.975] [main] [info] Checking timestamp.txt...
[2024-09-21 05:42:10.975] [main] [debug] The timestamp.txt is always written when watering is triggered. It is read to check if I was already done with watering some minutes ago.
previous time_stamp:   28780039
[2024-09-21 05:42:10.975] [main] [info] Checking timestamp.txt   ...DONE!
Wrote to timestamp.txt
[2024-09-21 05:42:10.976] [main] [info] Accumulated watering times:

Felix   :           Klee Feld  :      0.00 min
Felix   :          Eiben Klee  :      0.00 min
James   :              Erbsen  :      0.00 min
James   :          Kartoffeln  :      0.00 min
James   :              Gurken  :      0.00 min
James   :        Tomaten+Mara  :      0.00 min
Lucas   :      Bohnen-Flieder  :      0.00 min
Lucas   :        Heidelbeeren  :      0.00 min
Lucas   :            Karotten  :      0.00 min

%%%%%%%%%%     [4] Run the executable   ...DONE!
elapsed time:   16s
=====================================================================================================
