=====================================================================================================
%%%%%%%%%%     [4] Run the executable...
>Please note:  Even if all builds failed, the last built executable is still there and will be started!
> sudo -u mayadm ./ur-unix-run.sh
[2024-09-23 05:08:57.172] [main] [info] Pinging Pump Server Mayson...
[2024-09-23 05:09:00.253] [main] [error] Fatal: Pump Server not available!
[2024-09-23 05:09:00.253] [main] [info] Pinging Pump Server Mayson   ...DONE!
[2024-09-23 05:09:00.253] [main] [info] Pinging all valve stations...
[2024-09-23 05:09:05.597] [main] [info] James ping OK!
[2024-09-23 05:09:05.597] [main] [info] Lucas ping OK!
[2024-09-23 05:09:05.597] [main] [error] Fatal: Felix not available!
[2024-09-23 05:09:05.597] [main] [info] Pinging all valve stations   ...DONE!
[2024-09-23 05:09:05.597] [main] [info] Pinging Non-Existing Test Server...
[2024-09-23 05:09:08.669] [main] [info] Pinging Non-Existing Test Server OK!
[2024-09-23 05:09:08.669] [main] [info] Pinging Non-Existing Test Server   ...DONE!
[2024-09-23 05:09:08.669] [main] [info] Pinging Pump Server Mayson...
[2024-09-23 05:09:08.745] [main] [info] Pump Server ping OK!
[2024-09-23 05:09:08.745] [main] [info] Pinging Pump Server Mayson   ...DONE!
[2024-09-23 05:09:08.745] [main] [info] Pinging all valve stations...
[2024-09-23 05:09:12.029] [main] [info] James ping OK!
[2024-09-23 05:09:12.029] [main] [info] Lucas ping OK!
[2024-09-23 05:09:12.029] [main] [error] Fatal: Felix not available!
[2024-09-23 05:09:12.029] [main] [info] Pinging all valve stations   ...DONE!
[2024-09-23 05:09:12.029] [main] [info] Pinging Non-Existing Test Server...
[2024-09-23 05:09:15.101] [main] [info] Pinging Non-Existing Test Server OK!
[2024-09-23 05:09:15.101] [main] [info] Pinging Non-Existing Test Server   ...DONE!
[2024-09-23 05:09:15.101] [main] [info] Pinging Pump Server Mayson...
[2024-09-23 05:09:15.189] [main] [info] Pump Server ping OK!
[2024-09-23 05:09:15.189] [main] [info] Pinging Pump Server Mayson   ...DONE!
[2024-09-23 05:09:15.189] [main] [info] Pinging all valve stations...
[2024-09-23 05:09:15.605] [main] [info] James ping OK!
[2024-09-23 05:09:15.605] [main] [info] Lucas ping OK!
[2024-09-23 05:09:15.605] [main] [info] Felix ping OK!
[2024-09-23 05:09:15.606] [main] [info] Pinging all valve stations   ...DONE!
[2024-09-23 05:09:15.606] [main] [info] Pinging Non-Existing Test Server...
[2024-09-23 05:09:18.685] [main] [info] Pinging Non-Existing Test Server OK!
[2024-09-23 05:09:18.685] [main] [info] Pinging Non-Existing Test Server   ...DONE!
[2024-09-23 05:09:18.685] [main] [info] Creating Landscape...
[2024-09-23 05:09:18.685] [main] [info] Creating Landscape...
[2024-09-23 05:09:18.685] [main] [info] Creating Felix...
[2024-09-23 05:09:18.685] [main] [info] Creating James...
[2024-09-23 05:09:18.685] [main] [info] Creating Lucas...
[2024-09-23 05:09:18.685] [main] [info] Fetching timestamp...
std::chrono::system_clock::now().time_since_epoch()   :   1727060958685553703
get_seconds_since_epoch_now(bool verbose /* true */)   :   1727060958
minutes since epoch   :   28784349
minute of day   :   189
minute of hour   :   9
hour of day   :   3
[2024-09-23 05:09:18.685] [main] [info] Checking timestamp.txt...
[2024-09-23 05:09:18.685] [main] [debug] The timestamp.txt is always written when watering is triggered. It is read to check if I was already done with watering some minutes ago.
previous time_stamp:   28782924
[2024-09-23 05:09:18.685] [main] [info] Checking timestamp.txt   ...DONE!
Wrote to timestamp.txt
[2024-09-23 05:09:18.686] [main] [info] Accumulated watering times:

Felix   :           Klee Feld  :      0.00 min
Felix   :          Eiben Klee  :      0.00 min
James   :              Erbsen  :      0.00 min
James   :          Kartoffeln  :      0.00 min
James   :              Gurken  :      0.00 min
James   :        Tomaten+Mara  :      0.00 min
Lucas   :      Bohnen-Flieder  :      0.00 min
Lucas   :        Heidelbeeren  :      0.00 min
Lucas   :            Karotten  :      0.00 min

%%%%%%%%%%     [4] Run the executable   ...DONE!
elapsed time:   21s
=====================================================================================================
