=====================================================================================================
%%%%%%%%%%     [6] Uploading logs and go sleeping...
> sudo -u mayadm git checkout artifacts
Bereits auf 'artifacts'
D	maya/artifacts/logs/15688--2024-09-23--06h31---7.log
D	maya/artifacts/logs/15689--2024-09-23--07h13---1.log
D	maya/artifacts/logs/15689--2024-09-23--07h13---2.log
D	maya/artifacts/logs/15689--2024-09-23--07h13---3.log
D	maya/artifacts/logs/15689--2024-09-23--07h13---4.log
D	maya/artifacts/logs/15689--2024-09-23--07h13---5.log
D	maya/artifacts/logs/15689--2024-09-23--07h13---6.log
Ihr Branch ist auf demselben Stand wie 'origin/artifacts'.
> sudo -u mayadm git pull
Bereits aktuell.
> sudo -u mayadm git merge maya-productive
Bereits aktuell.
> sudo -u mayadm git add "../artifacts/logs/*.log" -f
> sudo -u mayadm git add -u
> sudo -u mayadm git commit -m "logs at 2024-09-23--07h55"
[artifacts 0d190cf66] logs at 2024-09-23--07h55
 8 files changed, 105 insertions(+), 93 deletions(-)
 delete mode 100644 maya/artifacts/logs/15689--2024-09-23--07h13---4.log
 rename maya/artifacts/logs/{15688--2024-09-23--06h31---7.log => 15689--2024-09-23--07h13---7.log} (61%)
 rename maya/artifacts/logs/{15689--2024-09-23--07h13---1.log => 15690--2024-09-23--07h55---1.log} (87%)
 rename maya/artifacts/logs/{15689--2024-09-23--07h13---2.log => 15690--2024-09-23--07h55---2.log} (97%)
 rename maya/artifacts/logs/{15689--2024-09-23--07h13---3.log => 15690--2024-09-23--07h55---3.log} (94%)
 create mode 100644 maya/artifacts/logs/15690--2024-09-23--07h55---4.log
 rename maya/artifacts/logs/{15689--2024-09-23--07h13---5.log => 15690--2024-09-23--07h55---5.log} (75%)
 rename maya/artifacts/logs/{15689--2024-09-23--07h13---6.log => 15690--2024-09-23--07h55---6.log} (100%)
> sudo -u mayadm git push
To https://github.com/Necktschnagge/wired-watering
   b69f7bb8f..0d190cf66  artifacts -> artifacts
> sudo -u mayadm git checkout maya-productive
Zu Zweig »maya-productive« gewechselt
Ihr Branch ist auf demselben Stand wie 'origin/maya-productive'.
> sudo -u mayadm git push
Everything up-to-date
##############################################################
###################                        ###################
###################     GOING TO SLEEP     ###################
###################                        ###################
##############################################################
#######                                                #######
#######   Press CTRL + C NOW to abort script safely!   #######
#######                                                #######
##############################################################
##############################################################
#######                                                #######
#######               NOW GOING TO SLEEP               #######
#######                                                #######
##############################################################
> rtcwake -m mem -s 2400
rtcwake: RTC wird als UTC interpretiert …
rtcwake: aufwachen von „mem“ durch /dev/rtc0 bei Mon Sep 23 06:37:13 2024
##############################################################
#######                                                #######
#######            just waked up from sleep            #######
#######                                                #######
##############################################################
%%%%%%%%%%     [6] Uploading logs and go sleeping   ...DONE!
elapsed time:   2419s
=====================================================================================================
