=====================================================================================================
=====================================================================================================
===     Starting with run #157...
=====================================================================================================
=====================================================================================================
157
So 5. Jun 13:15:27 CEST 2022
=====================================================================================================
%%%%%%%%%%     [1] Cleaning working directory...
> sudo -u mayadm git status;
Auf Branch maya-productive
Ihr Branch ist auf demselben Stand wie 'origin/maya-productive'.

nichts zu committen, Arbeitsverzeichnis unverändert
> sudo -u mayadm git add -u; sudo -u mayadm git add *;
> sudo -u mayadm git status;
Auf Branch maya-productive
Ihr Branch ist auf demselben Stand wie 'origin/maya-productive'.

nichts zu committen, Arbeitsverzeichnis unverändert
Checking if there are uncommitted changes...
> sudo -u mayadm git update-index --refresh && sudo -u mayadm git diff-index --quiet HEAD --
> sudo -u mayadm git reset --hard;
HEAD ist jetzt bei d0da14e updates and conceptional stuff
%%%%%%%%%%     [1] Cleaning working directory   ...DONE!
=====================================================================================================
