=====================================================================================================
%%%%%%%%%%     [4] Run the executable...
>Please note:  Even if all builds failed, the last built executable is still there and will be started!
> sudo -u mayadm ./ur-unix-run.sh
[2024-09-23 14:56:25.922] [main] [info] Pinging Pump Server Mayson...
[2024-09-23 14:56:25.945] [main] [info] Pump Server ping OK!
[2024-09-23 14:56:25.945] [main] [info] Pinging Pump Server Mayson   ...DONE!
[2024-09-23 14:56:25.945] [main] [info] Pinging all valve stations...
[2024-09-23 14:56:36.161] [main] [info] James ping OK!
[2024-09-23 14:56:36.161] [main] [info] Lucas ping OK!
[2024-09-23 14:56:36.161] [main] [error] Fatal: Felix not available!
[2024-09-23 14:56:36.161] [main] [info] Pinging all valve stations   ...DONE!
[2024-09-23 14:56:36.161] [main] [info] Pinging Non-Existing Test Server...
[2024-09-23 14:56:39.239] [main] [info] Pinging Non-Existing Test Server OK!
[2024-09-23 14:56:39.239] [main] [info] Pinging Non-Existing Test Server   ...DONE!
[2024-09-23 14:56:39.239] [main] [info] Pinging Pump Server Mayson...
[2024-09-23 14:56:39.373] [main] [info] Pump Server ping OK!
[2024-09-23 14:56:39.373] [main] [info] Pinging Pump Server Mayson   ...DONE!
[2024-09-23 14:56:39.373] [main] [info] Pinging all valve stations...
[2024-09-23 14:56:39.768] [main] [info] James ping OK!
[2024-09-23 14:56:39.768] [main] [info] Lucas ping OK!
[2024-09-23 14:56:39.768] [main] [info] Felix ping OK!
[2024-09-23 14:56:39.768] [main] [info] Pinging all valve stations   ...DONE!
[2024-09-23 14:56:39.768] [main] [info] Pinging Non-Existing Test Server...
[2024-09-23 14:56:42.823] [main] [info] Pinging Non-Existing Test Server OK!
[2024-09-23 14:56:42.823] [main] [info] Pinging Non-Existing Test Server   ...DONE!
[2024-09-23 14:56:42.823] [main] [info] Creating Landscape...
[2024-09-23 14:56:42.823] [main] [info] Creating Landscape...
[2024-09-23 14:56:42.823] [main] [info] Creating Felix...
[2024-09-23 14:56:42.823] [main] [info] Creating James...
[2024-09-23 14:56:42.823] [main] [info] Creating Lucas...
[2024-09-23 14:56:42.823] [main] [info] Fetching timestamp...
std::chrono::system_clock::now().time_since_epoch()   :   1727096202823707922
get_seconds_since_epoch_now(bool verbose /* true */)   :   1727096202
minutes since epoch   :   28784936
minute of day   :   776
minute of hour   :   56
hour of day   :   12
[2024-09-23 14:56:42.823] [main] [info] Checking timestamp.txt...
[2024-09-23 14:56:42.823] [main] [debug] The timestamp.txt is always written when watering is triggered. It is read to check if I was already done with watering some minutes ago.
previous time_stamp:   28784349
[2024-09-23 14:56:42.823] [main] [info] Checking timestamp.txt   ...DONE!
[2024-09-23 14:56:42.823] [main] [info] It's not time for watering now!
[2024-09-23 14:56:42.823] [main] [info] Minute Intraday:   776
[2024-09-23 14:56:42.823] [main] [info] Days since Epoch:   19989
[2024-09-23 14:56:42.824] [main] [info] Accumulated watering times:

Felix   :           Klee Feld  :      0.00 min
Felix   :          Eiben Klee  :      0.00 min
James   :              Erbsen  :      0.00 min
James   :          Kartoffeln  :      0.00 min
James   :              Gurken  :      0.00 min
James   :        Tomaten+Mara  :      0.00 min
Lucas   :      Bohnen-Flieder  :      0.00 min
Lucas   :        Heidelbeeren  :      0.00 min
Lucas   :            Karotten  :      0.00 min

%%%%%%%%%%     [4] Run the executable   ...DONE!
elapsed time:   17s
=====================================================================================================
