=====================================================================================================
%%%%%%%%%%     [4] Run the executable...
>Please note:  Even if all builds failed, the last built executable is still there and will be started!
> sudo -u mayadm ./ur-unix-run.sh
[2024-09-24 07:45:47.215] [main] [info] Pinging Pump Server Mayson...
[2024-09-24 07:45:47.281] [main] [info] Pump Server ping OK!
[2024-09-24 07:45:47.281] [main] [info] Pinging Pump Server Mayson   ...DONE!
[2024-09-24 07:45:47.281] [main] [info] Pinging all valve stations...
[2024-09-24 07:45:50.556] [main] [info] James ping OK!
[2024-09-24 07:45:50.556] [main] [info] Lucas ping OK!
[2024-09-24 07:45:50.556] [main] [error] Fatal: Felix not available!
[2024-09-24 07:45:50.556] [main] [info] Pinging all valve stations   ...DONE!
[2024-09-24 07:45:50.556] [main] [info] Pinging Non-Existing Test Server...
[2024-09-24 07:45:53.627] [main] [info] Pinging Non-Existing Test Server OK!
[2024-09-24 07:45:53.628] [main] [info] Pinging Non-Existing Test Server   ...DONE!
[2024-09-24 07:45:53.628] [main] [info] Pinging Pump Server Mayson...
[2024-09-24 07:45:53.732] [main] [info] Pump Server ping OK!
[2024-09-24 07:45:53.732] [main] [info] Pinging Pump Server Mayson   ...DONE!
[2024-09-24 07:45:53.732] [main] [info] Pinging all valve stations...
[2024-09-24 07:45:57.115] [main] [info] James ping OK!
[2024-09-24 07:45:57.115] [main] [info] Lucas ping OK!
[2024-09-24 07:45:57.115] [main] [error] Fatal: Felix not available!
[2024-09-24 07:45:57.115] [main] [info] Pinging all valve stations   ...DONE!
[2024-09-24 07:45:57.115] [main] [info] Pinging Non-Existing Test Server...
[2024-09-24 07:46:00.187] [main] [info] Pinging Non-Existing Test Server OK!
[2024-09-24 07:46:00.187] [main] [info] Pinging Non-Existing Test Server   ...DONE!
[2024-09-24 07:46:00.187] [main] [info] Pinging Pump Server Mayson...
[2024-09-24 07:46:00.282] [main] [info] Pump Server ping OK!
[2024-09-24 07:46:00.282] [main] [info] Pinging Pump Server Mayson   ...DONE!
[2024-09-24 07:46:00.282] [main] [info] Pinging all valve stations...
[2024-09-24 07:46:03.547] [main] [info] James ping OK!
[2024-09-24 07:46:03.548] [main] [info] Lucas ping OK!
[2024-09-24 07:46:03.548] [main] [error] Fatal: Felix not available!
[2024-09-24 07:46:03.548] [main] [info] Pinging all valve stations   ...DONE!
[2024-09-24 07:46:03.548] [main] [info] Pinging Non-Existing Test Server...
[2024-09-24 07:46:06.619] [main] [info] Pinging Non-Existing Test Server OK!
[2024-09-24 07:46:06.619] [main] [info] Pinging Non-Existing Test Server   ...DONE!
[2024-09-24 07:46:06.619] [main] [info] Pinging Pump Server Mayson...
[2024-09-24 07:46:06.735] [main] [info] Pump Server ping OK!
[2024-09-24 07:46:06.735] [main] [info] Pinging Pump Server Mayson   ...DONE!
[2024-09-24 07:46:06.735] [main] [info] Pinging all valve stations...
[2024-09-24 07:46:10.011] [main] [info] James ping OK!
[2024-09-24 07:46:10.011] [main] [info] Lucas ping OK!
[2024-09-24 07:46:10.011] [main] [error] Fatal: Felix not available!
[2024-09-24 07:46:10.011] [main] [info] Pinging all valve stations   ...DONE!
[2024-09-24 07:46:10.011] [main] [info] Pinging Non-Existing Test Server...
[2024-09-24 07:46:13.083] [main] [info] Pinging Non-Existing Test Server OK!
[2024-09-24 07:46:13.084] [main] [info] Pinging Non-Existing Test Server   ...DONE!
[2024-09-24 07:46:13.084] [main] [info] Pinging Pump Server Mayson...
[2024-09-24 07:46:13.181] [main] [info] Pump Server ping OK!
[2024-09-24 07:46:13.181] [main] [info] Pinging Pump Server Mayson   ...DONE!
[2024-09-24 07:46:13.181] [main] [info] Pinging all valve stations...
[2024-09-24 07:46:16.444] [main] [info] James ping OK!
[2024-09-24 07:46:16.444] [main] [info] Lucas ping OK!
[2024-09-24 07:46:16.444] [main] [error] Fatal: Felix not available!
[2024-09-24 07:46:16.444] [main] [info] Pinging all valve stations   ...DONE!
[2024-09-24 07:46:16.444] [main] [info] Pinging Non-Existing Test Server...
[2024-09-24 07:46:19.515] [main] [info] Pinging Non-Existing Test Server OK!
[2024-09-24 07:46:19.516] [main] [info] Pinging Non-Existing Test Server   ...DONE!
[2024-09-24 07:46:19.516] [main] [info] Pinging Pump Server Mayson...
[2024-09-24 07:46:19.630] [main] [info] Pump Server ping OK!
[2024-09-24 07:46:19.630] [main] [info] Pinging Pump Server Mayson   ...DONE!
[2024-09-24 07:46:19.630] [main] [info] Pinging all valve stations...
[2024-09-24 07:46:22.907] [main] [info] James ping OK!
[2024-09-24 07:46:22.907] [main] [info] Lucas ping OK!
[2024-09-24 07:46:22.907] [main] [error] Fatal: Felix not available!
[2024-09-24 07:46:22.907] [main] [info] Pinging all valve stations   ...DONE!
[2024-09-24 07:46:22.907] [main] [info] Pinging Non-Existing Test Server...
[2024-09-24 07:46:25.979] [main] [info] Pinging Non-Existing Test Server OK!
[2024-09-24 07:46:25.979] [main] [info] Pinging Non-Existing Test Server   ...DONE!
[2024-09-24 07:46:25.980] [main] [info] Pinging Pump Server Mayson...
[2024-09-24 07:46:35.984] [main] [error] Fatal: Pump Server not available!
[2024-09-24 07:46:35.984] [main] [info] Pinging Pump Server Mayson   ...DONE!
[2024-09-24 07:46:35.984] [main] [info] Pinging all valve stations...
[2024-09-24 07:46:39.196] [main] [info] James ping OK!
[2024-09-24 07:46:39.196] [main] [info] Lucas ping OK!
[2024-09-24 07:46:39.196] [main] [error] Fatal: Felix not available!
[2024-09-24 07:46:39.196] [main] [info] Pinging all valve stations   ...DONE!
[2024-09-24 07:46:39.196] [main] [info] Pinging Non-Existing Test Server...
[2024-09-24 07:46:42.267] [main] [info] Pinging Non-Existing Test Server OK!
[2024-09-24 07:46:42.267] [main] [info] Pinging Non-Existing Test Server   ...DONE!
[2024-09-24 07:46:42.267] [main] [info] Pinging Pump Server Mayson...
[2024-09-24 07:46:42.355] [main] [info] Pump Server ping OK!
[2024-09-24 07:46:42.355] [main] [info] Pinging Pump Server Mayson   ...DONE!
[2024-09-24 07:46:42.355] [main] [info] Pinging all valve stations...
[2024-09-24 07:46:44.538] [main] [info] James ping OK!
[2024-09-24 07:46:44.538] [main] [info] Lucas ping OK!
[2024-09-24 07:46:44.538] [main] [info] Felix ping OK!
[2024-09-24 07:46:44.538] [main] [info] Pinging all valve stations   ...DONE!
[2024-09-24 07:46:44.538] [main] [info] Pinging Non-Existing Test Server...
[2024-09-24 07:46:47.611] [main] [info] Pinging Non-Existing Test Server OK!
[2024-09-24 07:46:47.611] [main] [info] Pinging Non-Existing Test Server   ...DONE!
[2024-09-24 07:46:47.611] [main] [info] Creating Landscape...
[2024-09-24 07:46:47.611] [main] [info] Creating Landscape...
[2024-09-24 07:46:47.611] [main] [info] Creating Felix...
[2024-09-24 07:46:47.611] [main] [info] Creating James...
[2024-09-24 07:46:47.611] [main] [info] Creating Lucas...
[2024-09-24 07:46:47.611] [main] [info] Fetching timestamp...
std::chrono::system_clock::now().time_since_epoch()   :   1727156807611997168
get_seconds_since_epoch_now(bool verbose /* true */)   :   1727156807
minutes since epoch   :   28785946
minute of day   :   346
minute of hour   :   46
hour of day   :   5
[2024-09-24 07:46:47.612] [main] [info] Checking timestamp.txt...
[2024-09-24 07:46:47.612] [main] [debug] The timestamp.txt is always written when watering is triggered. It is read to check if I was already done with watering some minutes ago.
previous time_stamp:   28785820
[2024-09-24 07:46:47.612] [main] [info] Checking timestamp.txt   ...DONE!
[2024-09-24 07:46:47.612] [main] [info] It's not time for watering now!
[2024-09-24 07:46:47.612] [main] [info] Minute Intraday:   346
[2024-09-24 07:46:47.612] [main] [info] Days since Epoch:   19990
[2024-09-24 07:46:47.612] [main] [info] Accumulated watering times:

Felix   :           Klee Feld  :      0.00 min
Felix   :          Eiben Klee  :      0.00 min
James   :              Erbsen  :      0.00 min
James   :          Kartoffeln  :      0.00 min
James   :              Gurken  :      0.00 min
James   :        Tomaten+Mara  :      0.00 min
Lucas   :      Bohnen-Flieder  :      0.00 min
Lucas   :        Heidelbeeren  :      0.00 min
Lucas   :            Karotten  :      0.00 min

%%%%%%%%%%     [4] Run the executable   ...DONE!
elapsed time:   60s
=====================================================================================================
