=====================================================================================================
%%%%%%%%%%     [6] Uploading logs and go sleeping...
> sudo -u mayadm git checkout artifacts
Bereits auf 'artifacts'
D	maya/artifacts/logs/15723--2024-09-24--07h02---7.log
D	maya/artifacts/logs/15724--2024-09-24--07h44---1.log
D	maya/artifacts/logs/15724--2024-09-24--07h44---2.log
D	maya/artifacts/logs/15724--2024-09-24--07h44---3.log
D	maya/artifacts/logs/15724--2024-09-24--07h44---4.log
D	maya/artifacts/logs/15724--2024-09-24--07h44---5.log
D	maya/artifacts/logs/15724--2024-09-24--07h44---6.log
Ihr Branch ist auf demselben Stand wie 'origin/artifacts'.
> sudo -u mayadm git pull
Bereits aktuell.
> sudo -u mayadm git merge maya-productive
Bereits aktuell.
> sudo -u mayadm git add "../artifacts/logs/*.log" -f
> sudo -u mayadm git add -u
> sudo -u mayadm git commit -m "logs at 2024-09-24--08h27"
[artifacts 9d83f8dbd] logs at 2024-09-24--08h27
 8 files changed, 89 insertions(+), 166 deletions(-)
 delete mode 100644 maya/artifacts/logs/15724--2024-09-24--07h44---4.log
 rename maya/artifacts/logs/{15723--2024-09-24--07h02---7.log => 15724--2024-09-24--07h44---7.log} (62%)
 rename maya/artifacts/logs/{15724--2024-09-24--07h44---1.log => 15725--2024-09-24--08h27---1.log} (91%)
 rename maya/artifacts/logs/{15724--2024-09-24--07h44---2.log => 15725--2024-09-24--08h27---2.log} (97%)
 rename maya/artifacts/logs/{15724--2024-09-24--07h44---3.log => 15725--2024-09-24--08h27---3.log} (94%)
 create mode 100644 maya/artifacts/logs/15725--2024-09-24--08h27---4.log
 rename maya/artifacts/logs/{15724--2024-09-24--07h44---5.log => 15725--2024-09-24--08h27---5.log} (77%)
 rename maya/artifacts/logs/{15724--2024-09-24--07h44---6.log => 15725--2024-09-24--08h27---6.log} (100%)
> sudo -u mayadm git push
To https://github.com/Necktschnagge/wired-watering
   f01543f61..9d83f8dbd  artifacts -> artifacts
> sudo -u mayadm git checkout maya-productive
Zu Zweig »maya-productive« gewechselt
Ihr Branch ist auf demselben Stand wie 'origin/maya-productive'.
> sudo -u mayadm git push
Everything up-to-date
##############################################################
###################                        ###################
###################     GOING TO SLEEP     ###################
###################                        ###################
##############################################################
#######                                                #######
#######   Press CTRL + C NOW to abort script safely!   #######
#######                                                #######
##############################################################
##############################################################
#######                                                #######
#######               NOW GOING TO SLEEP               #######
#######                                                #######
##############################################################
> rtcwake -m mem -s 2400
rtcwake: RTC wird als UTC interpretiert …
rtcwake: aufwachen von „mem“ durch /dev/rtc0 bei Tue Sep 24 07:08:52 2024
##############################################################
#######                                                #######
#######            just waked up from sleep            #######
#######                                                #######
##############################################################
%%%%%%%%%%     [6] Uploading logs and go sleeping   ...DONE!
elapsed time:   2418s
=====================================================================================================
