=====================================================================================================
%%%%%%%%%%     [6] Uploading logs and go sleeping...
> sudo -u mayadm git checkout artifacts
Zu Zweig »artifacts« gewechselt
Ihr Branch ist auf demselben Stand wie 'origin/artifacts'.
> sudo -u mayadm git pull
Bereits aktuell.
> sudo -u mayadm git merge maya-productive
Bereits aktuell.
> sudo -u mayadm git add "../artifacts/logs/1574-*.log" -f
> sudo -u mayadm git add "../artifacts/logs/1573-*.log" -f
> sudo -u mayadm git commit -m "logs at 2022-06-22--17h32"
[artifacts 26db57d] logs at 2022-06-22--17h32
 6 files changed, 253 insertions(+)
 create mode 100644 maya/artifacts/logs/1573--2022-06-22--17h12---6.log
 create mode 100644 maya/artifacts/logs/1574--2022-06-22--17h32---1.log
 create mode 100644 maya/artifacts/logs/1574--2022-06-22--17h32---2.log
 create mode 100644 maya/artifacts/logs/1574--2022-06-22--17h32---3.log
 create mode 100644 maya/artifacts/logs/1574--2022-06-22--17h32---4.log
 create mode 100644 maya/artifacts/logs/1574--2022-06-22--17h32---5.log
> sudo -u mayadm git push
To https://github.com/Necktschnagge/wired-watering
   6b69197..26db57d  artifacts -> artifacts
> sudo -u mayadm git checkout maya-productive
Zu Zweig »maya-productive« gewechselt
Ihr Branch ist auf demselben Stand wie 'origin/maya-productive'.
> sudo -u mayadm git push
Everything up-to-date
##############################################################
###################                        ###################
###################     GOING TO SLEEP     ###################
###################                        ###################
##############################################################
#######                                                #######
#######   Press CTRL + C NOW to abort script safely!   #######
#######                                                #######
##############################################################
##############################################################
#######                                                #######
#######               NOW GOING TO SLEEP               #######
#######                                                #######
##############################################################
> rtcwake -m mem -s 1200
rtcwake: RTC wird als UTC interpretiert …
rtcwake: aufwachen von „mem“ durch /dev/rtc0 bei Wed Jun 22 15:52:58 2022
##############################################################
#######                                                #######
#######            just waked up from sleep            #######
#######                                                #######
##############################################################
%%%%%%%%%%     [6] Uploading logs and go sleeping   ...DONE!
elapsed time:   1218s
=====================================================================================================
