=====================================================================================================
%%%%%%%%%%     [6] Uploading logs and go sleeping...
> sudo -u mayadm git checkout artifacts
Bereits auf 'artifacts'
D	maya/artifacts/logs/15760--2024-09-25--08h57---7.log
D	maya/artifacts/logs/15761--2024-09-25--09h40---1.log
D	maya/artifacts/logs/15761--2024-09-25--09h40---2.log
D	maya/artifacts/logs/15761--2024-09-25--09h40---3.log
D	maya/artifacts/logs/15761--2024-09-25--09h40---4.log
D	maya/artifacts/logs/15761--2024-09-25--09h40---5.log
D	maya/artifacts/logs/15761--2024-09-25--09h40---6.log
Ihr Branch ist auf demselben Stand wie 'origin/artifacts'.
> sudo -u mayadm git pull
Bereits aktuell.
> sudo -u mayadm git merge maya-productive
Bereits aktuell.
> sudo -u mayadm git add "../artifacts/logs/*.log" -f
> sudo -u mayadm git add -u
> sudo -u mayadm git commit -m "logs at 2024-09-25--10h22"
[artifacts eac4423c3] logs at 2024-09-25--10h22
 8 files changed, 88 insertions(+), 89 deletions(-)
 delete mode 100644 maya/artifacts/logs/15761--2024-09-25--09h40---4.log
 rename maya/artifacts/logs/{15760--2024-09-25--08h57---7.log => 15761--2024-09-25--09h40---7.log} (61%)
 rename maya/artifacts/logs/{15761--2024-09-25--09h40---1.log => 15762--2024-09-25--10h22---1.log} (87%)
 rename maya/artifacts/logs/{15761--2024-09-25--09h40---2.log => 15762--2024-09-25--10h22---2.log} (100%)
 rename maya/artifacts/logs/{15761--2024-09-25--09h40---3.log => 15762--2024-09-25--10h22---3.log} (95%)
 create mode 100644 maya/artifacts/logs/15762--2024-09-25--10h22---4.log
 rename maya/artifacts/logs/{15761--2024-09-25--09h40---5.log => 15762--2024-09-25--10h22---5.log} (77%)
 rename maya/artifacts/logs/{15761--2024-09-25--09h40---6.log => 15762--2024-09-25--10h22---6.log} (100%)
> sudo -u mayadm git push
To https://github.com/Necktschnagge/wired-watering
   536234f4f..eac4423c3  artifacts -> artifacts
> sudo -u mayadm git checkout maya-productive
Zu Zweig »maya-productive« gewechselt
Ihr Branch ist auf demselben Stand wie 'origin/maya-productive'.
> sudo -u mayadm git push
Everything up-to-date
##############################################################
###################                        ###################
###################     GOING TO SLEEP     ###################
###################                        ###################
##############################################################
#######                                                #######
#######   Press CTRL + C NOW to abort script safely!   #######
#######                                                #######
##############################################################
##############################################################
#######                                                #######
#######               NOW GOING TO SLEEP               #######
#######                                                #######
##############################################################
> rtcwake -m mem -s 2400
rtcwake: RTC wird als UTC interpretiert …
rtcwake: aufwachen von „mem“ durch /dev/rtc0 bei Wed Sep 25 09:03:52 2024
##############################################################
#######                                                #######
#######            just waked up from sleep            #######
#######                                                #######
##############################################################
%%%%%%%%%%     [6] Uploading logs and go sleeping   ...DONE!
elapsed time:   2421s
=====================================================================================================
