=====================================================================================================
%%%%%%%%%%     [6] Uploading logs and go sleeping...
> sudo -u mayadm git checkout artifacts
Bereits auf 'artifacts'
D	maya/artifacts/logs/15763--2024-09-25--11h04---7.log
D	maya/artifacts/logs/15764--2024-09-25--11h46---1.log
D	maya/artifacts/logs/15764--2024-09-25--11h46---2.log
D	maya/artifacts/logs/15764--2024-09-25--11h46---3.log
D	maya/artifacts/logs/15764--2024-09-25--11h46---4.log
D	maya/artifacts/logs/15764--2024-09-25--11h46---5.log
D	maya/artifacts/logs/15764--2024-09-25--11h46---6.log
Ihr Branch ist auf demselben Stand wie 'origin/artifacts'.
> sudo -u mayadm git pull
Bereits aktuell.
> sudo -u mayadm git merge maya-productive
Bereits aktuell.
> sudo -u mayadm git add "../artifacts/logs/*.log" -f
> sudo -u mayadm git add -u
> sudo -u mayadm git commit -m "logs at 2024-09-25--12h27"
[artifacts eb90899f0] logs at 2024-09-25--12h27
 8 files changed, 102 insertions(+), 91 deletions(-)
 delete mode 100644 maya/artifacts/logs/15764--2024-09-25--11h46---4.log
 rename maya/artifacts/logs/{15763--2024-09-25--11h04---7.log => 15764--2024-09-25--11h46---7.log} (62%)
 rename maya/artifacts/logs/{15764--2024-09-25--11h46---1.log => 15765--2024-09-25--12h27---1.log} (90%)
 rename maya/artifacts/logs/{15764--2024-09-25--11h46---2.log => 15765--2024-09-25--12h27---2.log} (100%)
 rename maya/artifacts/logs/{15764--2024-09-25--11h46---3.log => 15765--2024-09-25--12h27---3.log} (93%)
 create mode 100644 maya/artifacts/logs/15765--2024-09-25--12h27---4.log
 rename maya/artifacts/logs/{15764--2024-09-25--11h46---5.log => 15765--2024-09-25--12h27---5.log} (77%)
 rename maya/artifacts/logs/{15764--2024-09-25--11h46---6.log => 15765--2024-09-25--12h27---6.log} (100%)
> sudo -u mayadm git push
To https://github.com/Necktschnagge/wired-watering
   fbf0942a2..eb90899f0  artifacts -> artifacts
> sudo -u mayadm git checkout maya-productive
Zu Zweig »maya-productive« gewechselt
Ihr Branch ist auf demselben Stand wie 'origin/maya-productive'.
> sudo -u mayadm git push
Everything up-to-date
##############################################################
###################                        ###################
###################     GOING TO SLEEP     ###################
###################                        ###################
##############################################################
#######                                                #######
#######   Press CTRL + C NOW to abort script safely!   #######
#######                                                #######
##############################################################
##############################################################
#######                                                #######
#######               NOW GOING TO SLEEP               #######
#######                                                #######
##############################################################
> rtcwake -m mem -s 2400
rtcwake: RTC wird als UTC interpretiert …
rtcwake: aufwachen von „mem“ durch /dev/rtc0 bei Wed Sep 25 11:09:38 2024
##############################################################
#######                                                #######
#######            just waked up from sleep            #######
#######                                                #######
##############################################################
%%%%%%%%%%     [6] Uploading logs and go sleeping   ...DONE!
elapsed time:   2420s
=====================================================================================================
