=====================================================================================================
%%%%%%%%%%     [6] Uploading logs and go sleeping...
> sudo -u mayadm git checkout artifacts
Bereits auf 'artifacts'
D	maya/artifacts/logs/15804--2024-09-26--15h46---7.log
D	maya/artifacts/logs/15805--2024-09-26--16h29---1.log
D	maya/artifacts/logs/15805--2024-09-26--16h29---2.log
D	maya/artifacts/logs/15805--2024-09-26--16h29---3.log
D	maya/artifacts/logs/15805--2024-09-26--16h29---4.log
D	maya/artifacts/logs/15805--2024-09-26--16h29---5.log
D	maya/artifacts/logs/15805--2024-09-26--16h29---6.log
Ihr Branch ist auf demselben Stand wie 'origin/artifacts'.
> sudo -u mayadm git pull
Bereits aktuell.
> sudo -u mayadm git merge maya-productive
Bereits aktuell.
> sudo -u mayadm git add "../artifacts/logs/*.log" -f
> sudo -u mayadm git add -u
> sudo -u mayadm git commit -m "logs at 2024-09-26--17h11"
[artifacts bd80ae178] logs at 2024-09-26--17h11
 8 files changed, 135 insertions(+), 94 deletions(-)
 delete mode 100644 maya/artifacts/logs/15805--2024-09-26--16h29---4.log
 rename maya/artifacts/logs/{15804--2024-09-26--15h46---7.log => 15805--2024-09-26--16h29---7.log} (62%)
 rename maya/artifacts/logs/{15805--2024-09-26--16h29---1.log => 15806--2024-09-26--17h11---1.log} (91%)
 rename maya/artifacts/logs/{15805--2024-09-26--16h29---2.log => 15806--2024-09-26--17h11---2.log} (65%)
 rename maya/artifacts/logs/{15805--2024-09-26--16h29---3.log => 15806--2024-09-26--17h11---3.log} (95%)
 create mode 100644 maya/artifacts/logs/15806--2024-09-26--17h11---4.log
 rename maya/artifacts/logs/{15805--2024-09-26--16h29---5.log => 15806--2024-09-26--17h11---5.log} (75%)
 rename maya/artifacts/logs/{15805--2024-09-26--16h29---6.log => 15806--2024-09-26--17h11---6.log} (100%)
> sudo -u mayadm git push
To https://github.com/Necktschnagge/wired-watering
   c89ef29c7..bd80ae178  artifacts -> artifacts
> sudo -u mayadm git checkout maya-productive
Zu Zweig »maya-productive« gewechselt
Ihr Branch ist auf demselben Stand wie 'origin/maya-productive'.
> sudo -u mayadm git push
Everything up-to-date
##############################################################
###################                        ###################
###################     GOING TO SLEEP     ###################
###################                        ###################
##############################################################
#######                                                #######
#######   Press CTRL + C NOW to abort script safely!   #######
#######                                                #######
##############################################################
##############################################################
#######                                                #######
#######               NOW GOING TO SLEEP               #######
#######                                                #######
##############################################################
> rtcwake -m mem -s 2400
rtcwake: RTC wird als UTC interpretiert …
rtcwake: aufwachen von „mem“ durch /dev/rtc0 bei Thu Sep 26 15:53:15 2024
##############################################################
#######                                                #######
#######            just waked up from sleep            #######
#######                                                #######
##############################################################
%%%%%%%%%%     [6] Uploading logs and go sleeping   ...DONE!
elapsed time:   2420s
=====================================================================================================
