=====================================================================================================
%%%%%%%%%%     [6] Uploading logs and go sleeping...
> sudo -u mayadm git checkout artifacts
Bereits auf 'artifacts'
D	maya/artifacts/logs/15839--2024-09-27--16h19---7.log
D	maya/artifacts/logs/15840--2024-09-27--17h01---1.log
D	maya/artifacts/logs/15840--2024-09-27--17h01---2.log
D	maya/artifacts/logs/15840--2024-09-27--17h01---3.log
D	maya/artifacts/logs/15840--2024-09-27--17h01---4.log
D	maya/artifacts/logs/15840--2024-09-27--17h01---5.log
D	maya/artifacts/logs/15840--2024-09-27--17h01---6.log
Ihr Branch ist auf demselben Stand wie 'origin/artifacts'.
> sudo -u mayadm git pull
Bereits aktuell.
> sudo -u mayadm git merge maya-productive
Bereits aktuell.
> sudo -u mayadm git add "../artifacts/logs/*.log" -f
> sudo -u mayadm git add -u
> sudo -u mayadm git commit -m "logs at 2024-09-27--17h44"
[artifacts b21dba062] logs at 2024-09-27--17h44
 8 files changed, 96 insertions(+), 104 deletions(-)
 delete mode 100644 maya/artifacts/logs/15840--2024-09-27--17h01---4.log
 rename maya/artifacts/logs/{15839--2024-09-27--16h19---7.log => 15840--2024-09-27--17h01---7.log} (61%)
 rename maya/artifacts/logs/{15840--2024-09-27--17h01---1.log => 15841--2024-09-27--17h44---1.log} (91%)
 rename maya/artifacts/logs/{15840--2024-09-27--17h01---2.log => 15841--2024-09-27--17h44---2.log} (67%)
 rename maya/artifacts/logs/{15840--2024-09-27--17h01---3.log => 15841--2024-09-27--17h44---3.log} (93%)
 create mode 100644 maya/artifacts/logs/15841--2024-09-27--17h44---4.log
 rename maya/artifacts/logs/{15840--2024-09-27--17h01---5.log => 15841--2024-09-27--17h44---5.log} (75%)
 rename maya/artifacts/logs/{15840--2024-09-27--17h01---6.log => 15841--2024-09-27--17h44---6.log} (100%)
> sudo -u mayadm git push
To https://github.com/Necktschnagge/wired-watering
   54891ffee..b21dba062  artifacts -> artifacts
> sudo -u mayadm git checkout maya-productive
Zu Zweig »maya-productive« gewechselt
Ihr Branch ist auf demselben Stand wie 'origin/maya-productive'.
> sudo -u mayadm git push
Everything up-to-date
##############################################################
###################                        ###################
###################     GOING TO SLEEP     ###################
###################                        ###################
##############################################################
#######                                                #######
#######   Press CTRL + C NOW to abort script safely!   #######
#######                                                #######
##############################################################
##############################################################
#######                                                #######
#######               NOW GOING TO SLEEP               #######
#######                                                #######
##############################################################
> rtcwake -m mem -s 2400
rtcwake: RTC wird als UTC interpretiert …
rtcwake: aufwachen von „mem“ durch /dev/rtc0 bei Fri Sep 27 16:25:41 2024
##############################################################
#######                                                #######
#######            just waked up from sleep            #######
#######                                                #######
##############################################################
%%%%%%%%%%     [6] Uploading logs and go sleeping   ...DONE!
elapsed time:   2418s
=====================================================================================================
