=====================================================================================================
%%%%%%%%%%     [6] Uploading logs and go sleeping...
> sudo -u mayadm git checkout artifacts
Bereits auf 'artifacts'
D	maya/artifacts/logs/15856--2024-09-28--04h15---7.log
D	maya/artifacts/logs/15857--2024-09-28--04h57---1.log
D	maya/artifacts/logs/15857--2024-09-28--04h57---2.log
D	maya/artifacts/logs/15857--2024-09-28--04h57---3.log
D	maya/artifacts/logs/15857--2024-09-28--04h57---4.log
D	maya/artifacts/logs/15857--2024-09-28--04h57---5.log
D	maya/artifacts/logs/15857--2024-09-28--04h57---6.log
Ihr Branch ist auf demselben Stand wie 'origin/artifacts'.
> sudo -u mayadm git pull
Bereits aktuell.
> sudo -u mayadm git merge maya-productive
Bereits aktuell.
> sudo -u mayadm git add "../artifacts/logs/*.log" -f
> sudo -u mayadm git add -u
> sudo -u mayadm git commit -m "logs at 2024-09-28--05h39"
[artifacts 6d892a7f3] logs at 2024-09-28--05h39
 8 files changed, 85 insertions(+), 87 deletions(-)
 delete mode 100644 maya/artifacts/logs/15857--2024-09-28--04h57---4.log
 rename maya/artifacts/logs/{15856--2024-09-28--04h15---7.log => 15857--2024-09-28--04h57---7.log} (62%)
 rename maya/artifacts/logs/{15857--2024-09-28--04h57---1.log => 15858--2024-09-28--05h39---1.log} (91%)
 rename maya/artifacts/logs/{15857--2024-09-28--04h57---2.log => 15858--2024-09-28--05h39---2.log} (100%)
 rename maya/artifacts/logs/{15857--2024-09-28--04h57---3.log => 15858--2024-09-28--05h39---3.log} (95%)
 create mode 100644 maya/artifacts/logs/15858--2024-09-28--05h39---4.log
 rename maya/artifacts/logs/{15857--2024-09-28--04h57---5.log => 15858--2024-09-28--05h39---5.log} (77%)
 rename maya/artifacts/logs/{15857--2024-09-28--04h57---6.log => 15858--2024-09-28--05h39---6.log} (100%)
> sudo -u mayadm git push
To https://github.com/Necktschnagge/wired-watering
   c9f914c3a..6d892a7f3  artifacts -> artifacts
> sudo -u mayadm git checkout maya-productive
Zu Zweig »maya-productive« gewechselt
Ihr Branch ist auf demselben Stand wie 'origin/maya-productive'.
> sudo -u mayadm git push
Everything up-to-date
##############################################################
###################                        ###################
###################     GOING TO SLEEP     ###################
###################                        ###################
##############################################################
#######                                                #######
#######   Press CTRL + C NOW to abort script safely!   #######
#######                                                #######
##############################################################
##############################################################
#######                                                #######
#######               NOW GOING TO SLEEP               #######
#######                                                #######
##############################################################
> rtcwake -m mem -s 2400
rtcwake: RTC wird als UTC interpretiert …
rtcwake: aufwachen von „mem“ durch /dev/rtc0 bei Sat Sep 28 04:20:49 2024
##############################################################
#######                                                #######
#######            just waked up from sleep            #######
#######                                                #######
##############################################################
%%%%%%%%%%     [6] Uploading logs and go sleeping   ...DONE!
elapsed time:   2419s
=====================================================================================================
