=====================================================================================================
%%%%%%%%%%     [4] Run the executable...
>Please note:  Even if all builds failed, the last built executable is still there and will be started!
> sudo -u mayadm ./ur-unix-run.sh
[2024-09-28 19:32:46.996] [main] [info] Pinging Pump Server Mayson...
[2024-09-28 19:32:47.095] [main] [info] Pump Server ping OK!
[2024-09-28 19:32:47.095] [main] [info] Pinging Pump Server Mayson   ...DONE!
[2024-09-28 19:32:47.095] [main] [info] Pinging all valve stations...
[2024-09-28 19:32:56.322] [main] [error] Fatal: James not available!
[2024-09-28 19:32:56.322] [main] [error] Fatal: Lucas not available!
[2024-09-28 19:32:56.322] [main] [error] Fatal: Felix not available!
[2024-09-28 19:32:56.322] [main] [info] Pinging all valve stations   ...DONE!
[2024-09-28 19:32:56.322] [main] [info] Pinging Non-Existing Test Server...
[2024-09-28 19:32:59.394] [main] [info] Pinging Non-Existing Test Server OK!
[2024-09-28 19:32:59.394] [main] [info] Pinging Non-Existing Test Server   ...DONE!
[2024-09-28 19:32:59.394] [main] [info] Pinging Pump Server Mayson...
[2024-09-28 19:32:59.565] [main] [info] Pump Server ping OK!
[2024-09-28 19:32:59.565] [main] [info] Pinging Pump Server Mayson   ...DONE!
[2024-09-28 19:32:59.565] [main] [info] Pinging all valve stations...
[2024-09-28 19:33:08.770] [main] [error] Fatal: James not available!
[2024-09-28 19:33:08.770] [main] [error] Fatal: Lucas not available!
[2024-09-28 19:33:08.770] [main] [error] Fatal: Felix not available!
[2024-09-28 19:33:08.770] [main] [info] Pinging all valve stations   ...DONE!
[2024-09-28 19:33:08.770] [main] [info] Pinging Non-Existing Test Server...
[2024-09-28 19:33:11.842] [main] [info] Pinging Non-Existing Test Server OK!
[2024-09-28 19:33:11.842] [main] [info] Pinging Non-Existing Test Server   ...DONE!
[2024-09-28 19:33:11.842] [main] [info] Pinging Pump Server Mayson...
[2024-09-28 19:33:11.918] [main] [info] Pump Server ping OK!
[2024-09-28 19:33:11.918] [main] [info] Pinging Pump Server Mayson   ...DONE!
[2024-09-28 19:33:11.918] [main] [info] Pinging all valve stations...
[2024-09-28 19:33:21.122] [main] [error] Fatal: James not available!
[2024-09-28 19:33:21.122] [main] [error] Fatal: Lucas not available!
[2024-09-28 19:33:21.122] [main] [error] Fatal: Felix not available!
[2024-09-28 19:33:21.122] [main] [info] Pinging all valve stations   ...DONE!
[2024-09-28 19:33:21.122] [main] [info] Pinging Non-Existing Test Server...
[2024-09-28 19:33:24.194] [main] [info] Pinging Non-Existing Test Server OK!
[2024-09-28 19:33:24.194] [main] [info] Pinging Non-Existing Test Server   ...DONE!
[2024-09-28 19:33:24.194] [main] [info] Pinging Pump Server Mayson...
[2024-09-28 19:33:24.220] [main] [info] Pump Server ping OK!
[2024-09-28 19:33:24.220] [main] [info] Pinging Pump Server Mayson   ...DONE!
[2024-09-28 19:33:24.220] [main] [info] Pinging all valve stations...
[2024-09-28 19:33:33.442] [main] [error] Fatal: James not available!
[2024-09-28 19:33:33.442] [main] [error] Fatal: Lucas not available!
[2024-09-28 19:33:33.442] [main] [error] Fatal: Felix not available!
[2024-09-28 19:33:33.442] [main] [info] Pinging all valve stations   ...DONE!
[2024-09-28 19:33:33.442] [main] [info] Pinging Non-Existing Test Server...
[2024-09-28 19:33:36.514] [main] [info] Pinging Non-Existing Test Server OK!
[2024-09-28 19:33:36.514] [main] [info] Pinging Non-Existing Test Server   ...DONE!
[2024-09-28 19:33:36.514] [main] [info] Pinging Pump Server Mayson...
[2024-09-28 19:33:36.629] [main] [info] Pump Server ping OK!
[2024-09-28 19:33:36.629] [main] [info] Pinging Pump Server Mayson   ...DONE!
[2024-09-28 19:33:36.629] [main] [info] Pinging all valve stations...
[2024-09-28 19:33:45.826] [main] [error] Fatal: James not available!
[2024-09-28 19:33:45.826] [main] [error] Fatal: Lucas not available!
[2024-09-28 19:33:45.826] [main] [error] Fatal: Felix not available!
[2024-09-28 19:33:45.826] [main] [info] Pinging all valve stations   ...DONE!
[2024-09-28 19:33:45.826] [main] [info] Pinging Non-Existing Test Server...
[2024-09-28 19:33:48.898] [main] [info] Pinging Non-Existing Test Server OK!
[2024-09-28 19:33:48.898] [main] [info] Pinging Non-Existing Test Server   ...DONE!
[2024-09-28 19:33:48.898] [main] [info] Pinging Pump Server Mayson...
[2024-09-28 19:33:48.921] [main] [info] Pump Server ping OK!
[2024-09-28 19:33:48.921] [main] [info] Pinging Pump Server Mayson   ...DONE!
[2024-09-28 19:33:48.921] [main] [info] Pinging all valve stations...
[2024-09-28 19:33:58.146] [main] [error] Fatal: James not available!
[2024-09-28 19:33:58.146] [main] [error] Fatal: Lucas not available!
[2024-09-28 19:33:58.146] [main] [error] Fatal: Felix not available!
[2024-09-28 19:33:58.146] [main] [info] Pinging all valve stations   ...DONE!
[2024-09-28 19:33:58.146] [main] [info] Pinging Non-Existing Test Server...
[2024-09-28 19:34:01.218] [main] [info] Pinging Non-Existing Test Server OK!
[2024-09-28 19:34:01.218] [main] [info] Pinging Non-Existing Test Server   ...DONE!
[2024-09-28 19:34:01.218] [main] [info] Pinging Pump Server Mayson...
[2024-09-28 19:34:01.329] [main] [info] Pump Server ping OK!
[2024-09-28 19:34:01.329] [main] [info] Pinging Pump Server Mayson   ...DONE!
[2024-09-28 19:34:01.329] [main] [info] Pinging all valve stations...
[2024-09-28 19:34:10.530] [main] [error] Fatal: James not available!
[2024-09-28 19:34:10.530] [main] [error] Fatal: Lucas not available!
[2024-09-28 19:34:10.530] [main] [error] Fatal: Felix not available!
[2024-09-28 19:34:10.530] [main] [info] Pinging all valve stations   ...DONE!
[2024-09-28 19:34:10.530] [main] [info] Pinging Non-Existing Test Server...
[2024-09-28 19:34:13.602] [main] [info] Pinging Non-Existing Test Server OK!
[2024-09-28 19:34:13.602] [main] [info] Pinging Non-Existing Test Server   ...DONE!
[2024-09-28 19:34:13.602] [main] [info] Pinging Pump Server Mayson...
[2024-09-28 19:34:13.719] [main] [info] Pump Server ping OK!
[2024-09-28 19:34:13.719] [main] [info] Pinging Pump Server Mayson   ...DONE!
[2024-09-28 19:34:13.719] [main] [info] Pinging all valve stations...
[2024-09-28 19:34:22.947] [main] [error] Fatal: James not available!
[2024-09-28 19:34:22.947] [main] [error] Fatal: Lucas not available!
[2024-09-28 19:34:22.947] [main] [error] Fatal: Felix not available!
[2024-09-28 19:34:22.947] [main] [info] Pinging all valve stations   ...DONE!
[2024-09-28 19:34:22.947] [main] [info] Pinging Non-Existing Test Server...
[2024-09-28 19:34:26.018] [main] [info] Pinging Non-Existing Test Server OK!
[2024-09-28 19:34:26.018] [main] [info] Pinging Non-Existing Test Server   ...DONE!
[2024-09-28 19:34:26.018] [main] [info] Pinging Pump Server Mayson...
[2024-09-28 19:34:26.107] [main] [info] Pump Server ping OK!
[2024-09-28 19:34:26.107] [main] [info] Pinging Pump Server Mayson   ...DONE!
[2024-09-28 19:34:26.107] [main] [info] Pinging all valve stations...
[2024-09-28 19:34:35.330] [main] [error] Fatal: James not available!
[2024-09-28 19:34:35.330] [main] [error] Fatal: Lucas not available!
[2024-09-28 19:34:35.330] [main] [error] Fatal: Felix not available!
[2024-09-28 19:34:35.330] [main] [info] Pinging all valve stations   ...DONE!
[2024-09-28 19:34:35.330] [main] [info] Pinging Non-Existing Test Server...
[2024-09-28 19:34:38.402] [main] [info] Pinging Non-Existing Test Server OK!
[2024-09-28 19:34:38.402] [main] [info] Pinging Non-Existing Test Server   ...DONE!
[2024-09-28 19:34:38.402] [main] [info] Pinging Pump Server Mayson...
[2024-09-28 19:34:38.501] [main] [info] Pump Server ping OK!
[2024-09-28 19:34:38.501] [main] [info] Pinging Pump Server Mayson   ...DONE!
[2024-09-28 19:34:38.501] [main] [info] Pinging all valve stations...
[2024-09-28 19:34:47.714] [main] [error] Fatal: James not available!
[2024-09-28 19:34:47.714] [main] [error] Fatal: Lucas not available!
[2024-09-28 19:34:47.714] [main] [error] Fatal: Felix not available!
[2024-09-28 19:34:47.714] [main] [info] Pinging all valve stations   ...DONE!
[2024-09-28 19:34:47.714] [main] [info] Pinging Non-Existing Test Server...
[2024-09-28 19:34:50.786] [main] [info] Pinging Non-Existing Test Server OK!
[2024-09-28 19:34:50.786] [main] [info] Pinging Non-Existing Test Server   ...DONE!
[2024-09-28 19:34:50.786] [main] [info] Pinging Pump Server Mayson...
[2024-09-28 19:34:50.883] [main] [info] Pump Server ping OK!
[2024-09-28 19:34:50.883] [main] [info] Pinging Pump Server Mayson   ...DONE!
[2024-09-28 19:34:50.883] [main] [info] Pinging all valve stations...
[2024-09-28 19:35:00.098] [main] [error] Fatal: James not available!
[2024-09-28 19:35:00.098] [main] [error] Fatal: Lucas not available!
[2024-09-28 19:35:00.098] [main] [error] Fatal: Felix not available!
[2024-09-28 19:35:00.098] [main] [info] Pinging all valve stations   ...DONE!
[2024-09-28 19:35:00.098] [main] [info] Pinging Non-Existing Test Server...
[2024-09-28 19:35:03.170] [main] [info] Pinging Non-Existing Test Server OK!
[2024-09-28 19:35:03.170] [main] [info] Pinging Non-Existing Test Server   ...DONE!
[2024-09-28 19:35:03.170] [main] [info] Pinging Pump Server Mayson...
[2024-09-28 19:35:03.279] [main] [info] Pump Server ping OK!
[2024-09-28 19:35:03.279] [main] [info] Pinging Pump Server Mayson   ...DONE!
[2024-09-28 19:35:03.279] [main] [info] Pinging all valve stations...
[2024-09-28 19:35:12.482] [main] [error] Fatal: James not available!
[2024-09-28 19:35:12.482] [main] [error] Fatal: Lucas not available!
[2024-09-28 19:35:12.482] [main] [error] Fatal: Felix not available!
[2024-09-28 19:35:12.482] [main] [info] Pinging all valve stations   ...DONE!
[2024-09-28 19:35:12.482] [main] [info] Pinging Non-Existing Test Server...
[2024-09-28 19:35:15.554] [main] [info] Pinging Non-Existing Test Server OK!
[2024-09-28 19:35:15.554] [main] [info] Pinging Non-Existing Test Server   ...DONE!
[2024-09-28 19:35:15.554] [main] [info] Pinging Pump Server Mayson...
[2024-09-28 19:35:15.663] [main] [info] Pump Server ping OK!
[2024-09-28 19:35:15.663] [main] [info] Pinging Pump Server Mayson   ...DONE!
[2024-09-28 19:35:15.663] [main] [info] Pinging all valve stations...
[2024-09-28 19:35:24.866] [main] [error] Fatal: James not available!
[2024-09-28 19:35:24.866] [main] [error] Fatal: Lucas not available!
[2024-09-28 19:35:24.866] [main] [error] Fatal: Felix not available!
[2024-09-28 19:35:24.866] [main] [info] Pinging all valve stations   ...DONE!
[2024-09-28 19:35:24.866] [main] [info] Pinging Non-Existing Test Server...
[2024-09-28 19:35:27.938] [main] [info] Pinging Non-Existing Test Server OK!
[2024-09-28 19:35:27.938] [main] [info] Pinging Non-Existing Test Server   ...DONE!
[2024-09-28 19:35:27.938] [main] [info] Pinging Pump Server Mayson...
[2024-09-28 19:35:28.055] [main] [info] Pump Server ping OK!
[2024-09-28 19:35:28.056] [main] [info] Pinging Pump Server Mayson   ...DONE!
[2024-09-28 19:35:28.056] [main] [info] Pinging all valve stations...
[2024-09-28 19:35:37.282] [main] [error] Fatal: James not available!
[2024-09-28 19:35:37.282] [main] [error] Fatal: Lucas not available!
[2024-09-28 19:35:37.282] [main] [error] Fatal: Felix not available!
[2024-09-28 19:35:37.282] [main] [info] Pinging all valve stations   ...DONE!
[2024-09-28 19:35:37.282] [main] [info] Pinging Non-Existing Test Server...
[2024-09-28 19:35:40.354] [main] [info] Pinging Non-Existing Test Server OK!
[2024-09-28 19:35:40.354] [main] [info] Pinging Non-Existing Test Server   ...DONE!
[2024-09-28 19:35:40.354] [main] [info] Pinging Pump Server Mayson...
[2024-09-28 19:35:40.461] [main] [info] Pump Server ping OK!
[2024-09-28 19:35:40.461] [main] [info] Pinging Pump Server Mayson   ...DONE!
[2024-09-28 19:35:40.461] [main] [info] Pinging all valve stations...
[2024-09-28 19:35:49.666] [main] [error] Fatal: James not available!
[2024-09-28 19:35:49.666] [main] [error] Fatal: Lucas not available!
[2024-09-28 19:35:49.666] [main] [error] Fatal: Felix not available!
[2024-09-28 19:35:49.666] [main] [info] Pinging all valve stations   ...DONE!
[2024-09-28 19:35:49.666] [main] [info] Pinging Non-Existing Test Server...
[2024-09-28 19:35:52.738] [main] [info] Pinging Non-Existing Test Server OK!
[2024-09-28 19:35:52.738] [main] [info] Pinging Non-Existing Test Server   ...DONE!
[2024-09-28 19:35:52.738] [main] [info] Pinging Pump Server Mayson...
[2024-09-28 19:35:52.845] [main] [info] Pump Server ping OK!
[2024-09-28 19:35:52.845] [main] [info] Pinging Pump Server Mayson   ...DONE!
[2024-09-28 19:35:52.845] [main] [info] Pinging all valve stations...
[2024-09-28 19:36:02.050] [main] [error] Fatal: James not available!
[2024-09-28 19:36:02.050] [main] [error] Fatal: Lucas not available!
[2024-09-28 19:36:02.050] [main] [error] Fatal: Felix not available!
[2024-09-28 19:36:02.050] [main] [info] Pinging all valve stations   ...DONE!
[2024-09-28 19:36:02.050] [main] [info] Pinging Non-Existing Test Server...
[2024-09-28 19:36:05.122] [main] [info] Pinging Non-Existing Test Server OK!
[2024-09-28 19:36:05.122] [main] [info] Pinging Non-Existing Test Server   ...DONE!
[2024-09-28 19:36:05.122] [main] [info] Pinging Pump Server Mayson...
[2024-09-28 19:36:05.346] [main] [info] Pump Server ping OK!
[2024-09-28 19:36:05.346] [main] [info] Pinging Pump Server Mayson   ...DONE!
[2024-09-28 19:36:05.346] [main] [info] Pinging all valve stations...
[2024-09-28 19:36:14.562] [main] [error] Fatal: James not available!
[2024-09-28 19:36:14.562] [main] [error] Fatal: Lucas not available!
[2024-09-28 19:36:14.562] [main] [error] Fatal: Felix not available!
[2024-09-28 19:36:14.562] [main] [info] Pinging all valve stations   ...DONE!
[2024-09-28 19:36:14.562] [main] [info] Pinging Non-Existing Test Server...
[2024-09-28 19:36:17.634] [main] [info] Pinging Non-Existing Test Server OK!
[2024-09-28 19:36:17.634] [main] [info] Pinging Non-Existing Test Server   ...DONE!
[2024-09-28 19:36:17.634] [main] [info] Pinging Pump Server Mayson...
[2024-09-28 19:36:17.736] [main] [info] Pump Server ping OK!
[2024-09-28 19:36:17.736] [main] [info] Pinging Pump Server Mayson   ...DONE!
[2024-09-28 19:36:17.736] [main] [info] Pinging all valve stations...
[2024-09-28 19:36:26.946] [main] [error] Fatal: James not available!
[2024-09-28 19:36:26.946] [main] [error] Fatal: Lucas not available!
[2024-09-28 19:36:26.946] [main] [error] Fatal: Felix not available!
[2024-09-28 19:36:26.946] [main] [info] Pinging all valve stations   ...DONE!
[2024-09-28 19:36:26.946] [main] [info] Pinging Non-Existing Test Server...
[2024-09-28 19:36:30.018] [main] [info] Pinging Non-Existing Test Server OK!
[2024-09-28 19:36:30.018] [main] [info] Pinging Non-Existing Test Server   ...DONE!
[2024-09-28 19:36:30.018] [main] [info] Pinging Pump Server Mayson...
[2024-09-28 19:36:30.136] [main] [info] Pump Server ping OK!
[2024-09-28 19:36:30.136] [main] [info] Pinging Pump Server Mayson   ...DONE!
[2024-09-28 19:36:30.136] [main] [info] Pinging all valve stations...
[2024-09-28 19:36:39.362] [main] [error] Fatal: James not available!
[2024-09-28 19:36:39.362] [main] [error] Fatal: Lucas not available!
[2024-09-28 19:36:39.362] [main] [error] Fatal: Felix not available!
[2024-09-28 19:36:39.362] [main] [info] Pinging all valve stations   ...DONE!
[2024-09-28 19:36:39.362] [main] [info] Pinging Non-Existing Test Server...
[2024-09-28 19:36:42.434] [main] [info] Pinging Non-Existing Test Server OK!
[2024-09-28 19:36:42.435] [main] [info] Pinging Non-Existing Test Server   ...DONE!
[2024-09-28 19:36:42.435] [main] [info] Pinging Pump Server Mayson...
[2024-09-28 19:36:42.630] [main] [info] Pump Server ping OK!
[2024-09-28 19:36:42.630] [main] [info] Pinging Pump Server Mayson   ...DONE!
[2024-09-28 19:36:42.630] [main] [info] Pinging all valve stations...
[2024-09-28 19:36:51.842] [main] [error] Fatal: James not available!
[2024-09-28 19:36:51.842] [main] [error] Fatal: Lucas not available!
[2024-09-28 19:36:51.842] [main] [error] Fatal: Felix not available!
[2024-09-28 19:36:51.842] [main] [info] Pinging all valve stations   ...DONE!
[2024-09-28 19:36:51.842] [main] [info] Pinging Non-Existing Test Server...
[2024-09-28 19:36:54.914] [main] [info] Pinging Non-Existing Test Server OK!
[2024-09-28 19:36:54.914] [main] [info] Pinging Non-Existing Test Server   ...DONE!
[2024-09-28 19:36:55.386] [main] [info] Creating Landscape...
[2024-09-28 19:36:55.386] [main] [info] Creating Landscape...
[2024-09-28 19:36:55.386] [main] [info] Creating Felix...
[2024-09-28 19:36:55.386] [main] [info] Creating James...
[2024-09-28 19:36:55.386] [main] [info] Creating Lucas...
[2024-09-28 19:36:55.386] [main] [info] Fetching timestamp...
std::chrono::system_clock::now().time_since_epoch()   :   1727545015386785035
get_seconds_since_epoch_now(bool verbose /* true */)   :   1727545015
minutes since epoch   :   28792416
minute of day   :   1056
minute of hour   :   36
hour of day   :   17
[2024-09-28 19:36:55.386] [main] [info] Checking timestamp.txt...
[2024-09-28 19:36:55.386] [main] [debug] The timestamp.txt is always written when watering is triggered. It is read to check if I was already done with watering some minutes ago.
previous time_stamp:   28791580
[2024-09-28 19:36:55.387] [main] [info] Checking timestamp.txt   ...DONE!
[2024-09-28 19:36:55.387] [main] [info] It's not time for watering now!
[2024-09-28 19:36:55.387] [main] [info] Minute Intraday:   1056
[2024-09-28 19:36:55.387] [main] [info] Days since Epoch:   19994
[2024-09-28 19:36:55.387] [main] [info] Accumulated watering times:

Felix   :           Klee Feld  :      0.00 min
Felix   :          Eiben Klee  :      0.00 min
James   :              Erbsen  :      0.00 min
James   :          Kartoffeln  :      0.00 min
James   :              Gurken  :      0.00 min
James   :        Tomaten+Mara  :      0.00 min
Lucas   :      Bohnen-Flieder  :      0.00 min
Lucas   :        Heidelbeeren  :      0.00 min
Lucas   :            Karotten  :      0.00 min

%%%%%%%%%%     [4] Run the executable   ...DONE!
elapsed time:   249s
=====================================================================================================
