=====================================================================================================
%%%%%%%%%%     [6] Uploading logs and go sleeping...
> sudo -u mayadm git checkout artifacts
Bereits auf 'artifacts'
D	maya/artifacts/logs/15881--2024-09-28--22h36---7.log
D	maya/artifacts/logs/15882--2024-09-28--23h22---1.log
D	maya/artifacts/logs/15882--2024-09-28--23h22---2.log
D	maya/artifacts/logs/15882--2024-09-28--23h22---3.log
D	maya/artifacts/logs/15882--2024-09-28--23h22---4.log
D	maya/artifacts/logs/15882--2024-09-28--23h22---5.log
D	maya/artifacts/logs/15882--2024-09-28--23h22---6.log
Ihr Branch ist auf demselben Stand wie 'origin/artifacts'.
> sudo -u mayadm git pull
Bereits aktuell.
> sudo -u mayadm git merge maya-productive
Bereits aktuell.
> sudo -u mayadm git add "../artifacts/logs/*.log" -f
> sudo -u mayadm git add -u
> sudo -u mayadm git commit -m "logs at 2024-09-29--00h08"
[artifacts 4b27fbd3a] logs at 2024-09-29--00h08
 8 files changed, 297 insertions(+), 297 deletions(-)
 delete mode 100644 maya/artifacts/logs/15882--2024-09-28--23h22---4.log
 rename maya/artifacts/logs/{15881--2024-09-28--22h36---7.log => 15882--2024-09-28--23h22---7.log} (61%)
 rename maya/artifacts/logs/{15882--2024-09-28--23h22---1.log => 15883--2024-09-29--00h08---1.log} (91%)
 rename maya/artifacts/logs/{15882--2024-09-28--23h22---2.log => 15883--2024-09-29--00h08---2.log} (100%)
 rename maya/artifacts/logs/{15882--2024-09-28--23h22---3.log => 15883--2024-09-29--00h08---3.log} (95%)
 create mode 100644 maya/artifacts/logs/15883--2024-09-29--00h08---4.log
 rename maya/artifacts/logs/{15882--2024-09-28--23h22---5.log => 15883--2024-09-29--00h08---5.log} (75%)
 rename maya/artifacts/logs/{15882--2024-09-28--23h22---6.log => 15883--2024-09-29--00h08---6.log} (100%)
> sudo -u mayadm git push
To https://github.com/Necktschnagge/wired-watering
   be482b053..4b27fbd3a  artifacts -> artifacts
> sudo -u mayadm git checkout maya-productive
Zu Zweig »maya-productive« gewechselt
Ihr Branch ist auf demselben Stand wie 'origin/maya-productive'.
> sudo -u mayadm git push
Everything up-to-date
##############################################################
###################                        ###################
###################     GOING TO SLEEP     ###################
###################                        ###################
##############################################################
#######                                                #######
#######   Press CTRL + C NOW to abort script safely!   #######
#######                                                #######
##############################################################
##############################################################
#######                                                #######
#######               NOW GOING TO SLEEP               #######
#######                                                #######
##############################################################
> rtcwake -m mem -s 2400
rtcwake: RTC wird als UTC interpretiert …
rtcwake: aufwachen von „mem“ durch /dev/rtc0 bei Sat Sep 28 22:54:17 2024
##############################################################
#######                                                #######
#######            just waked up from sleep            #######
#######                                                #######
##############################################################
%%%%%%%%%%     [6] Uploading logs and go sleeping   ...DONE!
elapsed time:   2420s
=====================================================================================================
