=====================================================================================================
%%%%%%%%%%     [4] Run the executable...
>Please note:  Even if all builds failed, the last built executable is still there and will be started!
> sudo -u mayadm ./ur-unix-run.sh
[2024-09-29 02:28:25.816] [main] [info] Pinging Pump Server Mayson...
[2024-09-29 02:28:25.891] [main] [info] Pump Server ping OK!
[2024-09-29 02:28:25.891] [main] [info] Pinging Pump Server Mayson   ...DONE!
[2024-09-29 02:28:25.891] [main] [info] Pinging all valve stations...
[2024-09-29 02:28:35.103] [main] [error] Fatal: James not available!
[2024-09-29 02:28:35.103] [main] [error] Fatal: Lucas not available!
[2024-09-29 02:28:35.103] [main] [error] Fatal: Felix not available!
[2024-09-29 02:28:35.103] [main] [info] Pinging all valve stations   ...DONE!
[2024-09-29 02:28:35.103] [main] [info] Pinging Non-Existing Test Server...
[2024-09-29 02:28:38.175] [main] [info] Pinging Non-Existing Test Server OK!
[2024-09-29 02:28:38.175] [main] [info] Pinging Non-Existing Test Server   ...DONE!
[2024-09-29 02:28:38.175] [main] [info] Pinging Pump Server Mayson...
[2024-09-29 02:28:38.291] [main] [info] Pump Server ping OK!
[2024-09-29 02:28:38.291] [main] [info] Pinging Pump Server Mayson   ...DONE!
[2024-09-29 02:28:38.291] [main] [info] Pinging all valve stations...
[2024-09-29 02:28:47.487] [main] [error] Fatal: James not available!
[2024-09-29 02:28:47.487] [main] [error] Fatal: Lucas not available!
[2024-09-29 02:28:47.487] [main] [error] Fatal: Felix not available!
[2024-09-29 02:28:47.487] [main] [info] Pinging all valve stations   ...DONE!
[2024-09-29 02:28:47.487] [main] [info] Pinging Non-Existing Test Server...
[2024-09-29 02:28:50.559] [main] [info] Pinging Non-Existing Test Server OK!
[2024-09-29 02:28:50.559] [main] [info] Pinging Non-Existing Test Server   ...DONE!
[2024-09-29 02:28:50.559] [main] [info] Pinging Pump Server Mayson...
[2024-09-29 02:28:50.676] [main] [info] Pump Server ping OK!
[2024-09-29 02:28:50.676] [main] [info] Pinging Pump Server Mayson   ...DONE!
[2024-09-29 02:28:50.676] [main] [info] Pinging all valve stations...
[2024-09-29 02:28:59.871] [main] [error] Fatal: James not available!
[2024-09-29 02:28:59.871] [main] [error] Fatal: Lucas not available!
[2024-09-29 02:28:59.871] [main] [error] Fatal: Felix not available!
[2024-09-29 02:28:59.871] [main] [info] Pinging all valve stations   ...DONE!
[2024-09-29 02:28:59.871] [main] [info] Pinging Non-Existing Test Server...
[2024-09-29 02:29:02.943] [main] [info] Pinging Non-Existing Test Server OK!
[2024-09-29 02:29:02.943] [main] [info] Pinging Non-Existing Test Server   ...DONE!
[2024-09-29 02:29:02.943] [main] [info] Pinging Pump Server Mayson...
[2024-09-29 02:29:03.059] [main] [info] Pump Server ping OK!
[2024-09-29 02:29:03.059] [main] [info] Pinging Pump Server Mayson   ...DONE!
[2024-09-29 02:29:03.059] [main] [info] Pinging all valve stations...
[2024-09-29 02:29:12.287] [main] [error] Fatal: James not available!
[2024-09-29 02:29:12.287] [main] [error] Fatal: Lucas not available!
[2024-09-29 02:29:12.287] [main] [error] Fatal: Felix not available!
[2024-09-29 02:29:12.287] [main] [info] Pinging all valve stations   ...DONE!
[2024-09-29 02:29:12.287] [main] [info] Pinging Non-Existing Test Server...
[2024-09-29 02:29:15.359] [main] [info] Pinging Non-Existing Test Server OK!
[2024-09-29 02:29:15.360] [main] [info] Pinging Non-Existing Test Server   ...DONE!
[2024-09-29 02:29:15.360] [main] [info] Pinging Pump Server Mayson...
[2024-09-29 02:29:15.449] [main] [info] Pump Server ping OK!
[2024-09-29 02:29:15.449] [main] [info] Pinging Pump Server Mayson   ...DONE!
[2024-09-29 02:29:15.449] [main] [info] Pinging all valve stations...
[2024-09-29 02:29:24.671] [main] [error] Fatal: James not available!
[2024-09-29 02:29:24.671] [main] [error] Fatal: Lucas not available!
[2024-09-29 02:29:24.671] [main] [error] Fatal: Felix not available!
[2024-09-29 02:29:24.671] [main] [info] Pinging all valve stations   ...DONE!
[2024-09-29 02:29:24.671] [main] [info] Pinging Non-Existing Test Server...
[2024-09-29 02:29:27.743] [main] [info] Pinging Non-Existing Test Server OK!
[2024-09-29 02:29:27.743] [main] [info] Pinging Non-Existing Test Server   ...DONE!
[2024-09-29 02:29:27.743] [main] [info] Pinging Pump Server Mayson...
[2024-09-29 02:29:27.845] [main] [info] Pump Server ping OK!
[2024-09-29 02:29:27.845] [main] [info] Pinging Pump Server Mayson   ...DONE!
[2024-09-29 02:29:27.845] [main] [info] Pinging all valve stations...
[2024-09-29 02:29:37.055] [main] [error] Fatal: James not available!
[2024-09-29 02:29:37.055] [main] [error] Fatal: Lucas not available!
[2024-09-29 02:29:37.055] [main] [error] Fatal: Felix not available!
[2024-09-29 02:29:37.055] [main] [info] Pinging all valve stations   ...DONE!
[2024-09-29 02:29:37.055] [main] [info] Pinging Non-Existing Test Server...
[2024-09-29 02:29:40.127] [main] [info] Pinging Non-Existing Test Server OK!
[2024-09-29 02:29:40.127] [main] [info] Pinging Non-Existing Test Server   ...DONE!
[2024-09-29 02:29:40.127] [main] [info] Pinging Pump Server Mayson...
[2024-09-29 02:29:40.226] [main] [info] Pump Server ping OK!
[2024-09-29 02:29:40.226] [main] [info] Pinging Pump Server Mayson   ...DONE!
[2024-09-29 02:29:40.226] [main] [info] Pinging all valve stations...
[2024-09-29 02:29:49.439] [main] [error] Fatal: James not available!
[2024-09-29 02:29:49.439] [main] [error] Fatal: Lucas not available!
[2024-09-29 02:29:49.439] [main] [error] Fatal: Felix not available!
[2024-09-29 02:29:49.439] [main] [info] Pinging all valve stations   ...DONE!
[2024-09-29 02:29:49.439] [main] [info] Pinging Non-Existing Test Server...
[2024-09-29 02:29:52.511] [main] [info] Pinging Non-Existing Test Server OK!
[2024-09-29 02:29:52.511] [main] [info] Pinging Non-Existing Test Server   ...DONE!
[2024-09-29 02:29:52.511] [main] [info] Pinging Pump Server Mayson...
[2024-09-29 02:29:52.741] [main] [info] Pump Server ping OK!
[2024-09-29 02:29:52.741] [main] [info] Pinging Pump Server Mayson   ...DONE!
[2024-09-29 02:29:52.742] [main] [info] Pinging all valve stations...
[2024-09-29 02:30:01.952] [main] [error] Fatal: James not available!
[2024-09-29 02:30:01.952] [main] [error] Fatal: Lucas not available!
[2024-09-29 02:30:01.952] [main] [error] Fatal: Felix not available!
[2024-09-29 02:30:01.952] [main] [info] Pinging all valve stations   ...DONE!
[2024-09-29 02:30:01.952] [main] [info] Pinging Non-Existing Test Server...
[2024-09-29 02:30:05.023] [main] [info] Pinging Non-Existing Test Server OK!
[2024-09-29 02:30:05.023] [main] [info] Pinging Non-Existing Test Server   ...DONE!
[2024-09-29 02:30:05.023] [main] [info] Pinging Pump Server Mayson...
[2024-09-29 02:30:05.121] [main] [info] Pump Server ping OK!
[2024-09-29 02:30:05.121] [main] [info] Pinging Pump Server Mayson   ...DONE!
[2024-09-29 02:30:05.121] [main] [info] Pinging all valve stations...
[2024-09-29 02:30:14.336] [main] [error] Fatal: James not available!
[2024-09-29 02:30:14.336] [main] [error] Fatal: Lucas not available!
[2024-09-29 02:30:14.336] [main] [error] Fatal: Felix not available!
[2024-09-29 02:30:14.336] [main] [info] Pinging all valve stations   ...DONE!
[2024-09-29 02:30:14.336] [main] [info] Pinging Non-Existing Test Server...
[2024-09-29 02:30:17.407] [main] [info] Pinging Non-Existing Test Server OK!
[2024-09-29 02:30:17.407] [main] [info] Pinging Non-Existing Test Server   ...DONE!
[2024-09-29 02:30:17.407] [main] [info] Pinging Pump Server Mayson...
[2024-09-29 02:30:17.520] [main] [info] Pump Server ping OK!
[2024-09-29 02:30:17.520] [main] [info] Pinging Pump Server Mayson   ...DONE!
[2024-09-29 02:30:17.520] [main] [info] Pinging all valve stations...
[2024-09-29 02:30:26.719] [main] [error] Fatal: James not available!
[2024-09-29 02:30:26.719] [main] [error] Fatal: Lucas not available!
[2024-09-29 02:30:26.719] [main] [error] Fatal: Felix not available!
[2024-09-29 02:30:26.719] [main] [info] Pinging all valve stations   ...DONE!
[2024-09-29 02:30:26.719] [main] [info] Pinging Non-Existing Test Server...
[2024-09-29 02:30:29.791] [main] [info] Pinging Non-Existing Test Server OK!
[2024-09-29 02:30:29.791] [main] [info] Pinging Non-Existing Test Server   ...DONE!
[2024-09-29 02:30:29.791] [main] [info] Pinging Pump Server Mayson...
[2024-09-29 02:30:29.879] [main] [info] Pump Server ping OK!
[2024-09-29 02:30:29.879] [main] [info] Pinging Pump Server Mayson   ...DONE!
[2024-09-29 02:30:29.879] [main] [info] Pinging all valve stations...
[2024-09-29 02:30:39.103] [main] [error] Fatal: James not available!
[2024-09-29 02:30:39.103] [main] [error] Fatal: Lucas not available!
[2024-09-29 02:30:39.103] [main] [error] Fatal: Felix not available!
[2024-09-29 02:30:39.103] [main] [info] Pinging all valve stations   ...DONE!
[2024-09-29 02:30:39.103] [main] [info] Pinging Non-Existing Test Server...
[2024-09-29 02:30:42.175] [main] [info] Pinging Non-Existing Test Server OK!
[2024-09-29 02:30:42.175] [main] [info] Pinging Non-Existing Test Server   ...DONE!
[2024-09-29 02:30:42.175] [main] [info] Pinging Pump Server Mayson...
[2024-09-29 02:30:42.275] [main] [info] Pump Server ping OK!
[2024-09-29 02:30:42.275] [main] [info] Pinging Pump Server Mayson   ...DONE!
[2024-09-29 02:30:42.275] [main] [info] Pinging all valve stations...
[2024-09-29 02:30:51.487] [main] [error] Fatal: James not available!
[2024-09-29 02:30:51.487] [main] [error] Fatal: Lucas not available!
[2024-09-29 02:30:51.487] [main] [error] Fatal: Felix not available!
[2024-09-29 02:30:51.487] [main] [info] Pinging all valve stations   ...DONE!
[2024-09-29 02:30:51.487] [main] [info] Pinging Non-Existing Test Server...
[2024-09-29 02:30:54.559] [main] [info] Pinging Non-Existing Test Server OK!
[2024-09-29 02:30:54.559] [main] [info] Pinging Non-Existing Test Server   ...DONE!
[2024-09-29 02:30:54.559] [main] [info] Pinging Pump Server Mayson...
[2024-09-29 02:30:54.659] [main] [info] Pump Server ping OK!
[2024-09-29 02:30:54.659] [main] [info] Pinging Pump Server Mayson   ...DONE!
[2024-09-29 02:30:54.659] [main] [info] Pinging all valve stations...
[2024-09-29 02:31:03.871] [main] [error] Fatal: James not available!
[2024-09-29 02:31:03.871] [main] [error] Fatal: Lucas not available!
[2024-09-29 02:31:03.871] [main] [error] Fatal: Felix not available!
[2024-09-29 02:31:03.871] [main] [info] Pinging all valve stations   ...DONE!
[2024-09-29 02:31:03.871] [main] [info] Pinging Non-Existing Test Server...
[2024-09-29 02:31:06.943] [main] [info] Pinging Non-Existing Test Server OK!
[2024-09-29 02:31:06.943] [main] [info] Pinging Non-Existing Test Server   ...DONE!
[2024-09-29 02:31:06.943] [main] [info] Pinging Pump Server Mayson...
[2024-09-29 02:31:07.061] [main] [info] Pump Server ping OK!
[2024-09-29 02:31:07.061] [main] [info] Pinging Pump Server Mayson   ...DONE!
[2024-09-29 02:31:07.061] [main] [info] Pinging all valve stations...
[2024-09-29 02:31:16.287] [main] [error] Fatal: James not available!
[2024-09-29 02:31:16.287] [main] [error] Fatal: Lucas not available!
[2024-09-29 02:31:16.287] [main] [error] Fatal: Felix not available!
[2024-09-29 02:31:16.287] [main] [info] Pinging all valve stations   ...DONE!
[2024-09-29 02:31:16.287] [main] [info] Pinging Non-Existing Test Server...
[2024-09-29 02:31:19.359] [main] [info] Pinging Non-Existing Test Server OK!
[2024-09-29 02:31:19.359] [main] [info] Pinging Non-Existing Test Server   ...DONE!
[2024-09-29 02:31:19.359] [main] [info] Pinging Pump Server Mayson...
[2024-09-29 02:31:19.456] [main] [info] Pump Server ping OK!
[2024-09-29 02:31:19.456] [main] [info] Pinging Pump Server Mayson   ...DONE!
[2024-09-29 02:31:19.456] [main] [info] Pinging all valve stations...
[2024-09-29 02:31:28.671] [main] [error] Fatal: James not available!
[2024-09-29 02:31:28.671] [main] [error] Fatal: Lucas not available!
[2024-09-29 02:31:28.671] [main] [error] Fatal: Felix not available!
[2024-09-29 02:31:28.671] [main] [info] Pinging all valve stations   ...DONE!
[2024-09-29 02:31:28.671] [main] [info] Pinging Non-Existing Test Server...
[2024-09-29 02:31:31.743] [main] [info] Pinging Non-Existing Test Server OK!
[2024-09-29 02:31:31.743] [main] [info] Pinging Non-Existing Test Server   ...DONE!
[2024-09-29 02:31:31.743] [main] [info] Pinging Pump Server Mayson...
[2024-09-29 02:31:31.848] [main] [info] Pump Server ping OK!
[2024-09-29 02:31:31.848] [main] [info] Pinging Pump Server Mayson   ...DONE!
[2024-09-29 02:31:31.848] [main] [info] Pinging all valve stations...
[2024-09-29 02:31:41.055] [main] [error] Fatal: James not available!
[2024-09-29 02:31:41.055] [main] [error] Fatal: Lucas not available!
[2024-09-29 02:31:41.055] [main] [error] Fatal: Felix not available!
[2024-09-29 02:31:41.055] [main] [info] Pinging all valve stations   ...DONE!
[2024-09-29 02:31:41.055] [main] [info] Pinging Non-Existing Test Server...
[2024-09-29 02:31:44.127] [main] [info] Pinging Non-Existing Test Server OK!
[2024-09-29 02:31:44.127] [main] [info] Pinging Non-Existing Test Server   ...DONE!
[2024-09-29 02:31:44.127] [main] [info] Pinging Pump Server Mayson...
[2024-09-29 02:31:44.252] [main] [info] Pump Server ping OK!
[2024-09-29 02:31:44.252] [main] [info] Pinging Pump Server Mayson   ...DONE!
[2024-09-29 02:31:44.252] [main] [info] Pinging all valve stations...
[2024-09-29 02:31:53.471] [main] [error] Fatal: James not available!
[2024-09-29 02:31:53.471] [main] [error] Fatal: Lucas not available!
[2024-09-29 02:31:53.471] [main] [error] Fatal: Felix not available!
[2024-09-29 02:31:53.471] [main] [info] Pinging all valve stations   ...DONE!
[2024-09-29 02:31:53.471] [main] [info] Pinging Non-Existing Test Server...
[2024-09-29 02:31:56.543] [main] [info] Pinging Non-Existing Test Server OK!
[2024-09-29 02:31:56.543] [main] [info] Pinging Non-Existing Test Server   ...DONE!
[2024-09-29 02:31:56.543] [main] [info] Pinging Pump Server Mayson...
[2024-09-29 02:31:56.650] [main] [info] Pump Server ping OK!
[2024-09-29 02:31:56.650] [main] [info] Pinging Pump Server Mayson   ...DONE!
[2024-09-29 02:31:56.650] [main] [info] Pinging all valve stations...
[2024-09-29 02:32:05.855] [main] [error] Fatal: James not available!
[2024-09-29 02:32:05.855] [main] [error] Fatal: Lucas not available!
[2024-09-29 02:32:05.855] [main] [error] Fatal: Felix not available!
[2024-09-29 02:32:05.855] [main] [info] Pinging all valve stations   ...DONE!
[2024-09-29 02:32:05.855] [main] [info] Pinging Non-Existing Test Server...
[2024-09-29 02:32:08.927] [main] [info] Pinging Non-Existing Test Server OK!
[2024-09-29 02:32:08.927] [main] [info] Pinging Non-Existing Test Server   ...DONE!
[2024-09-29 02:32:08.927] [main] [info] Pinging Pump Server Mayson...
[2024-09-29 02:32:09.021] [main] [info] Pump Server ping OK!
[2024-09-29 02:32:09.021] [main] [info] Pinging Pump Server Mayson   ...DONE!
[2024-09-29 02:32:09.021] [main] [info] Pinging all valve stations...
[2024-09-29 02:32:18.239] [main] [error] Fatal: James not available!
[2024-09-29 02:32:18.239] [main] [error] Fatal: Lucas not available!
[2024-09-29 02:32:18.239] [main] [error] Fatal: Felix not available!
[2024-09-29 02:32:18.239] [main] [info] Pinging all valve stations   ...DONE!
[2024-09-29 02:32:18.239] [main] [info] Pinging Non-Existing Test Server...
[2024-09-29 02:32:21.311] [main] [info] Pinging Non-Existing Test Server OK!
[2024-09-29 02:32:21.312] [main] [info] Pinging Non-Existing Test Server   ...DONE!
[2024-09-29 02:32:21.312] [main] [info] Pinging Pump Server Mayson...
[2024-09-29 02:32:21.432] [main] [info] Pump Server ping OK!
[2024-09-29 02:32:21.432] [main] [info] Pinging Pump Server Mayson   ...DONE!
[2024-09-29 02:32:21.432] [main] [info] Pinging all valve stations...
[2024-09-29 02:32:30.655] [main] [error] Fatal: James not available!
[2024-09-29 02:32:30.655] [main] [error] Fatal: Lucas not available!
[2024-09-29 02:32:30.655] [main] [error] Fatal: Felix not available!
[2024-09-29 02:32:30.655] [main] [info] Pinging all valve stations   ...DONE!
[2024-09-29 02:32:30.655] [main] [info] Pinging Non-Existing Test Server...
[2024-09-29 02:32:33.727] [main] [info] Pinging Non-Existing Test Server OK!
[2024-09-29 02:32:33.727] [main] [info] Pinging Non-Existing Test Server   ...DONE!
[2024-09-29 02:32:34.156] [main] [info] Creating Landscape...
[2024-09-29 02:32:34.156] [main] [info] Creating Landscape...
[2024-09-29 02:32:34.156] [main] [info] Creating Felix...
[2024-09-29 02:32:34.156] [main] [info] Creating James...
[2024-09-29 02:32:34.156] [main] [info] Creating Lucas...
[2024-09-29 02:32:34.156] [main] [info] Fetching timestamp...
std::chrono::system_clock::now().time_since_epoch()   :   1727569954156698385
get_seconds_since_epoch_now(bool verbose /* true */)   :   1727569954
minutes since epoch   :   28792832
minute of day   :   32
minute of hour   :   32
hour of day   :   0
[2024-09-29 02:32:34.156] [main] [info] Checking timestamp.txt...
[2024-09-29 02:32:34.156] [main] [debug] The timestamp.txt is always written when watering is triggered. It is read to check if I was already done with watering some minutes ago.
previous time_stamp:   28791580
[2024-09-29 02:32:34.157] [main] [info] Checking timestamp.txt   ...DONE!
[2024-09-29 02:32:34.157] [main] [info] It's not time for watering now!
[2024-09-29 02:32:34.157] [main] [info] Minute Intraday:   32
[2024-09-29 02:32:34.157] [main] [info] Days since Epoch:   19995
[2024-09-29 02:32:34.157] [main] [info] Accumulated watering times:

Felix   :           Klee Feld  :      0.00 min
Felix   :          Eiben Klee  :      0.00 min
James   :              Erbsen  :      0.00 min
James   :          Kartoffeln  :      0.00 min
James   :              Gurken  :      0.00 min
James   :        Tomaten+Mara  :      0.00 min
Lucas   :      Bohnen-Flieder  :      0.00 min
Lucas   :        Heidelbeeren  :      0.00 min
Lucas   :            Karotten  :      0.00 min

%%%%%%%%%%     [4] Run the executable   ...DONE!
elapsed time:   249s
=====================================================================================================
