=====================================================================================================
%%%%%%%%%%     [4] Run the executable...
>Please note:  Even if all builds failed, the last built executable is still there and will be started!
> sudo -u mayadm ./ur-unix-run.sh
[2024-09-29 12:29:58.505] [main] [info] Pinging Pump Server Mayson...
[2024-09-29 12:29:58.551] [main] [info] Pump Server ping OK!
[2024-09-29 12:29:58.551] [main] [info] Pinging Pump Server Mayson   ...DONE!
[2024-09-29 12:29:58.551] [main] [info] Pinging all valve stations...
[2024-09-29 12:30:07.749] [main] [error] Fatal: James not available!
[2024-09-29 12:30:07.749] [main] [error] Fatal: Lucas not available!
[2024-09-29 12:30:07.749] [main] [error] Fatal: Felix not available!
[2024-09-29 12:30:07.749] [main] [info] Pinging all valve stations   ...DONE!
[2024-09-29 12:30:07.749] [main] [info] Pinging Non-Existing Test Server...
[2024-09-29 12:30:10.821] [main] [info] Pinging Non-Existing Test Server OK!
[2024-09-29 12:30:10.821] [main] [info] Pinging Non-Existing Test Server   ...DONE!
[2024-09-29 12:30:10.821] [main] [info] Pinging Pump Server Mayson...
[2024-09-29 12:30:10.936] [main] [info] Pump Server ping OK!
[2024-09-29 12:30:10.936] [main] [info] Pinging Pump Server Mayson   ...DONE!
[2024-09-29 12:30:10.936] [main] [info] Pinging all valve stations...
[2024-09-29 12:30:20.133] [main] [error] Fatal: James not available!
[2024-09-29 12:30:20.133] [main] [error] Fatal: Lucas not available!
[2024-09-29 12:30:20.133] [main] [error] Fatal: Felix not available!
[2024-09-29 12:30:20.133] [main] [info] Pinging all valve stations   ...DONE!
[2024-09-29 12:30:20.133] [main] [info] Pinging Non-Existing Test Server...
[2024-09-29 12:30:23.205] [main] [info] Pinging Non-Existing Test Server OK!
[2024-09-29 12:30:23.205] [main] [info] Pinging Non-Existing Test Server   ...DONE!
[2024-09-29 12:30:23.205] [main] [info] Pinging Pump Server Mayson...
[2024-09-29 12:30:23.322] [main] [info] Pump Server ping OK!
[2024-09-29 12:30:23.322] [main] [info] Pinging Pump Server Mayson   ...DONE!
[2024-09-29 12:30:23.322] [main] [info] Pinging all valve stations...
[2024-09-29 12:30:32.549] [main] [error] Fatal: James not available!
[2024-09-29 12:30:32.549] [main] [error] Fatal: Lucas not available!
[2024-09-29 12:30:32.549] [main] [error] Fatal: Felix not available!
[2024-09-29 12:30:32.549] [main] [info] Pinging all valve stations   ...DONE!
[2024-09-29 12:30:32.549] [main] [info] Pinging Non-Existing Test Server...
[2024-09-29 12:30:35.621] [main] [info] Pinging Non-Existing Test Server OK!
[2024-09-29 12:30:35.621] [main] [info] Pinging Non-Existing Test Server   ...DONE!
[2024-09-29 12:30:35.621] [main] [info] Pinging Pump Server Mayson...
[2024-09-29 12:30:35.710] [main] [info] Pump Server ping OK!
[2024-09-29 12:30:35.710] [main] [info] Pinging Pump Server Mayson   ...DONE!
[2024-09-29 12:30:35.710] [main] [info] Pinging all valve stations...
[2024-09-29 12:30:44.933] [main] [error] Fatal: James not available!
[2024-09-29 12:30:44.933] [main] [error] Fatal: Lucas not available!
[2024-09-29 12:30:44.933] [main] [error] Fatal: Felix not available!
[2024-09-29 12:30:44.933] [main] [info] Pinging all valve stations   ...DONE!
[2024-09-29 12:30:44.933] [main] [info] Pinging Non-Existing Test Server...
[2024-09-29 12:30:48.005] [main] [info] Pinging Non-Existing Test Server OK!
[2024-09-29 12:30:48.005] [main] [info] Pinging Non-Existing Test Server   ...DONE!
[2024-09-29 12:30:48.005] [main] [info] Pinging Pump Server Mayson...
[2024-09-29 12:30:48.200] [main] [info] Pump Server ping OK!
[2024-09-29 12:30:48.200] [main] [info] Pinging Pump Server Mayson   ...DONE!
[2024-09-29 12:30:48.200] [main] [info] Pinging all valve stations...
[2024-09-29 12:30:57.413] [main] [error] Fatal: James not available!
[2024-09-29 12:30:57.413] [main] [error] Fatal: Lucas not available!
[2024-09-29 12:30:57.413] [main] [error] Fatal: Felix not available!
[2024-09-29 12:30:57.413] [main] [info] Pinging all valve stations   ...DONE!
[2024-09-29 12:30:57.413] [main] [info] Pinging Non-Existing Test Server...
[2024-09-29 12:31:00.485] [main] [info] Pinging Non-Existing Test Server OK!
[2024-09-29 12:31:00.485] [main] [info] Pinging Non-Existing Test Server   ...DONE!
[2024-09-29 12:31:00.485] [main] [info] Pinging Pump Server Mayson...
[2024-09-29 12:31:00.590] [main] [info] Pump Server ping OK!
[2024-09-29 12:31:00.590] [main] [info] Pinging Pump Server Mayson   ...DONE!
[2024-09-29 12:31:00.590] [main] [info] Pinging all valve stations...
[2024-09-29 12:31:09.797] [main] [error] Fatal: James not available!
[2024-09-29 12:31:09.797] [main] [error] Fatal: Lucas not available!
[2024-09-29 12:31:09.797] [main] [error] Fatal: Felix not available!
[2024-09-29 12:31:09.797] [main] [info] Pinging all valve stations   ...DONE!
[2024-09-29 12:31:09.797] [main] [info] Pinging Non-Existing Test Server...
[2024-09-29 12:31:12.869] [main] [info] Pinging Non-Existing Test Server OK!
[2024-09-29 12:31:12.869] [main] [info] Pinging Non-Existing Test Server   ...DONE!
[2024-09-29 12:31:12.869] [main] [info] Pinging Pump Server Mayson...
[2024-09-29 12:31:13.081] [main] [info] Pump Server ping OK!
[2024-09-29 12:31:13.081] [main] [info] Pinging Pump Server Mayson   ...DONE!
[2024-09-29 12:31:13.081] [main] [info] Pinging all valve stations...
[2024-09-29 12:31:22.309] [main] [error] Fatal: James not available!
[2024-09-29 12:31:22.309] [main] [error] Fatal: Lucas not available!
[2024-09-29 12:31:22.309] [main] [error] Fatal: Felix not available!
[2024-09-29 12:31:22.309] [main] [info] Pinging all valve stations   ...DONE!
[2024-09-29 12:31:22.309] [main] [info] Pinging Non-Existing Test Server...
[2024-09-29 12:31:25.381] [main] [info] Pinging Non-Existing Test Server OK!
[2024-09-29 12:31:25.381] [main] [info] Pinging Non-Existing Test Server   ...DONE!
[2024-09-29 12:31:25.381] [main] [info] Pinging Pump Server Mayson...
[2024-09-29 12:31:25.469] [main] [info] Pump Server ping OK!
[2024-09-29 12:31:25.469] [main] [info] Pinging Pump Server Mayson   ...DONE!
[2024-09-29 12:31:25.469] [main] [info] Pinging all valve stations...
[2024-09-29 12:31:34.693] [main] [error] Fatal: James not available!
[2024-09-29 12:31:34.693] [main] [error] Fatal: Lucas not available!
[2024-09-29 12:31:34.693] [main] [error] Fatal: Felix not available!
[2024-09-29 12:31:34.693] [main] [info] Pinging all valve stations   ...DONE!
[2024-09-29 12:31:34.693] [main] [info] Pinging Non-Existing Test Server...
[2024-09-29 12:31:37.765] [main] [info] Pinging Non-Existing Test Server OK!
[2024-09-29 12:31:37.765] [main] [info] Pinging Non-Existing Test Server   ...DONE!
[2024-09-29 12:31:37.765] [main] [info] Pinging Pump Server Mayson...
[2024-09-29 12:31:37.863] [main] [info] Pump Server ping OK!
[2024-09-29 12:31:37.863] [main] [info] Pinging Pump Server Mayson   ...DONE!
[2024-09-29 12:31:37.863] [main] [info] Pinging all valve stations...
[2024-09-29 12:31:47.077] [main] [error] Fatal: James not available!
[2024-09-29 12:31:47.077] [main] [error] Fatal: Lucas not available!
[2024-09-29 12:31:47.077] [main] [error] Fatal: Felix not available!
[2024-09-29 12:31:47.077] [main] [info] Pinging all valve stations   ...DONE!
[2024-09-29 12:31:47.077] [main] [info] Pinging Non-Existing Test Server...
[2024-09-29 12:31:50.149] [main] [info] Pinging Non-Existing Test Server OK!
[2024-09-29 12:31:50.149] [main] [info] Pinging Non-Existing Test Server   ...DONE!
[2024-09-29 12:31:50.149] [main] [info] Pinging Pump Server Mayson...
[2024-09-29 12:31:50.379] [main] [info] Pump Server ping OK!
[2024-09-29 12:31:50.379] [main] [info] Pinging Pump Server Mayson   ...DONE!
[2024-09-29 12:31:50.379] [main] [info] Pinging all valve stations...
[2024-09-29 12:31:59.589] [main] [error] Fatal: James not available!
[2024-09-29 12:31:59.589] [main] [error] Fatal: Lucas not available!
[2024-09-29 12:31:59.589] [main] [error] Fatal: Felix not available!
[2024-09-29 12:31:59.589] [main] [info] Pinging all valve stations   ...DONE!
[2024-09-29 12:31:59.589] [main] [info] Pinging Non-Existing Test Server...
[2024-09-29 12:32:02.661] [main] [info] Pinging Non-Existing Test Server OK!
[2024-09-29 12:32:02.661] [main] [info] Pinging Non-Existing Test Server   ...DONE!
[2024-09-29 12:32:02.661] [main] [info] Pinging Pump Server Mayson...
[2024-09-29 12:32:02.755] [main] [info] Pump Server ping OK!
[2024-09-29 12:32:02.755] [main] [info] Pinging Pump Server Mayson   ...DONE!
[2024-09-29 12:32:02.755] [main] [info] Pinging all valve stations...
[2024-09-29 12:32:11.973] [main] [error] Fatal: James not available!
[2024-09-29 12:32:11.973] [main] [error] Fatal: Lucas not available!
[2024-09-29 12:32:11.973] [main] [error] Fatal: Felix not available!
[2024-09-29 12:32:11.973] [main] [info] Pinging all valve stations   ...DONE!
[2024-09-29 12:32:11.973] [main] [info] Pinging Non-Existing Test Server...
[2024-09-29 12:32:15.045] [main] [info] Pinging Non-Existing Test Server OK!
[2024-09-29 12:32:15.045] [main] [info] Pinging Non-Existing Test Server   ...DONE!
[2024-09-29 12:32:15.045] [main] [info] Pinging Pump Server Mayson...
[2024-09-29 12:32:15.144] [main] [info] Pump Server ping OK!
[2024-09-29 12:32:15.144] [main] [info] Pinging Pump Server Mayson   ...DONE!
[2024-09-29 12:32:15.144] [main] [info] Pinging all valve stations...
[2024-09-29 12:32:24.357] [main] [error] Fatal: James not available!
[2024-09-29 12:32:24.357] [main] [error] Fatal: Lucas not available!
[2024-09-29 12:32:24.357] [main] [error] Fatal: Felix not available!
[2024-09-29 12:32:24.357] [main] [info] Pinging all valve stations   ...DONE!
[2024-09-29 12:32:24.357] [main] [info] Pinging Non-Existing Test Server...
[2024-09-29 12:32:27.429] [main] [info] Pinging Non-Existing Test Server OK!
[2024-09-29 12:32:27.429] [main] [info] Pinging Non-Existing Test Server   ...DONE!
[2024-09-29 12:32:27.429] [main] [info] Pinging Pump Server Mayson...
[2024-09-29 12:32:27.541] [main] [info] Pump Server ping OK!
[2024-09-29 12:32:27.541] [main] [info] Pinging Pump Server Mayson   ...DONE!
[2024-09-29 12:32:27.541] [main] [info] Pinging all valve stations...
[2024-09-29 12:32:36.741] [main] [error] Fatal: James not available!
[2024-09-29 12:32:36.741] [main] [error] Fatal: Lucas not available!
[2024-09-29 12:32:36.741] [main] [error] Fatal: Felix not available!
[2024-09-29 12:32:36.741] [main] [info] Pinging all valve stations   ...DONE!
[2024-09-29 12:32:36.741] [main] [info] Pinging Non-Existing Test Server...
[2024-09-29 12:32:39.813] [main] [info] Pinging Non-Existing Test Server OK!
[2024-09-29 12:32:39.813] [main] [info] Pinging Non-Existing Test Server   ...DONE!
[2024-09-29 12:32:39.813] [main] [info] Pinging Pump Server Mayson...
[2024-09-29 12:32:40.040] [main] [info] Pump Server ping OK!
[2024-09-29 12:32:40.040] [main] [info] Pinging Pump Server Mayson   ...DONE!
[2024-09-29 12:32:40.040] [main] [info] Pinging all valve stations...
[2024-09-29 12:32:49.253] [main] [error] Fatal: James not available!
[2024-09-29 12:32:49.253] [main] [error] Fatal: Lucas not available!
[2024-09-29 12:32:49.253] [main] [error] Fatal: Felix not available!
[2024-09-29 12:32:49.253] [main] [info] Pinging all valve stations   ...DONE!
[2024-09-29 12:32:49.253] [main] [info] Pinging Non-Existing Test Server...
[2024-09-29 12:32:52.325] [main] [info] Pinging Non-Existing Test Server OK!
[2024-09-29 12:32:52.325] [main] [info] Pinging Non-Existing Test Server   ...DONE!
[2024-09-29 12:32:52.325] [main] [info] Pinging Pump Server Mayson...
[2024-09-29 12:32:52.441] [main] [info] Pump Server ping OK!
[2024-09-29 12:32:52.441] [main] [info] Pinging Pump Server Mayson   ...DONE!
[2024-09-29 12:32:52.441] [main] [info] Pinging all valve stations...
[2024-09-29 12:33:01.669] [main] [error] Fatal: James not available!
[2024-09-29 12:33:01.669] [main] [error] Fatal: Lucas not available!
[2024-09-29 12:33:01.669] [main] [error] Fatal: Felix not available!
[2024-09-29 12:33:01.669] [main] [info] Pinging all valve stations   ...DONE!
[2024-09-29 12:33:01.669] [main] [info] Pinging Non-Existing Test Server...
[2024-09-29 12:33:04.741] [main] [info] Pinging Non-Existing Test Server OK!
[2024-09-29 12:33:04.741] [main] [info] Pinging Non-Existing Test Server   ...DONE!
[2024-09-29 12:33:04.741] [main] [info] Pinging Pump Server Mayson...
[2024-09-29 12:33:04.831] [main] [info] Pump Server ping OK!
[2024-09-29 12:33:04.831] [main] [info] Pinging Pump Server Mayson   ...DONE!
[2024-09-29 12:33:04.831] [main] [info] Pinging all valve stations...
[2024-09-29 12:33:14.053] [main] [error] Fatal: James not available!
[2024-09-29 12:33:14.053] [main] [error] Fatal: Lucas not available!
[2024-09-29 12:33:14.053] [main] [error] Fatal: Felix not available!
[2024-09-29 12:33:14.053] [main] [info] Pinging all valve stations   ...DONE!
[2024-09-29 12:33:14.053] [main] [info] Pinging Non-Existing Test Server...
[2024-09-29 12:33:17.125] [main] [info] Pinging Non-Existing Test Server OK!
[2024-09-29 12:33:17.125] [main] [info] Pinging Non-Existing Test Server   ...DONE!
[2024-09-29 12:33:17.125] [main] [info] Pinging Pump Server Mayson...
[2024-09-29 12:33:17.215] [main] [info] Pump Server ping OK!
[2024-09-29 12:33:17.215] [main] [info] Pinging Pump Server Mayson   ...DONE!
[2024-09-29 12:33:17.215] [main] [info] Pinging all valve stations...
[2024-09-29 12:33:26.437] [main] [error] Fatal: James not available!
[2024-09-29 12:33:26.437] [main] [error] Fatal: Lucas not available!
[2024-09-29 12:33:26.437] [main] [error] Fatal: Felix not available!
[2024-09-29 12:33:26.437] [main] [info] Pinging all valve stations   ...DONE!
[2024-09-29 12:33:26.437] [main] [info] Pinging Non-Existing Test Server...
[2024-09-29 12:33:29.509] [main] [info] Pinging Non-Existing Test Server OK!
[2024-09-29 12:33:29.509] [main] [info] Pinging Non-Existing Test Server   ...DONE!
[2024-09-29 12:33:29.509] [main] [info] Pinging Pump Server Mayson...
[2024-09-29 12:33:29.604] [main] [info] Pump Server ping OK!
[2024-09-29 12:33:29.604] [main] [info] Pinging Pump Server Mayson   ...DONE!
[2024-09-29 12:33:29.604] [main] [info] Pinging all valve stations...
[2024-09-29 12:33:38.821] [main] [error] Fatal: James not available!
[2024-09-29 12:33:38.821] [main] [error] Fatal: Lucas not available!
[2024-09-29 12:33:38.821] [main] [error] Fatal: Felix not available!
[2024-09-29 12:33:38.821] [main] [info] Pinging all valve stations   ...DONE!
[2024-09-29 12:33:38.821] [main] [info] Pinging Non-Existing Test Server...
[2024-09-29 12:33:41.893] [main] [info] Pinging Non-Existing Test Server OK!
[2024-09-29 12:33:41.893] [main] [info] Pinging Non-Existing Test Server   ...DONE!
[2024-09-29 12:33:41.893] [main] [info] Pinging Pump Server Mayson...
[2024-09-29 12:33:42.004] [main] [info] Pump Server ping OK!
[2024-09-29 12:33:42.004] [main] [info] Pinging Pump Server Mayson   ...DONE!
[2024-09-29 12:33:42.004] [main] [info] Pinging all valve stations...
[2024-09-29 12:33:51.205] [main] [error] Fatal: James not available!
[2024-09-29 12:33:51.205] [main] [error] Fatal: Lucas not available!
[2024-09-29 12:33:51.205] [main] [error] Fatal: Felix not available!
[2024-09-29 12:33:51.205] [main] [info] Pinging all valve stations   ...DONE!
[2024-09-29 12:33:51.205] [main] [info] Pinging Non-Existing Test Server...
[2024-09-29 12:33:54.277] [main] [info] Pinging Non-Existing Test Server OK!
[2024-09-29 12:33:54.277] [main] [info] Pinging Non-Existing Test Server   ...DONE!
[2024-09-29 12:33:54.277] [main] [info] Pinging Pump Server Mayson...
[2024-09-29 12:33:54.399] [main] [info] Pump Server ping OK!
[2024-09-29 12:33:54.399] [main] [info] Pinging Pump Server Mayson   ...DONE!
[2024-09-29 12:33:54.399] [main] [info] Pinging all valve stations...
[2024-09-29 12:34:03.621] [main] [error] Fatal: James not available!
[2024-09-29 12:34:03.621] [main] [error] Fatal: Lucas not available!
[2024-09-29 12:34:03.621] [main] [error] Fatal: Felix not available!
[2024-09-29 12:34:03.621] [main] [info] Pinging all valve stations   ...DONE!
[2024-09-29 12:34:03.621] [main] [info] Pinging Non-Existing Test Server...
[2024-09-29 12:34:06.693] [main] [info] Pinging Non-Existing Test Server OK!
[2024-09-29 12:34:06.693] [main] [info] Pinging Non-Existing Test Server   ...DONE!
[2024-09-29 12:34:07.142] [main] [info] Creating Landscape...
[2024-09-29 12:34:07.142] [main] [info] Creating Landscape...
[2024-09-29 12:34:07.142] [main] [info] Creating Felix...
[2024-09-29 12:34:07.142] [main] [info] Creating James...
[2024-09-29 12:34:07.142] [main] [info] Creating Lucas...
[2024-09-29 12:34:07.142] [main] [info] Fetching timestamp...
std::chrono::system_clock::now().time_since_epoch()   :   1727606047142959878
get_seconds_since_epoch_now(bool verbose /* true */)   :   1727606047
minutes since epoch   :   28793434
minute of day   :   634
minute of hour   :   34
hour of day   :   10
[2024-09-29 12:34:07.143] [main] [info] Checking timestamp.txt...
[2024-09-29 12:34:07.143] [main] [debug] The timestamp.txt is always written when watering is triggered. It is read to check if I was already done with watering some minutes ago.
previous time_stamp:   28793017
[2024-09-29 12:34:07.143] [main] [info] Checking timestamp.txt   ...DONE!
[2024-09-29 12:34:07.143] [main] [info] It's not time for watering now!
[2024-09-29 12:34:07.143] [main] [info] Minute Intraday:   634
[2024-09-29 12:34:07.143] [main] [info] Days since Epoch:   19995
[2024-09-29 12:34:07.143] [main] [info] Accumulated watering times:

Felix   :           Klee Feld  :      0.00 min
Felix   :          Eiben Klee  :      0.00 min
James   :              Erbsen  :      0.00 min
James   :          Kartoffeln  :      0.00 min
James   :              Gurken  :      0.00 min
James   :        Tomaten+Mara  :      0.00 min
Lucas   :      Bohnen-Flieder  :      0.00 min
Lucas   :        Heidelbeeren  :      0.00 min
Lucas   :            Karotten  :      0.00 min

%%%%%%%%%%     [4] Run the executable   ...DONE!
elapsed time:   249s
=====================================================================================================
