=====================================================================================================
%%%%%%%%%%     [6] Uploading logs and go sleeping...
> sudo -u mayadm git checkout artifacts
Bereits auf 'artifacts'
D	maya/artifacts/logs/15897--2024-09-29--10h56---7.log
D	maya/artifacts/logs/15898--2024-09-29--11h42---1.log
D	maya/artifacts/logs/15898--2024-09-29--11h42---2.log
D	maya/artifacts/logs/15898--2024-09-29--11h42---3.log
D	maya/artifacts/logs/15898--2024-09-29--11h42---4.log
D	maya/artifacts/logs/15898--2024-09-29--11h42---5.log
D	maya/artifacts/logs/15898--2024-09-29--11h42---6.log
Ihr Branch ist auf demselben Stand wie 'origin/artifacts'.
> sudo -u mayadm git pull
Bereits aktuell.
> sudo -u mayadm git merge maya-productive
Bereits aktuell.
> sudo -u mayadm git add "../artifacts/logs/*.log" -f
> sudo -u mayadm git add -u
> sudo -u mayadm git commit -m "logs at 2024-09-29--12h28"
[artifacts 3f852c9bd] logs at 2024-09-29--12h28
 8 files changed, 304 insertions(+), 301 deletions(-)
 delete mode 100644 maya/artifacts/logs/15898--2024-09-29--11h42---4.log
 rename maya/artifacts/logs/{15897--2024-09-29--10h56---7.log => 15898--2024-09-29--11h42---7.log} (61%)
 rename maya/artifacts/logs/{15898--2024-09-29--11h42---1.log => 15899--2024-09-29--12h28---1.log} (90%)
 rename maya/artifacts/logs/{15898--2024-09-29--11h42---2.log => 15899--2024-09-29--12h28---2.log} (67%)
 rename maya/artifacts/logs/{15898--2024-09-29--11h42---3.log => 15899--2024-09-29--12h28---3.log} (94%)
 create mode 100644 maya/artifacts/logs/15899--2024-09-29--12h28---4.log
 rename maya/artifacts/logs/{15898--2024-09-29--11h42---5.log => 15899--2024-09-29--12h28---5.log} (77%)
 rename maya/artifacts/logs/{15898--2024-09-29--11h42---6.log => 15899--2024-09-29--12h28---6.log} (100%)
> sudo -u mayadm git push
To https://github.com/Necktschnagge/wired-watering
   d08fa0497..3f852c9bd  artifacts -> artifacts
> sudo -u mayadm git checkout maya-productive
Zu Zweig »maya-productive« gewechselt
Ihr Branch ist auf demselben Stand wie 'origin/maya-productive'.
> sudo -u mayadm git push
Everything up-to-date
##############################################################
###################                        ###################
###################     GOING TO SLEEP     ###################
###################                        ###################
##############################################################
#######                                                #######
#######   Press CTRL + C NOW to abort script safely!   #######
#######                                                #######
##############################################################
##############################################################
#######                                                #######
#######               NOW GOING TO SLEEP               #######
#######                                                #######
##############################################################
> rtcwake -m mem -s 2400
rtcwake: RTC wird als UTC interpretiert …
rtcwake: aufwachen von „mem“ durch /dev/rtc0 bei Sun Sep 29 11:14:23 2024
##############################################################
#######                                                #######
#######            just waked up from sleep            #######
#######                                                #######
##############################################################
%%%%%%%%%%     [6] Uploading logs and go sleeping   ...DONE!
elapsed time:   2419s
=====================================================================================================
