=====================================================================================================
%%%%%%%%%%     [6] Uploading logs and go sleeping...
> sudo -u mayadm git checkout artifacts
Bereits auf 'artifacts'
D	maya/artifacts/logs/15905--2024-09-29--17h06---7.log
D	maya/artifacts/logs/15906--2024-09-29--17h52---1.log
D	maya/artifacts/logs/15906--2024-09-29--17h52---2.log
D	maya/artifacts/logs/15906--2024-09-29--17h52---3.log
D	maya/artifacts/logs/15906--2024-09-29--17h52---4.log
D	maya/artifacts/logs/15906--2024-09-29--17h52---5.log
D	maya/artifacts/logs/15906--2024-09-29--17h52---6.log
Ihr Branch ist auf demselben Stand wie 'origin/artifacts'.
> sudo -u mayadm git pull
Bereits aktuell.
> sudo -u mayadm git merge maya-productive
Bereits aktuell.
> sudo -u mayadm git add "../artifacts/logs/*.log" -f
> sudo -u mayadm git add -u
> sudo -u mayadm git commit -m "logs at 2024-09-29--18h38"
[artifacts 9582716f8] logs at 2024-09-29--18h38
 8 files changed, 300 insertions(+), 297 deletions(-)
 delete mode 100644 maya/artifacts/logs/15906--2024-09-29--17h52---4.log
 rename maya/artifacts/logs/{15905--2024-09-29--17h06---7.log => 15906--2024-09-29--17h52---7.log} (61%)
 rename maya/artifacts/logs/{15906--2024-09-29--17h52---1.log => 15907--2024-09-29--18h38---1.log} (91%)
 rename maya/artifacts/logs/{15906--2024-09-29--17h52---2.log => 15907--2024-09-29--18h38---2.log} (67%)
 rename maya/artifacts/logs/{15906--2024-09-29--17h52---3.log => 15907--2024-09-29--18h38---3.log} (95%)
 create mode 100644 maya/artifacts/logs/15907--2024-09-29--18h38---4.log
 rename maya/artifacts/logs/{15906--2024-09-29--17h52---5.log => 15907--2024-09-29--18h38---5.log} (77%)
 rename maya/artifacts/logs/{15906--2024-09-29--17h52---6.log => 15907--2024-09-29--18h38---6.log} (100%)
> sudo -u mayadm git push
To https://github.com/Necktschnagge/wired-watering
   7dec85a34..9582716f8  artifacts -> artifacts
> sudo -u mayadm git checkout maya-productive
Zu Zweig »maya-productive« gewechselt
Ihr Branch ist auf demselben Stand wie 'origin/maya-productive'.
> sudo -u mayadm git push
Everything up-to-date
##############################################################
###################                        ###################
###################     GOING TO SLEEP     ###################
###################                        ###################
##############################################################
#######                                                #######
#######   Press CTRL + C NOW to abort script safely!   #######
#######                                                #######
##############################################################
##############################################################
#######                                                #######
#######               NOW GOING TO SLEEP               #######
#######                                                #######
##############################################################
> rtcwake -m mem -s 2400
rtcwake: RTC wird als UTC interpretiert …
rtcwake: aufwachen von „mem“ durch /dev/rtc0 bei Sun Sep 29 17:23:54 2024
##############################################################
#######                                                #######
#######            just waked up from sleep            #######
#######                                                #######
##############################################################
%%%%%%%%%%     [6] Uploading logs and go sleeping   ...DONE!
elapsed time:   2420s
=====================================================================================================
