=====================================================================================================
%%%%%%%%%%     [4] Run the executable...
>Please note:  Even if all builds failed, the last built executable is still there and will be started!
> sudo -u mayadm ./ur-unix-run.sh
[2024-09-29 22:30:36.426] [main] [info] Pinging Pump Server Mayson...
[2024-09-29 22:30:36.488] [main] [info] Pump Server ping OK!
[2024-09-29 22:30:36.488] [main] [info] Pinging Pump Server Mayson   ...DONE!
[2024-09-29 22:30:36.488] [main] [info] Pinging all valve stations...
[2024-09-29 22:30:45.688] [main] [error] Fatal: James not available!
[2024-09-29 22:30:45.688] [main] [error] Fatal: Lucas not available!
[2024-09-29 22:30:45.688] [main] [error] Fatal: Felix not available!
[2024-09-29 22:30:45.688] [main] [info] Pinging all valve stations   ...DONE!
[2024-09-29 22:30:45.688] [main] [info] Pinging Non-Existing Test Server...
[2024-09-29 22:30:48.760] [main] [info] Pinging Non-Existing Test Server OK!
[2024-09-29 22:30:48.760] [main] [info] Pinging Non-Existing Test Server   ...DONE!
[2024-09-29 22:30:48.760] [main] [info] Pinging Pump Server Mayson...
[2024-09-29 22:30:48.887] [main] [info] Pump Server ping OK!
[2024-09-29 22:30:48.887] [main] [info] Pinging Pump Server Mayson   ...DONE!
[2024-09-29 22:30:48.887] [main] [info] Pinging all valve stations...
[2024-09-29 22:30:58.104] [main] [error] Fatal: James not available!
[2024-09-29 22:30:58.104] [main] [error] Fatal: Lucas not available!
[2024-09-29 22:30:58.104] [main] [error] Fatal: Felix not available!
[2024-09-29 22:30:58.104] [main] [info] Pinging all valve stations   ...DONE!
[2024-09-29 22:30:58.104] [main] [info] Pinging Non-Existing Test Server...
[2024-09-29 22:31:01.176] [main] [info] Pinging Non-Existing Test Server OK!
[2024-09-29 22:31:01.176] [main] [info] Pinging Non-Existing Test Server   ...DONE!
[2024-09-29 22:31:01.176] [main] [info] Pinging Pump Server Mayson...
[2024-09-29 22:31:01.390] [main] [info] Pump Server ping OK!
[2024-09-29 22:31:01.390] [main] [info] Pinging Pump Server Mayson   ...DONE!
[2024-09-29 22:31:01.390] [main] [info] Pinging all valve stations...
[2024-09-29 22:31:10.616] [main] [error] Fatal: James not available!
[2024-09-29 22:31:10.616] [main] [error] Fatal: Lucas not available!
[2024-09-29 22:31:10.616] [main] [error] Fatal: Felix not available!
[2024-09-29 22:31:10.616] [main] [info] Pinging all valve stations   ...DONE!
[2024-09-29 22:31:10.616] [main] [info] Pinging Non-Existing Test Server...
[2024-09-29 22:31:13.689] [main] [info] Pinging Non-Existing Test Server OK!
[2024-09-29 22:31:13.689] [main] [info] Pinging Non-Existing Test Server   ...DONE!
[2024-09-29 22:31:13.689] [main] [info] Pinging Pump Server Mayson...
[2024-09-29 22:31:13.788] [main] [info] Pump Server ping OK!
[2024-09-29 22:31:13.788] [main] [info] Pinging Pump Server Mayson   ...DONE!
[2024-09-29 22:31:13.788] [main] [info] Pinging all valve stations...
[2024-09-29 22:31:23.001] [main] [error] Fatal: James not available!
[2024-09-29 22:31:23.001] [main] [error] Fatal: Lucas not available!
[2024-09-29 22:31:23.001] [main] [error] Fatal: Felix not available!
[2024-09-29 22:31:23.001] [main] [info] Pinging all valve stations   ...DONE!
[2024-09-29 22:31:23.001] [main] [info] Pinging Non-Existing Test Server...
[2024-09-29 22:31:26.073] [main] [info] Pinging Non-Existing Test Server OK!
[2024-09-29 22:31:26.073] [main] [info] Pinging Non-Existing Test Server   ...DONE!
[2024-09-29 22:31:26.073] [main] [info] Pinging Pump Server Mayson...
[2024-09-29 22:31:26.196] [main] [info] Pump Server ping OK!
[2024-09-29 22:31:26.196] [main] [info] Pinging Pump Server Mayson   ...DONE!
[2024-09-29 22:31:26.196] [main] [info] Pinging all valve stations...
[2024-09-29 22:31:35.417] [main] [error] Fatal: James not available!
[2024-09-29 22:31:35.417] [main] [error] Fatal: Lucas not available!
[2024-09-29 22:31:35.417] [main] [error] Fatal: Felix not available!
[2024-09-29 22:31:35.417] [main] [info] Pinging all valve stations   ...DONE!
[2024-09-29 22:31:35.417] [main] [info] Pinging Non-Existing Test Server...
[2024-09-29 22:31:38.489] [main] [info] Pinging Non-Existing Test Server OK!
[2024-09-29 22:31:38.489] [main] [info] Pinging Non-Existing Test Server   ...DONE!
[2024-09-29 22:31:38.489] [main] [info] Pinging Pump Server Mayson...
[2024-09-29 22:31:38.585] [main] [info] Pump Server ping OK!
[2024-09-29 22:31:38.585] [main] [info] Pinging Pump Server Mayson   ...DONE!
[2024-09-29 22:31:38.585] [main] [info] Pinging all valve stations...
[2024-09-29 22:31:47.801] [main] [error] Fatal: James not available!
[2024-09-29 22:31:47.801] [main] [error] Fatal: Lucas not available!
[2024-09-29 22:31:47.801] [main] [error] Fatal: Felix not available!
[2024-09-29 22:31:47.801] [main] [info] Pinging all valve stations   ...DONE!
[2024-09-29 22:31:47.801] [main] [info] Pinging Non-Existing Test Server...
[2024-09-29 22:31:50.873] [main] [info] Pinging Non-Existing Test Server OK!
[2024-09-29 22:31:50.873] [main] [info] Pinging Non-Existing Test Server   ...DONE!
[2024-09-29 22:31:50.873] [main] [info] Pinging Pump Server Mayson...
[2024-09-29 22:31:50.975] [main] [info] Pump Server ping OK!
[2024-09-29 22:31:50.975] [main] [info] Pinging Pump Server Mayson   ...DONE!
[2024-09-29 22:31:50.975] [main] [info] Pinging all valve stations...
[2024-09-29 22:32:00.185] [main] [error] Fatal: James not available!
[2024-09-29 22:32:00.185] [main] [error] Fatal: Lucas not available!
[2024-09-29 22:32:00.185] [main] [error] Fatal: Felix not available!
[2024-09-29 22:32:00.185] [main] [info] Pinging all valve stations   ...DONE!
[2024-09-29 22:32:00.185] [main] [info] Pinging Non-Existing Test Server...
[2024-09-29 22:32:03.257] [main] [info] Pinging Non-Existing Test Server OK!
[2024-09-29 22:32:03.257] [main] [info] Pinging Non-Existing Test Server   ...DONE!
[2024-09-29 22:32:03.257] [main] [info] Pinging Pump Server Mayson...
[2024-09-29 22:32:03.379] [main] [info] Pump Server ping OK!
[2024-09-29 22:32:03.380] [main] [info] Pinging Pump Server Mayson   ...DONE!
[2024-09-29 22:32:03.380] [main] [info] Pinging all valve stations...
[2024-09-29 22:32:12.601] [main] [error] Fatal: James not available!
[2024-09-29 22:32:12.601] [main] [error] Fatal: Lucas not available!
[2024-09-29 22:32:12.601] [main] [error] Fatal: Felix not available!
[2024-09-29 22:32:12.601] [main] [info] Pinging all valve stations   ...DONE!
[2024-09-29 22:32:12.601] [main] [info] Pinging Non-Existing Test Server...
[2024-09-29 22:32:15.673] [main] [info] Pinging Non-Existing Test Server OK!
[2024-09-29 22:32:15.673] [main] [info] Pinging Non-Existing Test Server   ...DONE!
[2024-09-29 22:32:15.673] [main] [info] Pinging Pump Server Mayson...
[2024-09-29 22:32:15.789] [main] [info] Pump Server ping OK!
[2024-09-29 22:32:15.789] [main] [info] Pinging Pump Server Mayson   ...DONE!
[2024-09-29 22:32:15.789] [main] [info] Pinging all valve stations...
[2024-09-29 22:32:25.017] [main] [error] Fatal: James not available!
[2024-09-29 22:32:25.017] [main] [error] Fatal: Lucas not available!
[2024-09-29 22:32:25.017] [main] [error] Fatal: Felix not available!
[2024-09-29 22:32:25.017] [main] [info] Pinging all valve stations   ...DONE!
[2024-09-29 22:32:25.017] [main] [info] Pinging Non-Existing Test Server...
[2024-09-29 22:32:28.089] [main] [info] Pinging Non-Existing Test Server OK!
[2024-09-29 22:32:28.089] [main] [info] Pinging Non-Existing Test Server   ...DONE!
[2024-09-29 22:32:28.089] [main] [info] Pinging Pump Server Mayson...
[2024-09-29 22:32:28.163] [main] [info] Pump Server ping OK!
[2024-09-29 22:32:28.163] [main] [info] Pinging Pump Server Mayson   ...DONE!
[2024-09-29 22:32:28.163] [main] [info] Pinging all valve stations...
[2024-09-29 22:32:37.369] [main] [error] Fatal: James not available!
[2024-09-29 22:32:37.369] [main] [error] Fatal: Lucas not available!
[2024-09-29 22:32:37.369] [main] [error] Fatal: Felix not available!
[2024-09-29 22:32:37.369] [main] [info] Pinging all valve stations   ...DONE!
[2024-09-29 22:32:37.369] [main] [info] Pinging Non-Existing Test Server...
[2024-09-29 22:32:40.441] [main] [info] Pinging Non-Existing Test Server OK!
[2024-09-29 22:32:40.441] [main] [info] Pinging Non-Existing Test Server   ...DONE!
[2024-09-29 22:32:40.441] [main] [info] Pinging Pump Server Mayson...
[2024-09-29 22:32:40.551] [main] [info] Pump Server ping OK!
[2024-09-29 22:32:40.551] [main] [info] Pinging Pump Server Mayson   ...DONE!
[2024-09-29 22:32:40.551] [main] [info] Pinging all valve stations...
[2024-09-29 22:32:49.753] [main] [error] Fatal: James not available!
[2024-09-29 22:32:49.753] [main] [error] Fatal: Lucas not available!
[2024-09-29 22:32:49.753] [main] [error] Fatal: Felix not available!
[2024-09-29 22:32:49.753] [main] [info] Pinging all valve stations   ...DONE!
[2024-09-29 22:32:49.753] [main] [info] Pinging Non-Existing Test Server...
[2024-09-29 22:32:52.825] [main] [info] Pinging Non-Existing Test Server OK!
[2024-09-29 22:32:52.825] [main] [info] Pinging Non-Existing Test Server   ...DONE!
[2024-09-29 22:32:52.825] [main] [info] Pinging Pump Server Mayson...
[2024-09-29 22:32:53.016] [main] [info] Pump Server ping OK!
[2024-09-29 22:32:53.016] [main] [info] Pinging Pump Server Mayson   ...DONE!
[2024-09-29 22:32:53.016] [main] [info] Pinging all valve stations...
[2024-09-29 22:33:02.233] [main] [error] Fatal: James not available!
[2024-09-29 22:33:02.233] [main] [error] Fatal: Lucas not available!
[2024-09-29 22:33:02.233] [main] [error] Fatal: Felix not available!
[2024-09-29 22:33:02.233] [main] [info] Pinging all valve stations   ...DONE!
[2024-09-29 22:33:02.233] [main] [info] Pinging Non-Existing Test Server...
[2024-09-29 22:33:05.305] [main] [info] Pinging Non-Existing Test Server OK!
[2024-09-29 22:33:05.305] [main] [info] Pinging Non-Existing Test Server   ...DONE!
[2024-09-29 22:33:05.305] [main] [info] Pinging Pump Server Mayson...
[2024-09-29 22:33:05.493] [main] [info] Pump Server ping OK!
[2024-09-29 22:33:05.493] [main] [info] Pinging Pump Server Mayson   ...DONE!
[2024-09-29 22:33:05.493] [main] [info] Pinging all valve stations...
[2024-09-29 22:33:14.713] [main] [error] Fatal: James not available!
[2024-09-29 22:33:14.713] [main] [error] Fatal: Lucas not available!
[2024-09-29 22:33:14.713] [main] [error] Fatal: Felix not available!
[2024-09-29 22:33:14.713] [main] [info] Pinging all valve stations   ...DONE!
[2024-09-29 22:33:14.713] [main] [info] Pinging Non-Existing Test Server...
[2024-09-29 22:33:17.785] [main] [info] Pinging Non-Existing Test Server OK!
[2024-09-29 22:33:17.785] [main] [info] Pinging Non-Existing Test Server   ...DONE!
[2024-09-29 22:33:17.785] [main] [info] Pinging Pump Server Mayson...
[2024-09-29 22:33:17.877] [main] [info] Pump Server ping OK!
[2024-09-29 22:33:17.877] [main] [info] Pinging Pump Server Mayson   ...DONE!
[2024-09-29 22:33:17.877] [main] [info] Pinging all valve stations...
[2024-09-29 22:33:27.097] [main] [error] Fatal: James not available!
[2024-09-29 22:33:27.097] [main] [error] Fatal: Lucas not available!
[2024-09-29 22:33:27.097] [main] [error] Fatal: Felix not available!
[2024-09-29 22:33:27.097] [main] [info] Pinging all valve stations   ...DONE!
[2024-09-29 22:33:27.097] [main] [info] Pinging Non-Existing Test Server...
[2024-09-29 22:33:30.169] [main] [info] Pinging Non-Existing Test Server OK!
[2024-09-29 22:33:30.169] [main] [info] Pinging Non-Existing Test Server   ...DONE!
[2024-09-29 22:33:30.169] [main] [info] Pinging Pump Server Mayson...
[2024-09-29 22:33:30.364] [main] [info] Pump Server ping OK!
[2024-09-29 22:33:30.364] [main] [info] Pinging Pump Server Mayson   ...DONE!
[2024-09-29 22:33:30.364] [main] [info] Pinging all valve stations...
[2024-09-29 22:33:39.577] [main] [error] Fatal: James not available!
[2024-09-29 22:33:39.577] [main] [error] Fatal: Lucas not available!
[2024-09-29 22:33:39.577] [main] [error] Fatal: Felix not available!
[2024-09-29 22:33:39.577] [main] [info] Pinging all valve stations   ...DONE!
[2024-09-29 22:33:39.577] [main] [info] Pinging Non-Existing Test Server...
[2024-09-29 22:33:42.649] [main] [info] Pinging Non-Existing Test Server OK!
[2024-09-29 22:33:42.649] [main] [info] Pinging Non-Existing Test Server   ...DONE!
[2024-09-29 22:33:42.649] [main] [info] Pinging Pump Server Mayson...
[2024-09-29 22:33:42.755] [main] [info] Pump Server ping OK!
[2024-09-29 22:33:42.755] [main] [info] Pinging Pump Server Mayson   ...DONE!
[2024-09-29 22:33:42.755] [main] [info] Pinging all valve stations...
[2024-09-29 22:33:51.961] [main] [error] Fatal: James not available!
[2024-09-29 22:33:51.961] [main] [error] Fatal: Lucas not available!
[2024-09-29 22:33:51.961] [main] [error] Fatal: Felix not available!
[2024-09-29 22:33:51.961] [main] [info] Pinging all valve stations   ...DONE!
[2024-09-29 22:33:51.961] [main] [info] Pinging Non-Existing Test Server...
[2024-09-29 22:33:55.033] [main] [info] Pinging Non-Existing Test Server OK!
[2024-09-29 22:33:55.033] [main] [info] Pinging Non-Existing Test Server   ...DONE!
[2024-09-29 22:33:55.033] [main] [info] Pinging Pump Server Mayson...
[2024-09-29 22:33:55.130] [main] [info] Pump Server ping OK!
[2024-09-29 22:33:55.130] [main] [info] Pinging Pump Server Mayson   ...DONE!
[2024-09-29 22:33:55.130] [main] [info] Pinging all valve stations...
[2024-09-29 22:34:04.345] [main] [error] Fatal: James not available!
[2024-09-29 22:34:04.345] [main] [error] Fatal: Lucas not available!
[2024-09-29 22:34:04.345] [main] [error] Fatal: Felix not available!
[2024-09-29 22:34:04.345] [main] [info] Pinging all valve stations   ...DONE!
[2024-09-29 22:34:04.345] [main] [info] Pinging Non-Existing Test Server...
[2024-09-29 22:34:07.417] [main] [info] Pinging Non-Existing Test Server OK!
[2024-09-29 22:34:07.417] [main] [info] Pinging Non-Existing Test Server   ...DONE!
[2024-09-29 22:34:07.417] [main] [info] Pinging Pump Server Mayson...
[2024-09-29 22:34:07.622] [main] [info] Pump Server ping OK!
[2024-09-29 22:34:07.622] [main] [info] Pinging Pump Server Mayson   ...DONE!
[2024-09-29 22:34:07.622] [main] [info] Pinging all valve stations...
[2024-09-29 22:34:16.825] [main] [error] Fatal: James not available!
[2024-09-29 22:34:16.825] [main] [error] Fatal: Lucas not available!
[2024-09-29 22:34:16.825] [main] [error] Fatal: Felix not available!
[2024-09-29 22:34:16.825] [main] [info] Pinging all valve stations   ...DONE!
[2024-09-29 22:34:16.825] [main] [info] Pinging Non-Existing Test Server...
[2024-09-29 22:34:19.897] [main] [info] Pinging Non-Existing Test Server OK!
[2024-09-29 22:34:19.897] [main] [info] Pinging Non-Existing Test Server   ...DONE!
[2024-09-29 22:34:19.897] [main] [info] Pinging Pump Server Mayson...
[2024-09-29 22:34:20.009] [main] [info] Pump Server ping OK!
[2024-09-29 22:34:20.009] [main] [info] Pinging Pump Server Mayson   ...DONE!
[2024-09-29 22:34:20.009] [main] [info] Pinging all valve stations...
[2024-09-29 22:34:29.209] [main] [error] Fatal: James not available!
[2024-09-29 22:34:29.209] [main] [error] Fatal: Lucas not available!
[2024-09-29 22:34:29.209] [main] [error] Fatal: Felix not available!
[2024-09-29 22:34:29.209] [main] [info] Pinging all valve stations   ...DONE!
[2024-09-29 22:34:29.209] [main] [info] Pinging Non-Existing Test Server...
[2024-09-29 22:34:32.281] [main] [info] Pinging Non-Existing Test Server OK!
[2024-09-29 22:34:32.281] [main] [info] Pinging Non-Existing Test Server   ...DONE!
[2024-09-29 22:34:32.281] [main] [info] Pinging Pump Server Mayson...
[2024-09-29 22:34:32.392] [main] [info] Pump Server ping OK!
[2024-09-29 22:34:32.393] [main] [info] Pinging Pump Server Mayson   ...DONE!
[2024-09-29 22:34:32.393] [main] [info] Pinging all valve stations...
[2024-09-29 22:34:41.593] [main] [error] Fatal: James not available!
[2024-09-29 22:34:41.593] [main] [error] Fatal: Lucas not available!
[2024-09-29 22:34:41.593] [main] [error] Fatal: Felix not available!
[2024-09-29 22:34:41.593] [main] [info] Pinging all valve stations   ...DONE!
[2024-09-29 22:34:41.593] [main] [info] Pinging Non-Existing Test Server...
[2024-09-29 22:34:44.665] [main] [info] Pinging Non-Existing Test Server OK!
[2024-09-29 22:34:44.665] [main] [info] Pinging Non-Existing Test Server   ...DONE!
[2024-09-29 22:34:45.109] [main] [info] Creating Landscape...
[2024-09-29 22:34:45.109] [main] [info] Creating Landscape...
[2024-09-29 22:34:45.109] [main] [info] Creating Felix...
[2024-09-29 22:34:45.109] [main] [info] Creating James...
[2024-09-29 22:34:45.109] [main] [info] Creating Lucas...
[2024-09-29 22:34:45.109] [main] [info] Fetching timestamp...
std::chrono::system_clock::now().time_since_epoch()   :   1727642085109286261
get_seconds_since_epoch_now(bool verbose /* true */)   :   1727642085
minutes since epoch   :   28794034
minute of day   :   1234
minute of hour   :   34
hour of day   :   20
[2024-09-29 22:34:45.109] [main] [info] Checking timestamp.txt...
[2024-09-29 22:34:45.109] [main] [debug] The timestamp.txt is always written when watering is triggered. It is read to check if I was already done with watering some minutes ago.
previous time_stamp:   28793017
[2024-09-29 22:34:45.110] [main] [info] Checking timestamp.txt   ...DONE!
[2024-09-29 22:34:45.110] [main] [info] It's not time for watering now!
[2024-09-29 22:34:45.110] [main] [info] Minute Intraday:   1234
[2024-09-29 22:34:45.110] [main] [info] Days since Epoch:   19995
[2024-09-29 22:34:45.110] [main] [info] Accumulated watering times:

Felix   :           Klee Feld  :      0.00 min
Felix   :          Eiben Klee  :      0.00 min
James   :              Erbsen  :      0.00 min
James   :          Kartoffeln  :      0.00 min
James   :              Gurken  :      0.00 min
James   :        Tomaten+Mara  :      0.00 min
Lucas   :      Bohnen-Flieder  :      0.00 min
Lucas   :        Heidelbeeren  :      0.00 min
Lucas   :            Karotten  :      0.00 min

%%%%%%%%%%     [4] Run the executable   ...DONE!
elapsed time:   249s
=====================================================================================================
