=====================================================================================================
%%%%%%%%%%     [4] Run the executable...
>Please note:  Even if all builds failed, the last built executable is still there and will be started!
> sudo -u mayadm ./ur-unix-run.sh
[2024-09-29 23:16:46.978] [main] [info] Pinging Pump Server Mayson...
[2024-09-29 23:16:47.071] [main] [info] Pump Server ping OK!
[2024-09-29 23:16:47.071] [main] [info] Pinging Pump Server Mayson   ...DONE!
[2024-09-29 23:16:47.071] [main] [info] Pinging all valve stations...
[2024-09-29 23:16:56.269] [main] [error] Fatal: James not available!
[2024-09-29 23:16:56.269] [main] [error] Fatal: Lucas not available!
[2024-09-29 23:16:56.269] [main] [error] Fatal: Felix not available!
[2024-09-29 23:16:56.269] [main] [info] Pinging all valve stations   ...DONE!
[2024-09-29 23:16:56.269] [main] [info] Pinging Non-Existing Test Server...
[2024-09-29 23:16:59.341] [main] [info] Pinging Non-Existing Test Server OK!
[2024-09-29 23:16:59.341] [main] [info] Pinging Non-Existing Test Server   ...DONE!
[2024-09-29 23:16:59.341] [main] [info] Pinging Pump Server Mayson...
[2024-09-29 23:16:59.449] [main] [info] Pump Server ping OK!
[2024-09-29 23:16:59.449] [main] [info] Pinging Pump Server Mayson   ...DONE!
[2024-09-29 23:16:59.449] [main] [info] Pinging all valve stations...
[2024-09-29 23:17:08.653] [main] [error] Fatal: James not available!
[2024-09-29 23:17:08.653] [main] [error] Fatal: Lucas not available!
[2024-09-29 23:17:08.653] [main] [error] Fatal: Felix not available!
[2024-09-29 23:17:08.653] [main] [info] Pinging all valve stations   ...DONE!
[2024-09-29 23:17:08.653] [main] [info] Pinging Non-Existing Test Server...
[2024-09-29 23:17:11.725] [main] [info] Pinging Non-Existing Test Server OK!
[2024-09-29 23:17:11.725] [main] [info] Pinging Non-Existing Test Server   ...DONE!
[2024-09-29 23:17:11.725] [main] [info] Pinging Pump Server Mayson...
[2024-09-29 23:17:11.840] [main] [info] Pump Server ping OK!
[2024-09-29 23:17:11.840] [main] [info] Pinging Pump Server Mayson   ...DONE!
[2024-09-29 23:17:11.840] [main] [info] Pinging all valve stations...
[2024-09-29 23:17:21.037] [main] [error] Fatal: James not available!
[2024-09-29 23:17:21.037] [main] [error] Fatal: Lucas not available!
[2024-09-29 23:17:21.037] [main] [error] Fatal: Felix not available!
[2024-09-29 23:17:21.037] [main] [info] Pinging all valve stations   ...DONE!
[2024-09-29 23:17:21.037] [main] [info] Pinging Non-Existing Test Server...
[2024-09-29 23:17:24.109] [main] [info] Pinging Non-Existing Test Server OK!
[2024-09-29 23:17:24.109] [main] [info] Pinging Non-Existing Test Server   ...DONE!
[2024-09-29 23:17:24.109] [main] [info] Pinging Pump Server Mayson...
[2024-09-29 23:17:24.231] [main] [info] Pump Server ping OK!
[2024-09-29 23:17:24.231] [main] [info] Pinging Pump Server Mayson   ...DONE!
[2024-09-29 23:17:24.231] [main] [info] Pinging all valve stations...
[2024-09-29 23:17:33.453] [main] [error] Fatal: James not available!
[2024-09-29 23:17:33.453] [main] [error] Fatal: Lucas not available!
[2024-09-29 23:17:33.453] [main] [error] Fatal: Felix not available!
[2024-09-29 23:17:33.453] [main] [info] Pinging all valve stations   ...DONE!
[2024-09-29 23:17:33.453] [main] [info] Pinging Non-Existing Test Server...
[2024-09-29 23:17:36.525] [main] [info] Pinging Non-Existing Test Server OK!
[2024-09-29 23:17:36.525] [main] [info] Pinging Non-Existing Test Server   ...DONE!
[2024-09-29 23:17:36.525] [main] [info] Pinging Pump Server Mayson...
[2024-09-29 23:17:36.613] [main] [info] Pump Server ping OK!
[2024-09-29 23:17:36.613] [main] [info] Pinging Pump Server Mayson   ...DONE!
[2024-09-29 23:17:36.613] [main] [info] Pinging all valve stations...
[2024-09-29 23:17:45.837] [main] [error] Fatal: James not available!
[2024-09-29 23:17:45.837] [main] [error] Fatal: Lucas not available!
[2024-09-29 23:17:45.837] [main] [error] Fatal: Felix not available!
[2024-09-29 23:17:45.837] [main] [info] Pinging all valve stations   ...DONE!
[2024-09-29 23:17:45.837] [main] [info] Pinging Non-Existing Test Server...
[2024-09-29 23:17:48.909] [main] [info] Pinging Non-Existing Test Server OK!
[2024-09-29 23:17:48.909] [main] [info] Pinging Non-Existing Test Server   ...DONE!
[2024-09-29 23:17:48.909] [main] [info] Pinging Pump Server Mayson...
[2024-09-29 23:17:49.114] [main] [info] Pump Server ping OK!
[2024-09-29 23:17:49.114] [main] [info] Pinging Pump Server Mayson   ...DONE!
[2024-09-29 23:17:49.114] [main] [info] Pinging all valve stations...
[2024-09-29 23:17:58.317] [main] [error] Fatal: James not available!
[2024-09-29 23:17:58.317] [main] [error] Fatal: Lucas not available!
[2024-09-29 23:17:58.317] [main] [error] Fatal: Felix not available!
[2024-09-29 23:17:58.317] [main] [info] Pinging all valve stations   ...DONE!
[2024-09-29 23:17:58.317] [main] [info] Pinging Non-Existing Test Server...
[2024-09-29 23:18:01.389] [main] [info] Pinging Non-Existing Test Server OK!
[2024-09-29 23:18:01.389] [main] [info] Pinging Non-Existing Test Server   ...DONE!
[2024-09-29 23:18:01.389] [main] [info] Pinging Pump Server Mayson...
[2024-09-29 23:18:01.494] [main] [info] Pump Server ping OK!
[2024-09-29 23:18:01.494] [main] [info] Pinging Pump Server Mayson   ...DONE!
[2024-09-29 23:18:01.494] [main] [info] Pinging all valve stations...
[2024-09-29 23:18:10.701] [main] [error] Fatal: James not available!
[2024-09-29 23:18:10.701] [main] [error] Fatal: Lucas not available!
[2024-09-29 23:18:10.701] [main] [error] Fatal: Felix not available!
[2024-09-29 23:18:10.701] [main] [info] Pinging all valve stations   ...DONE!
[2024-09-29 23:18:10.701] [main] [info] Pinging Non-Existing Test Server...
[2024-09-29 23:18:13.773] [main] [info] Pinging Non-Existing Test Server OK!
[2024-09-29 23:18:13.773] [main] [info] Pinging Non-Existing Test Server   ...DONE!
[2024-09-29 23:18:13.773] [main] [info] Pinging Pump Server Mayson...
[2024-09-29 23:18:13.893] [main] [info] Pump Server ping OK!
[2024-09-29 23:18:13.893] [main] [info] Pinging Pump Server Mayson   ...DONE!
[2024-09-29 23:18:13.893] [main] [info] Pinging all valve stations...
[2024-09-29 23:18:23.117] [main] [error] Fatal: James not available!
[2024-09-29 23:18:23.117] [main] [error] Fatal: Lucas not available!
[2024-09-29 23:18:23.117] [main] [error] Fatal: Felix not available!
[2024-09-29 23:18:23.117] [main] [info] Pinging all valve stations   ...DONE!
[2024-09-29 23:18:23.117] [main] [info] Pinging Non-Existing Test Server...
[2024-09-29 23:18:26.189] [main] [info] Pinging Non-Existing Test Server OK!
[2024-09-29 23:18:26.189] [main] [info] Pinging Non-Existing Test Server   ...DONE!
[2024-09-29 23:18:26.189] [main] [info] Pinging Pump Server Mayson...
[2024-09-29 23:18:26.281] [main] [info] Pump Server ping OK!
[2024-09-29 23:18:26.281] [main] [info] Pinging Pump Server Mayson   ...DONE!
[2024-09-29 23:18:26.281] [main] [info] Pinging all valve stations...
[2024-09-29 23:18:35.501] [main] [error] Fatal: James not available!
[2024-09-29 23:18:35.501] [main] [error] Fatal: Lucas not available!
[2024-09-29 23:18:35.501] [main] [error] Fatal: Felix not available!
[2024-09-29 23:18:35.501] [main] [info] Pinging all valve stations   ...DONE!
[2024-09-29 23:18:35.501] [main] [info] Pinging Non-Existing Test Server...
[2024-09-29 23:18:38.573] [main] [info] Pinging Non-Existing Test Server OK!
[2024-09-29 23:18:38.573] [main] [info] Pinging Non-Existing Test Server   ...DONE!
[2024-09-29 23:18:38.573] [main] [info] Pinging Pump Server Mayson...
[2024-09-29 23:18:38.672] [main] [info] Pump Server ping OK!
[2024-09-29 23:18:38.672] [main] [info] Pinging Pump Server Mayson   ...DONE!
[2024-09-29 23:18:38.672] [main] [info] Pinging all valve stations...
[2024-09-29 23:18:47.885] [main] [error] Fatal: James not available!
[2024-09-29 23:18:47.885] [main] [error] Fatal: Lucas not available!
[2024-09-29 23:18:47.885] [main] [error] Fatal: Felix not available!
[2024-09-29 23:18:47.885] [main] [info] Pinging all valve stations   ...DONE!
[2024-09-29 23:18:47.885] [main] [info] Pinging Non-Existing Test Server...
[2024-09-29 23:18:50.957] [main] [info] Pinging Non-Existing Test Server OK!
[2024-09-29 23:18:50.957] [main] [info] Pinging Non-Existing Test Server   ...DONE!
[2024-09-29 23:18:50.957] [main] [info] Pinging Pump Server Mayson...
[2024-09-29 23:18:51.184] [main] [info] Pump Server ping OK!
[2024-09-29 23:18:51.184] [main] [info] Pinging Pump Server Mayson   ...DONE!
[2024-09-29 23:18:51.184] [main] [info] Pinging all valve stations...
[2024-09-29 23:19:00.397] [main] [error] Fatal: James not available!
[2024-09-29 23:19:00.397] [main] [error] Fatal: Lucas not available!
[2024-09-29 23:19:00.397] [main] [error] Fatal: Felix not available!
[2024-09-29 23:19:00.397] [main] [info] Pinging all valve stations   ...DONE!
[2024-09-29 23:19:00.397] [main] [info] Pinging Non-Existing Test Server...
[2024-09-29 23:19:03.469] [main] [info] Pinging Non-Existing Test Server OK!
[2024-09-29 23:19:03.469] [main] [info] Pinging Non-Existing Test Server   ...DONE!
[2024-09-29 23:19:03.469] [main] [info] Pinging Pump Server Mayson...
[2024-09-29 23:19:03.560] [main] [info] Pump Server ping OK!
[2024-09-29 23:19:03.560] [main] [info] Pinging Pump Server Mayson   ...DONE!
[2024-09-29 23:19:03.560] [main] [info] Pinging all valve stations...
[2024-09-29 23:19:12.781] [main] [error] Fatal: James not available!
[2024-09-29 23:19:12.781] [main] [error] Fatal: Lucas not available!
[2024-09-29 23:19:12.781] [main] [error] Fatal: Felix not available!
[2024-09-29 23:19:12.781] [main] [info] Pinging all valve stations   ...DONE!
[2024-09-29 23:19:12.781] [main] [info] Pinging Non-Existing Test Server...
[2024-09-29 23:19:15.853] [main] [info] Pinging Non-Existing Test Server OK!
[2024-09-29 23:19:15.853] [main] [info] Pinging Non-Existing Test Server   ...DONE!
[2024-09-29 23:19:15.853] [main] [info] Pinging Pump Server Mayson...
[2024-09-29 23:19:16.171] [main] [info] Pump Server ping OK!
[2024-09-29 23:19:16.171] [main] [info] Pinging Pump Server Mayson   ...DONE!
[2024-09-29 23:19:16.171] [main] [info] Pinging all valve stations...
[2024-09-29 23:19:25.389] [main] [error] Fatal: James not available!
[2024-09-29 23:19:25.389] [main] [error] Fatal: Lucas not available!
[2024-09-29 23:19:25.389] [main] [error] Fatal: Felix not available!
[2024-09-29 23:19:25.389] [main] [info] Pinging all valve stations   ...DONE!
[2024-09-29 23:19:25.389] [main] [info] Pinging Non-Existing Test Server...
[2024-09-29 23:19:28.461] [main] [info] Pinging Non-Existing Test Server OK!
[2024-09-29 23:19:28.461] [main] [info] Pinging Non-Existing Test Server   ...DONE!
[2024-09-29 23:19:28.461] [main] [info] Pinging Pump Server Mayson...
[2024-09-29 23:19:28.569] [main] [info] Pump Server ping OK!
[2024-09-29 23:19:28.569] [main] [info] Pinging Pump Server Mayson   ...DONE!
[2024-09-29 23:19:28.569] [main] [info] Pinging all valve stations...
[2024-09-29 23:19:37.773] [main] [error] Fatal: James not available!
[2024-09-29 23:19:37.773] [main] [error] Fatal: Lucas not available!
[2024-09-29 23:19:37.773] [main] [error] Fatal: Felix not available!
[2024-09-29 23:19:37.773] [main] [info] Pinging all valve stations   ...DONE!
[2024-09-29 23:19:37.773] [main] [info] Pinging Non-Existing Test Server...
[2024-09-29 23:19:40.845] [main] [info] Pinging Non-Existing Test Server OK!
[2024-09-29 23:19:40.845] [main] [info] Pinging Non-Existing Test Server   ...DONE!
[2024-09-29 23:19:40.845] [main] [info] Pinging Pump Server Mayson...
[2024-09-29 23:19:40.961] [main] [info] Pump Server ping OK!
[2024-09-29 23:19:40.961] [main] [info] Pinging Pump Server Mayson   ...DONE!
[2024-09-29 23:19:40.961] [main] [info] Pinging all valve stations...
[2024-09-29 23:19:50.189] [main] [error] Fatal: James not available!
[2024-09-29 23:19:50.189] [main] [error] Fatal: Lucas not available!
[2024-09-29 23:19:50.189] [main] [error] Fatal: Felix not available!
[2024-09-29 23:19:50.189] [main] [info] Pinging all valve stations   ...DONE!
[2024-09-29 23:19:50.189] [main] [info] Pinging Non-Existing Test Server...
[2024-09-29 23:19:53.261] [main] [info] Pinging Non-Existing Test Server OK!
[2024-09-29 23:19:53.261] [main] [info] Pinging Non-Existing Test Server   ...DONE!
[2024-09-29 23:19:53.261] [main] [info] Pinging Pump Server Mayson...
[2024-09-29 23:19:53.359] [main] [info] Pump Server ping OK!
[2024-09-29 23:19:53.359] [main] [info] Pinging Pump Server Mayson   ...DONE!
[2024-09-29 23:19:53.359] [main] [info] Pinging all valve stations...
[2024-09-29 23:20:02.573] [main] [error] Fatal: James not available!
[2024-09-29 23:20:02.573] [main] [error] Fatal: Lucas not available!
[2024-09-29 23:20:02.573] [main] [error] Fatal: Felix not available!
[2024-09-29 23:20:02.573] [main] [info] Pinging all valve stations   ...DONE!
[2024-09-29 23:20:02.573] [main] [info] Pinging Non-Existing Test Server...
[2024-09-29 23:20:05.645] [main] [info] Pinging Non-Existing Test Server OK!
[2024-09-29 23:20:05.645] [main] [info] Pinging Non-Existing Test Server   ...DONE!
[2024-09-29 23:20:05.645] [main] [info] Pinging Pump Server Mayson...
[2024-09-29 23:20:05.755] [main] [info] Pump Server ping OK!
[2024-09-29 23:20:05.755] [main] [info] Pinging Pump Server Mayson   ...DONE!
[2024-09-29 23:20:05.755] [main] [info] Pinging all valve stations...
[2024-09-29 23:20:14.957] [main] [error] Fatal: James not available!
[2024-09-29 23:20:14.957] [main] [error] Fatal: Lucas not available!
[2024-09-29 23:20:14.957] [main] [error] Fatal: Felix not available!
[2024-09-29 23:20:14.957] [main] [info] Pinging all valve stations   ...DONE!
[2024-09-29 23:20:14.957] [main] [info] Pinging Non-Existing Test Server...
[2024-09-29 23:20:18.029] [main] [info] Pinging Non-Existing Test Server OK!
[2024-09-29 23:20:18.029] [main] [info] Pinging Non-Existing Test Server   ...DONE!
[2024-09-29 23:20:18.029] [main] [info] Pinging Pump Server Mayson...
[2024-09-29 23:20:18.142] [main] [info] Pump Server ping OK!
[2024-09-29 23:20:18.142] [main] [info] Pinging Pump Server Mayson   ...DONE!
[2024-09-29 23:20:18.142] [main] [info] Pinging all valve stations...
[2024-09-29 23:20:27.341] [main] [error] Fatal: James not available!
[2024-09-29 23:20:27.341] [main] [error] Fatal: Lucas not available!
[2024-09-29 23:20:27.341] [main] [error] Fatal: Felix not available!
[2024-09-29 23:20:27.341] [main] [info] Pinging all valve stations   ...DONE!
[2024-09-29 23:20:27.341] [main] [info] Pinging Non-Existing Test Server...
[2024-09-29 23:20:30.413] [main] [info] Pinging Non-Existing Test Server OK!
[2024-09-29 23:20:30.413] [main] [info] Pinging Non-Existing Test Server   ...DONE!
[2024-09-29 23:20:30.413] [main] [info] Pinging Pump Server Mayson...
[2024-09-29 23:20:30.532] [main] [info] Pump Server ping OK!
[2024-09-29 23:20:30.532] [main] [info] Pinging Pump Server Mayson   ...DONE!
[2024-09-29 23:20:30.532] [main] [info] Pinging all valve stations...
[2024-09-29 23:20:39.757] [main] [error] Fatal: James not available!
[2024-09-29 23:20:39.757] [main] [error] Fatal: Lucas not available!
[2024-09-29 23:20:39.757] [main] [error] Fatal: Felix not available!
[2024-09-29 23:20:39.757] [main] [info] Pinging all valve stations   ...DONE!
[2024-09-29 23:20:39.757] [main] [info] Pinging Non-Existing Test Server...
[2024-09-29 23:20:42.829] [main] [info] Pinging Non-Existing Test Server OK!
[2024-09-29 23:20:42.829] [main] [info] Pinging Non-Existing Test Server   ...DONE!
[2024-09-29 23:20:42.829] [main] [info] Pinging Pump Server Mayson...
[2024-09-29 23:20:42.933] [main] [info] Pump Server ping OK!
[2024-09-29 23:20:42.933] [main] [info] Pinging Pump Server Mayson   ...DONE!
[2024-09-29 23:20:42.933] [main] [info] Pinging all valve stations...
[2024-09-29 23:20:52.144] [main] [error] Fatal: James not available!
[2024-09-29 23:20:52.144] [main] [error] Fatal: Lucas not available!
[2024-09-29 23:20:52.144] [main] [error] Fatal: Felix not available!
[2024-09-29 23:20:52.144] [main] [info] Pinging all valve stations   ...DONE!
[2024-09-29 23:20:52.144] [main] [info] Pinging Non-Existing Test Server...
[2024-09-29 23:20:55.213] [main] [info] Pinging Non-Existing Test Server OK!
[2024-09-29 23:20:55.213] [main] [info] Pinging Non-Existing Test Server   ...DONE!
[2024-09-29 23:20:55.697] [main] [info] Creating Landscape...
[2024-09-29 23:20:55.697] [main] [info] Creating Landscape...
[2024-09-29 23:20:55.697] [main] [info] Creating Felix...
[2024-09-29 23:20:55.697] [main] [info] Creating James...
[2024-09-29 23:20:55.697] [main] [info] Creating Lucas...
[2024-09-29 23:20:55.697] [main] [info] Fetching timestamp...
std::chrono::system_clock::now().time_since_epoch()   :   1727644855697353766
get_seconds_since_epoch_now(bool verbose /* true */)   :   1727644855
minutes since epoch   :   28794080
minute of day   :   1280
minute of hour   :   20
hour of day   :   21
[2024-09-29 23:20:55.697] [main] [info] Checking timestamp.txt...
[2024-09-29 23:20:55.697] [main] [debug] The timestamp.txt is always written when watering is triggered. It is read to check if I was already done with watering some minutes ago.
previous time_stamp:   28793017
[2024-09-29 23:20:55.698] [main] [info] Checking timestamp.txt   ...DONE!
[2024-09-29 23:20:55.698] [main] [info] It's not time for watering now!
[2024-09-29 23:20:55.698] [main] [info] Minute Intraday:   1280
[2024-09-29 23:20:55.698] [main] [info] Days since Epoch:   19995
[2024-09-29 23:20:55.698] [main] [info] Accumulated watering times:

Felix   :           Klee Feld  :      0.00 min
Felix   :          Eiben Klee  :      0.00 min
James   :              Erbsen  :      0.00 min
James   :          Kartoffeln  :      0.00 min
James   :              Gurken  :      0.00 min
James   :        Tomaten+Mara  :      0.00 min
Lucas   :      Bohnen-Flieder  :      0.00 min
Lucas   :        Heidelbeeren  :      0.00 min
Lucas   :            Karotten  :      0.00 min

%%%%%%%%%%     [4] Run the executable   ...DONE!
elapsed time:   249s
=====================================================================================================
