=====================================================================================================
%%%%%%%%%%     [4] Run the executable...
>Please note:  Even if all builds failed, the last built executable is still there and will be started!
> sudo -u mayadm ./ur-unix-run.sh
[2024-09-29 20:58:09.926] [main] [info] Pinging Pump Server Mayson...
[2024-09-29 20:58:09.965] [main] [info] Pump Server ping OK!
[2024-09-29 20:58:09.965] [main] [info] Pinging Pump Server Mayson   ...DONE!
[2024-09-29 20:58:09.965] [main] [info] Pinging all valve stations...
[2024-09-29 20:58:19.190] [main] [error] Fatal: James not available!
[2024-09-29 20:58:19.190] [main] [error] Fatal: Lucas not available!
[2024-09-29 20:58:19.190] [main] [error] Fatal: Felix not available!
[2024-09-29 20:58:19.190] [main] [info] Pinging all valve stations   ...DONE!
[2024-09-29 20:58:19.190] [main] [info] Pinging Non-Existing Test Server...
[2024-09-29 20:58:22.262] [main] [info] Pinging Non-Existing Test Server OK!
[2024-09-29 20:58:22.262] [main] [info] Pinging Non-Existing Test Server   ...DONE!
[2024-09-29 20:58:22.262] [main] [info] Pinging Pump Server Mayson...
[2024-09-29 20:58:22.350] [main] [info] Pump Server ping OK!
[2024-09-29 20:58:22.350] [main] [info] Pinging Pump Server Mayson   ...DONE!
[2024-09-29 20:58:22.350] [main] [info] Pinging all valve stations...
[2024-09-29 20:58:31.574] [main] [error] Fatal: James not available!
[2024-09-29 20:58:31.574] [main] [error] Fatal: Lucas not available!
[2024-09-29 20:58:31.574] [main] [error] Fatal: Felix not available!
[2024-09-29 20:58:31.574] [main] [info] Pinging all valve stations   ...DONE!
[2024-09-29 20:58:31.574] [main] [info] Pinging Non-Existing Test Server...
[2024-09-29 20:58:34.646] [main] [info] Pinging Non-Existing Test Server OK!
[2024-09-29 20:58:34.646] [main] [info] Pinging Non-Existing Test Server   ...DONE!
[2024-09-29 20:58:34.646] [main] [info] Pinging Pump Server Mayson...
[2024-09-29 20:58:34.848] [main] [info] Pump Server ping OK!
[2024-09-29 20:58:34.848] [main] [info] Pinging Pump Server Mayson   ...DONE!
[2024-09-29 20:58:34.848] [main] [info] Pinging all valve stations...
[2024-09-29 20:58:44.054] [main] [error] Fatal: James not available!
[2024-09-29 20:58:44.054] [main] [error] Fatal: Lucas not available!
[2024-09-29 20:58:44.054] [main] [error] Fatal: Felix not available!
[2024-09-29 20:58:44.054] [main] [info] Pinging all valve stations   ...DONE!
[2024-09-29 20:58:44.054] [main] [info] Pinging Non-Existing Test Server...
[2024-09-29 20:58:47.126] [main] [info] Pinging Non-Existing Test Server OK!
[2024-09-29 20:58:47.126] [main] [info] Pinging Non-Existing Test Server   ...DONE!
[2024-09-29 20:58:47.126] [main] [info] Pinging Pump Server Mayson...
[2024-09-29 20:58:47.227] [main] [info] Pump Server ping OK!
[2024-09-29 20:58:47.227] [main] [info] Pinging Pump Server Mayson   ...DONE!
[2024-09-29 20:58:47.227] [main] [info] Pinging all valve stations...
[2024-09-29 20:58:56.438] [main] [error] Fatal: James not available!
[2024-09-29 20:58:56.438] [main] [error] Fatal: Lucas not available!
[2024-09-29 20:58:56.438] [main] [error] Fatal: Felix not available!
[2024-09-29 20:58:56.438] [main] [info] Pinging all valve stations   ...DONE!
[2024-09-29 20:58:56.438] [main] [info] Pinging Non-Existing Test Server...
[2024-09-29 20:58:59.510] [main] [info] Pinging Non-Existing Test Server OK!
[2024-09-29 20:58:59.510] [main] [info] Pinging Non-Existing Test Server   ...DONE!
[2024-09-29 20:58:59.510] [main] [info] Pinging Pump Server Mayson...
[2024-09-29 20:58:59.621] [main] [info] Pump Server ping OK!
[2024-09-29 20:58:59.621] [main] [info] Pinging Pump Server Mayson   ...DONE!
[2024-09-29 20:58:59.621] [main] [info] Pinging all valve stations...
[2024-09-29 20:59:08.822] [main] [error] Fatal: James not available!
[2024-09-29 20:59:08.822] [main] [error] Fatal: Lucas not available!
[2024-09-29 20:59:08.822] [main] [error] Fatal: Felix not available!
[2024-09-29 20:59:08.822] [main] [info] Pinging all valve stations   ...DONE!
[2024-09-29 20:59:08.822] [main] [info] Pinging Non-Existing Test Server...
[2024-09-29 20:59:11.894] [main] [info] Pinging Non-Existing Test Server OK!
[2024-09-29 20:59:11.894] [main] [info] Pinging Non-Existing Test Server   ...DONE!
[2024-09-29 20:59:11.894] [main] [info] Pinging Pump Server Mayson...
[2024-09-29 20:59:12.003] [main] [info] Pump Server ping OK!
[2024-09-29 20:59:12.003] [main] [info] Pinging Pump Server Mayson   ...DONE!
[2024-09-29 20:59:12.003] [main] [info] Pinging all valve stations...
[2024-09-29 20:59:21.206] [main] [error] Fatal: James not available!
[2024-09-29 20:59:21.206] [main] [error] Fatal: Lucas not available!
[2024-09-29 20:59:21.206] [main] [error] Fatal: Felix not available!
[2024-09-29 20:59:21.206] [main] [info] Pinging all valve stations   ...DONE!
[2024-09-29 20:59:21.206] [main] [info] Pinging Non-Existing Test Server...
[2024-09-29 20:59:24.278] [main] [info] Pinging Non-Existing Test Server OK!
[2024-09-29 20:59:24.278] [main] [info] Pinging Non-Existing Test Server   ...DONE!
[2024-09-29 20:59:24.278] [main] [info] Pinging Pump Server Mayson...
[2024-09-29 20:59:24.388] [main] [info] Pump Server ping OK!
[2024-09-29 20:59:24.388] [main] [info] Pinging Pump Server Mayson   ...DONE!
[2024-09-29 20:59:24.388] [main] [info] Pinging all valve stations...
[2024-09-29 20:59:33.590] [main] [error] Fatal: James not available!
[2024-09-29 20:59:33.590] [main] [error] Fatal: Lucas not available!
[2024-09-29 20:59:33.590] [main] [error] Fatal: Felix not available!
[2024-09-29 20:59:33.590] [main] [info] Pinging all valve stations   ...DONE!
[2024-09-29 20:59:33.590] [main] [info] Pinging Non-Existing Test Server...
[2024-09-29 20:59:36.662] [main] [info] Pinging Non-Existing Test Server OK!
[2024-09-29 20:59:36.662] [main] [info] Pinging Non-Existing Test Server   ...DONE!
[2024-09-29 20:59:36.662] [main] [info] Pinging Pump Server Mayson...
[2024-09-29 20:59:36.787] [main] [info] Pump Server ping OK!
[2024-09-29 20:59:36.787] [main] [info] Pinging Pump Server Mayson   ...DONE!
[2024-09-29 20:59:36.787] [main] [info] Pinging all valve stations...
[2024-09-29 20:59:46.006] [main] [error] Fatal: James not available!
[2024-09-29 20:59:46.006] [main] [error] Fatal: Lucas not available!
[2024-09-29 20:59:46.006] [main] [error] Fatal: Felix not available!
[2024-09-29 20:59:46.006] [main] [info] Pinging all valve stations   ...DONE!
[2024-09-29 20:59:46.006] [main] [info] Pinging Non-Existing Test Server...
[2024-09-29 20:59:49.078] [main] [info] Pinging Non-Existing Test Server OK!
[2024-09-29 20:59:49.078] [main] [info] Pinging Non-Existing Test Server   ...DONE!
[2024-09-29 20:59:49.078] [main] [info] Pinging Pump Server Mayson...
[2024-09-29 20:59:49.178] [main] [info] Pump Server ping OK!
[2024-09-29 20:59:49.178] [main] [info] Pinging Pump Server Mayson   ...DONE!
[2024-09-29 20:59:49.178] [main] [info] Pinging all valve stations...
[2024-09-29 20:59:58.390] [main] [error] Fatal: James not available!
[2024-09-29 20:59:58.390] [main] [error] Fatal: Lucas not available!
[2024-09-29 20:59:58.390] [main] [error] Fatal: Felix not available!
[2024-09-29 20:59:58.390] [main] [info] Pinging all valve stations   ...DONE!
[2024-09-29 20:59:58.390] [main] [info] Pinging Non-Existing Test Server...
[2024-09-29 21:00:01.462] [main] [info] Pinging Non-Existing Test Server OK!
[2024-09-29 21:00:01.462] [main] [info] Pinging Non-Existing Test Server   ...DONE!
[2024-09-29 21:00:01.462] [main] [info] Pinging Pump Server Mayson...
[2024-09-29 21:00:01.566] [main] [info] Pump Server ping OK!
[2024-09-29 21:00:01.566] [main] [info] Pinging Pump Server Mayson   ...DONE!
[2024-09-29 21:00:01.566] [main] [info] Pinging all valve stations...
[2024-09-29 21:00:10.774] [main] [error] Fatal: James not available!
[2024-09-29 21:00:10.774] [main] [error] Fatal: Lucas not available!
[2024-09-29 21:00:10.774] [main] [error] Fatal: Felix not available!
[2024-09-29 21:00:10.774] [main] [info] Pinging all valve stations   ...DONE!
[2024-09-29 21:00:10.774] [main] [info] Pinging Non-Existing Test Server...
[2024-09-29 21:00:13.846] [main] [info] Pinging Non-Existing Test Server OK!
[2024-09-29 21:00:13.846] [main] [info] Pinging Non-Existing Test Server   ...DONE!
[2024-09-29 21:00:13.846] [main] [info] Pinging Pump Server Mayson...
[2024-09-29 21:00:14.068] [main] [info] Pump Server ping OK!
[2024-09-29 21:00:14.068] [main] [info] Pinging Pump Server Mayson   ...DONE!
[2024-09-29 21:00:14.068] [main] [info] Pinging all valve stations...
[2024-09-29 21:00:23.286] [main] [error] Fatal: James not available!
[2024-09-29 21:00:23.286] [main] [error] Fatal: Lucas not available!
[2024-09-29 21:00:23.286] [main] [error] Fatal: Felix not available!
[2024-09-29 21:00:23.286] [main] [info] Pinging all valve stations   ...DONE!
[2024-09-29 21:00:23.286] [main] [info] Pinging Non-Existing Test Server...
[2024-09-29 21:00:26.358] [main] [info] Pinging Non-Existing Test Server OK!
[2024-09-29 21:00:26.358] [main] [info] Pinging Non-Existing Test Server   ...DONE!
[2024-09-29 21:00:26.358] [main] [info] Pinging Pump Server Mayson...
[2024-09-29 21:00:26.450] [main] [info] Pump Server ping OK!
[2024-09-29 21:00:26.450] [main] [info] Pinging Pump Server Mayson   ...DONE!
[2024-09-29 21:00:26.450] [main] [info] Pinging all valve stations...
[2024-09-29 21:00:35.670] [main] [error] Fatal: James not available!
[2024-09-29 21:00:35.670] [main] [error] Fatal: Lucas not available!
[2024-09-29 21:00:35.670] [main] [error] Fatal: Felix not available!
[2024-09-29 21:00:35.670] [main] [info] Pinging all valve stations   ...DONE!
[2024-09-29 21:00:35.670] [main] [info] Pinging Non-Existing Test Server...
[2024-09-29 21:00:38.742] [main] [info] Pinging Non-Existing Test Server OK!
[2024-09-29 21:00:38.742] [main] [info] Pinging Non-Existing Test Server   ...DONE!
[2024-09-29 21:00:38.742] [main] [info] Pinging Pump Server Mayson...
[2024-09-29 21:00:38.864] [main] [info] Pump Server ping OK!
[2024-09-29 21:00:38.864] [main] [info] Pinging Pump Server Mayson   ...DONE!
[2024-09-29 21:00:38.864] [main] [info] Pinging all valve stations...
[2024-09-29 21:00:48.086] [main] [error] Fatal: James not available!
[2024-09-29 21:00:48.086] [main] [error] Fatal: Lucas not available!
[2024-09-29 21:00:48.086] [main] [error] Fatal: Felix not available!
[2024-09-29 21:00:48.086] [main] [info] Pinging all valve stations   ...DONE!
[2024-09-29 21:00:48.086] [main] [info] Pinging Non-Existing Test Server...
[2024-09-29 21:00:51.158] [main] [info] Pinging Non-Existing Test Server OK!
[2024-09-29 21:00:51.158] [main] [info] Pinging Non-Existing Test Server   ...DONE!
[2024-09-29 21:00:51.158] [main] [info] Pinging Pump Server Mayson...
[2024-09-29 21:00:51.237] [main] [info] Pump Server ping OK!
[2024-09-29 21:00:51.237] [main] [info] Pinging Pump Server Mayson   ...DONE!
[2024-09-29 21:00:51.237] [main] [info] Pinging all valve stations...
[2024-09-29 21:01:00.438] [main] [error] Fatal: James not available!
[2024-09-29 21:01:00.438] [main] [error] Fatal: Lucas not available!
[2024-09-29 21:01:00.438] [main] [error] Fatal: Felix not available!
[2024-09-29 21:01:00.438] [main] [info] Pinging all valve stations   ...DONE!
[2024-09-29 21:01:00.438] [main] [info] Pinging Non-Existing Test Server...
[2024-09-29 21:01:03.510] [main] [info] Pinging Non-Existing Test Server OK!
[2024-09-29 21:01:03.510] [main] [info] Pinging Non-Existing Test Server   ...DONE!
[2024-09-29 21:01:03.510] [main] [info] Pinging Pump Server Mayson...
[2024-09-29 21:01:03.626] [main] [info] Pump Server ping OK!
[2024-09-29 21:01:03.626] [main] [info] Pinging Pump Server Mayson   ...DONE!
[2024-09-29 21:01:03.626] [main] [info] Pinging all valve stations...
[2024-09-29 21:01:12.822] [main] [error] Fatal: James not available!
[2024-09-29 21:01:12.822] [main] [error] Fatal: Lucas not available!
[2024-09-29 21:01:12.822] [main] [error] Fatal: Felix not available!
[2024-09-29 21:01:12.822] [main] [info] Pinging all valve stations   ...DONE!
[2024-09-29 21:01:12.822] [main] [info] Pinging Non-Existing Test Server...
[2024-09-29 21:01:15.894] [main] [info] Pinging Non-Existing Test Server OK!
[2024-09-29 21:01:15.894] [main] [info] Pinging Non-Existing Test Server   ...DONE!
[2024-09-29 21:01:15.894] [main] [info] Pinging Pump Server Mayson...
[2024-09-29 21:01:16.024] [main] [info] Pump Server ping OK!
[2024-09-29 21:01:16.024] [main] [info] Pinging Pump Server Mayson   ...DONE!
[2024-09-29 21:01:16.024] [main] [info] Pinging all valve stations...
[2024-09-29 21:01:25.238] [main] [error] Fatal: James not available!
[2024-09-29 21:01:25.238] [main] [error] Fatal: Lucas not available!
[2024-09-29 21:01:25.238] [main] [error] Fatal: Felix not available!
[2024-09-29 21:01:25.238] [main] [info] Pinging all valve stations   ...DONE!
[2024-09-29 21:01:25.238] [main] [info] Pinging Non-Existing Test Server...
[2024-09-29 21:01:28.310] [main] [info] Pinging Non-Existing Test Server OK!
[2024-09-29 21:01:28.310] [main] [info] Pinging Non-Existing Test Server   ...DONE!
[2024-09-29 21:01:28.310] [main] [info] Pinging Pump Server Mayson...
[2024-09-29 21:01:28.413] [main] [info] Pump Server ping OK!
[2024-09-29 21:01:28.413] [main] [info] Pinging Pump Server Mayson   ...DONE!
[2024-09-29 21:01:28.413] [main] [info] Pinging all valve stations...
[2024-09-29 21:01:37.622] [main] [error] Fatal: James not available!
[2024-09-29 21:01:37.622] [main] [error] Fatal: Lucas not available!
[2024-09-29 21:01:37.622] [main] [error] Fatal: Felix not available!
[2024-09-29 21:01:37.622] [main] [info] Pinging all valve stations   ...DONE!
[2024-09-29 21:01:37.622] [main] [info] Pinging Non-Existing Test Server...
[2024-09-29 21:01:40.694] [main] [info] Pinging Non-Existing Test Server OK!
[2024-09-29 21:01:40.694] [main] [info] Pinging Non-Existing Test Server   ...DONE!
[2024-09-29 21:01:40.694] [main] [info] Pinging Pump Server Mayson...
[2024-09-29 21:01:40.816] [main] [info] Pump Server ping OK!
[2024-09-29 21:01:40.816] [main] [info] Pinging Pump Server Mayson   ...DONE!
[2024-09-29 21:01:40.816] [main] [info] Pinging all valve stations...
[2024-09-29 21:01:50.038] [main] [error] Fatal: James not available!
[2024-09-29 21:01:50.038] [main] [error] Fatal: Lucas not available!
[2024-09-29 21:01:50.038] [main] [error] Fatal: Felix not available!
[2024-09-29 21:01:50.038] [main] [info] Pinging all valve stations   ...DONE!
[2024-09-29 21:01:50.038] [main] [info] Pinging Non-Existing Test Server...
[2024-09-29 21:01:53.110] [main] [info] Pinging Non-Existing Test Server OK!
[2024-09-29 21:01:53.110] [main] [info] Pinging Non-Existing Test Server   ...DONE!
[2024-09-29 21:01:53.110] [main] [info] Pinging Pump Server Mayson...
[2024-09-29 21:01:53.202] [main] [info] Pump Server ping OK!
[2024-09-29 21:01:53.202] [main] [info] Pinging Pump Server Mayson   ...DONE!
[2024-09-29 21:01:53.202] [main] [info] Pinging all valve stations...
[2024-09-29 21:02:02.422] [main] [error] Fatal: James not available!
[2024-09-29 21:02:02.422] [main] [error] Fatal: Lucas not available!
[2024-09-29 21:02:02.422] [main] [error] Fatal: Felix not available!
[2024-09-29 21:02:02.422] [main] [info] Pinging all valve stations   ...DONE!
[2024-09-29 21:02:02.422] [main] [info] Pinging Non-Existing Test Server...
[2024-09-29 21:02:05.494] [main] [info] Pinging Non-Existing Test Server OK!
[2024-09-29 21:02:05.494] [main] [info] Pinging Non-Existing Test Server   ...DONE!
[2024-09-29 21:02:05.494] [main] [info] Pinging Pump Server Mayson...
[2024-09-29 21:02:05.800] [main] [info] Pump Server ping OK!
[2024-09-29 21:02:05.800] [main] [info] Pinging Pump Server Mayson   ...DONE!
[2024-09-29 21:02:05.800] [main] [info] Pinging all valve stations...
[2024-09-29 21:02:14.998] [main] [error] Fatal: James not available!
[2024-09-29 21:02:14.998] [main] [error] Fatal: Lucas not available!
[2024-09-29 21:02:14.998] [main] [error] Fatal: Felix not available!
[2024-09-29 21:02:14.998] [main] [info] Pinging all valve stations   ...DONE!
[2024-09-29 21:02:14.998] [main] [info] Pinging Non-Existing Test Server...
[2024-09-29 21:02:18.070] [main] [info] Pinging Non-Existing Test Server OK!
[2024-09-29 21:02:18.070] [main] [info] Pinging Non-Existing Test Server   ...DONE!
[2024-09-29 21:02:18.504] [main] [info] Creating Landscape...
[2024-09-29 21:02:18.504] [main] [info] Creating Landscape...
[2024-09-29 21:02:18.504] [main] [info] Creating Felix...
[2024-09-29 21:02:18.504] [main] [info] Creating James...
[2024-09-29 21:02:18.504] [main] [info] Creating Lucas...
[2024-09-29 21:02:18.504] [main] [info] Fetching timestamp...
std::chrono::system_clock::now().time_since_epoch()   :   1727636538504433526
get_seconds_since_epoch_now(bool verbose /* true */)   :   1727636538
minutes since epoch   :   28793942
minute of day   :   1142
minute of hour   :   2
hour of day   :   19
[2024-09-29 21:02:18.504] [main] [info] Checking timestamp.txt...
[2024-09-29 21:02:18.504] [main] [debug] The timestamp.txt is always written when watering is triggered. It is read to check if I was already done with watering some minutes ago.
previous time_stamp:   28793017
[2024-09-29 21:02:18.505] [main] [info] Checking timestamp.txt   ...DONE!
[2024-09-29 21:02:18.505] [main] [info] It's not time for watering now!
[2024-09-29 21:02:18.505] [main] [info] Minute Intraday:   1142
[2024-09-29 21:02:18.505] [main] [info] Days since Epoch:   19995
[2024-09-29 21:02:18.505] [main] [info] Accumulated watering times:

Felix   :           Klee Feld  :      0.00 min
Felix   :          Eiben Klee  :      0.00 min
James   :              Erbsen  :      0.00 min
James   :          Kartoffeln  :      0.00 min
James   :              Gurken  :      0.00 min
James   :        Tomaten+Mara  :      0.00 min
Lucas   :      Bohnen-Flieder  :      0.00 min
Lucas   :        Heidelbeeren  :      0.00 min
Lucas   :            Karotten  :      0.00 min

%%%%%%%%%%     [4] Run the executable   ...DONE!
elapsed time:   249s
=====================================================================================================
