=====================================================================================================
%%%%%%%%%%     [4] Run the executable...
>Please note:  Even if all builds failed, the last built executable is still there and will be started!
> sudo -u mayadm ./ur-unix-run.sh
[2024-09-30 10:05:14.928] [main] [info] Pinging Pump Server Mayson...
[2024-09-30 10:05:15.054] [main] [info] Pump Server ping OK!
[2024-09-30 10:05:15.054] [main] [info] Pinging Pump Server Mayson   ...DONE!
[2024-09-30 10:05:15.054] [main] [info] Pinging all valve stations...
[2024-09-30 10:05:24.276] [main] [error] Fatal: James not available!
[2024-09-30 10:05:24.276] [main] [error] Fatal: Lucas not available!
[2024-09-30 10:05:24.276] [main] [error] Fatal: Felix not available!
[2024-09-30 10:05:24.276] [main] [info] Pinging all valve stations   ...DONE!
[2024-09-30 10:05:24.276] [main] [info] Pinging Non-Existing Test Server...
[2024-09-30 10:05:27.348] [main] [info] Pinging Non-Existing Test Server OK!
[2024-09-30 10:05:27.348] [main] [info] Pinging Non-Existing Test Server   ...DONE!
[2024-09-30 10:05:27.348] [main] [info] Pinging Pump Server Mayson...
[2024-09-30 10:05:27.434] [main] [info] Pump Server ping OK!
[2024-09-30 10:05:27.434] [main] [info] Pinging Pump Server Mayson   ...DONE!
[2024-09-30 10:05:27.434] [main] [info] Pinging all valve stations...
[2024-09-30 10:05:36.660] [main] [error] Fatal: James not available!
[2024-09-30 10:05:36.660] [main] [error] Fatal: Lucas not available!
[2024-09-30 10:05:36.660] [main] [error] Fatal: Felix not available!
[2024-09-30 10:05:36.660] [main] [info] Pinging all valve stations   ...DONE!
[2024-09-30 10:05:36.660] [main] [info] Pinging Non-Existing Test Server...
[2024-09-30 10:05:39.732] [main] [info] Pinging Non-Existing Test Server OK!
[2024-09-30 10:05:39.732] [main] [info] Pinging Non-Existing Test Server   ...DONE!
[2024-09-30 10:05:39.732] [main] [info] Pinging Pump Server Mayson...
[2024-09-30 10:05:39.814] [main] [info] Pump Server ping OK!
[2024-09-30 10:05:39.814] [main] [info] Pinging Pump Server Mayson   ...DONE!
[2024-09-30 10:05:39.814] [main] [info] Pinging all valve stations...
[2024-09-30 10:05:49.012] [main] [error] Fatal: James not available!
[2024-09-30 10:05:49.012] [main] [error] Fatal: Lucas not available!
[2024-09-30 10:05:49.013] [main] [error] Fatal: Felix not available!
[2024-09-30 10:05:49.013] [main] [info] Pinging all valve stations   ...DONE!
[2024-09-30 10:05:49.013] [main] [info] Pinging Non-Existing Test Server...
[2024-09-30 10:05:52.084] [main] [info] Pinging Non-Existing Test Server OK!
[2024-09-30 10:05:52.084] [main] [info] Pinging Non-Existing Test Server   ...DONE!
[2024-09-30 10:05:52.084] [main] [info] Pinging Pump Server Mayson...
[2024-09-30 10:05:52.212] [main] [info] Pump Server ping OK!
[2024-09-30 10:05:52.212] [main] [info] Pinging Pump Server Mayson   ...DONE!
[2024-09-30 10:05:52.212] [main] [info] Pinging all valve stations...
[2024-09-30 10:06:01.428] [main] [error] Fatal: James not available!
[2024-09-30 10:06:01.428] [main] [error] Fatal: Lucas not available!
[2024-09-30 10:06:01.428] [main] [error] Fatal: Felix not available!
[2024-09-30 10:06:01.428] [main] [info] Pinging all valve stations   ...DONE!
[2024-09-30 10:06:01.428] [main] [info] Pinging Non-Existing Test Server...
[2024-09-30 10:06:04.501] [main] [info] Pinging Non-Existing Test Server OK!
[2024-09-30 10:06:04.501] [main] [info] Pinging Non-Existing Test Server   ...DONE!
[2024-09-30 10:06:04.501] [main] [info] Pinging Pump Server Mayson...
[2024-09-30 10:06:04.613] [main] [info] Pump Server ping OK!
[2024-09-30 10:06:04.613] [main] [info] Pinging Pump Server Mayson   ...DONE!
[2024-09-30 10:06:04.613] [main] [info] Pinging all valve stations...
[2024-09-30 10:06:13.812] [main] [error] Fatal: James not available!
[2024-09-30 10:06:13.812] [main] [error] Fatal: Lucas not available!
[2024-09-30 10:06:13.812] [main] [error] Fatal: Felix not available!
[2024-09-30 10:06:13.812] [main] [info] Pinging all valve stations   ...DONE!
[2024-09-30 10:06:13.812] [main] [info] Pinging Non-Existing Test Server...
[2024-09-30 10:06:16.884] [main] [info] Pinging Non-Existing Test Server OK!
[2024-09-30 10:06:16.884] [main] [info] Pinging Non-Existing Test Server   ...DONE!
[2024-09-30 10:06:16.884] [main] [info] Pinging Pump Server Mayson...
[2024-09-30 10:06:16.991] [main] [info] Pump Server ping OK!
[2024-09-30 10:06:16.991] [main] [info] Pinging Pump Server Mayson   ...DONE!
[2024-09-30 10:06:16.991] [main] [info] Pinging all valve stations...
[2024-09-30 10:06:26.196] [main] [error] Fatal: James not available!
[2024-09-30 10:06:26.196] [main] [error] Fatal: Lucas not available!
[2024-09-30 10:06:26.196] [main] [error] Fatal: Felix not available!
[2024-09-30 10:06:26.196] [main] [info] Pinging all valve stations   ...DONE!
[2024-09-30 10:06:26.196] [main] [info] Pinging Non-Existing Test Server...
[2024-09-30 10:06:29.269] [main] [info] Pinging Non-Existing Test Server OK!
[2024-09-30 10:06:29.269] [main] [info] Pinging Non-Existing Test Server   ...DONE!
[2024-09-30 10:06:29.269] [main] [info] Pinging Pump Server Mayson...
[2024-09-30 10:06:29.494] [main] [info] Pump Server ping OK!
[2024-09-30 10:06:29.494] [main] [info] Pinging Pump Server Mayson   ...DONE!
[2024-09-30 10:06:29.494] [main] [info] Pinging all valve stations...
[2024-09-30 10:06:38.708] [main] [error] Fatal: James not available!
[2024-09-30 10:06:38.708] [main] [error] Fatal: Lucas not available!
[2024-09-30 10:06:38.708] [main] [error] Fatal: Felix not available!
[2024-09-30 10:06:38.708] [main] [info] Pinging all valve stations   ...DONE!
[2024-09-30 10:06:38.708] [main] [info] Pinging Non-Existing Test Server...
[2024-09-30 10:06:41.780] [main] [info] Pinging Non-Existing Test Server OK!
[2024-09-30 10:06:41.780] [main] [info] Pinging Non-Existing Test Server   ...DONE!
[2024-09-30 10:06:41.780] [main] [info] Pinging Pump Server Mayson...
[2024-09-30 10:06:41.872] [main] [info] Pump Server ping OK!
[2024-09-30 10:06:41.872] [main] [info] Pinging Pump Server Mayson   ...DONE!
[2024-09-30 10:06:41.872] [main] [info] Pinging all valve stations...
[2024-09-30 10:06:51.092] [main] [error] Fatal: James not available!
[2024-09-30 10:06:51.092] [main] [error] Fatal: Lucas not available!
[2024-09-30 10:06:51.092] [main] [error] Fatal: Felix not available!
[2024-09-30 10:06:51.092] [main] [info] Pinging all valve stations   ...DONE!
[2024-09-30 10:06:51.092] [main] [info] Pinging Non-Existing Test Server...
[2024-09-30 10:06:54.165] [main] [info] Pinging Non-Existing Test Server OK!
[2024-09-30 10:06:54.165] [main] [info] Pinging Non-Existing Test Server   ...DONE!
[2024-09-30 10:06:54.165] [main] [info] Pinging Pump Server Mayson...
[2024-09-30 10:06:54.268] [main] [info] Pump Server ping OK!
[2024-09-30 10:06:54.268] [main] [info] Pinging Pump Server Mayson   ...DONE!
[2024-09-30 10:06:54.268] [main] [info] Pinging all valve stations...
[2024-09-30 10:07:03.477] [main] [error] Fatal: James not available!
[2024-09-30 10:07:03.477] [main] [error] Fatal: Lucas not available!
[2024-09-30 10:07:03.477] [main] [error] Fatal: Felix not available!
[2024-09-30 10:07:03.477] [main] [info] Pinging all valve stations   ...DONE!
[2024-09-30 10:07:03.477] [main] [info] Pinging Non-Existing Test Server...
[2024-09-30 10:07:06.548] [main] [info] Pinging Non-Existing Test Server OK!
[2024-09-30 10:07:06.548] [main] [info] Pinging Non-Existing Test Server   ...DONE!
[2024-09-30 10:07:06.548] [main] [info] Pinging Pump Server Mayson...
[2024-09-30 10:07:06.656] [main] [info] Pump Server ping OK!
[2024-09-30 10:07:06.656] [main] [info] Pinging Pump Server Mayson   ...DONE!
[2024-09-30 10:07:06.656] [main] [info] Pinging all valve stations...
[2024-09-30 10:07:15.861] [main] [error] Fatal: James not available!
[2024-09-30 10:07:15.861] [main] [error] Fatal: Lucas not available!
[2024-09-30 10:07:15.861] [main] [error] Fatal: Felix not available!
[2024-09-30 10:07:15.861] [main] [info] Pinging all valve stations   ...DONE!
[2024-09-30 10:07:15.861] [main] [info] Pinging Non-Existing Test Server...
[2024-09-30 10:07:18.932] [main] [info] Pinging Non-Existing Test Server OK!
[2024-09-30 10:07:18.932] [main] [info] Pinging Non-Existing Test Server   ...DONE!
[2024-09-30 10:07:18.932] [main] [info] Pinging Pump Server Mayson...
[2024-09-30 10:07:19.044] [main] [info] Pump Server ping OK!
[2024-09-30 10:07:19.044] [main] [info] Pinging Pump Server Mayson   ...DONE!
[2024-09-30 10:07:19.044] [main] [info] Pinging all valve stations...
[2024-09-30 10:07:28.276] [main] [error] Fatal: James not available!
[2024-09-30 10:07:28.276] [main] [error] Fatal: Lucas not available!
[2024-09-30 10:07:28.276] [main] [error] Fatal: Felix not available!
[2024-09-30 10:07:28.276] [main] [info] Pinging all valve stations   ...DONE!
[2024-09-30 10:07:28.276] [main] [info] Pinging Non-Existing Test Server...
[2024-09-30 10:07:31.348] [main] [info] Pinging Non-Existing Test Server OK!
[2024-09-30 10:07:31.348] [main] [info] Pinging Non-Existing Test Server   ...DONE!
[2024-09-30 10:07:31.348] [main] [info] Pinging Pump Server Mayson...
[2024-09-30 10:07:31.445] [main] [info] Pump Server ping OK!
[2024-09-30 10:07:31.445] [main] [info] Pinging Pump Server Mayson   ...DONE!
[2024-09-30 10:07:31.445] [main] [info] Pinging all valve stations...
[2024-09-30 10:07:40.660] [main] [error] Fatal: James not available!
[2024-09-30 10:07:40.660] [main] [error] Fatal: Lucas not available!
[2024-09-30 10:07:40.660] [main] [error] Fatal: Felix not available!
[2024-09-30 10:07:40.660] [main] [info] Pinging all valve stations   ...DONE!
[2024-09-30 10:07:40.660] [main] [info] Pinging Non-Existing Test Server...
[2024-09-30 10:07:43.732] [main] [info] Pinging Non-Existing Test Server OK!
[2024-09-30 10:07:43.732] [main] [info] Pinging Non-Existing Test Server   ...DONE!
[2024-09-30 10:07:43.732] [main] [info] Pinging Pump Server Mayson...
[2024-09-30 10:07:43.925] [main] [info] Pump Server ping OK!
[2024-09-30 10:07:43.925] [main] [info] Pinging Pump Server Mayson   ...DONE!
[2024-09-30 10:07:43.925] [main] [info] Pinging all valve stations...
[2024-09-30 10:07:53.140] [main] [error] Fatal: James not available!
[2024-09-30 10:07:53.140] [main] [error] Fatal: Lucas not available!
[2024-09-30 10:07:53.140] [main] [error] Fatal: Felix not available!
[2024-09-30 10:07:53.140] [main] [info] Pinging all valve stations   ...DONE!
[2024-09-30 10:07:53.140] [main] [info] Pinging Non-Existing Test Server...
[2024-09-30 10:07:56.212] [main] [info] Pinging Non-Existing Test Server OK!
[2024-09-30 10:07:56.212] [main] [info] Pinging Non-Existing Test Server   ...DONE!
[2024-09-30 10:07:56.212] [main] [info] Pinging Pump Server Mayson...
[2024-09-30 10:07:56.322] [main] [info] Pump Server ping OK!
[2024-09-30 10:07:56.322] [main] [info] Pinging Pump Server Mayson   ...DONE!
[2024-09-30 10:07:56.322] [main] [info] Pinging all valve stations...
[2024-09-30 10:08:05.524] [main] [error] Fatal: James not available!
[2024-09-30 10:08:05.524] [main] [error] Fatal: Lucas not available!
[2024-09-30 10:08:05.524] [main] [error] Fatal: Felix not available!
[2024-09-30 10:08:05.524] [main] [info] Pinging all valve stations   ...DONE!
[2024-09-30 10:08:05.524] [main] [info] Pinging Non-Existing Test Server...
[2024-09-30 10:08:08.596] [main] [info] Pinging Non-Existing Test Server OK!
[2024-09-30 10:08:08.596] [main] [info] Pinging Non-Existing Test Server   ...DONE!
[2024-09-30 10:08:08.596] [main] [info] Pinging Pump Server Mayson...
[2024-09-30 10:08:08.708] [main] [info] Pump Server ping OK!
[2024-09-30 10:08:08.708] [main] [info] Pinging Pump Server Mayson   ...DONE!
[2024-09-30 10:08:08.708] [main] [info] Pinging all valve stations...
[2024-09-30 10:08:17.908] [main] [error] Fatal: James not available!
[2024-09-30 10:08:17.908] [main] [error] Fatal: Lucas not available!
[2024-09-30 10:08:17.908] [main] [error] Fatal: Felix not available!
[2024-09-30 10:08:17.908] [main] [info] Pinging all valve stations   ...DONE!
[2024-09-30 10:08:17.908] [main] [info] Pinging Non-Existing Test Server...
[2024-09-30 10:08:20.980] [main] [info] Pinging Non-Existing Test Server OK!
[2024-09-30 10:08:20.980] [main] [info] Pinging Non-Existing Test Server   ...DONE!
[2024-09-30 10:08:20.980] [main] [info] Pinging Pump Server Mayson...
[2024-09-30 10:08:21.099] [main] [info] Pump Server ping OK!
[2024-09-30 10:08:21.100] [main] [info] Pinging Pump Server Mayson   ...DONE!
[2024-09-30 10:08:21.100] [main] [info] Pinging all valve stations...
[2024-09-30 10:08:30.324] [main] [error] Fatal: James not available!
[2024-09-30 10:08:30.324] [main] [error] Fatal: Lucas not available!
[2024-09-30 10:08:30.324] [main] [error] Fatal: Felix not available!
[2024-09-30 10:08:30.324] [main] [info] Pinging all valve stations   ...DONE!
[2024-09-30 10:08:30.324] [main] [info] Pinging Non-Existing Test Server...
[2024-09-30 10:08:33.396] [main] [info] Pinging Non-Existing Test Server OK!
[2024-09-30 10:08:33.396] [main] [info] Pinging Non-Existing Test Server   ...DONE!
[2024-09-30 10:08:33.396] [main] [info] Pinging Pump Server Mayson...
[2024-09-30 10:08:33.493] [main] [info] Pump Server ping OK!
[2024-09-30 10:08:33.493] [main] [info] Pinging Pump Server Mayson   ...DONE!
[2024-09-30 10:08:33.493] [main] [info] Pinging all valve stations...
[2024-09-30 10:08:42.708] [main] [error] Fatal: James not available!
[2024-09-30 10:08:42.708] [main] [error] Fatal: Lucas not available!
[2024-09-30 10:08:42.708] [main] [error] Fatal: Felix not available!
[2024-09-30 10:08:42.708] [main] [info] Pinging all valve stations   ...DONE!
[2024-09-30 10:08:42.708] [main] [info] Pinging Non-Existing Test Server...
[2024-09-30 10:08:45.780] [main] [info] Pinging Non-Existing Test Server OK!
[2024-09-30 10:08:45.780] [main] [info] Pinging Non-Existing Test Server   ...DONE!
[2024-09-30 10:08:45.780] [main] [info] Pinging Pump Server Mayson...
[2024-09-30 10:08:45.891] [main] [info] Pump Server ping OK!
[2024-09-30 10:08:45.891] [main] [info] Pinging Pump Server Mayson   ...DONE!
[2024-09-30 10:08:45.891] [main] [info] Pinging all valve stations...
[2024-09-30 10:08:55.092] [main] [error] Fatal: James not available!
[2024-09-30 10:08:55.092] [main] [error] Fatal: Lucas not available!
[2024-09-30 10:08:55.092] [main] [error] Fatal: Felix not available!
[2024-09-30 10:08:55.092] [main] [info] Pinging all valve stations   ...DONE!
[2024-09-30 10:08:55.092] [main] [info] Pinging Non-Existing Test Server...
[2024-09-30 10:08:58.164] [main] [info] Pinging Non-Existing Test Server OK!
[2024-09-30 10:08:58.164] [main] [info] Pinging Non-Existing Test Server   ...DONE!
[2024-09-30 10:08:58.164] [main] [info] Pinging Pump Server Mayson...
[2024-09-30 10:08:58.267] [main] [info] Pump Server ping OK!
[2024-09-30 10:08:58.267] [main] [info] Pinging Pump Server Mayson   ...DONE!
[2024-09-30 10:08:58.267] [main] [info] Pinging all valve stations...
[2024-09-30 10:09:07.476] [main] [error] Fatal: James not available!
[2024-09-30 10:09:07.476] [main] [error] Fatal: Lucas not available!
[2024-09-30 10:09:07.476] [main] [error] Fatal: Felix not available!
[2024-09-30 10:09:07.476] [main] [info] Pinging all valve stations   ...DONE!
[2024-09-30 10:09:07.476] [main] [info] Pinging Non-Existing Test Server...
[2024-09-30 10:09:10.549] [main] [info] Pinging Non-Existing Test Server OK!
[2024-09-30 10:09:10.549] [main] [info] Pinging Non-Existing Test Server   ...DONE!
[2024-09-30 10:09:10.549] [main] [info] Pinging Pump Server Mayson...
[2024-09-30 10:09:10.672] [main] [info] Pump Server ping OK!
[2024-09-30 10:09:10.672] [main] [info] Pinging Pump Server Mayson   ...DONE!
[2024-09-30 10:09:10.672] [main] [info] Pinging all valve stations...
[2024-09-30 10:09:19.892] [main] [error] Fatal: James not available!
[2024-09-30 10:09:19.892] [main] [error] Fatal: Lucas not available!
[2024-09-30 10:09:19.892] [main] [error] Fatal: Felix not available!
[2024-09-30 10:09:19.892] [main] [info] Pinging all valve stations   ...DONE!
[2024-09-30 10:09:19.892] [main] [info] Pinging Non-Existing Test Server...
[2024-09-30 10:09:22.964] [main] [info] Pinging Non-Existing Test Server OK!
[2024-09-30 10:09:22.964] [main] [info] Pinging Non-Existing Test Server   ...DONE!
[2024-09-30 10:09:23.426] [main] [info] Creating Landscape...
[2024-09-30 10:09:23.426] [main] [info] Creating Landscape...
[2024-09-30 10:09:23.426] [main] [info] Creating Felix...
[2024-09-30 10:09:23.426] [main] [info] Creating James...
[2024-09-30 10:09:23.426] [main] [info] Creating Lucas...
[2024-09-30 10:09:23.426] [main] [info] Fetching timestamp...
std::chrono::system_clock::now().time_since_epoch()   :   1727683763426869767
get_seconds_since_epoch_now(bool verbose /* true */)   :   1727683763
minutes since epoch   :   28794729
minute of day   :   489
minute of hour   :   9
hour of day   :   8
[2024-09-30 10:09:23.426] [main] [info] Checking timestamp.txt...
[2024-09-30 10:09:23.426] [main] [debug] The timestamp.txt is always written when watering is triggered. It is read to check if I was already done with watering some minutes ago.
previous time_stamp:   28794451
[2024-09-30 10:09:23.427] [main] [info] Checking timestamp.txt   ...DONE!
[2024-09-30 10:09:23.427] [main] [info] It's not time for watering now!
[2024-09-30 10:09:23.427] [main] [info] Minute Intraday:   489
[2024-09-30 10:09:23.427] [main] [info] Days since Epoch:   19996
[2024-09-30 10:09:23.427] [main] [info] Accumulated watering times:

Felix   :           Klee Feld  :      0.00 min
Felix   :          Eiben Klee  :      0.00 min
James   :              Erbsen  :      0.00 min
James   :          Kartoffeln  :      0.00 min
James   :              Gurken  :      0.00 min
James   :        Tomaten+Mara  :      0.00 min
Lucas   :      Bohnen-Flieder  :      0.00 min
Lucas   :        Heidelbeeren  :      0.00 min
Lucas   :            Karotten  :      0.00 min

%%%%%%%%%%     [4] Run the executable   ...DONE!
elapsed time:   249s
=====================================================================================================
