=====================================================================================================
%%%%%%%%%%     [4] Run the executable...
>Please note:  Even if all builds failed, the last built executable is still there and will be started!
> sudo -u mayadm ./ur-unix-run.sh
[2024-09-30 06:13:43.437] [main] [info] Pinging Pump Server Mayson...
[2024-09-30 06:13:43.654] [main] [info] Pump Server ping OK!
[2024-09-30 06:13:43.655] [main] [info] Pinging Pump Server Mayson   ...DONE!
[2024-09-30 06:13:43.655] [main] [info] Pinging all valve stations...
[2024-09-30 06:13:52.866] [main] [error] Fatal: James not available!
[2024-09-30 06:13:52.866] [main] [error] Fatal: Lucas not available!
[2024-09-30 06:13:52.866] [main] [error] Fatal: Felix not available!
[2024-09-30 06:13:52.866] [main] [info] Pinging all valve stations   ...DONE!
[2024-09-30 06:13:52.866] [main] [info] Pinging Non-Existing Test Server...
[2024-09-30 06:13:55.938] [main] [info] Pinging Non-Existing Test Server OK!
[2024-09-30 06:13:55.938] [main] [info] Pinging Non-Existing Test Server   ...DONE!
[2024-09-30 06:13:55.938] [main] [info] Pinging Pump Server Mayson...
[2024-09-30 06:13:56.030] [main] [info] Pump Server ping OK!
[2024-09-30 06:13:56.030] [main] [info] Pinging Pump Server Mayson   ...DONE!
[2024-09-30 06:13:56.030] [main] [info] Pinging all valve stations...
[2024-09-30 06:14:05.250] [main] [error] Fatal: James not available!
[2024-09-30 06:14:05.250] [main] [error] Fatal: Lucas not available!
[2024-09-30 06:14:05.250] [main] [error] Fatal: Felix not available!
[2024-09-30 06:14:05.250] [main] [info] Pinging all valve stations   ...DONE!
[2024-09-30 06:14:05.250] [main] [info] Pinging Non-Existing Test Server...
[2024-09-30 06:14:08.322] [main] [info] Pinging Non-Existing Test Server OK!
[2024-09-30 06:14:08.322] [main] [info] Pinging Non-Existing Test Server   ...DONE!
[2024-09-30 06:14:08.322] [main] [info] Pinging Pump Server Mayson...
[2024-09-30 06:14:08.518] [main] [info] Pump Server ping OK!
[2024-09-30 06:14:08.518] [main] [info] Pinging Pump Server Mayson   ...DONE!
[2024-09-30 06:14:08.518] [main] [info] Pinging all valve stations...
[2024-09-30 06:14:17.730] [main] [error] Fatal: James not available!
[2024-09-30 06:14:17.730] [main] [error] Fatal: Lucas not available!
[2024-09-30 06:14:17.730] [main] [error] Fatal: Felix not available!
[2024-09-30 06:14:17.730] [main] [info] Pinging all valve stations   ...DONE!
[2024-09-30 06:14:17.730] [main] [info] Pinging Non-Existing Test Server...
[2024-09-30 06:14:20.802] [main] [info] Pinging Non-Existing Test Server OK!
[2024-09-30 06:14:20.802] [main] [info] Pinging Non-Existing Test Server   ...DONE!
[2024-09-30 06:14:20.802] [main] [info] Pinging Pump Server Mayson...
[2024-09-30 06:14:20.924] [main] [info] Pump Server ping OK!
[2024-09-30 06:14:20.924] [main] [info] Pinging Pump Server Mayson   ...DONE!
[2024-09-30 06:14:20.924] [main] [info] Pinging all valve stations...
[2024-09-30 06:14:30.146] [main] [error] Fatal: James not available!
[2024-09-30 06:14:30.146] [main] [error] Fatal: Lucas not available!
[2024-09-30 06:14:30.146] [main] [error] Fatal: Felix not available!
[2024-09-30 06:14:30.146] [main] [info] Pinging all valve stations   ...DONE!
[2024-09-30 06:14:30.146] [main] [info] Pinging Non-Existing Test Server...
[2024-09-30 06:14:33.218] [main] [info] Pinging Non-Existing Test Server OK!
[2024-09-30 06:14:33.218] [main] [info] Pinging Non-Existing Test Server   ...DONE!
[2024-09-30 06:14:33.218] [main] [info] Pinging Pump Server Mayson...
[2024-09-30 06:14:33.425] [main] [info] Pump Server ping OK!
[2024-09-30 06:14:33.425] [main] [info] Pinging Pump Server Mayson   ...DONE!
[2024-09-30 06:14:33.425] [main] [info] Pinging all valve stations...
[2024-09-30 06:14:42.626] [main] [error] Fatal: James not available!
[2024-09-30 06:14:42.626] [main] [error] Fatal: Lucas not available!
[2024-09-30 06:14:42.626] [main] [error] Fatal: Felix not available!
[2024-09-30 06:14:42.626] [main] [info] Pinging all valve stations   ...DONE!
[2024-09-30 06:14:42.626] [main] [info] Pinging Non-Existing Test Server...
[2024-09-30 06:14:45.698] [main] [info] Pinging Non-Existing Test Server OK!
[2024-09-30 06:14:45.698] [main] [info] Pinging Non-Existing Test Server   ...DONE!
[2024-09-30 06:14:45.698] [main] [info] Pinging Pump Server Mayson...
[2024-09-30 06:14:45.791] [main] [info] Pump Server ping OK!
[2024-09-30 06:14:45.791] [main] [info] Pinging Pump Server Mayson   ...DONE!
[2024-09-30 06:14:45.791] [main] [info] Pinging all valve stations...
[2024-09-30 06:14:55.010] [main] [error] Fatal: James not available!
[2024-09-30 06:14:55.010] [main] [error] Fatal: Lucas not available!
[2024-09-30 06:14:55.010] [main] [error] Fatal: Felix not available!
[2024-09-30 06:14:55.010] [main] [info] Pinging all valve stations   ...DONE!
[2024-09-30 06:14:55.010] [main] [info] Pinging Non-Existing Test Server...
[2024-09-30 06:14:58.082] [main] [info] Pinging Non-Existing Test Server OK!
[2024-09-30 06:14:58.082] [main] [info] Pinging Non-Existing Test Server   ...DONE!
[2024-09-30 06:14:58.082] [main] [info] Pinging Pump Server Mayson...
[2024-09-30 06:14:58.170] [main] [info] Pump Server ping OK!
[2024-09-30 06:14:58.170] [main] [info] Pinging Pump Server Mayson   ...DONE!
[2024-09-30 06:14:58.170] [main] [info] Pinging all valve stations...
[2024-09-30 06:15:07.394] [main] [error] Fatal: James not available!
[2024-09-30 06:15:07.394] [main] [error] Fatal: Lucas not available!
[2024-09-30 06:15:07.394] [main] [error] Fatal: Felix not available!
[2024-09-30 06:15:07.394] [main] [info] Pinging all valve stations   ...DONE!
[2024-09-30 06:15:07.394] [main] [info] Pinging Non-Existing Test Server...
[2024-09-30 06:15:10.466] [main] [info] Pinging Non-Existing Test Server OK!
[2024-09-30 06:15:10.466] [main] [info] Pinging Non-Existing Test Server   ...DONE!
[2024-09-30 06:15:10.466] [main] [info] Pinging Pump Server Mayson...
[2024-09-30 06:15:10.563] [main] [info] Pump Server ping OK!
[2024-09-30 06:15:10.563] [main] [info] Pinging Pump Server Mayson   ...DONE!
[2024-09-30 06:15:10.563] [main] [info] Pinging all valve stations...
[2024-09-30 06:15:19.778] [main] [error] Fatal: James not available!
[2024-09-30 06:15:19.778] [main] [error] Fatal: Lucas not available!
[2024-09-30 06:15:19.778] [main] [error] Fatal: Felix not available!
[2024-09-30 06:15:19.778] [main] [info] Pinging all valve stations   ...DONE!
[2024-09-30 06:15:19.778] [main] [info] Pinging Non-Existing Test Server...
[2024-09-30 06:15:22.850] [main] [info] Pinging Non-Existing Test Server OK!
[2024-09-30 06:15:22.850] [main] [info] Pinging Non-Existing Test Server   ...DONE!
[2024-09-30 06:15:22.850] [main] [info] Pinging Pump Server Mayson...
[2024-09-30 06:15:23.045] [main] [info] Pump Server ping OK!
[2024-09-30 06:15:23.045] [main] [info] Pinging Pump Server Mayson   ...DONE!
[2024-09-30 06:15:23.045] [main] [info] Pinging all valve stations...
[2024-09-30 06:15:32.258] [main] [error] Fatal: James not available!
[2024-09-30 06:15:32.258] [main] [error] Fatal: Lucas not available!
[2024-09-30 06:15:32.258] [main] [error] Fatal: Felix not available!
[2024-09-30 06:15:32.258] [main] [info] Pinging all valve stations   ...DONE!
[2024-09-30 06:15:32.258] [main] [info] Pinging Non-Existing Test Server...
[2024-09-30 06:15:35.330] [main] [info] Pinging Non-Existing Test Server OK!
[2024-09-30 06:15:35.330] [main] [info] Pinging Non-Existing Test Server   ...DONE!
[2024-09-30 06:15:35.330] [main] [info] Pinging Pump Server Mayson...
[2024-09-30 06:15:35.440] [main] [info] Pump Server ping OK!
[2024-09-30 06:15:35.440] [main] [info] Pinging Pump Server Mayson   ...DONE!
[2024-09-30 06:15:35.440] [main] [info] Pinging all valve stations...
[2024-09-30 06:15:44.642] [main] [error] Fatal: James not available!
[2024-09-30 06:15:44.642] [main] [error] Fatal: Lucas not available!
[2024-09-30 06:15:44.642] [main] [error] Fatal: Felix not available!
[2024-09-30 06:15:44.642] [main] [info] Pinging all valve stations   ...DONE!
[2024-09-30 06:15:44.642] [main] [info] Pinging Non-Existing Test Server...
[2024-09-30 06:15:47.714] [main] [info] Pinging Non-Existing Test Server OK!
[2024-09-30 06:15:47.714] [main] [info] Pinging Non-Existing Test Server   ...DONE!
[2024-09-30 06:15:47.714] [main] [info] Pinging Pump Server Mayson...
[2024-09-30 06:15:47.837] [main] [info] Pump Server ping OK!
[2024-09-30 06:15:47.837] [main] [info] Pinging Pump Server Mayson   ...DONE!
[2024-09-30 06:15:47.837] [main] [info] Pinging all valve stations...
[2024-09-30 06:15:57.058] [main] [error] Fatal: James not available!
[2024-09-30 06:15:57.058] [main] [error] Fatal: Lucas not available!
[2024-09-30 06:15:57.058] [main] [error] Fatal: Felix not available!
[2024-09-30 06:15:57.058] [main] [info] Pinging all valve stations   ...DONE!
[2024-09-30 06:15:57.058] [main] [info] Pinging Non-Existing Test Server...
[2024-09-30 06:16:00.130] [main] [info] Pinging Non-Existing Test Server OK!
[2024-09-30 06:16:00.130] [main] [info] Pinging Non-Existing Test Server   ...DONE!
[2024-09-30 06:16:00.130] [main] [info] Pinging Pump Server Mayson...
[2024-09-30 06:16:00.243] [main] [info] Pump Server ping OK!
[2024-09-30 06:16:00.243] [main] [info] Pinging Pump Server Mayson   ...DONE!
[2024-09-30 06:16:00.243] [main] [info] Pinging all valve stations...
[2024-09-30 06:16:09.442] [main] [error] Fatal: James not available!
[2024-09-30 06:16:09.442] [main] [error] Fatal: Lucas not available!
[2024-09-30 06:16:09.442] [main] [error] Fatal: Felix not available!
[2024-09-30 06:16:09.442] [main] [info] Pinging all valve stations   ...DONE!
[2024-09-30 06:16:09.442] [main] [info] Pinging Non-Existing Test Server...
[2024-09-30 06:16:12.514] [main] [info] Pinging Non-Existing Test Server OK!
[2024-09-30 06:16:12.514] [main] [info] Pinging Non-Existing Test Server   ...DONE!
[2024-09-30 06:16:12.514] [main] [info] Pinging Pump Server Mayson...
[2024-09-30 06:16:12.731] [main] [info] Pump Server ping OK!
[2024-09-30 06:16:12.731] [main] [info] Pinging Pump Server Mayson   ...DONE!
[2024-09-30 06:16:12.731] [main] [info] Pinging all valve stations...
[2024-09-30 06:16:21.954] [main] [error] Fatal: James not available!
[2024-09-30 06:16:21.954] [main] [error] Fatal: Lucas not available!
[2024-09-30 06:16:21.954] [main] [error] Fatal: Felix not available!
[2024-09-30 06:16:21.954] [main] [info] Pinging all valve stations   ...DONE!
[2024-09-30 06:16:21.954] [main] [info] Pinging Non-Existing Test Server...
[2024-09-30 06:16:25.026] [main] [info] Pinging Non-Existing Test Server OK!
[2024-09-30 06:16:25.026] [main] [info] Pinging Non-Existing Test Server   ...DONE!
[2024-09-30 06:16:25.026] [main] [info] Pinging Pump Server Mayson...
[2024-09-30 06:16:25.123] [main] [info] Pump Server ping OK!
[2024-09-30 06:16:25.123] [main] [info] Pinging Pump Server Mayson   ...DONE!
[2024-09-30 06:16:25.123] [main] [info] Pinging all valve stations...
[2024-09-30 06:16:34.338] [main] [error] Fatal: James not available!
[2024-09-30 06:16:34.338] [main] [error] Fatal: Lucas not available!
[2024-09-30 06:16:34.338] [main] [error] Fatal: Felix not available!
[2024-09-30 06:16:34.338] [main] [info] Pinging all valve stations   ...DONE!
[2024-09-30 06:16:34.338] [main] [info] Pinging Non-Existing Test Server...
[2024-09-30 06:16:37.410] [main] [info] Pinging Non-Existing Test Server OK!
[2024-09-30 06:16:37.410] [main] [info] Pinging Non-Existing Test Server   ...DONE!
[2024-09-30 06:16:37.410] [main] [info] Pinging Pump Server Mayson...
[2024-09-30 06:16:37.521] [main] [info] Pump Server ping OK!
[2024-09-30 06:16:37.522] [main] [info] Pinging Pump Server Mayson   ...DONE!
[2024-09-30 06:16:37.522] [main] [info] Pinging all valve stations...
[2024-09-30 06:16:46.722] [main] [error] Fatal: James not available!
[2024-09-30 06:16:46.722] [main] [error] Fatal: Lucas not available!
[2024-09-30 06:16:46.722] [main] [error] Fatal: Felix not available!
[2024-09-30 06:16:46.722] [main] [info] Pinging all valve stations   ...DONE!
[2024-09-30 06:16:46.722] [main] [info] Pinging Non-Existing Test Server...
[2024-09-30 06:16:49.794] [main] [info] Pinging Non-Existing Test Server OK!
[2024-09-30 06:16:49.794] [main] [info] Pinging Non-Existing Test Server   ...DONE!
[2024-09-30 06:16:49.794] [main] [info] Pinging Pump Server Mayson...
[2024-09-30 06:16:49.911] [main] [info] Pump Server ping OK!
[2024-09-30 06:16:49.911] [main] [info] Pinging Pump Server Mayson   ...DONE!
[2024-09-30 06:16:49.911] [main] [info] Pinging all valve stations...
[2024-09-30 06:16:59.138] [main] [error] Fatal: James not available!
[2024-09-30 06:16:59.138] [main] [error] Fatal: Lucas not available!
[2024-09-30 06:16:59.138] [main] [error] Fatal: Felix not available!
[2024-09-30 06:16:59.138] [main] [info] Pinging all valve stations   ...DONE!
[2024-09-30 06:16:59.138] [main] [info] Pinging Non-Existing Test Server...
[2024-09-30 06:17:02.210] [main] [info] Pinging Non-Existing Test Server OK!
[2024-09-30 06:17:02.210] [main] [info] Pinging Non-Existing Test Server   ...DONE!
[2024-09-30 06:17:02.210] [main] [info] Pinging Pump Server Mayson...
[2024-09-30 06:17:02.307] [main] [info] Pump Server ping OK!
[2024-09-30 06:17:02.307] [main] [info] Pinging Pump Server Mayson   ...DONE!
[2024-09-30 06:17:02.308] [main] [info] Pinging all valve stations...
[2024-09-30 06:17:11.522] [main] [error] Fatal: James not available!
[2024-09-30 06:17:11.522] [main] [error] Fatal: Lucas not available!
[2024-09-30 06:17:11.522] [main] [error] Fatal: Felix not available!
[2024-09-30 06:17:11.522] [main] [info] Pinging all valve stations   ...DONE!
[2024-09-30 06:17:11.522] [main] [info] Pinging Non-Existing Test Server...
[2024-09-30 06:17:14.594] [main] [info] Pinging Non-Existing Test Server OK!
[2024-09-30 06:17:14.594] [main] [info] Pinging Non-Existing Test Server   ...DONE!
[2024-09-30 06:17:14.594] [main] [info] Pinging Pump Server Mayson...
[2024-09-30 06:17:14.715] [main] [info] Pump Server ping OK!
[2024-09-30 06:17:14.715] [main] [info] Pinging Pump Server Mayson   ...DONE!
[2024-09-30 06:17:14.715] [main] [info] Pinging all valve stations...
[2024-09-30 06:17:23.938] [main] [error] Fatal: James not available!
[2024-09-30 06:17:23.938] [main] [error] Fatal: Lucas not available!
[2024-09-30 06:17:23.938] [main] [error] Fatal: Felix not available!
[2024-09-30 06:17:23.938] [main] [info] Pinging all valve stations   ...DONE!
[2024-09-30 06:17:23.938] [main] [info] Pinging Non-Existing Test Server...
[2024-09-30 06:17:27.010] [main] [info] Pinging Non-Existing Test Server OK!
[2024-09-30 06:17:27.010] [main] [info] Pinging Non-Existing Test Server   ...DONE!
[2024-09-30 06:17:27.010] [main] [info] Pinging Pump Server Mayson...
[2024-09-30 06:17:27.113] [main] [info] Pump Server ping OK!
[2024-09-30 06:17:27.114] [main] [info] Pinging Pump Server Mayson   ...DONE!
[2024-09-30 06:17:27.114] [main] [info] Pinging all valve stations...
[2024-09-30 06:17:36.322] [main] [error] Fatal: James not available!
[2024-09-30 06:17:36.322] [main] [error] Fatal: Lucas not available!
[2024-09-30 06:17:36.322] [main] [error] Fatal: Felix not available!
[2024-09-30 06:17:36.322] [main] [info] Pinging all valve stations   ...DONE!
[2024-09-30 06:17:36.322] [main] [info] Pinging Non-Existing Test Server...
[2024-09-30 06:17:39.394] [main] [info] Pinging Non-Existing Test Server OK!
[2024-09-30 06:17:39.394] [main] [info] Pinging Non-Existing Test Server   ...DONE!
[2024-09-30 06:17:39.394] [main] [info] Pinging Pump Server Mayson...
[2024-09-30 06:17:39.505] [main] [info] Pump Server ping OK!
[2024-09-30 06:17:39.505] [main] [info] Pinging Pump Server Mayson   ...DONE!
[2024-09-30 06:17:39.505] [main] [info] Pinging all valve stations...
[2024-09-30 06:17:48.706] [main] [error] Fatal: James not available!
[2024-09-30 06:17:48.706] [main] [error] Fatal: Lucas not available!
[2024-09-30 06:17:48.706] [main] [error] Fatal: Felix not available!
[2024-09-30 06:17:48.706] [main] [info] Pinging all valve stations   ...DONE!
[2024-09-30 06:17:48.706] [main] [info] Pinging Non-Existing Test Server...
[2024-09-30 06:17:51.778] [main] [info] Pinging Non-Existing Test Server OK!
[2024-09-30 06:17:51.778] [main] [info] Pinging Non-Existing Test Server   ...DONE!
[2024-09-30 06:17:52.813] [main] [info] Creating Landscape...
[2024-09-30 06:17:52.813] [main] [info] Creating Landscape...
[2024-09-30 06:17:52.813] [main] [info] Creating Felix...
[2024-09-30 06:17:52.813] [main] [info] Creating James...
[2024-09-30 06:17:52.813] [main] [info] Creating Lucas...
[2024-09-30 06:17:52.813] [main] [info] Fetching timestamp...
std::chrono::system_clock::now().time_since_epoch()   :   1727669872813275574
get_seconds_since_epoch_now(bool verbose /* true */)   :   1727669872
minutes since epoch   :   28794497
minute of day   :   257
minute of hour   :   17
hour of day   :   4
[2024-09-30 06:17:52.813] [main] [info] Checking timestamp.txt...
[2024-09-30 06:17:52.813] [main] [debug] The timestamp.txt is always written when watering is triggered. It is read to check if I was already done with watering some minutes ago.
previous time_stamp:   28794451
[2024-09-30 06:17:52.813] [main] [info] Checking timestamp.txt   ...DONE!
[2024-09-30 06:17:52.813] [main] [info] It's not time for watering now!
[2024-09-30 06:17:52.814] [main] [info] Minute Intraday:   257
[2024-09-30 06:17:52.814] [main] [info] Days since Epoch:   19996
[2024-09-30 06:17:52.814] [main] [info] Accumulated watering times:

Felix   :           Klee Feld  :      0.00 min
Felix   :          Eiben Klee  :      0.00 min
James   :              Erbsen  :      0.00 min
James   :          Kartoffeln  :      0.00 min
James   :              Gurken  :      0.00 min
James   :        Tomaten+Mara  :      0.00 min
Lucas   :      Bohnen-Flieder  :      0.00 min
Lucas   :        Heidelbeeren  :      0.00 min
Lucas   :            Karotten  :      0.00 min

%%%%%%%%%%     [4] Run the executable   ...DONE!
elapsed time:   249s
=====================================================================================================
