=====================================================================================================
%%%%%%%%%%     [6] Uploading logs and go sleeping...
> sudo -u mayadm git checkout artifacts
Bereits auf 'artifacts'
D	maya/artifacts/logs/15934--2024-09-30--15h28---7.log
D	maya/artifacts/logs/15935--2024-09-30--16h13---1.log
D	maya/artifacts/logs/15935--2024-09-30--16h13---2.log
D	maya/artifacts/logs/15935--2024-09-30--16h13---3.log
D	maya/artifacts/logs/15935--2024-09-30--16h13---4.log
D	maya/artifacts/logs/15935--2024-09-30--16h13---5.log
D	maya/artifacts/logs/15935--2024-09-30--16h13---6.log
Ihr Branch ist auf demselben Stand wie 'origin/artifacts'.
> sudo -u mayadm git pull
Bereits aktuell.
> sudo -u mayadm git merge maya-productive
Bereits aktuell.
> sudo -u mayadm git add "../artifacts/logs/*.log" -f
> sudo -u mayadm git add -u
> sudo -u mayadm git commit -m "logs at 2024-09-30--17h00"
[artifacts 72f1810d8] logs at 2024-09-30--17h00
 8 files changed, 306 insertions(+), 303 deletions(-)
 delete mode 100644 maya/artifacts/logs/15935--2024-09-30--16h13---4.log
 rename maya/artifacts/logs/{15934--2024-09-30--15h28---7.log => 15935--2024-09-30--16h13---7.log} (61%)
 rename maya/artifacts/logs/{15935--2024-09-30--16h13---1.log => 15936--2024-09-30--17h00---1.log} (90%)
 rename maya/artifacts/logs/{15935--2024-09-30--16h13---2.log => 15936--2024-09-30--17h00---2.log} (67%)
 rename maya/artifacts/logs/{15935--2024-09-30--16h13---3.log => 15936--2024-09-30--17h00---3.log} (93%)
 create mode 100644 maya/artifacts/logs/15936--2024-09-30--17h00---4.log
 rename maya/artifacts/logs/{15935--2024-09-30--16h13---5.log => 15936--2024-09-30--17h00---5.log} (75%)
 rename maya/artifacts/logs/{15935--2024-09-30--16h13---6.log => 15936--2024-09-30--17h00---6.log} (100%)
> sudo -u mayadm git push
To https://github.com/Necktschnagge/wired-watering
   46fdec209..72f1810d8  artifacts -> artifacts
> sudo -u mayadm git checkout maya-productive
Zu Zweig »maya-productive« gewechselt
Ihr Branch ist auf demselben Stand wie 'origin/maya-productive'.
> sudo -u mayadm git push
Everything up-to-date
##############################################################
###################                        ###################
###################     GOING TO SLEEP     ###################
###################                        ###################
##############################################################
#######                                                #######
#######   Press CTRL + C NOW to abort script safely!   #######
#######                                                #######
##############################################################
##############################################################
#######                                                #######
#######               NOW GOING TO SLEEP               #######
#######                                                #######
##############################################################
> rtcwake -m mem -s 2400
rtcwake: RTC wird als UTC interpretiert …
rtcwake: aufwachen von „mem“ durch /dev/rtc0 bei Mon Sep 30 15:46:07 2024
##############################################################
#######                                                #######
#######            just waked up from sleep            #######
#######                                                #######
##############################################################
%%%%%%%%%%     [6] Uploading logs and go sleeping   ...DONE!
elapsed time:   2418s
=====================================================================================================
