=====================================================================================================
%%%%%%%%%%     [4] Run the executable...
>Please note:  Even if all builds failed, the last built executable is still there and will be started!
> sudo -u mayadm ./ur-unix-run.sh
[2024-09-30 23:58:28.911] [main] [info] Pinging Pump Server Mayson...
[2024-09-30 23:58:31.012] [main] [info] Pump Server ping OK!
[2024-09-30 23:58:31.012] [main] [info] Pinging Pump Server Mayson   ...DONE!
[2024-09-30 23:58:31.012] [main] [info] Pinging all valve stations...
[2024-09-30 23:58:40.237] [main] [error] Fatal: James not available!
[2024-09-30 23:58:40.237] [main] [error] Fatal: Lucas not available!
[2024-09-30 23:58:40.237] [main] [error] Fatal: Felix not available!
[2024-09-30 23:58:40.237] [main] [info] Pinging all valve stations   ...DONE!
[2024-09-30 23:58:40.237] [main] [info] Pinging Non-Existing Test Server...
[2024-09-30 23:58:43.309] [main] [info] Pinging Non-Existing Test Server OK!
[2024-09-30 23:58:43.309] [main] [info] Pinging Non-Existing Test Server   ...DONE!
[2024-09-30 23:58:43.309] [main] [info] Pinging Pump Server Mayson...
[2024-09-30 23:58:43.411] [main] [info] Pump Server ping OK!
[2024-09-30 23:58:43.411] [main] [info] Pinging Pump Server Mayson   ...DONE!
[2024-09-30 23:58:43.411] [main] [info] Pinging all valve stations...
[2024-09-30 23:58:52.621] [main] [error] Fatal: James not available!
[2024-09-30 23:58:52.621] [main] [error] Fatal: Lucas not available!
[2024-09-30 23:58:52.621] [main] [error] Fatal: Felix not available!
[2024-09-30 23:58:52.621] [main] [info] Pinging all valve stations   ...DONE!
[2024-09-30 23:58:52.621] [main] [info] Pinging Non-Existing Test Server...
[2024-09-30 23:58:55.693] [main] [info] Pinging Non-Existing Test Server OK!
[2024-09-30 23:58:55.693] [main] [info] Pinging Non-Existing Test Server   ...DONE!
[2024-09-30 23:58:55.693] [main] [info] Pinging Pump Server Mayson...
[2024-09-30 23:58:55.795] [main] [info] Pump Server ping OK!
[2024-09-30 23:58:55.795] [main] [info] Pinging Pump Server Mayson   ...DONE!
[2024-09-30 23:58:55.795] [main] [info] Pinging all valve stations...
[2024-09-30 23:59:05.005] [main] [error] Fatal: James not available!
[2024-09-30 23:59:05.005] [main] [error] Fatal: Lucas not available!
[2024-09-30 23:59:05.005] [main] [error] Fatal: Felix not available!
[2024-09-30 23:59:05.005] [main] [info] Pinging all valve stations   ...DONE!
[2024-09-30 23:59:05.005] [main] [info] Pinging Non-Existing Test Server...
[2024-09-30 23:59:08.077] [main] [info] Pinging Non-Existing Test Server OK!
[2024-09-30 23:59:08.077] [main] [info] Pinging Non-Existing Test Server   ...DONE!
[2024-09-30 23:59:08.077] [main] [info] Pinging Pump Server Mayson...
[2024-09-30 23:59:08.309] [main] [info] Pump Server ping OK!
[2024-09-30 23:59:08.309] [main] [info] Pinging Pump Server Mayson   ...DONE!
[2024-09-30 23:59:08.309] [main] [info] Pinging all valve stations...
[2024-09-30 23:59:17.517] [main] [error] Fatal: James not available!
[2024-09-30 23:59:17.517] [main] [error] Fatal: Lucas not available!
[2024-09-30 23:59:17.517] [main] [error] Fatal: Felix not available!
[2024-09-30 23:59:17.517] [main] [info] Pinging all valve stations   ...DONE!
[2024-09-30 23:59:17.517] [main] [info] Pinging Non-Existing Test Server...
[2024-09-30 23:59:20.589] [main] [info] Pinging Non-Existing Test Server OK!
[2024-09-30 23:59:20.589] [main] [info] Pinging Non-Existing Test Server   ...DONE!
[2024-09-30 23:59:20.589] [main] [info] Pinging Pump Server Mayson...
[2024-09-30 23:59:20.697] [main] [info] Pump Server ping OK!
[2024-09-30 23:59:20.697] [main] [info] Pinging Pump Server Mayson   ...DONE!
[2024-09-30 23:59:20.697] [main] [info] Pinging all valve stations...
[2024-09-30 23:59:29.901] [main] [error] Fatal: James not available!
[2024-09-30 23:59:29.901] [main] [error] Fatal: Lucas not available!
[2024-09-30 23:59:29.901] [main] [error] Fatal: Felix not available!
[2024-09-30 23:59:29.901] [main] [info] Pinging all valve stations   ...DONE!
[2024-09-30 23:59:29.901] [main] [info] Pinging Non-Existing Test Server...
[2024-09-30 23:59:32.973] [main] [info] Pinging Non-Existing Test Server OK!
[2024-09-30 23:59:32.973] [main] [info] Pinging Non-Existing Test Server   ...DONE!
[2024-09-30 23:59:32.973] [main] [info] Pinging Pump Server Mayson...
[2024-09-30 23:59:33.092] [main] [info] Pump Server ping OK!
[2024-09-30 23:59:33.092] [main] [info] Pinging Pump Server Mayson   ...DONE!
[2024-09-30 23:59:33.092] [main] [info] Pinging all valve stations...
[2024-09-30 23:59:42.317] [main] [error] Fatal: James not available!
[2024-09-30 23:59:42.317] [main] [error] Fatal: Lucas not available!
[2024-09-30 23:59:42.317] [main] [error] Fatal: Felix not available!
[2024-09-30 23:59:42.317] [main] [info] Pinging all valve stations   ...DONE!
[2024-09-30 23:59:42.317] [main] [info] Pinging Non-Existing Test Server...
[2024-09-30 23:59:45.389] [main] [info] Pinging Non-Existing Test Server OK!
[2024-09-30 23:59:45.389] [main] [info] Pinging Non-Existing Test Server   ...DONE!
[2024-09-30 23:59:45.389] [main] [info] Pinging Pump Server Mayson...
[2024-09-30 23:59:45.482] [main] [info] Pump Server ping OK!
[2024-09-30 23:59:45.482] [main] [info] Pinging Pump Server Mayson   ...DONE!
[2024-09-30 23:59:45.482] [main] [info] Pinging all valve stations...
[2024-09-30 23:59:54.701] [main] [error] Fatal: James not available!
[2024-09-30 23:59:54.701] [main] [error] Fatal: Lucas not available!
[2024-09-30 23:59:54.701] [main] [error] Fatal: Felix not available!
[2024-09-30 23:59:54.701] [main] [info] Pinging all valve stations   ...DONE!
[2024-09-30 23:59:54.701] [main] [info] Pinging Non-Existing Test Server...
[2024-09-30 23:59:57.773] [main] [info] Pinging Non-Existing Test Server OK!
[2024-09-30 23:59:57.773] [main] [info] Pinging Non-Existing Test Server   ...DONE!
[2024-09-30 23:59:57.773] [main] [info] Pinging Pump Server Mayson...
[2024-09-30 23:59:57.875] [main] [info] Pump Server ping OK!
[2024-09-30 23:59:57.875] [main] [info] Pinging Pump Server Mayson   ...DONE!
[2024-09-30 23:59:57.875] [main] [info] Pinging all valve stations...
[2024-10-01 00:00:07.085] [main] [error] Fatal: James not available!
[2024-10-01 00:00:07.085] [main] [error] Fatal: Lucas not available!
[2024-10-01 00:00:07.085] [main] [error] Fatal: Felix not available!
[2024-10-01 00:00:07.085] [main] [info] Pinging all valve stations   ...DONE!
[2024-10-01 00:00:07.085] [main] [info] Pinging Non-Existing Test Server...
[2024-10-01 00:00:10.157] [main] [info] Pinging Non-Existing Test Server OK!
[2024-10-01 00:00:10.157] [main] [info] Pinging Non-Existing Test Server   ...DONE!
[2024-10-01 00:00:10.157] [main] [info] Pinging Pump Server Mayson...
[2024-10-01 00:00:10.377] [main] [info] Pump Server ping OK!
[2024-10-01 00:00:10.377] [main] [info] Pinging Pump Server Mayson   ...DONE!
[2024-10-01 00:00:10.377] [main] [info] Pinging all valve stations...
[2024-10-01 00:00:19.597] [main] [error] Fatal: James not available!
[2024-10-01 00:00:19.597] [main] [error] Fatal: Lucas not available!
[2024-10-01 00:00:19.597] [main] [error] Fatal: Felix not available!
[2024-10-01 00:00:19.597] [main] [info] Pinging all valve stations   ...DONE!
[2024-10-01 00:00:19.597] [main] [info] Pinging Non-Existing Test Server...
[2024-10-01 00:00:22.669] [main] [info] Pinging Non-Existing Test Server OK!
[2024-10-01 00:00:22.669] [main] [info] Pinging Non-Existing Test Server   ...DONE!
[2024-10-01 00:00:22.669] [main] [info] Pinging Pump Server Mayson...
[2024-10-01 00:00:22.789] [main] [info] Pump Server ping OK!
[2024-10-01 00:00:22.789] [main] [info] Pinging Pump Server Mayson   ...DONE!
[2024-10-01 00:00:22.789] [main] [info] Pinging all valve stations...
[2024-10-01 00:00:32.013] [main] [error] Fatal: James not available!
[2024-10-01 00:00:32.013] [main] [error] Fatal: Lucas not available!
[2024-10-01 00:00:32.013] [main] [error] Fatal: Felix not available!
[2024-10-01 00:00:32.013] [main] [info] Pinging all valve stations   ...DONE!
[2024-10-01 00:00:32.013] [main] [info] Pinging Non-Existing Test Server...
[2024-10-01 00:00:35.085] [main] [info] Pinging Non-Existing Test Server OK!
[2024-10-01 00:00:35.085] [main] [info] Pinging Non-Existing Test Server   ...DONE!
[2024-10-01 00:00:35.085] [main] [info] Pinging Pump Server Mayson...
[2024-10-01 00:00:35.262] [main] [info] Pump Server ping OK!
[2024-10-01 00:00:35.262] [main] [info] Pinging Pump Server Mayson   ...DONE!
[2024-10-01 00:00:35.262] [main] [info] Pinging all valve stations...
[2024-10-01 00:00:44.461] [main] [error] Fatal: James not available!
[2024-10-01 00:00:44.461] [main] [error] Fatal: Lucas not available!
[2024-10-01 00:00:44.461] [main] [error] Fatal: Felix not available!
[2024-10-01 00:00:44.461] [main] [info] Pinging all valve stations   ...DONE!
[2024-10-01 00:00:44.461] [main] [info] Pinging Non-Existing Test Server...
[2024-10-01 00:00:47.533] [main] [info] Pinging Non-Existing Test Server OK!
[2024-10-01 00:00:47.533] [main] [info] Pinging Non-Existing Test Server   ...DONE!
[2024-10-01 00:00:47.533] [main] [info] Pinging Pump Server Mayson...
[2024-10-01 00:00:47.662] [main] [info] Pump Server ping OK!
[2024-10-01 00:00:47.662] [main] [info] Pinging Pump Server Mayson   ...DONE!
[2024-10-01 00:00:47.662] [main] [info] Pinging all valve stations...
[2024-10-01 00:00:56.877] [main] [error] Fatal: James not available!
[2024-10-01 00:00:56.877] [main] [error] Fatal: Lucas not available!
[2024-10-01 00:00:56.877] [main] [error] Fatal: Felix not available!
[2024-10-01 00:00:56.877] [main] [info] Pinging all valve stations   ...DONE!
[2024-10-01 00:00:56.877] [main] [info] Pinging Non-Existing Test Server...
[2024-10-01 00:00:59.949] [main] [info] Pinging Non-Existing Test Server OK!
[2024-10-01 00:00:59.949] [main] [info] Pinging Non-Existing Test Server   ...DONE!
[2024-10-01 00:00:59.949] [main] [info] Pinging Pump Server Mayson...
[2024-10-01 00:01:00.043] [main] [info] Pump Server ping OK!
[2024-10-01 00:01:00.043] [main] [info] Pinging Pump Server Mayson   ...DONE!
[2024-10-01 00:01:00.043] [main] [info] Pinging all valve stations...
[2024-10-01 00:01:09.261] [main] [error] Fatal: James not available!
[2024-10-01 00:01:09.261] [main] [error] Fatal: Lucas not available!
[2024-10-01 00:01:09.261] [main] [error] Fatal: Felix not available!
[2024-10-01 00:01:09.261] [main] [info] Pinging all valve stations   ...DONE!
[2024-10-01 00:01:09.261] [main] [info] Pinging Non-Existing Test Server...
[2024-10-01 00:01:12.333] [main] [info] Pinging Non-Existing Test Server OK!
[2024-10-01 00:01:12.333] [main] [info] Pinging Non-Existing Test Server   ...DONE!
[2024-10-01 00:01:12.333] [main] [info] Pinging Pump Server Mayson...
[2024-10-01 00:01:12.436] [main] [info] Pump Server ping OK!
[2024-10-01 00:01:12.436] [main] [info] Pinging Pump Server Mayson   ...DONE!
[2024-10-01 00:01:12.436] [main] [info] Pinging all valve stations...
[2024-10-01 00:01:21.645] [main] [error] Fatal: James not available!
[2024-10-01 00:01:21.645] [main] [error] Fatal: Lucas not available!
[2024-10-01 00:01:21.645] [main] [error] Fatal: Felix not available!
[2024-10-01 00:01:21.645] [main] [info] Pinging all valve stations   ...DONE!
[2024-10-01 00:01:21.645] [main] [info] Pinging Non-Existing Test Server...
[2024-10-01 00:01:24.717] [main] [info] Pinging Non-Existing Test Server OK!
[2024-10-01 00:01:24.717] [main] [info] Pinging Non-Existing Test Server   ...DONE!
[2024-10-01 00:01:24.717] [main] [info] Pinging Pump Server Mayson...
[2024-10-01 00:01:24.820] [main] [info] Pump Server ping OK!
[2024-10-01 00:01:24.821] [main] [info] Pinging Pump Server Mayson   ...DONE!
[2024-10-01 00:01:24.821] [main] [info] Pinging all valve stations...
[2024-10-01 00:01:34.029] [main] [error] Fatal: James not available!
[2024-10-01 00:01:34.029] [main] [error] Fatal: Lucas not available!
[2024-10-01 00:01:34.029] [main] [error] Fatal: Felix not available!
[2024-10-01 00:01:34.029] [main] [info] Pinging all valve stations   ...DONE!
[2024-10-01 00:01:34.029] [main] [info] Pinging Non-Existing Test Server...
[2024-10-01 00:01:37.101] [main] [info] Pinging Non-Existing Test Server OK!
[2024-10-01 00:01:37.101] [main] [info] Pinging Non-Existing Test Server   ...DONE!
[2024-10-01 00:01:37.101] [main] [info] Pinging Pump Server Mayson...
[2024-10-01 00:01:37.212] [main] [info] Pump Server ping OK!
[2024-10-01 00:01:37.212] [main] [info] Pinging Pump Server Mayson   ...DONE!
[2024-10-01 00:01:37.212] [main] [info] Pinging all valve stations...
[2024-10-01 00:01:46.413] [main] [error] Fatal: James not available!
[2024-10-01 00:01:46.413] [main] [error] Fatal: Lucas not available!
[2024-10-01 00:01:46.413] [main] [error] Fatal: Felix not available!
[2024-10-01 00:01:46.413] [main] [info] Pinging all valve stations   ...DONE!
[2024-10-01 00:01:46.413] [main] [info] Pinging Non-Existing Test Server...
[2024-10-01 00:01:49.485] [main] [info] Pinging Non-Existing Test Server OK!
[2024-10-01 00:01:49.485] [main] [info] Pinging Non-Existing Test Server   ...DONE!
[2024-10-01 00:01:49.485] [main] [info] Pinging Pump Server Mayson...
[2024-10-01 00:01:49.597] [main] [info] Pump Server ping OK!
[2024-10-01 00:01:49.597] [main] [info] Pinging Pump Server Mayson   ...DONE!
[2024-10-01 00:01:49.597] [main] [info] Pinging all valve stations...
[2024-10-01 00:01:58.797] [main] [error] Fatal: James not available!
[2024-10-01 00:01:58.797] [main] [error] Fatal: Lucas not available!
[2024-10-01 00:01:58.797] [main] [error] Fatal: Felix not available!
[2024-10-01 00:01:58.797] [main] [info] Pinging all valve stations   ...DONE!
[2024-10-01 00:01:58.797] [main] [info] Pinging Non-Existing Test Server...
[2024-10-01 00:02:01.869] [main] [info] Pinging Non-Existing Test Server OK!
[2024-10-01 00:02:01.869] [main] [info] Pinging Non-Existing Test Server   ...DONE!
[2024-10-01 00:02:01.869] [main] [info] Pinging Pump Server Mayson...
[2024-10-01 00:02:01.989] [main] [info] Pump Server ping OK!
[2024-10-01 00:02:01.989] [main] [info] Pinging Pump Server Mayson   ...DONE!
[2024-10-01 00:02:01.989] [main] [info] Pinging all valve stations...
[2024-10-01 00:02:11.213] [main] [error] Fatal: James not available!
[2024-10-01 00:02:11.213] [main] [error] Fatal: Lucas not available!
[2024-10-01 00:02:11.213] [main] [error] Fatal: Felix not available!
[2024-10-01 00:02:11.213] [main] [info] Pinging all valve stations   ...DONE!
[2024-10-01 00:02:11.213] [main] [info] Pinging Non-Existing Test Server...
[2024-10-01 00:02:14.285] [main] [info] Pinging Non-Existing Test Server OK!
[2024-10-01 00:02:14.285] [main] [info] Pinging Non-Existing Test Server   ...DONE!
[2024-10-01 00:02:14.285] [main] [info] Pinging Pump Server Mayson...
[2024-10-01 00:02:14.387] [main] [info] Pump Server ping OK!
[2024-10-01 00:02:14.387] [main] [info] Pinging Pump Server Mayson   ...DONE!
[2024-10-01 00:02:14.387] [main] [info] Pinging all valve stations...
[2024-10-01 00:02:23.597] [main] [error] Fatal: James not available!
[2024-10-01 00:02:23.597] [main] [error] Fatal: Lucas not available!
[2024-10-01 00:02:23.597] [main] [error] Fatal: Felix not available!
[2024-10-01 00:02:23.597] [main] [info] Pinging all valve stations   ...DONE!
[2024-10-01 00:02:23.597] [main] [info] Pinging Non-Existing Test Server...
[2024-10-01 00:02:26.669] [main] [info] Pinging Non-Existing Test Server OK!
[2024-10-01 00:02:26.669] [main] [info] Pinging Non-Existing Test Server   ...DONE!
[2024-10-01 00:02:26.669] [main] [info] Pinging Pump Server Mayson...
[2024-10-01 00:02:26.783] [main] [info] Pump Server ping OK!
[2024-10-01 00:02:26.783] [main] [info] Pinging Pump Server Mayson   ...DONE!
[2024-10-01 00:02:26.783] [main] [info] Pinging all valve stations...
[2024-10-01 00:02:35.981] [main] [error] Fatal: James not available!
[2024-10-01 00:02:35.981] [main] [error] Fatal: Lucas not available!
[2024-10-01 00:02:35.981] [main] [error] Fatal: Felix not available!
[2024-10-01 00:02:35.981] [main] [info] Pinging all valve stations   ...DONE!
[2024-10-01 00:02:35.981] [main] [info] Pinging Non-Existing Test Server...
[2024-10-01 00:02:39.053] [main] [info] Pinging Non-Existing Test Server OK!
[2024-10-01 00:02:39.053] [main] [info] Pinging Non-Existing Test Server   ...DONE!
[2024-10-01 00:02:39.396] [main] [info] Creating Landscape...
[2024-10-01 00:02:39.396] [main] [info] Creating Landscape...
[2024-10-01 00:02:39.396] [main] [info] Creating Felix...
[2024-10-01 00:02:39.396] [main] [info] Creating James...
[2024-10-01 00:02:39.396] [main] [info] Creating Lucas...
[2024-10-01 00:02:39.396] [main] [info] Fetching timestamp...
std::chrono::system_clock::now().time_since_epoch()   :   1727733759396227968
get_seconds_since_epoch_now(bool verbose /* true */)   :   1727733759
minutes since epoch   :   28795562
minute of day   :   1322
minute of hour   :   2
hour of day   :   22
[2024-10-01 00:02:39.396] [main] [info] Checking timestamp.txt...
[2024-10-01 00:02:39.396] [main] [debug] The timestamp.txt is always written when watering is triggered. It is read to check if I was already done with watering some minutes ago.
previous time_stamp:   28794451
[2024-10-01 00:02:39.396] [main] [info] Checking timestamp.txt   ...DONE!
[2024-10-01 00:02:39.396] [main] [info] It's not time for watering now!
[2024-10-01 00:02:39.396] [main] [info] Minute Intraday:   1322
[2024-10-01 00:02:39.396] [main] [info] Days since Epoch:   19996
[2024-10-01 00:02:39.397] [main] [info] Accumulated watering times:

Felix   :           Klee Feld  :      0.00 min
Felix   :          Eiben Klee  :      0.00 min
James   :              Erbsen  :      0.00 min
James   :          Kartoffeln  :      0.00 min
James   :              Gurken  :      0.00 min
James   :        Tomaten+Mara  :      0.00 min
Lucas   :      Bohnen-Flieder  :      0.00 min
Lucas   :        Heidelbeeren  :      0.00 min
Lucas   :            Karotten  :      0.00 min

%%%%%%%%%%     [4] Run the executable   ...DONE!
elapsed time:   251s
=====================================================================================================
