=====================================================================================================
%%%%%%%%%%     [6] Uploading logs and go sleeping...
> sudo -u mayadm git checkout artifacts
Bereits auf 'artifacts'
D	maya/artifacts/logs/15951--2024-10-01--04h35---7.log
D	maya/artifacts/logs/15952--2024-10-01--05h22---1.log
D	maya/artifacts/logs/15952--2024-10-01--05h22---2.log
D	maya/artifacts/logs/15952--2024-10-01--05h22---3.log
D	maya/artifacts/logs/15952--2024-10-01--05h22---4.log
D	maya/artifacts/logs/15952--2024-10-01--05h22---5.log
D	maya/artifacts/logs/15952--2024-10-01--05h22---6.log
Ihr Branch ist auf demselben Stand wie 'origin/artifacts'.
> sudo -u mayadm git pull
Bereits aktuell.
> sudo -u mayadm git merge maya-productive
Bereits aktuell.
> sudo -u mayadm git add "../artifacts/logs/*.log" -f
> sudo -u mayadm git add -u
> sudo -u mayadm git commit -m "logs at 2024-10-01--06h08"
[artifacts 6c7837dcf] logs at 2024-10-01--06h08
 8 files changed, 306 insertions(+), 303 deletions(-)
 delete mode 100644 maya/artifacts/logs/15952--2024-10-01--05h22---4.log
 rename maya/artifacts/logs/{15951--2024-10-01--04h35---7.log => 15952--2024-10-01--05h22---7.log} (54%)
 rename maya/artifacts/logs/{15952--2024-10-01--05h22---1.log => 15953--2024-10-01--06h08---1.log} (90%)
 rename maya/artifacts/logs/{15952--2024-10-01--05h22---2.log => 15953--2024-10-01--06h08---2.log} (97%)
 rename maya/artifacts/logs/{15952--2024-10-01--05h22---3.log => 15953--2024-10-01--06h08---3.log} (94%)
 create mode 100644 maya/artifacts/logs/15953--2024-10-01--06h08---4.log
 rename maya/artifacts/logs/{15952--2024-10-01--05h22---5.log => 15953--2024-10-01--06h08---5.log} (77%)
 rename maya/artifacts/logs/{15952--2024-10-01--05h22---6.log => 15953--2024-10-01--06h08---6.log} (72%)
> sudo -u mayadm git push
To https://github.com/Necktschnagge/wired-watering
   a8a3e6fa6..6c7837dcf  artifacts -> artifacts
> sudo -u mayadm git checkout maya-productive
Zu Zweig »maya-productive« gewechselt
Ihr Branch ist auf demselben Stand wie 'origin/maya-productive'.
> sudo -u mayadm git push
Everything up-to-date
##############################################################
###################                        ###################
###################     GOING TO SLEEP     ###################
###################                        ###################
##############################################################
#######                                                #######
#######   Press CTRL + C NOW to abort script safely!   #######
#######                                                #######
##############################################################
##############################################################
#######                                                #######
#######               NOW GOING TO SLEEP               #######
#######                                                #######
##############################################################
> rtcwake -m mem -s 2400
rtcwake: RTC wird als UTC interpretiert …
rtcwake: aufwachen von „mem“ durch /dev/rtc0 bei Tue Oct  1 04:54:12 2024
##############################################################
#######                                                #######
#######            just waked up from sleep            #######
#######                                                #######
##############################################################
%%%%%%%%%%     [6] Uploading logs and go sleeping   ...DONE!
elapsed time:   2418s
=====================================================================================================
