=====================================================================================================
%%%%%%%%%%     [6] Uploading logs and go sleeping...
> sudo -u mayadm git checkout artifacts
Bereits auf 'artifacts'
D	maya/artifacts/logs/15948--2024-10-01--02h16---7.log
D	maya/artifacts/logs/15949--2024-10-01--03h02---1.log
D	maya/artifacts/logs/15949--2024-10-01--03h02---2.log
D	maya/artifacts/logs/15949--2024-10-01--03h02---3.log
D	maya/artifacts/logs/15949--2024-10-01--03h02---4.log
D	maya/artifacts/logs/15949--2024-10-01--03h02---5.log
D	maya/artifacts/logs/15949--2024-10-01--03h02---6.log
Ihr Branch ist auf demselben Stand wie 'origin/artifacts'.
> sudo -u mayadm git pull
Bereits aktuell.
> sudo -u mayadm git merge maya-productive
Bereits aktuell.
> sudo -u mayadm git add "../artifacts/logs/*.log" -f
> sudo -u mayadm git add -u
> sudo -u mayadm git commit -m "logs at 2024-10-01--03h48"
[artifacts 6008da274] logs at 2024-10-01--03h48
 8 files changed, 300 insertions(+), 300 deletions(-)
 delete mode 100644 maya/artifacts/logs/15949--2024-10-01--03h02---4.log
 rename maya/artifacts/logs/{15948--2024-10-01--02h16---7.log => 15949--2024-10-01--03h02---7.log} (61%)
 rename maya/artifacts/logs/{15949--2024-10-01--03h02---1.log => 15950--2024-10-01--03h48---1.log} (90%)
 rename maya/artifacts/logs/{15949--2024-10-01--03h02---2.log => 15950--2024-10-01--03h48---2.log} (97%)
 rename maya/artifacts/logs/{15949--2024-10-01--03h02---3.log => 15950--2024-10-01--03h48---3.log} (94%)
 create mode 100644 maya/artifacts/logs/15950--2024-10-01--03h48---4.log
 rename maya/artifacts/logs/{15949--2024-10-01--03h02---5.log => 15950--2024-10-01--03h48---5.log} (75%)
 rename maya/artifacts/logs/{15949--2024-10-01--03h02---6.log => 15950--2024-10-01--03h48---6.log} (100%)
> sudo -u mayadm git push
To https://github.com/Necktschnagge/wired-watering
   d6671426b..6008da274  artifacts -> artifacts
> sudo -u mayadm git checkout maya-productive
Zu Zweig »maya-productive« gewechselt
Ihr Branch ist auf demselben Stand wie 'origin/maya-productive'.
> sudo -u mayadm git push
Everything up-to-date
##############################################################
###################                        ###################
###################     GOING TO SLEEP     ###################
###################                        ###################
##############################################################
#######                                                #######
#######   Press CTRL + C NOW to abort script safely!   #######
#######                                                #######
##############################################################
##############################################################
#######                                                #######
#######               NOW GOING TO SLEEP               #######
#######                                                #######
##############################################################
> rtcwake -m mem -s 2400
rtcwake: RTC wird als UTC interpretiert …
rtcwake: aufwachen von „mem“ durch /dev/rtc0 bei Tue Oct  1 02:35:11 2024
##############################################################
#######                                                #######
#######            just waked up from sleep            #######
#######                                                #######
##############################################################
%%%%%%%%%%     [6] Uploading logs and go sleeping   ...DONE!
elapsed time:   2420s
=====================================================================================================
