=====================================================================================================
%%%%%%%%%%     [6] Uploading logs and go sleeping...
> sudo -u mayadm git checkout artifacts
Zu Zweig »artifacts« gewechselt
Ihr Branch ist auf demselben Stand wie 'origin/artifacts'.
> sudo -u mayadm git pull
Bereits aktuell.
> sudo -u mayadm git merge maya-productive
Bereits aktuell.
> sudo -u mayadm git add "../artifacts/logs/1596-*.log" -f
> sudo -u mayadm git add "../artifacts/logs/1595-*.log" -f
> sudo -u mayadm git commit -m "logs at 2022-06-23--01h02"
[artifacts ce7b42a] logs at 2022-06-23--01h02
 6 files changed, 253 insertions(+)
 create mode 100644 maya/artifacts/logs/1595--2022-06-23--00h42---6.log
 create mode 100644 maya/artifacts/logs/1596--2022-06-23--01h02---1.log
 create mode 100644 maya/artifacts/logs/1596--2022-06-23--01h02---2.log
 create mode 100644 maya/artifacts/logs/1596--2022-06-23--01h02---3.log
 create mode 100644 maya/artifacts/logs/1596--2022-06-23--01h02---4.log
 create mode 100644 maya/artifacts/logs/1596--2022-06-23--01h02---5.log
> sudo -u mayadm git push
To https://github.com/Necktschnagge/wired-watering
   207a26b..ce7b42a  artifacts -> artifacts
> sudo -u mayadm git checkout maya-productive
Zu Zweig »maya-productive« gewechselt
Ihr Branch ist auf demselben Stand wie 'origin/maya-productive'.
> sudo -u mayadm git push
Everything up-to-date
##############################################################
###################                        ###################
###################     GOING TO SLEEP     ###################
###################                        ###################
##############################################################
#######                                                #######
#######   Press CTRL + C NOW to abort script safely!   #######
#######                                                #######
##############################################################
##############################################################
#######                                                #######
#######               NOW GOING TO SLEEP               #######
#######                                                #######
##############################################################
> rtcwake -m mem -s 1200
rtcwake: RTC wird als UTC interpretiert …
rtcwake: aufwachen von „mem“ durch /dev/rtc0 bei Wed Jun 22 23:23:06 2022
##############################################################
#######                                                #######
#######            just waked up from sleep            #######
#######                                                #######
##############################################################
%%%%%%%%%%     [6] Uploading logs and go sleeping   ...DONE!
elapsed time:   1219s
=====================================================================================================
