=====================================================================================================
%%%%%%%%%%     [4] Run the executable...
>Please note:  Even if all builds failed, the last built executable is still there and will be started!
> sudo -u mayadm ./ur-unix-run.sh
[2024-10-01 13:53:51.396] [main] [info] Pinging Pump Server Mayson...
[2024-10-01 13:53:51.547] [main] [info] Pump Server ping OK!
[2024-10-01 13:53:51.547] [main] [info] Pinging Pump Server Mayson   ...DONE!
[2024-10-01 13:53:51.547] [main] [info] Pinging all valve stations...
[2024-10-01 13:54:00.756] [main] [error] Fatal: James not available!
[2024-10-01 13:54:00.756] [main] [error] Fatal: Lucas not available!
[2024-10-01 13:54:00.756] [main] [error] Fatal: Felix not available!
[2024-10-01 13:54:00.756] [main] [info] Pinging all valve stations   ...DONE!
[2024-10-01 13:54:00.756] [main] [info] Pinging Non-Existing Test Server...
[2024-10-01 13:54:03.829] [main] [info] Pinging Non-Existing Test Server OK!
[2024-10-01 13:54:03.829] [main] [info] Pinging Non-Existing Test Server   ...DONE!
[2024-10-01 13:54:03.829] [main] [info] Pinging Pump Server Mayson...
[2024-10-01 13:54:03.918] [main] [info] Pump Server ping OK!
[2024-10-01 13:54:03.918] [main] [info] Pinging Pump Server Mayson   ...DONE!
[2024-10-01 13:54:03.918] [main] [info] Pinging all valve stations...
[2024-10-01 13:54:13.141] [main] [error] Fatal: James not available!
[2024-10-01 13:54:13.141] [main] [error] Fatal: Lucas not available!
[2024-10-01 13:54:13.141] [main] [error] Fatal: Felix not available!
[2024-10-01 13:54:13.141] [main] [info] Pinging all valve stations   ...DONE!
[2024-10-01 13:54:13.141] [main] [info] Pinging Non-Existing Test Server...
[2024-10-01 13:54:16.213] [main] [info] Pinging Non-Existing Test Server OK!
[2024-10-01 13:54:16.213] [main] [info] Pinging Non-Existing Test Server   ...DONE!
[2024-10-01 13:54:16.213] [main] [info] Pinging Pump Server Mayson...
[2024-10-01 13:54:16.315] [main] [info] Pump Server ping OK!
[2024-10-01 13:54:16.315] [main] [info] Pinging Pump Server Mayson   ...DONE!
[2024-10-01 13:54:16.315] [main] [info] Pinging all valve stations...
[2024-10-01 13:54:25.525] [main] [error] Fatal: James not available!
[2024-10-01 13:54:25.525] [main] [error] Fatal: Lucas not available!
[2024-10-01 13:54:25.525] [main] [error] Fatal: Felix not available!
[2024-10-01 13:54:25.525] [main] [info] Pinging all valve stations   ...DONE!
[2024-10-01 13:54:25.525] [main] [info] Pinging Non-Existing Test Server...
[2024-10-01 13:54:28.596] [main] [info] Pinging Non-Existing Test Server OK!
[2024-10-01 13:54:28.596] [main] [info] Pinging Non-Existing Test Server   ...DONE!
[2024-10-01 13:54:28.596] [main] [info] Pinging Pump Server Mayson...
[2024-10-01 13:54:28.710] [main] [info] Pump Server ping OK!
[2024-10-01 13:54:28.710] [main] [info] Pinging Pump Server Mayson   ...DONE!
[2024-10-01 13:54:28.710] [main] [info] Pinging all valve stations...
[2024-10-01 13:54:37.909] [main] [error] Fatal: James not available!
[2024-10-01 13:54:37.909] [main] [error] Fatal: Lucas not available!
[2024-10-01 13:54:37.909] [main] [error] Fatal: Felix not available!
[2024-10-01 13:54:37.909] [main] [info] Pinging all valve stations   ...DONE!
[2024-10-01 13:54:37.909] [main] [info] Pinging Non-Existing Test Server...
[2024-10-01 13:54:40.981] [main] [info] Pinging Non-Existing Test Server OK!
[2024-10-01 13:54:40.981] [main] [info] Pinging Non-Existing Test Server   ...DONE!
[2024-10-01 13:54:40.981] [main] [info] Pinging Pump Server Mayson...
[2024-10-01 13:54:41.198] [main] [info] Pump Server ping OK!
[2024-10-01 13:54:41.198] [main] [info] Pinging Pump Server Mayson   ...DONE!
[2024-10-01 13:54:41.198] [main] [info] Pinging all valve stations...
[2024-10-01 13:54:50.421] [main] [error] Fatal: James not available!
[2024-10-01 13:54:50.421] [main] [error] Fatal: Lucas not available!
[2024-10-01 13:54:50.421] [main] [error] Fatal: Felix not available!
[2024-10-01 13:54:50.421] [main] [info] Pinging all valve stations   ...DONE!
[2024-10-01 13:54:50.421] [main] [info] Pinging Non-Existing Test Server...
[2024-10-01 13:54:53.493] [main] [info] Pinging Non-Existing Test Server OK!
[2024-10-01 13:54:53.493] [main] [info] Pinging Non-Existing Test Server   ...DONE!
[2024-10-01 13:54:53.493] [main] [info] Pinging Pump Server Mayson...
[2024-10-01 13:54:53.703] [main] [info] Pump Server ping OK!
[2024-10-01 13:54:53.703] [main] [info] Pinging Pump Server Mayson   ...DONE!
[2024-10-01 13:54:53.703] [main] [info] Pinging all valve stations...
[2024-10-01 13:55:02.901] [main] [error] Fatal: James not available!
[2024-10-01 13:55:02.901] [main] [error] Fatal: Lucas not available!
[2024-10-01 13:55:02.901] [main] [error] Fatal: Felix not available!
[2024-10-01 13:55:02.901] [main] [info] Pinging all valve stations   ...DONE!
[2024-10-01 13:55:02.901] [main] [info] Pinging Non-Existing Test Server...
[2024-10-01 13:55:05.973] [main] [info] Pinging Non-Existing Test Server OK!
[2024-10-01 13:55:05.973] [main] [info] Pinging Non-Existing Test Server   ...DONE!
[2024-10-01 13:55:05.973] [main] [info] Pinging Pump Server Mayson...
[2024-10-01 13:55:06.086] [main] [info] Pump Server ping OK!
[2024-10-01 13:55:06.086] [main] [info] Pinging Pump Server Mayson   ...DONE!
[2024-10-01 13:55:06.086] [main] [info] Pinging all valve stations...
[2024-10-01 13:55:15.285] [main] [error] Fatal: James not available!
[2024-10-01 13:55:15.285] [main] [error] Fatal: Lucas not available!
[2024-10-01 13:55:15.285] [main] [error] Fatal: Felix not available!
[2024-10-01 13:55:15.285] [main] [info] Pinging all valve stations   ...DONE!
[2024-10-01 13:55:15.285] [main] [info] Pinging Non-Existing Test Server...
[2024-10-01 13:55:18.357] [main] [info] Pinging Non-Existing Test Server OK!
[2024-10-01 13:55:18.357] [main] [info] Pinging Non-Existing Test Server   ...DONE!
[2024-10-01 13:55:18.357] [main] [info] Pinging Pump Server Mayson...
[2024-10-01 13:55:18.485] [main] [info] Pump Server ping OK!
[2024-10-01 13:55:18.485] [main] [info] Pinging Pump Server Mayson   ...DONE!
[2024-10-01 13:55:18.485] [main] [info] Pinging all valve stations...
[2024-10-01 13:55:27.701] [main] [error] Fatal: James not available!
[2024-10-01 13:55:27.701] [main] [error] Fatal: Lucas not available!
[2024-10-01 13:55:27.701] [main] [error] Fatal: Felix not available!
[2024-10-01 13:55:27.701] [main] [info] Pinging all valve stations   ...DONE!
[2024-10-01 13:55:27.701] [main] [info] Pinging Non-Existing Test Server...
[2024-10-01 13:55:30.773] [main] [info] Pinging Non-Existing Test Server OK!
[2024-10-01 13:55:30.773] [main] [info] Pinging Non-Existing Test Server   ...DONE!
[2024-10-01 13:55:30.773] [main] [info] Pinging Pump Server Mayson...
[2024-10-01 13:55:30.875] [main] [info] Pump Server ping OK!
[2024-10-01 13:55:30.875] [main] [info] Pinging Pump Server Mayson   ...DONE!
[2024-10-01 13:55:30.875] [main] [info] Pinging all valve stations...
[2024-10-01 13:55:40.085] [main] [error] Fatal: James not available!
[2024-10-01 13:55:40.085] [main] [error] Fatal: Lucas not available!
[2024-10-01 13:55:40.085] [main] [error] Fatal: Felix not available!
[2024-10-01 13:55:40.085] [main] [info] Pinging all valve stations   ...DONE!
[2024-10-01 13:55:40.085] [main] [info] Pinging Non-Existing Test Server...
[2024-10-01 13:55:43.157] [main] [info] Pinging Non-Existing Test Server OK!
[2024-10-01 13:55:43.157] [main] [info] Pinging Non-Existing Test Server   ...DONE!
[2024-10-01 13:55:43.157] [main] [info] Pinging Pump Server Mayson...
[2024-10-01 13:55:43.260] [main] [info] Pump Server ping OK!
[2024-10-01 13:55:43.260] [main] [info] Pinging Pump Server Mayson   ...DONE!
[2024-10-01 13:55:43.260] [main] [info] Pinging all valve stations...
[2024-10-01 13:55:52.469] [main] [error] Fatal: James not available!
[2024-10-01 13:55:52.469] [main] [error] Fatal: Lucas not available!
[2024-10-01 13:55:52.469] [main] [error] Fatal: Felix not available!
[2024-10-01 13:55:52.469] [main] [info] Pinging all valve stations   ...DONE!
[2024-10-01 13:55:52.469] [main] [info] Pinging Non-Existing Test Server...
[2024-10-01 13:55:55.541] [main] [info] Pinging Non-Existing Test Server OK!
[2024-10-01 13:55:55.541] [main] [info] Pinging Non-Existing Test Server   ...DONE!
[2024-10-01 13:55:55.541] [main] [info] Pinging Pump Server Mayson...
[2024-10-01 13:55:55.659] [main] [info] Pump Server ping OK!
[2024-10-01 13:55:55.659] [main] [info] Pinging Pump Server Mayson   ...DONE!
[2024-10-01 13:55:55.659] [main] [info] Pinging all valve stations...
[2024-10-01 13:56:04.885] [main] [error] Fatal: James not available!
[2024-10-01 13:56:04.885] [main] [error] Fatal: Lucas not available!
[2024-10-01 13:56:04.885] [main] [error] Fatal: Felix not available!
[2024-10-01 13:56:04.885] [main] [info] Pinging all valve stations   ...DONE!
[2024-10-01 13:56:04.885] [main] [info] Pinging Non-Existing Test Server...
[2024-10-01 13:56:07.957] [main] [info] Pinging Non-Existing Test Server OK!
[2024-10-01 13:56:07.957] [main] [info] Pinging Non-Existing Test Server   ...DONE!
[2024-10-01 13:56:07.957] [main] [info] Pinging Pump Server Mayson...
[2024-10-01 13:56:08.045] [main] [info] Pump Server ping OK!
[2024-10-01 13:56:08.045] [main] [info] Pinging Pump Server Mayson   ...DONE!
[2024-10-01 13:56:08.045] [main] [info] Pinging all valve stations...
[2024-10-01 13:56:17.269] [main] [error] Fatal: James not available!
[2024-10-01 13:56:17.269] [main] [error] Fatal: Lucas not available!
[2024-10-01 13:56:17.269] [main] [error] Fatal: Felix not available!
[2024-10-01 13:56:17.269] [main] [info] Pinging all valve stations   ...DONE!
[2024-10-01 13:56:17.269] [main] [info] Pinging Non-Existing Test Server...
[2024-10-01 13:56:20.341] [main] [info] Pinging Non-Existing Test Server OK!
[2024-10-01 13:56:20.341] [main] [info] Pinging Non-Existing Test Server   ...DONE!
[2024-10-01 13:56:20.341] [main] [info] Pinging Pump Server Mayson...
[2024-10-01 13:56:20.429] [main] [info] Pump Server ping OK!
[2024-10-01 13:56:20.429] [main] [info] Pinging Pump Server Mayson   ...DONE!
[2024-10-01 13:56:20.429] [main] [info] Pinging all valve stations...
[2024-10-01 13:56:29.653] [main] [error] Fatal: James not available!
[2024-10-01 13:56:29.653] [main] [error] Fatal: Lucas not available!
[2024-10-01 13:56:29.653] [main] [error] Fatal: Felix not available!
[2024-10-01 13:56:29.653] [main] [info] Pinging all valve stations   ...DONE!
[2024-10-01 13:56:29.653] [main] [info] Pinging Non-Existing Test Server...
[2024-10-01 13:56:32.725] [main] [info] Pinging Non-Existing Test Server OK!
[2024-10-01 13:56:32.725] [main] [info] Pinging Non-Existing Test Server   ...DONE!
[2024-10-01 13:56:32.725] [main] [info] Pinging Pump Server Mayson...
[2024-10-01 13:56:32.931] [main] [info] Pump Server ping OK!
[2024-10-01 13:56:32.931] [main] [info] Pinging Pump Server Mayson   ...DONE!
[2024-10-01 13:56:32.931] [main] [info] Pinging all valve stations...
[2024-10-01 13:56:42.133] [main] [error] Fatal: James not available!
[2024-10-01 13:56:42.133] [main] [error] Fatal: Lucas not available!
[2024-10-01 13:56:42.133] [main] [error] Fatal: Felix not available!
[2024-10-01 13:56:42.133] [main] [info] Pinging all valve stations   ...DONE!
[2024-10-01 13:56:42.133] [main] [info] Pinging Non-Existing Test Server...
[2024-10-01 13:56:45.205] [main] [info] Pinging Non-Existing Test Server OK!
[2024-10-01 13:56:45.205] [main] [info] Pinging Non-Existing Test Server   ...DONE!
[2024-10-01 13:56:45.205] [main] [info] Pinging Pump Server Mayson...
[2024-10-01 13:56:45.312] [main] [info] Pump Server ping OK!
[2024-10-01 13:56:45.312] [main] [info] Pinging Pump Server Mayson   ...DONE!
[2024-10-01 13:56:45.312] [main] [info] Pinging all valve stations...
[2024-10-01 13:56:54.517] [main] [error] Fatal: James not available!
[2024-10-01 13:56:54.517] [main] [error] Fatal: Lucas not available!
[2024-10-01 13:56:54.517] [main] [error] Fatal: Felix not available!
[2024-10-01 13:56:54.517] [main] [info] Pinging all valve stations   ...DONE!
[2024-10-01 13:56:54.517] [main] [info] Pinging Non-Existing Test Server...
[2024-10-01 13:56:57.589] [main] [info] Pinging Non-Existing Test Server OK!
[2024-10-01 13:56:57.589] [main] [info] Pinging Non-Existing Test Server   ...DONE!
[2024-10-01 13:56:57.589] [main] [info] Pinging Pump Server Mayson...
[2024-10-01 13:56:57.712] [main] [info] Pump Server ping OK!
[2024-10-01 13:56:57.712] [main] [info] Pinging Pump Server Mayson   ...DONE!
[2024-10-01 13:56:57.712] [main] [info] Pinging all valve stations...
[2024-10-01 13:57:06.933] [main] [error] Fatal: James not available!
[2024-10-01 13:57:06.933] [main] [error] Fatal: Lucas not available!
[2024-10-01 13:57:06.933] [main] [error] Fatal: Felix not available!
[2024-10-01 13:57:06.933] [main] [info] Pinging all valve stations   ...DONE!
[2024-10-01 13:57:06.933] [main] [info] Pinging Non-Existing Test Server...
[2024-10-01 13:57:10.005] [main] [info] Pinging Non-Existing Test Server OK!
[2024-10-01 13:57:10.005] [main] [info] Pinging Non-Existing Test Server   ...DONE!
[2024-10-01 13:57:10.005] [main] [info] Pinging Pump Server Mayson...
[2024-10-01 13:57:10.098] [main] [info] Pump Server ping OK!
[2024-10-01 13:57:10.098] [main] [info] Pinging Pump Server Mayson   ...DONE!
[2024-10-01 13:57:10.098] [main] [info] Pinging all valve stations...
[2024-10-01 13:57:19.317] [main] [error] Fatal: James not available!
[2024-10-01 13:57:19.317] [main] [error] Fatal: Lucas not available!
[2024-10-01 13:57:19.317] [main] [error] Fatal: Felix not available!
[2024-10-01 13:57:19.317] [main] [info] Pinging all valve stations   ...DONE!
[2024-10-01 13:57:19.317] [main] [info] Pinging Non-Existing Test Server...
[2024-10-01 13:57:22.389] [main] [info] Pinging Non-Existing Test Server OK!
[2024-10-01 13:57:22.389] [main] [info] Pinging Non-Existing Test Server   ...DONE!
[2024-10-01 13:57:22.389] [main] [info] Pinging Pump Server Mayson...
[2024-10-01 13:57:22.492] [main] [info] Pump Server ping OK!
[2024-10-01 13:57:22.492] [main] [info] Pinging Pump Server Mayson   ...DONE!
[2024-10-01 13:57:22.492] [main] [info] Pinging all valve stations...
[2024-10-01 13:57:31.701] [main] [error] Fatal: James not available!
[2024-10-01 13:57:31.701] [main] [error] Fatal: Lucas not available!
[2024-10-01 13:57:31.701] [main] [error] Fatal: Felix not available!
[2024-10-01 13:57:31.701] [main] [info] Pinging all valve stations   ...DONE!
[2024-10-01 13:57:31.701] [main] [info] Pinging Non-Existing Test Server...
[2024-10-01 13:57:34.773] [main] [info] Pinging Non-Existing Test Server OK!
[2024-10-01 13:57:34.773] [main] [info] Pinging Non-Existing Test Server   ...DONE!
[2024-10-01 13:57:34.773] [main] [info] Pinging Pump Server Mayson...
[2024-10-01 13:57:34.988] [main] [info] Pump Server ping OK!
[2024-10-01 13:57:34.988] [main] [info] Pinging Pump Server Mayson   ...DONE!
[2024-10-01 13:57:34.988] [main] [info] Pinging all valve stations...
[2024-10-01 13:57:44.213] [main] [error] Fatal: James not available!
[2024-10-01 13:57:44.213] [main] [error] Fatal: Lucas not available!
[2024-10-01 13:57:44.213] [main] [error] Fatal: Felix not available!
[2024-10-01 13:57:44.213] [main] [info] Pinging all valve stations   ...DONE!
[2024-10-01 13:57:44.213] [main] [info] Pinging Non-Existing Test Server...
[2024-10-01 13:57:47.285] [main] [info] Pinging Non-Existing Test Server OK!
[2024-10-01 13:57:47.285] [main] [info] Pinging Non-Existing Test Server   ...DONE!
[2024-10-01 13:57:47.285] [main] [info] Pinging Pump Server Mayson...
[2024-10-01 13:57:47.367] [main] [info] Pump Server ping OK!
[2024-10-01 13:57:47.367] [main] [info] Pinging Pump Server Mayson   ...DONE!
[2024-10-01 13:57:47.367] [main] [info] Pinging all valve stations...
[2024-10-01 13:57:56.565] [main] [error] Fatal: James not available!
[2024-10-01 13:57:56.565] [main] [error] Fatal: Lucas not available!
[2024-10-01 13:57:56.565] [main] [error] Fatal: Felix not available!
[2024-10-01 13:57:56.565] [main] [info] Pinging all valve stations   ...DONE!
[2024-10-01 13:57:56.565] [main] [info] Pinging Non-Existing Test Server...
[2024-10-01 13:57:59.637] [main] [info] Pinging Non-Existing Test Server OK!
[2024-10-01 13:57:59.637] [main] [info] Pinging Non-Existing Test Server   ...DONE!
[2024-10-01 13:58:00.134] [main] [info] Creating Landscape...
[2024-10-01 13:58:00.134] [main] [info] Creating Landscape...
[2024-10-01 13:58:00.134] [main] [info] Creating Felix...
[2024-10-01 13:58:00.134] [main] [info] Creating James...
[2024-10-01 13:58:00.134] [main] [info] Creating Lucas...
[2024-10-01 13:58:00.134] [main] [info] Fetching timestamp...
std::chrono::system_clock::now().time_since_epoch()   :   1727783880134863784
get_seconds_since_epoch_now(bool verbose /* true */)   :   1727783880
minutes since epoch   :   28796398
minute of day   :   718
minute of hour   :   58
hour of day   :   11
[2024-10-01 13:58:00.134] [main] [info] Checking timestamp.txt...
[2024-10-01 13:58:00.134] [main] [debug] The timestamp.txt is always written when watering is triggered. It is read to check if I was already done with watering some minutes ago.
previous time_stamp:   28795887
[2024-10-01 13:58:00.135] [main] [info] Checking timestamp.txt   ...DONE!
[2024-10-01 13:58:00.135] [main] [info] It's not time for watering now!
[2024-10-01 13:58:00.135] [main] [info] Minute Intraday:   718
[2024-10-01 13:58:00.135] [main] [info] Days since Epoch:   19997
[2024-10-01 13:58:00.135] [main] [info] Accumulated watering times:

Felix   :           Klee Feld  :      0.00 min
Felix   :          Eiben Klee  :      0.00 min
James   :              Erbsen  :      0.00 min
James   :          Kartoffeln  :      0.00 min
James   :              Gurken  :      0.00 min
James   :        Tomaten+Mara  :      0.00 min
Lucas   :      Bohnen-Flieder  :      0.00 min
Lucas   :        Heidelbeeren  :      0.00 min
Lucas   :            Karotten  :      0.00 min

%%%%%%%%%%     [4] Run the executable   ...DONE!
elapsed time:   249s
=====================================================================================================
