=====================================================================================================
%%%%%%%%%%     [6] Uploading logs and go sleeping...
> sudo -u mayadm git checkout artifacts
Bereits auf 'artifacts'
D	maya/artifacts/logs/15969--2024-10-01--18h30---7.log
D	maya/artifacts/logs/15970--2024-10-01--19h16---1.log
D	maya/artifacts/logs/15970--2024-10-01--19h16---2.log
D	maya/artifacts/logs/15970--2024-10-01--19h16---3.log
D	maya/artifacts/logs/15970--2024-10-01--19h16---4.log
D	maya/artifacts/logs/15970--2024-10-01--19h16---5.log
D	maya/artifacts/logs/15970--2024-10-01--19h16---6.log
Ihr Branch ist auf demselben Stand wie 'origin/artifacts'.
> sudo -u mayadm git pull
Bereits aktuell.
> sudo -u mayadm git merge maya-productive
Bereits aktuell.
> sudo -u mayadm git add "../artifacts/logs/*.log" -f
> sudo -u mayadm git add -u
> sudo -u mayadm git commit -m "logs at 2024-10-01--20h03"
[artifacts 074c2690b] logs at 2024-10-01--20h03
 8 files changed, 297 insertions(+), 297 deletions(-)
 delete mode 100644 maya/artifacts/logs/15970--2024-10-01--19h16---4.log
 rename maya/artifacts/logs/{15969--2024-10-01--18h30---7.log => 15970--2024-10-01--19h16---7.log} (61%)
 rename maya/artifacts/logs/{15970--2024-10-01--19h16---1.log => 15971--2024-10-01--20h03---1.log} (91%)
 rename maya/artifacts/logs/{15970--2024-10-01--19h16---2.log => 15971--2024-10-01--20h03---2.log} (97%)
 rename maya/artifacts/logs/{15970--2024-10-01--19h16---3.log => 15971--2024-10-01--20h03---3.log} (95%)
 create mode 100644 maya/artifacts/logs/15971--2024-10-01--20h03---4.log
 rename maya/artifacts/logs/{15970--2024-10-01--19h16---5.log => 15971--2024-10-01--20h03---5.log} (77%)
 rename maya/artifacts/logs/{15970--2024-10-01--19h16---6.log => 15971--2024-10-01--20h03---6.log} (100%)
> sudo -u mayadm git push
To https://github.com/Necktschnagge/wired-watering
   329767ec5..074c2690b  artifacts -> artifacts
> sudo -u mayadm git checkout maya-productive
Zu Zweig »maya-productive« gewechselt
Ihr Branch ist auf demselben Stand wie 'origin/maya-productive'.
> sudo -u mayadm git push
Everything up-to-date
##############################################################
###################                        ###################
###################     GOING TO SLEEP     ###################
###################                        ###################
##############################################################
#######                                                #######
#######   Press CTRL + C NOW to abort script safely!   #######
#######                                                #######
##############################################################
##############################################################
#######                                                #######
#######               NOW GOING TO SLEEP               #######
#######                                                #######
##############################################################
> rtcwake -m mem -s 2400
rtcwake: RTC wird als UTC interpretiert …
rtcwake: aufwachen von „mem“ durch /dev/rtc0 bei Tue Oct  1 18:49:25 2024
##############################################################
#######                                                #######
#######            just waked up from sleep            #######
#######                                                #######
##############################################################
%%%%%%%%%%     [6] Uploading logs and go sleeping   ...DONE!
elapsed time:   2420s
=====================================================================================================
