=====================================================================================================
%%%%%%%%%%     [4] Run the executable...
>Please note:  Even if all builds failed, the last built executable is still there and will be started!
> sudo -u mayadm ./ur-unix-run.sh
[2024-10-02 07:40:55.786] [main] [info] Pinging Pump Server Mayson...
[2024-10-02 07:40:55.872] [main] [info] Pump Server ping OK!
[2024-10-02 07:40:55.872] [main] [info] Pinging Pump Server Mayson   ...DONE!
[2024-10-02 07:40:55.872] [main] [info] Pinging all valve stations...
[2024-10-02 07:41:05.091] [main] [error] Fatal: James not available!
[2024-10-02 07:41:05.091] [main] [error] Fatal: Lucas not available!
[2024-10-02 07:41:05.091] [main] [error] Fatal: Felix not available!
[2024-10-02 07:41:05.091] [main] [info] Pinging all valve stations   ...DONE!
[2024-10-02 07:41:05.091] [main] [info] Pinging Non-Existing Test Server...
[2024-10-02 07:41:08.163] [main] [info] Pinging Non-Existing Test Server OK!
[2024-10-02 07:41:08.163] [main] [info] Pinging Non-Existing Test Server   ...DONE!
[2024-10-02 07:41:08.163] [main] [info] Pinging Pump Server Mayson...
[2024-10-02 07:41:08.237] [main] [info] Pump Server ping OK!
[2024-10-02 07:41:08.237] [main] [info] Pinging Pump Server Mayson   ...DONE!
[2024-10-02 07:41:08.237] [main] [info] Pinging all valve stations...
[2024-10-02 07:41:17.443] [main] [error] Fatal: James not available!
[2024-10-02 07:41:17.443] [main] [error] Fatal: Lucas not available!
[2024-10-02 07:41:17.443] [main] [error] Fatal: Felix not available!
[2024-10-02 07:41:17.443] [main] [info] Pinging all valve stations   ...DONE!
[2024-10-02 07:41:17.443] [main] [info] Pinging Non-Existing Test Server...
[2024-10-02 07:41:20.515] [main] [info] Pinging Non-Existing Test Server OK!
[2024-10-02 07:41:20.515] [main] [info] Pinging Non-Existing Test Server   ...DONE!
[2024-10-02 07:41:20.515] [main] [info] Pinging Pump Server Mayson...
[2024-10-02 07:41:20.627] [main] [info] Pump Server ping OK!
[2024-10-02 07:41:20.627] [main] [info] Pinging Pump Server Mayson   ...DONE!
[2024-10-02 07:41:20.627] [main] [info] Pinging all valve stations...
[2024-10-02 07:41:29.827] [main] [error] Fatal: James not available!
[2024-10-02 07:41:29.827] [main] [error] Fatal: Lucas not available!
[2024-10-02 07:41:29.827] [main] [error] Fatal: Felix not available!
[2024-10-02 07:41:29.827] [main] [info] Pinging all valve stations   ...DONE!
[2024-10-02 07:41:29.827] [main] [info] Pinging Non-Existing Test Server...
[2024-10-02 07:41:32.899] [main] [info] Pinging Non-Existing Test Server OK!
[2024-10-02 07:41:32.899] [main] [info] Pinging Non-Existing Test Server   ...DONE!
[2024-10-02 07:41:32.899] [main] [info] Pinging Pump Server Mayson...
[2024-10-02 07:41:33.007] [main] [info] Pump Server ping OK!
[2024-10-02 07:41:33.007] [main] [info] Pinging Pump Server Mayson   ...DONE!
[2024-10-02 07:41:33.007] [main] [info] Pinging all valve stations...
[2024-10-02 07:41:42.211] [main] [error] Fatal: James not available!
[2024-10-02 07:41:42.211] [main] [error] Fatal: Lucas not available!
[2024-10-02 07:41:42.211] [main] [error] Fatal: Felix not available!
[2024-10-02 07:41:42.211] [main] [info] Pinging all valve stations   ...DONE!
[2024-10-02 07:41:42.211] [main] [info] Pinging Non-Existing Test Server...
[2024-10-02 07:41:45.283] [main] [info] Pinging Non-Existing Test Server OK!
[2024-10-02 07:41:45.283] [main] [info] Pinging Non-Existing Test Server   ...DONE!
[2024-10-02 07:41:45.283] [main] [info] Pinging Pump Server Mayson...
[2024-10-02 07:41:45.393] [main] [info] Pump Server ping OK!
[2024-10-02 07:41:45.393] [main] [info] Pinging Pump Server Mayson   ...DONE!
[2024-10-02 07:41:45.393] [main] [info] Pinging all valve stations...
[2024-10-02 07:41:54.595] [main] [error] Fatal: James not available!
[2024-10-02 07:41:54.595] [main] [error] Fatal: Lucas not available!
[2024-10-02 07:41:54.595] [main] [error] Fatal: Felix not available!
[2024-10-02 07:41:54.595] [main] [info] Pinging all valve stations   ...DONE!
[2024-10-02 07:41:54.595] [main] [info] Pinging Non-Existing Test Server...
[2024-10-02 07:41:57.667] [main] [info] Pinging Non-Existing Test Server OK!
[2024-10-02 07:41:57.667] [main] [info] Pinging Non-Existing Test Server   ...DONE!
[2024-10-02 07:41:57.667] [main] [info] Pinging Pump Server Mayson...
[2024-10-02 07:41:57.779] [main] [info] Pump Server ping OK!
[2024-10-02 07:41:57.779] [main] [info] Pinging Pump Server Mayson   ...DONE!
[2024-10-02 07:41:57.779] [main] [info] Pinging all valve stations...
[2024-10-02 07:42:06.979] [main] [error] Fatal: James not available!
[2024-10-02 07:42:06.979] [main] [error] Fatal: Lucas not available!
[2024-10-02 07:42:06.979] [main] [error] Fatal: Felix not available!
[2024-10-02 07:42:06.979] [main] [info] Pinging all valve stations   ...DONE!
[2024-10-02 07:42:06.979] [main] [info] Pinging Non-Existing Test Server...
[2024-10-02 07:42:10.051] [main] [info] Pinging Non-Existing Test Server OK!
[2024-10-02 07:42:10.051] [main] [info] Pinging Non-Existing Test Server   ...DONE!
[2024-10-02 07:42:10.051] [main] [info] Pinging Pump Server Mayson...
[2024-10-02 07:42:10.159] [main] [info] Pump Server ping OK!
[2024-10-02 07:42:10.159] [main] [info] Pinging Pump Server Mayson   ...DONE!
[2024-10-02 07:42:10.159] [main] [info] Pinging all valve stations...
[2024-10-02 07:42:19.363] [main] [error] Fatal: James not available!
[2024-10-02 07:42:19.363] [main] [error] Fatal: Lucas not available!
[2024-10-02 07:42:19.363] [main] [error] Fatal: Felix not available!
[2024-10-02 07:42:19.363] [main] [info] Pinging all valve stations   ...DONE!
[2024-10-02 07:42:19.363] [main] [info] Pinging Non-Existing Test Server...
[2024-10-02 07:42:22.435] [main] [info] Pinging Non-Existing Test Server OK!
[2024-10-02 07:42:22.435] [main] [info] Pinging Non-Existing Test Server   ...DONE!
[2024-10-02 07:42:22.435] [main] [info] Pinging Pump Server Mayson...
[2024-10-02 07:42:22.549] [main] [info] Pump Server ping OK!
[2024-10-02 07:42:22.549] [main] [info] Pinging Pump Server Mayson   ...DONE!
[2024-10-02 07:42:22.549] [main] [info] Pinging all valve stations...
[2024-10-02 07:42:31.747] [main] [error] Fatal: James not available!
[2024-10-02 07:42:31.747] [main] [error] Fatal: Lucas not available!
[2024-10-02 07:42:31.747] [main] [error] Fatal: Felix not available!
[2024-10-02 07:42:31.747] [main] [info] Pinging all valve stations   ...DONE!
[2024-10-02 07:42:31.747] [main] [info] Pinging Non-Existing Test Server...
[2024-10-02 07:42:34.819] [main] [info] Pinging Non-Existing Test Server OK!
[2024-10-02 07:42:34.819] [main] [info] Pinging Non-Existing Test Server   ...DONE!
[2024-10-02 07:42:34.819] [main] [info] Pinging Pump Server Mayson...
[2024-10-02 07:42:34.935] [main] [info] Pump Server ping OK!
[2024-10-02 07:42:34.935] [main] [info] Pinging Pump Server Mayson   ...DONE!
[2024-10-02 07:42:34.935] [main] [info] Pinging all valve stations...
[2024-10-02 07:42:44.163] [main] [error] Fatal: James not available!
[2024-10-02 07:42:44.163] [main] [error] Fatal: Lucas not available!
[2024-10-02 07:42:44.163] [main] [error] Fatal: Felix not available!
[2024-10-02 07:42:44.163] [main] [info] Pinging all valve stations   ...DONE!
[2024-10-02 07:42:44.163] [main] [info] Pinging Non-Existing Test Server...
[2024-10-02 07:42:47.235] [main] [info] Pinging Non-Existing Test Server OK!
[2024-10-02 07:42:47.235] [main] [info] Pinging Non-Existing Test Server   ...DONE!
[2024-10-02 07:42:47.235] [main] [info] Pinging Pump Server Mayson...
[2024-10-02 07:42:47.320] [main] [info] Pump Server ping OK!
[2024-10-02 07:42:47.320] [main] [info] Pinging Pump Server Mayson   ...DONE!
[2024-10-02 07:42:47.320] [main] [info] Pinging all valve stations...
[2024-10-02 07:42:56.547] [main] [error] Fatal: James not available!
[2024-10-02 07:42:56.547] [main] [error] Fatal: Lucas not available!
[2024-10-02 07:42:56.547] [main] [error] Fatal: Felix not available!
[2024-10-02 07:42:56.547] [main] [info] Pinging all valve stations   ...DONE!
[2024-10-02 07:42:56.547] [main] [info] Pinging Non-Existing Test Server...
[2024-10-02 07:42:59.619] [main] [info] Pinging Non-Existing Test Server OK!
[2024-10-02 07:42:59.619] [main] [info] Pinging Non-Existing Test Server   ...DONE!
[2024-10-02 07:42:59.619] [main] [info] Pinging Pump Server Mayson...
[2024-10-02 07:42:59.699] [main] [info] Pump Server ping OK!
[2024-10-02 07:42:59.699] [main] [info] Pinging Pump Server Mayson   ...DONE!
[2024-10-02 07:42:59.699] [main] [info] Pinging all valve stations...
[2024-10-02 07:43:08.899] [main] [error] Fatal: James not available!
[2024-10-02 07:43:08.899] [main] [error] Fatal: Lucas not available!
[2024-10-02 07:43:08.899] [main] [error] Fatal: Felix not available!
[2024-10-02 07:43:08.899] [main] [info] Pinging all valve stations   ...DONE!
[2024-10-02 07:43:08.899] [main] [info] Pinging Non-Existing Test Server...
[2024-10-02 07:43:11.971] [main] [info] Pinging Non-Existing Test Server OK!
[2024-10-02 07:43:11.971] [main] [info] Pinging Non-Existing Test Server   ...DONE!
[2024-10-02 07:43:11.971] [main] [info] Pinging Pump Server Mayson...
[2024-10-02 07:43:12.115] [main] [info] Pump Server ping OK!
[2024-10-02 07:43:12.115] [main] [info] Pinging Pump Server Mayson   ...DONE!
[2024-10-02 07:43:12.115] [main] [info] Pinging all valve stations...
[2024-10-02 07:43:21.315] [main] [error] Fatal: James not available!
[2024-10-02 07:43:21.315] [main] [error] Fatal: Lucas not available!
[2024-10-02 07:43:21.315] [main] [error] Fatal: Felix not available!
[2024-10-02 07:43:21.315] [main] [info] Pinging all valve stations   ...DONE!
[2024-10-02 07:43:21.315] [main] [info] Pinging Non-Existing Test Server...
[2024-10-02 07:43:24.387] [main] [info] Pinging Non-Existing Test Server OK!
[2024-10-02 07:43:24.387] [main] [info] Pinging Non-Existing Test Server   ...DONE!
[2024-10-02 07:43:24.387] [main] [info] Pinging Pump Server Mayson...
[2024-10-02 07:43:24.477] [main] [info] Pump Server ping OK!
[2024-10-02 07:43:24.477] [main] [info] Pinging Pump Server Mayson   ...DONE!
[2024-10-02 07:43:24.477] [main] [info] Pinging all valve stations...
[2024-10-02 07:43:33.699] [main] [error] Fatal: James not available!
[2024-10-02 07:43:33.699] [main] [error] Fatal: Lucas not available!
[2024-10-02 07:43:33.699] [main] [error] Fatal: Felix not available!
[2024-10-02 07:43:33.699] [main] [info] Pinging all valve stations   ...DONE!
[2024-10-02 07:43:33.699] [main] [info] Pinging Non-Existing Test Server...
[2024-10-02 07:43:36.771] [main] [info] Pinging Non-Existing Test Server OK!
[2024-10-02 07:43:36.771] [main] [info] Pinging Non-Existing Test Server   ...DONE!
[2024-10-02 07:43:36.771] [main] [info] Pinging Pump Server Mayson...
[2024-10-02 07:43:36.861] [main] [info] Pump Server ping OK!
[2024-10-02 07:43:36.861] [main] [info] Pinging Pump Server Mayson   ...DONE!
[2024-10-02 07:43:36.861] [main] [info] Pinging all valve stations...
[2024-10-02 07:43:46.083] [main] [error] Fatal: James not available!
[2024-10-02 07:43:46.083] [main] [error] Fatal: Lucas not available!
[2024-10-02 07:43:46.083] [main] [error] Fatal: Felix not available!
[2024-10-02 07:43:46.083] [main] [info] Pinging all valve stations   ...DONE!
[2024-10-02 07:43:46.083] [main] [info] Pinging Non-Existing Test Server...
[2024-10-02 07:43:49.155] [main] [info] Pinging Non-Existing Test Server OK!
[2024-10-02 07:43:49.155] [main] [info] Pinging Non-Existing Test Server   ...DONE!
[2024-10-02 07:43:49.155] [main] [info] Pinging Pump Server Mayson...
[2024-10-02 07:43:49.257] [main] [info] Pump Server ping OK!
[2024-10-02 07:43:49.257] [main] [info] Pinging Pump Server Mayson   ...DONE!
[2024-10-02 07:43:49.257] [main] [info] Pinging all valve stations...
[2024-10-02 07:43:58.467] [main] [error] Fatal: James not available!
[2024-10-02 07:43:58.467] [main] [error] Fatal: Lucas not available!
[2024-10-02 07:43:58.467] [main] [error] Fatal: Felix not available!
[2024-10-02 07:43:58.467] [main] [info] Pinging all valve stations   ...DONE!
[2024-10-02 07:43:58.467] [main] [info] Pinging Non-Existing Test Server...
[2024-10-02 07:44:01.539] [main] [info] Pinging Non-Existing Test Server OK!
[2024-10-02 07:44:01.539] [main] [info] Pinging Non-Existing Test Server   ...DONE!
[2024-10-02 07:44:01.539] [main] [info] Pinging Pump Server Mayson...
[2024-10-02 07:44:01.637] [main] [info] Pump Server ping OK!
[2024-10-02 07:44:01.637] [main] [info] Pinging Pump Server Mayson   ...DONE!
[2024-10-02 07:44:01.637] [main] [info] Pinging all valve stations...
[2024-10-02 07:44:10.851] [main] [error] Fatal: James not available!
[2024-10-02 07:44:10.851] [main] [error] Fatal: Lucas not available!
[2024-10-02 07:44:10.851] [main] [error] Fatal: Felix not available!
[2024-10-02 07:44:10.851] [main] [info] Pinging all valve stations   ...DONE!
[2024-10-02 07:44:10.851] [main] [info] Pinging Non-Existing Test Server...
[2024-10-02 07:44:13.923] [main] [info] Pinging Non-Existing Test Server OK!
[2024-10-02 07:44:13.923] [main] [info] Pinging Non-Existing Test Server   ...DONE!
[2024-10-02 07:44:13.923] [main] [info] Pinging Pump Server Mayson...
[2024-10-02 07:44:14.020] [main] [info] Pump Server ping OK!
[2024-10-02 07:44:14.020] [main] [info] Pinging Pump Server Mayson   ...DONE!
[2024-10-02 07:44:14.020] [main] [info] Pinging all valve stations...
[2024-10-02 07:44:23.235] [main] [error] Fatal: James not available!
[2024-10-02 07:44:23.235] [main] [error] Fatal: Lucas not available!
[2024-10-02 07:44:23.235] [main] [error] Fatal: Felix not available!
[2024-10-02 07:44:23.235] [main] [info] Pinging all valve stations   ...DONE!
[2024-10-02 07:44:23.235] [main] [info] Pinging Non-Existing Test Server...
[2024-10-02 07:44:26.307] [main] [info] Pinging Non-Existing Test Server OK!
[2024-10-02 07:44:26.307] [main] [info] Pinging Non-Existing Test Server   ...DONE!
[2024-10-02 07:44:26.307] [main] [info] Pinging Pump Server Mayson...
[2024-10-02 07:44:26.523] [main] [info] Pump Server ping OK!
[2024-10-02 07:44:26.523] [main] [info] Pinging Pump Server Mayson   ...DONE!
[2024-10-02 07:44:26.523] [main] [info] Pinging all valve stations...
[2024-10-02 07:44:35.747] [main] [error] Fatal: James not available!
[2024-10-02 07:44:35.747] [main] [error] Fatal: Lucas not available!
[2024-10-02 07:44:35.747] [main] [error] Fatal: Felix not available!
[2024-10-02 07:44:35.747] [main] [info] Pinging all valve stations   ...DONE!
[2024-10-02 07:44:35.747] [main] [info] Pinging Non-Existing Test Server...
[2024-10-02 07:44:38.819] [main] [info] Pinging Non-Existing Test Server OK!
[2024-10-02 07:44:38.819] [main] [info] Pinging Non-Existing Test Server   ...DONE!
[2024-10-02 07:44:38.819] [main] [info] Pinging Pump Server Mayson...
[2024-10-02 07:44:38.904] [main] [info] Pump Server ping OK!
[2024-10-02 07:44:38.904] [main] [info] Pinging Pump Server Mayson   ...DONE!
[2024-10-02 07:44:38.904] [main] [info] Pinging all valve stations...
[2024-10-02 07:44:48.131] [main] [error] Fatal: James not available!
[2024-10-02 07:44:48.131] [main] [error] Fatal: Lucas not available!
[2024-10-02 07:44:48.131] [main] [error] Fatal: Felix not available!
[2024-10-02 07:44:48.131] [main] [info] Pinging all valve stations   ...DONE!
[2024-10-02 07:44:48.131] [main] [info] Pinging Non-Existing Test Server...
[2024-10-02 07:44:51.203] [main] [info] Pinging Non-Existing Test Server OK!
[2024-10-02 07:44:51.203] [main] [info] Pinging Non-Existing Test Server   ...DONE!
[2024-10-02 07:44:51.203] [main] [info] Pinging Pump Server Mayson...
[2024-10-02 07:44:51.291] [main] [info] Pump Server ping OK!
[2024-10-02 07:44:51.291] [main] [info] Pinging Pump Server Mayson   ...DONE!
[2024-10-02 07:44:51.291] [main] [info] Pinging all valve stations...
[2024-10-02 07:45:00.515] [main] [error] Fatal: James not available!
[2024-10-02 07:45:00.515] [main] [error] Fatal: Lucas not available!
[2024-10-02 07:45:00.515] [main] [error] Fatal: Felix not available!
[2024-10-02 07:45:00.515] [main] [info] Pinging all valve stations   ...DONE!
[2024-10-02 07:45:00.515] [main] [info] Pinging Non-Existing Test Server...
[2024-10-02 07:45:03.587] [main] [info] Pinging Non-Existing Test Server OK!
[2024-10-02 07:45:03.587] [main] [info] Pinging Non-Existing Test Server   ...DONE!
[2024-10-02 07:45:04.044] [main] [info] Creating Landscape...
[2024-10-02 07:45:04.044] [main] [info] Creating Landscape...
[2024-10-02 07:45:04.044] [main] [info] Creating Felix...
[2024-10-02 07:45:04.044] [main] [info] Creating James...
[2024-10-02 07:45:04.044] [main] [info] Creating Lucas...
[2024-10-02 07:45:04.044] [main] [info] Fetching timestamp...
std::chrono::system_clock::now().time_since_epoch()   :   1727847904044780598
get_seconds_since_epoch_now(bool verbose /* true */)   :   1727847904
minutes since epoch   :   28797465
minute of day   :   345
minute of hour   :   45
hour of day   :   5
[2024-10-02 07:45:04.044] [main] [info] Checking timestamp.txt...
[2024-10-02 07:45:04.044] [main] [debug] The timestamp.txt is always written when watering is triggered. It is read to check if I was already done with watering some minutes ago.
previous time_stamp:   28797325
[2024-10-02 07:45:04.045] [main] [info] Checking timestamp.txt   ...DONE!
[2024-10-02 07:45:04.045] [main] [info] It's not time for watering now!
[2024-10-02 07:45:04.045] [main] [info] Minute Intraday:   345
[2024-10-02 07:45:04.045] [main] [info] Days since Epoch:   19998
[2024-10-02 07:45:04.045] [main] [info] Accumulated watering times:

Felix   :           Klee Feld  :      0.00 min
Felix   :          Eiben Klee  :      0.00 min
James   :              Erbsen  :      0.00 min
James   :          Kartoffeln  :      0.00 min
James   :              Gurken  :      0.00 min
James   :        Tomaten+Mara  :      0.00 min
Lucas   :      Bohnen-Flieder  :      0.00 min
Lucas   :        Heidelbeeren  :      0.00 min
Lucas   :            Karotten  :      0.00 min

%%%%%%%%%%     [4] Run the executable   ...DONE!
elapsed time:   249s
=====================================================================================================
