=====================================================================================================
%%%%%%%%%%     [6] Uploading logs and go sleeping...
> sudo -u mayadm git checkout artifacts
Bereits auf 'artifacts'
D	maya/artifacts/logs/15986--2024-10-02--07h39---7.log
D	maya/artifacts/logs/15987--2024-10-02--08h25---1.log
D	maya/artifacts/logs/15987--2024-10-02--08h25---2.log
D	maya/artifacts/logs/15987--2024-10-02--08h25---3.log
D	maya/artifacts/logs/15987--2024-10-02--08h25---4.log
D	maya/artifacts/logs/15987--2024-10-02--08h25---5.log
D	maya/artifacts/logs/15987--2024-10-02--08h25---6.log
Ihr Branch ist auf demselben Stand wie 'origin/artifacts'.
> sudo -u mayadm git pull
Bereits aktuell.
> sudo -u mayadm git merge maya-productive
Bereits aktuell.
> sudo -u mayadm git add "../artifacts/logs/*.log" -f
> sudo -u mayadm git add -u
> sudo -u mayadm git commit -m "logs at 2024-10-02--09h12"
[artifacts 4923c6d4c] logs at 2024-10-02--09h12
 8 files changed, 306 insertions(+), 303 deletions(-)
 delete mode 100644 maya/artifacts/logs/15987--2024-10-02--08h25---4.log
 rename maya/artifacts/logs/{15986--2024-10-02--07h39---7.log => 15987--2024-10-02--08h25---7.log} (61%)
 rename maya/artifacts/logs/{15987--2024-10-02--08h25---1.log => 15988--2024-10-02--09h12---1.log} (90%)
 rename maya/artifacts/logs/{15987--2024-10-02--08h25---2.log => 15988--2024-10-02--09h12---2.log} (65%)
 rename maya/artifacts/logs/{15987--2024-10-02--08h25---3.log => 15988--2024-10-02--09h12---3.log} (93%)
 create mode 100644 maya/artifacts/logs/15988--2024-10-02--09h12---4.log
 rename maya/artifacts/logs/{15987--2024-10-02--08h25---5.log => 15988--2024-10-02--09h12---5.log} (77%)
 rename maya/artifacts/logs/{15987--2024-10-02--08h25---6.log => 15988--2024-10-02--09h12---6.log} (100%)
> sudo -u mayadm git push
To https://github.com/Necktschnagge/wired-watering
   1fed559a4..4923c6d4c  artifacts -> artifacts
> sudo -u mayadm git checkout maya-productive
Zu Zweig »maya-productive« gewechselt
Ihr Branch ist auf demselben Stand wie 'origin/maya-productive'.
> sudo -u mayadm git push
Everything up-to-date
##############################################################
###################                        ###################
###################     GOING TO SLEEP     ###################
###################                        ###################
##############################################################
#######                                                #######
#######   Press CTRL + C NOW to abort script safely!   #######
#######                                                #######
##############################################################
##############################################################
#######                                                #######
#######               NOW GOING TO SLEEP               #######
#######                                                #######
##############################################################
> rtcwake -m mem -s 2400
rtcwake: RTC wird als UTC interpretiert …
rtcwake: aufwachen von „mem“ durch /dev/rtc0 bei Wed Oct  2 07:58:00 2024
##############################################################
#######                                                #######
#######            just waked up from sleep            #######
#######                                                #######
##############################################################
%%%%%%%%%%     [6] Uploading logs and go sleeping   ...DONE!
elapsed time:   2420s
=====================================================================================================
