=====================================================================================================
%%%%%%%%%%     [4] Run the executable...
>Please note:  Even if all builds failed, the last built executable is still there and will be started!
> sudo -u mayadm ./ur-unix-run.sh
[2024-10-02 06:08:01.555] [main] [info] Pinging Pump Server Mayson...
[2024-10-02 06:08:01.686] [main] [info] Pump Server ping OK!
[2024-10-02 06:08:01.686] [main] [info] Pinging Pump Server Mayson   ...DONE!
[2024-10-02 06:08:01.686] [main] [info] Pinging all valve stations...
[2024-10-02 06:08:10.888] [main] [error] Fatal: James not available!
[2024-10-02 06:08:10.888] [main] [error] Fatal: Lucas not available!
[2024-10-02 06:08:10.888] [main] [error] Fatal: Felix not available!
[2024-10-02 06:08:10.888] [main] [info] Pinging all valve stations   ...DONE!
[2024-10-02 06:08:10.888] [main] [info] Pinging Non-Existing Test Server...
[2024-10-02 06:08:13.960] [main] [info] Pinging Non-Existing Test Server OK!
[2024-10-02 06:08:13.960] [main] [info] Pinging Non-Existing Test Server   ...DONE!
[2024-10-02 06:08:13.960] [main] [info] Pinging Pump Server Mayson...
[2024-10-02 06:08:14.059] [main] [info] Pump Server ping OK!
[2024-10-02 06:08:14.059] [main] [info] Pinging Pump Server Mayson   ...DONE!
[2024-10-02 06:08:14.059] [main] [info] Pinging all valve stations...
[2024-10-02 06:08:23.272] [main] [error] Fatal: James not available!
[2024-10-02 06:08:23.272] [main] [error] Fatal: Lucas not available!
[2024-10-02 06:08:23.272] [main] [error] Fatal: Felix not available!
[2024-10-02 06:08:23.272] [main] [info] Pinging all valve stations   ...DONE!
[2024-10-02 06:08:23.272] [main] [info] Pinging Non-Existing Test Server...
[2024-10-02 06:08:26.344] [main] [info] Pinging Non-Existing Test Server OK!
[2024-10-02 06:08:26.344] [main] [info] Pinging Non-Existing Test Server   ...DONE!
[2024-10-02 06:08:26.344] [main] [info] Pinging Pump Server Mayson...
[2024-10-02 06:08:26.441] [main] [info] Pump Server ping OK!
[2024-10-02 06:08:26.441] [main] [info] Pinging Pump Server Mayson   ...DONE!
[2024-10-02 06:08:26.441] [main] [info] Pinging all valve stations...
[2024-10-02 06:08:35.656] [main] [error] Fatal: James not available!
[2024-10-02 06:08:35.656] [main] [error] Fatal: Lucas not available!
[2024-10-02 06:08:35.656] [main] [error] Fatal: Felix not available!
[2024-10-02 06:08:35.656] [main] [info] Pinging all valve stations   ...DONE!
[2024-10-02 06:08:35.656] [main] [info] Pinging Non-Existing Test Server...
[2024-10-02 06:08:38.728] [main] [info] Pinging Non-Existing Test Server OK!
[2024-10-02 06:08:38.728] [main] [info] Pinging Non-Existing Test Server   ...DONE!
[2024-10-02 06:08:38.728] [main] [info] Pinging Pump Server Mayson...
[2024-10-02 06:08:38.839] [main] [info] Pump Server ping OK!
[2024-10-02 06:08:38.839] [main] [info] Pinging Pump Server Mayson   ...DONE!
[2024-10-02 06:08:38.839] [main] [info] Pinging all valve stations...
[2024-10-02 06:08:48.040] [main] [error] Fatal: James not available!
[2024-10-02 06:08:48.040] [main] [error] Fatal: Lucas not available!
[2024-10-02 06:08:48.040] [main] [error] Fatal: Felix not available!
[2024-10-02 06:08:48.040] [main] [info] Pinging all valve stations   ...DONE!
[2024-10-02 06:08:48.040] [main] [info] Pinging Non-Existing Test Server...
[2024-10-02 06:08:51.112] [main] [info] Pinging Non-Existing Test Server OK!
[2024-10-02 06:08:51.112] [main] [info] Pinging Non-Existing Test Server   ...DONE!
[2024-10-02 06:08:51.112] [main] [info] Pinging Pump Server Mayson...
[2024-10-02 06:08:51.228] [main] [info] Pump Server ping OK!
[2024-10-02 06:08:51.228] [main] [info] Pinging Pump Server Mayson   ...DONE!
[2024-10-02 06:08:51.228] [main] [info] Pinging all valve stations...
[2024-10-02 06:09:00.424] [main] [error] Fatal: James not available!
[2024-10-02 06:09:00.424] [main] [error] Fatal: Lucas not available!
[2024-10-02 06:09:00.424] [main] [error] Fatal: Felix not available!
[2024-10-02 06:09:00.424] [main] [info] Pinging all valve stations   ...DONE!
[2024-10-02 06:09:00.424] [main] [info] Pinging Non-Existing Test Server...
[2024-10-02 06:09:03.496] [main] [info] Pinging Non-Existing Test Server OK!
[2024-10-02 06:09:03.496] [main] [info] Pinging Non-Existing Test Server   ...DONE!
[2024-10-02 06:09:03.496] [main] [info] Pinging Pump Server Mayson...
[2024-10-02 06:09:03.604] [main] [info] Pump Server ping OK!
[2024-10-02 06:09:03.604] [main] [info] Pinging Pump Server Mayson   ...DONE!
[2024-10-02 06:09:03.604] [main] [info] Pinging all valve stations...
[2024-10-02 06:09:12.808] [main] [error] Fatal: James not available!
[2024-10-02 06:09:12.808] [main] [error] Fatal: Lucas not available!
[2024-10-02 06:09:12.808] [main] [error] Fatal: Felix not available!
[2024-10-02 06:09:12.808] [main] [info] Pinging all valve stations   ...DONE!
[2024-10-02 06:09:12.808] [main] [info] Pinging Non-Existing Test Server...
[2024-10-02 06:09:15.880] [main] [info] Pinging Non-Existing Test Server OK!
[2024-10-02 06:09:15.880] [main] [info] Pinging Non-Existing Test Server   ...DONE!
[2024-10-02 06:09:15.880] [main] [info] Pinging Pump Server Mayson...
[2024-10-02 06:09:16.106] [main] [info] Pump Server ping OK!
[2024-10-02 06:09:16.106] [main] [info] Pinging Pump Server Mayson   ...DONE!
[2024-10-02 06:09:16.106] [main] [info] Pinging all valve stations...
[2024-10-02 06:09:25.320] [main] [error] Fatal: James not available!
[2024-10-02 06:09:25.320] [main] [error] Fatal: Lucas not available!
[2024-10-02 06:09:25.320] [main] [error] Fatal: Felix not available!
[2024-10-02 06:09:25.320] [main] [info] Pinging all valve stations   ...DONE!
[2024-10-02 06:09:25.320] [main] [info] Pinging Non-Existing Test Server...
[2024-10-02 06:09:28.392] [main] [info] Pinging Non-Existing Test Server OK!
[2024-10-02 06:09:28.392] [main] [info] Pinging Non-Existing Test Server   ...DONE!
[2024-10-02 06:09:28.392] [main] [info] Pinging Pump Server Mayson...
[2024-10-02 06:09:28.494] [main] [info] Pump Server ping OK!
[2024-10-02 06:09:28.494] [main] [info] Pinging Pump Server Mayson   ...DONE!
[2024-10-02 06:09:28.494] [main] [info] Pinging all valve stations...
[2024-10-02 06:09:37.704] [main] [error] Fatal: James not available!
[2024-10-02 06:09:37.704] [main] [error] Fatal: Lucas not available!
[2024-10-02 06:09:37.704] [main] [error] Fatal: Felix not available!
[2024-10-02 06:09:37.704] [main] [info] Pinging all valve stations   ...DONE!
[2024-10-02 06:09:37.704] [main] [info] Pinging Non-Existing Test Server...
[2024-10-02 06:09:40.776] [main] [info] Pinging Non-Existing Test Server OK!
[2024-10-02 06:09:40.776] [main] [info] Pinging Non-Existing Test Server   ...DONE!
[2024-10-02 06:09:40.776] [main] [info] Pinging Pump Server Mayson...
[2024-10-02 06:09:41.083] [main] [info] Pump Server ping OK!
[2024-10-02 06:09:41.083] [main] [info] Pinging Pump Server Mayson   ...DONE!
[2024-10-02 06:09:41.083] [main] [info] Pinging all valve stations...
[2024-10-02 06:09:50.280] [main] [error] Fatal: James not available!
[2024-10-02 06:09:50.280] [main] [error] Fatal: Lucas not available!
[2024-10-02 06:09:50.280] [main] [error] Fatal: Felix not available!
[2024-10-02 06:09:50.280] [main] [info] Pinging all valve stations   ...DONE!
[2024-10-02 06:09:50.280] [main] [info] Pinging Non-Existing Test Server...
[2024-10-02 06:09:53.352] [main] [info] Pinging Non-Existing Test Server OK!
[2024-10-02 06:09:53.352] [main] [info] Pinging Non-Existing Test Server   ...DONE!
[2024-10-02 06:09:53.352] [main] [info] Pinging Pump Server Mayson...
[2024-10-02 06:09:53.482] [main] [info] Pump Server ping OK!
[2024-10-02 06:09:53.482] [main] [info] Pinging Pump Server Mayson   ...DONE!
[2024-10-02 06:09:53.482] [main] [info] Pinging all valve stations...
[2024-10-02 06:10:02.696] [main] [error] Fatal: James not available!
[2024-10-02 06:10:02.696] [main] [error] Fatal: Lucas not available!
[2024-10-02 06:10:02.696] [main] [error] Fatal: Felix not available!
[2024-10-02 06:10:02.696] [main] [info] Pinging all valve stations   ...DONE!
[2024-10-02 06:10:02.696] [main] [info] Pinging Non-Existing Test Server...
[2024-10-02 06:10:05.768] [main] [info] Pinging Non-Existing Test Server OK!
[2024-10-02 06:10:05.768] [main] [info] Pinging Non-Existing Test Server   ...DONE!
[2024-10-02 06:10:05.768] [main] [info] Pinging Pump Server Mayson...
[2024-10-02 06:10:05.970] [main] [info] Pump Server ping OK!
[2024-10-02 06:10:05.970] [main] [info] Pinging Pump Server Mayson   ...DONE!
[2024-10-02 06:10:05.970] [main] [info] Pinging all valve stations...
[2024-10-02 06:10:15.176] [main] [error] Fatal: James not available!
[2024-10-02 06:10:15.176] [main] [error] Fatal: Lucas not available!
[2024-10-02 06:10:15.176] [main] [error] Fatal: Felix not available!
[2024-10-02 06:10:15.176] [main] [info] Pinging all valve stations   ...DONE!
[2024-10-02 06:10:15.176] [main] [info] Pinging Non-Existing Test Server...
[2024-10-02 06:10:18.248] [main] [info] Pinging Non-Existing Test Server OK!
[2024-10-02 06:10:18.248] [main] [info] Pinging Non-Existing Test Server   ...DONE!
[2024-10-02 06:10:18.248] [main] [info] Pinging Pump Server Mayson...
[2024-10-02 06:10:18.492] [main] [info] Pump Server ping OK!
[2024-10-02 06:10:18.492] [main] [info] Pinging Pump Server Mayson   ...DONE!
[2024-10-02 06:10:18.492] [main] [info] Pinging all valve stations...
[2024-10-02 06:10:27.720] [main] [error] Fatal: James not available!
[2024-10-02 06:10:27.720] [main] [error] Fatal: Lucas not available!
[2024-10-02 06:10:27.720] [main] [error] Fatal: Felix not available!
[2024-10-02 06:10:27.720] [main] [info] Pinging all valve stations   ...DONE!
[2024-10-02 06:10:27.720] [main] [info] Pinging Non-Existing Test Server...
[2024-10-02 06:10:30.792] [main] [info] Pinging Non-Existing Test Server OK!
[2024-10-02 06:10:30.792] [main] [info] Pinging Non-Existing Test Server   ...DONE!
[2024-10-02 06:10:30.792] [main] [info] Pinging Pump Server Mayson...
[2024-10-02 06:10:30.865] [main] [info] Pump Server ping OK!
[2024-10-02 06:10:30.865] [main] [info] Pinging Pump Server Mayson   ...DONE!
[2024-10-02 06:10:30.865] [main] [info] Pinging all valve stations...
[2024-10-02 06:10:40.072] [main] [error] Fatal: James not available!
[2024-10-02 06:10:40.072] [main] [error] Fatal: Lucas not available!
[2024-10-02 06:10:40.072] [main] [error] Fatal: Felix not available!
[2024-10-02 06:10:40.072] [main] [info] Pinging all valve stations   ...DONE!
[2024-10-02 06:10:40.072] [main] [info] Pinging Non-Existing Test Server...
[2024-10-02 06:10:43.144] [main] [info] Pinging Non-Existing Test Server OK!
[2024-10-02 06:10:43.144] [main] [info] Pinging Non-Existing Test Server   ...DONE!
[2024-10-02 06:10:43.144] [main] [info] Pinging Pump Server Mayson...
[2024-10-02 06:10:43.468] [main] [info] Pump Server ping OK!
[2024-10-02 06:10:43.468] [main] [info] Pinging Pump Server Mayson   ...DONE!
[2024-10-02 06:10:43.468] [main] [info] Pinging all valve stations...
[2024-10-02 06:10:52.680] [main] [error] Fatal: James not available!
[2024-10-02 06:10:52.680] [main] [error] Fatal: Lucas not available!
[2024-10-02 06:10:52.680] [main] [error] Fatal: Felix not available!
[2024-10-02 06:10:52.680] [main] [info] Pinging all valve stations   ...DONE!
[2024-10-02 06:10:52.680] [main] [info] Pinging Non-Existing Test Server...
[2024-10-02 06:10:55.752] [main] [info] Pinging Non-Existing Test Server OK!
[2024-10-02 06:10:55.752] [main] [info] Pinging Non-Existing Test Server   ...DONE!
[2024-10-02 06:10:55.752] [main] [info] Pinging Pump Server Mayson...
[2024-10-02 06:10:55.864] [main] [info] Pump Server ping OK!
[2024-10-02 06:10:55.864] [main] [info] Pinging Pump Server Mayson   ...DONE!
[2024-10-02 06:10:55.864] [main] [info] Pinging all valve stations...
[2024-10-02 06:11:05.064] [main] [error] Fatal: James not available!
[2024-10-02 06:11:05.064] [main] [error] Fatal: Lucas not available!
[2024-10-02 06:11:05.064] [main] [error] Fatal: Felix not available!
[2024-10-02 06:11:05.064] [main] [info] Pinging all valve stations   ...DONE!
[2024-10-02 06:11:05.064] [main] [info] Pinging Non-Existing Test Server...
[2024-10-02 06:11:08.136] [main] [info] Pinging Non-Existing Test Server OK!
[2024-10-02 06:11:08.136] [main] [info] Pinging Non-Existing Test Server   ...DONE!
[2024-10-02 06:11:08.136] [main] [info] Pinging Pump Server Mayson...
[2024-10-02 06:11:08.258] [main] [info] Pump Server ping OK!
[2024-10-02 06:11:08.258] [main] [info] Pinging Pump Server Mayson   ...DONE!
[2024-10-02 06:11:08.258] [main] [info] Pinging all valve stations...
[2024-10-02 06:11:17.480] [main] [error] Fatal: James not available!
[2024-10-02 06:11:17.480] [main] [error] Fatal: Lucas not available!
[2024-10-02 06:11:17.480] [main] [error] Fatal: Felix not available!
[2024-10-02 06:11:17.480] [main] [info] Pinging all valve stations   ...DONE!
[2024-10-02 06:11:17.480] [main] [info] Pinging Non-Existing Test Server...
[2024-10-02 06:11:20.552] [main] [info] Pinging Non-Existing Test Server OK!
[2024-10-02 06:11:20.552] [main] [info] Pinging Non-Existing Test Server   ...DONE!
[2024-10-02 06:11:20.552] [main] [info] Pinging Pump Server Mayson...
[2024-10-02 06:11:20.642] [main] [info] Pump Server ping OK!
[2024-10-02 06:11:20.642] [main] [info] Pinging Pump Server Mayson   ...DONE!
[2024-10-02 06:11:20.642] [main] [info] Pinging all valve stations...
[2024-10-02 06:11:29.864] [main] [error] Fatal: James not available!
[2024-10-02 06:11:29.864] [main] [error] Fatal: Lucas not available!
[2024-10-02 06:11:29.864] [main] [error] Fatal: Felix not available!
[2024-10-02 06:11:29.864] [main] [info] Pinging all valve stations   ...DONE!
[2024-10-02 06:11:29.864] [main] [info] Pinging Non-Existing Test Server...
[2024-10-02 06:11:32.936] [main] [info] Pinging Non-Existing Test Server OK!
[2024-10-02 06:11:32.936] [main] [info] Pinging Non-Existing Test Server   ...DONE!
[2024-10-02 06:11:32.936] [main] [info] Pinging Pump Server Mayson...
[2024-10-02 06:11:33.048] [main] [info] Pump Server ping OK!
[2024-10-02 06:11:33.048] [main] [info] Pinging Pump Server Mayson   ...DONE!
[2024-10-02 06:11:33.048] [main] [info] Pinging all valve stations...
[2024-10-02 06:11:42.248] [main] [error] Fatal: James not available!
[2024-10-02 06:11:42.248] [main] [error] Fatal: Lucas not available!
[2024-10-02 06:11:42.248] [main] [error] Fatal: Felix not available!
[2024-10-02 06:11:42.248] [main] [info] Pinging all valve stations   ...DONE!
[2024-10-02 06:11:42.248] [main] [info] Pinging Non-Existing Test Server...
[2024-10-02 06:11:45.320] [main] [info] Pinging Non-Existing Test Server OK!
[2024-10-02 06:11:45.320] [main] [info] Pinging Non-Existing Test Server   ...DONE!
[2024-10-02 06:11:45.320] [main] [info] Pinging Pump Server Mayson...
[2024-10-02 06:11:45.434] [main] [info] Pump Server ping OK!
[2024-10-02 06:11:45.434] [main] [info] Pinging Pump Server Mayson   ...DONE!
[2024-10-02 06:11:45.434] [main] [info] Pinging all valve stations...
[2024-10-02 06:11:54.632] [main] [error] Fatal: James not available!
[2024-10-02 06:11:54.632] [main] [error] Fatal: Lucas not available!
[2024-10-02 06:11:54.632] [main] [error] Fatal: Felix not available!
[2024-10-02 06:11:54.632] [main] [info] Pinging all valve stations   ...DONE!
[2024-10-02 06:11:54.632] [main] [info] Pinging Non-Existing Test Server...
[2024-10-02 06:11:57.704] [main] [info] Pinging Non-Existing Test Server OK!
[2024-10-02 06:11:57.704] [main] [info] Pinging Non-Existing Test Server   ...DONE!
[2024-10-02 06:11:57.704] [main] [info] Pinging Pump Server Mayson...
[2024-10-02 06:11:57.820] [main] [info] Pump Server ping OK!
[2024-10-02 06:11:57.820] [main] [info] Pinging Pump Server Mayson   ...DONE!
[2024-10-02 06:11:57.820] [main] [info] Pinging all valve stations...
[2024-10-02 06:12:07.048] [main] [error] Fatal: James not available!
[2024-10-02 06:12:07.048] [main] [error] Fatal: Lucas not available!
[2024-10-02 06:12:07.048] [main] [error] Fatal: Felix not available!
[2024-10-02 06:12:07.048] [main] [info] Pinging all valve stations   ...DONE!
[2024-10-02 06:12:07.048] [main] [info] Pinging Non-Existing Test Server...
[2024-10-02 06:12:10.120] [main] [info] Pinging Non-Existing Test Server OK!
[2024-10-02 06:12:10.120] [main] [info] Pinging Non-Existing Test Server   ...DONE!
[2024-10-02 06:12:11.011] [main] [info] Creating Landscape...
[2024-10-02 06:12:11.011] [main] [info] Creating Landscape...
[2024-10-02 06:12:11.011] [main] [info] Creating Felix...
[2024-10-02 06:12:11.011] [main] [info] Creating James...
[2024-10-02 06:12:11.011] [main] [info] Creating Lucas...
[2024-10-02 06:12:11.011] [main] [info] Fetching timestamp...
std::chrono::system_clock::now().time_since_epoch()   :   1727842331011794765
get_seconds_since_epoch_now(bool verbose /* true */)   :   1727842331
minutes since epoch   :   28797372
minute of day   :   252
minute of hour   :   12
hour of day   :   4
[2024-10-02 06:12:11.011] [main] [info] Checking timestamp.txt...
[2024-10-02 06:12:11.011] [main] [debug] The timestamp.txt is always written when watering is triggered. It is read to check if I was already done with watering some minutes ago.
previous time_stamp:   28797325
[2024-10-02 06:12:11.012] [main] [info] Checking timestamp.txt   ...DONE!
[2024-10-02 06:12:11.012] [main] [info] It's not time for watering now!
[2024-10-02 06:12:11.012] [main] [info] Minute Intraday:   252
[2024-10-02 06:12:11.012] [main] [info] Days since Epoch:   19998
[2024-10-02 06:12:11.012] [main] [info] Accumulated watering times:

Felix   :           Klee Feld  :      0.00 min
Felix   :          Eiben Klee  :      0.00 min
James   :              Erbsen  :      0.00 min
James   :          Kartoffeln  :      0.00 min
James   :              Gurken  :      0.00 min
James   :        Tomaten+Mara  :      0.00 min
Lucas   :      Bohnen-Flieder  :      0.00 min
Lucas   :        Heidelbeeren  :      0.00 min
Lucas   :            Karotten  :      0.00 min

%%%%%%%%%%     [4] Run the executable   ...DONE!
elapsed time:   250s
=====================================================================================================
