=====================================================================================================
%%%%%%%%%%     [6] Uploading logs and go sleeping...
> sudo -u mayadm git checkout artifacts
Bereits auf 'artifacts'
D	maya/artifacts/logs/15981--2024-10-02--03h47---7.log
D	maya/artifacts/logs/15982--2024-10-02--04h33---1.log
D	maya/artifacts/logs/15982--2024-10-02--04h33---2.log
D	maya/artifacts/logs/15982--2024-10-02--04h33---3.log
D	maya/artifacts/logs/15982--2024-10-02--04h33---4.log
D	maya/artifacts/logs/15982--2024-10-02--04h33---5.log
D	maya/artifacts/logs/15982--2024-10-02--04h33---6.log
Ihr Branch ist auf demselben Stand wie 'origin/artifacts'.
> sudo -u mayadm git pull
Bereits aktuell.
> sudo -u mayadm git merge maya-productive
Bereits aktuell.
> sudo -u mayadm git add "../artifacts/logs/*.log" -f
> sudo -u mayadm git add -u
> sudo -u mayadm git commit -m "logs at 2024-10-02--05h20"
[artifacts eaf094a59] logs at 2024-10-02--05h20
 8 files changed, 299 insertions(+), 304 deletions(-)
 delete mode 100644 maya/artifacts/logs/15982--2024-10-02--04h33---4.log
 rename maya/artifacts/logs/{15981--2024-10-02--03h47---7.log => 15982--2024-10-02--04h33---7.log} (61%)
 rename maya/artifacts/logs/{15982--2024-10-02--04h33---1.log => 15983--2024-10-02--05h20---1.log} (90%)
 rename maya/artifacts/logs/{15982--2024-10-02--04h33---2.log => 15983--2024-10-02--05h20---2.log} (65%)
 rename maya/artifacts/logs/{15982--2024-10-02--04h33---3.log => 15983--2024-10-02--05h20---3.log} (94%)
 create mode 100644 maya/artifacts/logs/15983--2024-10-02--05h20---4.log
 rename maya/artifacts/logs/{15982--2024-10-02--04h33---5.log => 15983--2024-10-02--05h20---5.log} (77%)
 rename maya/artifacts/logs/{15982--2024-10-02--04h33---6.log => 15983--2024-10-02--05h20---6.log} (100%)
> sudo -u mayadm git push
To https://github.com/Necktschnagge/wired-watering
   cc3e31c61..eaf094a59  artifacts -> artifacts
> sudo -u mayadm git checkout maya-productive
Zu Zweig »maya-productive« gewechselt
Ihr Branch ist auf demselben Stand wie 'origin/maya-productive'.
> sudo -u mayadm git push
Everything up-to-date
##############################################################
###################                        ###################
###################     GOING TO SLEEP     ###################
###################                        ###################
##############################################################
#######                                                #######
#######   Press CTRL + C NOW to abort script safely!   #######
#######                                                #######
##############################################################
##############################################################
#######                                                #######
#######               NOW GOING TO SLEEP               #######
#######                                                #######
##############################################################
> rtcwake -m mem -s 2400
rtcwake: RTC wird als UTC interpretiert …
rtcwake: aufwachen von „mem“ durch /dev/rtc0 bei Wed Oct  2 04:06:13 2024
##############################################################
#######                                                #######
#######            just waked up from sleep            #######
#######                                                #######
##############################################################
%%%%%%%%%%     [6] Uploading logs and go sleeping   ...DONE!
elapsed time:   2420s
=====================================================================================================
