=====================================================================================================
%%%%%%%%%%     [6] Uploading logs and go sleeping...
> sudo -u mayadm git checkout artifacts
Bereits auf 'artifacts'
D	maya/artifacts/logs/15993--2024-10-02--13h03---7.log
D	maya/artifacts/logs/15994--2024-10-02--13h50---1.log
D	maya/artifacts/logs/15994--2024-10-02--13h50---2.log
D	maya/artifacts/logs/15994--2024-10-02--13h50---3.log
D	maya/artifacts/logs/15994--2024-10-02--13h50---4.log
D	maya/artifacts/logs/15994--2024-10-02--13h50---5.log
D	maya/artifacts/logs/15994--2024-10-02--13h50---6.log
Ihr Branch ist auf demselben Stand wie 'origin/artifacts'.
> sudo -u mayadm git pull
Bereits aktuell.
> sudo -u mayadm git merge maya-productive
Bereits aktuell.
> sudo -u mayadm git add "../artifacts/logs/*.log" -f
> sudo -u mayadm git add -u
> sudo -u mayadm git commit -m "logs at 2024-10-02--14h36"
[artifacts bb721e7a2] logs at 2024-10-02--14h36
 8 files changed, 301 insertions(+), 298 deletions(-)
 delete mode 100644 maya/artifacts/logs/15994--2024-10-02--13h50---4.log
 rename maya/artifacts/logs/{15993--2024-10-02--13h03---7.log => 15994--2024-10-02--13h50---7.log} (62%)
 rename maya/artifacts/logs/{15994--2024-10-02--13h50---1.log => 15995--2024-10-02--14h36---1.log} (91%)
 rename maya/artifacts/logs/{15994--2024-10-02--13h50---2.log => 15995--2024-10-02--14h36---2.log} (67%)
 rename maya/artifacts/logs/{15994--2024-10-02--13h50---3.log => 15995--2024-10-02--14h36---3.log} (94%)
 create mode 100644 maya/artifacts/logs/15995--2024-10-02--14h36---4.log
 rename maya/artifacts/logs/{15994--2024-10-02--13h50---5.log => 15995--2024-10-02--14h36---5.log} (77%)
 rename maya/artifacts/logs/{15994--2024-10-02--13h50---6.log => 15995--2024-10-02--14h36---6.log} (100%)
> sudo -u mayadm git push
To https://github.com/Necktschnagge/wired-watering
   b062d6a4e..bb721e7a2  artifacts -> artifacts
> sudo -u mayadm git checkout maya-productive
Zu Zweig »maya-productive« gewechselt
Ihr Branch ist auf demselben Stand wie 'origin/maya-productive'.
> sudo -u mayadm git push
Everything up-to-date
##############################################################
###################                        ###################
###################     GOING TO SLEEP     ###################
###################                        ###################
##############################################################
#######                                                #######
#######   Press CTRL + C NOW to abort script safely!   #######
#######                                                #######
##############################################################
##############################################################
#######                                                #######
#######               NOW GOING TO SLEEP               #######
#######                                                #######
##############################################################
> rtcwake -m mem -s 2400
rtcwake: RTC wird als UTC interpretiert …
rtcwake: aufwachen von „mem“ durch /dev/rtc0 bei Wed Oct  2 13:22:28 2024
##############################################################
#######                                                #######
#######            just waked up from sleep            #######
#######                                                #######
##############################################################
%%%%%%%%%%     [6] Uploading logs and go sleeping   ...DONE!
elapsed time:   2418s
=====================================================================================================
