=====================================================================================================
%%%%%%%%%%     [4] Run the executable...
>Please note:  Even if all builds failed, the last built executable is still there and will be started!
> sudo -u mayadm ./ur-unix-run.sh
[2024-10-02 15:24:30.475] [main] [info] Pinging Pump Server Mayson...
[2024-10-02 15:24:30.585] [main] [info] Pump Server ping OK!
[2024-10-02 15:24:30.585] [main] [info] Pinging Pump Server Mayson   ...DONE!
[2024-10-02 15:24:30.585] [main] [info] Pinging all valve stations...
[2024-10-02 15:24:39.784] [main] [error] Fatal: James not available!
[2024-10-02 15:24:39.784] [main] [error] Fatal: Lucas not available!
[2024-10-02 15:24:39.784] [main] [error] Fatal: Felix not available!
[2024-10-02 15:24:39.784] [main] [info] Pinging all valve stations   ...DONE!
[2024-10-02 15:24:39.784] [main] [info] Pinging Non-Existing Test Server...
[2024-10-02 15:24:42.856] [main] [info] Pinging Non-Existing Test Server OK!
[2024-10-02 15:24:42.856] [main] [info] Pinging Non-Existing Test Server   ...DONE!
[2024-10-02 15:24:42.856] [main] [info] Pinging Pump Server Mayson...
[2024-10-02 15:24:42.877] [main] [info] Pump Server ping OK!
[2024-10-02 15:24:42.877] [main] [info] Pinging Pump Server Mayson   ...DONE!
[2024-10-02 15:24:42.877] [main] [info] Pinging all valve stations...
[2024-10-02 15:24:52.104] [main] [error] Fatal: James not available!
[2024-10-02 15:24:52.104] [main] [error] Fatal: Lucas not available!
[2024-10-02 15:24:52.104] [main] [error] Fatal: Felix not available!
[2024-10-02 15:24:52.104] [main] [info] Pinging all valve stations   ...DONE!
[2024-10-02 15:24:52.104] [main] [info] Pinging Non-Existing Test Server...
[2024-10-02 15:24:55.176] [main] [info] Pinging Non-Existing Test Server OK!
[2024-10-02 15:24:55.176] [main] [info] Pinging Non-Existing Test Server   ...DONE!
[2024-10-02 15:24:55.176] [main] [info] Pinging Pump Server Mayson...
[2024-10-02 15:24:55.272] [main] [info] Pump Server ping OK!
[2024-10-02 15:24:55.272] [main] [info] Pinging Pump Server Mayson   ...DONE!
[2024-10-02 15:24:55.272] [main] [info] Pinging all valve stations...
[2024-10-02 15:25:04.488] [main] [error] Fatal: James not available!
[2024-10-02 15:25:04.488] [main] [error] Fatal: Lucas not available!
[2024-10-02 15:25:04.488] [main] [error] Fatal: Felix not available!
[2024-10-02 15:25:04.488] [main] [info] Pinging all valve stations   ...DONE!
[2024-10-02 15:25:04.488] [main] [info] Pinging Non-Existing Test Server...
[2024-10-02 15:25:07.560] [main] [info] Pinging Non-Existing Test Server OK!
[2024-10-02 15:25:07.560] [main] [info] Pinging Non-Existing Test Server   ...DONE!
[2024-10-02 15:25:07.560] [main] [info] Pinging Pump Server Mayson...
[2024-10-02 15:25:07.874] [main] [info] Pump Server ping OK!
[2024-10-02 15:25:07.874] [main] [info] Pinging Pump Server Mayson   ...DONE!
[2024-10-02 15:25:07.874] [main] [info] Pinging all valve stations...
[2024-10-02 15:25:17.096] [main] [error] Fatal: James not available!
[2024-10-02 15:25:17.096] [main] [error] Fatal: Lucas not available!
[2024-10-02 15:25:17.096] [main] [error] Fatal: Felix not available!
[2024-10-02 15:25:17.096] [main] [info] Pinging all valve stations   ...DONE!
[2024-10-02 15:25:17.096] [main] [info] Pinging Non-Existing Test Server...
[2024-10-02 15:25:20.168] [main] [info] Pinging Non-Existing Test Server OK!
[2024-10-02 15:25:20.168] [main] [info] Pinging Non-Existing Test Server   ...DONE!
[2024-10-02 15:25:20.168] [main] [info] Pinging Pump Server Mayson...
[2024-10-02 15:25:20.275] [main] [info] Pump Server ping OK!
[2024-10-02 15:25:20.275] [main] [info] Pinging Pump Server Mayson   ...DONE!
[2024-10-02 15:25:20.275] [main] [info] Pinging all valve stations...
[2024-10-02 15:25:29.480] [main] [error] Fatal: James not available!
[2024-10-02 15:25:29.480] [main] [error] Fatal: Lucas not available!
[2024-10-02 15:25:29.480] [main] [error] Fatal: Felix not available!
[2024-10-02 15:25:29.480] [main] [info] Pinging all valve stations   ...DONE!
[2024-10-02 15:25:29.480] [main] [info] Pinging Non-Existing Test Server...
[2024-10-02 15:25:32.552] [main] [info] Pinging Non-Existing Test Server OK!
[2024-10-02 15:25:32.552] [main] [info] Pinging Non-Existing Test Server   ...DONE!
[2024-10-02 15:25:32.552] [main] [info] Pinging Pump Server Mayson...
[2024-10-02 15:25:32.651] [main] [info] Pump Server ping OK!
[2024-10-02 15:25:32.651] [main] [info] Pinging Pump Server Mayson   ...DONE!
[2024-10-02 15:25:32.651] [main] [info] Pinging all valve stations...
[2024-10-02 15:25:41.864] [main] [error] Fatal: James not available!
[2024-10-02 15:25:41.864] [main] [error] Fatal: Lucas not available!
[2024-10-02 15:25:41.864] [main] [error] Fatal: Felix not available!
[2024-10-02 15:25:41.864] [main] [info] Pinging all valve stations   ...DONE!
[2024-10-02 15:25:41.864] [main] [info] Pinging Non-Existing Test Server...
[2024-10-02 15:25:44.936] [main] [info] Pinging Non-Existing Test Server OK!
[2024-10-02 15:25:44.936] [main] [info] Pinging Non-Existing Test Server   ...DONE!
[2024-10-02 15:25:44.936] [main] [info] Pinging Pump Server Mayson...
[2024-10-02 15:25:45.043] [main] [info] Pump Server ping OK!
[2024-10-02 15:25:45.043] [main] [info] Pinging Pump Server Mayson   ...DONE!
[2024-10-02 15:25:45.043] [main] [info] Pinging all valve stations...
[2024-10-02 15:25:54.248] [main] [error] Fatal: James not available!
[2024-10-02 15:25:54.248] [main] [error] Fatal: Lucas not available!
[2024-10-02 15:25:54.248] [main] [error] Fatal: Felix not available!
[2024-10-02 15:25:54.248] [main] [info] Pinging all valve stations   ...DONE!
[2024-10-02 15:25:54.248] [main] [info] Pinging Non-Existing Test Server...
[2024-10-02 15:25:57.320] [main] [info] Pinging Non-Existing Test Server OK!
[2024-10-02 15:25:57.320] [main] [info] Pinging Non-Existing Test Server   ...DONE!
[2024-10-02 15:25:57.320] [main] [info] Pinging Pump Server Mayson...
[2024-10-02 15:25:57.441] [main] [info] Pump Server ping OK!
[2024-10-02 15:25:57.441] [main] [info] Pinging Pump Server Mayson   ...DONE!
[2024-10-02 15:25:57.441] [main] [info] Pinging all valve stations...
[2024-10-02 15:26:06.664] [main] [error] Fatal: James not available!
[2024-10-02 15:26:06.664] [main] [error] Fatal: Lucas not available!
[2024-10-02 15:26:06.664] [main] [error] Fatal: Felix not available!
[2024-10-02 15:26:06.664] [main] [info] Pinging all valve stations   ...DONE!
[2024-10-02 15:26:06.664] [main] [info] Pinging Non-Existing Test Server...
[2024-10-02 15:26:09.736] [main] [info] Pinging Non-Existing Test Server OK!
[2024-10-02 15:26:09.736] [main] [info] Pinging Non-Existing Test Server   ...DONE!
[2024-10-02 15:26:09.736] [main] [info] Pinging Pump Server Mayson...
[2024-10-02 15:26:09.833] [main] [info] Pump Server ping OK!
[2024-10-02 15:26:09.833] [main] [info] Pinging Pump Server Mayson   ...DONE!
[2024-10-02 15:26:09.833] [main] [info] Pinging all valve stations...
[2024-10-02 15:26:19.048] [main] [error] Fatal: James not available!
[2024-10-02 15:26:19.048] [main] [error] Fatal: Lucas not available!
[2024-10-02 15:26:19.048] [main] [error] Fatal: Felix not available!
[2024-10-02 15:26:19.048] [main] [info] Pinging all valve stations   ...DONE!
[2024-10-02 15:26:19.048] [main] [info] Pinging Non-Existing Test Server...
[2024-10-02 15:26:22.120] [main] [info] Pinging Non-Existing Test Server OK!
[2024-10-02 15:26:22.120] [main] [info] Pinging Non-Existing Test Server   ...DONE!
[2024-10-02 15:26:22.120] [main] [info] Pinging Pump Server Mayson...
[2024-10-02 15:26:22.218] [main] [info] Pump Server ping OK!
[2024-10-02 15:26:22.218] [main] [info] Pinging Pump Server Mayson   ...DONE!
[2024-10-02 15:26:22.218] [main] [info] Pinging all valve stations...
[2024-10-02 15:26:31.432] [main] [error] Fatal: James not available!
[2024-10-02 15:26:31.432] [main] [error] Fatal: Lucas not available!
[2024-10-02 15:26:31.432] [main] [error] Fatal: Felix not available!
[2024-10-02 15:26:31.432] [main] [info] Pinging all valve stations   ...DONE!
[2024-10-02 15:26:31.432] [main] [info] Pinging Non-Existing Test Server...
[2024-10-02 15:26:34.504] [main] [info] Pinging Non-Existing Test Server OK!
[2024-10-02 15:26:34.504] [main] [info] Pinging Non-Existing Test Server   ...DONE!
[2024-10-02 15:26:34.504] [main] [info] Pinging Pump Server Mayson...
[2024-10-02 15:26:34.606] [main] [info] Pump Server ping OK!
[2024-10-02 15:26:34.606] [main] [info] Pinging Pump Server Mayson   ...DONE!
[2024-10-02 15:26:34.606] [main] [info] Pinging all valve stations...
[2024-10-02 15:26:43.816] [main] [error] Fatal: James not available!
[2024-10-02 15:26:43.816] [main] [error] Fatal: Lucas not available!
[2024-10-02 15:26:43.816] [main] [error] Fatal: Felix not available!
[2024-10-02 15:26:43.816] [main] [info] Pinging all valve stations   ...DONE!
[2024-10-02 15:26:43.816] [main] [info] Pinging Non-Existing Test Server...
[2024-10-02 15:26:46.888] [main] [info] Pinging Non-Existing Test Server OK!
[2024-10-02 15:26:46.888] [main] [info] Pinging Non-Existing Test Server   ...DONE!
[2024-10-02 15:26:46.888] [main] [info] Pinging Pump Server Mayson...
[2024-10-02 15:26:46.982] [main] [info] Pump Server ping OK!
[2024-10-02 15:26:46.982] [main] [info] Pinging Pump Server Mayson   ...DONE!
[2024-10-02 15:26:46.982] [main] [info] Pinging all valve stations...
[2024-10-02 15:26:56.200] [main] [error] Fatal: James not available!
[2024-10-02 15:26:56.200] [main] [error] Fatal: Lucas not available!
[2024-10-02 15:26:56.200] [main] [error] Fatal: Felix not available!
[2024-10-02 15:26:56.200] [main] [info] Pinging all valve stations   ...DONE!
[2024-10-02 15:26:56.200] [main] [info] Pinging Non-Existing Test Server...
[2024-10-02 15:26:59.272] [main] [info] Pinging Non-Existing Test Server OK!
[2024-10-02 15:26:59.272] [main] [info] Pinging Non-Existing Test Server   ...DONE!
[2024-10-02 15:26:59.272] [main] [info] Pinging Pump Server Mayson...
[2024-10-02 15:26:59.369] [main] [info] Pump Server ping OK!
[2024-10-02 15:26:59.369] [main] [info] Pinging Pump Server Mayson   ...DONE!
[2024-10-02 15:26:59.369] [main] [info] Pinging all valve stations...
[2024-10-02 15:27:08.584] [main] [error] Fatal: James not available!
[2024-10-02 15:27:08.584] [main] [error] Fatal: Lucas not available!
[2024-10-02 15:27:08.584] [main] [error] Fatal: Felix not available!
[2024-10-02 15:27:08.584] [main] [info] Pinging all valve stations   ...DONE!
[2024-10-02 15:27:08.584] [main] [info] Pinging Non-Existing Test Server...
[2024-10-02 15:27:11.656] [main] [info] Pinging Non-Existing Test Server OK!
[2024-10-02 15:27:11.656] [main] [info] Pinging Non-Existing Test Server   ...DONE!
[2024-10-02 15:27:11.656] [main] [info] Pinging Pump Server Mayson...
[2024-10-02 15:27:11.759] [main] [info] Pump Server ping OK!
[2024-10-02 15:27:11.759] [main] [info] Pinging Pump Server Mayson   ...DONE!
[2024-10-02 15:27:11.759] [main] [info] Pinging all valve stations...
[2024-10-02 15:27:20.972] [main] [error] Fatal: James not available!
[2024-10-02 15:27:20.972] [main] [error] Fatal: Lucas not available!
[2024-10-02 15:27:20.972] [main] [error] Fatal: Felix not available!
[2024-10-02 15:27:20.972] [main] [info] Pinging all valve stations   ...DONE!
[2024-10-02 15:27:20.972] [main] [info] Pinging Non-Existing Test Server...
[2024-10-02 15:27:24.040] [main] [info] Pinging Non-Existing Test Server OK!
[2024-10-02 15:27:24.040] [main] [info] Pinging Non-Existing Test Server   ...DONE!
[2024-10-02 15:27:24.040] [main] [info] Pinging Pump Server Mayson...
[2024-10-02 15:27:24.141] [main] [info] Pump Server ping OK!
[2024-10-02 15:27:24.141] [main] [info] Pinging Pump Server Mayson   ...DONE!
[2024-10-02 15:27:24.141] [main] [info] Pinging all valve stations...
[2024-10-02 15:27:33.352] [main] [error] Fatal: James not available!
[2024-10-02 15:27:33.352] [main] [error] Fatal: Lucas not available!
[2024-10-02 15:27:33.352] [main] [error] Fatal: Felix not available!
[2024-10-02 15:27:33.352] [main] [info] Pinging all valve stations   ...DONE!
[2024-10-02 15:27:33.352] [main] [info] Pinging Non-Existing Test Server...
[2024-10-02 15:27:36.424] [main] [info] Pinging Non-Existing Test Server OK!
[2024-10-02 15:27:36.424] [main] [info] Pinging Non-Existing Test Server   ...DONE!
[2024-10-02 15:27:36.424] [main] [info] Pinging Pump Server Mayson...
[2024-10-02 15:27:36.537] [main] [info] Pump Server ping OK!
[2024-10-02 15:27:36.537] [main] [info] Pinging Pump Server Mayson   ...DONE!
[2024-10-02 15:27:36.537] [main] [info] Pinging all valve stations...
[2024-10-02 15:27:45.736] [main] [error] Fatal: James not available!
[2024-10-02 15:27:45.736] [main] [error] Fatal: Lucas not available!
[2024-10-02 15:27:45.736] [main] [error] Fatal: Felix not available!
[2024-10-02 15:27:45.736] [main] [info] Pinging all valve stations   ...DONE!
[2024-10-02 15:27:45.736] [main] [info] Pinging Non-Existing Test Server...
[2024-10-02 15:27:48.808] [main] [info] Pinging Non-Existing Test Server OK!
[2024-10-02 15:27:48.808] [main] [info] Pinging Non-Existing Test Server   ...DONE!
[2024-10-02 15:27:48.808] [main] [info] Pinging Pump Server Mayson...
[2024-10-02 15:27:48.922] [main] [info] Pump Server ping OK!
[2024-10-02 15:27:48.922] [main] [info] Pinging Pump Server Mayson   ...DONE!
[2024-10-02 15:27:48.922] [main] [info] Pinging all valve stations...
[2024-10-02 15:27:58.120] [main] [error] Fatal: James not available!
[2024-10-02 15:27:58.120] [main] [error] Fatal: Lucas not available!
[2024-10-02 15:27:58.120] [main] [error] Fatal: Felix not available!
[2024-10-02 15:27:58.120] [main] [info] Pinging all valve stations   ...DONE!
[2024-10-02 15:27:58.120] [main] [info] Pinging Non-Existing Test Server...
[2024-10-02 15:28:01.192] [main] [info] Pinging Non-Existing Test Server OK!
[2024-10-02 15:28:01.192] [main] [info] Pinging Non-Existing Test Server   ...DONE!
[2024-10-02 15:28:01.192] [main] [info] Pinging Pump Server Mayson...
[2024-10-02 15:28:01.314] [main] [info] Pump Server ping OK!
[2024-10-02 15:28:01.314] [main] [info] Pinging Pump Server Mayson   ...DONE!
[2024-10-02 15:28:01.314] [main] [info] Pinging all valve stations...
[2024-10-02 15:28:10.536] [main] [error] Fatal: James not available!
[2024-10-02 15:28:10.536] [main] [error] Fatal: Lucas not available!
[2024-10-02 15:28:10.536] [main] [error] Fatal: Felix not available!
[2024-10-02 15:28:10.536] [main] [info] Pinging all valve stations   ...DONE!
[2024-10-02 15:28:10.536] [main] [info] Pinging Non-Existing Test Server...
[2024-10-02 15:28:13.608] [main] [info] Pinging Non-Existing Test Server OK!
[2024-10-02 15:28:13.608] [main] [info] Pinging Non-Existing Test Server   ...DONE!
[2024-10-02 15:28:13.608] [main] [info] Pinging Pump Server Mayson...
[2024-10-02 15:28:13.691] [main] [info] Pump Server ping OK!
[2024-10-02 15:28:13.691] [main] [info] Pinging Pump Server Mayson   ...DONE!
[2024-10-02 15:28:13.691] [main] [info] Pinging all valve stations...
[2024-10-02 15:28:22.888] [main] [error] Fatal: James not available!
[2024-10-02 15:28:22.888] [main] [error] Fatal: Lucas not available!
[2024-10-02 15:28:22.888] [main] [error] Fatal: Felix not available!
[2024-10-02 15:28:22.888] [main] [info] Pinging all valve stations   ...DONE!
[2024-10-02 15:28:22.888] [main] [info] Pinging Non-Existing Test Server...
[2024-10-02 15:28:25.960] [main] [info] Pinging Non-Existing Test Server OK!
[2024-10-02 15:28:25.960] [main] [info] Pinging Non-Existing Test Server   ...DONE!
[2024-10-02 15:28:25.960] [main] [info] Pinging Pump Server Mayson...
[2024-10-02 15:28:26.088] [main] [info] Pump Server ping OK!
[2024-10-02 15:28:26.088] [main] [info] Pinging Pump Server Mayson   ...DONE!
[2024-10-02 15:28:26.088] [main] [info] Pinging all valve stations...
[2024-10-02 15:28:35.304] [main] [error] Fatal: James not available!
[2024-10-02 15:28:35.304] [main] [error] Fatal: Lucas not available!
[2024-10-02 15:28:35.304] [main] [error] Fatal: Felix not available!
[2024-10-02 15:28:35.304] [main] [info] Pinging all valve stations   ...DONE!
[2024-10-02 15:28:35.304] [main] [info] Pinging Non-Existing Test Server...
[2024-10-02 15:28:38.376] [main] [info] Pinging Non-Existing Test Server OK!
[2024-10-02 15:28:38.376] [main] [info] Pinging Non-Existing Test Server   ...DONE!
[2024-10-02 15:28:38.860] [main] [info] Creating Landscape...
[2024-10-02 15:28:38.860] [main] [info] Creating Landscape...
[2024-10-02 15:28:38.860] [main] [info] Creating Felix...
[2024-10-02 15:28:38.860] [main] [info] Creating James...
[2024-10-02 15:28:38.860] [main] [info] Creating Lucas...
[2024-10-02 15:28:38.860] [main] [info] Fetching timestamp...
std::chrono::system_clock::now().time_since_epoch()   :   1727875718860264761
get_seconds_since_epoch_now(bool verbose /* true */)   :   1727875718
minutes since epoch   :   28797928
minute of day   :   808
minute of hour   :   28
hour of day   :   13
[2024-10-02 15:28:38.860] [main] [info] Checking timestamp.txt...
[2024-10-02 15:28:38.860] [main] [debug] The timestamp.txt is always written when watering is triggered. It is read to check if I was already done with watering some minutes ago.
previous time_stamp:   28797325
[2024-10-02 15:28:38.861] [main] [info] Checking timestamp.txt   ...DONE!
[2024-10-02 15:28:38.861] [main] [info] It's not time for watering now!
[2024-10-02 15:28:38.861] [main] [info] Minute Intraday:   808
[2024-10-02 15:28:38.861] [main] [info] Days since Epoch:   19998
[2024-10-02 15:28:38.861] [main] [info] Accumulated watering times:

Felix   :           Klee Feld  :      0.00 min
Felix   :          Eiben Klee  :      0.00 min
James   :              Erbsen  :      0.00 min
James   :          Kartoffeln  :      0.00 min
James   :              Gurken  :      0.00 min
James   :        Tomaten+Mara  :      0.00 min
Lucas   :      Bohnen-Flieder  :      0.00 min
Lucas   :        Heidelbeeren  :      0.00 min
Lucas   :            Karotten  :      0.00 min

%%%%%%%%%%     [4] Run the executable   ...DONE!
elapsed time:   248s
=====================================================================================================
