=====================================================================================================
%%%%%%%%%%     [4] Run the executable...
>Please note:  Even if all builds failed, the last built executable is still there and will be started!
> sudo -u mayadm ./ur-unix-run.sh
[2024-10-02 13:05:12.640] [main] [info] Pinging Pump Server Mayson...
[2024-10-02 13:05:12.748] [main] [info] Pump Server ping OK!
[2024-10-02 13:05:12.748] [main] [info] Pinging Pump Server Mayson   ...DONE!
[2024-10-02 13:05:12.748] [main] [info] Pinging all valve stations...
[2024-10-02 13:05:21.974] [main] [error] Fatal: James not available!
[2024-10-02 13:05:21.975] [main] [error] Fatal: Lucas not available!
[2024-10-02 13:05:21.975] [main] [error] Fatal: Felix not available!
[2024-10-02 13:05:21.975] [main] [info] Pinging all valve stations   ...DONE!
[2024-10-02 13:05:21.975] [main] [info] Pinging Non-Existing Test Server...
[2024-10-02 13:05:25.046] [main] [info] Pinging Non-Existing Test Server OK!
[2024-10-02 13:05:25.046] [main] [info] Pinging Non-Existing Test Server   ...DONE!
[2024-10-02 13:05:25.046] [main] [info] Pinging Pump Server Mayson...
[2024-10-02 13:05:25.140] [main] [info] Pump Server ping OK!
[2024-10-02 13:05:25.140] [main] [info] Pinging Pump Server Mayson   ...DONE!
[2024-10-02 13:05:25.140] [main] [info] Pinging all valve stations...
[2024-10-02 13:05:34.358] [main] [error] Fatal: James not available!
[2024-10-02 13:05:34.358] [main] [error] Fatal: Lucas not available!
[2024-10-02 13:05:34.358] [main] [error] Fatal: Felix not available!
[2024-10-02 13:05:34.358] [main] [info] Pinging all valve stations   ...DONE!
[2024-10-02 13:05:34.358] [main] [info] Pinging Non-Existing Test Server...
[2024-10-02 13:05:37.430] [main] [info] Pinging Non-Existing Test Server OK!
[2024-10-02 13:05:37.430] [main] [info] Pinging Non-Existing Test Server   ...DONE!
[2024-10-02 13:05:37.430] [main] [info] Pinging Pump Server Mayson...
[2024-10-02 13:05:37.630] [main] [info] Pump Server ping OK!
[2024-10-02 13:05:37.630] [main] [info] Pinging Pump Server Mayson   ...DONE!
[2024-10-02 13:05:37.630] [main] [info] Pinging all valve stations...
[2024-10-02 13:05:46.839] [main] [error] Fatal: James not available!
[2024-10-02 13:05:46.839] [main] [error] Fatal: Lucas not available!
[2024-10-02 13:05:46.839] [main] [error] Fatal: Felix not available!
[2024-10-02 13:05:46.839] [main] [info] Pinging all valve stations   ...DONE!
[2024-10-02 13:05:46.839] [main] [info] Pinging Non-Existing Test Server...
[2024-10-02 13:05:49.911] [main] [info] Pinging Non-Existing Test Server OK!
[2024-10-02 13:05:49.911] [main] [info] Pinging Non-Existing Test Server   ...DONE!
[2024-10-02 13:05:49.911] [main] [info] Pinging Pump Server Mayson...
[2024-10-02 13:05:50.013] [main] [info] Pump Server ping OK!
[2024-10-02 13:05:50.013] [main] [info] Pinging Pump Server Mayson   ...DONE!
[2024-10-02 13:05:50.013] [main] [info] Pinging all valve stations...
[2024-10-02 13:05:59.222] [main] [error] Fatal: James not available!
[2024-10-02 13:05:59.222] [main] [error] Fatal: Lucas not available!
[2024-10-02 13:05:59.222] [main] [error] Fatal: Felix not available!
[2024-10-02 13:05:59.222] [main] [info] Pinging all valve stations   ...DONE!
[2024-10-02 13:05:59.222] [main] [info] Pinging Non-Existing Test Server...
[2024-10-02 13:06:02.295] [main] [info] Pinging Non-Existing Test Server OK!
[2024-10-02 13:06:02.295] [main] [info] Pinging Non-Existing Test Server   ...DONE!
[2024-10-02 13:06:02.295] [main] [info] Pinging Pump Server Mayson...
[2024-10-02 13:06:02.409] [main] [info] Pump Server ping OK!
[2024-10-02 13:06:02.409] [main] [info] Pinging Pump Server Mayson   ...DONE!
[2024-10-02 13:06:02.409] [main] [info] Pinging all valve stations...
[2024-10-02 13:06:11.607] [main] [error] Fatal: James not available!
[2024-10-02 13:06:11.607] [main] [error] Fatal: Lucas not available!
[2024-10-02 13:06:11.607] [main] [error] Fatal: Felix not available!
[2024-10-02 13:06:11.607] [main] [info] Pinging all valve stations   ...DONE!
[2024-10-02 13:06:11.607] [main] [info] Pinging Non-Existing Test Server...
[2024-10-02 13:06:14.679] [main] [info] Pinging Non-Existing Test Server OK!
[2024-10-02 13:06:14.679] [main] [info] Pinging Non-Existing Test Server   ...DONE!
[2024-10-02 13:06:14.679] [main] [info] Pinging Pump Server Mayson...
[2024-10-02 13:06:14.793] [main] [info] Pump Server ping OK!
[2024-10-02 13:06:14.793] [main] [info] Pinging Pump Server Mayson   ...DONE!
[2024-10-02 13:06:14.793] [main] [info] Pinging all valve stations...
[2024-10-02 13:06:23.991] [main] [error] Fatal: James not available!
[2024-10-02 13:06:23.991] [main] [error] Fatal: Lucas not available!
[2024-10-02 13:06:23.991] [main] [error] Fatal: Felix not available!
[2024-10-02 13:06:23.991] [main] [info] Pinging all valve stations   ...DONE!
[2024-10-02 13:06:23.991] [main] [info] Pinging Non-Existing Test Server...
[2024-10-02 13:06:27.062] [main] [info] Pinging Non-Existing Test Server OK!
[2024-10-02 13:06:27.062] [main] [info] Pinging Non-Existing Test Server   ...DONE!
[2024-10-02 13:06:27.063] [main] [info] Pinging Pump Server Mayson...
[2024-10-02 13:06:27.084] [main] [info] Pump Server ping OK!
[2024-10-02 13:06:27.084] [main] [info] Pinging Pump Server Mayson   ...DONE!
[2024-10-02 13:06:27.084] [main] [info] Pinging all valve stations...
[2024-10-02 13:06:36.310] [main] [error] Fatal: James not available!
[2024-10-02 13:06:36.310] [main] [error] Fatal: Lucas not available!
[2024-10-02 13:06:36.310] [main] [error] Fatal: Felix not available!
[2024-10-02 13:06:36.310] [main] [info] Pinging all valve stations   ...DONE!
[2024-10-02 13:06:36.310] [main] [info] Pinging Non-Existing Test Server...
[2024-10-02 13:06:39.382] [main] [info] Pinging Non-Existing Test Server OK!
[2024-10-02 13:06:39.382] [main] [info] Pinging Non-Existing Test Server   ...DONE!
[2024-10-02 13:06:39.382] [main] [info] Pinging Pump Server Mayson...
[2024-10-02 13:06:39.472] [main] [info] Pump Server ping OK!
[2024-10-02 13:06:39.472] [main] [info] Pinging Pump Server Mayson   ...DONE!
[2024-10-02 13:06:39.472] [main] [info] Pinging all valve stations...
[2024-10-02 13:06:48.694] [main] [error] Fatal: James not available!
[2024-10-02 13:06:48.694] [main] [error] Fatal: Lucas not available!
[2024-10-02 13:06:48.694] [main] [error] Fatal: Felix not available!
[2024-10-02 13:06:48.694] [main] [info] Pinging all valve stations   ...DONE!
[2024-10-02 13:06:48.694] [main] [info] Pinging Non-Existing Test Server...
[2024-10-02 13:06:51.766] [main] [info] Pinging Non-Existing Test Server OK!
[2024-10-02 13:06:51.766] [main] [info] Pinging Non-Existing Test Server   ...DONE!
[2024-10-02 13:06:51.766] [main] [info] Pinging Pump Server Mayson...
[2024-10-02 13:06:51.871] [main] [info] Pump Server ping OK!
[2024-10-02 13:06:51.871] [main] [info] Pinging Pump Server Mayson   ...DONE!
[2024-10-02 13:06:51.871] [main] [info] Pinging all valve stations...
[2024-10-02 13:07:01.078] [main] [error] Fatal: James not available!
[2024-10-02 13:07:01.078] [main] [error] Fatal: Lucas not available!
[2024-10-02 13:07:01.078] [main] [error] Fatal: Felix not available!
[2024-10-02 13:07:01.078] [main] [info] Pinging all valve stations   ...DONE!
[2024-10-02 13:07:01.078] [main] [info] Pinging Non-Existing Test Server...
[2024-10-02 13:07:04.150] [main] [info] Pinging Non-Existing Test Server OK!
[2024-10-02 13:07:04.150] [main] [info] Pinging Non-Existing Test Server   ...DONE!
[2024-10-02 13:07:04.150] [main] [info] Pinging Pump Server Mayson...
[2024-10-02 13:07:04.266] [main] [info] Pump Server ping OK!
[2024-10-02 13:07:04.266] [main] [info] Pinging Pump Server Mayson   ...DONE!
[2024-10-02 13:07:04.266] [main] [info] Pinging all valve stations...
[2024-10-02 13:07:13.462] [main] [error] Fatal: James not available!
[2024-10-02 13:07:13.462] [main] [error] Fatal: Lucas not available!
[2024-10-02 13:07:13.462] [main] [error] Fatal: Felix not available!
[2024-10-02 13:07:13.462] [main] [info] Pinging all valve stations   ...DONE!
[2024-10-02 13:07:13.462] [main] [info] Pinging Non-Existing Test Server...
[2024-10-02 13:07:16.534] [main] [info] Pinging Non-Existing Test Server OK!
[2024-10-02 13:07:16.534] [main] [info] Pinging Non-Existing Test Server   ...DONE!
[2024-10-02 13:07:16.534] [main] [info] Pinging Pump Server Mayson...
[2024-10-02 13:07:16.648] [main] [info] Pump Server ping OK!
[2024-10-02 13:07:16.648] [main] [info] Pinging Pump Server Mayson   ...DONE!
[2024-10-02 13:07:16.648] [main] [info] Pinging all valve stations...
[2024-10-02 13:07:25.846] [main] [error] Fatal: James not available!
[2024-10-02 13:07:25.846] [main] [error] Fatal: Lucas not available!
[2024-10-02 13:07:25.846] [main] [error] Fatal: Felix not available!
[2024-10-02 13:07:25.846] [main] [info] Pinging all valve stations   ...DONE!
[2024-10-02 13:07:25.846] [main] [info] Pinging Non-Existing Test Server...
[2024-10-02 13:07:28.918] [main] [info] Pinging Non-Existing Test Server OK!
[2024-10-02 13:07:28.918] [main] [info] Pinging Non-Existing Test Server   ...DONE!
[2024-10-02 13:07:28.918] [main] [info] Pinging Pump Server Mayson...
[2024-10-02 13:07:29.042] [main] [info] Pump Server ping OK!
[2024-10-02 13:07:29.042] [main] [info] Pinging Pump Server Mayson   ...DONE!
[2024-10-02 13:07:29.042] [main] [info] Pinging all valve stations...
[2024-10-02 13:07:38.262] [main] [error] Fatal: James not available!
[2024-10-02 13:07:38.262] [main] [error] Fatal: Lucas not available!
[2024-10-02 13:07:38.262] [main] [error] Fatal: Felix not available!
[2024-10-02 13:07:38.262] [main] [info] Pinging all valve stations   ...DONE!
[2024-10-02 13:07:38.262] [main] [info] Pinging Non-Existing Test Server...
[2024-10-02 13:07:41.334] [main] [info] Pinging Non-Existing Test Server OK!
[2024-10-02 13:07:41.334] [main] [info] Pinging Non-Existing Test Server   ...DONE!
[2024-10-02 13:07:41.334] [main] [info] Pinging Pump Server Mayson...
[2024-10-02 13:07:41.520] [main] [info] Pump Server ping OK!
[2024-10-02 13:07:41.520] [main] [info] Pinging Pump Server Mayson   ...DONE!
[2024-10-02 13:07:41.520] [main] [info] Pinging all valve stations...
[2024-10-02 13:07:50.743] [main] [error] Fatal: James not available!
[2024-10-02 13:07:50.743] [main] [error] Fatal: Lucas not available!
[2024-10-02 13:07:50.743] [main] [error] Fatal: Felix not available!
[2024-10-02 13:07:50.743] [main] [info] Pinging all valve stations   ...DONE!
[2024-10-02 13:07:50.743] [main] [info] Pinging Non-Existing Test Server...
[2024-10-02 13:07:53.814] [main] [info] Pinging Non-Existing Test Server OK!
[2024-10-02 13:07:53.814] [main] [info] Pinging Non-Existing Test Server   ...DONE!
[2024-10-02 13:07:53.814] [main] [info] Pinging Pump Server Mayson...
[2024-10-02 13:07:53.917] [main] [info] Pump Server ping OK!
[2024-10-02 13:07:53.917] [main] [info] Pinging Pump Server Mayson   ...DONE!
[2024-10-02 13:07:53.917] [main] [info] Pinging all valve stations...
[2024-10-02 13:08:03.126] [main] [error] Fatal: James not available!
[2024-10-02 13:08:03.126] [main] [error] Fatal: Lucas not available!
[2024-10-02 13:08:03.126] [main] [error] Fatal: Felix not available!
[2024-10-02 13:08:03.126] [main] [info] Pinging all valve stations   ...DONE!
[2024-10-02 13:08:03.126] [main] [info] Pinging Non-Existing Test Server...
[2024-10-02 13:08:06.198] [main] [info] Pinging Non-Existing Test Server OK!
[2024-10-02 13:08:06.198] [main] [info] Pinging Non-Existing Test Server   ...DONE!
[2024-10-02 13:08:06.198] [main] [info] Pinging Pump Server Mayson...
[2024-10-02 13:08:06.301] [main] [info] Pump Server ping OK!
[2024-10-02 13:08:06.301] [main] [info] Pinging Pump Server Mayson   ...DONE!
[2024-10-02 13:08:06.301] [main] [info] Pinging all valve stations...
[2024-10-02 13:08:15.510] [main] [error] Fatal: James not available!
[2024-10-02 13:08:15.510] [main] [error] Fatal: Lucas not available!
[2024-10-02 13:08:15.510] [main] [error] Fatal: Felix not available!
[2024-10-02 13:08:15.510] [main] [info] Pinging all valve stations   ...DONE!
[2024-10-02 13:08:15.510] [main] [info] Pinging Non-Existing Test Server...
[2024-10-02 13:08:18.583] [main] [info] Pinging Non-Existing Test Server OK!
[2024-10-02 13:08:18.583] [main] [info] Pinging Non-Existing Test Server   ...DONE!
[2024-10-02 13:08:18.583] [main] [info] Pinging Pump Server Mayson...
[2024-10-02 13:08:18.683] [main] [info] Pump Server ping OK!
[2024-10-02 13:08:18.683] [main] [info] Pinging Pump Server Mayson   ...DONE!
[2024-10-02 13:08:18.683] [main] [info] Pinging all valve stations...
[2024-10-02 13:08:27.894] [main] [error] Fatal: James not available!
[2024-10-02 13:08:27.894] [main] [error] Fatal: Lucas not available!
[2024-10-02 13:08:27.894] [main] [error] Fatal: Felix not available!
[2024-10-02 13:08:27.894] [main] [info] Pinging all valve stations   ...DONE!
[2024-10-02 13:08:27.895] [main] [info] Pinging Non-Existing Test Server...
[2024-10-02 13:08:30.966] [main] [info] Pinging Non-Existing Test Server OK!
[2024-10-02 13:08:30.967] [main] [info] Pinging Non-Existing Test Server   ...DONE!
[2024-10-02 13:08:30.967] [main] [info] Pinging Pump Server Mayson...
[2024-10-02 13:08:31.078] [main] [info] Pump Server ping OK!
[2024-10-02 13:08:31.078] [main] [info] Pinging Pump Server Mayson   ...DONE!
[2024-10-02 13:08:31.078] [main] [info] Pinging all valve stations...
[2024-10-02 13:08:40.278] [main] [error] Fatal: James not available!
[2024-10-02 13:08:40.278] [main] [error] Fatal: Lucas not available!
[2024-10-02 13:08:40.278] [main] [error] Fatal: Felix not available!
[2024-10-02 13:08:40.278] [main] [info] Pinging all valve stations   ...DONE!
[2024-10-02 13:08:40.278] [main] [info] Pinging Non-Existing Test Server...
[2024-10-02 13:08:43.350] [main] [info] Pinging Non-Existing Test Server OK!
[2024-10-02 13:08:43.350] [main] [info] Pinging Non-Existing Test Server   ...DONE!
[2024-10-02 13:08:43.350] [main] [info] Pinging Pump Server Mayson...
[2024-10-02 13:08:43.400] [main] [info] Pump Server ping OK!
[2024-10-02 13:08:43.400] [main] [info] Pinging Pump Server Mayson   ...DONE!
[2024-10-02 13:08:43.400] [main] [info] Pinging all valve stations...
[2024-10-02 13:08:52.598] [main] [error] Fatal: James not available!
[2024-10-02 13:08:52.598] [main] [error] Fatal: Lucas not available!
[2024-10-02 13:08:52.599] [main] [error] Fatal: Felix not available!
[2024-10-02 13:08:52.599] [main] [info] Pinging all valve stations   ...DONE!
[2024-10-02 13:08:52.599] [main] [info] Pinging Non-Existing Test Server...
[2024-10-02 13:08:55.670] [main] [info] Pinging Non-Existing Test Server OK!
[2024-10-02 13:08:55.670] [main] [info] Pinging Non-Existing Test Server   ...DONE!
[2024-10-02 13:08:55.670] [main] [info] Pinging Pump Server Mayson...
[2024-10-02 13:08:55.799] [main] [info] Pump Server ping OK!
[2024-10-02 13:08:55.799] [main] [info] Pinging Pump Server Mayson   ...DONE!
[2024-10-02 13:08:55.799] [main] [info] Pinging all valve stations...
[2024-10-02 13:09:05.014] [main] [error] Fatal: James not available!
[2024-10-02 13:09:05.014] [main] [error] Fatal: Lucas not available!
[2024-10-02 13:09:05.014] [main] [error] Fatal: Felix not available!
[2024-10-02 13:09:05.014] [main] [info] Pinging all valve stations   ...DONE!
[2024-10-02 13:09:05.014] [main] [info] Pinging Non-Existing Test Server...
[2024-10-02 13:09:08.086] [main] [info] Pinging Non-Existing Test Server OK!
[2024-10-02 13:09:08.087] [main] [info] Pinging Non-Existing Test Server   ...DONE!
[2024-10-02 13:09:08.087] [main] [info] Pinging Pump Server Mayson...
[2024-10-02 13:09:08.183] [main] [info] Pump Server ping OK!
[2024-10-02 13:09:08.183] [main] [info] Pinging Pump Server Mayson   ...DONE!
[2024-10-02 13:09:08.183] [main] [info] Pinging all valve stations...
[2024-10-02 13:09:17.398] [main] [error] Fatal: James not available!
[2024-10-02 13:09:17.398] [main] [error] Fatal: Lucas not available!
[2024-10-02 13:09:17.398] [main] [error] Fatal: Felix not available!
[2024-10-02 13:09:17.398] [main] [info] Pinging all valve stations   ...DONE!
[2024-10-02 13:09:17.398] [main] [info] Pinging Non-Existing Test Server...
[2024-10-02 13:09:20.470] [main] [info] Pinging Non-Existing Test Server OK!
[2024-10-02 13:09:20.470] [main] [info] Pinging Non-Existing Test Server   ...DONE!
[2024-10-02 13:09:20.960] [main] [info] Creating Landscape...
[2024-10-02 13:09:20.960] [main] [info] Creating Landscape...
[2024-10-02 13:09:20.960] [main] [info] Creating Felix...
[2024-10-02 13:09:20.960] [main] [info] Creating James...
[2024-10-02 13:09:20.960] [main] [info] Creating Lucas...
[2024-10-02 13:09:20.960] [main] [info] Fetching timestamp...
std::chrono::system_clock::now().time_since_epoch()   :   1727867360960279038
get_seconds_since_epoch_now(bool verbose /* true */)   :   1727867360
minutes since epoch   :   28797789
minute of day   :   669
minute of hour   :   9
hour of day   :   11
[2024-10-02 13:09:20.960] [main] [info] Checking timestamp.txt...
[2024-10-02 13:09:20.960] [main] [debug] The timestamp.txt is always written when watering is triggered. It is read to check if I was already done with watering some minutes ago.
previous time_stamp:   28797325
[2024-10-02 13:09:20.960] [main] [info] Checking timestamp.txt   ...DONE!
[2024-10-02 13:09:20.960] [main] [info] It's not time for watering now!
[2024-10-02 13:09:20.960] [main] [info] Minute Intraday:   669
[2024-10-02 13:09:20.960] [main] [info] Days since Epoch:   19998
[2024-10-02 13:09:20.961] [main] [info] Accumulated watering times:

Felix   :           Klee Feld  :      0.00 min
Felix   :          Eiben Klee  :      0.00 min
James   :              Erbsen  :      0.00 min
James   :          Kartoffeln  :      0.00 min
James   :              Gurken  :      0.00 min
James   :        Tomaten+Mara  :      0.00 min
Lucas   :      Bohnen-Flieder  :      0.00 min
Lucas   :        Heidelbeeren  :      0.00 min
Lucas   :            Karotten  :      0.00 min

%%%%%%%%%%     [4] Run the executable   ...DONE!
elapsed time:   248s
=====================================================================================================
