=====================================================================================================
%%%%%%%%%%     [6] Uploading logs and go sleeping...
> sudo -u mayadm git checkout artifacts
Bereits auf 'artifacts'
D	maya/artifacts/logs/15997--2024-10-02--16h09---7.log
D	maya/artifacts/logs/15998--2024-10-02--16h55---1.log
D	maya/artifacts/logs/15998--2024-10-02--16h55---2.log
D	maya/artifacts/logs/15998--2024-10-02--16h55---3.log
D	maya/artifacts/logs/15998--2024-10-02--16h55---4.log
D	maya/artifacts/logs/15998--2024-10-02--16h55---5.log
D	maya/artifacts/logs/15998--2024-10-02--16h55---6.log
Ihr Branch ist auf demselben Stand wie 'origin/artifacts'.
> sudo -u mayadm git pull
Bereits aktuell.
> sudo -u mayadm git merge maya-productive
Bereits aktuell.
> sudo -u mayadm git add "../artifacts/logs/*.log" -f
> sudo -u mayadm git add -u
> sudo -u mayadm git commit -m "logs at 2024-10-02--17h42"
[artifacts b7672d6af] logs at 2024-10-02--17h42
 8 files changed, 301 insertions(+), 301 deletions(-)
 delete mode 100644 maya/artifacts/logs/15998--2024-10-02--16h55---4.log
 rename maya/artifacts/logs/{15997--2024-10-02--16h09---7.log => 15998--2024-10-02--16h55---7.log} (61%)
 rename maya/artifacts/logs/{15998--2024-10-02--16h55---1.log => 15999--2024-10-02--17h42---1.log} (90%)
 rename maya/artifacts/logs/{15998--2024-10-02--16h55---2.log => 15999--2024-10-02--17h42---2.log} (100%)
 rename maya/artifacts/logs/{15998--2024-10-02--16h55---3.log => 15999--2024-10-02--17h42---3.log} (93%)
 create mode 100644 maya/artifacts/logs/15999--2024-10-02--17h42---4.log
 rename maya/artifacts/logs/{15998--2024-10-02--16h55---5.log => 15999--2024-10-02--17h42---5.log} (77%)
 rename maya/artifacts/logs/{15998--2024-10-02--16h55---6.log => 15999--2024-10-02--17h42---6.log} (100%)
> sudo -u mayadm git push
To https://github.com/Necktschnagge/wired-watering
   5382c26c4..b7672d6af  artifacts -> artifacts
> sudo -u mayadm git checkout maya-productive
Zu Zweig »maya-productive« gewechselt
Ihr Branch ist auf demselben Stand wie 'origin/maya-productive'.
> sudo -u mayadm git push
Everything up-to-date
##############################################################
###################                        ###################
###################     GOING TO SLEEP     ###################
###################                        ###################
##############################################################
#######                                                #######
#######   Press CTRL + C NOW to abort script safely!   #######
#######                                                #######
##############################################################
##############################################################
#######                                                #######
#######               NOW GOING TO SLEEP               #######
#######                                                #######
##############################################################
> rtcwake -m mem -s 2400
rtcwake: RTC wird als UTC interpretiert …
rtcwake: aufwachen von „mem“ durch /dev/rtc0 bei Wed Oct  2 16:28:20 2024
##############################################################
#######                                                #######
#######            just waked up from sleep            #######
#######                                                #######
##############################################################
%%%%%%%%%%     [6] Uploading logs and go sleeping   ...DONE!
elapsed time:   2420s
=====================================================================================================
