=====================================================================================================
%%%%%%%%%%     [4] Run the executable...
>Please note:  Even if all builds failed, the last built executable is still there and will be started!
> sudo -u mayadm ./ur-unix-run.sh
[2024-10-02 22:22:12.597] [main] [info] Pinging Pump Server Mayson...
[2024-10-02 22:22:12.647] [main] [info] Pump Server ping OK!
[2024-10-02 22:22:12.647] [main] [info] Pinging Pump Server Mayson   ...DONE!
[2024-10-02 22:22:12.647] [main] [info] Pinging all valve stations...
[2024-10-02 22:22:21.862] [main] [error] Fatal: James not available!
[2024-10-02 22:22:21.862] [main] [error] Fatal: Lucas not available!
[2024-10-02 22:22:21.862] [main] [error] Fatal: Felix not available!
[2024-10-02 22:22:21.862] [main] [info] Pinging all valve stations   ...DONE!
[2024-10-02 22:22:21.862] [main] [info] Pinging Non-Existing Test Server...
[2024-10-02 22:22:24.935] [main] [info] Pinging Non-Existing Test Server OK!
[2024-10-02 22:22:24.935] [main] [info] Pinging Non-Existing Test Server   ...DONE!
[2024-10-02 22:22:24.935] [main] [info] Pinging Pump Server Mayson...
[2024-10-02 22:22:25.042] [main] [info] Pump Server ping OK!
[2024-10-02 22:22:25.042] [main] [info] Pinging Pump Server Mayson   ...DONE!
[2024-10-02 22:22:25.042] [main] [info] Pinging all valve stations...
[2024-10-02 22:22:34.246] [main] [error] Fatal: James not available!
[2024-10-02 22:22:34.247] [main] [error] Fatal: Lucas not available!
[2024-10-02 22:22:34.247] [main] [error] Fatal: Felix not available!
[2024-10-02 22:22:34.247] [main] [info] Pinging all valve stations   ...DONE!
[2024-10-02 22:22:34.247] [main] [info] Pinging Non-Existing Test Server...
[2024-10-02 22:22:37.318] [main] [info] Pinging Non-Existing Test Server OK!
[2024-10-02 22:22:37.318] [main] [info] Pinging Non-Existing Test Server   ...DONE!
[2024-10-02 22:22:37.318] [main] [info] Pinging Pump Server Mayson...
[2024-10-02 22:22:37.352] [main] [info] Pump Server ping OK!
[2024-10-02 22:22:37.352] [main] [info] Pinging Pump Server Mayson   ...DONE!
[2024-10-02 22:22:37.352] [main] [info] Pinging all valve stations...
[2024-10-02 22:22:46.567] [main] [error] Fatal: James not available!
[2024-10-02 22:22:46.567] [main] [error] Fatal: Lucas not available!
[2024-10-02 22:22:46.567] [main] [error] Fatal: Felix not available!
[2024-10-02 22:22:46.567] [main] [info] Pinging all valve stations   ...DONE!
[2024-10-02 22:22:46.567] [main] [info] Pinging Non-Existing Test Server...
[2024-10-02 22:22:49.639] [main] [info] Pinging Non-Existing Test Server OK!
[2024-10-02 22:22:49.639] [main] [info] Pinging Non-Existing Test Server   ...DONE!
[2024-10-02 22:22:49.639] [main] [info] Pinging Pump Server Mayson...
[2024-10-02 22:22:49.751] [main] [info] Pump Server ping OK!
[2024-10-02 22:22:49.751] [main] [info] Pinging Pump Server Mayson   ...DONE!
[2024-10-02 22:22:49.751] [main] [info] Pinging all valve stations...
[2024-10-02 22:22:58.951] [main] [error] Fatal: James not available!
[2024-10-02 22:22:58.951] [main] [error] Fatal: Lucas not available!
[2024-10-02 22:22:58.951] [main] [error] Fatal: Felix not available!
[2024-10-02 22:22:58.951] [main] [info] Pinging all valve stations   ...DONE!
[2024-10-02 22:22:58.951] [main] [info] Pinging Non-Existing Test Server...
[2024-10-02 22:23:02.023] [main] [info] Pinging Non-Existing Test Server OK!
[2024-10-02 22:23:02.023] [main] [info] Pinging Non-Existing Test Server   ...DONE!
[2024-10-02 22:23:02.023] [main] [info] Pinging Pump Server Mayson...
[2024-10-02 22:23:02.147] [main] [info] Pump Server ping OK!
[2024-10-02 22:23:02.147] [main] [info] Pinging Pump Server Mayson   ...DONE!
[2024-10-02 22:23:02.147] [main] [info] Pinging all valve stations...
[2024-10-02 22:23:11.367] [main] [error] Fatal: James not available!
[2024-10-02 22:23:11.367] [main] [error] Fatal: Lucas not available!
[2024-10-02 22:23:11.367] [main] [error] Fatal: Felix not available!
[2024-10-02 22:23:11.367] [main] [info] Pinging all valve stations   ...DONE!
[2024-10-02 22:23:11.367] [main] [info] Pinging Non-Existing Test Server...
[2024-10-02 22:23:14.439] [main] [info] Pinging Non-Existing Test Server OK!
[2024-10-02 22:23:14.439] [main] [info] Pinging Non-Existing Test Server   ...DONE!
[2024-10-02 22:23:14.439] [main] [info] Pinging Pump Server Mayson...
[2024-10-02 22:23:14.545] [main] [info] Pump Server ping OK!
[2024-10-02 22:23:14.545] [main] [info] Pinging Pump Server Mayson   ...DONE!
[2024-10-02 22:23:14.545] [main] [info] Pinging all valve stations...
[2024-10-02 22:23:23.751] [main] [error] Fatal: James not available!
[2024-10-02 22:23:23.751] [main] [error] Fatal: Lucas not available!
[2024-10-02 22:23:23.751] [main] [error] Fatal: Felix not available!
[2024-10-02 22:23:23.751] [main] [info] Pinging all valve stations   ...DONE!
[2024-10-02 22:23:23.751] [main] [info] Pinging Non-Existing Test Server...
[2024-10-02 22:23:26.827] [main] [info] Pinging Non-Existing Test Server OK!
[2024-10-02 22:23:26.827] [main] [info] Pinging Non-Existing Test Server   ...DONE!
[2024-10-02 22:23:26.827] [main] [info] Pinging Pump Server Mayson...
[2024-10-02 22:23:26.937] [main] [info] Pump Server ping OK!
[2024-10-02 22:23:26.937] [main] [info] Pinging Pump Server Mayson   ...DONE!
[2024-10-02 22:23:26.937] [main] [info] Pinging all valve stations...
[2024-10-02 22:23:36.135] [main] [error] Fatal: James not available!
[2024-10-02 22:23:36.135] [main] [error] Fatal: Lucas not available!
[2024-10-02 22:23:36.135] [main] [error] Fatal: Felix not available!
[2024-10-02 22:23:36.135] [main] [info] Pinging all valve stations   ...DONE!
[2024-10-02 22:23:36.135] [main] [info] Pinging Non-Existing Test Server...
[2024-10-02 22:23:39.207] [main] [info] Pinging Non-Existing Test Server OK!
[2024-10-02 22:23:39.207] [main] [info] Pinging Non-Existing Test Server   ...DONE!
[2024-10-02 22:23:39.207] [main] [info] Pinging Pump Server Mayson...
[2024-10-02 22:23:39.325] [main] [info] Pump Server ping OK!
[2024-10-02 22:23:39.325] [main] [info] Pinging Pump Server Mayson   ...DONE!
[2024-10-02 22:23:39.325] [main] [info] Pinging all valve stations...
[2024-10-02 22:23:48.551] [main] [error] Fatal: James not available!
[2024-10-02 22:23:48.551] [main] [error] Fatal: Lucas not available!
[2024-10-02 22:23:48.551] [main] [error] Fatal: Felix not available!
[2024-10-02 22:23:48.551] [main] [info] Pinging all valve stations   ...DONE!
[2024-10-02 22:23:48.551] [main] [info] Pinging Non-Existing Test Server...
[2024-10-02 22:23:51.622] [main] [info] Pinging Non-Existing Test Server OK!
[2024-10-02 22:23:51.622] [main] [info] Pinging Non-Existing Test Server   ...DONE!
[2024-10-02 22:23:51.622] [main] [info] Pinging Pump Server Mayson...
[2024-10-02 22:23:51.816] [main] [info] Pump Server ping OK!
[2024-10-02 22:23:51.816] [main] [info] Pinging Pump Server Mayson   ...DONE!
[2024-10-02 22:23:51.816] [main] [info] Pinging all valve stations...
[2024-10-02 22:24:01.031] [main] [error] Fatal: James not available!
[2024-10-02 22:24:01.031] [main] [error] Fatal: Lucas not available!
[2024-10-02 22:24:01.031] [main] [error] Fatal: Felix not available!
[2024-10-02 22:24:01.031] [main] [info] Pinging all valve stations   ...DONE!
[2024-10-02 22:24:01.031] [main] [info] Pinging Non-Existing Test Server...
[2024-10-02 22:24:04.103] [main] [info] Pinging Non-Existing Test Server OK!
[2024-10-02 22:24:04.103] [main] [info] Pinging Non-Existing Test Server   ...DONE!
[2024-10-02 22:24:04.103] [main] [info] Pinging Pump Server Mayson...
[2024-10-02 22:24:04.197] [main] [info] Pump Server ping OK!
[2024-10-02 22:24:04.197] [main] [info] Pinging Pump Server Mayson   ...DONE!
[2024-10-02 22:24:04.197] [main] [info] Pinging all valve stations...
[2024-10-02 22:24:13.415] [main] [error] Fatal: James not available!
[2024-10-02 22:24:13.415] [main] [error] Fatal: Lucas not available!
[2024-10-02 22:24:13.415] [main] [error] Fatal: Felix not available!
[2024-10-02 22:24:13.415] [main] [info] Pinging all valve stations   ...DONE!
[2024-10-02 22:24:13.415] [main] [info] Pinging Non-Existing Test Server...
[2024-10-02 22:24:16.487] [main] [info] Pinging Non-Existing Test Server OK!
[2024-10-02 22:24:16.487] [main] [info] Pinging Non-Existing Test Server   ...DONE!
[2024-10-02 22:24:16.487] [main] [info] Pinging Pump Server Mayson...
[2024-10-02 22:24:16.603] [main] [info] Pump Server ping OK!
[2024-10-02 22:24:16.603] [main] [info] Pinging Pump Server Mayson   ...DONE!
[2024-10-02 22:24:16.603] [main] [info] Pinging all valve stations...
[2024-10-02 22:24:25.831] [main] [error] Fatal: James not available!
[2024-10-02 22:24:25.831] [main] [error] Fatal: Lucas not available!
[2024-10-02 22:24:25.831] [main] [error] Fatal: Felix not available!
[2024-10-02 22:24:25.831] [main] [info] Pinging all valve stations   ...DONE!
[2024-10-02 22:24:25.831] [main] [info] Pinging Non-Existing Test Server...
[2024-10-02 22:24:28.903] [main] [info] Pinging Non-Existing Test Server OK!
[2024-10-02 22:24:28.903] [main] [info] Pinging Non-Existing Test Server   ...DONE!
[2024-10-02 22:24:28.903] [main] [info] Pinging Pump Server Mayson...
[2024-10-02 22:24:28.983] [main] [info] Pump Server ping OK!
[2024-10-02 22:24:28.983] [main] [info] Pinging Pump Server Mayson   ...DONE!
[2024-10-02 22:24:28.983] [main] [info] Pinging all valve stations...
[2024-10-02 22:24:38.183] [main] [error] Fatal: James not available!
[2024-10-02 22:24:38.183] [main] [error] Fatal: Lucas not available!
[2024-10-02 22:24:38.183] [main] [error] Fatal: Felix not available!
[2024-10-02 22:24:38.183] [main] [info] Pinging all valve stations   ...DONE!
[2024-10-02 22:24:38.183] [main] [info] Pinging Non-Existing Test Server...
[2024-10-02 22:24:41.255] [main] [info] Pinging Non-Existing Test Server OK!
[2024-10-02 22:24:41.255] [main] [info] Pinging Non-Existing Test Server   ...DONE!
[2024-10-02 22:24:41.255] [main] [info] Pinging Pump Server Mayson...
[2024-10-02 22:24:41.365] [main] [info] Pump Server ping OK!
[2024-10-02 22:24:41.365] [main] [info] Pinging Pump Server Mayson   ...DONE!
[2024-10-02 22:24:41.365] [main] [info] Pinging all valve stations...
[2024-10-02 22:24:50.567] [main] [error] Fatal: James not available!
[2024-10-02 22:24:50.567] [main] [error] Fatal: Lucas not available!
[2024-10-02 22:24:50.567] [main] [error] Fatal: Felix not available!
[2024-10-02 22:24:50.567] [main] [info] Pinging all valve stations   ...DONE!
[2024-10-02 22:24:50.567] [main] [info] Pinging Non-Existing Test Server...
[2024-10-02 22:24:53.639] [main] [info] Pinging Non-Existing Test Server OK!
[2024-10-02 22:24:53.639] [main] [info] Pinging Non-Existing Test Server   ...DONE!
[2024-10-02 22:24:53.639] [main] [info] Pinging Pump Server Mayson...
[2024-10-02 22:24:53.768] [main] [info] Pump Server ping OK!
[2024-10-02 22:24:53.768] [main] [info] Pinging Pump Server Mayson   ...DONE!
[2024-10-02 22:24:53.768] [main] [info] Pinging all valve stations...
[2024-10-02 22:25:02.983] [main] [error] Fatal: James not available!
[2024-10-02 22:25:02.983] [main] [error] Fatal: Lucas not available!
[2024-10-02 22:25:02.983] [main] [error] Fatal: Felix not available!
[2024-10-02 22:25:02.983] [main] [info] Pinging all valve stations   ...DONE!
[2024-10-02 22:25:02.983] [main] [info] Pinging Non-Existing Test Server...
[2024-10-02 22:25:06.055] [main] [info] Pinging Non-Existing Test Server OK!
[2024-10-02 22:25:06.055] [main] [info] Pinging Non-Existing Test Server   ...DONE!
[2024-10-02 22:25:06.055] [main] [info] Pinging Pump Server Mayson...
[2024-10-02 22:25:06.255] [main] [info] Pump Server ping OK!
[2024-10-02 22:25:06.255] [main] [info] Pinging Pump Server Mayson   ...DONE!
[2024-10-02 22:25:06.255] [main] [info] Pinging all valve stations...
[2024-10-02 22:25:15.463] [main] [error] Fatal: James not available!
[2024-10-02 22:25:15.463] [main] [error] Fatal: Lucas not available!
[2024-10-02 22:25:15.463] [main] [error] Fatal: Felix not available!
[2024-10-02 22:25:15.463] [main] [info] Pinging all valve stations   ...DONE!
[2024-10-02 22:25:15.463] [main] [info] Pinging Non-Existing Test Server...
[2024-10-02 22:25:18.535] [main] [info] Pinging Non-Existing Test Server OK!
[2024-10-02 22:25:18.535] [main] [info] Pinging Non-Existing Test Server   ...DONE!
[2024-10-02 22:25:18.535] [main] [info] Pinging Pump Server Mayson...
[2024-10-02 22:25:18.650] [main] [info] Pump Server ping OK!
[2024-10-02 22:25:18.651] [main] [info] Pinging Pump Server Mayson   ...DONE!
[2024-10-02 22:25:18.651] [main] [info] Pinging all valve stations...
[2024-10-02 22:25:27.879] [main] [error] Fatal: James not available!
[2024-10-02 22:25:27.879] [main] [error] Fatal: Lucas not available!
[2024-10-02 22:25:27.879] [main] [error] Fatal: Felix not available!
[2024-10-02 22:25:27.879] [main] [info] Pinging all valve stations   ...DONE!
[2024-10-02 22:25:27.879] [main] [info] Pinging Non-Existing Test Server...
[2024-10-02 22:25:30.951] [main] [info] Pinging Non-Existing Test Server OK!
[2024-10-02 22:25:30.951] [main] [info] Pinging Non-Existing Test Server   ...DONE!
[2024-10-02 22:25:30.951] [main] [info] Pinging Pump Server Mayson...
[2024-10-02 22:25:31.039] [main] [info] Pump Server ping OK!
[2024-10-02 22:25:31.039] [main] [info] Pinging Pump Server Mayson   ...DONE!
[2024-10-02 22:25:31.039] [main] [info] Pinging all valve stations...
[2024-10-02 22:25:40.263] [main] [error] Fatal: James not available!
[2024-10-02 22:25:40.263] [main] [error] Fatal: Lucas not available!
[2024-10-02 22:25:40.263] [main] [error] Fatal: Felix not available!
[2024-10-02 22:25:40.263] [main] [info] Pinging all valve stations   ...DONE!
[2024-10-02 22:25:40.263] [main] [info] Pinging Non-Existing Test Server...
[2024-10-02 22:25:43.335] [main] [info] Pinging Non-Existing Test Server OK!
[2024-10-02 22:25:43.335] [main] [info] Pinging Non-Existing Test Server   ...DONE!
[2024-10-02 22:25:43.335] [main] [info] Pinging Pump Server Mayson...
[2024-10-02 22:25:43.431] [main] [info] Pump Server ping OK!
[2024-10-02 22:25:43.431] [main] [info] Pinging Pump Server Mayson   ...DONE!
[2024-10-02 22:25:43.431] [main] [info] Pinging all valve stations...
[2024-10-02 22:25:52.647] [main] [error] Fatal: James not available!
[2024-10-02 22:25:52.647] [main] [error] Fatal: Lucas not available!
[2024-10-02 22:25:52.647] [main] [error] Fatal: Felix not available!
[2024-10-02 22:25:52.647] [main] [info] Pinging all valve stations   ...DONE!
[2024-10-02 22:25:52.647] [main] [info] Pinging Non-Existing Test Server...
[2024-10-02 22:25:55.719] [main] [info] Pinging Non-Existing Test Server OK!
[2024-10-02 22:25:55.719] [main] [info] Pinging Non-Existing Test Server   ...DONE!
[2024-10-02 22:25:55.719] [main] [info] Pinging Pump Server Mayson...
[2024-10-02 22:25:55.922] [main] [info] Pump Server ping OK!
[2024-10-02 22:25:55.922] [main] [info] Pinging Pump Server Mayson   ...DONE!
[2024-10-02 22:25:55.922] [main] [info] Pinging all valve stations...
[2024-10-02 22:26:05.127] [main] [error] Fatal: James not available!
[2024-10-02 22:26:05.127] [main] [error] Fatal: Lucas not available!
[2024-10-02 22:26:05.127] [main] [error] Fatal: Felix not available!
[2024-10-02 22:26:05.127] [main] [info] Pinging all valve stations   ...DONE!
[2024-10-02 22:26:05.127] [main] [info] Pinging Non-Existing Test Server...
[2024-10-02 22:26:08.199] [main] [info] Pinging Non-Existing Test Server OK!
[2024-10-02 22:26:08.199] [main] [info] Pinging Non-Existing Test Server   ...DONE!
[2024-10-02 22:26:08.199] [main] [info] Pinging Pump Server Mayson...
[2024-10-02 22:26:08.316] [main] [info] Pump Server ping OK!
[2024-10-02 22:26:08.316] [main] [info] Pinging Pump Server Mayson   ...DONE!
[2024-10-02 22:26:08.316] [main] [info] Pinging all valve stations...
[2024-10-02 22:26:17.543] [main] [error] Fatal: James not available!
[2024-10-02 22:26:17.543] [main] [error] Fatal: Lucas not available!
[2024-10-02 22:26:17.543] [main] [error] Fatal: Felix not available!
[2024-10-02 22:26:17.543] [main] [info] Pinging all valve stations   ...DONE!
[2024-10-02 22:26:17.543] [main] [info] Pinging Non-Existing Test Server...
[2024-10-02 22:26:20.615] [main] [info] Pinging Non-Existing Test Server OK!
[2024-10-02 22:26:20.615] [main] [info] Pinging Non-Existing Test Server   ...DONE!
[2024-10-02 22:26:21.068] [main] [info] Creating Landscape...
[2024-10-02 22:26:21.068] [main] [info] Creating Landscape...
[2024-10-02 22:26:21.068] [main] [info] Creating Felix...
[2024-10-02 22:26:21.068] [main] [info] Creating James...
[2024-10-02 22:26:21.068] [main] [info] Creating Lucas...
[2024-10-02 22:26:21.068] [main] [info] Fetching timestamp...
std::chrono::system_clock::now().time_since_epoch()   :   1727900781068248145
get_seconds_since_epoch_now(bool verbose /* true */)   :   1727900781
minutes since epoch   :   28798346
minute of day   :   1226
minute of hour   :   26
hour of day   :   20
[2024-10-02 22:26:21.068] [main] [info] Checking timestamp.txt...
[2024-10-02 22:26:21.068] [main] [debug] The timestamp.txt is always written when watering is triggered. It is read to check if I was already done with watering some minutes ago.
previous time_stamp:   28797325
[2024-10-02 22:26:21.068] [main] [info] Checking timestamp.txt   ...DONE!
[2024-10-02 22:26:21.068] [main] [info] It's not time for watering now!
[2024-10-02 22:26:21.068] [main] [info] Minute Intraday:   1226
[2024-10-02 22:26:21.068] [main] [info] Days since Epoch:   19998
[2024-10-02 22:26:21.068] [main] [info] Accumulated watering times:

Felix   :           Klee Feld  :      0.00 min
Felix   :          Eiben Klee  :      0.00 min
James   :              Erbsen  :      0.00 min
James   :          Kartoffeln  :      0.00 min
James   :              Gurken  :      0.00 min
James   :        Tomaten+Mara  :      0.00 min
Lucas   :      Bohnen-Flieder  :      0.00 min
Lucas   :        Heidelbeeren  :      0.00 min
Lucas   :            Karotten  :      0.00 min

%%%%%%%%%%     [4] Run the executable   ...DONE!
elapsed time:   249s
=====================================================================================================
