=====================================================================================================
%%%%%%%%%%     [4] Run the executable...
>Please note:  Even if all builds failed, the last built executable is still there and will be started!
> sudo -u mayadm ./ur-unix-run.sh
[2024-10-03 00:41:33.975] [main] [info] Pinging Pump Server Mayson...
[2024-10-03 00:41:34.088] [main] [info] Pump Server ping OK!
[2024-10-03 00:41:34.088] [main] [info] Pinging Pump Server Mayson   ...DONE!
[2024-10-03 00:41:34.088] [main] [info] Pinging all valve stations...
[2024-10-03 00:41:43.294] [main] [error] Fatal: James not available!
[2024-10-03 00:41:43.294] [main] [error] Fatal: Lucas not available!
[2024-10-03 00:41:43.294] [main] [error] Fatal: Felix not available!
[2024-10-03 00:41:43.294] [main] [info] Pinging all valve stations   ...DONE!
[2024-10-03 00:41:43.294] [main] [info] Pinging Non-Existing Test Server...
[2024-10-03 00:41:46.366] [main] [info] Pinging Non-Existing Test Server OK!
[2024-10-03 00:41:46.366] [main] [info] Pinging Non-Existing Test Server   ...DONE!
[2024-10-03 00:41:46.366] [main] [info] Pinging Pump Server Mayson...
[2024-10-03 00:41:46.447] [main] [info] Pump Server ping OK!
[2024-10-03 00:41:46.447] [main] [info] Pinging Pump Server Mayson   ...DONE!
[2024-10-03 00:41:46.447] [main] [info] Pinging all valve stations...
[2024-10-03 00:41:55.646] [main] [error] Fatal: James not available!
[2024-10-03 00:41:55.646] [main] [error] Fatal: Lucas not available!
[2024-10-03 00:41:55.646] [main] [error] Fatal: Felix not available!
[2024-10-03 00:41:55.646] [main] [info] Pinging all valve stations   ...DONE!
[2024-10-03 00:41:55.646] [main] [info] Pinging Non-Existing Test Server...
[2024-10-03 00:41:58.718] [main] [info] Pinging Non-Existing Test Server OK!
[2024-10-03 00:41:58.718] [main] [info] Pinging Non-Existing Test Server   ...DONE!
[2024-10-03 00:41:58.718] [main] [info] Pinging Pump Server Mayson...
[2024-10-03 00:41:58.830] [main] [info] Pump Server ping OK!
[2024-10-03 00:41:58.830] [main] [info] Pinging Pump Server Mayson   ...DONE!
[2024-10-03 00:41:58.830] [main] [info] Pinging all valve stations...
[2024-10-03 00:42:08.030] [main] [error] Fatal: James not available!
[2024-10-03 00:42:08.030] [main] [error] Fatal: Lucas not available!
[2024-10-03 00:42:08.030] [main] [error] Fatal: Felix not available!
[2024-10-03 00:42:08.030] [main] [info] Pinging all valve stations   ...DONE!
[2024-10-03 00:42:08.030] [main] [info] Pinging Non-Existing Test Server...
[2024-10-03 00:42:11.102] [main] [info] Pinging Non-Existing Test Server OK!
[2024-10-03 00:42:11.102] [main] [info] Pinging Non-Existing Test Server   ...DONE!
[2024-10-03 00:42:11.102] [main] [info] Pinging Pump Server Mayson...
[2024-10-03 00:42:11.219] [main] [info] Pump Server ping OK!
[2024-10-03 00:42:11.219] [main] [info] Pinging Pump Server Mayson   ...DONE!
[2024-10-03 00:42:11.219] [main] [info] Pinging all valve stations...
[2024-10-03 00:42:20.446] [main] [error] Fatal: James not available!
[2024-10-03 00:42:20.446] [main] [error] Fatal: Lucas not available!
[2024-10-03 00:42:20.446] [main] [error] Fatal: Felix not available!
[2024-10-03 00:42:20.446] [main] [info] Pinging all valve stations   ...DONE!
[2024-10-03 00:42:20.446] [main] [info] Pinging Non-Existing Test Server...
[2024-10-03 00:42:23.518] [main] [info] Pinging Non-Existing Test Server OK!
[2024-10-03 00:42:23.518] [main] [info] Pinging Non-Existing Test Server   ...DONE!
[2024-10-03 00:42:23.518] [main] [info] Pinging Pump Server Mayson...
[2024-10-03 00:42:23.565] [main] [info] Pump Server ping OK!
[2024-10-03 00:42:23.565] [main] [info] Pinging Pump Server Mayson   ...DONE!
[2024-10-03 00:42:23.565] [main] [info] Pinging all valve stations...
[2024-10-03 00:42:32.766] [main] [error] Fatal: James not available!
[2024-10-03 00:42:32.766] [main] [error] Fatal: Lucas not available!
[2024-10-03 00:42:32.766] [main] [error] Fatal: Felix not available!
[2024-10-03 00:42:32.766] [main] [info] Pinging all valve stations   ...DONE!
[2024-10-03 00:42:32.766] [main] [info] Pinging Non-Existing Test Server...
[2024-10-03 00:42:35.838] [main] [info] Pinging Non-Existing Test Server OK!
[2024-10-03 00:42:35.838] [main] [info] Pinging Non-Existing Test Server   ...DONE!
[2024-10-03 00:42:35.838] [main] [info] Pinging Pump Server Mayson...
[2024-10-03 00:42:35.952] [main] [info] Pump Server ping OK!
[2024-10-03 00:42:35.952] [main] [info] Pinging Pump Server Mayson   ...DONE!
[2024-10-03 00:42:35.952] [main] [info] Pinging all valve stations...
[2024-10-03 00:42:45.150] [main] [error] Fatal: James not available!
[2024-10-03 00:42:45.150] [main] [error] Fatal: Lucas not available!
[2024-10-03 00:42:45.150] [main] [error] Fatal: Felix not available!
[2024-10-03 00:42:45.150] [main] [info] Pinging all valve stations   ...DONE!
[2024-10-03 00:42:45.150] [main] [info] Pinging Non-Existing Test Server...
[2024-10-03 00:42:48.222] [main] [info] Pinging Non-Existing Test Server OK!
[2024-10-03 00:42:48.222] [main] [info] Pinging Non-Existing Test Server   ...DONE!
[2024-10-03 00:42:48.222] [main] [info] Pinging Pump Server Mayson...
[2024-10-03 00:42:48.349] [main] [info] Pump Server ping OK!
[2024-10-03 00:42:48.349] [main] [info] Pinging Pump Server Mayson   ...DONE!
[2024-10-03 00:42:48.349] [main] [info] Pinging all valve stations...
[2024-10-03 00:42:57.566] [main] [error] Fatal: James not available!
[2024-10-03 00:42:57.566] [main] [error] Fatal: Lucas not available!
[2024-10-03 00:42:57.566] [main] [error] Fatal: Felix not available!
[2024-10-03 00:42:57.566] [main] [info] Pinging all valve stations   ...DONE!
[2024-10-03 00:42:57.566] [main] [info] Pinging Non-Existing Test Server...
[2024-10-03 00:43:00.638] [main] [info] Pinging Non-Existing Test Server OK!
[2024-10-03 00:43:00.638] [main] [info] Pinging Non-Existing Test Server   ...DONE!
[2024-10-03 00:43:00.638] [main] [info] Pinging Pump Server Mayson...
[2024-10-03 00:43:00.736] [main] [info] Pump Server ping OK!
[2024-10-03 00:43:00.736] [main] [info] Pinging Pump Server Mayson   ...DONE!
[2024-10-03 00:43:00.736] [main] [info] Pinging all valve stations...
[2024-10-03 00:43:09.950] [main] [error] Fatal: James not available!
[2024-10-03 00:43:09.950] [main] [error] Fatal: Lucas not available!
[2024-10-03 00:43:09.950] [main] [error] Fatal: Felix not available!
[2024-10-03 00:43:09.950] [main] [info] Pinging all valve stations   ...DONE!
[2024-10-03 00:43:09.950] [main] [info] Pinging Non-Existing Test Server...
[2024-10-03 00:43:13.022] [main] [info] Pinging Non-Existing Test Server OK!
[2024-10-03 00:43:13.022] [main] [info] Pinging Non-Existing Test Server   ...DONE!
[2024-10-03 00:43:13.022] [main] [info] Pinging Pump Server Mayson...
[2024-10-03 00:43:13.135] [main] [info] Pump Server ping OK!
[2024-10-03 00:43:13.135] [main] [info] Pinging Pump Server Mayson   ...DONE!
[2024-10-03 00:43:13.135] [main] [info] Pinging all valve stations...
[2024-10-03 00:43:22.334] [main] [error] Fatal: James not available!
[2024-10-03 00:43:22.334] [main] [error] Fatal: Lucas not available!
[2024-10-03 00:43:22.334] [main] [error] Fatal: Felix not available!
[2024-10-03 00:43:22.334] [main] [info] Pinging all valve stations   ...DONE!
[2024-10-03 00:43:22.334] [main] [info] Pinging Non-Existing Test Server...
[2024-10-03 00:43:25.406] [main] [info] Pinging Non-Existing Test Server OK!
[2024-10-03 00:43:25.406] [main] [info] Pinging Non-Existing Test Server   ...DONE!
[2024-10-03 00:43:25.406] [main] [info] Pinging Pump Server Mayson...
[2024-10-03 00:43:25.507] [main] [info] Pump Server ping OK!
[2024-10-03 00:43:25.507] [main] [info] Pinging Pump Server Mayson   ...DONE!
[2024-10-03 00:43:25.507] [main] [info] Pinging all valve stations...
[2024-10-03 00:43:34.718] [main] [error] Fatal: James not available!
[2024-10-03 00:43:34.718] [main] [error] Fatal: Lucas not available!
[2024-10-03 00:43:34.718] [main] [error] Fatal: Felix not available!
[2024-10-03 00:43:34.718] [main] [info] Pinging all valve stations   ...DONE!
[2024-10-03 00:43:34.718] [main] [info] Pinging Non-Existing Test Server...
[2024-10-03 00:43:37.790] [main] [info] Pinging Non-Existing Test Server OK!
[2024-10-03 00:43:37.790] [main] [info] Pinging Non-Existing Test Server   ...DONE!
[2024-10-03 00:43:37.790] [main] [info] Pinging Pump Server Mayson...
[2024-10-03 00:43:38.134] [main] [info] Pump Server ping OK!
[2024-10-03 00:43:38.134] [main] [info] Pinging Pump Server Mayson   ...DONE!
[2024-10-03 00:43:38.134] [main] [info] Pinging all valve stations...
[2024-10-03 00:43:47.358] [main] [error] Fatal: James not available!
[2024-10-03 00:43:47.358] [main] [error] Fatal: Lucas not available!
[2024-10-03 00:43:47.358] [main] [error] Fatal: Felix not available!
[2024-10-03 00:43:47.358] [main] [info] Pinging all valve stations   ...DONE!
[2024-10-03 00:43:47.358] [main] [info] Pinging Non-Existing Test Server...
[2024-10-03 00:43:50.430] [main] [info] Pinging Non-Existing Test Server OK!
[2024-10-03 00:43:50.430] [main] [info] Pinging Non-Existing Test Server   ...DONE!
[2024-10-03 00:43:50.430] [main] [info] Pinging Pump Server Mayson...
[2024-10-03 00:43:50.513] [main] [info] Pump Server ping OK!
[2024-10-03 00:43:50.513] [main] [info] Pinging Pump Server Mayson   ...DONE!
[2024-10-03 00:43:50.513] [main] [info] Pinging all valve stations...
[2024-10-03 00:43:59.710] [main] [error] Fatal: James not available!
[2024-10-03 00:43:59.710] [main] [error] Fatal: Lucas not available!
[2024-10-03 00:43:59.710] [main] [error] Fatal: Felix not available!
[2024-10-03 00:43:59.710] [main] [info] Pinging all valve stations   ...DONE!
[2024-10-03 00:43:59.710] [main] [info] Pinging Non-Existing Test Server...
[2024-10-03 00:44:02.782] [main] [info] Pinging Non-Existing Test Server OK!
[2024-10-03 00:44:02.782] [main] [info] Pinging Non-Existing Test Server   ...DONE!
[2024-10-03 00:44:02.782] [main] [info] Pinging Pump Server Mayson...
[2024-10-03 00:44:02.808] [main] [info] Pump Server ping OK!
[2024-10-03 00:44:02.808] [main] [info] Pinging Pump Server Mayson   ...DONE!
[2024-10-03 00:44:02.808] [main] [info] Pinging all valve stations...
[2024-10-03 00:44:12.030] [main] [error] Fatal: James not available!
[2024-10-03 00:44:12.030] [main] [error] Fatal: Lucas not available!
[2024-10-03 00:44:12.030] [main] [error] Fatal: Felix not available!
[2024-10-03 00:44:12.030] [main] [info] Pinging all valve stations   ...DONE!
[2024-10-03 00:44:12.030] [main] [info] Pinging Non-Existing Test Server...
[2024-10-03 00:44:15.102] [main] [info] Pinging Non-Existing Test Server OK!
[2024-10-03 00:44:15.102] [main] [info] Pinging Non-Existing Test Server   ...DONE!
[2024-10-03 00:44:15.102] [main] [info] Pinging Pump Server Mayson...
[2024-10-03 00:44:15.208] [main] [info] Pump Server ping OK!
[2024-10-03 00:44:15.208] [main] [info] Pinging Pump Server Mayson   ...DONE!
[2024-10-03 00:44:15.208] [main] [info] Pinging all valve stations...
[2024-10-03 00:44:24.414] [main] [error] Fatal: James not available!
[2024-10-03 00:44:24.414] [main] [error] Fatal: Lucas not available!
[2024-10-03 00:44:24.414] [main] [error] Fatal: Felix not available!
[2024-10-03 00:44:24.414] [main] [info] Pinging all valve stations   ...DONE!
[2024-10-03 00:44:24.414] [main] [info] Pinging Non-Existing Test Server...
[2024-10-03 00:44:27.486] [main] [info] Pinging Non-Existing Test Server OK!
[2024-10-03 00:44:27.486] [main] [info] Pinging Non-Existing Test Server   ...DONE!
[2024-10-03 00:44:27.486] [main] [info] Pinging Pump Server Mayson...
[2024-10-03 00:44:27.592] [main] [info] Pump Server ping OK!
[2024-10-03 00:44:27.592] [main] [info] Pinging Pump Server Mayson   ...DONE!
[2024-10-03 00:44:27.592] [main] [info] Pinging all valve stations...
[2024-10-03 00:44:36.798] [main] [error] Fatal: James not available!
[2024-10-03 00:44:36.798] [main] [error] Fatal: Lucas not available!
[2024-10-03 00:44:36.798] [main] [error] Fatal: Felix not available!
[2024-10-03 00:44:36.798] [main] [info] Pinging all valve stations   ...DONE!
[2024-10-03 00:44:36.798] [main] [info] Pinging Non-Existing Test Server...
[2024-10-03 00:44:39.870] [main] [info] Pinging Non-Existing Test Server OK!
[2024-10-03 00:44:39.870] [main] [info] Pinging Non-Existing Test Server   ...DONE!
[2024-10-03 00:44:39.870] [main] [info] Pinging Pump Server Mayson...
[2024-10-03 00:44:39.996] [main] [info] Pump Server ping OK!
[2024-10-03 00:44:39.996] [main] [info] Pinging Pump Server Mayson   ...DONE!
[2024-10-03 00:44:39.996] [main] [info] Pinging all valve stations...
[2024-10-03 00:44:49.214] [main] [error] Fatal: James not available!
[2024-10-03 00:44:49.214] [main] [error] Fatal: Lucas not available!
[2024-10-03 00:44:49.214] [main] [error] Fatal: Felix not available!
[2024-10-03 00:44:49.214] [main] [info] Pinging all valve stations   ...DONE!
[2024-10-03 00:44:49.214] [main] [info] Pinging Non-Existing Test Server...
[2024-10-03 00:44:52.286] [main] [info] Pinging Non-Existing Test Server OK!
[2024-10-03 00:44:52.286] [main] [info] Pinging Non-Existing Test Server   ...DONE!
[2024-10-03 00:44:52.286] [main] [info] Pinging Pump Server Mayson...
[2024-10-03 00:44:52.377] [main] [info] Pump Server ping OK!
[2024-10-03 00:44:52.377] [main] [info] Pinging Pump Server Mayson   ...DONE!
[2024-10-03 00:44:52.377] [main] [info] Pinging all valve stations...
[2024-10-03 00:45:01.598] [main] [error] Fatal: James not available!
[2024-10-03 00:45:01.598] [main] [error] Fatal: Lucas not available!
[2024-10-03 00:45:01.598] [main] [error] Fatal: Felix not available!
[2024-10-03 00:45:01.598] [main] [info] Pinging all valve stations   ...DONE!
[2024-10-03 00:45:01.598] [main] [info] Pinging Non-Existing Test Server...
[2024-10-03 00:45:04.670] [main] [info] Pinging Non-Existing Test Server OK!
[2024-10-03 00:45:04.670] [main] [info] Pinging Non-Existing Test Server   ...DONE!
[2024-10-03 00:45:04.670] [main] [info] Pinging Pump Server Mayson...
[2024-10-03 00:45:04.786] [main] [info] Pump Server ping OK!
[2024-10-03 00:45:04.786] [main] [info] Pinging Pump Server Mayson   ...DONE!
[2024-10-03 00:45:04.786] [main] [info] Pinging all valve stations...
[2024-10-03 00:45:14.014] [main] [error] Fatal: James not available!
[2024-10-03 00:45:14.014] [main] [error] Fatal: Lucas not available!
[2024-10-03 00:45:14.014] [main] [error] Fatal: Felix not available!
[2024-10-03 00:45:14.014] [main] [info] Pinging all valve stations   ...DONE!
[2024-10-03 00:45:14.014] [main] [info] Pinging Non-Existing Test Server...
[2024-10-03 00:45:17.086] [main] [info] Pinging Non-Existing Test Server OK!
[2024-10-03 00:45:17.086] [main] [info] Pinging Non-Existing Test Server   ...DONE!
[2024-10-03 00:45:17.086] [main] [info] Pinging Pump Server Mayson...
[2024-10-03 00:45:17.164] [main] [info] Pump Server ping OK!
[2024-10-03 00:45:17.164] [main] [info] Pinging Pump Server Mayson   ...DONE!
[2024-10-03 00:45:17.164] [main] [info] Pinging all valve stations...
[2024-10-03 00:45:26.366] [main] [error] Fatal: James not available!
[2024-10-03 00:45:26.366] [main] [error] Fatal: Lucas not available!
[2024-10-03 00:45:26.366] [main] [error] Fatal: Felix not available!
[2024-10-03 00:45:26.366] [main] [info] Pinging all valve stations   ...DONE!
[2024-10-03 00:45:26.366] [main] [info] Pinging Non-Existing Test Server...
[2024-10-03 00:45:29.438] [main] [info] Pinging Non-Existing Test Server OK!
[2024-10-03 00:45:29.438] [main] [info] Pinging Non-Existing Test Server   ...DONE!
[2024-10-03 00:45:29.438] [main] [info] Pinging Pump Server Mayson...
[2024-10-03 00:45:29.558] [main] [info] Pump Server ping OK!
[2024-10-03 00:45:29.558] [main] [info] Pinging Pump Server Mayson   ...DONE!
[2024-10-03 00:45:29.558] [main] [info] Pinging all valve stations...
[2024-10-03 00:45:38.782] [main] [error] Fatal: James not available!
[2024-10-03 00:45:38.782] [main] [error] Fatal: Lucas not available!
[2024-10-03 00:45:38.782] [main] [error] Fatal: Felix not available!
[2024-10-03 00:45:38.782] [main] [info] Pinging all valve stations   ...DONE!
[2024-10-03 00:45:38.782] [main] [info] Pinging Non-Existing Test Server...
[2024-10-03 00:45:41.854] [main] [info] Pinging Non-Existing Test Server OK!
[2024-10-03 00:45:41.854] [main] [info] Pinging Non-Existing Test Server   ...DONE!
[2024-10-03 00:45:42.301] [main] [info] Creating Landscape...
[2024-10-03 00:45:42.301] [main] [info] Creating Landscape...
[2024-10-03 00:45:42.301] [main] [info] Creating Felix...
[2024-10-03 00:45:42.301] [main] [info] Creating James...
[2024-10-03 00:45:42.301] [main] [info] Creating Lucas...
[2024-10-03 00:45:42.301] [main] [info] Fetching timestamp...
std::chrono::system_clock::now().time_since_epoch()   :   1727909142301395821
get_seconds_since_epoch_now(bool verbose /* true */)   :   1727909142
minutes since epoch   :   28798485
minute of day   :   1365
minute of hour   :   45
hour of day   :   22
[2024-10-03 00:45:42.301] [main] [info] Checking timestamp.txt...
[2024-10-03 00:45:42.301] [main] [debug] The timestamp.txt is always written when watering is triggered. It is read to check if I was already done with watering some minutes ago.
previous time_stamp:   28797325
[2024-10-03 00:45:42.302] [main] [info] Checking timestamp.txt   ...DONE!
[2024-10-03 00:45:42.302] [main] [info] It's not time for watering now!
[2024-10-03 00:45:42.302] [main] [info] Minute Intraday:   1365
[2024-10-03 00:45:42.302] [main] [info] Days since Epoch:   19998
[2024-10-03 00:45:42.302] [main] [info] Accumulated watering times:

Felix   :           Klee Feld  :      0.00 min
Felix   :          Eiben Klee  :      0.00 min
James   :              Erbsen  :      0.00 min
James   :          Kartoffeln  :      0.00 min
James   :              Gurken  :      0.00 min
James   :        Tomaten+Mara  :      0.00 min
Lucas   :      Bohnen-Flieder  :      0.00 min
Lucas   :        Heidelbeeren  :      0.00 min
Lucas   :            Karotten  :      0.00 min

%%%%%%%%%%     [4] Run the executable   ...DONE!
elapsed time:   249s
=====================================================================================================
