=====================================================================================================
%%%%%%%%%%     [6] Uploading logs and go sleeping...
> sudo -u mayadm git checkout artifacts
Bereits auf 'artifacts'
D	maya/artifacts/logs/16002--2024-10-02--20h01---7.log
D	maya/artifacts/logs/16003--2024-10-02--20h47---1.log
D	maya/artifacts/logs/16003--2024-10-02--20h47---2.log
D	maya/artifacts/logs/16003--2024-10-02--20h47---3.log
D	maya/artifacts/logs/16003--2024-10-02--20h47---4.log
D	maya/artifacts/logs/16003--2024-10-02--20h47---5.log
D	maya/artifacts/logs/16003--2024-10-02--20h47---6.log
Ihr Branch ist auf demselben Stand wie 'origin/artifacts'.
> sudo -u mayadm git pull
Bereits aktuell.
> sudo -u mayadm git merge maya-productive
Bereits aktuell.
> sudo -u mayadm git add "../artifacts/logs/*.log" -f
> sudo -u mayadm git add -u
> sudo -u mayadm git commit -m "logs at 2024-10-02--21h34"
[artifacts b9fb7fe21] logs at 2024-10-02--21h34
 8 files changed, 301 insertions(+), 304 deletions(-)
 delete mode 100644 maya/artifacts/logs/16003--2024-10-02--20h47---4.log
 rename maya/artifacts/logs/{16002--2024-10-02--20h01---7.log => 16003--2024-10-02--20h47---7.log} (61%)
 rename maya/artifacts/logs/{16003--2024-10-02--20h47---1.log => 16004--2024-10-02--21h34---1.log} (91%)
 rename maya/artifacts/logs/{16003--2024-10-02--20h47---2.log => 16004--2024-10-02--21h34---2.log} (65%)
 rename maya/artifacts/logs/{16003--2024-10-02--20h47---3.log => 16004--2024-10-02--21h34---3.log} (95%)
 create mode 100644 maya/artifacts/logs/16004--2024-10-02--21h34---4.log
 rename maya/artifacts/logs/{16003--2024-10-02--20h47---5.log => 16004--2024-10-02--21h34---5.log} (75%)
 rename maya/artifacts/logs/{16003--2024-10-02--20h47---6.log => 16004--2024-10-02--21h34---6.log} (100%)
> sudo -u mayadm git push
To https://github.com/Necktschnagge/wired-watering
   6869bc713..b9fb7fe21  artifacts -> artifacts
> sudo -u mayadm git checkout maya-productive
Zu Zweig »maya-productive« gewechselt
Ihr Branch ist auf demselben Stand wie 'origin/maya-productive'.
> sudo -u mayadm git push
Everything up-to-date
##############################################################
###################                        ###################
###################     GOING TO SLEEP     ###################
###################                        ###################
##############################################################
#######                                                #######
#######   Press CTRL + C NOW to abort script safely!   #######
#######                                                #######
##############################################################
##############################################################
#######                                                #######
#######               NOW GOING TO SLEEP               #######
#######                                                #######
##############################################################
> rtcwake -m mem -s 2400
rtcwake: RTC wird als UTC interpretiert …
rtcwake: aufwachen von „mem“ durch /dev/rtc0 bei Wed Oct  2 20:20:19 2024
##############################################################
#######                                                #######
#######            just waked up from sleep            #######
#######                                                #######
##############################################################
%%%%%%%%%%     [6] Uploading logs and go sleeping   ...DONE!
elapsed time:   2419s
=====================================================================================================
