=====================================================================================================
%%%%%%%%%%     [4] Run the executable...
>Please note:  Even if all builds failed, the last built executable is still there and will be started!
> sudo -u mayadm ./ur-unix-run.sh
[2024-10-02 18:30:18.317] [main] [info] Pinging Pump Server Mayson...
[2024-10-02 18:30:18.441] [main] [info] Pump Server ping OK!
[2024-10-02 18:30:18.441] [main] [info] Pinging Pump Server Mayson   ...DONE!
[2024-10-02 18:30:18.441] [main] [info] Pinging all valve stations...
[2024-10-02 18:30:27.654] [main] [error] Fatal: James not available!
[2024-10-02 18:30:27.654] [main] [error] Fatal: Lucas not available!
[2024-10-02 18:30:27.654] [main] [error] Fatal: Felix not available!
[2024-10-02 18:30:27.654] [main] [info] Pinging all valve stations   ...DONE!
[2024-10-02 18:30:27.654] [main] [info] Pinging Non-Existing Test Server...
[2024-10-02 18:30:30.726] [main] [info] Pinging Non-Existing Test Server OK!
[2024-10-02 18:30:30.726] [main] [info] Pinging Non-Existing Test Server   ...DONE!
[2024-10-02 18:30:30.726] [main] [info] Pinging Pump Server Mayson...
[2024-10-02 18:30:30.832] [main] [info] Pump Server ping OK!
[2024-10-02 18:30:30.832] [main] [info] Pinging Pump Server Mayson   ...DONE!
[2024-10-02 18:30:30.832] [main] [info] Pinging all valve stations...
[2024-10-02 18:30:40.038] [main] [error] Fatal: James not available!
[2024-10-02 18:30:40.038] [main] [error] Fatal: Lucas not available!
[2024-10-02 18:30:40.038] [main] [error] Fatal: Felix not available!
[2024-10-02 18:30:40.038] [main] [info] Pinging all valve stations   ...DONE!
[2024-10-02 18:30:40.038] [main] [info] Pinging Non-Existing Test Server...
[2024-10-02 18:30:43.110] [main] [info] Pinging Non-Existing Test Server OK!
[2024-10-02 18:30:43.110] [main] [info] Pinging Non-Existing Test Server   ...DONE!
[2024-10-02 18:30:43.110] [main] [info] Pinging Pump Server Mayson...
[2024-10-02 18:30:43.218] [main] [info] Pump Server ping OK!
[2024-10-02 18:30:43.218] [main] [info] Pinging Pump Server Mayson   ...DONE!
[2024-10-02 18:30:43.218] [main] [info] Pinging all valve stations...
[2024-10-02 18:30:52.422] [main] [error] Fatal: James not available!
[2024-10-02 18:30:52.422] [main] [error] Fatal: Lucas not available!
[2024-10-02 18:30:52.422] [main] [error] Fatal: Felix not available!
[2024-10-02 18:30:52.422] [main] [info] Pinging all valve stations   ...DONE!
[2024-10-02 18:30:52.422] [main] [info] Pinging Non-Existing Test Server...
[2024-10-02 18:30:55.494] [main] [info] Pinging Non-Existing Test Server OK!
[2024-10-02 18:30:55.494] [main] [info] Pinging Non-Existing Test Server   ...DONE!
[2024-10-02 18:30:55.494] [main] [info] Pinging Pump Server Mayson...
[2024-10-02 18:30:55.608] [main] [info] Pump Server ping OK!
[2024-10-02 18:30:55.608] [main] [info] Pinging Pump Server Mayson   ...DONE!
[2024-10-02 18:30:55.608] [main] [info] Pinging all valve stations...
[2024-10-02 18:31:04.806] [main] [error] Fatal: James not available!
[2024-10-02 18:31:04.806] [main] [error] Fatal: Lucas not available!
[2024-10-02 18:31:04.806] [main] [error] Fatal: Felix not available!
[2024-10-02 18:31:04.806] [main] [info] Pinging all valve stations   ...DONE!
[2024-10-02 18:31:04.806] [main] [info] Pinging Non-Existing Test Server...
[2024-10-02 18:31:07.878] [main] [info] Pinging Non-Existing Test Server OK!
[2024-10-02 18:31:07.878] [main] [info] Pinging Non-Existing Test Server   ...DONE!
[2024-10-02 18:31:07.878] [main] [info] Pinging Pump Server Mayson...
[2024-10-02 18:31:08.007] [main] [info] Pump Server ping OK!
[2024-10-02 18:31:08.007] [main] [info] Pinging Pump Server Mayson   ...DONE!
[2024-10-02 18:31:08.007] [main] [info] Pinging all valve stations...
[2024-10-02 18:31:17.222] [main] [error] Fatal: James not available!
[2024-10-02 18:31:17.222] [main] [error] Fatal: Lucas not available!
[2024-10-02 18:31:17.222] [main] [error] Fatal: Felix not available!
[2024-10-02 18:31:17.222] [main] [info] Pinging all valve stations   ...DONE!
[2024-10-02 18:31:17.222] [main] [info] Pinging Non-Existing Test Server...
[2024-10-02 18:31:20.294] [main] [info] Pinging Non-Existing Test Server OK!
[2024-10-02 18:31:20.294] [main] [info] Pinging Non-Existing Test Server   ...DONE!
[2024-10-02 18:31:20.294] [main] [info] Pinging Pump Server Mayson...
[2024-10-02 18:31:20.396] [main] [info] Pump Server ping OK!
[2024-10-02 18:31:20.396] [main] [info] Pinging Pump Server Mayson   ...DONE!
[2024-10-02 18:31:20.396] [main] [info] Pinging all valve stations...
[2024-10-02 18:31:29.606] [main] [error] Fatal: James not available!
[2024-10-02 18:31:29.606] [main] [error] Fatal: Lucas not available!
[2024-10-02 18:31:29.606] [main] [error] Fatal: Felix not available!
[2024-10-02 18:31:29.606] [main] [info] Pinging all valve stations   ...DONE!
[2024-10-02 18:31:29.606] [main] [info] Pinging Non-Existing Test Server...
[2024-10-02 18:31:32.678] [main] [info] Pinging Non-Existing Test Server OK!
[2024-10-02 18:31:32.678] [main] [info] Pinging Non-Existing Test Server   ...DONE!
[2024-10-02 18:31:32.678] [main] [info] Pinging Pump Server Mayson...
[2024-10-02 18:31:32.785] [main] [info] Pump Server ping OK!
[2024-10-02 18:31:32.785] [main] [info] Pinging Pump Server Mayson   ...DONE!
[2024-10-02 18:31:32.785] [main] [info] Pinging all valve stations...
[2024-10-02 18:31:41.990] [main] [error] Fatal: James not available!
[2024-10-02 18:31:41.990] [main] [error] Fatal: Lucas not available!
[2024-10-02 18:31:41.990] [main] [error] Fatal: Felix not available!
[2024-10-02 18:31:41.990] [main] [info] Pinging all valve stations   ...DONE!
[2024-10-02 18:31:41.990] [main] [info] Pinging Non-Existing Test Server...
[2024-10-02 18:31:45.062] [main] [info] Pinging Non-Existing Test Server OK!
[2024-10-02 18:31:45.062] [main] [info] Pinging Non-Existing Test Server   ...DONE!
[2024-10-02 18:31:45.062] [main] [info] Pinging Pump Server Mayson...
[2024-10-02 18:31:55.067] [main] [error] Fatal: Pump Server not available!
[2024-10-02 18:31:55.067] [main] [info] Pinging Pump Server Mayson   ...DONE!
[2024-10-02 18:31:55.067] [main] [info] Pinging all valve stations...
[2024-10-02 18:32:04.294] [main] [error] Fatal: James not available!
[2024-10-02 18:32:04.294] [main] [error] Fatal: Lucas not available!
[2024-10-02 18:32:04.294] [main] [error] Fatal: Felix not available!
[2024-10-02 18:32:04.294] [main] [info] Pinging all valve stations   ...DONE!
[2024-10-02 18:32:04.294] [main] [info] Pinging Non-Existing Test Server...
[2024-10-02 18:32:07.366] [main] [info] Pinging Non-Existing Test Server OK!
[2024-10-02 18:32:07.366] [main] [info] Pinging Non-Existing Test Server   ...DONE!
[2024-10-02 18:32:07.366] [main] [info] Pinging Pump Server Mayson...
[2024-10-02 18:32:07.403] [main] [info] Pump Server ping OK!
[2024-10-02 18:32:07.403] [main] [info] Pinging Pump Server Mayson   ...DONE!
[2024-10-02 18:32:07.403] [main] [info] Pinging all valve stations...
[2024-10-02 18:32:16.614] [main] [error] Fatal: James not available!
[2024-10-02 18:32:16.614] [main] [error] Fatal: Lucas not available!
[2024-10-02 18:32:16.614] [main] [error] Fatal: Felix not available!
[2024-10-02 18:32:16.614] [main] [info] Pinging all valve stations   ...DONE!
[2024-10-02 18:32:16.614] [main] [info] Pinging Non-Existing Test Server...
[2024-10-02 18:32:19.686] [main] [info] Pinging Non-Existing Test Server OK!
[2024-10-02 18:32:19.686] [main] [info] Pinging Non-Existing Test Server   ...DONE!
[2024-10-02 18:32:19.686] [main] [info] Pinging Pump Server Mayson...
[2024-10-02 18:32:19.785] [main] [info] Pump Server ping OK!
[2024-10-02 18:32:19.785] [main] [info] Pinging Pump Server Mayson   ...DONE!
[2024-10-02 18:32:19.785] [main] [info] Pinging all valve stations...
[2024-10-02 18:32:28.998] [main] [error] Fatal: James not available!
[2024-10-02 18:32:28.998] [main] [error] Fatal: Lucas not available!
[2024-10-02 18:32:28.998] [main] [error] Fatal: Felix not available!
[2024-10-02 18:32:28.998] [main] [info] Pinging all valve stations   ...DONE!
[2024-10-02 18:32:28.998] [main] [info] Pinging Non-Existing Test Server...
[2024-10-02 18:32:32.070] [main] [info] Pinging Non-Existing Test Server OK!
[2024-10-02 18:32:32.070] [main] [info] Pinging Non-Existing Test Server   ...DONE!
[2024-10-02 18:32:32.070] [main] [info] Pinging Pump Server Mayson...
[2024-10-02 18:32:32.281] [main] [info] Pump Server ping OK!
[2024-10-02 18:32:32.281] [main] [info] Pinging Pump Server Mayson   ...DONE!
[2024-10-02 18:32:32.281] [main] [info] Pinging all valve stations...
[2024-10-02 18:32:41.478] [main] [error] Fatal: James not available!
[2024-10-02 18:32:41.478] [main] [error] Fatal: Lucas not available!
[2024-10-02 18:32:41.478] [main] [error] Fatal: Felix not available!
[2024-10-02 18:32:41.478] [main] [info] Pinging all valve stations   ...DONE!
[2024-10-02 18:32:41.478] [main] [info] Pinging Non-Existing Test Server...
[2024-10-02 18:32:44.550] [main] [info] Pinging Non-Existing Test Server OK!
[2024-10-02 18:32:44.550] [main] [info] Pinging Non-Existing Test Server   ...DONE!
[2024-10-02 18:32:44.550] [main] [info] Pinging Pump Server Mayson...
[2024-10-02 18:32:44.666] [main] [info] Pump Server ping OK!
[2024-10-02 18:32:44.666] [main] [info] Pinging Pump Server Mayson   ...DONE!
[2024-10-02 18:32:44.666] [main] [info] Pinging all valve stations...
[2024-10-02 18:32:53.862] [main] [error] Fatal: James not available!
[2024-10-02 18:32:53.862] [main] [error] Fatal: Lucas not available!
[2024-10-02 18:32:53.862] [main] [error] Fatal: Felix not available!
[2024-10-02 18:32:53.862] [main] [info] Pinging all valve stations   ...DONE!
[2024-10-02 18:32:53.862] [main] [info] Pinging Non-Existing Test Server...
[2024-10-02 18:32:56.934] [main] [info] Pinging Non-Existing Test Server OK!
[2024-10-02 18:32:56.934] [main] [info] Pinging Non-Existing Test Server   ...DONE!
[2024-10-02 18:32:56.934] [main] [info] Pinging Pump Server Mayson...
[2024-10-02 18:32:57.076] [main] [info] Pump Server ping OK!
[2024-10-02 18:32:57.076] [main] [info] Pinging Pump Server Mayson   ...DONE!
[2024-10-02 18:32:57.076] [main] [info] Pinging all valve stations...
[2024-10-02 18:33:06.278] [main] [error] Fatal: James not available!
[2024-10-02 18:33:06.278] [main] [error] Fatal: Lucas not available!
[2024-10-02 18:33:06.278] [main] [error] Fatal: Felix not available!
[2024-10-02 18:33:06.278] [main] [info] Pinging all valve stations   ...DONE!
[2024-10-02 18:33:06.278] [main] [info] Pinging Non-Existing Test Server...
[2024-10-02 18:33:09.350] [main] [info] Pinging Non-Existing Test Server OK!
[2024-10-02 18:33:09.350] [main] [info] Pinging Non-Existing Test Server   ...DONE!
[2024-10-02 18:33:09.350] [main] [info] Pinging Pump Server Mayson...
[2024-10-02 18:33:09.451] [main] [info] Pump Server ping OK!
[2024-10-02 18:33:09.451] [main] [info] Pinging Pump Server Mayson   ...DONE!
[2024-10-02 18:33:09.451] [main] [info] Pinging all valve stations...
[2024-10-02 18:33:18.662] [main] [error] Fatal: James not available!
[2024-10-02 18:33:18.662] [main] [error] Fatal: Lucas not available!
[2024-10-02 18:33:18.662] [main] [error] Fatal: Felix not available!
[2024-10-02 18:33:18.662] [main] [info] Pinging all valve stations   ...DONE!
[2024-10-02 18:33:18.662] [main] [info] Pinging Non-Existing Test Server...
[2024-10-02 18:33:21.734] [main] [info] Pinging Non-Existing Test Server OK!
[2024-10-02 18:33:21.734] [main] [info] Pinging Non-Existing Test Server   ...DONE!
[2024-10-02 18:33:21.734] [main] [info] Pinging Pump Server Mayson...
[2024-10-02 18:33:21.845] [main] [info] Pump Server ping OK!
[2024-10-02 18:33:21.845] [main] [info] Pinging Pump Server Mayson   ...DONE!
[2024-10-02 18:33:21.845] [main] [info] Pinging all valve stations...
[2024-10-02 18:33:31.046] [main] [error] Fatal: James not available!
[2024-10-02 18:33:31.046] [main] [error] Fatal: Lucas not available!
[2024-10-02 18:33:31.046] [main] [error] Fatal: Felix not available!
[2024-10-02 18:33:31.046] [main] [info] Pinging all valve stations   ...DONE!
[2024-10-02 18:33:31.046] [main] [info] Pinging Non-Existing Test Server...
[2024-10-02 18:33:34.118] [main] [info] Pinging Non-Existing Test Server OK!
[2024-10-02 18:33:34.118] [main] [info] Pinging Non-Existing Test Server   ...DONE!
[2024-10-02 18:33:34.118] [main] [info] Pinging Pump Server Mayson...
[2024-10-02 18:33:34.235] [main] [info] Pump Server ping OK!
[2024-10-02 18:33:34.235] [main] [info] Pinging Pump Server Mayson   ...DONE!
[2024-10-02 18:33:34.235] [main] [info] Pinging all valve stations...
[2024-10-02 18:33:43.462] [main] [error] Fatal: James not available!
[2024-10-02 18:33:43.462] [main] [error] Fatal: Lucas not available!
[2024-10-02 18:33:43.462] [main] [error] Fatal: Felix not available!
[2024-10-02 18:33:43.462] [main] [info] Pinging all valve stations   ...DONE!
[2024-10-02 18:33:43.462] [main] [info] Pinging Non-Existing Test Server...
[2024-10-02 18:33:46.534] [main] [info] Pinging Non-Existing Test Server OK!
[2024-10-02 18:33:46.534] [main] [info] Pinging Non-Existing Test Server   ...DONE!
[2024-10-02 18:33:46.534] [main] [info] Pinging Pump Server Mayson...
[2024-10-02 18:33:46.624] [main] [info] Pump Server ping OK!
[2024-10-02 18:33:46.624] [main] [info] Pinging Pump Server Mayson   ...DONE!
[2024-10-02 18:33:46.624] [main] [info] Pinging all valve stations...
[2024-10-02 18:33:55.846] [main] [error] Fatal: James not available!
[2024-10-02 18:33:55.846] [main] [error] Fatal: Lucas not available!
[2024-10-02 18:33:55.846] [main] [error] Fatal: Felix not available!
[2024-10-02 18:33:55.846] [main] [info] Pinging all valve stations   ...DONE!
[2024-10-02 18:33:55.846] [main] [info] Pinging Non-Existing Test Server...
[2024-10-02 18:33:58.918] [main] [info] Pinging Non-Existing Test Server OK!
[2024-10-02 18:33:58.918] [main] [info] Pinging Non-Existing Test Server   ...DONE!
[2024-10-02 18:33:58.918] [main] [info] Pinging Pump Server Mayson...
[2024-10-02 18:33:59.009] [main] [info] Pump Server ping OK!
[2024-10-02 18:33:59.009] [main] [info] Pinging Pump Server Mayson   ...DONE!
[2024-10-02 18:33:59.009] [main] [info] Pinging all valve stations...
[2024-10-02 18:34:08.230] [main] [error] Fatal: James not available!
[2024-10-02 18:34:08.230] [main] [error] Fatal: Lucas not available!
[2024-10-02 18:34:08.230] [main] [error] Fatal: Felix not available!
[2024-10-02 18:34:08.230] [main] [info] Pinging all valve stations   ...DONE!
[2024-10-02 18:34:08.230] [main] [info] Pinging Non-Existing Test Server...
[2024-10-02 18:34:11.302] [main] [info] Pinging Non-Existing Test Server OK!
[2024-10-02 18:34:11.302] [main] [info] Pinging Non-Existing Test Server   ...DONE!
[2024-10-02 18:34:11.302] [main] [info] Pinging Pump Server Mayson...
[2024-10-02 18:34:11.410] [main] [info] Pump Server ping OK!
[2024-10-02 18:34:11.410] [main] [info] Pinging Pump Server Mayson   ...DONE!
[2024-10-02 18:34:11.410] [main] [info] Pinging all valve stations...
[2024-10-02 18:34:20.614] [main] [error] Fatal: James not available!
[2024-10-02 18:34:20.614] [main] [error] Fatal: Lucas not available!
[2024-10-02 18:34:20.614] [main] [error] Fatal: Felix not available!
[2024-10-02 18:34:20.614] [main] [info] Pinging all valve stations   ...DONE!
[2024-10-02 18:34:20.614] [main] [info] Pinging Non-Existing Test Server...
[2024-10-02 18:34:23.686] [main] [info] Pinging Non-Existing Test Server OK!
[2024-10-02 18:34:23.686] [main] [info] Pinging Non-Existing Test Server   ...DONE!
[2024-10-02 18:34:23.686] [main] [info] Pinging Pump Server Mayson...
[2024-10-02 18:34:23.849] [main] [info] Pump Server ping OK!
[2024-10-02 18:34:23.849] [main] [info] Pinging Pump Server Mayson   ...DONE!
[2024-10-02 18:34:23.849] [main] [info] Pinging all valve stations...
[2024-10-02 18:34:33.062] [main] [error] Fatal: James not available!
[2024-10-02 18:34:33.062] [main] [error] Fatal: Lucas not available!
[2024-10-02 18:34:33.062] [main] [error] Fatal: Felix not available!
[2024-10-02 18:34:33.062] [main] [info] Pinging all valve stations   ...DONE!
[2024-10-02 18:34:33.062] [main] [info] Pinging Non-Existing Test Server...
[2024-10-02 18:34:36.134] [main] [info] Pinging Non-Existing Test Server OK!
[2024-10-02 18:34:36.134] [main] [info] Pinging Non-Existing Test Server   ...DONE!
[2024-10-02 18:34:36.595] [main] [info] Creating Landscape...
[2024-10-02 18:34:36.595] [main] [info] Creating Landscape...
[2024-10-02 18:34:36.595] [main] [info] Creating Felix...
[2024-10-02 18:34:36.595] [main] [info] Creating James...
[2024-10-02 18:34:36.595] [main] [info] Creating Lucas...
[2024-10-02 18:34:36.595] [main] [info] Fetching timestamp...
std::chrono::system_clock::now().time_since_epoch()   :   1727886876595439225
get_seconds_since_epoch_now(bool verbose /* true */)   :   1727886876
minutes since epoch   :   28798114
minute of day   :   994
minute of hour   :   34
hour of day   :   16
[2024-10-02 18:34:36.595] [main] [info] Checking timestamp.txt...
[2024-10-02 18:34:36.595] [main] [debug] The timestamp.txt is always written when watering is triggered. It is read to check if I was already done with watering some minutes ago.
previous time_stamp:   28797325
[2024-10-02 18:34:36.596] [main] [info] Checking timestamp.txt   ...DONE!
[2024-10-02 18:34:36.596] [main] [info] It's not time for watering now!
[2024-10-02 18:34:36.596] [main] [info] Minute Intraday:   994
[2024-10-02 18:34:36.596] [main] [info] Days since Epoch:   19998
[2024-10-02 18:34:36.596] [main] [info] Accumulated watering times:

Felix   :           Klee Feld  :      0.00 min
Felix   :          Eiben Klee  :      0.00 min
James   :              Erbsen  :      0.00 min
James   :          Kartoffeln  :      0.00 min
James   :              Gurken  :      0.00 min
James   :        Tomaten+Mara  :      0.00 min
Lucas   :      Bohnen-Flieder  :      0.00 min
Lucas   :        Heidelbeeren  :      0.00 min
Lucas   :            Karotten  :      0.00 min

%%%%%%%%%%     [4] Run the executable   ...DONE!
elapsed time:   258s
=====================================================================================================
