=====================================================================================================
%%%%%%%%%%     [4] Run the executable...
>Please note:  Even if all builds failed, the last built executable is still there and will be started!
> sudo -u mayadm ./ur-unix-run.sh
[2024-10-03 03:00:37.411] [main] [info] Pinging Pump Server Mayson...
[2024-10-03 03:00:37.510] [main] [info] Pump Server ping OK!
[2024-10-03 03:00:37.510] [main] [info] Pinging Pump Server Mayson   ...DONE!
[2024-10-03 03:00:37.510] [main] [info] Pinging all valve stations...
[2024-10-03 03:00:46.708] [main] [error] Fatal: James not available!
[2024-10-03 03:00:46.708] [main] [error] Fatal: Lucas not available!
[2024-10-03 03:00:46.708] [main] [error] Fatal: Felix not available!
[2024-10-03 03:00:46.708] [main] [info] Pinging all valve stations   ...DONE!
[2024-10-03 03:00:46.708] [main] [info] Pinging Non-Existing Test Server...
[2024-10-03 03:00:49.780] [main] [info] Pinging Non-Existing Test Server OK!
[2024-10-03 03:00:49.780] [main] [info] Pinging Non-Existing Test Server   ...DONE!
[2024-10-03 03:00:49.780] [main] [info] Pinging Pump Server Mayson...
[2024-10-03 03:00:49.905] [main] [info] Pump Server ping OK!
[2024-10-03 03:00:49.905] [main] [info] Pinging Pump Server Mayson   ...DONE!
[2024-10-03 03:00:49.905] [main] [info] Pinging all valve stations...
[2024-10-03 03:00:59.124] [main] [error] Fatal: James not available!
[2024-10-03 03:00:59.124] [main] [error] Fatal: Lucas not available!
[2024-10-03 03:00:59.124] [main] [error] Fatal: Felix not available!
[2024-10-03 03:00:59.124] [main] [info] Pinging all valve stations   ...DONE!
[2024-10-03 03:00:59.124] [main] [info] Pinging Non-Existing Test Server...
[2024-10-03 03:01:02.196] [main] [info] Pinging Non-Existing Test Server OK!
[2024-10-03 03:01:02.196] [main] [info] Pinging Non-Existing Test Server   ...DONE!
[2024-10-03 03:01:02.196] [main] [info] Pinging Pump Server Mayson...
[2024-10-03 03:01:02.299] [main] [info] Pump Server ping OK!
[2024-10-03 03:01:02.299] [main] [info] Pinging Pump Server Mayson   ...DONE!
[2024-10-03 03:01:02.299] [main] [info] Pinging all valve stations...
[2024-10-03 03:01:11.507] [main] [error] Fatal: James not available!
[2024-10-03 03:01:11.507] [main] [error] Fatal: Lucas not available!
[2024-10-03 03:01:11.507] [main] [error] Fatal: Felix not available!
[2024-10-03 03:01:11.507] [main] [info] Pinging all valve stations   ...DONE!
[2024-10-03 03:01:11.507] [main] [info] Pinging Non-Existing Test Server...
[2024-10-03 03:01:14.579] [main] [info] Pinging Non-Existing Test Server OK!
[2024-10-03 03:01:14.579] [main] [info] Pinging Non-Existing Test Server   ...DONE!
[2024-10-03 03:01:14.579] [main] [info] Pinging Pump Server Mayson...
[2024-10-03 03:01:14.695] [main] [info] Pump Server ping OK!
[2024-10-03 03:01:14.695] [main] [info] Pinging Pump Server Mayson   ...DONE!
[2024-10-03 03:01:14.695] [main] [info] Pinging all valve stations...
[2024-10-03 03:01:23.892] [main] [error] Fatal: James not available!
[2024-10-03 03:01:23.892] [main] [error] Fatal: Lucas not available!
[2024-10-03 03:01:23.892] [main] [error] Fatal: Felix not available!
[2024-10-03 03:01:23.892] [main] [info] Pinging all valve stations   ...DONE!
[2024-10-03 03:01:23.892] [main] [info] Pinging Non-Existing Test Server...
[2024-10-03 03:01:26.964] [main] [info] Pinging Non-Existing Test Server OK!
[2024-10-03 03:01:26.964] [main] [info] Pinging Non-Existing Test Server   ...DONE!
[2024-10-03 03:01:26.964] [main] [info] Pinging Pump Server Mayson...
[2024-10-03 03:01:27.086] [main] [info] Pump Server ping OK!
[2024-10-03 03:01:27.086] [main] [info] Pinging Pump Server Mayson   ...DONE!
[2024-10-03 03:01:27.086] [main] [info] Pinging all valve stations...
[2024-10-03 03:01:36.308] [main] [error] Fatal: James not available!
[2024-10-03 03:01:36.308] [main] [error] Fatal: Lucas not available!
[2024-10-03 03:01:36.308] [main] [error] Fatal: Felix not available!
[2024-10-03 03:01:36.308] [main] [info] Pinging all valve stations   ...DONE!
[2024-10-03 03:01:36.308] [main] [info] Pinging Non-Existing Test Server...
[2024-10-03 03:01:39.380] [main] [info] Pinging Non-Existing Test Server OK!
[2024-10-03 03:01:39.380] [main] [info] Pinging Non-Existing Test Server   ...DONE!
[2024-10-03 03:01:39.380] [main] [info] Pinging Pump Server Mayson...
[2024-10-03 03:01:39.471] [main] [info] Pump Server ping OK!
[2024-10-03 03:01:39.471] [main] [info] Pinging Pump Server Mayson   ...DONE!
[2024-10-03 03:01:39.471] [main] [info] Pinging all valve stations...
[2024-10-03 03:01:48.692] [main] [error] Fatal: James not available!
[2024-10-03 03:01:48.692] [main] [error] Fatal: Lucas not available!
[2024-10-03 03:01:48.692] [main] [error] Fatal: Felix not available!
[2024-10-03 03:01:48.692] [main] [info] Pinging all valve stations   ...DONE!
[2024-10-03 03:01:48.692] [main] [info] Pinging Non-Existing Test Server...
[2024-10-03 03:01:51.763] [main] [info] Pinging Non-Existing Test Server OK!
[2024-10-03 03:01:51.764] [main] [info] Pinging Non-Existing Test Server   ...DONE!
[2024-10-03 03:01:51.764] [main] [info] Pinging Pump Server Mayson...
[2024-10-03 03:01:51.971] [main] [info] Pump Server ping OK!
[2024-10-03 03:01:51.971] [main] [info] Pinging Pump Server Mayson   ...DONE!
[2024-10-03 03:01:51.971] [main] [info] Pinging all valve stations...
[2024-10-03 03:02:01.172] [main] [error] Fatal: James not available!
[2024-10-03 03:02:01.172] [main] [error] Fatal: Lucas not available!
[2024-10-03 03:02:01.172] [main] [error] Fatal: Felix not available!
[2024-10-03 03:02:01.172] [main] [info] Pinging all valve stations   ...DONE!
[2024-10-03 03:02:01.172] [main] [info] Pinging Non-Existing Test Server...
[2024-10-03 03:02:04.244] [main] [info] Pinging Non-Existing Test Server OK!
[2024-10-03 03:02:04.244] [main] [info] Pinging Non-Existing Test Server   ...DONE!
[2024-10-03 03:02:04.244] [main] [info] Pinging Pump Server Mayson...
[2024-10-03 03:02:04.362] [main] [info] Pump Server ping OK!
[2024-10-03 03:02:04.362] [main] [info] Pinging Pump Server Mayson   ...DONE!
[2024-10-03 03:02:04.362] [main] [info] Pinging all valve stations...
[2024-10-03 03:02:13.588] [main] [error] Fatal: James not available!
[2024-10-03 03:02:13.588] [main] [error] Fatal: Lucas not available!
[2024-10-03 03:02:13.588] [main] [error] Fatal: Felix not available!
[2024-10-03 03:02:13.588] [main] [info] Pinging all valve stations   ...DONE!
[2024-10-03 03:02:13.588] [main] [info] Pinging Non-Existing Test Server...
[2024-10-03 03:02:16.659] [main] [info] Pinging Non-Existing Test Server OK!
[2024-10-03 03:02:16.660] [main] [info] Pinging Non-Existing Test Server   ...DONE!
[2024-10-03 03:02:16.660] [main] [info] Pinging Pump Server Mayson...
[2024-10-03 03:02:16.748] [main] [info] Pump Server ping OK!
[2024-10-03 03:02:16.748] [main] [info] Pinging Pump Server Mayson   ...DONE!
[2024-10-03 03:02:16.748] [main] [info] Pinging all valve stations...
[2024-10-03 03:02:25.972] [main] [error] Fatal: James not available!
[2024-10-03 03:02:25.972] [main] [error] Fatal: Lucas not available!
[2024-10-03 03:02:25.972] [main] [error] Fatal: Felix not available!
[2024-10-03 03:02:25.972] [main] [info] Pinging all valve stations   ...DONE!
[2024-10-03 03:02:25.972] [main] [info] Pinging Non-Existing Test Server...
[2024-10-03 03:02:29.043] [main] [info] Pinging Non-Existing Test Server OK!
[2024-10-03 03:02:29.044] [main] [info] Pinging Non-Existing Test Server   ...DONE!
[2024-10-03 03:02:29.044] [main] [info] Pinging Pump Server Mayson...
[2024-10-03 03:02:29.235] [main] [info] Pump Server ping OK!
[2024-10-03 03:02:29.235] [main] [info] Pinging Pump Server Mayson   ...DONE!
[2024-10-03 03:02:29.235] [main] [info] Pinging all valve stations...
[2024-10-03 03:02:38.451] [main] [error] Fatal: James not available!
[2024-10-03 03:02:38.452] [main] [error] Fatal: Lucas not available!
[2024-10-03 03:02:38.452] [main] [error] Fatal: Felix not available!
[2024-10-03 03:02:38.452] [main] [info] Pinging all valve stations   ...DONE!
[2024-10-03 03:02:38.452] [main] [info] Pinging Non-Existing Test Server...
[2024-10-03 03:02:41.524] [main] [info] Pinging Non-Existing Test Server OK!
[2024-10-03 03:02:41.524] [main] [info] Pinging Non-Existing Test Server   ...DONE!
[2024-10-03 03:02:41.524] [main] [info] Pinging Pump Server Mayson...
[2024-10-03 03:02:41.630] [main] [info] Pump Server ping OK!
[2024-10-03 03:02:41.630] [main] [info] Pinging Pump Server Mayson   ...DONE!
[2024-10-03 03:02:41.630] [main] [info] Pinging all valve stations...
[2024-10-03 03:02:50.836] [main] [error] Fatal: James not available!
[2024-10-03 03:02:50.836] [main] [error] Fatal: Lucas not available!
[2024-10-03 03:02:50.836] [main] [error] Fatal: Felix not available!
[2024-10-03 03:02:50.836] [main] [info] Pinging all valve stations   ...DONE!
[2024-10-03 03:02:50.836] [main] [info] Pinging Non-Existing Test Server...
[2024-10-03 03:02:53.908] [main] [info] Pinging Non-Existing Test Server OK!
[2024-10-03 03:02:53.908] [main] [info] Pinging Non-Existing Test Server   ...DONE!
[2024-10-03 03:02:53.908] [main] [info] Pinging Pump Server Mayson...
[2024-10-03 03:02:54.016] [main] [info] Pump Server ping OK!
[2024-10-03 03:02:54.016] [main] [info] Pinging Pump Server Mayson   ...DONE!
[2024-10-03 03:02:54.016] [main] [info] Pinging all valve stations...
[2024-10-03 03:03:03.220] [main] [error] Fatal: James not available!
[2024-10-03 03:03:03.220] [main] [error] Fatal: Lucas not available!
[2024-10-03 03:03:03.220] [main] [error] Fatal: Felix not available!
[2024-10-03 03:03:03.220] [main] [info] Pinging all valve stations   ...DONE!
[2024-10-03 03:03:03.220] [main] [info] Pinging Non-Existing Test Server...
[2024-10-03 03:03:06.291] [main] [info] Pinging Non-Existing Test Server OK!
[2024-10-03 03:03:06.292] [main] [info] Pinging Non-Existing Test Server   ...DONE!
[2024-10-03 03:03:06.292] [main] [info] Pinging Pump Server Mayson...
[2024-10-03 03:03:06.401] [main] [info] Pump Server ping OK!
[2024-10-03 03:03:06.401] [main] [info] Pinging Pump Server Mayson   ...DONE!
[2024-10-03 03:03:06.401] [main] [info] Pinging all valve stations...
[2024-10-03 03:03:15.604] [main] [error] Fatal: James not available!
[2024-10-03 03:03:15.604] [main] [error] Fatal: Lucas not available!
[2024-10-03 03:03:15.604] [main] [error] Fatal: Felix not available!
[2024-10-03 03:03:15.604] [main] [info] Pinging all valve stations   ...DONE!
[2024-10-03 03:03:15.604] [main] [info] Pinging Non-Existing Test Server...
[2024-10-03 03:03:18.675] [main] [info] Pinging Non-Existing Test Server OK!
[2024-10-03 03:03:18.676] [main] [info] Pinging Non-Existing Test Server   ...DONE!
[2024-10-03 03:03:18.676] [main] [info] Pinging Pump Server Mayson...
[2024-10-03 03:03:18.801] [main] [info] Pump Server ping OK!
[2024-10-03 03:03:18.801] [main] [info] Pinging Pump Server Mayson   ...DONE!
[2024-10-03 03:03:18.801] [main] [info] Pinging all valve stations...
[2024-10-03 03:03:28.020] [main] [error] Fatal: James not available!
[2024-10-03 03:03:28.020] [main] [error] Fatal: Lucas not available!
[2024-10-03 03:03:28.020] [main] [error] Fatal: Felix not available!
[2024-10-03 03:03:28.020] [main] [info] Pinging all valve stations   ...DONE!
[2024-10-03 03:03:28.020] [main] [info] Pinging Non-Existing Test Server...
[2024-10-03 03:03:31.092] [main] [info] Pinging Non-Existing Test Server OK!
[2024-10-03 03:03:31.092] [main] [info] Pinging Non-Existing Test Server   ...DONE!
[2024-10-03 03:03:31.092] [main] [info] Pinging Pump Server Mayson...
[2024-10-03 03:03:31.188] [main] [info] Pump Server ping OK!
[2024-10-03 03:03:31.188] [main] [info] Pinging Pump Server Mayson   ...DONE!
[2024-10-03 03:03:31.188] [main] [info] Pinging all valve stations...
[2024-10-03 03:03:40.404] [main] [error] Fatal: James not available!
[2024-10-03 03:03:40.404] [main] [error] Fatal: Lucas not available!
[2024-10-03 03:03:40.404] [main] [error] Fatal: Felix not available!
[2024-10-03 03:03:40.404] [main] [info] Pinging all valve stations   ...DONE!
[2024-10-03 03:03:40.404] [main] [info] Pinging Non-Existing Test Server...
[2024-10-03 03:03:43.476] [main] [info] Pinging Non-Existing Test Server OK!
[2024-10-03 03:03:43.476] [main] [info] Pinging Non-Existing Test Server   ...DONE!
[2024-10-03 03:03:43.476] [main] [info] Pinging Pump Server Mayson...
[2024-10-03 03:03:43.574] [main] [info] Pump Server ping OK!
[2024-10-03 03:03:43.574] [main] [info] Pinging Pump Server Mayson   ...DONE!
[2024-10-03 03:03:43.574] [main] [info] Pinging all valve stations...
[2024-10-03 03:03:52.788] [main] [error] Fatal: James not available!
[2024-10-03 03:03:52.788] [main] [error] Fatal: Lucas not available!
[2024-10-03 03:03:52.788] [main] [error] Fatal: Felix not available!
[2024-10-03 03:03:52.788] [main] [info] Pinging all valve stations   ...DONE!
[2024-10-03 03:03:52.788] [main] [info] Pinging Non-Existing Test Server...
[2024-10-03 03:03:55.860] [main] [info] Pinging Non-Existing Test Server OK!
[2024-10-03 03:03:55.860] [main] [info] Pinging Non-Existing Test Server   ...DONE!
[2024-10-03 03:03:55.860] [main] [info] Pinging Pump Server Mayson...
[2024-10-03 03:03:55.971] [main] [info] Pump Server ping OK!
[2024-10-03 03:03:55.971] [main] [info] Pinging Pump Server Mayson   ...DONE!
[2024-10-03 03:03:55.971] [main] [info] Pinging all valve stations...
[2024-10-03 03:04:05.172] [main] [error] Fatal: James not available!
[2024-10-03 03:04:05.172] [main] [error] Fatal: Lucas not available!
[2024-10-03 03:04:05.172] [main] [error] Fatal: Felix not available!
[2024-10-03 03:04:05.172] [main] [info] Pinging all valve stations   ...DONE!
[2024-10-03 03:04:05.172] [main] [info] Pinging Non-Existing Test Server...
[2024-10-03 03:04:08.244] [main] [info] Pinging Non-Existing Test Server OK!
[2024-10-03 03:04:08.244] [main] [info] Pinging Non-Existing Test Server   ...DONE!
[2024-10-03 03:04:08.244] [main] [info] Pinging Pump Server Mayson...
[2024-10-03 03:04:08.457] [main] [info] Pump Server ping OK!
[2024-10-03 03:04:08.457] [main] [info] Pinging Pump Server Mayson   ...DONE!
[2024-10-03 03:04:08.457] [main] [info] Pinging all valve stations...
[2024-10-03 03:04:17.684] [main] [error] Fatal: James not available!
[2024-10-03 03:04:17.684] [main] [error] Fatal: Lucas not available!
[2024-10-03 03:04:17.684] [main] [error] Fatal: Felix not available!
[2024-10-03 03:04:17.684] [main] [info] Pinging all valve stations   ...DONE!
[2024-10-03 03:04:17.684] [main] [info] Pinging Non-Existing Test Server...
[2024-10-03 03:04:20.756] [main] [info] Pinging Non-Existing Test Server OK!
[2024-10-03 03:04:20.756] [main] [info] Pinging Non-Existing Test Server   ...DONE!
[2024-10-03 03:04:20.756] [main] [info] Pinging Pump Server Mayson...
[2024-10-03 03:04:20.858] [main] [info] Pump Server ping OK!
[2024-10-03 03:04:20.858] [main] [info] Pinging Pump Server Mayson   ...DONE!
[2024-10-03 03:04:20.858] [main] [info] Pinging all valve stations...
[2024-10-03 03:04:30.067] [main] [error] Fatal: James not available!
[2024-10-03 03:04:30.068] [main] [error] Fatal: Lucas not available!
[2024-10-03 03:04:30.068] [main] [error] Fatal: Felix not available!
[2024-10-03 03:04:30.068] [main] [info] Pinging all valve stations   ...DONE!
[2024-10-03 03:04:30.068] [main] [info] Pinging Non-Existing Test Server...
[2024-10-03 03:04:33.140] [main] [info] Pinging Non-Existing Test Server OK!
[2024-10-03 03:04:33.140] [main] [info] Pinging Non-Existing Test Server   ...DONE!
[2024-10-03 03:04:33.140] [main] [info] Pinging Pump Server Mayson...
[2024-10-03 03:04:33.244] [main] [info] Pump Server ping OK!
[2024-10-03 03:04:33.244] [main] [info] Pinging Pump Server Mayson   ...DONE!
[2024-10-03 03:04:33.244] [main] [info] Pinging all valve stations...
[2024-10-03 03:04:42.452] [main] [error] Fatal: James not available!
[2024-10-03 03:04:42.452] [main] [error] Fatal: Lucas not available!
[2024-10-03 03:04:42.452] [main] [error] Fatal: Felix not available!
[2024-10-03 03:04:42.452] [main] [info] Pinging all valve stations   ...DONE!
[2024-10-03 03:04:42.452] [main] [info] Pinging Non-Existing Test Server...
[2024-10-03 03:04:45.524] [main] [info] Pinging Non-Existing Test Server OK!
[2024-10-03 03:04:45.524] [main] [info] Pinging Non-Existing Test Server   ...DONE!
[2024-10-03 03:04:45.821] [main] [info] Creating Landscape...
[2024-10-03 03:04:45.821] [main] [info] Creating Landscape...
[2024-10-03 03:04:45.821] [main] [info] Creating Felix...
[2024-10-03 03:04:45.821] [main] [info] Creating James...
[2024-10-03 03:04:45.821] [main] [info] Creating Lucas...
[2024-10-03 03:04:45.821] [main] [info] Fetching timestamp...
std::chrono::system_clock::now().time_since_epoch()   :   1727917485821517431
get_seconds_since_epoch_now(bool verbose /* true */)   :   1727917485
minutes since epoch   :   28798624
minute of day   :   64
minute of hour   :   4
hour of day   :   1
[2024-10-03 03:04:45.821] [main] [info] Checking timestamp.txt...
[2024-10-03 03:04:45.821] [main] [debug] The timestamp.txt is always written when watering is triggered. It is read to check if I was already done with watering some minutes ago.
previous time_stamp:   28797325
[2024-10-03 03:04:45.822] [main] [info] Checking timestamp.txt   ...DONE!
[2024-10-03 03:04:45.822] [main] [info] It's not time for watering now!
[2024-10-03 03:04:45.822] [main] [info] Minute Intraday:   64
[2024-10-03 03:04:45.822] [main] [info] Days since Epoch:   19999
[2024-10-03 03:04:45.822] [main] [info] Accumulated watering times:

Felix   :           Klee Feld  :      0.00 min
Felix   :          Eiben Klee  :      0.00 min
James   :              Erbsen  :      0.00 min
James   :          Kartoffeln  :      0.00 min
James   :              Gurken  :      0.00 min
James   :        Tomaten+Mara  :      0.00 min
Lucas   :      Bohnen-Flieder  :      0.00 min
Lucas   :        Heidelbeeren  :      0.00 min
Lucas   :            Karotten  :      0.00 min

%%%%%%%%%%     [4] Run the executable   ...DONE!
elapsed time:   248s
=====================================================================================================
