=====================================================================================================
%%%%%%%%%%     [6] Uploading logs and go sleeping...
> sudo -u mayadm git checkout artifacts
Bereits auf 'artifacts'
D	maya/artifacts/logs/16016--2024-10-03--06h51---7.log
D	maya/artifacts/logs/16017--2024-10-03--07h37---1.log
D	maya/artifacts/logs/16017--2024-10-03--07h37---2.log
D	maya/artifacts/logs/16017--2024-10-03--07h37---3.log
D	maya/artifacts/logs/16017--2024-10-03--07h37---4.log
D	maya/artifacts/logs/16017--2024-10-03--07h37---5.log
D	maya/artifacts/logs/16017--2024-10-03--07h37---6.log
Ihr Branch ist auf demselben Stand wie 'origin/artifacts'.
> sudo -u mayadm git pull
Bereits aktuell.
> sudo -u mayadm git merge maya-productive
Bereits aktuell.
> sudo -u mayadm git add "../artifacts/logs/*.log" -f
> sudo -u mayadm git add -u
> sudo -u mayadm git commit -m "logs at 2024-10-03--08h23"
[artifacts 9870af35d] logs at 2024-10-03--08h23
 8 files changed, 303 insertions(+), 300 deletions(-)
 delete mode 100644 maya/artifacts/logs/16017--2024-10-03--07h37---4.log
 rename maya/artifacts/logs/{16016--2024-10-03--06h51---7.log => 16017--2024-10-03--07h37---7.log} (61%)
 rename maya/artifacts/logs/{16017--2024-10-03--07h37---1.log => 16018--2024-10-03--08h23---1.log} (91%)
 rename maya/artifacts/logs/{16017--2024-10-03--07h37---2.log => 16018--2024-10-03--08h23---2.log} (65%)
 rename maya/artifacts/logs/{16017--2024-10-03--07h37---3.log => 16018--2024-10-03--08h23---3.log} (95%)
 create mode 100644 maya/artifacts/logs/16018--2024-10-03--08h23---4.log
 rename maya/artifacts/logs/{16017--2024-10-03--07h37---5.log => 16018--2024-10-03--08h23---5.log} (75%)
 rename maya/artifacts/logs/{16017--2024-10-03--07h37---6.log => 16018--2024-10-03--08h23---6.log} (100%)
> sudo -u mayadm git push
To https://github.com/Necktschnagge/wired-watering
   33edbe719..9870af35d  artifacts -> artifacts
> sudo -u mayadm git checkout maya-productive
Zu Zweig »maya-productive« gewechselt
Ihr Branch ist auf demselben Stand wie 'origin/maya-productive'.
> sudo -u mayadm git push
Everything up-to-date
##############################################################
###################                        ###################
###################     GOING TO SLEEP     ###################
###################                        ###################
##############################################################
#######                                                #######
#######   Press CTRL + C NOW to abort script safely!   #######
#######                                                #######
##############################################################
##############################################################
#######                                                #######
#######               NOW GOING TO SLEEP               #######
#######                                                #######
##############################################################
> rtcwake -m mem -s 2400
rtcwake: RTC wird als UTC interpretiert …
rtcwake: aufwachen von „mem“ durch /dev/rtc0 bei Thu Oct  3 07:09:30 2024
##############################################################
#######                                                #######
#######            just waked up from sleep            #######
#######                                                #######
##############################################################
%%%%%%%%%%     [6] Uploading logs and go sleeping   ...DONE!
elapsed time:   2420s
=====================================================================================================
