=====================================================================================================
%%%%%%%%%%     [6] Uploading logs and go sleeping...
> sudo -u mayadm git checkout artifacts
Bereits auf 'artifacts'
D	maya/artifacts/logs/16025--2024-10-03--13h49---7.log
D	maya/artifacts/logs/16026--2024-10-03--14h35---1.log
D	maya/artifacts/logs/16026--2024-10-03--14h35---2.log
D	maya/artifacts/logs/16026--2024-10-03--14h35---3.log
D	maya/artifacts/logs/16026--2024-10-03--14h35---4.log
D	maya/artifacts/logs/16026--2024-10-03--14h35---5.log
D	maya/artifacts/logs/16026--2024-10-03--14h35---6.log
Ihr Branch ist auf demselben Stand wie 'origin/artifacts'.
> sudo -u mayadm git pull
Bereits aktuell.
> sudo -u mayadm git merge maya-productive
Bereits aktuell.
> sudo -u mayadm git add "../artifacts/logs/*.log" -f
> sudo -u mayadm git add -u
> sudo -u mayadm git commit -m "logs at 2024-10-03--15h22"
[artifacts 4c18d0cf5] logs at 2024-10-03--15h22
 8 files changed, 299 insertions(+), 302 deletions(-)
 delete mode 100644 maya/artifacts/logs/16026--2024-10-03--14h35---4.log
 rename maya/artifacts/logs/{16025--2024-10-03--13h49---7.log => 16026--2024-10-03--14h35---7.log} (62%)
 rename maya/artifacts/logs/{16026--2024-10-03--14h35---1.log => 16027--2024-10-03--15h22---1.log} (91%)
 rename maya/artifacts/logs/{16026--2024-10-03--14h35---2.log => 16027--2024-10-03--15h22---2.log} (65%)
 rename maya/artifacts/logs/{16026--2024-10-03--14h35---3.log => 16027--2024-10-03--15h22---3.log} (95%)
 create mode 100644 maya/artifacts/logs/16027--2024-10-03--15h22---4.log
 rename maya/artifacts/logs/{16026--2024-10-03--14h35---5.log => 16027--2024-10-03--15h22---5.log} (77%)
 rename maya/artifacts/logs/{16026--2024-10-03--14h35---6.log => 16027--2024-10-03--15h22---6.log} (100%)
> sudo -u mayadm git push
To https://github.com/Necktschnagge/wired-watering
   04a28977f..4c18d0cf5  artifacts -> artifacts
> sudo -u mayadm git checkout maya-productive
Zu Zweig »maya-productive« gewechselt
Ihr Branch ist auf demselben Stand wie 'origin/maya-productive'.
> sudo -u mayadm git push
Everything up-to-date
##############################################################
###################                        ###################
###################     GOING TO SLEEP     ###################
###################                        ###################
##############################################################
#######                                                #######
#######   Press CTRL + C NOW to abort script safely!   #######
#######                                                #######
##############################################################
##############################################################
#######                                                #######
#######               NOW GOING TO SLEEP               #######
#######                                                #######
##############################################################
> rtcwake -m mem -s 2400
rtcwake: RTC wird als UTC interpretiert …
rtcwake: aufwachen von „mem“ durch /dev/rtc0 bei Thu Oct  3 14:08:20 2024
##############################################################
#######                                                #######
#######            just waked up from sleep            #######
#######                                                #######
##############################################################
%%%%%%%%%%     [6] Uploading logs and go sleeping   ...DONE!
elapsed time:   2419s
=====================================================================================================
