=====================================================================================================
%%%%%%%%%%     [4] Run the executable...
>Please note:  Even if all builds failed, the last built executable is still there and will be started!
> sudo -u mayadm ./ur-unix-run.sh
[2024-10-03 16:10:28.140] [main] [info] Pinging Pump Server Mayson...
[2024-10-03 16:10:29.209] [main] [info] Pump Server ping OK!
[2024-10-03 16:10:29.209] [main] [info] Pinging Pump Server Mayson   ...DONE!
[2024-10-03 16:10:29.209] [main] [info] Pinging all valve stations...
[2024-10-03 16:10:38.412] [main] [error] Fatal: James not available!
[2024-10-03 16:10:38.412] [main] [error] Fatal: Lucas not available!
[2024-10-03 16:10:38.412] [main] [error] Fatal: Felix not available!
[2024-10-03 16:10:38.412] [main] [info] Pinging all valve stations   ...DONE!
[2024-10-03 16:10:38.412] [main] [info] Pinging Non-Existing Test Server...
[2024-10-03 16:10:41.484] [main] [info] Pinging Non-Existing Test Server OK!
[2024-10-03 16:10:41.484] [main] [info] Pinging Non-Existing Test Server   ...DONE!
[2024-10-03 16:10:41.484] [main] [info] Pinging Pump Server Mayson...
[2024-10-03 16:10:41.580] [main] [info] Pump Server ping OK!
[2024-10-03 16:10:41.580] [main] [info] Pinging Pump Server Mayson   ...DONE!
[2024-10-03 16:10:41.580] [main] [info] Pinging all valve stations...
[2024-10-03 16:10:50.796] [main] [error] Fatal: James not available!
[2024-10-03 16:10:50.796] [main] [error] Fatal: Lucas not available!
[2024-10-03 16:10:50.796] [main] [error] Fatal: Felix not available!
[2024-10-03 16:10:50.796] [main] [info] Pinging all valve stations   ...DONE!
[2024-10-03 16:10:50.796] [main] [info] Pinging Non-Existing Test Server...
[2024-10-03 16:10:53.868] [main] [info] Pinging Non-Existing Test Server OK!
[2024-10-03 16:10:53.868] [main] [info] Pinging Non-Existing Test Server   ...DONE!
[2024-10-03 16:10:53.868] [main] [info] Pinging Pump Server Mayson...
[2024-10-03 16:10:53.935] [main] [info] Pump Server ping OK!
[2024-10-03 16:10:53.935] [main] [info] Pinging Pump Server Mayson   ...DONE!
[2024-10-03 16:10:53.935] [main] [info] Pinging all valve stations...
[2024-10-03 16:11:03.148] [main] [error] Fatal: James not available!
[2024-10-03 16:11:03.148] [main] [error] Fatal: Lucas not available!
[2024-10-03 16:11:03.148] [main] [error] Fatal: Felix not available!
[2024-10-03 16:11:03.148] [main] [info] Pinging all valve stations   ...DONE!
[2024-10-03 16:11:03.148] [main] [info] Pinging Non-Existing Test Server...
[2024-10-03 16:11:06.220] [main] [info] Pinging Non-Existing Test Server OK!
[2024-10-03 16:11:06.220] [main] [info] Pinging Non-Existing Test Server   ...DONE!
[2024-10-03 16:11:06.220] [main] [info] Pinging Pump Server Mayson...
[2024-10-03 16:11:06.312] [main] [info] Pump Server ping OK!
[2024-10-03 16:11:06.312] [main] [info] Pinging Pump Server Mayson   ...DONE!
[2024-10-03 16:11:06.312] [main] [info] Pinging all valve stations...
[2024-10-03 16:11:15.532] [main] [error] Fatal: James not available!
[2024-10-03 16:11:15.532] [main] [error] Fatal: Lucas not available!
[2024-10-03 16:11:15.532] [main] [error] Fatal: Felix not available!
[2024-10-03 16:11:15.532] [main] [info] Pinging all valve stations   ...DONE!
[2024-10-03 16:11:15.532] [main] [info] Pinging Non-Existing Test Server...
[2024-10-03 16:11:18.604] [main] [info] Pinging Non-Existing Test Server OK!
[2024-10-03 16:11:18.604] [main] [info] Pinging Non-Existing Test Server   ...DONE!
[2024-10-03 16:11:18.604] [main] [info] Pinging Pump Server Mayson...
[2024-10-03 16:11:18.706] [main] [info] Pump Server ping OK!
[2024-10-03 16:11:18.706] [main] [info] Pinging Pump Server Mayson   ...DONE!
[2024-10-03 16:11:18.707] [main] [info] Pinging all valve stations...
[2024-10-03 16:11:27.916] [main] [error] Fatal: James not available!
[2024-10-03 16:11:27.916] [main] [error] Fatal: Lucas not available!
[2024-10-03 16:11:27.916] [main] [error] Fatal: Felix not available!
[2024-10-03 16:11:27.916] [main] [info] Pinging all valve stations   ...DONE!
[2024-10-03 16:11:27.916] [main] [info] Pinging Non-Existing Test Server...
[2024-10-03 16:11:30.988] [main] [info] Pinging Non-Existing Test Server OK!
[2024-10-03 16:11:30.988] [main] [info] Pinging Non-Existing Test Server   ...DONE!
[2024-10-03 16:11:30.988] [main] [info] Pinging Pump Server Mayson...
[2024-10-03 16:11:31.086] [main] [info] Pump Server ping OK!
[2024-10-03 16:11:31.086] [main] [info] Pinging Pump Server Mayson   ...DONE!
[2024-10-03 16:11:31.086] [main] [info] Pinging all valve stations...
[2024-10-03 16:11:40.300] [main] [error] Fatal: James not available!
[2024-10-03 16:11:40.300] [main] [error] Fatal: Lucas not available!
[2024-10-03 16:11:40.300] [main] [error] Fatal: Felix not available!
[2024-10-03 16:11:40.300] [main] [info] Pinging all valve stations   ...DONE!
[2024-10-03 16:11:40.300] [main] [info] Pinging Non-Existing Test Server...
[2024-10-03 16:11:43.372] [main] [info] Pinging Non-Existing Test Server OK!
[2024-10-03 16:11:43.372] [main] [info] Pinging Non-Existing Test Server   ...DONE!
[2024-10-03 16:11:43.372] [main] [info] Pinging Pump Server Mayson...
[2024-10-03 16:11:43.469] [main] [info] Pump Server ping OK!
[2024-10-03 16:11:43.469] [main] [info] Pinging Pump Server Mayson   ...DONE!
[2024-10-03 16:11:43.469] [main] [info] Pinging all valve stations...
[2024-10-03 16:11:52.684] [main] [error] Fatal: James not available!
[2024-10-03 16:11:52.684] [main] [error] Fatal: Lucas not available!
[2024-10-03 16:11:52.684] [main] [error] Fatal: Felix not available!
[2024-10-03 16:11:52.684] [main] [info] Pinging all valve stations   ...DONE!
[2024-10-03 16:11:52.684] [main] [info] Pinging Non-Existing Test Server...
[2024-10-03 16:11:55.756] [main] [info] Pinging Non-Existing Test Server OK!
[2024-10-03 16:11:55.756] [main] [info] Pinging Non-Existing Test Server   ...DONE!
[2024-10-03 16:11:55.756] [main] [info] Pinging Pump Server Mayson...
[2024-10-03 16:11:55.968] [main] [info] Pump Server ping OK!
[2024-10-03 16:11:55.968] [main] [info] Pinging Pump Server Mayson   ...DONE!
[2024-10-03 16:11:55.968] [main] [info] Pinging all valve stations...
[2024-10-03 16:12:05.196] [main] [error] Fatal: James not available!
[2024-10-03 16:12:05.196] [main] [error] Fatal: Lucas not available!
[2024-10-03 16:12:05.196] [main] [error] Fatal: Felix not available!
[2024-10-03 16:12:05.196] [main] [info] Pinging all valve stations   ...DONE!
[2024-10-03 16:12:05.196] [main] [info] Pinging Non-Existing Test Server...
[2024-10-03 16:12:08.268] [main] [info] Pinging Non-Existing Test Server OK!
[2024-10-03 16:12:08.268] [main] [info] Pinging Non-Existing Test Server   ...DONE!
[2024-10-03 16:12:08.268] [main] [info] Pinging Pump Server Mayson...
[2024-10-03 16:12:08.354] [main] [info] Pump Server ping OK!
[2024-10-03 16:12:08.354] [main] [info] Pinging Pump Server Mayson   ...DONE!
[2024-10-03 16:12:08.354] [main] [info] Pinging all valve stations...
[2024-10-03 16:12:17.580] [main] [error] Fatal: James not available!
[2024-10-03 16:12:17.580] [main] [error] Fatal: Lucas not available!
[2024-10-03 16:12:17.580] [main] [error] Fatal: Felix not available!
[2024-10-03 16:12:17.580] [main] [info] Pinging all valve stations   ...DONE!
[2024-10-03 16:12:17.580] [main] [info] Pinging Non-Existing Test Server...
[2024-10-03 16:12:20.652] [main] [info] Pinging Non-Existing Test Server OK!
[2024-10-03 16:12:20.652] [main] [info] Pinging Non-Existing Test Server   ...DONE!
[2024-10-03 16:12:20.652] [main] [info] Pinging Pump Server Mayson...
[2024-10-03 16:12:20.761] [main] [info] Pump Server ping OK!
[2024-10-03 16:12:20.761] [main] [info] Pinging Pump Server Mayson   ...DONE!
[2024-10-03 16:12:20.761] [main] [info] Pinging all valve stations...
[2024-10-03 16:12:29.964] [main] [error] Fatal: James not available!
[2024-10-03 16:12:29.964] [main] [error] Fatal: Lucas not available!
[2024-10-03 16:12:29.964] [main] [error] Fatal: Felix not available!
[2024-10-03 16:12:29.964] [main] [info] Pinging all valve stations   ...DONE!
[2024-10-03 16:12:29.964] [main] [info] Pinging Non-Existing Test Server...
[2024-10-03 16:12:33.036] [main] [info] Pinging Non-Existing Test Server OK!
[2024-10-03 16:12:33.036] [main] [info] Pinging Non-Existing Test Server   ...DONE!
[2024-10-03 16:12:33.036] [main] [info] Pinging Pump Server Mayson...
[2024-10-03 16:12:33.146] [main] [info] Pump Server ping OK!
[2024-10-03 16:12:33.146] [main] [info] Pinging Pump Server Mayson   ...DONE!
[2024-10-03 16:12:33.146] [main] [info] Pinging all valve stations...
[2024-10-03 16:12:42.348] [main] [error] Fatal: James not available!
[2024-10-03 16:12:42.348] [main] [error] Fatal: Lucas not available!
[2024-10-03 16:12:42.348] [main] [error] Fatal: Felix not available!
[2024-10-03 16:12:42.348] [main] [info] Pinging all valve stations   ...DONE!
[2024-10-03 16:12:42.348] [main] [info] Pinging Non-Existing Test Server...
[2024-10-03 16:12:45.420] [main] [info] Pinging Non-Existing Test Server OK!
[2024-10-03 16:12:45.420] [main] [info] Pinging Non-Existing Test Server   ...DONE!
[2024-10-03 16:12:45.420] [main] [info] Pinging Pump Server Mayson...
[2024-10-03 16:12:55.425] [main] [error] Fatal: Pump Server not available!
[2024-10-03 16:12:55.425] [main] [info] Pinging Pump Server Mayson   ...DONE!
[2024-10-03 16:12:55.425] [main] [info] Pinging all valve stations...
[2024-10-03 16:13:04.652] [main] [error] Fatal: James not available!
[2024-10-03 16:13:04.652] [main] [error] Fatal: Lucas not available!
[2024-10-03 16:13:04.652] [main] [error] Fatal: Felix not available!
[2024-10-03 16:13:04.652] [main] [info] Pinging all valve stations   ...DONE!
[2024-10-03 16:13:04.652] [main] [info] Pinging Non-Existing Test Server...
[2024-10-03 16:13:07.724] [main] [info] Pinging Non-Existing Test Server OK!
[2024-10-03 16:13:07.724] [main] [info] Pinging Non-Existing Test Server   ...DONE!
[2024-10-03 16:13:07.724] [main] [info] Pinging Pump Server Mayson...
[2024-10-03 16:13:07.750] [main] [info] Pump Server ping OK!
[2024-10-03 16:13:07.750] [main] [info] Pinging Pump Server Mayson   ...DONE!
[2024-10-03 16:13:07.750] [main] [info] Pinging all valve stations...
[2024-10-03 16:13:16.972] [main] [error] Fatal: James not available!
[2024-10-03 16:13:16.972] [main] [error] Fatal: Lucas not available!
[2024-10-03 16:13:16.972] [main] [error] Fatal: Felix not available!
[2024-10-03 16:13:16.972] [main] [info] Pinging all valve stations   ...DONE!
[2024-10-03 16:13:16.972] [main] [info] Pinging Non-Existing Test Server...
[2024-10-03 16:13:20.044] [main] [info] Pinging Non-Existing Test Server OK!
[2024-10-03 16:13:20.044] [main] [info] Pinging Non-Existing Test Server   ...DONE!
[2024-10-03 16:13:20.044] [main] [info] Pinging Pump Server Mayson...
[2024-10-03 16:13:20.134] [main] [info] Pump Server ping OK!
[2024-10-03 16:13:20.134] [main] [info] Pinging Pump Server Mayson   ...DONE!
[2024-10-03 16:13:20.134] [main] [info] Pinging all valve stations...
[2024-10-03 16:13:29.356] [main] [error] Fatal: James not available!
[2024-10-03 16:13:29.356] [main] [error] Fatal: Lucas not available!
[2024-10-03 16:13:29.356] [main] [error] Fatal: Felix not available!
[2024-10-03 16:13:29.356] [main] [info] Pinging all valve stations   ...DONE!
[2024-10-03 16:13:29.356] [main] [info] Pinging Non-Existing Test Server...
[2024-10-03 16:13:32.428] [main] [info] Pinging Non-Existing Test Server OK!
[2024-10-03 16:13:32.428] [main] [info] Pinging Non-Existing Test Server   ...DONE!
[2024-10-03 16:13:32.428] [main] [info] Pinging Pump Server Mayson...
[2024-10-03 16:13:32.521] [main] [info] Pump Server ping OK!
[2024-10-03 16:13:32.521] [main] [info] Pinging Pump Server Mayson   ...DONE!
[2024-10-03 16:13:32.521] [main] [info] Pinging all valve stations...
[2024-10-03 16:13:41.740] [main] [error] Fatal: James not available!
[2024-10-03 16:13:41.740] [main] [error] Fatal: Lucas not available!
[2024-10-03 16:13:41.740] [main] [error] Fatal: Felix not available!
[2024-10-03 16:13:41.740] [main] [info] Pinging all valve stations   ...DONE!
[2024-10-03 16:13:41.740] [main] [info] Pinging Non-Existing Test Server...
[2024-10-03 16:13:44.812] [main] [info] Pinging Non-Existing Test Server OK!
[2024-10-03 16:13:44.812] [main] [info] Pinging Non-Existing Test Server   ...DONE!
[2024-10-03 16:13:44.812] [main] [info] Pinging Pump Server Mayson...
[2024-10-03 16:13:44.915] [main] [info] Pump Server ping OK!
[2024-10-03 16:13:44.915] [main] [info] Pinging Pump Server Mayson   ...DONE!
[2024-10-03 16:13:44.915] [main] [info] Pinging all valve stations...
[2024-10-03 16:13:54.124] [main] [error] Fatal: James not available!
[2024-10-03 16:13:54.124] [main] [error] Fatal: Lucas not available!
[2024-10-03 16:13:54.124] [main] [error] Fatal: Felix not available!
[2024-10-03 16:13:54.124] [main] [info] Pinging all valve stations   ...DONE!
[2024-10-03 16:13:54.124] [main] [info] Pinging Non-Existing Test Server...
[2024-10-03 16:13:57.196] [main] [info] Pinging Non-Existing Test Server OK!
[2024-10-03 16:13:57.196] [main] [info] Pinging Non-Existing Test Server   ...DONE!
[2024-10-03 16:13:57.196] [main] [info] Pinging Pump Server Mayson...
[2024-10-03 16:13:57.304] [main] [info] Pump Server ping OK!
[2024-10-03 16:13:57.304] [main] [info] Pinging Pump Server Mayson   ...DONE!
[2024-10-03 16:13:57.304] [main] [info] Pinging all valve stations...
[2024-10-03 16:14:06.508] [main] [error] Fatal: James not available!
[2024-10-03 16:14:06.508] [main] [error] Fatal: Lucas not available!
[2024-10-03 16:14:06.508] [main] [error] Fatal: Felix not available!
[2024-10-03 16:14:06.508] [main] [info] Pinging all valve stations   ...DONE!
[2024-10-03 16:14:06.508] [main] [info] Pinging Non-Existing Test Server...
[2024-10-03 16:14:09.580] [main] [info] Pinging Non-Existing Test Server OK!
[2024-10-03 16:14:09.580] [main] [info] Pinging Non-Existing Test Server   ...DONE!
[2024-10-03 16:14:09.580] [main] [info] Pinging Pump Server Mayson...
[2024-10-03 16:14:09.685] [main] [info] Pump Server ping OK!
[2024-10-03 16:14:09.685] [main] [info] Pinging Pump Server Mayson   ...DONE!
[2024-10-03 16:14:09.685] [main] [info] Pinging all valve stations...
[2024-10-03 16:14:18.892] [main] [error] Fatal: James not available!
[2024-10-03 16:14:18.892] [main] [error] Fatal: Lucas not available!
[2024-10-03 16:14:18.892] [main] [error] Fatal: Felix not available!
[2024-10-03 16:14:18.892] [main] [info] Pinging all valve stations   ...DONE!
[2024-10-03 16:14:18.892] [main] [info] Pinging Non-Existing Test Server...
[2024-10-03 16:14:21.964] [main] [info] Pinging Non-Existing Test Server OK!
[2024-10-03 16:14:21.964] [main] [info] Pinging Non-Existing Test Server   ...DONE!
[2024-10-03 16:14:21.964] [main] [info] Pinging Pump Server Mayson...
[2024-10-03 16:14:22.181] [main] [info] Pump Server ping OK!
[2024-10-03 16:14:22.181] [main] [info] Pinging Pump Server Mayson   ...DONE!
[2024-10-03 16:14:22.181] [main] [info] Pinging all valve stations...
[2024-10-03 16:14:31.404] [main] [error] Fatal: James not available!
[2024-10-03 16:14:31.404] [main] [error] Fatal: Lucas not available!
[2024-10-03 16:14:31.404] [main] [error] Fatal: Felix not available!
[2024-10-03 16:14:31.404] [main] [info] Pinging all valve stations   ...DONE!
[2024-10-03 16:14:31.404] [main] [info] Pinging Non-Existing Test Server...
[2024-10-03 16:14:34.476] [main] [info] Pinging Non-Existing Test Server OK!
[2024-10-03 16:14:34.476] [main] [info] Pinging Non-Existing Test Server   ...DONE!
[2024-10-03 16:14:34.476] [main] [info] Pinging Pump Server Mayson...
[2024-10-03 16:14:34.566] [main] [info] Pump Server ping OK!
[2024-10-03 16:14:34.566] [main] [info] Pinging Pump Server Mayson   ...DONE!
[2024-10-03 16:14:34.566] [main] [info] Pinging all valve stations...
[2024-10-03 16:14:43.788] [main] [error] Fatal: James not available!
[2024-10-03 16:14:43.788] [main] [error] Fatal: Lucas not available!
[2024-10-03 16:14:43.788] [main] [error] Fatal: Felix not available!
[2024-10-03 16:14:43.788] [main] [info] Pinging all valve stations   ...DONE!
[2024-10-03 16:14:43.788] [main] [info] Pinging Non-Existing Test Server...
[2024-10-03 16:14:46.860] [main] [info] Pinging Non-Existing Test Server OK!
[2024-10-03 16:14:46.860] [main] [info] Pinging Non-Existing Test Server   ...DONE!
[2024-10-03 16:14:47.350] [main] [info] Creating Landscape...
[2024-10-03 16:14:47.350] [main] [info] Creating Landscape...
[2024-10-03 16:14:47.350] [main] [info] Creating Felix...
[2024-10-03 16:14:47.350] [main] [info] Creating James...
[2024-10-03 16:14:47.350] [main] [info] Creating Lucas...
[2024-10-03 16:14:47.351] [main] [info] Fetching timestamp...
std::chrono::system_clock::now().time_since_epoch()   :   1727964887351044606
get_seconds_since_epoch_now(bool verbose /* true */)   :   1727964887
minutes since epoch   :   28799414
minute of day   :   854
minute of hour   :   14
hour of day   :   14
[2024-10-03 16:14:47.351] [main] [info] Checking timestamp.txt...
[2024-10-03 16:14:47.351] [main] [debug] The timestamp.txt is always written when watering is triggered. It is read to check if I was already done with watering some minutes ago.
previous time_stamp:   28798763
[2024-10-03 16:14:47.351] [main] [info] Checking timestamp.txt   ...DONE!
[2024-10-03 16:14:47.351] [main] [info] It's not time for watering now!
[2024-10-03 16:14:47.351] [main] [info] Minute Intraday:   854
[2024-10-03 16:14:47.351] [main] [info] Days since Epoch:   19999
[2024-10-03 16:14:47.352] [main] [info] Accumulated watering times:

Felix   :           Klee Feld  :      0.00 min
Felix   :          Eiben Klee  :      0.00 min
James   :              Erbsen  :      0.00 min
James   :          Kartoffeln  :      0.00 min
James   :              Gurken  :      0.00 min
James   :        Tomaten+Mara  :      0.00 min
Lucas   :      Bohnen-Flieder  :      0.00 min
Lucas   :        Heidelbeeren  :      0.00 min
Lucas   :            Karotten  :      0.00 min

%%%%%%%%%%     [4] Run the executable   ...DONE!
elapsed time:   259s
=====================================================================================================
