=====================================================================================================
%%%%%%%%%%     [6] Uploading logs and go sleeping...
> sudo -u mayadm git checkout artifacts
Zu Zweig »artifacts« gewechselt
Ihr Branch ist auf demselben Stand wie 'origin/artifacts'.
> sudo -u mayadm git pull
Bereits aktuell.
> sudo -u mayadm git merge maya-productive
Bereits aktuell.
> sudo -u mayadm git add "../artifacts/logs/1642-*.log" -f
> sudo -u mayadm git add "../artifacts/logs/1641-*.log" -f
> sudo -u mayadm git commit -m "logs at 2022-06-23--17h30"
[artifacts cdea2b1] logs at 2022-06-23--17h30
 6 files changed, 253 insertions(+)
 create mode 100644 maya/artifacts/logs/1641--2022-06-23--17h09---6.log
 create mode 100644 maya/artifacts/logs/1642--2022-06-23--17h30---1.log
 create mode 100644 maya/artifacts/logs/1642--2022-06-23--17h30---2.log
 create mode 100644 maya/artifacts/logs/1642--2022-06-23--17h30---3.log
 create mode 100644 maya/artifacts/logs/1642--2022-06-23--17h30---4.log
 create mode 100644 maya/artifacts/logs/1642--2022-06-23--17h30---5.log
> sudo -u mayadm git push
To https://github.com/Necktschnagge/wired-watering
   1bc48b0..cdea2b1  artifacts -> artifacts
> sudo -u mayadm git checkout maya-productive
Zu Zweig »maya-productive« gewechselt
Ihr Branch ist auf demselben Stand wie 'origin/maya-productive'.
> sudo -u mayadm git push
Everything up-to-date
##############################################################
###################                        ###################
###################     GOING TO SLEEP     ###################
###################                        ###################
##############################################################
#######                                                #######
#######   Press CTRL + C NOW to abort script safely!   #######
#######                                                #######
##############################################################
##############################################################
#######                                                #######
#######               NOW GOING TO SLEEP               #######
#######                                                #######
##############################################################
> rtcwake -m mem -s 1200
rtcwake: RTC wird als UTC interpretiert …
rtcwake: aufwachen von „mem“ durch /dev/rtc0 bei Thu Jun 23 15:50:48 2022
##############################################################
#######                                                #######
#######            just waked up from sleep            #######
#######                                                #######
##############################################################
%%%%%%%%%%     [6] Uploading logs and go sleeping   ...DONE!
elapsed time:   1220s
=====================================================================================================
