=====================================================================================================
%%%%%%%%%%     [6] Uploading logs and go sleeping...
> sudo -u mayadm git checkout artifacts
Zu Zweig »artifacts« gewechselt
Ihr Branch ist auf demselben Stand wie 'origin/artifacts'.
> sudo -u mayadm git pull
Bereits aktuell.
> sudo -u mayadm git merge maya-productive
Bereits aktuell.
> sudo -u mayadm git add "../artifacts/logs/1681-*.log" -f
> sudo -u mayadm git add "../artifacts/logs/1680-*.log" -f
> sudo -u mayadm git commit -m "logs at 2022-06-24--08h00"
[artifacts de1e643] logs at 2022-06-24--08h00
 6 files changed, 252 insertions(+)
 create mode 100644 maya/artifacts/logs/1680--2022-06-24--07h39---6.log
 create mode 100644 maya/artifacts/logs/1681--2022-06-24--08h00---1.log
 create mode 100644 maya/artifacts/logs/1681--2022-06-24--08h00---2.log
 create mode 100644 maya/artifacts/logs/1681--2022-06-24--08h00---3.log
 create mode 100644 maya/artifacts/logs/1681--2022-06-24--08h00---4.log
 create mode 100644 maya/artifacts/logs/1681--2022-06-24--08h00---5.log
> sudo -u mayadm git push
To https://github.com/Necktschnagge/wired-watering
   d24665e..de1e643  artifacts -> artifacts
> sudo -u mayadm git checkout maya-productive
Zu Zweig »maya-productive« gewechselt
Ihr Branch ist auf demselben Stand wie 'origin/maya-productive'.
> sudo -u mayadm git push
Everything up-to-date
##############################################################
###################                        ###################
###################     GOING TO SLEEP     ###################
###################                        ###################
##############################################################
#######                                                #######
#######   Press CTRL + C NOW to abort script safely!   #######
#######                                                #######
##############################################################
##############################################################
#######                                                #######
#######               NOW GOING TO SLEEP               #######
#######                                                #######
##############################################################
> rtcwake -m mem -s 1200
rtcwake: RTC wird als UTC interpretiert …
rtcwake: aufwachen von „mem“ durch /dev/rtc0 bei Fri Jun 24 06:20:49 2022
##############################################################
#######                                                #######
#######            just waked up from sleep            #######
#######                                                #######
##############################################################
%%%%%%%%%%     [6] Uploading logs and go sleeping   ...DONE!
elapsed time:   1219s
=====================================================================================================
