=====================================================================================================
%%%%%%%%%%     [6] Uploading logs and go sleeping...
> sudo -u mayadm git checkout artifacts
Zu Zweig »artifacts« gewechselt
Ihr Branch ist auf demselben Stand wie 'origin/artifacts'.
> sudo -u mayadm git pull
Bereits aktuell.
> sudo -u mayadm git merge maya-productive
Bereits aktuell.
> sudo -u mayadm git add "../artifacts/logs/1830-*.log" -f
> sudo -u mayadm git add "../artifacts/logs/1829-*.log" -f
> sudo -u mayadm git commit -m "logs at 2022-06-26--11h36"
[artifacts 076e5b8] logs at 2022-06-26--11h36
 6 files changed, 253 insertions(+)
 create mode 100644 maya/artifacts/logs/1829--2022-06-26--11h35---6.log
 create mode 100644 maya/artifacts/logs/1830--2022-06-26--11h36---1.log
 create mode 100644 maya/artifacts/logs/1830--2022-06-26--11h36---2.log
 create mode 100644 maya/artifacts/logs/1830--2022-06-26--11h36---3.log
 create mode 100644 maya/artifacts/logs/1830--2022-06-26--11h36---4.log
 create mode 100644 maya/artifacts/logs/1830--2022-06-26--11h36---5.log
> sudo -u mayadm git push
To https://github.com/Necktschnagge/wired-watering
   87e3f40..076e5b8  artifacts -> artifacts
> sudo -u mayadm git checkout maya-productive
Zu Zweig »maya-productive« gewechselt
Ihr Branch ist auf demselben Stand wie 'origin/maya-productive'.
> sudo -u mayadm git push
Everything up-to-date
##############################################################
###################                        ###################
###################     GOING TO SLEEP     ###################
###################                        ###################
##############################################################
#######                                                #######
#######   Press CTRL + C NOW to abort script safely!   #######
#######                                                #######
##############################################################
##############################################################
#######                                                #######
#######               NOW GOING TO SLEEP               #######
#######                                                #######
##############################################################
> rtcwake -m mem -s 1200
rtcwake: RTC wird als UTC interpretiert …
rtcwake: aufwachen von „mem“ durch /dev/rtc0 bei Sun Jun 26 09:56:50 2022
##############################################################
#######                                                #######
#######            just waked up from sleep            #######
#######                                                #######
##############################################################
%%%%%%%%%%     [6] Uploading logs and go sleeping   ...DONE!
elapsed time:   25s
=====================================================================================================
