=====================================================================================================
%%%%%%%%%%     [6] Uploading logs and go sleeping...
> sudo -u mayadm git checkout artifacts
Zu Zweig »artifacts« gewechselt
Ihr Branch ist auf demselben Stand wie 'origin/artifacts'.
> sudo -u mayadm git pull
Bereits aktuell.
> sudo -u mayadm git merge maya-productive
Merge made by the 'recursive' strategy.
 maya/src/main.cpp | 13 +++++++++++++
 1 file changed, 13 insertions(+)
> sudo -u mayadm git add "../artifacts/logs/1842-*.log" -f
> sudo -u mayadm git add "../artifacts/logs/1841-*.log" -f
> sudo -u mayadm git commit -m "logs at 2022-06-26--12h24"
[artifacts e07da2c] logs at 2022-06-26--12h24
 6 files changed, 275 insertions(+)
 create mode 100644 maya/artifacts/logs/1841--2022-06-26--12h03---6.log
 create mode 100644 maya/artifacts/logs/1842--2022-06-26--12h24---1.log
 create mode 100644 maya/artifacts/logs/1842--2022-06-26--12h24---2.log
 create mode 100644 maya/artifacts/logs/1842--2022-06-26--12h24---3.log
 create mode 100644 maya/artifacts/logs/1842--2022-06-26--12h24---4.log
 create mode 100644 maya/artifacts/logs/1842--2022-06-26--12h24---5.log
> sudo -u mayadm git push
To https://github.com/Necktschnagge/wired-watering
   1daef5b..e07da2c  artifacts -> artifacts
> sudo -u mayadm git checkout maya-productive
Zu Zweig »maya-productive« gewechselt
Ihr Branch ist auf demselben Stand wie 'origin/maya-productive'.
> sudo -u mayadm git push
Everything up-to-date
##############################################################
###################                        ###################
###################     GOING TO SLEEP     ###################
###################                        ###################
##############################################################
#######                                                #######
#######   Press CTRL + C NOW to abort script safely!   #######
#######                                                #######
##############################################################
##############################################################
#######                                                #######
#######               NOW GOING TO SLEEP               #######
#######                                                #######
##############################################################
> rtcwake -m mem -s 1200
rtcwake: RTC wird als UTC interpretiert …
rtcwake: aufwachen von „mem“ durch /dev/rtc0 bei Sun Jun 26 10:45:03 2022
##############################################################
#######                                                #######
#######            just waked up from sleep            #######
#######                                                #######
##############################################################
%%%%%%%%%%     [6] Uploading logs and go sleeping   ...DONE!
elapsed time:   1220s
=====================================================================================================
