=====================================================================================================
%%%%%%%%%%     [6] Uploading logs and go sleeping...
> sudo -u mayadm git checkout artifacts
Zu Zweig »artifacts« gewechselt
Ihr Branch ist auf demselben Stand wie 'origin/artifacts'.
> sudo -u mayadm git pull
Bereits aktuell.
> sudo -u mayadm git merge maya-productive
Bereits aktuell.
> sudo -u mayadm git add "../artifacts/logs/1959-*.log" -f
> sudo -u mayadm git add "../artifacts/logs/1958-*.log" -f
> sudo -u mayadm git commit -m "logs at 2022-06-28--05h59"
[artifacts 4a5a142b] logs at 2022-06-28--05h59
 6 files changed, 253 insertions(+)
 create mode 100644 maya/artifacts/logs/1958--2022-06-28--05h38---6.log
 create mode 100644 maya/artifacts/logs/1959--2022-06-28--05h59---1.log
 create mode 100644 maya/artifacts/logs/1959--2022-06-28--05h59---2.log
 create mode 100644 maya/artifacts/logs/1959--2022-06-28--05h59---3.log
 create mode 100644 maya/artifacts/logs/1959--2022-06-28--05h59---4.log
 create mode 100644 maya/artifacts/logs/1959--2022-06-28--05h59---5.log
> sudo -u mayadm git push
To https://github.com/Necktschnagge/wired-watering
   f9ca0c01..4a5a142b  artifacts -> artifacts
> sudo -u mayadm git checkout maya-productive
Zu Zweig »maya-productive« gewechselt
Ihr Branch ist auf demselben Stand wie 'origin/maya-productive'.
> sudo -u mayadm git push
Everything up-to-date
##############################################################
###################                        ###################
###################     GOING TO SLEEP     ###################
###################                        ###################
##############################################################
#######                                                #######
#######   Press CTRL + C NOW to abort script safely!   #######
#######                                                #######
##############################################################
##############################################################
#######                                                #######
#######               NOW GOING TO SLEEP               #######
#######                                                #######
##############################################################
> rtcwake -m mem -s 1200
rtcwake: RTC wird als UTC interpretiert …
rtcwake: aufwachen von „mem“ durch /dev/rtc0 bei Tue Jun 28 04:19:39 2022
##############################################################
#######                                                #######
#######            just waked up from sleep            #######
#######                                                #######
##############################################################
%%%%%%%%%%     [6] Uploading logs and go sleeping   ...DONE!
elapsed time:   1219s
=====================================================================================================
