=====================================================================================================
%%%%%%%%%%     [6] Uploading logs and go sleeping...
> sudo -u mayadm git checkout artifacts
Zu Zweig »artifacts« gewechselt
Ihr Branch ist auf demselben Stand wie 'origin/artifacts'.
> sudo -u mayadm git pull
Bereits aktuell.
> sudo -u mayadm git merge maya-productive
Bereits aktuell.
> sudo -u mayadm git add "../artifacts/logs/1998-*.log" -f
> sudo -u mayadm git add "../artifacts/logs/1997-*.log" -f
> sudo -u mayadm git commit -m "logs at 2022-06-29--04h18"
[artifacts 5a021dd5] logs at 2022-06-29--04h18
 6 files changed, 384 insertions(+)
 create mode 100644 maya/artifacts/logs/1997--2022-06-29--03h57---6.log
 create mode 100644 maya/artifacts/logs/1998--2022-06-29--04h18---1.log
 create mode 100644 maya/artifacts/logs/1998--2022-06-29--04h18---2.log
 create mode 100644 maya/artifacts/logs/1998--2022-06-29--04h18---3.log
 create mode 100644 maya/artifacts/logs/1998--2022-06-29--04h18---4.log
 create mode 100644 maya/artifacts/logs/1998--2022-06-29--04h18---5.log
> sudo -u mayadm git push
To https://github.com/Necktschnagge/wired-watering
   0af926b6..5a021dd5  artifacts -> artifacts
> sudo -u mayadm git checkout maya-productive
Zu Zweig »maya-productive« gewechselt
Ihr Branch ist auf demselben Stand wie 'origin/maya-productive'.
> sudo -u mayadm git push
Everything up-to-date
##############################################################
###################                        ###################
###################     GOING TO SLEEP     ###################
###################                        ###################
##############################################################
#######                                                #######
#######   Press CTRL + C NOW to abort script safely!   #######
#######                                                #######
##############################################################
##############################################################
#######                                                #######
#######               NOW GOING TO SLEEP               #######
#######                                                #######
##############################################################
> rtcwake -m mem -s 1200
rtcwake: RTC wird als UTC interpretiert …
rtcwake: aufwachen von „mem“ durch /dev/rtc0 bei Wed Jun 29 03:27:51 2022
##############################################################
#######                                                #######
#######            just waked up from sleep            #######
#######                                                #######
##############################################################
%%%%%%%%%%     [6] Uploading logs and go sleeping   ...DONE!
elapsed time:   1217s
=====================================================================================================
