=====================================================================================================
%%%%%%%%%%     [4] Run the executable...
>Please note:  Even if all builds failed, the last built executable is still there and will be started!
> sudo -u mayadm ./ur-unix-run.sh
[2022-06-29 07:30:46.599] [main] [info] Pinging Pump Server Mayson...
[2022-06-29 07:30:46.659] [main] [info] Pinging Pump Server Mayson   ...DONE!
[2022-06-29 07:30:46.659] [main] [info] Pinging all valve stations...
[2022-06-29 07:30:47.888] [main] [info] Pinging all valve stations   ...DONE!
[2022-06-29 07:30:47.888] [main] [info] Fetching timestamp...
std::chrono::system_clock::now().time_since_epoch()   :   1656480647888622366
get_seconds_since_epoch(bool verbose /* true */)   :   1656480647
minutes since epoch   :   27608010
minute of day   :   330
minute of hour   :   30
hour of day   :   5
[2022-06-29 07:30:47.888] [main] [info] Checking timestamp.txt...
[2022-06-29 07:30:47.888] [main] [debug] The timestamp.txt is always written when watering is triggered. It is read to check if I was already done with watering some minutes ago.
previous time_stamp:   27607818
[2022-06-29 07:30:47.888] [main] [info] Checking timestamp.txt   ...DONE!
%%%%%%%%%%     [4] Run the executable   ...DONE!
elapsed time:   1s
=====================================================================================================
