=====================================================================================================
%%%%%%%%%%     [6] Uploading logs and go sleeping...
> sudo -u mayadm git checkout artifacts
Zu Zweig »artifacts« gewechselt
Ihr Branch ist auf demselben Stand wie 'origin/artifacts'.
> sudo -u mayadm git pull
Bereits aktuell.
> sudo -u mayadm git merge maya-productive
Bereits aktuell.
> sudo -u mayadm git add "../artifacts/logs/2006-*.log" -f
> sudo -u mayadm git add "../artifacts/logs/2005-*.log" -f
> sudo -u mayadm git commit -m "logs at 2022-06-29--07h51"
[artifacts 83a386ca] logs at 2022-06-29--07h51
 6 files changed, 260 insertions(+)
 create mode 100644 maya/artifacts/logs/2005--2022-06-29--07h30---6.log
 create mode 100644 maya/artifacts/logs/2006--2022-06-29--07h51---1.log
 create mode 100644 maya/artifacts/logs/2006--2022-06-29--07h51---2.log
 create mode 100644 maya/artifacts/logs/2006--2022-06-29--07h51---3.log
 create mode 100644 maya/artifacts/logs/2006--2022-06-29--07h51---4.log
 create mode 100644 maya/artifacts/logs/2006--2022-06-29--07h51---5.log
> sudo -u mayadm git push
To https://github.com/Necktschnagge/wired-watering
   4a2fdb05..83a386ca  artifacts -> artifacts
> sudo -u mayadm git checkout maya-productive
Zu Zweig »maya-productive« gewechselt
Ihr Branch ist auf demselben Stand wie 'origin/maya-productive'.
> sudo -u mayadm git push
Everything up-to-date
##############################################################
###################                        ###################
###################     GOING TO SLEEP     ###################
###################                        ###################
##############################################################
#######                                                #######
#######   Press CTRL + C NOW to abort script safely!   #######
#######                                                #######
##############################################################
##############################################################
#######                                                #######
#######               NOW GOING TO SLEEP               #######
#######                                                #######
##############################################################
> rtcwake -m mem -s 1200
rtcwake: RTC wird als UTC interpretiert …
rtcwake: aufwachen von „mem“ durch /dev/rtc0 bei Wed Jun 29 06:11:34 2022
##############################################################
#######                                                #######
#######            just waked up from sleep            #######
#######                                                #######
##############################################################
%%%%%%%%%%     [6] Uploading logs and go sleeping   ...DONE!
elapsed time:   1217s
=====================================================================================================
