=====================================================================================================
%%%%%%%%%%     [6] Uploading logs and go sleeping...
> sudo -u mayadm git checkout artifacts
Zu Zweig »artifacts« gewechselt
Ihr Branch ist auf demselben Stand wie 'origin/artifacts'.
> sudo -u mayadm git pull
Bereits aktuell.
> sudo -u mayadm git merge maya-productive
Bereits aktuell.
> sudo -u mayadm git add "../artifacts/logs/2054-*.log" -f
> sudo -u mayadm git add "../artifacts/logs/2053-*.log" -f
> sudo -u mayadm git commit -m "logs at 2022-06-30--00h13"
[artifacts 827b246a] logs at 2022-06-30--00h13
 6 files changed, 261 insertions(+)
 create mode 100644 maya/artifacts/logs/2053--2022-06-29--23h53---6.log
 create mode 100644 maya/artifacts/logs/2054--2022-06-30--00h13---1.log
 create mode 100644 maya/artifacts/logs/2054--2022-06-30--00h13---2.log
 create mode 100644 maya/artifacts/logs/2054--2022-06-30--00h13---3.log
 create mode 100644 maya/artifacts/logs/2054--2022-06-30--00h13---4.log
 create mode 100644 maya/artifacts/logs/2054--2022-06-30--00h13---5.log
> sudo -u mayadm git push
To https://github.com/Necktschnagge/wired-watering
   ffe69a91..827b246a  artifacts -> artifacts
> sudo -u mayadm git checkout maya-productive
Zu Zweig »maya-productive« gewechselt
Ihr Branch ist auf demselben Stand wie 'origin/maya-productive'.
> sudo -u mayadm git push
Everything up-to-date
##############################################################
###################                        ###################
###################     GOING TO SLEEP     ###################
###################                        ###################
##############################################################
#######                                                #######
#######   Press CTRL + C NOW to abort script safely!   #######
#######                                                #######
##############################################################
##############################################################
#######                                                #######
#######               NOW GOING TO SLEEP               #######
#######                                                #######
##############################################################
> rtcwake -m mem -s 1200
rtcwake: RTC wird als UTC interpretiert …
rtcwake: aufwachen von „mem“ durch /dev/rtc0 bei Wed Jun 29 22:34:22 2022
##############################################################
#######                                                #######
#######            just waked up from sleep            #######
#######                                                #######
##############################################################
%%%%%%%%%%     [6] Uploading logs and go sleeping   ...DONE!
elapsed time:   1218s
=====================================================================================================
