=====================================================================================================
%%%%%%%%%%     [4] Run the executable...
>Please note:  Even if all builds failed, the last built executable is still there and will be started!
> sudo -u mayadm ./ur-unix-run.sh
[2022-06-30 11:53:47.089] [main] [info] Pinging Pump Server Mayson...
[2022-06-30 11:53:47.129] [main] [info] Pinging Pump Server Mayson   ...DONE!
[2022-06-30 11:53:47.129] [main] [info] Pinging all valve stations...
[2022-06-30 11:53:47.438] [main] [info] Pinging all valve stations   ...DONE!
[2022-06-30 11:53:47.438] [main] [info] Fetching timestamp...
std::chrono::system_clock::now().time_since_epoch()   :   1656582827438862007
get_seconds_since_epoch(bool verbose /* true */)   :   1656582827
minutes since epoch   :   27609713
minute of day   :   593
minute of hour   :   53
hour of day   :   9
[2022-06-30 11:53:47.438] [main] [info] Checking timestamp.txt...
[2022-06-30 11:53:47.438] [main] [debug] The timestamp.txt is always written when watering is triggered. It is read to check if I was already done with watering some minutes ago.
previous time_stamp:   27609259
[2022-06-30 11:53:47.439] [main] [info] Checking timestamp.txt   ...DONE!
%%%%%%%%%%     [4] Run the executable   ...DONE!
elapsed time:   0s
=====================================================================================================
