=====================================================================================================
%%%%%%%%%%     [6] Uploading logs and go sleeping...
> sudo -u mayadm git checkout artifacts
Zu Zweig »artifacts« gewechselt
Ihr Branch ist auf demselben Stand wie 'origin/artifacts'.
> sudo -u mayadm git pull
Bereits aktuell.
> sudo -u mayadm git merge maya-productive
Bereits aktuell.
> sudo -u mayadm git add "../artifacts/logs/2088-*.log" -f
> sudo -u mayadm git add "../artifacts/logs/2087-*.log" -f
> sudo -u mayadm git commit -m "logs at 2022-06-30--12h55"
[artifacts 8ea52179] logs at 2022-06-30--12h55
 6 files changed, 261 insertions(+)
 create mode 100644 maya/artifacts/logs/2087--2022-06-30--12h34---6.log
 create mode 100644 maya/artifacts/logs/2088--2022-06-30--12h55---1.log
 create mode 100644 maya/artifacts/logs/2088--2022-06-30--12h55---2.log
 create mode 100644 maya/artifacts/logs/2088--2022-06-30--12h55---3.log
 create mode 100644 maya/artifacts/logs/2088--2022-06-30--12h55---4.log
 create mode 100644 maya/artifacts/logs/2088--2022-06-30--12h55---5.log
> sudo -u mayadm git push
To https://github.com/Necktschnagge/wired-watering
   45f712e2..8ea52179  artifacts -> artifacts
> sudo -u mayadm git checkout maya-productive
Zu Zweig »maya-productive« gewechselt
Ihr Branch ist auf demselben Stand wie 'origin/maya-productive'.
> sudo -u mayadm git push
Everything up-to-date
##############################################################
###################                        ###################
###################     GOING TO SLEEP     ###################
###################                        ###################
##############################################################
#######                                                #######
#######   Press CTRL + C NOW to abort script safely!   #######
#######                                                #######
##############################################################
##############################################################
#######                                                #######
#######               NOW GOING TO SLEEP               #######
#######                                                #######
##############################################################
> rtcwake -m mem -s 1200
rtcwake: RTC wird als UTC interpretiert …
rtcwake: aufwachen von „mem“ durch /dev/rtc0 bei Thu Jun 30 11:15:35 2022
##############################################################
#######                                                #######
#######            just waked up from sleep            #######
#######                                                #######
##############################################################
%%%%%%%%%%     [6] Uploading logs and go sleeping   ...DONE!
elapsed time:   1217s
=====================================================================================================
