=====================================================================================================
%%%%%%%%%%     [4] Run the executable...
>Please note:  Even if all builds failed, the last built executable is still there and will be started!
> sudo -u mayadm ./ur-unix-run.sh
[2022-06-30 13:15:43.767] [main] [info] Pinging Pump Server Mayson...
[2022-06-30 13:15:43.834] [main] [info] Pinging Pump Server Mayson   ...DONE!
[2022-06-30 13:15:43.835] [main] [info] Pinging all valve stations...
[2022-06-30 13:15:45.162] [main] [info] Pinging all valve stations   ...DONE!
[2022-06-30 13:15:45.162] [main] [info] Fetching timestamp...
std::chrono::system_clock::now().time_since_epoch()   :   1656587745162319658
get_seconds_since_epoch(bool verbose /* true */)   :   1656587745
minutes since epoch   :   27609795
minute of day   :   675
minute of hour   :   15
hour of day   :   11
[2022-06-30 13:15:45.162] [main] [info] Checking timestamp.txt...
[2022-06-30 13:15:45.162] [main] [debug] The timestamp.txt is always written when watering is triggered. It is read to check if I was already done with watering some minutes ago.
previous time_stamp:   27609259
[2022-06-30 13:15:45.162] [main] [info] Checking timestamp.txt   ...DONE!
%%%%%%%%%%     [4] Run the executable   ...DONE!
elapsed time:   2s
=====================================================================================================
