=====================================================================================================
%%%%%%%%%%     [4] Run the executable...
>Please note:  Even if all builds failed, the last built executable is still there and will be started!
> sudo -u mayadm ./ur-unix-run.sh
[2022-06-30 19:03:54.841] [main] [info] Pinging Pump Server Mayson...
[2022-06-30 19:03:54.893] [main] [info] Pinging Pump Server Mayson   ...DONE!
[2022-06-30 19:03:54.893] [main] [info] Pinging all valve stations...
[2022-06-30 19:03:55.201] [main] [info] Pinging all valve stations   ...DONE!
[2022-06-30 19:03:55.201] [main] [info] Fetching timestamp...
std::chrono::system_clock::now().time_since_epoch()   :   1656608635201993249
get_seconds_since_epoch(bool verbose /* true */)   :   1656608635
minutes since epoch   :   27610143
minute of day   :   1023
minute of hour   :   3
hour of day   :   17
[2022-06-30 19:03:55.202] [main] [info] Checking timestamp.txt...
[2022-06-30 19:03:55.202] [main] [debug] The timestamp.txt is always written when watering is triggered. It is read to check if I was already done with watering some minutes ago.
previous time_stamp:   27609259
[2022-06-30 19:03:55.202] [main] [info] Checking timestamp.txt   ...DONE!
%%%%%%%%%%     [4] Run the executable   ...DONE!
elapsed time:   1s
=====================================================================================================
