=====================================================================================================
=====================================================================================================
===     Starting with run #212...
=====================================================================================================
=====================================================================================================
212
Mo 6. Jun 17:56:01 CEST 2022
RTNETLINK answers: File exists
Connecting to internet via usb0 tethering successful.
=====================================================================================================
%%%%%%%%%%     [1] Cleaning working directory...
> sudo -u mayadm git status;
Auf Branch dev--
nichts zu committen, Arbeitsverzeichnis unverändert
> sudo -u mayadm git add -u; sudo -u mayadm git add *;
> sudo -u mayadm git status;
Auf Branch dev--
nichts zu committen, Arbeitsverzeichnis unverändert
Checking if there are uncommitted changes...
> sudo -u mayadm git update-index --refresh && sudo -u mayadm git diff-index --quiet HEAD --
> sudo -u mayadm git reset --hard;
HEAD ist jetzt bei 7b5e9b9 local changes automatically committed by maya_routine.sh
%%%%%%%%%%     [1] Cleaning working directory   ...DONE!
=====================================================================================================
