=====================================================================================================
=====================================================================================================
===     Starting with run #214...
=====================================================================================================
=====================================================================================================
214
Mo 6. Jun 18:03:09 CEST 2022
Connecting to internet via usb0 tethering successful.
=====================================================================================================
%%%%%%%%%%     [1] Cleaning working directory...
> sudo -u mayadm git status;
Auf Branch maya-productive
Ihr Branch ist 1 Commit hinter 'origin/maya-productive', und kann vorgespult werden.
  (benutzen Sie "git pull", um Ihren lokalen Branch zu aktualisieren)

nichts zu committen, Arbeitsverzeichnis unverändert
> sudo -u mayadm git add -u; sudo -u mayadm git add *;
> sudo -u mayadm git status;
Auf Branch maya-productive
Ihr Branch ist 1 Commit hinter 'origin/maya-productive', und kann vorgespult werden.
  (benutzen Sie "git pull", um Ihren lokalen Branch zu aktualisieren)

nichts zu committen, Arbeitsverzeichnis unverändert
Checking if there are uncommitted changes...
> sudo -u mayadm git update-index --refresh && sudo -u mayadm git diff-index --quiet HEAD --
> sudo -u mayadm git reset --hard;
HEAD ist jetzt bei ab69e3c fix linux build error
%%%%%%%%%%     [1] Cleaning working directory   ...DONE!
=====================================================================================================
