=====================================================================================================
%%%%%%%%%%     [6] Uploading logs and go sleeping...
> sudo -u mayadm git checkout artifacts
Zu Zweig »artifacts« gewechselt
Ihr Branch ist auf demselben Stand wie 'origin/artifacts'.
> sudo -u mayadm git pull
Bereits aktuell.
> sudo -u mayadm git merge maya-productive
Bereits aktuell.
> sudo -u mayadm git add "../artifacts/logs/2149-*.log" -f
> sudo -u mayadm git add "../artifacts/logs/2148-*.log" -f
> sudo -u mayadm git commit -m "logs at 2022-07-01--10h33"
[artifacts e75a13c7] logs at 2022-07-01--10h33
 6 files changed, 261 insertions(+)
 create mode 100644 maya/artifacts/logs/2148--2022-07-01--10h13---6.log
 create mode 100644 maya/artifacts/logs/2149--2022-07-01--10h33---1.log
 create mode 100644 maya/artifacts/logs/2149--2022-07-01--10h33---2.log
 create mode 100644 maya/artifacts/logs/2149--2022-07-01--10h33---3.log
 create mode 100644 maya/artifacts/logs/2149--2022-07-01--10h33---4.log
 create mode 100644 maya/artifacts/logs/2149--2022-07-01--10h33---5.log
> sudo -u mayadm git push
To https://github.com/Necktschnagge/wired-watering
   e0264941..e75a13c7  artifacts -> artifacts
> sudo -u mayadm git checkout maya-productive
Zu Zweig »maya-productive« gewechselt
Ihr Branch ist auf demselben Stand wie 'origin/maya-productive'.
> sudo -u mayadm git push
Everything up-to-date
##############################################################
###################                        ###################
###################     GOING TO SLEEP     ###################
###################                        ###################
##############################################################
#######                                                #######
#######   Press CTRL + C NOW to abort script safely!   #######
#######                                                #######
##############################################################
##############################################################
#######                                                #######
#######               NOW GOING TO SLEEP               #######
#######                                                #######
##############################################################
> rtcwake -m mem -s 1200
rtcwake: RTC wird als UTC interpretiert …
rtcwake: aufwachen von „mem“ durch /dev/rtc0 bei Fri Jul  1 08:54:09 2022
##############################################################
#######                                                #######
#######            just waked up from sleep            #######
#######                                                #######
##############################################################
%%%%%%%%%%     [6] Uploading logs and go sleeping   ...DONE!
elapsed time:   1218s
=====================================================================================================
