=====================================================================================================
%%%%%%%%%%     [6] Uploading logs and go sleeping...
> sudo -u mayadm git checkout artifacts
Zu Zweig »artifacts« gewechselt
Ihr Branch ist auf demselben Stand wie 'origin/artifacts'.
> sudo -u mayadm git pull
Bereits aktuell.
> sudo -u mayadm git merge maya-productive
Bereits aktuell.
> sudo -u mayadm git add "../artifacts/logs/2153-*.log" -f
> sudo -u mayadm git add "../artifacts/logs/2152-*.log" -f
> sudo -u mayadm git commit -m "logs at 2022-07-01--11h55"
[artifacts e3bf1339] logs at 2022-07-01--11h55
 6 files changed, 261 insertions(+)
 create mode 100644 maya/artifacts/logs/2152--2022-07-01--11h35---6.log
 create mode 100644 maya/artifacts/logs/2153--2022-07-01--11h55---1.log
 create mode 100644 maya/artifacts/logs/2153--2022-07-01--11h55---2.log
 create mode 100644 maya/artifacts/logs/2153--2022-07-01--11h55---3.log
 create mode 100644 maya/artifacts/logs/2153--2022-07-01--11h55---4.log
 create mode 100644 maya/artifacts/logs/2153--2022-07-01--11h55---5.log
> sudo -u mayadm git push
To https://github.com/Necktschnagge/wired-watering
   28945669..e3bf1339  artifacts -> artifacts
> sudo -u mayadm git checkout maya-productive
Zu Zweig »maya-productive« gewechselt
Ihr Branch ist auf demselben Stand wie 'origin/maya-productive'.
> sudo -u mayadm git push
Everything up-to-date
##############################################################
###################                        ###################
###################     GOING TO SLEEP     ###################
###################                        ###################
##############################################################
#######                                                #######
#######   Press CTRL + C NOW to abort script safely!   #######
#######                                                #######
##############################################################
##############################################################
#######                                                #######
#######               NOW GOING TO SLEEP               #######
#######                                                #######
##############################################################
> rtcwake -m mem -s 1200
rtcwake: RTC wird als UTC interpretiert …
rtcwake: aufwachen von „mem“ durch /dev/rtc0 bei Fri Jul  1 10:16:06 2022
##############################################################
#######                                                #######
#######            just waked up from sleep            #######
#######                                                #######
##############################################################
%%%%%%%%%%     [6] Uploading logs and go sleeping   ...DONE!
elapsed time:   1217s
=====================================================================================================
