=====================================================================================================
%%%%%%%%%%     [4] Run the executable...
>Please note:  Even if all builds failed, the last built executable is still there and will be started!
> sudo -u mayadm ./ur-unix-run.sh
[2022-07-01 21:49:26.234] [main] [info] Pinging Pump Server Mayson...
[2022-07-01 21:49:26.323] [main] [info] Pinging Pump Server Mayson   ...DONE!
[2022-07-01 21:49:26.323] [main] [info] Pinging all valve stations...
[2022-07-01 21:49:26.632] [main] [info] Pinging all valve stations   ...DONE!
[2022-07-01 21:49:26.632] [main] [info] Fetching timestamp...
std::chrono::system_clock::now().time_since_epoch()   :   1656704966632260947
get_seconds_since_epoch(bool verbose /* true */)   :   1656704966
minutes since epoch   :   27611749
minute of day   :   1189
minute of hour   :   49
hour of day   :   19
[2022-07-01 21:49:26.632] [main] [info] Checking timestamp.txt...
[2022-07-01 21:49:26.632] [main] [debug] The timestamp.txt is always written when watering is triggered. It is read to check if I was already done with watering some minutes ago.
previous time_stamp:   27610696
[2022-07-01 21:49:26.632] [main] [info] Checking timestamp.txt   ...DONE!
%%%%%%%%%%     [4] Run the executable   ...DONE!
elapsed time:   0s
=====================================================================================================
