=====================================================================================================
%%%%%%%%%%     [6] Uploading logs and go sleeping...
> sudo -u mayadm git checkout artifacts
Zu Zweig »artifacts« gewechselt
Ihr Branch ist auf demselben Stand wie 'origin/artifacts'.
> sudo -u mayadm git pull
Bereits aktuell.
> sudo -u mayadm git merge maya-productive
Bereits aktuell.
> sudo -u mayadm git add "../artifacts/logs/2203-*.log" -f
> sudo -u mayadm git add "../artifacts/logs/2202-*.log" -f
> sudo -u mayadm git commit -m "logs at 2022-07-02--06h04"
[artifacts 68c12a8f] logs at 2022-07-02--06h04
 6 files changed, 263 insertions(+)
 create mode 100644 maya/artifacts/logs/2202--2022-07-02--05h44---6.log
 create mode 100644 maya/artifacts/logs/2203--2022-07-02--06h04---1.log
 create mode 100644 maya/artifacts/logs/2203--2022-07-02--06h04---2.log
 create mode 100644 maya/artifacts/logs/2203--2022-07-02--06h04---3.log
 create mode 100644 maya/artifacts/logs/2203--2022-07-02--06h04---4.log
 create mode 100644 maya/artifacts/logs/2203--2022-07-02--06h04---5.log
> sudo -u mayadm git push
To https://github.com/Necktschnagge/wired-watering
   535eb796..68c12a8f  artifacts -> artifacts
> sudo -u mayadm git checkout maya-productive
Zu Zweig »maya-productive« gewechselt
Ihr Branch ist auf demselben Stand wie 'origin/maya-productive'.
> sudo -u mayadm git push
Everything up-to-date
##############################################################
###################                        ###################
###################     GOING TO SLEEP     ###################
###################                        ###################
##############################################################
#######                                                #######
#######   Press CTRL + C NOW to abort script safely!   #######
#######                                                #######
##############################################################
##############################################################
#######                                                #######
#######               NOW GOING TO SLEEP               #######
#######                                                #######
##############################################################
> rtcwake -m mem -s 1200
rtcwake: RTC wird als UTC interpretiert …
rtcwake: aufwachen von „mem“ durch /dev/rtc0 bei Sat Jul  2 04:24:56 2022
##############################################################
#######                                                #######
#######            just waked up from sleep            #######
#######                                                #######
##############################################################
%%%%%%%%%%     [6] Uploading logs and go sleeping   ...DONE!
elapsed time:   1220s
=====================================================================================================
