=====================================================================================================
%%%%%%%%%%     [4] Run the executable...
>Please note:  Even if all builds failed, the last built executable is still there and will be started!
> sudo -u mayadm ./ur-unix-run.sh
[2022-07-02 13:14:45.213] [main] [info] Pinging Pump Server Mayson...
[2022-07-02 13:14:46.262] [main] [info] Pinging Pump Server Mayson   ...DONE!
[2022-07-02 13:14:46.262] [main] [info] Pinging all valve stations...
[2022-07-02 13:14:47.590] [main] [info] Pinging all valve stations   ...DONE!
[2022-07-02 13:14:47.590] [main] [info] Fetching timestamp...
std::chrono::system_clock::now().time_since_epoch()   :   1656760487590466588
get_seconds_since_epoch(bool verbose /* true */)   :   1656760487
minutes since epoch   :   27612674
minute of day   :   674
minute of hour   :   14
hour of day   :   11
[2022-07-02 13:14:47.590] [main] [info] Checking timestamp.txt...
[2022-07-02 13:14:47.590] [main] [debug] The timestamp.txt is always written when watering is triggered. It is read to check if I was already done with watering some minutes ago.
previous time_stamp:   27612138
[2022-07-02 13:14:47.590] [main] [info] Checking timestamp.txt   ...DONE!
%%%%%%%%%%     [4] Run the executable   ...DONE!
elapsed time:   2s
=====================================================================================================
