=====================================================================================================
%%%%%%%%%%     [4] Run the executable...
>Please note:  Even if all builds failed, the last built executable is still there and will be started!
> sudo -u mayadm ./ur-unix-run.sh
[2022-07-02 20:04:41.417] [main] [info] Pinging Pump Server Mayson...
[2022-07-02 20:04:41.518] [main] [info] Pinging Pump Server Mayson   ...DONE!
[2022-07-02 20:04:41.518] [main] [info] Pinging all valve stations...
[2022-07-02 20:04:41.825] [main] [info] Pinging all valve stations   ...DONE!
[2022-07-02 20:04:41.825] [main] [info] Fetching timestamp...
std::chrono::system_clock::now().time_since_epoch()   :   1656785081825837439
get_seconds_since_epoch(bool verbose /* true */)   :   1656785081
minutes since epoch   :   27613084
minute of day   :   1084
minute of hour   :   4
hour of day   :   18
[2022-07-02 20:04:41.825] [main] [info] Checking timestamp.txt...
[2022-07-02 20:04:41.825] [main] [debug] The timestamp.txt is always written when watering is triggered. It is read to check if I was already done with watering some minutes ago.
previous time_stamp:   27612138
[2022-07-02 20:04:41.826] [main] [info] Checking timestamp.txt   ...DONE!
%%%%%%%%%%     [4] Run the executable   ...DONE!
elapsed time:   0s
=====================================================================================================
