=====================================================================================================
%%%%%%%%%%     [4] Run the executable...
>Please note:  Even if all builds failed, the last built executable is still there and will be started!
> sudo -u mayadm ./ur-unix-run.sh
[2022-07-03 07:34:04.747] [main] [info] Pinging Pump Server Mayson...
[2022-07-03 07:34:04.868] [main] [info] Pinging Pump Server Mayson   ...DONE!
[2022-07-03 07:34:04.868] [main] [info] Pinging all valve stations...
[2022-07-03 07:34:05.180] [main] [info] Pinging all valve stations   ...DONE!
[2022-07-03 07:34:05.180] [main] [info] Fetching timestamp...
std::chrono::system_clock::now().time_since_epoch()   :   1656826445180848965
get_seconds_since_epoch(bool verbose /* true */)   :   1656826445
minutes since epoch   :   27613774
minute of day   :   334
minute of hour   :   34
hour of day   :   5
[2022-07-03 07:34:05.180] [main] [info] Checking timestamp.txt...
[2022-07-03 07:34:05.180] [main] [debug] The timestamp.txt is always written when watering is triggered. It is read to check if I was already done with watering some minutes ago.
previous time_stamp:   27613576
[2022-07-03 07:34:05.181] [main] [info] Checking timestamp.txt   ...DONE!
%%%%%%%%%%     [4] Run the executable   ...DONE!
elapsed time:   1s
=====================================================================================================
