=====================================================================================================
%%%%%%%%%%     [4] Run the executable...
>Please note:  Even if all builds failed, the last built executable is still there and will be started!
> sudo -u mayadm ./ur-unix-run.sh
[2022-07-03 21:14:43.970] [main] [info] Pinging Pump Server Mayson...
[2022-07-03 21:14:43.991] [main] [info] Pinging Pump Server Mayson   ...DONE!
[2022-07-03 21:14:43.991] [main] [info] Pinging all valve stations...
[2022-07-03 21:14:46.351] [main] [info] Pinging all valve stations   ...DONE!
[2022-07-03 21:14:46.351] [main] [info] Fetching timestamp...
std::chrono::system_clock::now().time_since_epoch()   :   1656875686351112076
get_seconds_since_epoch(bool verbose /* true */)   :   1656875686
minutes since epoch   :   27614594
minute of day   :   1154
minute of hour   :   14
hour of day   :   19
[2022-07-03 21:14:46.351] [main] [info] Checking timestamp.txt...
[2022-07-03 21:14:46.351] [main] [debug] The timestamp.txt is always written when watering is triggered. It is read to check if I was already done with watering some minutes ago.
previous time_stamp:   27613576
[2022-07-03 21:14:46.351] [main] [info] Checking timestamp.txt   ...DONE!
%%%%%%%%%%     [4] Run the executable   ...DONE!
elapsed time:   3s
=====================================================================================================
