=====================================================================================================
%%%%%%%%%%     [4] Run the executable...
>Please note:  Even if all builds failed, the last built executable is still there and will be started!
> sudo -u mayadm ./ur-unix-run.sh
[2022-07-05 00:28:42.507] [main] [info] Pinging Pump Server Mayson...
[2022-07-05 00:28:42.529] [main] [info] Pinging Pump Server Mayson   ...DONE!
[2022-07-05 00:28:42.529] [main] [info] Pinging all valve stations...
[2022-07-05 00:28:42.836] [main] [info] Pinging all valve stations   ...DONE!
[2022-07-05 00:28:42.836] [main] [info] Fetching timestamp...
std::chrono::system_clock::now().time_since_epoch()   :   1656973722836634717
get_seconds_since_epoch(bool verbose /* true */)   :   1656973722
minutes since epoch   :   27616228
minute of day   :   1348
minute of hour   :   28
hour of day   :   22
[2022-07-05 00:28:42.836] [main] [info] Checking timestamp.txt...
[2022-07-05 00:28:42.836] [main] [debug] The timestamp.txt is always written when watering is triggered. It is read to check if I was already done with watering some minutes ago.
previous time_stamp:   27615004
[2022-07-05 00:28:42.836] [main] [info] Checking timestamp.txt   ...DONE!
%%%%%%%%%%     [4] Run the executable   ...DONE!
elapsed time:   0s
=====================================================================================================
