=====================================================================================================
%%%%%%%%%%     [4] Run the executable...
>Please note:  Even if all builds failed, the last built executable is still there and will be started!
> sudo -u mayadm ./ur-unix-run.sh
[2022-07-05 09:30:13.289] [main] [info] Pinging Pump Server Mayson...
[2022-07-05 09:30:14.392] [main] [info] Pinging Pump Server Mayson   ...DONE!
[2022-07-05 09:30:14.392] [main] [info] Pinging all valve stations...
[2022-07-05 09:30:14.705] [main] [info] Pinging all valve stations   ...DONE!
[2022-07-05 09:30:14.705] [main] [info] Fetching timestamp...
std::chrono::system_clock::now().time_since_epoch()   :   1657006214705136362
get_seconds_since_epoch(bool verbose /* true */)   :   1657006214
minutes since epoch   :   27616770
minute of day   :   450
minute of hour   :   30
hour of day   :   7
[2022-07-05 09:30:14.705] [main] [info] Checking timestamp.txt...
[2022-07-05 09:30:14.705] [main] [debug] The timestamp.txt is always written when watering is triggered. It is read to check if I was already done with watering some minutes ago.
previous time_stamp:   27616454
[2022-07-05 09:30:14.705] [main] [info] Checking timestamp.txt   ...DONE!
%%%%%%%%%%     [4] Run the executable   ...DONE!
elapsed time:   1s
=====================================================================================================
