=====================================================================================================
%%%%%%%%%%     [4] Run the executable...
>Please note:  Even if all builds failed, the last built executable is still there and will be started!
> sudo -u mayadm ./ur-unix-run.sh
[2022-07-05 12:14:15.625] [main] [info] Pinging Pump Server Mayson...
[2022-07-05 12:14:15.713] [main] [info] Pinging Pump Server Mayson   ...DONE!
[2022-07-05 12:14:15.713] [main] [info] Pinging all valve stations...
[2022-07-05 12:14:16.021] [main] [info] Pinging all valve stations   ...DONE!
[2022-07-05 12:14:16.021] [main] [info] Fetching timestamp...
std::chrono::system_clock::now().time_since_epoch()   :   1657016056021342787
get_seconds_since_epoch(bool verbose /* true */)   :   1657016056
minutes since epoch   :   27616934
minute of day   :   614
minute of hour   :   14
hour of day   :   10
[2022-07-05 12:14:16.021] [main] [info] Checking timestamp.txt...
[2022-07-05 12:14:16.021] [main] [debug] The timestamp.txt is always written when watering is triggered. It is read to check if I was already done with watering some minutes ago.
previous time_stamp:   27616454
[2022-07-05 12:14:16.021] [main] [info] Checking timestamp.txt   ...DONE!
%%%%%%%%%%     [4] Run the executable   ...DONE!
elapsed time:   1s
=====================================================================================================
