=====================================================================================================
%%%%%%%%%%     [4] Run the executable...
>Please note:  Even if all builds failed, the last built executable is still there and will be started!
> sudo -u mayadm ./ur-unix-run.sh
[2022-07-05 12:34:46.177] [main] [info] Pinging Pump Server Mayson...
[2022-07-05 12:34:46.230] [main] [info] Pinging Pump Server Mayson   ...DONE!
[2022-07-05 12:34:46.230] [main] [info] Pinging all valve stations...
[2022-07-05 12:34:46.536] [main] [info] Pinging all valve stations   ...DONE!
[2022-07-05 12:34:46.536] [main] [info] Fetching timestamp...
std::chrono::system_clock::now().time_since_epoch()   :   1657017286536027558
get_seconds_since_epoch(bool verbose /* true */)   :   1657017286
minutes since epoch   :   27616954
minute of day   :   634
minute of hour   :   34
hour of day   :   10
[2022-07-05 12:34:46.536] [main] [info] Checking timestamp.txt...
[2022-07-05 12:34:46.536] [main] [debug] The timestamp.txt is always written when watering is triggered. It is read to check if I was already done with watering some minutes ago.
previous time_stamp:   27616454
[2022-07-05 12:34:46.536] [main] [info] Checking timestamp.txt   ...DONE!
%%%%%%%%%%     [4] Run the executable   ...DONE!
elapsed time:   0s
=====================================================================================================
