=====================================================================================================
%%%%%%%%%%     [4] Run the executable...
>Please note:  Even if all builds failed, the last built executable is still there and will be started!
> sudo -u mayadm ./ur-unix-run.sh
[2022-07-05 20:47:06.972] [main] [info] Pinging Pump Server Mayson...
[2022-07-05 20:47:07.080] [main] [info] Pinging Pump Server Mayson   ...DONE!
[2022-07-05 20:47:07.080] [main] [info] Pinging all valve stations...
[2022-07-05 20:47:07.389] [main] [info] Pinging all valve stations   ...DONE!
[2022-07-05 20:47:07.389] [main] [info] Fetching timestamp...
std::chrono::system_clock::now().time_since_epoch()   :   1657046827389178234
get_seconds_since_epoch(bool verbose /* true */)   :   1657046827
minutes since epoch   :   27617447
minute of day   :   1127
minute of hour   :   47
hour of day   :   18
[2022-07-05 20:47:07.389] [main] [info] Checking timestamp.txt...
[2022-07-05 20:47:07.389] [main] [debug] The timestamp.txt is always written when watering is triggered. It is read to check if I was already done with watering some minutes ago.
previous time_stamp:   27616454
[2022-07-05 20:47:07.389] [main] [info] Checking timestamp.txt   ...DONE!
%%%%%%%%%%     [4] Run the executable   ...DONE!
elapsed time:   1s
=====================================================================================================
