=====================================================================================================
%%%%%%%%%%     [4] Run the executable...
>Please note:  Even if all builds failed, the last built executable is still there and will be started!
> sudo -u mayadm ./ur-unix-run.sh
[2022-07-06 04:18:29.938] [main] [info] Pinging Pump Server Mayson...
[2022-07-06 04:18:30.006] [main] [info] Pinging Pump Server Mayson   ...DONE!
[2022-07-06 04:18:30.006] [main] [info] Pinging all valve stations...
[2022-07-06 04:18:30.288] [main] [info] Pinging all valve stations   ...DONE!
[2022-07-06 04:18:30.288] [main] [info] Fetching timestamp...
std::chrono::system_clock::now().time_since_epoch()   :   1657073910288129601
get_seconds_since_epoch(bool verbose /* true */)   :   1657073910
minutes since epoch   :   27617898
minute of day   :   138
minute of hour   :   18
hour of day   :   2
[2022-07-06 04:18:30.288] [main] [info] Checking timestamp.txt...
[2022-07-06 04:18:30.288] [main] [debug] The timestamp.txt is always written when watering is triggered. It is read to check if I was already done with watering some minutes ago.
previous time_stamp:   27616454
[2022-07-06 04:18:30.288] [main] [info] Checking timestamp.txt   ...DONE!
Wrote to timestamp.txt
Send request to pump relay:
URL:   http://192.168.1.10:80/status?auto=off&system=off&manual=off
Response:
status code:   200
text:
{
 "server-name" : "pump-relay-mayson",
 "action" : "okay"
}
Send request to pump relay:
URL:   http://192.168.1.10:80/status?auto=on&system=on
Response:
status code:   200
text:
{
 "server-name" : "pump-relay-mayson",
 "action" : "okay"
}
Send valves at 1657073919
http://192.168.1.21:80/status?valves=0
200
{
 "server-name" : "valve-server-lucas",
 "action" : "okay"
}
Send valves at 1657073919
http://192.168.1.20:80/status?valves=7
200
{
 "server-name" : "valve-server-james",
 "action" : "okay"
}
Send valves at 1657074219
http://192.168.1.21:80/status?valves=2
200
{
 "server-name" : "valve-server-lucas",
 "action" : "okay"
}
Send valves at 1657074220
http://192.168.1.20:80/status?valves=5
200
{
 "server-name" : "valve-server-james",
 "action" : "okay"
}
Send valves at 1657075120
http://192.168.1.21:80/status?valves=2
200
{
 "server-name" : "valve-server-lucas",
 "action" : "okay"
}
Send valves at 1657075120
http://192.168.1.20:80/status?valves=2
200
{
 "server-name" : "valve-server-james",
 "action" : "okay"
}
Send valves at 1657075420
http://192.168.1.21:80/status?valves=0
200
{
 "server-name" : "valve-server-lucas",
 "action" : "okay"
}
Send valves at 1657075420
http://192.168.1.20:80/status?valves=3
200
{
 "server-name" : "valve-server-james",
 "action" : "okay"
}
Send request to pump relay:
URL:   http://192.168.1.10:80/status?auto=off
Response:
status code:   200
text:
{
 "server-name" : "pump-relay-mayson",
 "action" : "okay"
}
Send request to pump relay:
URL:   http://192.168.1.10:80/status?auto=on
Response:
status code:   200
text:
{
 "server-name" : "pump-relay-mayson",
 "action" : "okay"
}
Send valves at 1657075522
http://192.168.1.21:80/status?valves=0
200
{
 "server-name" : "valve-server-lucas",
 "action" : "okay"
}
Send valves at 1657075522
http://192.168.1.20:80/status?valves=5
200
{
 "server-name" : "valve-server-james",
 "action" : "okay"
}
Send valves at 1657076122
http://192.168.1.21:80/status?valves=2
200
{
 "server-name" : "valve-server-lucas",
 "action" : "okay"
}
Send valves at 1657076123
http://192.168.1.20:80/status?valves=3
200
{
 "server-name" : "valve-server-james",
 "action" : "okay"
}
Send valves at 1657076423
http://192.168.1.21:80/status?valves=2
200
{
 "server-name" : "valve-server-lucas",
 "action" : "okay"
}
Send valves at 1657076423
http://192.168.1.20:80/status?valves=4
200
{
 "server-name" : "valve-server-james",
 "action" : "okay"
}
Send valves at 1657077323
http://192.168.1.21:80/status?valves=2
200
{
 "server-name" : "valve-server-lucas",
 "action" : "okay"
}
Send valves at 1657077323
http://192.168.1.20:80/status?valves=3
200
{
 "server-name" : "valve-server-james",
 "action" : "okay"
}
Send valves at 1657077623
http://192.168.1.21:80/status?valves=0
200
{
 "server-name" : "valve-server-lucas",
 "action" : "okay"
}
Send valves at 1657077624
http://192.168.1.20:80/status?valves=0
200
{
 "server-name" : "valve-server-james",
 "action" : "okay"
}
Send valves at 1657077624
http://192.168.1.20:80/status?valves=0
200
{
 "server-name" : "valve-server-james",
 "action" : "okay"
}
Send request to pump relay:
URL:   http://192.168.1.10:80/status?auto=off
Response:
status code:   200
text:
{
 "server-name" : "pump-relay-mayson",
 "action" : "okay"
}
Send valves at 1657077654
http://192.168.1.20:80/status?valves=1
200
{
 "server-name" : "valve-server-james",
 "action" : "okay"
}
Send valves at 1657077834
http://192.168.1.20:80/status?valves=0
200
{
 "server-name" : "valve-server-james",
 "action" : "okay"
}
%%%%%%%%%%     [4] Run the executable   ...DONE!
elapsed time:   3925s
=====================================================================================================
