=====================================================================================================
%%%%%%%%%%     [4] Run the executable...
>Please note:  Even if all builds failed, the last built executable is still there and will be started!
> sudo -u mayadm ./ur-unix-run.sh
[2022-07-06 08:07:58.082] [main] [info] Pinging Pump Server Mayson...
[2022-07-06 08:07:59.211] [main] [info] Pinging Pump Server Mayson   ...DONE!
[2022-07-06 08:07:59.211] [main] [info] Pinging all valve stations...
[2022-07-06 08:07:59.514] [main] [info] Pinging all valve stations   ...DONE!
[2022-07-06 08:07:59.514] [main] [info] Fetching timestamp...
std::chrono::system_clock::now().time_since_epoch()   :   1657087679514952877
get_seconds_since_epoch(bool verbose /* true */)   :   1657087679
minutes since epoch   :   27618127
minute of day   :   367
minute of hour   :   7
hour of day   :   6
[2022-07-06 08:07:59.515] [main] [info] Checking timestamp.txt...
[2022-07-06 08:07:59.515] [main] [debug] The timestamp.txt is always written when watering is triggered. It is read to check if I was already done with watering some minutes ago.
previous time_stamp:   27617898
[2022-07-06 08:07:59.515] [main] [info] Checking timestamp.txt   ...DONE!
%%%%%%%%%%     [4] Run the executable   ...DONE!
elapsed time:   1s
=====================================================================================================
