=====================================================================================================
%%%%%%%%%%     [4] Run the executable...
>Please note:  Even if all builds failed, the last built executable is still there and will be started!
> sudo -u mayadm ./ur-unix-run.sh
[2022-07-06 23:52:02.969] [main] [info] Pinging Pump Server Mayson...
[2022-07-06 23:52:03.062] [main] [info] Pinging Pump Server Mayson   ...DONE!
[2022-07-06 23:52:03.063] [main] [info] Pinging all valve stations...
[2022-07-06 23:52:04.391] [main] [info] Pinging all valve stations   ...DONE!
[2022-07-06 23:52:04.391] [main] [info] Fetching timestamp...
std::chrono::system_clock::now().time_since_epoch()   :   1657144324391789122
get_seconds_since_epoch(bool verbose /* true */)   :   1657144324
minutes since epoch   :   27619072
minute of day   :   1312
minute of hour   :   52
hour of day   :   21
[2022-07-06 23:52:04.391] [main] [info] Checking timestamp.txt...
[2022-07-06 23:52:04.391] [main] [debug] The timestamp.txt is always written when watering is triggered. It is read to check if I was already done with watering some minutes ago.
previous time_stamp:   27617898
[2022-07-06 23:52:04.391] [main] [info] Checking timestamp.txt   ...DONE!
%%%%%%%%%%     [4] Run the executable   ...DONE!
elapsed time:   2s
=====================================================================================================
