=====================================================================================================
%%%%%%%%%%     [4] Run the executable...
>Please note:  Even if all builds failed, the last built executable is still there and will be started!
> sudo -u mayadm ./ur-unix-run.sh
[2022-07-07 05:49:17.318] [main] [info] Pinging Pump Server Mayson...
[2022-07-07 05:49:19.397] [main] [info] Pinging Pump Server Mayson   ...DONE!
[2022-07-07 05:49:19.397] [main] [info] Pinging all valve stations...
[2022-07-07 05:49:20.718] [main] [info] Pinging all valve stations   ...DONE!
[2022-07-07 05:49:20.718] [main] [info] Fetching timestamp...
std::chrono::system_clock::now().time_since_epoch()   :   1657165760718314361
get_seconds_since_epoch(bool verbose /* true */)   :   1657165760
minutes since epoch   :   27619429
minute of day   :   229
minute of hour   :   49
hour of day   :   3
[2022-07-07 05:49:20.718] [main] [info] Checking timestamp.txt...
[2022-07-07 05:49:20.718] [main] [debug] The timestamp.txt is always written when watering is triggered. It is read to check if I was already done with watering some minutes ago.
previous time_stamp:   27619339
[2022-07-07 05:49:20.718] [main] [info] Checking timestamp.txt   ...DONE!
%%%%%%%%%%     [4] Run the executable   ...DONE!
elapsed time:   3s
=====================================================================================================
