=====================================================================================================
%%%%%%%%%%     [4] Run the executable...
>Please note:  Even if all builds failed, the last built executable is still there and will be started!
> sudo -u mayadm ./ur-unix-run.sh
[2022-07-07 14:02:04.945] [main] [info] Pinging Pump Server Mayson...
[2022-07-07 14:02:05.057] [main] [info] Pinging Pump Server Mayson   ...DONE!
[2022-07-07 14:02:05.058] [main] [info] Pinging all valve stations...
[2022-07-07 14:02:05.365] [main] [info] Pinging all valve stations   ...DONE!
[2022-07-07 14:02:05.365] [main] [info] Fetching timestamp...
std::chrono::system_clock::now().time_since_epoch()   :   1657195325365643526
get_seconds_since_epoch(bool verbose /* true */)   :   1657195325
minutes since epoch   :   27619922
minute of day   :   722
minute of hour   :   2
hour of day   :   12
[2022-07-07 14:02:05.365] [main] [info] Checking timestamp.txt...
[2022-07-07 14:02:05.365] [main] [debug] The timestamp.txt is always written when watering is triggered. It is read to check if I was already done with watering some minutes ago.
previous time_stamp:   27619339
[2022-07-07 14:02:05.365] [main] [info] Checking timestamp.txt   ...DONE!
%%%%%%%%%%     [4] Run the executable   ...DONE!
elapsed time:   1s
=====================================================================================================
