=====================================================================================================
%%%%%%%%%%     [4] Run the executable...
>Please note:  Even if all builds failed, the last built executable is still there and will be started!
> sudo -u mayadm ./ur-unix-run.sh
[2022-07-07 17:06:59.588] [main] [info] Pinging Pump Server Mayson...
[2022-07-07 17:06:59.692] [main] [info] Pinging Pump Server Mayson   ...DONE!
[2022-07-07 17:06:59.692] [main] [info] Pinging all valve stations...
[2022-07-07 17:07:02.972] [main] [info] Pinging all valve stations   ...DONE!
[2022-07-07 17:07:02.972] [main] [info] Fetching timestamp...
std::chrono::system_clock::now().time_since_epoch()   :   1657206422972196753
get_seconds_since_epoch(bool verbose /* true */)   :   1657206422
minutes since epoch   :   27620107
minute of day   :   907
minute of hour   :   7
hour of day   :   15
[2022-07-07 17:07:02.972] [main] [info] Checking timestamp.txt...
[2022-07-07 17:07:02.972] [main] [debug] The timestamp.txt is always written when watering is triggered. It is read to check if I was already done with watering some minutes ago.
previous time_stamp:   27619339
[2022-07-07 17:07:02.972] [main] [info] Checking timestamp.txt   ...DONE!
%%%%%%%%%%     [4] Run the executable   ...DONE!
elapsed time:   3s
=====================================================================================================
