=====================================================================================================
%%%%%%%%%%     [4] Run the executable...
>Please note:  Even if all builds failed, the last built executable is still there and will be started!
> sudo -u mayadm ./ur-unix-run.sh
[2022-07-08 00:39:10.413] [main] [info] Pinging Pump Server Mayson...
[2022-07-08 00:39:10.517] [main] [info] Pinging Pump Server Mayson   ...DONE!
[2022-07-08 00:39:10.517] [main] [info] Pinging all valve stations...
[2022-07-08 00:39:10.814] [main] [info] Pinging all valve stations   ...DONE!
[2022-07-08 00:39:10.814] [main] [info] Fetching timestamp...
std::chrono::system_clock::now().time_since_epoch()   :   1657233550814204234
get_seconds_since_epoch(bool verbose /* true */)   :   1657233550
minutes since epoch   :   27620559
minute of day   :   1359
minute of hour   :   39
hour of day   :   22
[2022-07-08 00:39:10.814] [main] [info] Checking timestamp.txt...
[2022-07-08 00:39:10.814] [main] [debug] The timestamp.txt is always written when watering is triggered. It is read to check if I was already done with watering some minutes ago.
previous time_stamp:   27619339
[2022-07-08 00:39:10.814] [main] [info] Checking timestamp.txt   ...DONE!
%%%%%%%%%%     [4] Run the executable   ...DONE!
elapsed time:   0s
=====================================================================================================
