=====================================================================================================
%%%%%%%%%%     [4] Run the executable...
>Please note:  Even if all builds failed, the last built executable is still there and will be started!
> sudo -u mayadm ./ur-unix-run.sh
[2022-07-09 02:26:08.291] [main] [info] Pinging Pump Server Mayson...
[2022-07-09 02:26:09.350] [main] [info] Pinging Pump Server Mayson   ...DONE!
[2022-07-09 02:26:09.350] [main] [info] Pinging all valve stations...
[2022-07-09 02:26:11.704] [main] [info] Pinging all valve stations   ...DONE!
[2022-07-09 02:26:11.704] [main] [info] Fetching timestamp...
std::chrono::system_clock::now().time_since_epoch()   :   1657326371704855515
get_seconds_since_epoch(bool verbose /* true */)   :   1657326371
minutes since epoch   :   27622106
minute of day   :   26
minute of hour   :   26
hour of day   :   0
[2022-07-09 02:26:11.705] [main] [info] Checking timestamp.txt...
[2022-07-09 02:26:11.705] [main] [debug] The timestamp.txt is always written when watering is triggered. It is read to check if I was already done with watering some minutes ago.
previous time_stamp:   27620764
[2022-07-09 02:26:11.705] [main] [info] Checking timestamp.txt   ...DONE!
%%%%%%%%%%     [4] Run the executable   ...DONE!
elapsed time:   3s
=====================================================================================================
