=====================================================================================================
%%%%%%%%%%     [4] Run the executable...
>Please note:  Even if all builds failed, the last built executable is still there and will be started!
> sudo -u mayadm ./ur-unix-run.sh
[2022-07-09 05:39:21.687] [main] [info] Pinging Pump Server Mayson...
[2022-07-09 05:39:21.770] [main] [info] Pinging Pump Server Mayson   ...DONE!
[2022-07-09 05:39:21.770] [main] [info] Pinging all valve stations...
[2022-07-09 05:39:24.114] [main] [info] Pinging all valve stations   ...DONE!
[2022-07-09 05:39:24.114] [main] [info] Fetching timestamp...
std::chrono::system_clock::now().time_since_epoch()   :   1657337964114598576
get_seconds_since_epoch(bool verbose /* true */)   :   1657337964
minutes since epoch   :   27622299
minute of day   :   219
minute of hour   :   39
hour of day   :   3
[2022-07-09 05:39:24.114] [main] [info] Checking timestamp.txt...
[2022-07-09 05:39:24.114] [main] [debug] The timestamp.txt is always written when watering is triggered. It is read to check if I was already done with watering some minutes ago.
previous time_stamp:   27622208
[2022-07-09 05:39:24.114] [main] [info] Checking timestamp.txt   ...DONE!
%%%%%%%%%%     [4] Run the executable   ...DONE!
elapsed time:   3s
=====================================================================================================
