=====================================================================================================
%%%%%%%%%%     [4] Run the executable...
>Please note:  Even if all builds failed, the last built executable is still there and will be started!
> sudo -u mayadm ./ur-unix-run.sh
[2022-07-09 06:41:15.069] [main] [info] Pinging Pump Server Mayson...
[2022-07-09 06:41:15.167] [main] [info] Pinging Pump Server Mayson   ...DONE!
[2022-07-09 06:41:15.167] [main] [info] Pinging all valve stations...
[2022-07-09 06:41:20.506] [main] [info] Pinging all valve stations   ...DONE!
[2022-07-09 06:41:20.506] [main] [info] Fetching timestamp...
std::chrono::system_clock::now().time_since_epoch()   :   1657341680506065339
get_seconds_since_epoch(bool verbose /* true */)   :   1657341680
minutes since epoch   :   27622361
minute of day   :   281
minute of hour   :   41
hour of day   :   4
[2022-07-09 06:41:20.506] [main] [info] Checking timestamp.txt...
[2022-07-09 06:41:20.506] [main] [debug] The timestamp.txt is always written when watering is triggered. It is read to check if I was already done with watering some minutes ago.
previous time_stamp:   27622208
[2022-07-09 06:41:20.506] [main] [info] Checking timestamp.txt   ...DONE!
%%%%%%%%%%     [4] Run the executable   ...DONE!
elapsed time:   5s
=====================================================================================================
