=====================================================================================================
%%%%%%%%%%     [4] Run the executable...
>Please note:  Even if all builds failed, the last built executable is still there and will be started!
> sudo -u mayadm ./ur-unix-run.sh
[2022-07-10 08:08:03.885] [main] [info] Pinging Pump Server Mayson...
[2022-07-10 08:08:03.930] [main] [info] Pinging Pump Server Mayson   ...DONE!
[2022-07-10 08:08:03.930] [main] [info] Pinging all valve stations...
[2022-07-10 08:08:05.257] [main] [info] Pinging all valve stations   ...DONE!
[2022-07-10 08:08:05.257] [main] [info] Fetching timestamp...
std::chrono::system_clock::now().time_since_epoch()   :   1657433285257841590
get_seconds_since_epoch(bool verbose /* true */)   :   1657433285
minutes since epoch   :   27623888
minute of day   :   368
minute of hour   :   8
hour of day   :   6
[2022-07-10 08:08:05.257] [main] [info] Checking timestamp.txt...
[2022-07-10 08:08:05.257] [main] [debug] The timestamp.txt is always written when watering is triggered. It is read to check if I was already done with watering some minutes ago.
previous time_stamp:   27623658
[2022-07-10 08:08:05.258] [main] [info] Checking timestamp.txt   ...DONE!
%%%%%%%%%%     [4] Run the executable   ...DONE!
elapsed time:   2s
=====================================================================================================
