=====================================================================================================
%%%%%%%%%%     [4] Run the executable...
>Please note:  Even if all builds failed, the last built executable is still there and will be started!
> sudo -u mayadm ./ur-unix-run.sh
[2022-07-10 14:18:46.411] [main] [info] Pinging Pump Server Mayson...
[2022-07-10 14:18:47.466] [main] [info] Pinging Pump Server Mayson   ...DONE!
[2022-07-10 14:18:47.467] [main] [info] Pinging all valve stations...
[2022-07-10 14:18:47.767] [main] [info] Pinging all valve stations   ...DONE!
[2022-07-10 14:18:47.767] [main] [info] Fetching timestamp...
std::chrono::system_clock::now().time_since_epoch()   :   1657455527767868231
get_seconds_since_epoch(bool verbose /* true */)   :   1657455527
minutes since epoch   :   27624258
minute of day   :   738
minute of hour   :   18
hour of day   :   12
[2022-07-10 14:18:47.767] [main] [info] Checking timestamp.txt...
[2022-07-10 14:18:47.767] [main] [debug] The timestamp.txt is always written when watering is triggered. It is read to check if I was already done with watering some minutes ago.
previous time_stamp:   27623658
[2022-07-10 14:18:47.768] [main] [info] Checking timestamp.txt   ...DONE!
%%%%%%%%%%     [4] Run the executable   ...DONE!
elapsed time:   1s
=====================================================================================================
