=====================================================================================================
%%%%%%%%%%     [6] Uploading logs and go sleeping...
> sudo -u mayadm git checkout artifacts
Zu Zweig »artifacts« gewechselt
Ihr Branch ist auf demselben Stand wie 'origin/artifacts'.
> sudo -u mayadm git pull
Bereits aktuell.
> sudo -u mayadm git merge maya-productive
Bereits aktuell.
> sudo -u mayadm git add "../artifacts/logs/2786-*.log" -f
> sudo -u mayadm git add "../artifacts/logs/2785-*.log" -f
> sudo -u mayadm git commit -m "logs at 2022-07-10--21h51"
[artifacts 3a60dd24] logs at 2022-07-10--21h51
 6 files changed, 263 insertions(+)
 create mode 100644 maya/artifacts/logs/2785--2022-07-10--21h31---6.log
 create mode 100644 maya/artifacts/logs/2786--2022-07-10--21h51---1.log
 create mode 100644 maya/artifacts/logs/2786--2022-07-10--21h51---2.log
 create mode 100644 maya/artifacts/logs/2786--2022-07-10--21h51---3.log
 create mode 100644 maya/artifacts/logs/2786--2022-07-10--21h51---4.log
 create mode 100644 maya/artifacts/logs/2786--2022-07-10--21h51---5.log
> sudo -u mayadm git push
To https://github.com/Necktschnagge/wired-watering
   2c5f4269..3a60dd24  artifacts -> artifacts
> sudo -u mayadm git checkout maya-productive
Zu Zweig »maya-productive« gewechselt
Ihr Branch ist auf demselben Stand wie 'origin/maya-productive'.
> sudo -u mayadm git push
Everything up-to-date
##############################################################
###################                        ###################
###################     GOING TO SLEEP     ###################
###################                        ###################
##############################################################
#######                                                #######
#######   Press CTRL + C NOW to abort script safely!   #######
#######                                                #######
##############################################################
##############################################################
#######                                                #######
#######               NOW GOING TO SLEEP               #######
#######                                                #######
##############################################################
> rtcwake -m mem -s 1200
rtcwake: RTC wird als UTC interpretiert …
rtcwake: aufwachen von „mem“ durch /dev/rtc0 bei Sun Jul 10 20:12:28 2022
##############################################################
#######                                                #######
#######            just waked up from sleep            #######
#######                                                #######
##############################################################
%%%%%%%%%%     [6] Uploading logs and go sleeping   ...DONE!
elapsed time:   1221s
=====================================================================================================
