=====================================================================================================
%%%%%%%%%%     [4] Run the executable...
>Please note:  Even if all builds failed, the last built executable is still there and will be started!
> sudo -u mayadm ./ur-unix-run.sh
[2022-07-10 22:12:43.559] [main] [info] Pinging Pump Server Mayson...
[2022-07-10 22:12:43.605] [main] [info] Pinging Pump Server Mayson   ...DONE!
[2022-07-10 22:12:43.605] [main] [info] Pinging all valve stations...
[2022-07-10 22:12:43.913] [main] [info] Pinging all valve stations   ...DONE!
[2022-07-10 22:12:43.913] [main] [info] Fetching timestamp...
std::chrono::system_clock::now().time_since_epoch()   :   1657483963913663090
get_seconds_since_epoch(bool verbose /* true */)   :   1657483963
minutes since epoch   :   27624732
minute of day   :   1212
minute of hour   :   12
hour of day   :   20
[2022-07-10 22:12:43.913] [main] [info] Checking timestamp.txt...
[2022-07-10 22:12:43.913] [main] [debug] The timestamp.txt is always written when watering is triggered. It is read to check if I was already done with watering some minutes ago.
previous time_stamp:   27623658
[2022-07-10 22:12:43.913] [main] [info] Checking timestamp.txt   ...DONE!
%%%%%%%%%%     [4] Run the executable   ...DONE!
elapsed time:   0s
=====================================================================================================
