=====================================================================================================
%%%%%%%%%%     [4] Run the executable...
>Please note:  Even if all builds failed, the last built executable is still there and will be started!
> sudo -u mayadm ./ur-unix-run.sh
[2022-07-10 22:53:52.442] [main] [info] Pinging Pump Server Mayson...
[2022-07-10 22:53:52.518] [main] [info] Pinging Pump Server Mayson   ...DONE!
[2022-07-10 22:53:52.518] [main] [info] Pinging all valve stations...
[2022-07-10 22:53:52.828] [main] [info] Pinging all valve stations   ...DONE!
[2022-07-10 22:53:52.828] [main] [info] Fetching timestamp...
std::chrono::system_clock::now().time_since_epoch()   :   1657486432828040844
get_seconds_since_epoch(bool verbose /* true */)   :   1657486432
minutes since epoch   :   27624773
minute of day   :   1253
minute of hour   :   53
hour of day   :   20
[2022-07-10 22:53:52.828] [main] [info] Checking timestamp.txt...
[2022-07-10 22:53:52.828] [main] [debug] The timestamp.txt is always written when watering is triggered. It is read to check if I was already done with watering some minutes ago.
previous time_stamp:   27623658
[2022-07-10 22:53:52.828] [main] [info] Checking timestamp.txt   ...DONE!
%%%%%%%%%%     [4] Run the executable   ...DONE!
elapsed time:   0s
=====================================================================================================
