=====================================================================================================
%%%%%%%%%%     [4] Run the executable...
>Please note:  Even if all builds failed, the last built executable is still there and will be started!
> sudo -u mayadm ./ur-unix-run.sh
[2022-07-11 06:56:05.392] [main] [info] Pinging Pump Server Mayson...
[2022-07-11 06:56:06.483] [main] [info] Pinging Pump Server Mayson   ...DONE!
[2022-07-11 06:56:06.483] [main] [info] Pinging all valve stations...
[2022-07-11 06:56:06.787] [main] [info] Pinging all valve stations   ...DONE!
[2022-07-11 06:56:06.787] [main] [info] Fetching timestamp...
std::chrono::system_clock::now().time_since_epoch()   :   1657515366787338643
get_seconds_since_epoch(bool verbose /* true */)   :   1657515366
minutes since epoch   :   27625256
minute of day   :   296
minute of hour   :   56
hour of day   :   4
[2022-07-11 06:56:06.787] [main] [info] Checking timestamp.txt...
[2022-07-11 06:56:06.787] [main] [debug] The timestamp.txt is always written when watering is triggered. It is read to check if I was already done with watering some minutes ago.
previous time_stamp:   27625083
[2022-07-11 06:56:06.787] [main] [info] Checking timestamp.txt   ...DONE!
%%%%%%%%%%     [4] Run the executable   ...DONE!
elapsed time:   1s
=====================================================================================================
