=====================================================================================================
%%%%%%%%%%     [4] Run the executable...
>Please note:  Even if all builds failed, the last built executable is still there and will be started!
> sudo -u mayadm ./ur-unix-run.sh
[2022-07-11 14:50:14.927] [main] [info] Pinging Pump Server Mayson...
[2022-07-11 14:50:14.992] [main] [info] Pinging Pump Server Mayson   ...DONE!
[2022-07-11 14:50:14.992] [main] [info] Pinging all valve stations...
[2022-07-11 14:50:15.301] [main] [info] Pinging all valve stations   ...DONE!
[2022-07-11 14:50:15.301] [main] [info] Fetching timestamp...
std::chrono::system_clock::now().time_since_epoch()   :   1657543815301186181
get_seconds_since_epoch(bool verbose /* true */)   :   1657543815
minutes since epoch   :   27625730
minute of day   :   770
minute of hour   :   50
hour of day   :   12
[2022-07-11 14:50:15.301] [main] [info] Checking timestamp.txt...
[2022-07-11 14:50:15.301] [main] [debug] The timestamp.txt is always written when watering is triggered. It is read to check if I was already done with watering some minutes ago.
previous time_stamp:   27625083
[2022-07-11 14:50:15.301] [main] [info] Checking timestamp.txt   ...DONE!
%%%%%%%%%%     [4] Run the executable   ...DONE!
elapsed time:   1s
=====================================================================================================
