=====================================================================================================
%%%%%%%%%%     [4] Run the executable...
>Please note:  Even if all builds failed, the last built executable is still there and will be started!
> sudo -u mayadm ./ur-unix-run.sh
[2022-07-11 16:33:16.182] [main] [info] Pinging Pump Server Mayson...
[2022-07-11 16:33:16.271] [main] [info] Pinging Pump Server Mayson   ...DONE!
[2022-07-11 16:33:16.271] [main] [info] Pinging all valve stations...
[2022-07-11 16:33:16.577] [main] [info] Pinging all valve stations   ...DONE!
[2022-07-11 16:33:16.577] [main] [info] Fetching timestamp...
std::chrono::system_clock::now().time_since_epoch()   :   1657549996577868035
get_seconds_since_epoch(bool verbose /* true */)   :   1657549996
minutes since epoch   :   27625833
minute of day   :   873
minute of hour   :   33
hour of day   :   14
[2022-07-11 16:33:16.577] [main] [info] Checking timestamp.txt...
[2022-07-11 16:33:16.577] [main] [debug] The timestamp.txt is always written when watering is triggered. It is read to check if I was already done with watering some minutes ago.
previous time_stamp:   27625083
[2022-07-11 16:33:16.578] [main] [info] Checking timestamp.txt   ...DONE!
%%%%%%%%%%     [4] Run the executable   ...DONE!
elapsed time:   0s
=====================================================================================================
