=====================================================================================================
%%%%%%%%%%     [4] Run the executable...
>Please note:  Even if all builds failed, the last built executable is still there and will be started!
> sudo -u mayadm ./ur-unix-run.sh
[2022-07-12 00:27:42.729] [main] [info] Pinging Pump Server Mayson...
[2022-07-12 00:27:42.858] [main] [info] Pinging Pump Server Mayson   ...DONE!
[2022-07-12 00:27:42.858] [main] [info] Pinging all valve stations...
[2022-07-12 00:27:44.181] [main] [info] Pinging all valve stations   ...DONE!
[2022-07-12 00:27:44.181] [main] [info] Fetching timestamp...
std::chrono::system_clock::now().time_since_epoch()   :   1657578464181138054
get_seconds_since_epoch(bool verbose /* true */)   :   1657578464
minutes since epoch   :   27626307
minute of day   :   1347
minute of hour   :   27
hour of day   :   22
[2022-07-12 00:27:44.181] [main] [info] Checking timestamp.txt...
[2022-07-12 00:27:44.181] [main] [debug] The timestamp.txt is always written when watering is triggered. It is read to check if I was already done with watering some minutes ago.
previous time_stamp:   27625083
[2022-07-12 00:27:44.181] [main] [info] Checking timestamp.txt   ...DONE!
%%%%%%%%%%     [4] Run the executable   ...DONE!
elapsed time:   2s
=====================================================================================================
