=====================================================================================================
%%%%%%%%%%     [4] Run the executable...
>Please note:  Even if all builds failed, the last built executable is still there and will be started!
> sudo -u mayadm ./ur-unix-run.sh
[2022-07-12 01:50:12.060] [main] [info] Pinging Pump Server Mayson...
[2022-07-12 01:50:12.177] [main] [info] Pinging Pump Server Mayson   ...DONE!
[2022-07-12 01:50:12.177] [main] [info] Pinging all valve stations...
[2022-07-12 01:50:13.402] [main] [info] Pinging all valve stations   ...DONE!
[2022-07-12 01:50:13.402] [main] [info] Fetching timestamp...
std::chrono::system_clock::now().time_since_epoch()   :   1657583413402806654
get_seconds_since_epoch(bool verbose /* true */)   :   1657583413
minutes since epoch   :   27626390
minute of day   :   1430
minute of hour   :   50
hour of day   :   23
[2022-07-12 01:50:13.402] [main] [info] Checking timestamp.txt...
[2022-07-12 01:50:13.402] [main] [debug] The timestamp.txt is always written when watering is triggered. It is read to check if I was already done with watering some minutes ago.
previous time_stamp:   27625083
[2022-07-12 01:50:13.403] [main] [info] Checking timestamp.txt   ...DONE!
%%%%%%%%%%     [4] Run the executable   ...DONE!
elapsed time:   1s
=====================================================================================================
