=====================================================================================================
%%%%%%%%%%     [4] Run the executable...
>Please note:  Even if all builds failed, the last built executable is still there and will be started!
> sudo -u mayadm ./ur-unix-run.sh
[2022-07-12 15:22:01.837] [main] [info] Pinging Pump Server Mayson...
[2022-07-12 15:22:01.962] [main] [info] Pinging Pump Server Mayson   ...DONE!
[2022-07-12 15:22:01.962] [main] [info] Pinging all valve stations...
[2022-07-12 15:22:02.245] [main] [info] Pinging all valve stations   ...DONE!
[2022-07-12 15:22:02.245] [main] [info] Fetching timestamp...
std::chrono::system_clock::now().time_since_epoch()   :   1657632122245606855
get_seconds_since_epoch(bool verbose /* true */)   :   1657632122
minutes since epoch   :   27627202
minute of day   :   802
minute of hour   :   22
hour of day   :   13
[2022-07-12 15:22:02.245] [main] [info] Checking timestamp.txt...
[2022-07-12 15:22:02.245] [main] [debug] The timestamp.txt is always written when watering is triggered. It is read to check if I was already done with watering some minutes ago.
previous time_stamp:   27626536
[2022-07-12 15:22:02.245] [main] [info] Checking timestamp.txt   ...DONE!
%%%%%%%%%%     [4] Run the executable   ...DONE!
elapsed time:   1s
=====================================================================================================
