=====================================================================================================
%%%%%%%%%%     [5] Cleaning git working directory...
> sudo -u mayadm git add -u
> sudo -u mayadm git add *
> sudo -u mayadm git status
Auf Branch routine-4bbb6ebc-1657648229
nichts zu committen, Arbeitsverzeichnis unverändert
> sudo -u mayadm git reset --hard
HEAD ist jetzt bei 4bbb6ebc Merge pull request #48 from Necktschnagge/rolling-update-extrawatering-strawberries
Deleting local working branch...
> sudo -u mayadm git checkout maya-productive
Zu Zweig »maya-productive« gewechselt
Ihr Branch ist auf demselben Stand wie 'origin/maya-productive'.
> sudo -u mayadm git branch -D routine-4bbb6ebc-1657648229
Branch routine-4bbb6ebc-1657648229 entfernt (war 4bbb6ebc).
Finished run 2914!
Di 12. Jul 19:50:33 CEST 2022
%%%%%%%%%%     [5] Cleaning git working directory   ...DONE!
elapsed time:   0s
=====================================================================================================
