=====================================================================================================
%%%%%%%%%%     [4] Run the executable...
>Please note:  Even if all builds failed, the last built executable is still there and will be started!
> sudo -u mayadm ./ur-unix-run.sh
[2022-07-13 17:20:24.388] [main] [info] Pinging Pump Server Mayson...
[2022-07-13 17:20:25.520] [main] [info] Pinging Pump Server Mayson   ...DONE!
[2022-07-13 17:20:25.521] [main] [info] Pinging all valve stations...
[2022-07-13 17:20:26.864] [main] [info] Pinging all valve stations   ...DONE!
[2022-07-13 17:20:26.864] [main] [info] Fetching timestamp...
std::chrono::system_clock::now().time_since_epoch()   :   1657725626864241396
get_seconds_since_epoch(bool verbose /* true */)   :   1657725626
minutes since epoch   :   27628760
minute of day   :   920
minute of hour   :   20
hour of day   :   15
[2022-07-13 17:20:26.864] [main] [info] Checking timestamp.txt...
[2022-07-13 17:20:26.864] [main] [debug] The timestamp.txt is always written when watering is triggered. It is read to check if I was already done with watering some minutes ago.
previous time_stamp:   27627966
[2022-07-13 17:20:26.864] [main] [info] Checking timestamp.txt   ...DONE!
%%%%%%%%%%     [4] Run the executable   ...DONE!
elapsed time:   2s
=====================================================================================================
