=====================================================================================================
%%%%%%%%%%     [4] Run the executable...
>Please note:  Even if all builds failed, the last built executable is still there and will be started!
> sudo -u mayadm ./ur-unix-run.sh
[2022-07-13 19:24:35.839] [main] [info] Pinging Pump Server Mayson...
[2022-07-13 19:24:35.923] [main] [info] Pinging Pump Server Mayson   ...DONE!
[2022-07-13 19:24:35.923] [main] [info] Pinging all valve stations...
[2022-07-13 19:24:37.263] [main] [info] Pinging all valve stations   ...DONE!
[2022-07-13 19:24:37.263] [main] [info] Fetching timestamp...
std::chrono::system_clock::now().time_since_epoch()   :   1657733077263831417
get_seconds_since_epoch(bool verbose /* true */)   :   1657733077
minutes since epoch   :   27628884
minute of day   :   1044
minute of hour   :   24
hour of day   :   17
[2022-07-13 19:24:37.263] [main] [info] Checking timestamp.txt...
[2022-07-13 19:24:37.263] [main] [debug] The timestamp.txt is always written when watering is triggered. It is read to check if I was already done with watering some minutes ago.
previous time_stamp:   27627966
[2022-07-13 19:24:37.263] [main] [info] Checking timestamp.txt   ...DONE!
%%%%%%%%%%     [4] Run the executable   ...DONE!
elapsed time:   2s
=====================================================================================================
