=====================================================================================================
%%%%%%%%%%     [4] Run the executable...
>Please note:  Even if all builds failed, the last built executable is still there and will be started!
> sudo -u mayadm ./ur-unix-run.sh
[2022-07-14 03:00:10.232] [main] [info] Pinging Pump Server Mayson...
[2022-07-14 03:00:11.295] [main] [info] Pinging Pump Server Mayson   ...DONE!
[2022-07-14 03:00:11.295] [main] [info] Pinging all valve stations...
[2022-07-14 03:00:11.609] [main] [info] Pinging all valve stations   ...DONE!
[2022-07-14 03:00:11.609] [main] [info] Fetching timestamp...
std::chrono::system_clock::now().time_since_epoch()   :   1657760411609037877
get_seconds_since_epoch(bool verbose /* true */)   :   1657760411
minutes since epoch   :   27629340
minute of day   :   60
minute of hour   :   0
hour of day   :   1
[2022-07-14 03:00:11.609] [main] [info] Checking timestamp.txt...
[2022-07-14 03:00:11.609] [main] [debug] The timestamp.txt is always written when watering is triggered. It is read to check if I was already done with watering some minutes ago.
previous time_stamp:   27627966
[2022-07-14 03:00:11.609] [main] [info] Checking timestamp.txt   ...DONE!
%%%%%%%%%%     [4] Run the executable   ...DONE!
elapsed time:   1s
=====================================================================================================
