=====================================================================================================
%%%%%%%%%%     [4] Run the executable...
>Please note:  Even if all builds failed, the last built executable is still there and will be started!
> sudo -u mayadm ./ur-unix-run.sh
[2022-07-14 03:20:52.470] [main] [info] Pinging Pump Server Mayson...
[2022-07-14 03:20:52.576] [main] [info] Pinging Pump Server Mayson   ...DONE!
[2022-07-14 03:20:52.576] [main] [info] Pinging all valve stations...
[2022-07-14 03:20:52.987] [main] [info] Pinging all valve stations   ...DONE!
[2022-07-14 03:20:52.987] [main] [info] Fetching timestamp...
std::chrono::system_clock::now().time_since_epoch()   :   1657761652987579863
get_seconds_since_epoch(bool verbose /* true */)   :   1657761652
minutes since epoch   :   27629360
minute of day   :   80
minute of hour   :   20
hour of day   :   1
[2022-07-14 03:20:52.987] [main] [info] Checking timestamp.txt...
[2022-07-14 03:20:52.987] [main] [debug] The timestamp.txt is always written when watering is triggered. It is read to check if I was already done with watering some minutes ago.
previous time_stamp:   27627966
[2022-07-14 03:20:52.987] [main] [info] Checking timestamp.txt   ...DONE!
%%%%%%%%%%     [4] Run the executable   ...DONE!
elapsed time:   0s
=====================================================================================================
