=====================================================================================================
%%%%%%%%%%     [4] Run the executable...
>Please note:  Even if all builds failed, the last built executable is still there and will be started!
> sudo -u mayadm ./ur-unix-run.sh
[2022-07-14 03:41:35.527] [main] [info] Pinging Pump Server Mayson...
[2022-07-14 03:41:35.601] [main] [info] Pinging Pump Server Mayson   ...DONE!
[2022-07-14 03:41:35.601] [main] [info] Pinging all valve stations...
[2022-07-14 03:41:35.907] [main] [info] Pinging all valve stations   ...DONE!
[2022-07-14 03:41:35.907] [main] [info] Fetching timestamp...
std::chrono::system_clock::now().time_since_epoch()   :   1657762895907123946
get_seconds_since_epoch(bool verbose /* true */)   :   1657762895
minutes since epoch   :   27629381
minute of day   :   101
minute of hour   :   41
hour of day   :   1
[2022-07-14 03:41:35.907] [main] [info] Checking timestamp.txt...
[2022-07-14 03:41:35.907] [main] [debug] The timestamp.txt is always written when watering is triggered. It is read to check if I was already done with watering some minutes ago.
previous time_stamp:   27627966
[2022-07-14 03:41:35.907] [main] [info] Checking timestamp.txt   ...DONE!
%%%%%%%%%%     [4] Run the executable   ...DONE!
elapsed time:   0s
=====================================================================================================
