=====================================================================================================
%%%%%%%%%%     [4] Run the executable...
>Please note:  Even if all builds failed, the last built executable is still there and will be started!
> sudo -u mayadm ./ur-unix-run.sh
[2022-07-14 08:14:01.929] [main] [info] Pinging Pump Server Mayson...
[2022-07-14 08:14:02.036] [main] [info] Pinging Pump Server Mayson   ...DONE!
[2022-07-14 08:14:02.036] [main] [info] Pinging all valve stations...
[2022-07-14 08:14:08.395] [main] [info] Pinging all valve stations   ...DONE!
[2022-07-14 08:14:08.395] [main] [info] Fetching timestamp...
std::chrono::system_clock::now().time_since_epoch()   :   1657779248395813544
get_seconds_since_epoch(bool verbose /* true */)   :   1657779248
minutes since epoch   :   27629654
minute of day   :   374
minute of hour   :   14
hour of day   :   6
[2022-07-14 08:14:08.395] [main] [info] Checking timestamp.txt...
[2022-07-14 08:14:08.395] [main] [debug] The timestamp.txt is always written when watering is triggered. It is read to check if I was already done with watering some minutes ago.
previous time_stamp:   27629402
[2022-07-14 08:14:08.396] [main] [info] Checking timestamp.txt   ...DONE!
%%%%%%%%%%     [4] Run the executable   ...DONE!
elapsed time:   7s
=====================================================================================================
