=====================================================================================================
%%%%%%%%%%     [4] Run the executable...
>Please note:  Even if all builds failed, the last built executable is still there and will be started!
> sudo -u mayadm ./ur-unix-run.sh
[2022-07-14 09:57:32.852] [main] [info] Pinging Pump Server Mayson...
[2022-07-14 09:57:32.934] [main] [info] Pinging Pump Server Mayson   ...DONE!
[2022-07-14 09:57:32.934] [main] [info] Pinging all valve stations...
[2022-07-14 09:57:33.235] [main] [info] Pinging all valve stations   ...DONE!
[2022-07-14 09:57:33.235] [main] [info] Fetching timestamp...
std::chrono::system_clock::now().time_since_epoch()   :   1657785453235337360
get_seconds_since_epoch(bool verbose /* true */)   :   1657785453
minutes since epoch   :   27629757
minute of day   :   477
minute of hour   :   57
hour of day   :   7
[2022-07-14 09:57:33.235] [main] [info] Checking timestamp.txt...
[2022-07-14 09:57:33.235] [main] [debug] The timestamp.txt is always written when watering is triggered. It is read to check if I was already done with watering some minutes ago.
previous time_stamp:   27629402
[2022-07-14 09:57:33.235] [main] [info] Checking timestamp.txt   ...DONE!
%%%%%%%%%%     [4] Run the executable   ...DONE!
elapsed time:   1s
=====================================================================================================
