=====================================================================================================
%%%%%%%%%%     [4] Run the executable...
>Please note:  Even if all builds failed, the last built executable is still there and will be started!
> sudo -u mayadm ./ur-unix-run.sh
[2022-07-14 11:20:25.771] [main] [info] Pinging Pump Server Mayson...
[2022-07-14 11:20:25.841] [main] [info] Pinging Pump Server Mayson   ...DONE!
[2022-07-14 11:20:25.841] [main] [info] Pinging all valve stations...
[2022-07-14 11:20:26.150] [main] [info] Pinging all valve stations   ...DONE!
[2022-07-14 11:20:26.150] [main] [info] Fetching timestamp...
std::chrono::system_clock::now().time_since_epoch()   :   1657790426150374693
get_seconds_since_epoch(bool verbose /* true */)   :   1657790426
minutes since epoch   :   27629840
minute of day   :   560
minute of hour   :   20
hour of day   :   9
[2022-07-14 11:20:26.150] [main] [info] Checking timestamp.txt...
[2022-07-14 11:20:26.150] [main] [debug] The timestamp.txt is always written when watering is triggered. It is read to check if I was already done with watering some minutes ago.
previous time_stamp:   27629402
[2022-07-14 11:20:26.150] [main] [info] Checking timestamp.txt   ...DONE!
%%%%%%%%%%     [4] Run the executable   ...DONE!
elapsed time:   1s
=====================================================================================================
