=====================================================================================================
%%%%%%%%%%     [4] Run the executable...
>Please note:  Even if all builds failed, the last built executable is still there and will be started!
> sudo -u mayadm ./ur-unix-run.sh
[2022-07-14 14:27:05.030] [main] [info] Pinging Pump Server Mayson...
[2022-07-14 14:27:05.086] [main] [info] Pinging Pump Server Mayson   ...DONE!
[2022-07-14 14:27:05.086] [main] [info] Pinging all valve stations...
[2022-07-14 14:27:05.490] [main] [info] Pinging all valve stations   ...DONE!
[2022-07-14 14:27:05.490] [main] [info] Fetching timestamp...
std::chrono::system_clock::now().time_since_epoch()   :   1657801625490342845
get_seconds_since_epoch(bool verbose /* true */)   :   1657801625
minutes since epoch   :   27630027
minute of day   :   747
minute of hour   :   27
hour of day   :   12
[2022-07-14 14:27:05.490] [main] [info] Checking timestamp.txt...
[2022-07-14 14:27:05.490] [main] [debug] The timestamp.txt is always written when watering is triggered. It is read to check if I was already done with watering some minutes ago.
previous time_stamp:   27629402
[2022-07-14 14:27:05.490] [main] [info] Checking timestamp.txt   ...DONE!
%%%%%%%%%%     [4] Run the executable   ...DONE!
elapsed time:   1s
=====================================================================================================
