=====================================================================================================
%%%%%%%%%%     [4] Run the executable...
>Please note:  Even if all builds failed, the last built executable is still there and will be started!
> sudo -u mayadm ./ur-unix-run.sh
[2022-07-14 19:38:59.374] [main] [info] Pinging Pump Server Mayson...
[2022-07-14 19:38:59.475] [main] [info] Pinging Pump Server Mayson   ...DONE!
[2022-07-14 19:38:59.475] [main] [info] Pinging all valve stations...
[2022-07-14 19:38:59.784] [main] [info] Pinging all valve stations   ...DONE!
[2022-07-14 19:38:59.784] [main] [info] Fetching timestamp...
std::chrono::system_clock::now().time_since_epoch()   :   1657820339784098797
get_seconds_since_epoch(bool verbose /* true */)   :   1657820339
minutes since epoch   :   27630338
minute of day   :   1058
minute of hour   :   38
hour of day   :   17
[2022-07-14 19:38:59.784] [main] [info] Checking timestamp.txt...
[2022-07-14 19:38:59.784] [main] [debug] The timestamp.txt is always written when watering is triggered. It is read to check if I was already done with watering some minutes ago.
previous time_stamp:   27629402
[2022-07-14 19:38:59.784] [main] [info] Checking timestamp.txt   ...DONE!
%%%%%%%%%%     [4] Run the executable   ...DONE!
elapsed time:   0s
=====================================================================================================
