=====================================================================================================
%%%%%%%%%%     [6] Uploading logs and go sleeping...
> sudo -u mayadm git checkout artifacts
Zu Zweig »artifacts« gewechselt
Ihr Branch ist auf demselben Stand wie 'origin/artifacts'.
> sudo -u mayadm git pull
Bereits aktuell.
> sudo -u mayadm git merge maya-productive
Bereits aktuell.
> sudo -u mayadm git add "../artifacts/logs/3142-*.log" -f
> sudo -u mayadm git add "../artifacts/logs/3141-*.log" -f
> sudo -u mayadm git commit -m "logs at 2022-07-16--06h26"
[artifacts 5b9fa73a] logs at 2022-07-16--06h26
 6 files changed, 263 insertions(+)
 create mode 100644 maya/artifacts/logs/3141--2022-07-16--06h05---6.log
 create mode 100644 maya/artifacts/logs/3142--2022-07-16--06h26---1.log
 create mode 100644 maya/artifacts/logs/3142--2022-07-16--06h26---2.log
 create mode 100644 maya/artifacts/logs/3142--2022-07-16--06h26---3.log
 create mode 100644 maya/artifacts/logs/3142--2022-07-16--06h26---4.log
 create mode 100644 maya/artifacts/logs/3142--2022-07-16--06h26---5.log
> sudo -u mayadm git push
To https://github.com/Necktschnagge/wired-watering
   0cfcdc45..5b9fa73a  artifacts -> artifacts
> sudo -u mayadm git checkout maya-productive
Zu Zweig »maya-productive« gewechselt
Ihr Branch ist auf demselben Stand wie 'origin/maya-productive'.
> sudo -u mayadm git push
Everything up-to-date
##############################################################
###################                        ###################
###################     GOING TO SLEEP     ###################
###################                        ###################
##############################################################
#######                                                #######
#######   Press CTRL + C NOW to abort script safely!   #######
#######                                                #######
##############################################################
##############################################################
#######                                                #######
#######               NOW GOING TO SLEEP               #######
#######                                                #######
##############################################################
> rtcwake -m mem -s 1200
rtcwake: RTC wird als UTC interpretiert …
rtcwake: aufwachen von „mem“ durch /dev/rtc0 bei Sat Jul 16 04:46:53 2022
##############################################################
#######                                                #######
#######            just waked up from sleep            #######
#######                                                #######
##############################################################
%%%%%%%%%%     [6] Uploading logs and go sleeping   ...DONE!
elapsed time:   1224s
=====================================================================================================
