=====================================================================================================
%%%%%%%%%%     [4] Run the executable...
>Please note:  Even if all builds failed, the last built executable is still there and will be started!
> sudo -u mayadm ./ur-unix-run.sh
[2022-07-16 22:44:33.719] [main] [info] Pinging Pump Server Mayson...
[2022-07-16 22:44:33.786] [main] [info] Pinging Pump Server Mayson   ...DONE!
[2022-07-16 22:44:33.786] [main] [info] Pinging all valve stations...
[2022-07-16 22:44:34.093] [main] [info] Pinging all valve stations   ...DONE!
[2022-07-16 22:44:34.093] [main] [info] Fetching timestamp...
std::chrono::system_clock::now().time_since_epoch()   :   1658004274093924897
get_seconds_since_epoch(bool verbose /* true */)   :   1658004274
minutes since epoch   :   27633404
minute of day   :   1244
minute of hour   :   44
hour of day   :   20
[2022-07-16 22:44:34.093] [main] [info] Checking timestamp.txt...
[2022-07-16 22:44:34.094] [main] [debug] The timestamp.txt is always written when watering is triggered. It is read to check if I was already done with watering some minutes ago.
previous time_stamp:   27632298
[2022-07-16 22:44:34.094] [main] [info] Checking timestamp.txt   ...DONE!
%%%%%%%%%%     [4] Run the executable   ...DONE!
elapsed time:   1s
=====================================================================================================
