=====================================================================================================
%%%%%%%%%%     [4] Run the executable...
>Please note:  Even if all builds failed, the last built executable is still there and will be started!
> sudo -u mayadm ./ur-unix-run.sh
[2022-07-16 23:05:28.577] [main] [info] Pinging Pump Server Mayson...
[2022-07-16 23:05:28.729] [main] [info] Pinging Pump Server Mayson   ...DONE!
[2022-07-16 23:05:28.729] [main] [info] Pinging all valve stations...
[2022-07-16 23:05:28.991] [main] [info] Pinging all valve stations   ...DONE!
[2022-07-16 23:05:28.991] [main] [info] Fetching timestamp...
std::chrono::system_clock::now().time_since_epoch()   :   1658005528991640027
get_seconds_since_epoch(bool verbose /* true */)   :   1658005528
minutes since epoch   :   27633425
minute of day   :   1265
minute of hour   :   5
hour of day   :   21
[2022-07-16 23:05:28.991] [main] [info] Checking timestamp.txt...
[2022-07-16 23:05:28.991] [main] [debug] The timestamp.txt is always written when watering is triggered. It is read to check if I was already done with watering some minutes ago.
previous time_stamp:   27632298
[2022-07-16 23:05:28.991] [main] [info] Checking timestamp.txt   ...DONE!
%%%%%%%%%%     [4] Run the executable   ...DONE!
elapsed time:   0s
=====================================================================================================
