=====================================================================================================
%%%%%%%%%%     [4] Run the executable...
>Please note:  Even if all builds failed, the last built executable is still there and will be started!
> sudo -u mayadm ./ur-unix-run.sh
[2022-07-18 00:14:35.482] [main] [info] Pinging Pump Server Mayson...
[2022-07-18 00:14:35.528] [main] [info] Pinging Pump Server Mayson   ...DONE!
[2022-07-18 00:14:35.528] [main] [info] Pinging all valve stations...
[2022-07-18 00:14:35.836] [main] [info] Pinging all valve stations   ...DONE!
[2022-07-18 00:14:35.836] [main] [info] Fetching timestamp...
std::chrono::system_clock::now().time_since_epoch()   :   1658096075836888187
get_seconds_since_epoch(bool verbose /* true */)   :   1658096075
minutes since epoch   :   27634934
minute of day   :   1334
minute of hour   :   14
hour of day   :   22
[2022-07-18 00:14:35.836] [main] [info] Checking timestamp.txt...
[2022-07-18 00:14:35.836] [main] [debug] The timestamp.txt is always written when watering is triggered. It is read to check if I was already done with watering some minutes ago.
previous time_stamp:   27633738
[2022-07-18 00:14:35.837] [main] [info] Checking timestamp.txt   ...DONE!
%%%%%%%%%%     [4] Run the executable   ...DONE!
elapsed time:   0s
=====================================================================================================
