=====================================================================================================
%%%%%%%%%%     [4] Run the executable...
>Please note:  Even if all builds failed, the last built executable is still there and will be started!
> sudo -u mayadm ./ur-unix-run.sh
[2022-07-18 23:17:56.252] [main] [info] Pinging Pump Server Mayson...
[2022-07-18 23:17:56.320] [main] [info] Pinging Pump Server Mayson   ...DONE!
[2022-07-18 23:17:56.320] [main] [info] Pinging all valve stations...
[2022-07-18 23:17:56.808] [main] [info] Pinging all valve stations   ...DONE!
[2022-07-18 23:17:56.808] [main] [info] Fetching timestamp...
std::chrono::system_clock::now().time_since_epoch()   :   1658179076808275104
get_seconds_since_epoch(bool verbose /* true */)   :   1658179076
minutes since epoch   :   27636317
minute of day   :   1277
minute of hour   :   17
hour of day   :   21
[2022-07-18 23:17:56.808] [main] [info] Checking timestamp.txt...
[2022-07-18 23:17:56.808] [main] [debug] The timestamp.txt is always written when watering is triggered. It is read to check if I was already done with watering some minutes ago.
previous time_stamp:   27635164
[2022-07-18 23:17:56.808] [main] [info] Checking timestamp.txt   ...DONE!
%%%%%%%%%%     [4] Run the executable   ...DONE!
elapsed time:   0s
=====================================================================================================
