=====================================================================================================
%%%%%%%%%%     [4] Run the executable...
>Please note:  Even if all builds failed, the last built executable is still there and will be started!
> sudo -u mayadm ./ur-unix-run.sh
[2022-07-19 09:54:43.976] [main] [info] Pinging Pump Server Mayson...
[2022-07-19 09:54:44.073] [main] [info] Pinging Pump Server Mayson   ...DONE!
[2022-07-19 09:54:44.073] [main] [info] Pinging all valve stations...
[2022-07-19 09:54:44.375] [main] [info] Pinging all valve stations   ...DONE!
[2022-07-19 09:54:44.375] [main] [info] Fetching timestamp...
std::chrono::system_clock::now().time_since_epoch()   :   1658217284375797723
get_seconds_since_epoch(bool verbose /* true */)   :   1658217284
minutes since epoch   :   27636954
minute of day   :   474
minute of hour   :   54
hour of day   :   7
[2022-07-19 09:54:44.375] [main] [info] Checking timestamp.txt...
[2022-07-19 09:54:44.375] [main] [debug] The timestamp.txt is always written when watering is triggered. It is read to check if I was already done with watering some minutes ago.
previous time_stamp:   27636611
[2022-07-19 09:54:44.376] [main] [info] Checking timestamp.txt   ...DONE!
%%%%%%%%%%     [4] Run the executable   ...DONE!
elapsed time:   1s
=====================================================================================================
