=====================================================================================================
%%%%%%%%%%     [4] Run the executable...
>Please note:  Even if all builds failed, the last built executable is still there and will be started!
> sudo -u mayadm ./ur-unix-run.sh
[2022-07-20 03:04:54.401] [main] [info] Pinging Pump Server Mayson...
[2022-07-20 03:04:54.610] [main] [info] Pinging Pump Server Mayson   ...DONE!
[2022-07-20 03:04:54.610] [main] [info] Pinging all valve stations...
[2022-07-20 03:04:54.921] [main] [info] Pinging all valve stations   ...DONE!
[2022-07-20 03:04:54.921] [main] [info] Fetching timestamp...
std::chrono::system_clock::now().time_since_epoch()   :   1658279094921202610
get_seconds_since_epoch(bool verbose /* true */)   :   1658279094
minutes since epoch   :   27637984
minute of day   :   64
minute of hour   :   4
hour of day   :   1
[2022-07-20 03:04:54.921] [main] [info] Checking timestamp.txt...
[2022-07-20 03:04:54.921] [main] [debug] The timestamp.txt is always written when watering is triggered. It is read to check if I was already done with watering some minutes ago.
previous time_stamp:   27636611
[2022-07-20 03:04:54.921] [main] [info] Checking timestamp.txt   ...DONE!
%%%%%%%%%%     [4] Run the executable   ...DONE!
elapsed time:   0s
=====================================================================================================
