=====================================================================================================
%%%%%%%%%%     [6] Uploading logs and go sleeping...
> sudo -u mayadm git checkout artifacts
Zu Zweig »artifacts« gewechselt
Ihr Branch ist auf demselben Stand wie 'origin/artifacts'.
> sudo -u mayadm git pull
Bereits aktuell.
> sudo -u mayadm git merge maya-productive
Bereits aktuell.
> sudo -u mayadm git add "../artifacts/logs/3401-*.log" -f
> sudo -u mayadm git add "../artifacts/logs/3400-*.log" -f
> sudo -u mayadm git commit -m "logs at 2022-07-20--03h25"
[artifacts e27447a2] logs at 2022-07-20--03h25
 6 files changed, 263 insertions(+)
 create mode 100644 maya/artifacts/logs/3400--2022-07-20--03h04---6.log
 create mode 100644 maya/artifacts/logs/3401--2022-07-20--03h25---1.log
 create mode 100644 maya/artifacts/logs/3401--2022-07-20--03h25---2.log
 create mode 100644 maya/artifacts/logs/3401--2022-07-20--03h25---3.log
 create mode 100644 maya/artifacts/logs/3401--2022-07-20--03h25---4.log
 create mode 100644 maya/artifacts/logs/3401--2022-07-20--03h25---5.log
> sudo -u mayadm git push
To https://github.com/Necktschnagge/wired-watering
   b0d7e185..e27447a2  artifacts -> artifacts
> sudo -u mayadm git checkout maya-productive
Zu Zweig »maya-productive« gewechselt
Ihr Branch ist auf demselben Stand wie 'origin/maya-productive'.
> sudo -u mayadm git push
Everything up-to-date
##############################################################
###################                        ###################
###################     GOING TO SLEEP     ###################
###################                        ###################
##############################################################
#######                                                #######
#######   Press CTRL + C NOW to abort script safely!   #######
#######                                                #######
##############################################################
##############################################################
#######                                                #######
#######               NOW GOING TO SLEEP               #######
#######                                                #######
##############################################################
> rtcwake -m mem -s 1200
rtcwake: RTC wird als UTC interpretiert …
rtcwake: aufwachen von „mem“ durch /dev/rtc0 bei Wed Jul 20 01:46:19 2022
##############################################################
#######                                                #######
#######            just waked up from sleep            #######
#######                                                #######
##############################################################
%%%%%%%%%%     [6] Uploading logs and go sleeping   ...DONE!
elapsed time:   1225s
=====================================================================================================
