=====================================================================================================
%%%%%%%%%%     [4] Run the executable...
>Please note:  Even if all builds failed, the last built executable is still there and will be started!
> sudo -u mayadm ./ur-unix-run.sh
[2022-07-20 13:17:12.294] [main] [info] Pinging Pump Server Mayson...
[2022-07-20 13:17:12.406] [main] [info] Pinging Pump Server Mayson   ...DONE!
[2022-07-20 13:17:12.406] [main] [info] Pinging all valve stations...
[2022-07-20 13:17:12.832] [main] [info] Pinging all valve stations   ...DONE!
[2022-07-20 13:17:12.832] [main] [info] Fetching timestamp...
std::chrono::system_clock::now().time_since_epoch()   :   1658315832832862053
get_seconds_since_epoch(bool verbose /* true */)   :   1658315832
minutes since epoch   :   27638597
minute of day   :   677
minute of hour   :   17
hour of day   :   11
[2022-07-20 13:17:12.832] [main] [info] Checking timestamp.txt...
[2022-07-20 13:17:12.832] [main] [debug] The timestamp.txt is always written when watering is triggered. It is read to check if I was already done with watering some minutes ago.
previous time_stamp:   27638047
[2022-07-20 13:17:12.833] [main] [info] Checking timestamp.txt   ...DONE!
%%%%%%%%%%     [4] Run the executable   ...DONE!
elapsed time:   0s
=====================================================================================================
