=====================================================================================================
%%%%%%%%%%     [6] Uploading logs and go sleeping...
> sudo -u mayadm git checkout artifacts
Zu Zweig »artifacts« gewechselt
Ihr Branch ist auf demselben Stand wie 'origin/artifacts'.
> sudo -u mayadm git pull
Bereits aktuell.
> sudo -u mayadm git merge maya-productive
Bereits aktuell.
> sudo -u mayadm git add "../artifacts/logs/3497-*.log" -f
> sudo -u mayadm git add "../artifacts/logs/3496-*.log" -f
> sudo -u mayadm git commit -m "logs at 2022-07-21--15h03"
[artifacts e9eb2f84] logs at 2022-07-21--15h03
 6 files changed, 266 insertions(+)
 create mode 100644 maya/artifacts/logs/3496--2022-07-21--14h42---6.log
 create mode 100644 maya/artifacts/logs/3497--2022-07-21--15h03---1.log
 create mode 100644 maya/artifacts/logs/3497--2022-07-21--15h03---2.log
 create mode 100644 maya/artifacts/logs/3497--2022-07-21--15h03---3.log
 create mode 100644 maya/artifacts/logs/3497--2022-07-21--15h03---4.log
 create mode 100644 maya/artifacts/logs/3497--2022-07-21--15h03---5.log
> sudo -u mayadm git push
To https://github.com/Necktschnagge/wired-watering
   e0e7e2d3..e9eb2f84  artifacts -> artifacts
> sudo -u mayadm git checkout maya-productive
Zu Zweig »maya-productive« gewechselt
Ihr Branch ist auf demselben Stand wie 'origin/maya-productive'.
> sudo -u mayadm git push
Everything up-to-date
##############################################################
###################                        ###################
###################     GOING TO SLEEP     ###################
###################                        ###################
##############################################################
#######                                                #######
#######   Press CTRL + C NOW to abort script safely!   #######
#######                                                #######
##############################################################
##############################################################
#######                                                #######
#######               NOW GOING TO SLEEP               #######
#######                                                #######
##############################################################
> rtcwake -m mem -s 1200
rtcwake: RTC wird als UTC interpretiert …
rtcwake: aufwachen von „mem“ durch /dev/rtc0 bei Thu Jul 21 13:24:30 2022
##############################################################
#######                                                #######
#######            just waked up from sleep            #######
#######                                                #######
##############################################################
%%%%%%%%%%     [6] Uploading logs and go sleeping   ...DONE!
elapsed time:   1223s
=====================================================================================================
