=====================================================================================================
%%%%%%%%%%     [4] Run the executable...
>Please note:  Even if all builds failed, the last built executable is still there and will be started!
> sudo -u mayadm ./ur-unix-run.sh
[2022-07-21 16:49:18.821] [main] [info] Pinging Pump Server Mayson...
[2022-07-21 16:49:18.867] [main] [info] Pinging Pump Server Mayson   ...DONE!
[2022-07-21 16:49:18.867] [main] [info] Pinging all valve stations...
[2022-07-21 16:49:19.175] [main] [info] Pinging all valve stations   ...DONE!
[2022-07-21 16:49:19.175] [main] [info] Fetching timestamp...
std::chrono::system_clock::now().time_since_epoch()   :   1658414959175624090
get_seconds_since_epoch(bool verbose /* true */)   :   1658414959
minutes since epoch   :   27640249
minute of day   :   889
minute of hour   :   49
hour of day   :   14
[2022-07-21 16:49:19.175] [main] [info] Checking timestamp.txt...
[2022-07-21 16:49:19.175] [main] [debug] The timestamp.txt is always written when watering is triggered. It is read to check if I was already done with watering some minutes ago.
previous time_stamp:   27639482
[2022-07-21 16:49:19.175] [main] [info] Checking timestamp.txt   ...DONE!
%%%%%%%%%%     [4] Run the executable   ...DONE!
elapsed time:   1s
=====================================================================================================
