=====================================================================================================
%%%%%%%%%%     [6] Uploading logs and go sleeping...
> sudo -u mayadm git checkout artifacts
Zu Zweig »artifacts« gewechselt
Ihr Branch ist auf demselben Stand wie 'origin/artifacts'.
> sudo -u mayadm git pull
Bereits aktuell.
> sudo -u mayadm git merge maya-productive
Bereits aktuell.
> sudo -u mayadm git add "../artifacts/logs/3557-*.log" -f
> sudo -u mayadm git add "../artifacts/logs/3556-*.log" -f
> sudo -u mayadm git commit -m "logs at 2022-07-22--13h15"
[artifacts 7cfaa94f] logs at 2022-07-22--13h15
 6 files changed, 263 insertions(+)
 create mode 100644 maya/artifacts/logs/3556--2022-07-22--12h53---6.log
 create mode 100644 maya/artifacts/logs/3557--2022-07-22--13h15---1.log
 create mode 100644 maya/artifacts/logs/3557--2022-07-22--13h15---2.log
 create mode 100644 maya/artifacts/logs/3557--2022-07-22--13h15---3.log
 create mode 100644 maya/artifacts/logs/3557--2022-07-22--13h15---4.log
 create mode 100644 maya/artifacts/logs/3557--2022-07-22--13h15---5.log
> sudo -u mayadm git push
To https://github.com/Necktschnagge/wired-watering
   8cf679c0..7cfaa94f  artifacts -> artifacts
> sudo -u mayadm git checkout maya-productive
Zu Zweig »maya-productive« gewechselt
Ihr Branch ist auf demselben Stand wie 'origin/maya-productive'.
> sudo -u mayadm git push
Everything up-to-date
##############################################################
###################                        ###################
###################     GOING TO SLEEP     ###################
###################                        ###################
##############################################################
#######                                                #######
#######   Press CTRL + C NOW to abort script safely!   #######
#######                                                #######
##############################################################
##############################################################
#######                                                #######
#######               NOW GOING TO SLEEP               #######
#######                                                #######
##############################################################
> rtcwake -m mem -s 1200
rtcwake: RTC wird als UTC interpretiert …
rtcwake: aufwachen von „mem“ durch /dev/rtc0 bei Fri Jul 22 11:35:55 2022
##############################################################
#######                                                #######
#######            just waked up from sleep            #######
#######                                                #######
##############################################################
%%%%%%%%%%     [6] Uploading logs and go sleeping   ...DONE!
elapsed time:   1224s
=====================================================================================================
