=====================================================================================================
%%%%%%%%%%     [4] Run the executable...
>Please note:  Even if all builds failed, the last built executable is still there and will be started!
> sudo -u mayadm ./ur-unix-run.sh
[2022-07-23 17:15:27.464] [main] [info] Pinging Pump Server Mayson...
[2022-07-23 17:15:28.553] [main] [info] Pinging Pump Server Mayson   ...DONE!
[2022-07-23 17:15:28.553] [main] [info] Pinging all valve stations...
[2022-07-23 17:15:28.860] [main] [info] Pinging all valve stations   ...DONE!
[2022-07-23 17:15:28.860] [main] [info] Fetching timestamp...
std::chrono::system_clock::now().time_since_epoch()   :   1658589328860773988
get_seconds_since_epoch(bool verbose /* true */)   :   1658589328
minutes since epoch   :   27643155
minute of day   :   915
minute of hour   :   15
hour of day   :   15
[2022-07-23 17:15:28.860] [main] [info] Checking timestamp.txt...
[2022-07-23 17:15:28.860] [main] [debug] The timestamp.txt is always written when watering is triggered. It is read to check if I was already done with watering some minutes ago.
previous time_stamp:   27642364
[2022-07-23 17:15:28.860] [main] [info] Checking timestamp.txt   ...DONE!
%%%%%%%%%%     [4] Run the executable   ...DONE!
elapsed time:   1s
=====================================================================================================
