=====================================================================================================
%%%%%%%%%%     [4] Run the executable...
>Please note:  Even if all builds failed, the last built executable is still there and will be started!
> sudo -u mayadm ./ur-unix-run.sh
[2022-07-23 17:36:38.535] [main] [info] Pinging Pump Server Mayson...
[2022-07-23 17:36:38.662] [main] [info] Pinging Pump Server Mayson   ...DONE!
[2022-07-23 17:36:38.662] [main] [info] Pinging all valve stations...
[2022-07-23 17:36:38.980] [main] [info] Pinging all valve stations   ...DONE!
[2022-07-23 17:36:38.980] [main] [info] Fetching timestamp...
std::chrono::system_clock::now().time_since_epoch()   :   1658590598980085391
get_seconds_since_epoch(bool verbose /* true */)   :   1658590598
minutes since epoch   :   27643176
minute of day   :   936
minute of hour   :   36
hour of day   :   15
[2022-07-23 17:36:38.980] [main] [info] Checking timestamp.txt...
[2022-07-23 17:36:38.980] [main] [debug] The timestamp.txt is always written when watering is triggered. It is read to check if I was already done with watering some minutes ago.
previous time_stamp:   27642364
[2022-07-23 17:36:38.980] [main] [info] Checking timestamp.txt   ...DONE!
%%%%%%%%%%     [4] Run the executable   ...DONE!
elapsed time:   0s
=====================================================================================================
