=====================================================================================================
=====================================================================================================
===     Starting with run #3692...
=====================================================================================================
=====================================================================================================
> echo "3692" | sudo -u mayadm tee /home/mayadm/repos/logs/counter.info
3692
> date
So 24. Jul 14:51:30 CEST 2022
> dig +short txt ch whoami.cloudflare @1.0.0.1
"46.114.206.132"
> ./maya_connect_internet_usb0.sh
Connecting to internet via usb0 tethering FAILED
=====================================================================================================
%%%%%%%%%%     [1] Cleaning working directory...
> sudo -u mayadm git branch
  artifacts
  main
  maya-fallback
* maya-productive
> sudo -u mayadm git status
Auf Branch maya-productive
Ihr Branch ist auf demselben Stand wie 'origin/maya-productive'.

nichts zu committen, Arbeitsverzeichnis unverändert
> sudo -u mayadm git add -u; sudo -u mayadm git add *
> sudo -u mayadm git status
Auf Branch maya-productive
Ihr Branch ist auf demselben Stand wie 'origin/maya-productive'.

nichts zu committen, Arbeitsverzeichnis unverändert
Checking if there are uncommitted changes...
> sudo -u mayadm git update-index --refresh && sudo -u mayadm git diff-index --quiet HEAD --
> sudo -u mayadm git reset --hard;
HEAD ist jetzt bei b2cefe6f Merge remote-tracking branch 'origin/main' into maya-productive
%%%%%%%%%%     [1] Cleaning working directory   ...DONE!
elapsed time:   2s
=====================================================================================================
