=====================================================================================================
%%%%%%%%%%     [4] Run the executable...
>Please note:  Even if all builds failed, the last built executable is still there and will be started!
> sudo -u mayadm ./ur-unix-run.sh
[2022-07-24 20:31:55.549] [main] [info] Pinging Pump Server Mayson...
[2022-07-24 20:31:55.586] [main] [info] Pinging Pump Server Mayson   ...DONE!
[2022-07-24 20:31:55.586] [main] [info] Pinging all valve stations...
[2022-07-24 20:31:55.894] [main] [info] Pinging all valve stations   ...DONE!
[2022-07-24 20:31:55.894] [main] [info] Fetching timestamp...
std::chrono::system_clock::now().time_since_epoch()   :   1658687515894460394
get_seconds_since_epoch(bool verbose /* true */)   :   1658687515
minutes since epoch   :   27644791
minute of day   :   1111
minute of hour   :   31
hour of day   :   18
[2022-07-24 20:31:55.894] [main] [info] Checking timestamp.txt...
[2022-07-24 20:31:55.894] [main] [debug] The timestamp.txt is always written when watering is triggered. It is read to check if I was already done with watering some minutes ago.
previous time_stamp:   27643813
[2022-07-24 20:31:55.894] [main] [info] Checking timestamp.txt   ...DONE!
%%%%%%%%%%     [4] Run the executable   ...DONE!
elapsed time:   0s
=====================================================================================================
