=====================================================================================================
%%%%%%%%%%     [6] Uploading logs and go sleeping...
> sudo -u mayadm git checkout artifacts
Zu Zweig »artifacts« gewechselt
Ihr Branch ist auf demselben Stand wie 'origin/artifacts'.
> sudo -u mayadm git pull
Bereits aktuell.
> sudo -u mayadm git merge maya-productive
Bereits aktuell.
> sudo -u mayadm git add "../artifacts/logs/3717-*.log" -f
> sudo -u mayadm git add "../artifacts/logs/3716-*.log" -f
> sudo -u mayadm git commit -m "logs at 2022-07-24--23h42"
[artifacts ca0f3f89] logs at 2022-07-24--23h42
 6 files changed, 262 insertions(+)
 create mode 100644 maya/artifacts/logs/3716--2022-07-24--23h21---6.log
 create mode 100644 maya/artifacts/logs/3717--2022-07-24--23h42---1.log
 create mode 100644 maya/artifacts/logs/3717--2022-07-24--23h42---2.log
 create mode 100644 maya/artifacts/logs/3717--2022-07-24--23h42---3.log
 create mode 100644 maya/artifacts/logs/3717--2022-07-24--23h42---4.log
 create mode 100644 maya/artifacts/logs/3717--2022-07-24--23h42---5.log
> sudo -u mayadm git push
To https://github.com/Necktschnagge/wired-watering
   bfcc0c5b..ca0f3f89  artifacts -> artifacts
> sudo -u mayadm git checkout maya-productive
Zu Zweig »maya-productive« gewechselt
Ihr Branch ist auf demselben Stand wie 'origin/maya-productive'.
> sudo -u mayadm git push
Everything up-to-date
##############################################################
###################                        ###################
###################     GOING TO SLEEP     ###################
###################                        ###################
##############################################################
#######                                                #######
#######   Press CTRL + C NOW to abort script safely!   #######
#######                                                #######
##############################################################
##############################################################
#######                                                #######
#######               NOW GOING TO SLEEP               #######
#######                                                #######
##############################################################
> rtcwake -m mem -s 1200
rtcwake: RTC wird als UTC interpretiert …
rtcwake: aufwachen von „mem“ durch /dev/rtc0 bei Sun Jul 24 22:03:34 2022
##############################################################
#######                                                #######
#######            just waked up from sleep            #######
#######                                                #######
##############################################################
%%%%%%%%%%     [6] Uploading logs and go sleeping   ...DONE!
elapsed time:   1227s
=====================================================================================================
