=====================================================================================================
%%%%%%%%%%     [6] Uploading logs and go sleeping...
> sudo -u mayadm git checkout artifacts
Zu Zweig »artifacts« gewechselt
Ihr Branch ist auf demselben Stand wie 'origin/artifacts'.
> sudo -u mayadm git pull
Bereits aktuell.
> sudo -u mayadm git merge maya-productive
Bereits aktuell.
> sudo -u mayadm git add "../artifacts/logs/3730-*.log" -f
> sudo -u mayadm git add "../artifacts/logs/3729-*.log" -f
> sudo -u mayadm git commit -m "logs at 2022-07-25--04h19"
[artifacts 985049ca] logs at 2022-07-25--04h19
 6 files changed, 389 insertions(+)
 create mode 100644 maya/artifacts/logs/3729--2022-07-25--03h58---6.log
 create mode 100644 maya/artifacts/logs/3730--2022-07-25--04h19---1.log
 create mode 100644 maya/artifacts/logs/3730--2022-07-25--04h19---2.log
 create mode 100644 maya/artifacts/logs/3730--2022-07-25--04h19---3.log
 create mode 100644 maya/artifacts/logs/3730--2022-07-25--04h19---4.log
 create mode 100644 maya/artifacts/logs/3730--2022-07-25--04h19---5.log
> sudo -u mayadm git push
To https://github.com/Necktschnagge/wired-watering
   00a52e8c..985049ca  artifacts -> artifacts
> sudo -u mayadm git checkout maya-productive
Zu Zweig »maya-productive« gewechselt
Ihr Branch ist auf demselben Stand wie 'origin/maya-productive'.
> sudo -u mayadm git push
Everything up-to-date
##############################################################
###################                        ###################
###################     GOING TO SLEEP     ###################
###################                        ###################
##############################################################
#######                                                #######
#######   Press CTRL + C NOW to abort script safely!   #######
#######                                                #######
##############################################################
##############################################################
#######                                                #######
#######               NOW GOING TO SLEEP               #######
#######                                                #######
##############################################################
> rtcwake -m mem -s 1200
rtcwake: RTC wird als UTC interpretiert …
rtcwake: aufwachen von „mem“ durch /dev/rtc0 bei Mon Jul 25 03:29:34 2022
##############################################################
#######                                                #######
#######            just waked up from sleep            #######
#######                                                #######
##############################################################
%%%%%%%%%%     [6] Uploading logs and go sleeping   ...DONE!
elapsed time:   1227s
=====================================================================================================
