=====================================================================================================
%%%%%%%%%%     [4] Run the executable...
>Please note:  Even if all builds failed, the last built executable is still there and will be started!
> sudo -u mayadm ./ur-unix-run.sh
[2022-07-25 14:44:45.200] [main] [info] Pinging Pump Server Mayson...
[2022-07-25 14:44:45.364] [main] [info] Pinging Pump Server Mayson   ...DONE!
[2022-07-25 14:44:45.364] [main] [info] Pinging all valve stations...
[2022-07-25 14:44:45.674] [main] [info] Pinging all valve stations   ...DONE!
[2022-07-25 14:44:45.674] [main] [info] Fetching timestamp...
std::chrono::system_clock::now().time_since_epoch()   :   1658753085674987273
get_seconds_since_epoch(bool verbose /* true */)   :   1658753085
minutes since epoch   :   27645884
minute of day   :   764
minute of hour   :   44
hour of day   :   12
[2022-07-25 14:44:45.675] [main] [info] Checking timestamp.txt...
[2022-07-25 14:44:45.675] [main] [debug] The timestamp.txt is always written when watering is triggered. It is read to check if I was already done with watering some minutes ago.
previous time_stamp:   27645259
[2022-07-25 14:44:45.675] [main] [info] Checking timestamp.txt   ...DONE!
%%%%%%%%%%     [4] Run the executable   ...DONE!
elapsed time:   0s
=====================================================================================================
