=====================================================================================================
%%%%%%%%%%     [6] Uploading logs and go sleeping...
> sudo -u mayadm git checkout artifacts
Zu Zweig »artifacts« gewechselt
Ihr Branch ist auf demselben Stand wie 'origin/artifacts'.
> sudo -u mayadm git pull
Bereits aktuell.
> sudo -u mayadm git merge maya-productive
Bereits aktuell.
> sudo -u mayadm git add "../artifacts/logs/3773-*.log" -f
> sudo -u mayadm git add "../artifacts/logs/3772-*.log" -f
> sudo -u mayadm git commit -m "logs at 2022-07-25--20h26"
[artifacts 953e13e4] logs at 2022-07-25--20h26
 6 files changed, 263 insertions(+)
 create mode 100644 maya/artifacts/logs/3772--2022-07-25--20h04---6.log
 create mode 100644 maya/artifacts/logs/3773--2022-07-25--20h26---1.log
 create mode 100644 maya/artifacts/logs/3773--2022-07-25--20h26---2.log
 create mode 100644 maya/artifacts/logs/3773--2022-07-25--20h26---3.log
 create mode 100644 maya/artifacts/logs/3773--2022-07-25--20h26---4.log
 create mode 100644 maya/artifacts/logs/3773--2022-07-25--20h26---5.log
> sudo -u mayadm git push
To https://github.com/Necktschnagge/wired-watering
   1780ff9f..953e13e4  artifacts -> artifacts
> sudo -u mayadm git checkout maya-productive
Zu Zweig »maya-productive« gewechselt
Ihr Branch ist auf demselben Stand wie 'origin/maya-productive'.
> sudo -u mayadm git push
Everything up-to-date
##############################################################
###################                        ###################
###################     GOING TO SLEEP     ###################
###################                        ###################
##############################################################
#######                                                #######
#######   Press CTRL + C NOW to abort script safely!   #######
#######                                                #######
##############################################################
##############################################################
#######                                                #######
#######               NOW GOING TO SLEEP               #######
#######                                                #######
##############################################################
> rtcwake -m mem -s 1200
rtcwake: RTC wird als UTC interpretiert …
rtcwake: aufwachen von „mem“ durch /dev/rtc0 bei Mon Jul 25 18:47:32 2022
##############################################################
#######                                                #######
#######            just waked up from sleep            #######
#######                                                #######
##############################################################
%%%%%%%%%%     [6] Uploading logs and go sleeping   ...DONE!
elapsed time:   1228s
=====================================================================================================
