=====================================================================================================
=====================================================================================================
===     Starting with run #3775...
=====================================================================================================
=====================================================================================================
> echo "3775" | sudo -u mayadm tee /home/mayadm/repos/logs/counter.info
3775
> date
Mo 25. Jul 21:09:32 CEST 2022
> dig +short txt ch whoami.cloudflare @1.0.0.1
"46.114.205.61"
> ./maya_connect_internet_usb0.sh
Connecting to internet via usb0 tethering FAILED
=====================================================================================================
%%%%%%%%%%     [1] Cleaning working directory...
> sudo -u mayadm git branch
  artifacts
  main
  maya-fallback
* maya-productive
> sudo -u mayadm git status
Auf Branch maya-productive
Ihr Branch ist 3 Commits hinter 'origin/maya-productive', und kann vorgespult werden.
  (benutzen Sie "git pull", um Ihren lokalen Branch zu aktualisieren)

nichts zu committen, Arbeitsverzeichnis unverändert
> sudo -u mayadm git add -u; sudo -u mayadm git add *
> sudo -u mayadm git status
Auf Branch maya-productive
Ihr Branch ist 3 Commits hinter 'origin/maya-productive', und kann vorgespult werden.
  (benutzen Sie "git pull", um Ihren lokalen Branch zu aktualisieren)

nichts zu committen, Arbeitsverzeichnis unverändert
Checking if there are uncommitted changes...
> sudo -u mayadm git update-index --refresh && sudo -u mayadm git diff-index --quiet HEAD --
> sudo -u mayadm git reset --hard;
HEAD ist jetzt bei 43d613fa Merge pull request #67 from Necktschnagge/hotfix-maya-new-hose-connections
%%%%%%%%%%     [1] Cleaning working directory   ...DONE!
elapsed time:   2s
=====================================================================================================
