=====================================================================================================
%%%%%%%%%%     [6] Uploading logs and go sleeping...
> sudo -u mayadm git checkout artifacts
Zu Zweig »artifacts« gewechselt
Ihr Branch ist auf demselben Stand wie 'origin/artifacts'.
> sudo -u mayadm git pull
Bereits aktuell.
> sudo -u mayadm git merge maya-productive
Merge made by the 'recursive' strategy.
 maya/src/main.cpp | 81 ++++++++++++++++++++++++++-----------------------------
 1 file changed, 38 insertions(+), 43 deletions(-)
> sudo -u mayadm git add "../artifacts/logs/3776-*.log" -f
> sudo -u mayadm git add "../artifacts/logs/3775-*.log" -f
> sudo -u mayadm git commit -m "logs at 2022-07-25--21h30"
[artifacts c8933271] logs at 2022-07-25--21h30
 6 files changed, 287 insertions(+)
 create mode 100644 maya/artifacts/logs/3775--2022-07-25--21h09---6.log
 create mode 100644 maya/artifacts/logs/3776--2022-07-25--21h30---1.log
 create mode 100644 maya/artifacts/logs/3776--2022-07-25--21h30---2.log
 create mode 100644 maya/artifacts/logs/3776--2022-07-25--21h30---3.log
 create mode 100644 maya/artifacts/logs/3776--2022-07-25--21h30---4.log
 create mode 100644 maya/artifacts/logs/3776--2022-07-25--21h30---5.log
> sudo -u mayadm git push
To https://github.com/Necktschnagge/wired-watering
   6ccdc578..c8933271  artifacts -> artifacts
> sudo -u mayadm git checkout maya-productive
Zu Zweig »maya-productive« gewechselt
Ihr Branch ist auf demselben Stand wie 'origin/maya-productive'.
> sudo -u mayadm git push
Everything up-to-date
##############################################################
###################                        ###################
###################     GOING TO SLEEP     ###################
###################                        ###################
##############################################################
#######                                                #######
#######   Press CTRL + C NOW to abort script safely!   #######
#######                                                #######
##############################################################
##############################################################
#######                                                #######
#######               NOW GOING TO SLEEP               #######
#######                                                #######
##############################################################
> rtcwake -m mem -s 1200
rtcwake: RTC wird als UTC interpretiert …
rtcwake: aufwachen von „mem“ durch /dev/rtc0 bei Mon Jul 25 19:51:56 2022
##############################################################
#######                                                #######
#######            just waked up from sleep            #######
#######                                                #######
##############################################################
%%%%%%%%%%     [6] Uploading logs and go sleeping   ...DONE!
elapsed time:   1226s
=====================================================================================================
