=====================================================================================================
%%%%%%%%%%     [4] Run the executable...
>Please note:  Even if all builds failed, the last built executable is still there and will be started!
> sudo -u mayadm ./ur-unix-run.sh
[2022-07-26 06:05:50.478] [main] [info] Pinging Pump Server Mayson...
[2022-07-26 06:05:50.509] [main] [info] Pinging Pump Server Mayson   ...DONE!
[2022-07-26 06:05:50.509] [main] [info] Pinging all valve stations...
[2022-07-26 06:05:51.836] [main] [info] Pinging all valve stations   ...DONE!
[2022-07-26 06:05:51.836] [main] [info] Fetching timestamp...
std::chrono::system_clock::now().time_since_epoch()   :   1658808351836485987
get_seconds_since_epoch(bool verbose /* true */)   :   1658808351
minutes since epoch   :   27646805
minute of day   :   245
minute of hour   :   5
hour of day   :   4
[2022-07-26 06:05:51.836] [main] [info] Checking timestamp.txt...
[2022-07-26 06:05:51.836] [main] [debug] The timestamp.txt is always written when watering is triggered. It is read to check if I was already done with watering some minutes ago.
previous time_stamp:   27646698
[2022-07-26 06:05:51.836] [main] [info] Checking timestamp.txt   ...DONE!
%%%%%%%%%%     [4] Run the executable   ...DONE!
elapsed time:   1s
=====================================================================================================
