=====================================================================================================
%%%%%%%%%%     [4] Run the executable...
>Please note:  Even if all builds failed, the last built executable is still there and will be started!
> sudo -u mayadm ./ur-unix-run.sh
[2022-07-26 18:35:18.197] [main] [info] Pinging Pump Server Mayson...
[2022-07-26 18:35:18.330] [main] [info] Pinging Pump Server Mayson   ...DONE!
[2022-07-26 18:35:18.330] [main] [info] Pinging all valve stations...
[2022-07-26 18:35:18.574] [main] [info] Pinging all valve stations   ...DONE!
[2022-07-26 18:35:18.574] [main] [info] Fetching timestamp...
std::chrono::system_clock::now().time_since_epoch()   :   1658853318574863339
get_seconds_since_epoch(bool verbose /* true */)   :   1658853318
minutes since epoch   :   27647555
minute of day   :   995
minute of hour   :   35
hour of day   :   16
[2022-07-26 18:35:18.574] [main] [info] Checking timestamp.txt...
[2022-07-26 18:35:18.574] [main] [debug] The timestamp.txt is always written when watering is triggered. It is read to check if I was already done with watering some minutes ago.
previous time_stamp:   27646698
[2022-07-26 18:35:18.575] [main] [info] Checking timestamp.txt   ...DONE!
%%%%%%%%%%     [4] Run the executable   ...DONE!
elapsed time:   0s
=====================================================================================================
