=====================================================================================================
%%%%%%%%%%     [4] Run the executable...
>Please note:  Even if all builds failed, the last built executable is still there and will be started!
> sudo -u mayadm ./ur-unix-run.sh
[2022-07-27 06:51:09.508] [main] [info] Pinging Pump Server Mayson...
[2022-07-27 06:51:09.613] [main] [info] Pinging Pump Server Mayson   ...DONE!
[2022-07-27 06:51:09.613] [main] [info] Pinging all valve stations...
[2022-07-27 06:51:10.120] [main] [info] Pinging all valve stations   ...DONE!
[2022-07-27 06:51:10.120] [main] [info] Fetching timestamp...
std::chrono::system_clock::now().time_since_epoch()   :   1658897470120198829
get_seconds_since_epoch(bool verbose /* true */)   :   1658897470
minutes since epoch   :   27648291
minute of day   :   291
minute of hour   :   51
hour of day   :   4
[2022-07-27 06:51:10.120] [main] [info] Checking timestamp.txt...
[2022-07-27 06:51:10.120] [main] [debug] The timestamp.txt is always written when watering is triggered. It is read to check if I was already done with watering some minutes ago.
previous time_stamp:   27648134
[2022-07-27 06:51:10.120] [main] [info] Checking timestamp.txt   ...DONE!
%%%%%%%%%%     [4] Run the executable   ...DONE!
elapsed time:   1s
=====================================================================================================
