=====================================================================================================
%%%%%%%%%%     [4] Run the executable...
>Please note:  Even if all builds failed, the last built executable is still there and will be started!
> sudo -u mayadm ./ur-unix-run.sh
[2022-07-28 02:55:53.357] [main] [info] Pinging Pump Server Mayson...
[2022-07-28 02:55:54.673] [main] [info] Pinging Pump Server Mayson   ...DONE!
[2022-07-28 02:55:54.673] [main] [info] Pinging all valve stations...
[2022-07-28 02:55:55.084] [main] [info] Pinging all valve stations   ...DONE!
[2022-07-28 02:55:55.084] [main] [info] Fetching timestamp...
std::chrono::system_clock::now().time_since_epoch()   :   1658969755084208031
get_seconds_since_epoch(bool verbose /* true */)   :   1658969755
minutes since epoch   :   27649495
minute of day   :   55
minute of hour   :   55
hour of day   :   0
[2022-07-28 02:55:55.084] [main] [info] Checking timestamp.txt...
[2022-07-28 02:55:55.084] [main] [debug] The timestamp.txt is always written when watering is triggered. It is read to check if I was already done with watering some minutes ago.
previous time_stamp:   27648134
[2022-07-28 02:55:55.084] [main] [info] Checking timestamp.txt   ...DONE!
%%%%%%%%%%     [4] Run the executable   ...DONE!
elapsed time:   2s
=====================================================================================================
