=====================================================================================================
%%%%%%%%%%     [4] Run the executable...
>Please note:  Even if all builds failed, the last built executable is still there and will be started!
> sudo -u mayadm ./ur-unix-run.sh
[2022-07-28 15:10:30.253] [main] [info] Pinging Pump Server Mayson...
[2022-07-28 15:10:30.279] [main] [info] Pinging Pump Server Mayson   ...DONE!
[2022-07-28 15:10:30.279] [main] [info] Pinging all valve stations...
[2022-07-28 15:10:30.892] [main] [info] Pinging all valve stations   ...DONE!
[2022-07-28 15:10:30.892] [main] [info] Fetching timestamp...
std::chrono::system_clock::now().time_since_epoch()   :   1659013830892514621
get_seconds_since_epoch(bool verbose /* true */)   :   1659013830
minutes since epoch   :   27650230
minute of day   :   790
minute of hour   :   10
hour of day   :   13
[2022-07-28 15:10:30.892] [main] [info] Checking timestamp.txt...
[2022-07-28 15:10:30.892] [main] [debug] The timestamp.txt is always written when watering is triggered. It is read to check if I was already done with watering some minutes ago.
previous time_stamp:   27649582
[2022-07-28 15:10:30.892] [main] [info] Checking timestamp.txt   ...DONE!
%%%%%%%%%%     [4] Run the executable   ...DONE!
elapsed time:   0s
=====================================================================================================
