=====================================================================================================
%%%%%%%%%%     [4] Run the executable...
>Please note:  Even if all builds failed, the last built executable is still there and will be started!
> sudo -u mayadm ./ur-unix-run.sh
[2022-07-29 01:17:05.839] [main] [info] Pinging Pump Server Mayson...
[2022-07-29 01:17:05.955] [main] [info] Pinging Pump Server Mayson   ...DONE!
[2022-07-29 01:17:05.956] [main] [info] Pinging all valve stations...
[2022-07-29 01:17:06.275] [main] [info] Pinging all valve stations   ...DONE!
[2022-07-29 01:17:06.275] [main] [info] Fetching timestamp...
std::chrono::system_clock::now().time_since_epoch()   :   1659050226275722523
get_seconds_since_epoch(bool verbose /* true */)   :   1659050226
minutes since epoch   :   27650837
minute of day   :   1397
minute of hour   :   17
hour of day   :   23
[2022-07-29 01:17:06.275] [main] [info] Checking timestamp.txt...
[2022-07-29 01:17:06.275] [main] [debug] The timestamp.txt is always written when watering is triggered. It is read to check if I was already done with watering some minutes ago.
previous time_stamp:   27649582
[2022-07-29 01:17:06.275] [main] [info] Checking timestamp.txt   ...DONE!
%%%%%%%%%%     [4] Run the executable   ...DONE!
elapsed time:   1s
=====================================================================================================
