=====================================================================================================
%%%%%%%%%%     [4] Run the executable...
>Please note:  Even if all builds failed, the last built executable is still there and will be started!
> sudo -u mayadm ./ur-unix-run.sh
[2022-07-29 02:43:36.766] [main] [info] Pinging Pump Server Mayson...
[2022-07-29 02:43:36.826] [main] [info] Pinging Pump Server Mayson   ...DONE!
[2022-07-29 02:43:36.826] [main] [info] Pinging all valve stations...
[2022-07-29 02:43:37.249] [main] [info] Pinging all valve stations   ...DONE!
[2022-07-29 02:43:37.249] [main] [info] Fetching timestamp...
std::chrono::system_clock::now().time_since_epoch()   :   1659055417249483279
get_seconds_since_epoch(bool verbose /* true */)   :   1659055417
minutes since epoch   :   27650923
minute of day   :   43
minute of hour   :   43
hour of day   :   0
[2022-07-29 02:43:37.249] [main] [info] Checking timestamp.txt...
[2022-07-29 02:43:37.249] [main] [debug] The timestamp.txt is always written when watering is triggered. It is read to check if I was already done with watering some minutes ago.
previous time_stamp:   27649582
[2022-07-29 02:43:37.249] [main] [info] Checking timestamp.txt   ...DONE!
%%%%%%%%%%     [4] Run the executable   ...DONE!
elapsed time:   1s
=====================================================================================================
