=====================================================================================================
%%%%%%%%%%     [4] Run the executable...
>Please note:  Even if all builds failed, the last built executable is still there and will be started!
> sudo -u mayadm ./ur-unix-run.sh
[2022-07-29 07:53:15.520] [main] [info] Pinging Pump Server Mayson...
[2022-07-29 07:53:15.578] [main] [info] Pinging Pump Server Mayson   ...DONE!
[2022-07-29 07:53:15.578] [main] [info] Pinging all valve stations...
[2022-07-29 07:53:16.107] [main] [info] Pinging all valve stations   ...DONE!
[2022-07-29 07:53:16.107] [main] [info] Fetching timestamp...
std::chrono::system_clock::now().time_since_epoch()   :   1659073996107195988
get_seconds_since_epoch(bool verbose /* true */)   :   1659073996
minutes since epoch   :   27651233
minute of day   :   353
minute of hour   :   53
hour of day   :   5
[2022-07-29 07:53:16.107] [main] [info] Checking timestamp.txt...
[2022-07-29 07:53:16.107] [main] [debug] The timestamp.txt is always written when watering is triggered. It is read to check if I was already done with watering some minutes ago.
previous time_stamp:   27651010
[2022-07-29 07:53:16.107] [main] [info] Checking timestamp.txt   ...DONE!
%%%%%%%%%%     [4] Run the executable   ...DONE!
elapsed time:   1s
=====================================================================================================
