=====================================================================================================
%%%%%%%%%%     [4] Run the executable...
>Please note:  Even if all builds failed, the last built executable is still there and will be started!
> sudo -u mayadm ./ur-unix-run.sh
[2022-07-29 10:47:25.223] [main] [info] Pinging Pump Server Mayson...
[2022-07-29 10:47:25.315] [main] [info] Pinging Pump Server Mayson   ...DONE!
[2022-07-29 10:47:25.315] [main] [info] Pinging all valve stations...
[2022-07-29 10:47:25.724] [main] [info] Pinging all valve stations   ...DONE!
[2022-07-29 10:47:25.724] [main] [info] Fetching timestamp...
std::chrono::system_clock::now().time_since_epoch()   :   1659084445724802127
get_seconds_since_epoch(bool verbose /* true */)   :   1659084445
minutes since epoch   :   27651407
minute of day   :   527
minute of hour   :   47
hour of day   :   8
[2022-07-29 10:47:25.724] [main] [info] Checking timestamp.txt...
[2022-07-29 10:47:25.724] [main] [debug] The timestamp.txt is always written when watering is triggered. It is read to check if I was already done with watering some minutes ago.
previous time_stamp:   27651010
[2022-07-29 10:47:25.725] [main] [info] Checking timestamp.txt   ...DONE!
%%%%%%%%%%     [4] Run the executable   ...DONE!
elapsed time:   0s
=====================================================================================================
