=====================================================================================================
%%%%%%%%%%     [4] Run the executable...
>Please note:  Even if all builds failed, the last built executable is still there and will be started!
> sudo -u mayadm ./ur-unix-run.sh
[2022-07-29 14:46:16.692] [main] [info] Pinging Pump Server Mayson...
[2022-07-29 14:46:16.749] [main] [info] Pinging Pump Server Mayson   ...DONE!
[2022-07-29 14:46:16.749] [main] [info] Pinging all valve stations...
[2022-07-29 14:46:17.059] [main] [info] Pinging all valve stations   ...DONE!
[2022-07-29 14:46:17.059] [main] [info] Fetching timestamp...
std::chrono::system_clock::now().time_since_epoch()   :   1659098777059535370
get_seconds_since_epoch(bool verbose /* true */)   :   1659098777
minutes since epoch   :   27651646
minute of day   :   766
minute of hour   :   46
hour of day   :   12
[2022-07-29 14:46:17.059] [main] [info] Checking timestamp.txt...
[2022-07-29 14:46:17.059] [main] [debug] The timestamp.txt is always written when watering is triggered. It is read to check if I was already done with watering some minutes ago.
previous time_stamp:   27651010
[2022-07-29 14:46:17.059] [main] [info] Checking timestamp.txt   ...DONE!
%%%%%%%%%%     [4] Run the executable   ...DONE!
elapsed time:   1s
=====================================================================================================
