=====================================================================================================
%%%%%%%%%%     [4] Run the executable...
>Please note:  Even if all builds failed, the last built executable is still there and will be started!
> sudo -u mayadm ./ur-unix-run.sh
[2022-07-29 19:29:43.422] [main] [info] Pinging Pump Server Mayson...
[2022-07-29 19:29:43.448] [main] [info] Pinging Pump Server Mayson   ...DONE!
[2022-07-29 19:29:43.448] [main] [info] Pinging all valve stations...
[2022-07-29 19:29:44.109] [main] [info] Pinging all valve stations   ...DONE!
[2022-07-29 19:29:44.109] [main] [info] Fetching timestamp...
std::chrono::system_clock::now().time_since_epoch()   :   1659115784109648076
get_seconds_since_epoch(bool verbose /* true */)   :   1659115784
minutes since epoch   :   27651929
minute of day   :   1049
minute of hour   :   29
hour of day   :   17
[2022-07-29 19:29:44.109] [main] [info] Checking timestamp.txt...
[2022-07-29 19:29:44.109] [main] [debug] The timestamp.txt is always written when watering is triggered. It is read to check if I was already done with watering some minutes ago.
previous time_stamp:   27651010
[2022-07-29 19:29:44.109] [main] [info] Checking timestamp.txt   ...DONE!
%%%%%%%%%%     [4] Run the executable   ...DONE!
elapsed time:   1s
=====================================================================================================
