=====================================================================================================
%%%%%%%%%%     [4] Run the executable...
>Please note:  Even if all builds failed, the last built executable is still there and will be started!
> sudo -u mayadm ./ur-unix-run.sh
[2022-07-29 21:19:08.367] [main] [info] Pinging Pump Server Mayson...
[2022-07-29 21:19:08.402] [main] [info] Pinging Pump Server Mayson   ...DONE!
[2022-07-29 21:19:08.402] [main] [info] Pinging all valve stations...
[2022-07-29 21:19:08.714] [main] [info] Pinging all valve stations   ...DONE!
[2022-07-29 21:19:08.714] [main] [info] Fetching timestamp...
std::chrono::system_clock::now().time_since_epoch()   :   1659122348714958553
get_seconds_since_epoch(bool verbose /* true */)   :   1659122348
minutes since epoch   :   27652039
minute of day   :   1159
minute of hour   :   19
hour of day   :   19
[2022-07-29 21:19:08.715] [main] [info] Checking timestamp.txt...
[2022-07-29 21:19:08.715] [main] [debug] The timestamp.txt is always written when watering is triggered. It is read to check if I was already done with watering some minutes ago.
previous time_stamp:   27651010
[2022-07-29 21:19:08.715] [main] [info] Checking timestamp.txt   ...DONE!
%%%%%%%%%%     [4] Run the executable   ...DONE!
elapsed time:   0s
=====================================================================================================
