=====================================================================================================
%%%%%%%%%%     [6] Uploading logs and go sleeping...
> sudo -u mayadm git checkout artifacts
Zu Zweig »artifacts« gewechselt
Ihr Branch ist auf demselben Stand wie 'origin/artifacts'.
> sudo -u mayadm git pull
Bereits aktuell.
> sudo -u mayadm git merge maya-productive
Bereits aktuell.
> sudo -u mayadm git add "../artifacts/logs/4091-*.log" -f
> sudo -u mayadm git add "../artifacts/logs/4090-*.log" -f
> sudo -u mayadm git commit -m "logs at 2022-07-30--19h55"
[artifacts a95858dd] logs at 2022-07-30--19h55
 6 files changed, 266 insertions(+)
 create mode 100644 maya/artifacts/logs/4090--2022-07-30--19h33---6.log
 create mode 100644 maya/artifacts/logs/4091--2022-07-30--19h55---1.log
 create mode 100644 maya/artifacts/logs/4091--2022-07-30--19h55---2.log
 create mode 100644 maya/artifacts/logs/4091--2022-07-30--19h55---3.log
 create mode 100644 maya/artifacts/logs/4091--2022-07-30--19h55---4.log
 create mode 100644 maya/artifacts/logs/4091--2022-07-30--19h55---5.log
> sudo -u mayadm git push
To https://github.com/Necktschnagge/wired-watering
   7545eaad..a95858dd  artifacts -> artifacts
> sudo -u mayadm git checkout maya-productive
Zu Zweig »maya-productive« gewechselt
Ihr Branch ist auf demselben Stand wie 'origin/maya-productive'.
> sudo -u mayadm git push
Everything up-to-date
##############################################################
###################                        ###################
###################     GOING TO SLEEP     ###################
###################                        ###################
##############################################################
#######                                                #######
#######   Press CTRL + C NOW to abort script safely!   #######
#######                                                #######
##############################################################
##############################################################
#######                                                #######
#######               NOW GOING TO SLEEP               #######
#######                                                #######
##############################################################
> rtcwake -m mem -s 1200
rtcwake: RTC wird als UTC interpretiert …
rtcwake: aufwachen von „mem“ durch /dev/rtc0 bei Sat Jul 30 18:16:47 2022
##############################################################
#######                                                #######
#######            just waked up from sleep            #######
#######                                                #######
##############################################################
%%%%%%%%%%     [6] Uploading logs and go sleeping   ...DONE!
elapsed time:   1228s
=====================================================================================================
