=====================================================================================================
%%%%%%%%%%     [6] Uploading logs and go sleeping...
> sudo -u mayadm git checkout artifacts
Zu Zweig »artifacts« gewechselt
Ihr Branch ist 1 Commit vor 'origin/artifacts'.
  (benutzen Sie "git push", um lokale Commits zu publizieren)
> sudo -u mayadm git pull
Bereits aktuell.
> sudo -u mayadm git merge maya-productive
Bereits aktuell.
> sudo -u mayadm git add "../artifacts/logs/4096-*.log" -f
> sudo -u mayadm git add "../artifacts/logs/4095-*.log" -f
> sudo -u mayadm git commit -m "logs at 2022-07-30--21h45"
[artifacts ea8d0b27] logs at 2022-07-30--21h45
 6 files changed, 265 insertions(+)
 create mode 100644 maya/artifacts/logs/4095--2022-07-30--21h23---6.log
 create mode 100644 maya/artifacts/logs/4096--2022-07-30--21h45---1.log
 create mode 100644 maya/artifacts/logs/4096--2022-07-30--21h45---2.log
 create mode 100644 maya/artifacts/logs/4096--2022-07-30--21h45---3.log
 create mode 100644 maya/artifacts/logs/4096--2022-07-30--21h45---4.log
 create mode 100644 maya/artifacts/logs/4096--2022-07-30--21h45---5.log
> sudo -u mayadm git push
To https://github.com/Necktschnagge/wired-watering
   c9e748c4..ea8d0b27  artifacts -> artifacts
> sudo -u mayadm git checkout maya-productive
Zu Zweig »maya-productive« gewechselt
Ihr Branch ist auf demselben Stand wie 'origin/maya-productive'.
> sudo -u mayadm git push
Everything up-to-date
##############################################################
###################                        ###################
###################     GOING TO SLEEP     ###################
###################                        ###################
##############################################################
#######                                                #######
#######   Press CTRL + C NOW to abort script safely!   #######
#######                                                #######
##############################################################
##############################################################
#######                                                #######
#######               NOW GOING TO SLEEP               #######
#######                                                #######
##############################################################
> rtcwake -m mem -s 1200
rtcwake: RTC wird als UTC interpretiert …
rtcwake: aufwachen von „mem“ durch /dev/rtc0 bei Sat Jul 30 20:06:34 2022
##############################################################
#######                                                #######
#######            just waked up from sleep            #######
#######                                                #######
##############################################################
%%%%%%%%%%     [6] Uploading logs and go sleeping   ...DONE!
elapsed time:   1227s
=====================================================================================================
