=====================================================================================================
%%%%%%%%%%     [4] Run the executable...
>Please note:  Even if all builds failed, the last built executable is still there and will be started!
> sudo -u mayadm ./ur-unix-run.sh
[2022-07-31 10:42:33.947] [main] [info] Pinging Pump Server Mayson...
[2022-07-31 10:42:34.109] [main] [info] Pinging Pump Server Mayson   ...DONE!
[2022-07-31 10:42:34.109] [main] [info] Pinging all valve stations...
[2022-07-31 10:42:34.423] [main] [info] Pinging all valve stations   ...DONE!
[2022-07-31 10:42:34.423] [main] [info] Fetching timestamp...
std::chrono::system_clock::now().time_since_epoch()   :   1659256954423512357
get_seconds_since_epoch(bool verbose /* true */)   :   1659256954
minutes since epoch   :   27654282
minute of day   :   522
minute of hour   :   42
hour of day   :   8
[2022-07-31 10:42:34.423] [main] [info] Checking timestamp.txt...
[2022-07-31 10:42:34.423] [main] [debug] The timestamp.txt is always written when watering is triggered. It is read to check if I was already done with watering some minutes ago.
previous time_stamp:   27653901
[2022-07-31 10:42:34.423] [main] [info] Checking timestamp.txt   ...DONE!
%%%%%%%%%%     [4] Run the executable   ...DONE!
elapsed time:   1s
=====================================================================================================
