=====================================================================================================
%%%%%%%%%%     [4] Run the executable...
>Please note:  Even if all builds failed, the last built executable is still there and will be started!
> sudo -u mayadm ./ur-unix-run.sh
[2022-08-01 01:05:32.898] [main] [info] Pinging Pump Server Mayson...
[2022-08-01 01:05:32.982] [main] [info] Pinging Pump Server Mayson   ...DONE!
[2022-08-01 01:05:32.982] [main] [info] Pinging all valve stations...
[2022-08-01 01:05:33.926] [main] [info] Pinging all valve stations   ...DONE!
[2022-08-01 01:05:33.926] [main] [info] Fetching timestamp...
std::chrono::system_clock::now().time_since_epoch()   :   1659308733926772489
get_seconds_since_epoch(bool verbose /* true */)   :   1659308733
minutes since epoch   :   27655145
minute of day   :   1385
minute of hour   :   5
hour of day   :   23
[2022-08-01 01:05:33.926] [main] [info] Checking timestamp.txt...
[2022-08-01 01:05:33.926] [main] [debug] The timestamp.txt is always written when watering is triggered. It is read to check if I was already done with watering some minutes ago.
previous time_stamp:   27653901
[2022-08-01 01:05:33.926] [main] [info] Checking timestamp.txt   ...DONE!
%%%%%%%%%%     [4] Run the executable   ...DONE!
elapsed time:   1s
=====================================================================================================
