=====================================================================================================
%%%%%%%%%%     [4] Run the executable...
>Please note:  Even if all builds failed, the last built executable is still there and will be started!
> sudo -u mayadm ./ur-unix-run.sh
[2022-08-01 05:51:33.923] [main] [info] Pinging Pump Server Mayson...
[2022-08-01 05:51:33.969] [main] [info] Pinging Pump Server Mayson   ...DONE!
[2022-08-01 05:51:33.969] [main] [info] Pinging all valve stations...
[2022-08-01 05:51:34.484] [main] [info] Pinging all valve stations   ...DONE!
[2022-08-01 05:51:34.484] [main] [info] Fetching timestamp...
std::chrono::system_clock::now().time_since_epoch()   :   1659325894484445110
get_seconds_since_epoch(bool verbose /* true */)   :   1659325894
minutes since epoch   :   27655431
minute of day   :   231
minute of hour   :   51
hour of day   :   3
[2022-08-01 05:51:34.485] [main] [info] Checking timestamp.txt...
[2022-08-01 05:51:34.485] [main] [debug] The timestamp.txt is always written when watering is triggered. It is read to check if I was already done with watering some minutes ago.
previous time_stamp:   27655323
[2022-08-01 05:51:34.485] [main] [info] Checking timestamp.txt   ...DONE!
%%%%%%%%%%     [4] Run the executable   ...DONE!
elapsed time:   1s
=====================================================================================================
