=====================================================================================================
%%%%%%%%%%     [4] Run the executable...
> sudo -u mayadm ./ur-unix-run.sh
std::chrono::system_clock::now().time_since_epoch()   :   1654740549536400516
get_seconds_since_epoch(bool verbose /* true */)   :   1654740549
minutes since epoch   :   27579009
minute of day   :   129
minute of hour   :   9
hour of day   :   2
previous time_stamp:   27577561
Wrote to timestamp.txt
Send request to pump relay:
URL:   http://192.168.1.10:80/status?auto=off&system=off&manual=off
Response:
status code:   200
text:
{
 "server-name" : "pump-relay-mayson",
 "action" : "okay"
}
Send request to pump relay:
URL:   http://192.168.1.10:80/status?auto=on&system=on
Response:
status code:   200
text:
{
 "server-name" : "pump-relay-mayson",
 "action" : "okay"
}
Send valves at 1654740558
http://192.168.1.20:80/status?valves=1
200
{
 "server-name" : "valve-server-james",
 "action" : "okay"
}
Send valves at 1654741878
http://192.168.1.20:80/status?valves=0
200
{
 "server-name" : "valve-server-james",
 "action" : "okay"
}
Send request to pump relay:
URL:   http://192.168.1.10:80/status?auto=off
Response:
status code:   200
text:
{
 "server-name" : "pump-relay-mayson",
 "action" : "okay"
}
%%%%%%%%%%     [4] Run the executable   ...DONE!
=====================================================================================================
