=====================================================================================================
%%%%%%%%%%     [4] Run the executable...
>Please note:  Even if all builds failed, the last built executable is still there and will be started!
> sudo -u mayadm ./ur-unix-run.sh
[2022-08-01 15:50:08.405] [main] [info] Pinging Pump Server Mayson...
[2022-08-01 15:50:08.515] [main] [info] Pinging Pump Server Mayson   ...DONE!
[2022-08-01 15:50:08.515] [main] [info] Pinging all valve stations...
[2022-08-01 15:50:08.818] [main] [info] Pinging all valve stations   ...DONE!
[2022-08-01 15:50:08.818] [main] [info] Fetching timestamp...
std::chrono::system_clock::now().time_since_epoch()   :   1659361808818176828
get_seconds_since_epoch(bool verbose /* true */)   :   1659361808
minutes since epoch   :   27656030
minute of day   :   830
minute of hour   :   50
hour of day   :   13
[2022-08-01 15:50:08.818] [main] [info] Checking timestamp.txt...
[2022-08-01 15:50:08.818] [main] [debug] The timestamp.txt is always written when watering is triggered. It is read to check if I was already done with watering some minutes ago.
previous time_stamp:   27655323
[2022-08-01 15:50:08.818] [main] [info] Checking timestamp.txt   ...DONE!
%%%%%%%%%%     [4] Run the executable   ...DONE!
elapsed time:   0s
=====================================================================================================
