=====================================================================================================
%%%%%%%%%%     [4] Run the executable...
>Please note:  Even if all builds failed, the last built executable is still there and will be started!
> sudo -u mayadm ./ur-unix-run.sh
[2022-08-03 01:40:50.698] [main] [info] Pinging Pump Server Mayson...
[2022-08-03 01:40:50.732] [main] [info] Pinging Pump Server Mayson   ...DONE!
[2022-08-03 01:40:50.732] [main] [info] Pinging all valve stations...
[2022-08-03 01:40:51.347] [main] [info] Pinging all valve stations   ...DONE!
[2022-08-03 01:40:51.347] [main] [info] Fetching timestamp...
std::chrono::system_clock::now().time_since_epoch()   :   1659483651347841212
get_seconds_since_epoch(bool verbose /* true */)   :   1659483651
minutes since epoch   :   27658060
minute of day   :   1420
minute of hour   :   40
hour of day   :   23
[2022-08-03 01:40:51.347] [main] [info] Checking timestamp.txt...
[2022-08-03 01:40:51.347] [main] [debug] The timestamp.txt is always written when watering is triggered. It is read to check if I was already done with watering some minutes ago.
previous time_stamp:   27656762
[2022-08-03 01:40:51.348] [main] [info] Checking timestamp.txt   ...DONE!
%%%%%%%%%%     [4] Run the executable   ...DONE!
elapsed time:   1s
=====================================================================================================
