=====================================================================================================
%%%%%%%%%%     [6] Uploading logs and go sleeping...
> sudo -u mayadm git checkout artifacts
Zu Zweig »artifacts« gewechselt
Ihr Branch ist auf demselben Stand wie 'origin/artifacts'.
> sudo -u mayadm git pull
Bereits aktuell.
> sudo -u mayadm git merge maya-productive
Bereits aktuell.
> sudo -u mayadm git add "../artifacts/logs/4320-*.log" -f
> sudo -u mayadm git add "../artifacts/logs/4319-*.log" -f
> sudo -u mayadm git commit -m "logs at 2022-08-03--12h26"
[artifacts c0221cff] logs at 2022-08-03--12h26
 6 files changed, 262 insertions(+)
 create mode 100644 maya/artifacts/logs/4319--2022-08-03--12h03---6.log
 create mode 100644 maya/artifacts/logs/4320--2022-08-03--12h26---1.log
 create mode 100644 maya/artifacts/logs/4320--2022-08-03--12h26---2.log
 create mode 100644 maya/artifacts/logs/4320--2022-08-03--12h26---3.log
 create mode 100644 maya/artifacts/logs/4320--2022-08-03--12h26---4.log
 create mode 100644 maya/artifacts/logs/4320--2022-08-03--12h26---5.log
> sudo -u mayadm git push
To https://github.com/Necktschnagge/wired-watering
   9760fa8a..c0221cff  artifacts -> artifacts
> sudo -u mayadm git checkout maya-productive
Zu Zweig »maya-productive« gewechselt
Ihr Branch ist auf demselben Stand wie 'origin/maya-productive'.
> sudo -u mayadm git push
Everything up-to-date
##############################################################
###################                        ###################
###################     GOING TO SLEEP     ###################
###################                        ###################
##############################################################
#######                                                #######
#######   Press CTRL + C NOW to abort script safely!   #######
#######                                                #######
##############################################################
##############################################################
#######                                                #######
#######               NOW GOING TO SLEEP               #######
#######                                                #######
##############################################################
> rtcwake -m mem -s 1200
rtcwake: RTC wird als UTC interpretiert …
rtcwake: aufwachen von „mem“ durch /dev/rtc0 bei Wed Aug  3 10:48:07 2022
##############################################################
#######                                                #######
#######            just waked up from sleep            #######
#######                                                #######
##############################################################
%%%%%%%%%%     [6] Uploading logs and go sleeping   ...DONE!
elapsed time:   1229s
=====================================================================================================
