=====================================================================================================
%%%%%%%%%%     [4] Run the executable...
>Please note:  Even if all builds failed, the last built executable is still there and will be started!
> sudo -u mayadm ./ur-unix-run.sh
[2022-08-04 07:13:48.633] [main] [info] Pinging Pump Server Mayson...
[2022-08-04 07:13:49.009] [main] [info] Pinging Pump Server Mayson   ...DONE!
[2022-08-04 07:13:49.009] [main] [info] Pinging all valve stations...
[2022-08-04 07:13:49.436] [main] [info] Pinging all valve stations   ...DONE!
[2022-08-04 07:13:49.436] [main] [info] Fetching timestamp...
std::chrono::system_clock::now().time_since_epoch()   :   1659590029436929551
get_seconds_since_epoch(bool verbose /* true */)   :   1659590029
minutes since epoch   :   27659833
minute of day   :   313
minute of hour   :   13
hour of day   :   5
[2022-08-04 07:13:49.437] [main] [info] Checking timestamp.txt...
[2022-08-04 07:13:49.437] [main] [debug] The timestamp.txt is always written when watering is triggered. It is read to check if I was already done with watering some minutes ago.
previous time_stamp:   27659649
[2022-08-04 07:13:49.437] [main] [info] Checking timestamp.txt   ...DONE!
%%%%%%%%%%     [4] Run the executable   ...DONE!
elapsed time:   1s
=====================================================================================================
