=====================================================================================================
%%%%%%%%%%     [6] Uploading logs and go sleeping...
> sudo -u mayadm git checkout artifacts
Zu Zweig »artifacts« gewechselt
Ihr Branch ist auf demselben Stand wie 'origin/artifacts'.
> sudo -u mayadm git pull
Bereits aktuell.
> sudo -u mayadm git merge maya-productive
Bereits aktuell.
> sudo -u mayadm git add "../artifacts/logs/4393-*.log" -f
> sudo -u mayadm git add "../artifacts/logs/4392-*.log" -f
> sudo -u mayadm git commit -m "logs at 2022-08-04--16h35"
[artifacts 6506ad87] logs at 2022-08-04--16h35
 6 files changed, 266 insertions(+)
 create mode 100644 maya/artifacts/logs/4392--2022-08-04--16h13---6.log
 create mode 100644 maya/artifacts/logs/4393--2022-08-04--16h35---1.log
 create mode 100644 maya/artifacts/logs/4393--2022-08-04--16h35---2.log
 create mode 100644 maya/artifacts/logs/4393--2022-08-04--16h35---3.log
 create mode 100644 maya/artifacts/logs/4393--2022-08-04--16h35---4.log
 create mode 100644 maya/artifacts/logs/4393--2022-08-04--16h35---5.log
> sudo -u mayadm git push
To https://github.com/Necktschnagge/wired-watering
   32c63cb8..6506ad87  artifacts -> artifacts
> sudo -u mayadm git checkout maya-productive
Zu Zweig »maya-productive« gewechselt
Ihr Branch ist auf demselben Stand wie 'origin/maya-productive'.
> sudo -u mayadm git push
Everything up-to-date
##############################################################
###################                        ###################
###################     GOING TO SLEEP     ###################
###################                        ###################
##############################################################
#######                                                #######
#######   Press CTRL + C NOW to abort script safely!   #######
#######                                                #######
##############################################################
##############################################################
#######                                                #######
#######               NOW GOING TO SLEEP               #######
#######                                                #######
##############################################################
> rtcwake -m mem -s 1200
rtcwake: RTC wird als UTC interpretiert …
rtcwake: aufwachen von „mem“ durch /dev/rtc0 bei Thu Aug  4 14:58:21 2022
##############################################################
#######                                                #######
#######            just waked up from sleep            #######
#######                                                #######
##############################################################
%%%%%%%%%%     [6] Uploading logs and go sleeping   ...DONE!
elapsed time:   1230s
=====================================================================================================
