=====================================================================================================
%%%%%%%%%%     [4] Run the executable...
>Please note:  Even if all builds failed, the last built executable is still there and will be started!
> sudo -u mayadm ./ur-unix-run.sh
[2022-08-04 22:15:18.258] [main] [info] Pinging Pump Server Mayson...
[2022-08-04 22:15:18.319] [main] [info] Pinging Pump Server Mayson   ...DONE!
[2022-08-04 22:15:18.319] [main] [info] Pinging all valve stations...
[2022-08-04 22:15:19.033] [main] [info] Pinging all valve stations   ...DONE!
[2022-08-04 22:15:19.033] [main] [info] Fetching timestamp...
std::chrono::system_clock::now().time_since_epoch()   :   1659644119033368053
get_seconds_since_epoch(bool verbose /* true */)   :   1659644119
minutes since epoch   :   27660735
minute of day   :   1215
minute of hour   :   15
hour of day   :   20
[2022-08-04 22:15:19.033] [main] [info] Checking timestamp.txt...
[2022-08-04 22:15:19.033] [main] [debug] The timestamp.txt is always written when watering is triggered. It is read to check if I was already done with watering some minutes ago.
previous time_stamp:   27659649
[2022-08-04 22:15:19.033] [main] [info] Checking timestamp.txt   ...DONE!
%%%%%%%%%%     [4] Run the executable   ...DONE!
elapsed time:   1s
=====================================================================================================
