=====================================================================================================
%%%%%%%%%%     [6] Uploading logs and go sleeping...
> sudo -u mayadm git checkout artifacts
Zu Zweig »artifacts« gewechselt
Ihr Branch ist auf demselben Stand wie 'origin/artifacts'.
> sudo -u mayadm git pull
Bereits aktuell.
> sudo -u mayadm git merge maya-productive
Bereits aktuell.
> sudo -u mayadm git add "../artifacts/logs/4457-*.log" -f
> sudo -u mayadm git add "../artifacts/logs/4456-*.log" -f
> sudo -u mayadm git commit -m "logs at 2022-08-05--17h48"
[artifacts 0d337233] logs at 2022-08-05--17h48
 6 files changed, 266 insertions(+)
 create mode 100644 maya/artifacts/logs/4456--2022-08-05--17h25---6.log
 create mode 100644 maya/artifacts/logs/4457--2022-08-05--17h48---1.log
 create mode 100644 maya/artifacts/logs/4457--2022-08-05--17h48---2.log
 create mode 100644 maya/artifacts/logs/4457--2022-08-05--17h48---3.log
 create mode 100644 maya/artifacts/logs/4457--2022-08-05--17h48---4.log
 create mode 100644 maya/artifacts/logs/4457--2022-08-05--17h48---5.log
> sudo -u mayadm git push
To https://github.com/Necktschnagge/wired-watering
   f72dfdd6..0d337233  artifacts -> artifacts
> sudo -u mayadm git checkout maya-productive
Zu Zweig »maya-productive« gewechselt
Ihr Branch ist auf demselben Stand wie 'origin/maya-productive'.
> sudo -u mayadm git push
Everything up-to-date
##############################################################
###################                        ###################
###################     GOING TO SLEEP     ###################
###################                        ###################
##############################################################
#######                                                #######
#######   Press CTRL + C NOW to abort script safely!   #######
#######                                                #######
##############################################################
##############################################################
#######                                                #######
#######               NOW GOING TO SLEEP               #######
#######                                                #######
##############################################################
> rtcwake -m mem -s 1200
rtcwake: RTC wird als UTC interpretiert …
rtcwake: aufwachen von „mem“ durch /dev/rtc0 bei Fri Aug  5 16:10:14 2022
##############################################################
#######                                                #######
#######            just waked up from sleep            #######
#######                                                #######
##############################################################
%%%%%%%%%%     [6] Uploading logs and go sleeping   ...DONE!
elapsed time:   1229s
=====================================================================================================
