=====================================================================================================
%%%%%%%%%%     [6] Uploading logs and go sleeping...
> sudo -u mayadm git checkout artifacts
Zu Zweig »artifacts« gewechselt
Ihr Branch ist auf demselben Stand wie 'origin/artifacts'.
> sudo -u mayadm git pull
Bereits aktuell.
> sudo -u mayadm git merge maya-productive
Bereits aktuell.
> sudo -u mayadm git add "../artifacts/logs/4472-*.log" -f
> sudo -u mayadm git add "../artifacts/logs/4471-*.log" -f
> sudo -u mayadm git commit -m "logs at 2022-08-05--23h29"
[artifacts 2372a272] logs at 2022-08-05--23h29
 6 files changed, 266 insertions(+)
 create mode 100644 maya/artifacts/logs/4471--2022-08-05--23h06---6.log
 create mode 100644 maya/artifacts/logs/4472--2022-08-05--23h29---1.log
 create mode 100644 maya/artifacts/logs/4472--2022-08-05--23h29---2.log
 create mode 100644 maya/artifacts/logs/4472--2022-08-05--23h29---3.log
 create mode 100644 maya/artifacts/logs/4472--2022-08-05--23h29---4.log
 create mode 100644 maya/artifacts/logs/4472--2022-08-05--23h29---5.log
> sudo -u mayadm git push
To https://github.com/Necktschnagge/wired-watering
   a4608ae2..2372a272  artifacts -> artifacts
> sudo -u mayadm git checkout maya-productive
Zu Zweig »maya-productive« gewechselt
Ihr Branch ist auf demselben Stand wie 'origin/maya-productive'.
> sudo -u mayadm git push
Everything up-to-date
##############################################################
###################                        ###################
###################     GOING TO SLEEP     ###################
###################                        ###################
##############################################################
#######                                                #######
#######   Press CTRL + C NOW to abort script safely!   #######
#######                                                #######
##############################################################
##############################################################
#######                                                #######
#######               NOW GOING TO SLEEP               #######
#######                                                #######
##############################################################
> rtcwake -m mem -s 1200
rtcwake: RTC wird als UTC interpretiert …
rtcwake: aufwachen von „mem“ durch /dev/rtc0 bei Fri Aug  5 21:51:47 2022
##############################################################
#######                                                #######
#######            just waked up from sleep            #######
#######                                                #######
##############################################################
%%%%%%%%%%     [6] Uploading logs and go sleeping   ...DONE!
elapsed time:   1232s
=====================================================================================================
