=====================================================================================================
%%%%%%%%%%     [4] Run the executable...
>Please note:  Even if all builds failed, the last built executable is still there and will be started!
> sudo -u mayadm ./ur-unix-run.sh
[2022-08-06 11:22:43.725] [main] [info] Pinging Pump Server Mayson...
[2022-08-06 11:22:43.953] [main] [info] Pinging Pump Server Mayson   ...DONE!
[2022-08-06 11:22:43.953] [main] [info] Pinging all valve stations...
[2022-08-06 11:22:44.482] [main] [info] Pinging all valve stations   ...DONE!
[2022-08-06 11:22:44.482] [main] [info] Fetching timestamp...
std::chrono::system_clock::now().time_since_epoch()   :   1659777764482766868
get_seconds_since_epoch(bool verbose /* true */)   :   1659777764
minutes since epoch   :   27662962
minute of day   :   562
minute of hour   :   22
hour of day   :   9
[2022-08-06 11:22:44.482] [main] [info] Checking timestamp.txt...
[2022-08-06 11:22:44.482] [main] [debug] The timestamp.txt is always written when watering is triggered. It is read to check if I was already done with watering some minutes ago.
previous time_stamp:   27662525
[2022-08-06 11:22:44.482] [main] [info] Checking timestamp.txt   ...DONE!
%%%%%%%%%%     [4] Run the executable   ...DONE!
elapsed time:   1s
=====================================================================================================
