=====================================================================================================
%%%%%%%%%%     [4] Run the executable...
>Please note:  Even if all builds failed, the last built executable is still there and will be started!
> sudo -u mayadm ./ur-unix-run.sh
[2022-08-06 11:45:40.766] [main] [info] Pinging Pump Server Mayson...
[2022-08-06 11:45:40.844] [main] [info] Pinging Pump Server Mayson   ...DONE!
[2022-08-06 11:45:40.844] [main] [info] Pinging all valve stations...
[2022-08-06 11:45:41.463] [main] [info] Pinging all valve stations   ...DONE!
[2022-08-06 11:45:41.463] [main] [info] Fetching timestamp...
std::chrono::system_clock::now().time_since_epoch()   :   1659779141463958454
get_seconds_since_epoch(bool verbose /* true */)   :   1659779141
minutes since epoch   :   27662985
minute of day   :   585
minute of hour   :   45
hour of day   :   9
[2022-08-06 11:45:41.464] [main] [info] Checking timestamp.txt...
[2022-08-06 11:45:41.464] [main] [debug] The timestamp.txt is always written when watering is triggered. It is read to check if I was already done with watering some minutes ago.
previous time_stamp:   27662525
[2022-08-06 11:45:41.464] [main] [info] Checking timestamp.txt   ...DONE!
%%%%%%%%%%     [4] Run the executable   ...DONE!
elapsed time:   1s
=====================================================================================================
