=====================================================================================================
%%%%%%%%%%     [4] Run the executable...
>Please note:  Even if all builds failed, the last built executable is still there and will be started!
> sudo -u mayadm ./ur-unix-run.sh
[2022-08-07 03:23:35.936] [main] [info] Pinging Pump Server Mayson...
[2022-08-07 03:23:36.002] [main] [info] Pinging Pump Server Mayson   ...DONE!
[2022-08-07 03:23:36.002] [main] [info] Pinging all valve stations...
[2022-08-07 03:23:37.313] [main] [info] Pinging all valve stations   ...DONE!
[2022-08-07 03:23:37.313] [main] [info] Fetching timestamp...
std::chrono::system_clock::now().time_since_epoch()   :   1659835417313876833
get_seconds_since_epoch(bool verbose /* true */)   :   1659835417
minutes since epoch   :   27663923
minute of day   :   83
minute of hour   :   23
hour of day   :   1
[2022-08-07 03:23:37.313] [main] [info] Checking timestamp.txt...
[2022-08-07 03:23:37.313] [main] [debug] The timestamp.txt is always written when watering is triggered. It is read to check if I was already done with watering some minutes ago.
previous time_stamp:   27662525
[2022-08-07 03:23:37.314] [main] [info] Checking timestamp.txt   ...DONE!
%%%%%%%%%%     [4] Run the executable   ...DONE!
elapsed time:   2s
=====================================================================================================
