=====================================================================================================
%%%%%%%%%%     [4] Run the executable...
>Please note:  Even if all builds failed, the last built executable is still there and will be started!
> sudo -u mayadm ./ur-unix-run.sh
[2022-08-07 19:45:33.059] [main] [info] Pinging Pump Server Mayson...
[2022-08-07 19:45:33.178] [main] [info] Pinging Pump Server Mayson   ...DONE!
[2022-08-07 19:45:33.178] [main] [info] Pinging all valve stations...
[2022-08-07 19:45:33.492] [main] [info] Pinging all valve stations   ...DONE!
[2022-08-07 19:45:33.492] [main] [info] Fetching timestamp...
std::chrono::system_clock::now().time_since_epoch()   :   1659894333492346153
get_seconds_since_epoch(bool verbose /* true */)   :   1659894333
minutes since epoch   :   27664905
minute of day   :   1065
minute of hour   :   45
hour of day   :   17
[2022-08-07 19:45:33.492] [main] [info] Checking timestamp.txt...
[2022-08-07 19:45:33.492] [main] [debug] The timestamp.txt is always written when watering is triggered. It is read to check if I was already done with watering some minutes ago.
previous time_stamp:   27663969
[2022-08-07 19:45:33.492] [main] [info] Checking timestamp.txt   ...DONE!
%%%%%%%%%%     [4] Run the executable   ...DONE!
elapsed time:   0s
=====================================================================================================
