=====================================================================================================
%%%%%%%%%%     [6] Uploading logs and go sleeping...
> sudo -u mayadm git checkout artifacts
Zu Zweig »artifacts« gewechselt
Ihr Branch ist auf demselben Stand wie 'origin/artifacts'.
> sudo -u mayadm git pull
Bereits aktuell.
> sudo -u mayadm git merge maya-productive
Bereits aktuell.
> sudo -u mayadm git add "../artifacts/logs/4625-*.log" -f
> sudo -u mayadm git add "../artifacts/logs/4624-*.log" -f
> sudo -u mayadm git commit -m "logs at 2022-08-08--12h44"
[artifacts 453bdc52] logs at 2022-08-08--12h44
 6 files changed, 263 insertions(+)
 create mode 100644 maya/artifacts/logs/4624--2022-08-08--12h21---6.log
 create mode 100644 maya/artifacts/logs/4625--2022-08-08--12h44---1.log
 create mode 100644 maya/artifacts/logs/4625--2022-08-08--12h44---2.log
 create mode 100644 maya/artifacts/logs/4625--2022-08-08--12h44---3.log
 create mode 100644 maya/artifacts/logs/4625--2022-08-08--12h44---4.log
 create mode 100644 maya/artifacts/logs/4625--2022-08-08--12h44---5.log
> sudo -u mayadm git push
To https://github.com/Necktschnagge/wired-watering
   89dba4eb..453bdc52  artifacts -> artifacts
> sudo -u mayadm git checkout maya-productive
Zu Zweig »maya-productive« gewechselt
Ihr Branch ist auf demselben Stand wie 'origin/maya-productive'.
> sudo -u mayadm git push
Everything up-to-date
##############################################################
###################                        ###################
###################     GOING TO SLEEP     ###################
###################                        ###################
##############################################################
#######                                                #######
#######   Press CTRL + C NOW to abort script safely!   #######
#######                                                #######
##############################################################
##############################################################
#######                                                #######
#######               NOW GOING TO SLEEP               #######
#######                                                #######
##############################################################
> rtcwake -m mem -s 1200
rtcwake: RTC wird als UTC interpretiert …
rtcwake: aufwachen von „mem“ durch /dev/rtc0 bei Mon Aug  8 11:07:02 2022
##############################################################
#######                                                #######
#######            just waked up from sleep            #######
#######                                                #######
##############################################################
%%%%%%%%%%     [6] Uploading logs and go sleeping   ...DONE!
elapsed time:   1230s
=====================================================================================================
