=====================================================================================================
%%%%%%%%%%     [6] Uploading logs and go sleeping...
> sudo -u mayadm git checkout artifacts
Zu Zweig »artifacts« gewechselt
Ihr Branch ist auf demselben Stand wie 'origin/artifacts'.
> sudo -u mayadm git pull
Bereits aktuell.
> sudo -u mayadm git merge maya-productive
Bereits aktuell.
> sudo -u mayadm git add "../artifacts/logs/4629-*.log" -f
> sudo -u mayadm git add "../artifacts/logs/4628-*.log" -f
> sudo -u mayadm git commit -m "logs at 2022-08-08--14h16"
[artifacts aec4ade5] logs at 2022-08-08--14h16
 6 files changed, 263 insertions(+)
 create mode 100644 maya/artifacts/logs/4628--2022-08-08--13h53---6.log
 create mode 100644 maya/artifacts/logs/4629--2022-08-08--14h16---1.log
 create mode 100644 maya/artifacts/logs/4629--2022-08-08--14h16---2.log
 create mode 100644 maya/artifacts/logs/4629--2022-08-08--14h16---3.log
 create mode 100644 maya/artifacts/logs/4629--2022-08-08--14h16---4.log
 create mode 100644 maya/artifacts/logs/4629--2022-08-08--14h16---5.log
> sudo -u mayadm git push
To https://github.com/Necktschnagge/wired-watering
   bf78a9e9..aec4ade5  artifacts -> artifacts
> sudo -u mayadm git checkout maya-productive
Zu Zweig »maya-productive« gewechselt
Ihr Branch ist auf demselben Stand wie 'origin/maya-productive'.
> sudo -u mayadm git push
Everything up-to-date
##############################################################
###################                        ###################
###################     GOING TO SLEEP     ###################
###################                        ###################
##############################################################
#######                                                #######
#######   Press CTRL + C NOW to abort script safely!   #######
#######                                                #######
##############################################################
##############################################################
#######                                                #######
#######               NOW GOING TO SLEEP               #######
#######                                                #######
##############################################################
> rtcwake -m mem -s 1200
rtcwake: RTC wird als UTC interpretiert …
rtcwake: aufwachen von „mem“ durch /dev/rtc0 bei Mon Aug  8 12:39:17 2022
##############################################################
#######                                                #######
#######            just waked up from sleep            #######
#######                                                #######
##############################################################
%%%%%%%%%%     [6] Uploading logs and go sleeping   ...DONE!
elapsed time:   1231s
=====================================================================================================
