=====================================================================================================
%%%%%%%%%%     [4] Run the executable...
>Please note:  Even if all builds failed, the last built executable is still there and will be started!
> sudo -u mayadm ./ur-unix-run.sh
[2022-08-09 11:59:48.586] [main] [info] Pinging Pump Server Mayson...
[2022-08-09 11:59:48.687] [main] [info] Pinging Pump Server Mayson   ...DONE!
[2022-08-09 11:59:48.687] [main] [info] Pinging all valve stations...
[2022-08-09 11:59:49.009] [main] [info] Pinging all valve stations   ...DONE!
[2022-08-09 11:59:49.009] [main] [info] Fetching timestamp...
std::chrono::system_clock::now().time_since_epoch()   :   1660039189009812245
get_seconds_since_epoch(bool verbose /* true */)   :   1660039189
minutes since epoch   :   27667319
minute of day   :   599
minute of hour   :   59
hour of day   :   9
[2022-08-09 11:59:49.009] [main] [info] Checking timestamp.txt...
[2022-08-09 11:59:49.009] [main] [debug] The timestamp.txt is always written when watering is triggered. It is read to check if I was already done with watering some minutes ago.
previous time_stamp:   27666855
[2022-08-09 11:59:49.009] [main] [info] Checking timestamp.txt   ...DONE!
%%%%%%%%%%     [4] Run the executable   ...DONE!
elapsed time:   1s
=====================================================================================================
