=====================================================================================================
%%%%%%%%%%     [6] Uploading logs and go sleeping...
> sudo -u mayadm git checkout artifacts
Zu Zweig »artifacts« gewechselt
Ihr Branch ist auf demselben Stand wie 'origin/artifacts'.
> sudo -u mayadm git pull
Bereits aktuell.
> sudo -u mayadm git merge maya-productive
Bereits aktuell.
> sudo -u mayadm git add "../artifacts/logs/4737-*.log" -f
> sudo -u mayadm git add "../artifacts/logs/4736-*.log" -f
> sudo -u mayadm git commit -m "logs at 2022-08-10--10h40"
[artifacts 9b16da18] logs at 2022-08-10--10h40
 6 files changed, 262 insertions(+)
 create mode 100644 maya/artifacts/logs/4736--2022-08-10--10h16---6.log
 create mode 100644 maya/artifacts/logs/4737--2022-08-10--10h40---1.log
 create mode 100644 maya/artifacts/logs/4737--2022-08-10--10h40---2.log
 create mode 100644 maya/artifacts/logs/4737--2022-08-10--10h40---3.log
 create mode 100644 maya/artifacts/logs/4737--2022-08-10--10h40---4.log
 create mode 100644 maya/artifacts/logs/4737--2022-08-10--10h40---5.log
> sudo -u mayadm git push
To https://github.com/Necktschnagge/wired-watering
   7e463afa..9b16da18  artifacts -> artifacts
> sudo -u mayadm git checkout maya-productive
Zu Zweig »maya-productive« gewechselt
Ihr Branch ist auf demselben Stand wie 'origin/maya-productive'.
> sudo -u mayadm git push
Everything up-to-date
##############################################################
###################                        ###################
###################     GOING TO SLEEP     ###################
###################                        ###################
##############################################################
#######                                                #######
#######   Press CTRL + C NOW to abort script safely!   #######
#######                                                #######
##############################################################
##############################################################
#######                                                #######
#######               NOW GOING TO SLEEP               #######
#######                                                #######
##############################################################
> rtcwake -m mem -s 1200
rtcwake: RTC wird als UTC interpretiert …
rtcwake: aufwachen von „mem“ durch /dev/rtc0 bei Wed Aug 10 09:02:52 2022
##############################################################
#######                                                #######
#######            just waked up from sleep            #######
#######                                                #######
##############################################################
%%%%%%%%%%     [6] Uploading logs and go sleeping   ...DONE!
elapsed time:   1234s
=====================================================================================================
