=====================================================================================================
%%%%%%%%%%     [4] Run the executable...
>Please note:  Even if all builds failed, the last built executable is still there and will be started!
> sudo -u mayadm ./ur-unix-run.sh
[2022-08-11 06:20:08.782] [main] [info] Pinging Pump Server Mayson...
[2022-08-11 06:20:08.837] [main] [info] Pinging Pump Server Mayson   ...DONE!
[2022-08-11 06:20:08.837] [main] [info] Pinging all valve stations...
[2022-08-11 06:20:09.279] [main] [info] Pinging all valve stations   ...DONE!
[2022-08-11 06:20:09.279] [main] [info] Fetching timestamp...
std::chrono::system_clock::now().time_since_epoch()   :   1660191609279239887
get_seconds_since_epoch(bool verbose /* true */)   :   1660191609
minutes since epoch   :   27669860
minute of day   :   260
minute of hour   :   20
hour of day   :   4
[2022-08-11 06:20:09.279] [main] [info] Checking timestamp.txt...
[2022-08-11 06:20:09.279] [main] [debug] The timestamp.txt is always written when watering is triggered. It is read to check if I was already done with watering some minutes ago.
previous time_stamp:   27669725
[2022-08-11 06:20:09.279] [main] [info] Checking timestamp.txt   ...DONE!
%%%%%%%%%%     [4] Run the executable   ...DONE!
elapsed time:   1s
=====================================================================================================
