=====================================================================================================
%%%%%%%%%%     [4] Run the executable...
>Please note:  Even if all builds failed, the last built executable is still there and will be started!
> sudo -u mayadm ./ur-unix-run.sh
[2022-08-11 12:14:19.673] [main] [info] Pinging Pump Server Mayson...
[2022-08-11 12:14:19.795] [main] [info] Pinging Pump Server Mayson   ...DONE!
[2022-08-11 12:14:19.795] [main] [info] Pinging all valve stations...
[2022-08-11 12:14:20.126] [main] [info] Pinging all valve stations   ...DONE!
[2022-08-11 12:14:20.126] [main] [info] Fetching timestamp...
std::chrono::system_clock::now().time_since_epoch()   :   1660212860126916590
get_seconds_since_epoch(bool verbose /* true */)   :   1660212860
minutes since epoch   :   27670214
minute of day   :   614
minute of hour   :   14
hour of day   :   10
[2022-08-11 12:14:20.126] [main] [info] Checking timestamp.txt...
[2022-08-11 12:14:20.126] [main] [debug] The timestamp.txt is always written when watering is triggered. It is read to check if I was already done with watering some minutes ago.
previous time_stamp:   27669725
[2022-08-11 12:14:20.127] [main] [info] Checking timestamp.txt   ...DONE!
%%%%%%%%%%     [4] Run the executable   ...DONE!
elapsed time:   1s
=====================================================================================================
