=====================================================================================================
%%%%%%%%%%     [4] Run the executable...
>Please note:  Even if all builds failed, the last built executable is still there and will be started!
> sudo -u mayadm ./ur-unix-run.sh
[2022-08-11 21:43:00.330] [main] [info] Pinging Pump Server Mayson...
[2022-08-11 21:43:00.398] [main] [info] Pinging Pump Server Mayson   ...DONE!
[2022-08-11 21:43:00.398] [main] [info] Pinging all valve stations...
[2022-08-11 21:43:00.807] [main] [info] Pinging all valve stations   ...DONE!
[2022-08-11 21:43:00.807] [main] [info] Fetching timestamp...
std::chrono::system_clock::now().time_since_epoch()   :   1660246980807871725
get_seconds_since_epoch(bool verbose /* true */)   :   1660246980
minutes since epoch   :   27670783
minute of day   :   1183
minute of hour   :   43
hour of day   :   19
[2022-08-11 21:43:00.807] [main] [info] Checking timestamp.txt...
[2022-08-11 21:43:00.807] [main] [debug] The timestamp.txt is always written when watering is triggered. It is read to check if I was already done with watering some minutes ago.
previous time_stamp:   27669725
[2022-08-11 21:43:00.808] [main] [info] Checking timestamp.txt   ...DONE!
%%%%%%%%%%     [4] Run the executable   ...DONE!
elapsed time:   0s
=====================================================================================================
