=====================================================================================================
%%%%%%%%%%     [6] Uploading logs and go sleeping...
> sudo -u mayadm git checkout artifacts
Zu Zweig »artifacts« gewechselt
Ihr Branch ist auf demselben Stand wie 'origin/artifacts'.
> sudo -u mayadm git pull
Bereits aktuell.
> sudo -u mayadm git merge maya-productive
Bereits aktuell.
> sudo -u mayadm git add "../artifacts/logs/4837-*.log" -f
> sudo -u mayadm git add "../artifacts/logs/4836-*.log" -f
> sudo -u mayadm git commit -m "logs at 2022-08-12--03h13"
[artifacts cb6a66dc] logs at 2022-08-12--03h13
 6 files changed, 262 insertions(+)
 create mode 100644 maya/artifacts/logs/4836--2022-08-12--02h49---6.log
 create mode 100644 maya/artifacts/logs/4837--2022-08-12--03h13---1.log
 create mode 100644 maya/artifacts/logs/4837--2022-08-12--03h13---2.log
 create mode 100644 maya/artifacts/logs/4837--2022-08-12--03h13---3.log
 create mode 100644 maya/artifacts/logs/4837--2022-08-12--03h13---4.log
 create mode 100644 maya/artifacts/logs/4837--2022-08-12--03h13---5.log
> sudo -u mayadm git push
To https://github.com/Necktschnagge/wired-watering
   e125a766..cb6a66dc  artifacts -> artifacts
> sudo -u mayadm git checkout maya-productive
Zu Zweig »maya-productive« gewechselt
Ihr Branch ist auf demselben Stand wie 'origin/maya-productive'.
> sudo -u mayadm git push
Everything up-to-date
##############################################################
###################                        ###################
###################     GOING TO SLEEP     ###################
###################                        ###################
##############################################################
#######                                                #######
#######   Press CTRL + C NOW to abort script safely!   #######
#######                                                #######
##############################################################
##############################################################
#######                                                #######
#######               NOW GOING TO SLEEP               #######
#######                                                #######
##############################################################
> rtcwake -m mem -s 1200
rtcwake: RTC wird als UTC interpretiert …
rtcwake: aufwachen von „mem“ durch /dev/rtc0 bei Fri Aug 12 01:36:39 2022
##############################################################
#######                                                #######
#######            just waked up from sleep            #######
#######                                                #######
##############################################################
%%%%%%%%%%     [6] Uploading logs and go sleeping   ...DONE!
elapsed time:   1230s
=====================================================================================================
