=====================================================================================================
%%%%%%%%%%     [6] Uploading logs and go sleeping...
> sudo -u mayadm git checkout artifacts
Zu Zweig »artifacts« gewechselt
Ihr Branch ist auf demselben Stand wie 'origin/artifacts'.
> sudo -u mayadm git pull
Bereits aktuell.
> sudo -u mayadm git merge maya-productive
Bereits aktuell.
> sudo -u mayadm git add "../artifacts/logs/4851-*.log" -f
> sudo -u mayadm git add "../artifacts/logs/4850-*.log" -f
> sudo -u mayadm git commit -m "logs at 2022-08-12--09h35"
[artifacts aa7792bf] logs at 2022-08-12--09h35
 6 files changed, 263 insertions(+)
 create mode 100644 maya/artifacts/logs/4850--2022-08-12--09h12---6.log
 create mode 100644 maya/artifacts/logs/4851--2022-08-12--09h35---1.log
 create mode 100644 maya/artifacts/logs/4851--2022-08-12--09h35---2.log
 create mode 100644 maya/artifacts/logs/4851--2022-08-12--09h35---3.log
 create mode 100644 maya/artifacts/logs/4851--2022-08-12--09h35---4.log
 create mode 100644 maya/artifacts/logs/4851--2022-08-12--09h35---5.log
> sudo -u mayadm git push
To https://github.com/Necktschnagge/wired-watering
   2f32c5ce..aa7792bf  artifacts -> artifacts
> sudo -u mayadm git checkout maya-productive
Zu Zweig »maya-productive« gewechselt
Ihr Branch ist auf demselben Stand wie 'origin/maya-productive'.
> sudo -u mayadm git push
fatal: konnte nicht auf 'https://github.com/Necktschnagge/wired-watering/' zugreifen: Could not resolve host: github.com
##############################################################
###################                        ###################
###################     GOING TO SLEEP     ###################
###################                        ###################
##############################################################
#######                                                #######
#######   Press CTRL + C NOW to abort script safely!   #######
#######                                                #######
##############################################################
##############################################################
#######                                                #######
#######               NOW GOING TO SLEEP               #######
#######                                                #######
##############################################################
> rtcwake -m mem -s 1200
rtcwake: RTC wird als UTC interpretiert …
rtcwake: aufwachen von „mem“ durch /dev/rtc0 bei Fri Aug 12 07:58:35 2022
##############################################################
#######                                                #######
#######            just waked up from sleep            #######
#######                                                #######
##############################################################
%%%%%%%%%%     [6] Uploading logs and go sleeping   ...DONE!
elapsed time:   1236s
=====================================================================================================
