=====================================================================================================
%%%%%%%%%%     [4] Run the executable...
>Please note:  Even if all builds failed, the last built executable is still there and will be started!
> sudo -u mayadm ./ur-unix-run.sh
[2022-08-12 20:44:05.726] [main] [info] Pinging Pump Server Mayson...
[2022-08-12 20:44:05.801] [main] [info] Pinging Pump Server Mayson   ...DONE!
[2022-08-12 20:44:05.801] [main] [info] Pinging all valve stations...
[2022-08-12 20:44:06.981] [main] [info] Pinging all valve stations   ...DONE!
[2022-08-12 20:44:06.981] [main] [info] Fetching timestamp...
std::chrono::system_clock::now().time_since_epoch()   :   1660329846981606220
get_seconds_since_epoch(bool verbose /* true */)   :   1660329846
minutes since epoch   :   27672164
minute of day   :   1124
minute of hour   :   44
hour of day   :   18
[2022-08-12 20:44:06.981] [main] [info] Checking timestamp.txt...
[2022-08-12 20:44:06.981] [main] [debug] The timestamp.txt is always written when watering is triggered. It is read to check if I was already done with watering some minutes ago.
previous time_stamp:   27671163
[2022-08-12 20:44:06.981] [main] [info] Checking timestamp.txt   ...DONE!
%%%%%%%%%%     [4] Run the executable   ...DONE!
elapsed time:   2s
=====================================================================================================
