=====================================================================================================
%%%%%%%%%%     [6] Uploading logs and go sleeping...
> sudo -u mayadm git checkout artifacts
Zu Zweig »artifacts« gewechselt
Ihr Branch ist auf demselben Stand wie 'origin/artifacts'.
> sudo -u mayadm git pull
Bereits aktuell.
> sudo -u mayadm git merge maya-productive
Bereits aktuell.
> sudo -u mayadm git add "../artifacts/logs/4881-*.log" -f
> sudo -u mayadm git add "../artifacts/logs/4880-*.log" -f
> sudo -u mayadm git commit -m "logs at 2022-08-12--21h29"
[artifacts a6dc6f04] logs at 2022-08-12--21h29
 6 files changed, 264 insertions(+)
 create mode 100644 maya/artifacts/logs/4880--2022-08-12--21h05---6.log
 create mode 100644 maya/artifacts/logs/4881--2022-08-12--21h29---1.log
 create mode 100644 maya/artifacts/logs/4881--2022-08-12--21h29---2.log
 create mode 100644 maya/artifacts/logs/4881--2022-08-12--21h29---3.log
 create mode 100644 maya/artifacts/logs/4881--2022-08-12--21h29---4.log
 create mode 100644 maya/artifacts/logs/4881--2022-08-12--21h29---5.log
> sudo -u mayadm git push
To https://github.com/Necktschnagge/wired-watering
   9524c2c3..a6dc6f04  artifacts -> artifacts
> sudo -u mayadm git checkout maya-productive
Zu Zweig »maya-productive« gewechselt
Ihr Branch ist auf demselben Stand wie 'origin/maya-productive'.
> sudo -u mayadm git push
Everything up-to-date
##############################################################
###################                        ###################
###################     GOING TO SLEEP     ###################
###################                        ###################
##############################################################
#######                                                #######
#######   Press CTRL + C NOW to abort script safely!   #######
#######                                                #######
##############################################################
##############################################################
#######                                                #######
#######               NOW GOING TO SLEEP               #######
#######                                                #######
##############################################################
> rtcwake -m mem -s 1200
rtcwake: RTC wird als UTC interpretiert …
rtcwake: aufwachen von „mem“ durch /dev/rtc0 bei Fri Aug 12 19:51:56 2022
##############################################################
#######                                                #######
#######            just waked up from sleep            #######
#######                                                #######
##############################################################
%%%%%%%%%%     [6] Uploading logs and go sleeping   ...DONE!
elapsed time:   1228s
=====================================================================================================
