=====================================================================================================
%%%%%%%%%%     [6] Uploading logs and go sleeping...
> sudo -u mayadm git checkout artifacts
Zu Zweig »artifacts« gewechselt
Ihr Branch ist auf demselben Stand wie 'origin/artifacts'.
> sudo -u mayadm git pull
fatal: konnte nicht auf 'https://github.com/Necktschnagge/wired-watering/' zugreifen: Could not resolve host: github.com
> sudo -u mayadm git merge maya-productive
Bereits aktuell.
> sudo -u mayadm git add "../artifacts/logs/4913-*.log" -f
> sudo -u mayadm git add "../artifacts/logs/4912-*.log" -f
> sudo -u mayadm git commit -m "logs at 2022-08-13--11h15"
[artifacts 8c65ed76] logs at 2022-08-13--11h15
 6 files changed, 262 insertions(+)
 create mode 100644 maya/artifacts/logs/4912--2022-08-13--10h52---6.log
 create mode 100644 maya/artifacts/logs/4913--2022-08-13--11h15---1.log
 create mode 100644 maya/artifacts/logs/4913--2022-08-13--11h15---2.log
 create mode 100644 maya/artifacts/logs/4913--2022-08-13--11h15---3.log
 create mode 100644 maya/artifacts/logs/4913--2022-08-13--11h15---4.log
 create mode 100644 maya/artifacts/logs/4913--2022-08-13--11h15---5.log
> sudo -u mayadm git push
To https://github.com/Necktschnagge/wired-watering
   41d274e5..8c65ed76  artifacts -> artifacts
> sudo -u mayadm git checkout maya-productive
Zu Zweig »maya-productive« gewechselt
Ihr Branch ist auf demselben Stand wie 'origin/maya-productive'.
> sudo -u mayadm git push
Everything up-to-date
##############################################################
###################                        ###################
###################     GOING TO SLEEP     ###################
###################                        ###################
##############################################################
#######                                                #######
#######   Press CTRL + C NOW to abort script safely!   #######
#######                                                #######
##############################################################
##############################################################
#######                                                #######
#######               NOW GOING TO SLEEP               #######
#######                                                #######
##############################################################
> rtcwake -m mem -s 1200
rtcwake: RTC wird als UTC interpretiert …
rtcwake: aufwachen von „mem“ durch /dev/rtc0 bei Sat Aug 13 09:38:53 2022
##############################################################
#######                                                #######
#######            just waked up from sleep            #######
#######                                                #######
##############################################################
%%%%%%%%%%     [6] Uploading logs and go sleeping   ...DONE!
elapsed time:   1240s
=====================================================================================================
