=====================================================================================================
%%%%%%%%%%     [6] Uploading logs and go sleeping...
> sudo -u mayadm git checkout artifacts
Zu Zweig »artifacts« gewechselt
Ihr Branch ist auf demselben Stand wie 'origin/artifacts'.
> sudo -u mayadm git pull
Bereits aktuell.
> sudo -u mayadm git merge maya-productive
Bereits aktuell.
> sudo -u mayadm git add "../artifacts/logs/4923-*.log" -f
> sudo -u mayadm git add "../artifacts/logs/4922-*.log" -f
> sudo -u mayadm git commit -m "logs at 2022-08-13--15h14"
[artifacts e779ecca] logs at 2022-08-13--15h14
 6 files changed, 266 insertions(+)
 create mode 100644 maya/artifacts/logs/4922--2022-08-13--14h51---6.log
 create mode 100644 maya/artifacts/logs/4923--2022-08-13--15h14---1.log
 create mode 100644 maya/artifacts/logs/4923--2022-08-13--15h14---2.log
 create mode 100644 maya/artifacts/logs/4923--2022-08-13--15h14---3.log
 create mode 100644 maya/artifacts/logs/4923--2022-08-13--15h14---4.log
 create mode 100644 maya/artifacts/logs/4923--2022-08-13--15h14---5.log
> sudo -u mayadm git push
To https://github.com/Necktschnagge/wired-watering
   6ae895ac..e779ecca  artifacts -> artifacts
> sudo -u mayadm git checkout maya-productive
Zu Zweig »maya-productive« gewechselt
Ihr Branch ist auf demselben Stand wie 'origin/maya-productive'.
> sudo -u mayadm git push
Everything up-to-date
##############################################################
###################                        ###################
###################     GOING TO SLEEP     ###################
###################                        ###################
##############################################################
#######                                                #######
#######   Press CTRL + C NOW to abort script safely!   #######
#######                                                #######
##############################################################
##############################################################
#######                                                #######
#######               NOW GOING TO SLEEP               #######
#######                                                #######
##############################################################
> rtcwake -m mem -s 1200
rtcwake: RTC wird als UTC interpretiert …
rtcwake: aufwachen von „mem“ durch /dev/rtc0 bei Sat Aug 13 13:37:47 2022
##############################################################
#######                                                #######
#######            just waked up from sleep            #######
#######                                                #######
##############################################################
%%%%%%%%%%     [6] Uploading logs and go sleeping   ...DONE!
elapsed time:   1240s
=====================================================================================================
