=====================================================================================================
%%%%%%%%%%     [4] Run the executable...
>Please note:  Even if all builds failed, the last built executable is still there and will be started!
> sudo -u mayadm ./ur-unix-run.sh
[2022-08-13 19:17:05.079] [main] [info] Pinging Pump Server Mayson...
[2022-08-13 19:17:05.258] [main] [info] Pinging Pump Server Mayson   ...DONE!
[2022-08-13 19:17:05.258] [main] [info] Pinging all valve stations...
[2022-08-13 19:17:05.653] [main] [info] Pinging all valve stations   ...DONE!
[2022-08-13 19:17:05.653] [main] [info] Fetching timestamp...
std::chrono::system_clock::now().time_since_epoch()   :   1660411025653956618
get_seconds_since_epoch(bool verbose /* true */)   :   1660411025
minutes since epoch   :   27673517
minute of day   :   1037
minute of hour   :   17
hour of day   :   17
[2022-08-13 19:17:05.654] [main] [info] Checking timestamp.txt...
[2022-08-13 19:17:05.654] [main] [debug] The timestamp.txt is always written when watering is triggered. It is read to check if I was already done with watering some minutes ago.
previous time_stamp:   27672617
[2022-08-13 19:17:05.654] [main] [info] Checking timestamp.txt   ...DONE!
%%%%%%%%%%     [4] Run the executable   ...DONE!
elapsed time:   0s
=====================================================================================================
