=====================================================================================================
%%%%%%%%%%     [4] Run the executable...
>Please note:  Even if all builds failed, the last built executable is still there and will be started!
> sudo -u mayadm ./ur-unix-run.sh
[2022-08-14 12:51:03.153] [main] [info] Pinging Pump Server Mayson...
[2022-08-14 12:51:03.331] [main] [info] Pinging Pump Server Mayson   ...DONE!
[2022-08-14 12:51:03.331] [main] [info] Pinging all valve stations...
[2022-08-14 12:51:04.146] [main] [info] Pinging all valve stations   ...DONE!
[2022-08-14 12:51:04.146] [main] [info] Fetching timestamp...
std::chrono::system_clock::now().time_since_epoch()   :   1660474264146845710
get_seconds_since_epoch(bool verbose /* true */)   :   1660474264
minutes since epoch   :   27674571
minute of day   :   651
minute of hour   :   51
hour of day   :   10
[2022-08-14 12:51:04.146] [main] [info] Checking timestamp.txt...
[2022-08-14 12:51:04.146] [main] [debug] The timestamp.txt is always written when watering is triggered. It is read to check if I was already done with watering some minutes ago.
previous time_stamp:   27674043
[2022-08-14 12:51:04.147] [main] [info] Checking timestamp.txt   ...DONE!
%%%%%%%%%%     [4] Run the executable   ...DONE!
elapsed time:   1s
=====================================================================================================
