=====================================================================================================
%%%%%%%%%%     [4] Run the executable...
>Please note:  Even if all builds failed, the last built executable is still there and will be started!
> sudo -u mayadm ./ur-unix-run.sh
[2022-08-14 15:38:17.973] [main] [info] Pinging Pump Server Mayson...
[2022-08-14 15:38:18.052] [main] [info] Pinging Pump Server Mayson   ...DONE!
[2022-08-14 15:38:18.052] [main] [info] Pinging all valve stations...
[2022-08-14 15:38:18.904] [main] [info] Pinging all valve stations   ...DONE!
[2022-08-14 15:38:18.904] [main] [info] Fetching timestamp...
std::chrono::system_clock::now().time_since_epoch()   :   1660484298904913263
get_seconds_since_epoch(bool verbose /* true */)   :   1660484298
minutes since epoch   :   27674738
minute of day   :   818
minute of hour   :   38
hour of day   :   13
[2022-08-14 15:38:18.904] [main] [info] Checking timestamp.txt...
[2022-08-14 15:38:18.904] [main] [debug] The timestamp.txt is always written when watering is triggered. It is read to check if I was already done with watering some minutes ago.
previous time_stamp:   27674043
[2022-08-14 15:38:18.905] [main] [info] Checking timestamp.txt   ...DONE!
%%%%%%%%%%     [4] Run the executable   ...DONE!
elapsed time:   1s
=====================================================================================================
