=====================================================================================================
%%%%%%%%%%     [4] Run the executable...
>Please note:  Even if all builds failed, the last built executable is still there and will be started!
> sudo -u mayadm ./ur-unix-run.sh
[2022-08-15 03:14:38.023] [main] [info] Pinging Pump Server Mayson...
[2022-08-15 03:14:38.148] [main] [info] Pinging Pump Server Mayson   ...DONE!
[2022-08-15 03:14:38.148] [main] [info] Pinging all valve stations...
[2022-08-15 03:14:41.660] [main] [info] Pinging all valve stations   ...DONE!
[2022-08-15 03:14:41.660] [main] [info] Fetching timestamp...
std::chrono::system_clock::now().time_since_epoch()   :   1660526081660095963
get_seconds_since_epoch(bool verbose /* true */)   :   1660526081
minutes since epoch   :   27675434
minute of day   :   74
minute of hour   :   14
hour of day   :   1
[2022-08-15 03:14:41.660] [main] [info] Checking timestamp.txt...
[2022-08-15 03:14:41.660] [main] [debug] The timestamp.txt is always written when watering is triggered. It is read to check if I was already done with watering some minutes ago.
previous time_stamp:   27674043
[2022-08-15 03:14:41.660] [main] [info] Checking timestamp.txt   ...DONE!
%%%%%%%%%%     [4] Run the executable   ...DONE!
elapsed time:   4s
=====================================================================================================
