=====================================================================================================
%%%%%%%%%%     [6] Uploading logs and go sleeping...
> sudo -u mayadm git checkout artifacts
Zu Zweig »artifacts« gewechselt
Ihr Branch ist auf demselben Stand wie 'origin/artifacts'.
> sudo -u mayadm git pull
Bereits aktuell.
> sudo -u mayadm git merge maya-productive
Bereits aktuell.
> sudo -u mayadm git add "../artifacts/logs/5033-*.log" -f
> sudo -u mayadm git add "../artifacts/logs/5032-*.log" -f
> sudo -u mayadm git commit -m "logs at 2022-08-15--13h04"
[artifacts a99733ea] logs at 2022-08-15--13h04
 6 files changed, 262 insertions(+)
 create mode 100644 maya/artifacts/logs/5032--2022-08-15--12h40---6.log
 create mode 100644 maya/artifacts/logs/5033--2022-08-15--13h04---1.log
 create mode 100644 maya/artifacts/logs/5033--2022-08-15--13h04---2.log
 create mode 100644 maya/artifacts/logs/5033--2022-08-15--13h04---3.log
 create mode 100644 maya/artifacts/logs/5033--2022-08-15--13h04---4.log
 create mode 100644 maya/artifacts/logs/5033--2022-08-15--13h04---5.log
> sudo -u mayadm git push
To https://github.com/Necktschnagge/wired-watering
   69a37f8e..a99733ea  artifacts -> artifacts
> sudo -u mayadm git checkout maya-productive
Zu Zweig »maya-productive« gewechselt
Ihr Branch ist auf demselben Stand wie 'origin/maya-productive'.
> sudo -u mayadm git push
Everything up-to-date
##############################################################
###################                        ###################
###################     GOING TO SLEEP     ###################
###################                        ###################
##############################################################
#######                                                #######
#######   Press CTRL + C NOW to abort script safely!   #######
#######                                                #######
##############################################################
##############################################################
#######                                                #######
#######               NOW GOING TO SLEEP               #######
#######                                                #######
##############################################################
> rtcwake -m mem -s 1200
rtcwake: RTC wird als UTC interpretiert …
rtcwake: aufwachen von „mem“ durch /dev/rtc0 bei Mon Aug 15 11:27:31 2022
##############################################################
#######                                                #######
#######            just waked up from sleep            #######
#######                                                #######
##############################################################
%%%%%%%%%%     [6] Uploading logs and go sleeping   ...DONE!
elapsed time:   1238s
=====================================================================================================
