=====================================================================================================
%%%%%%%%%%     [6] Uploading logs and go sleeping...
> sudo -u mayadm git checkout artifacts
Zu Zweig »artifacts« gewechselt
Ihr Branch ist auf demselben Stand wie 'origin/artifacts'.
> sudo -u mayadm git pull
Bereits aktuell.
> sudo -u mayadm git merge maya-productive
Bereits aktuell.
> sudo -u mayadm git add "../artifacts/logs/5046-*.log" -f
> sudo -u mayadm git add "../artifacts/logs/5045-*.log" -f
> sudo -u mayadm git commit -m "logs at 2022-08-15--18h15"
[artifacts 0a23de52] logs at 2022-08-15--18h15
 6 files changed, 263 insertions(+)
 create mode 100644 maya/artifacts/logs/5045--2022-08-15--17h52---6.log
 create mode 100644 maya/artifacts/logs/5046--2022-08-15--18h15---1.log
 create mode 100644 maya/artifacts/logs/5046--2022-08-15--18h15---2.log
 create mode 100644 maya/artifacts/logs/5046--2022-08-15--18h15---3.log
 create mode 100644 maya/artifacts/logs/5046--2022-08-15--18h15---4.log
 create mode 100644 maya/artifacts/logs/5046--2022-08-15--18h15---5.log
> sudo -u mayadm git push
To https://github.com/Necktschnagge/wired-watering
   2d089393..0a23de52  artifacts -> artifacts
> sudo -u mayadm git checkout maya-productive
Zu Zweig »maya-productive« gewechselt
Ihr Branch ist auf demselben Stand wie 'origin/maya-productive'.
> sudo -u mayadm git push
fatal: konnte nicht auf 'https://github.com/Necktschnagge/wired-watering/' zugreifen: Could not resolve host: github.com
##############################################################
###################                        ###################
###################     GOING TO SLEEP     ###################
###################                        ###################
##############################################################
#######                                                #######
#######   Press CTRL + C NOW to abort script safely!   #######
#######                                                #######
##############################################################
##############################################################
#######                                                #######
#######               NOW GOING TO SLEEP               #######
#######                                                #######
##############################################################
> rtcwake -m mem -s 1200
rtcwake: RTC wird als UTC interpretiert …
rtcwake: aufwachen von „mem“ durch /dev/rtc0 bei Mon Aug 15 16:38:03 2022
##############################################################
#######                                                #######
#######            just waked up from sleep            #######
#######                                                #######
##############################################################
%%%%%%%%%%     [6] Uploading logs and go sleeping   ...DONE!
elapsed time:   1242s
=====================================================================================================
