=====================================================================================================
%%%%%%%%%%     [6] Uploading logs and go sleeping...
> sudo -u mayadm git checkout artifacts
Zu Zweig »artifacts« gewechselt
Ihr Branch ist auf demselben Stand wie 'origin/artifacts'.
> sudo -u mayadm git pull
fatal: konnte nicht auf 'https://github.com/Necktschnagge/wired-watering/' zugreifen: Could not resolve host: github.com
> sudo -u mayadm git merge maya-productive
Bereits aktuell.
> sudo -u mayadm git add "../artifacts/logs/5053-*.log" -f
> sudo -u mayadm git add "../artifacts/logs/5052-*.log" -f
> sudo -u mayadm git commit -m "logs at 2022-08-15--21h03"
[artifacts bc806460] logs at 2022-08-15--21h03
 6 files changed, 262 insertions(+)
 create mode 100644 maya/artifacts/logs/5052--2022-08-15--20h38---6.log
 create mode 100644 maya/artifacts/logs/5053--2022-08-15--21h03---1.log
 create mode 100644 maya/artifacts/logs/5053--2022-08-15--21h03---2.log
 create mode 100644 maya/artifacts/logs/5053--2022-08-15--21h03---3.log
 create mode 100644 maya/artifacts/logs/5053--2022-08-15--21h03---4.log
 create mode 100644 maya/artifacts/logs/5053--2022-08-15--21h03---5.log
> sudo -u mayadm git push
To https://github.com/Necktschnagge/wired-watering
   831d0e63..bc806460  artifacts -> artifacts
> sudo -u mayadm git checkout maya-productive
Zu Zweig »maya-productive« gewechselt
Ihr Branch ist auf demselben Stand wie 'origin/maya-productive'.
> sudo -u mayadm git push
Everything up-to-date
##############################################################
###################                        ###################
###################     GOING TO SLEEP     ###################
###################                        ###################
##############################################################
#######                                                #######
#######   Press CTRL + C NOW to abort script safely!   #######
#######                                                #######
##############################################################
##############################################################
#######                                                #######
#######               NOW GOING TO SLEEP               #######
#######                                                #######
##############################################################
> rtcwake -m mem -s 1200
rtcwake: RTC wird als UTC interpretiert …
rtcwake: aufwachen von „mem“ durch /dev/rtc0 bei Mon Aug 15 19:26:45 2022
##############################################################
#######                                                #######
#######            just waked up from sleep            #######
#######                                                #######
##############################################################
%%%%%%%%%%     [6] Uploading logs and go sleeping   ...DONE!
elapsed time:   1232s
=====================================================================================================
