=====================================================================================================
%%%%%%%%%%     [4] Run the executable...
>Please note:  Even if all builds failed, the last built executable is still there and will be started!
> sudo -u mayadm ./ur-unix-run.sh
[2022-08-15 21:30:40.754] [main] [info] Pinging Pump Server Mayson...
[2022-08-15 21:30:40.865] [main] [info] Pinging Pump Server Mayson   ...DONE!
[2022-08-15 21:30:40.865] [main] [info] Pinging all valve stations...
[2022-08-15 21:30:41.179] [main] [info] Pinging all valve stations   ...DONE!
[2022-08-15 21:30:41.179] [main] [info] Fetching timestamp...
std::chrono::system_clock::now().time_since_epoch()   :   1660591841179460628
get_seconds_since_epoch(bool verbose /* true */)   :   1660591841
minutes since epoch   :   27676530
minute of day   :   1170
minute of hour   :   30
hour of day   :   19
[2022-08-15 21:30:41.181] [main] [info] Checking timestamp.txt...
[2022-08-15 21:30:41.181] [main] [debug] The timestamp.txt is always written when watering is triggered. It is read to check if I was already done with watering some minutes ago.
previous time_stamp:   27675482
[2022-08-15 21:30:41.181] [main] [info] Checking timestamp.txt   ...DONE!
%%%%%%%%%%     [4] Run the executable   ...DONE!
elapsed time:   1s
=====================================================================================================
