=====================================================================================================
%%%%%%%%%%     [4] Run the executable...
>Please note:  Even if all builds failed, the last built executable is still there and will be started!
> sudo -u mayadm ./ur-unix-run.sh
[2022-08-16 16:47:31.675] [main] [info] Pinging Pump Server Mayson...
[2022-08-16 16:47:31.837] [main] [info] Pinging Pump Server Mayson   ...DONE!
[2022-08-16 16:47:31.837] [main] [info] Pinging all valve stations...
[2022-08-16 16:47:32.208] [main] [info] Pinging all valve stations   ...DONE!
[2022-08-16 16:47:32.208] [main] [info] Fetching timestamp...
std::chrono::system_clock::now().time_since_epoch()   :   1660661252208293100
get_seconds_since_epoch(bool verbose /* true */)   :   1660661252
minutes since epoch   :   27677687
minute of day   :   887
minute of hour   :   47
hour of day   :   14
[2022-08-16 16:47:32.208] [main] [info] Checking timestamp.txt...
[2022-08-16 16:47:32.208] [main] [debug] The timestamp.txt is always written when watering is triggered. It is read to check if I was already done with watering some minutes ago.
previous time_stamp:   27676938
[2022-08-16 16:47:32.208] [main] [info] Checking timestamp.txt   ...DONE!
%%%%%%%%%%     [4] Run the executable   ...DONE!
elapsed time:   1s
=====================================================================================================
