=====================================================================================================
%%%%%%%%%%     [4] Run the executable...
>Please note:  Even if all builds failed, the last built executable is still there and will be started!
> sudo -u mayadm ./ur-unix-run.sh
[2022-08-17 00:49:25.784] [main] [info] Pinging Pump Server Mayson...
[2022-08-17 00:49:26.038] [main] [info] Pinging Pump Server Mayson   ...DONE!
[2022-08-17 00:49:26.038] [main] [info] Pinging all valve stations...
[2022-08-17 00:49:27.029] [main] [info] Pinging all valve stations   ...DONE!
[2022-08-17 00:49:27.029] [main] [info] Fetching timestamp...
std::chrono::system_clock::now().time_since_epoch()   :   1660690167029314717
get_seconds_since_epoch(bool verbose /* true */)   :   1660690167
minutes since epoch   :   27678169
minute of day   :   1369
minute of hour   :   49
hour of day   :   22
[2022-08-17 00:49:27.029] [main] [info] Checking timestamp.txt...
[2022-08-17 00:49:27.029] [main] [debug] The timestamp.txt is always written when watering is triggered. It is read to check if I was already done with watering some minutes ago.
previous time_stamp:   27676938
[2022-08-17 00:49:27.029] [main] [info] Checking timestamp.txt   ...DONE!
%%%%%%%%%%     [4] Run the executable   ...DONE!
elapsed time:   2s
=====================================================================================================
