=====================================================================================================
%%%%%%%%%%     [4] Run the executable...
>Please note:  Even if all builds failed, the last built executable is still there and will be started!
> sudo -u mayadm ./ur-unix-run.sh
[2022-08-17 05:54:13.447] [main] [info] Pinging Pump Server Mayson...
[2022-08-17 05:54:13.503] [main] [info] Pinging Pump Server Mayson   ...DONE!
[2022-08-17 05:54:13.503] [main] [info] Pinging all valve stations...
[2022-08-17 05:54:16.712] [main] [info] Pinging all valve stations   ...DONE!
[2022-08-17 05:54:16.712] [main] [info] Fetching timestamp...
std::chrono::system_clock::now().time_since_epoch()   :   1660708456712507296
get_seconds_since_epoch(bool verbose /* true */)   :   1660708456
minutes since epoch   :   27678474
minute of day   :   234
minute of hour   :   54
hour of day   :   3
[2022-08-17 05:54:16.712] [main] [info] Checking timestamp.txt...
[2022-08-17 05:54:16.712] [main] [debug] The timestamp.txt is always written when watering is triggered. It is read to check if I was already done with watering some minutes ago.
previous time_stamp:   27678361
[2022-08-17 05:54:16.712] [main] [info] Checking timestamp.txt   ...DONE!
%%%%%%%%%%     [4] Run the executable   ...DONE!
elapsed time:   3s
=====================================================================================================
