=====================================================================================================
%%%%%%%%%%     [6] Uploading logs and go sleeping...
> sudo -u mayadm git checkout artifacts
Zu Zweig »artifacts« gewechselt
Ihr Branch ist auf demselben Stand wie 'origin/artifacts'.
> sudo -u mayadm git pull
Bereits aktuell.
> sudo -u mayadm git merge maya-productive
Bereits aktuell.
> sudo -u mayadm git add "../artifacts/logs/5140-*.log" -f
> sudo -u mayadm git add "../artifacts/logs/5139-*.log" -f
> sudo -u mayadm git commit -m "logs at 2022-08-17--09h53"
[artifacts 6e0dbf0d] logs at 2022-08-17--09h53
 6 files changed, 262 insertions(+)
 create mode 100644 maya/artifacts/logs/5139--2022-08-17--09h29---6.log
 create mode 100644 maya/artifacts/logs/5140--2022-08-17--09h53---1.log
 create mode 100644 maya/artifacts/logs/5140--2022-08-17--09h53---2.log
 create mode 100644 maya/artifacts/logs/5140--2022-08-17--09h53---3.log
 create mode 100644 maya/artifacts/logs/5140--2022-08-17--09h53---4.log
 create mode 100644 maya/artifacts/logs/5140--2022-08-17--09h53---5.log
> sudo -u mayadm git push
To https://github.com/Necktschnagge/wired-watering
   cc6d1e98..6e0dbf0d  artifacts -> artifacts
> sudo -u mayadm git checkout maya-productive
Zu Zweig »maya-productive« gewechselt
Ihr Branch ist auf demselben Stand wie 'origin/maya-productive'.
> sudo -u mayadm git push
Everything up-to-date
##############################################################
###################                        ###################
###################     GOING TO SLEEP     ###################
###################                        ###################
##############################################################
#######                                                #######
#######   Press CTRL + C NOW to abort script safely!   #######
#######                                                #######
##############################################################
##############################################################
#######                                                #######
#######               NOW GOING TO SLEEP               #######
#######                                                #######
##############################################################
> rtcwake -m mem -s 1200
rtcwake: RTC wird als UTC interpretiert …
rtcwake: aufwachen von „mem“ durch /dev/rtc0 bei Wed Aug 17 08:16:16 2022
##############################################################
#######                                                #######
#######            just waked up from sleep            #######
#######                                                #######
##############################################################
%%%%%%%%%%     [6] Uploading logs and go sleeping   ...DONE!
elapsed time:   1236s
=====================================================================================================
