=====================================================================================================
%%%%%%%%%%     [4] Run the executable...
>Please note:  Even if all builds failed, the last built executable is still there and will be started!
> sudo -u mayadm ./ur-unix-run.sh
[2022-08-17 12:45:27.803] [main] [info] Pinging Pump Server Mayson...
[2022-08-17 12:45:28.035] [main] [info] Pinging Pump Server Mayson   ...DONE!
[2022-08-17 12:45:28.035] [main] [info] Pinging all valve stations...
[2022-08-17 12:45:28.514] [main] [info] Pinging all valve stations   ...DONE!
[2022-08-17 12:45:28.514] [main] [info] Fetching timestamp...
std::chrono::system_clock::now().time_since_epoch()   :   1660733128514095696
get_seconds_since_epoch(bool verbose /* true */)   :   1660733128
minutes since epoch   :   27678885
minute of day   :   645
minute of hour   :   45
hour of day   :   10
[2022-08-17 12:45:28.514] [main] [info] Checking timestamp.txt...
[2022-08-17 12:45:28.514] [main] [debug] The timestamp.txt is always written when watering is triggered. It is read to check if I was already done with watering some minutes ago.
previous time_stamp:   27678361
[2022-08-17 12:45:28.514] [main] [info] Checking timestamp.txt   ...DONE!
%%%%%%%%%%     [4] Run the executable   ...DONE!
elapsed time:   1s
=====================================================================================================
