=====================================================================================================
%%%%%%%%%%     [6] Uploading logs and go sleeping...
> sudo -u mayadm git checkout artifacts
Zu Zweig »artifacts« gewechselt
Ihr Branch ist auf demselben Stand wie 'origin/artifacts'.
> sudo -u mayadm git pull
Bereits aktuell.
> sudo -u mayadm git merge maya-productive
Bereits aktuell.
> sudo -u mayadm git add "../artifacts/logs/5163-*.log" -f
> sudo -u mayadm git add "../artifacts/logs/5162-*.log" -f
> sudo -u mayadm git commit -m "logs at 2022-08-17--19h07"
[artifacts 0caecc63] logs at 2022-08-17--19h07
 6 files changed, 262 insertions(+)
 create mode 100644 maya/artifacts/logs/5162--2022-08-17--18h43---6.log
 create mode 100644 maya/artifacts/logs/5163--2022-08-17--19h07---1.log
 create mode 100644 maya/artifacts/logs/5163--2022-08-17--19h07---2.log
 create mode 100644 maya/artifacts/logs/5163--2022-08-17--19h07---3.log
 create mode 100644 maya/artifacts/logs/5163--2022-08-17--19h07---4.log
 create mode 100644 maya/artifacts/logs/5163--2022-08-17--19h07---5.log
> sudo -u mayadm git push
To https://github.com/Necktschnagge/wired-watering
   8bc2c2c3..0caecc63  artifacts -> artifacts
> sudo -u mayadm git checkout maya-productive
Zu Zweig »maya-productive« gewechselt
Ihr Branch ist auf demselben Stand wie 'origin/maya-productive'.
> sudo -u mayadm git push
Everything up-to-date
##############################################################
###################                        ###################
###################     GOING TO SLEEP     ###################
###################                        ###################
##############################################################
#######                                                #######
#######   Press CTRL + C NOW to abort script safely!   #######
#######                                                #######
##############################################################
##############################################################
#######                                                #######
#######               NOW GOING TO SLEEP               #######
#######                                                #######
##############################################################
> rtcwake -m mem -s 1200
rtcwake: RTC wird als UTC interpretiert …
rtcwake: aufwachen von „mem“ durch /dev/rtc0 bei Wed Aug 17 17:31:27 2022
##############################################################
#######                                                #######
#######            just waked up from sleep            #######
#######                                                #######
##############################################################
%%%%%%%%%%     [6] Uploading logs and go sleeping   ...DONE!
elapsed time:   1227s
=====================================================================================================
