=====================================================================================================
=====================================================================================================
===     Starting with run #5181...
=====================================================================================================
=====================================================================================================
> echo "5181" | sudo -u mayadm tee /home/mayadm/repos/logs/counter.info
5181
> date
Do 18. Aug 02:23:58 CEST 2022
> dig +short txt ch whoami.cloudflare @1.0.0.1
;; connection timed out; no servers could be reached

> ./maya_connect_internet_usb0.sh
RTNETLINK answers: File exists
Connecting to internet via usb0 tethering successful.
=====================================================================================================
%%%%%%%%%%     [1] Cleaning working directory...
> sudo -u mayadm git branch
  artifacts
  main
  maya-fallback
* maya-productive
> sudo -u mayadm git status
Auf Branch maya-productive
Ihr Branch ist auf demselben Stand wie 'origin/maya-productive'.

nichts zu committen, Arbeitsverzeichnis unverändert
> sudo -u mayadm git add -u; sudo -u mayadm git add *
> sudo -u mayadm git status
Auf Branch maya-productive
Ihr Branch ist auf demselben Stand wie 'origin/maya-productive'.

nichts zu committen, Arbeitsverzeichnis unverändert
Checking if there are uncommitted changes...
> sudo -u mayadm git update-index --refresh && sudo -u mayadm git diff-index --quiet HEAD --
> sudo -u mayadm git reset --hard;
HEAD ist jetzt bei 3b0b00fe Merge pull request #68 from Necktschnagge/fix-no-combined-set-valves-and-wait
%%%%%%%%%%     [1] Cleaning working directory   ...DONE!
elapsed time:   1s
=====================================================================================================
