=====================================================================================================
%%%%%%%%%%     [4] Run the executable...
>Please note:  Even if all builds failed, the last built executable is still there and will be started!
> sudo -u mayadm ./ur-unix-run.sh
[2022-08-19 01:24:09.380] [main] [info] Pinging Pump Server Mayson...
[2022-08-19 01:24:09.472] [main] [info] Pinging Pump Server Mayson   ...DONE!
[2022-08-19 01:24:09.472] [main] [info] Pinging all valve stations...
[2022-08-19 01:24:09.880] [main] [info] Pinging all valve stations   ...DONE!
[2022-08-19 01:24:09.880] [main] [info] Fetching timestamp...
std::chrono::system_clock::now().time_since_epoch()   :   1660865049880039300
get_seconds_since_epoch(bool verbose /* true */)   :   1660865049
minutes since epoch   :   27681084
minute of day   :   1404
minute of hour   :   24
hour of day   :   23
[2022-08-19 01:24:09.880] [main] [info] Checking timestamp.txt...
[2022-08-19 01:24:09.880] [main] [debug] The timestamp.txt is always written when watering is triggered. It is read to check if I was already done with watering some minutes ago.
previous time_stamp:   27679802
[2022-08-19 01:24:09.880] [main] [info] Checking timestamp.txt   ...DONE!
%%%%%%%%%%     [4] Run the executable   ...DONE!
elapsed time:   0s
=====================================================================================================
