=====================================================================================================
%%%%%%%%%%     [4] Run the executable...
>Please note:  Even if all builds failed, the last built executable is still there and will be started!
> sudo -u mayadm ./ur-unix-run.sh
[2022-08-20 10:54:32.405] [main] [info] Pinging Pump Server Mayson...
[2022-08-20 10:54:32.520] [main] [info] Pinging Pump Server Mayson   ...DONE!
[2022-08-20 10:54:32.520] [main] [info] Pinging all valve stations...
[2022-08-20 10:54:33.073] [main] [info] Pinging all valve stations   ...DONE!
[2022-08-20 10:54:33.073] [main] [info] Fetching timestamp...
std::chrono::system_clock::now().time_since_epoch()   :   1660985673073987022
get_seconds_since_epoch(bool verbose /* true */)   :   1660985673
minutes since epoch   :   27683094
minute of day   :   534
minute of hour   :   54
hour of day   :   8
[2022-08-20 10:54:33.074] [main] [info] Checking timestamp.txt...
[2022-08-20 10:54:33.074] [main] [debug] The timestamp.txt is always written when watering is triggered. It is read to check if I was already done with watering some minutes ago.
previous time_stamp:   27682682
[2022-08-20 10:54:33.074] [main] [info] Checking timestamp.txt   ...DONE!
%%%%%%%%%%     [4] Run the executable   ...DONE!
elapsed time:   1s
=====================================================================================================
