=====================================================================================================
%%%%%%%%%%     [4] Run the executable...
>Please note:  Even if all builds failed, the last built executable is still there and will be started!
> sudo -u mayadm ./ur-unix-run.sh
[2022-08-20 16:08:27.375] [main] [info] Pinging Pump Server Mayson...
[2022-08-20 16:08:27.491] [main] [info] Pinging Pump Server Mayson   ...DONE!
[2022-08-20 16:08:27.491] [main] [info] Pinging all valve stations...
[2022-08-20 16:08:28.304] [main] [info] Pinging all valve stations   ...DONE!
[2022-08-20 16:08:28.304] [main] [info] Fetching timestamp...
std::chrono::system_clock::now().time_since_epoch()   :   1661004508304302351
get_seconds_since_epoch(bool verbose /* true */)   :   1661004508
minutes since epoch   :   27683408
minute of day   :   848
minute of hour   :   8
hour of day   :   14
[2022-08-20 16:08:28.304] [main] [info] Checking timestamp.txt...
[2022-08-20 16:08:28.304] [main] [debug] The timestamp.txt is always written when watering is triggered. It is read to check if I was already done with watering some minutes ago.
previous time_stamp:   27682682
[2022-08-20 16:08:28.304] [main] [info] Checking timestamp.txt   ...DONE!
%%%%%%%%%%     [4] Run the executable   ...DONE!
elapsed time:   1s
=====================================================================================================
