=====================================================================================================
%%%%%%%%%%     [4] Run the executable...
>Please note:  Even if all builds failed, the last built executable is still there and will be started!
> sudo -u mayadm ./ur-unix-run.sh
[2022-08-21 03:27:43.211] [main] [info] Pinging Pump Server Mayson...
[2022-08-21 03:27:43.275] [main] [info] Pinging Pump Server Mayson   ...DONE!
[2022-08-21 03:27:43.275] [main] [info] Pinging all valve stations...
[2022-08-21 03:27:43.632] [main] [info] Pinging all valve stations   ...DONE!
[2022-08-21 03:27:43.632] [main] [info] Fetching timestamp...
std::chrono::system_clock::now().time_since_epoch()   :   1661045263632911318
get_seconds_since_epoch(bool verbose /* true */)   :   1661045263
minutes since epoch   :   27684087
minute of day   :   87
minute of hour   :   27
hour of day   :   1
[2022-08-21 03:27:43.632] [main] [info] Checking timestamp.txt...
[2022-08-21 03:27:43.632] [main] [debug] The timestamp.txt is always written when watering is triggered. It is read to check if I was already done with watering some minutes ago.
previous time_stamp:   27682682
[2022-08-21 03:27:43.633] [main] [info] Checking timestamp.txt   ...DONE!
%%%%%%%%%%     [4] Run the executable   ...DONE!
elapsed time:   0s
=====================================================================================================
