=====================================================================================================
%%%%%%%%%%     [6] Uploading logs and go sleeping...
> sudo -u mayadm git checkout artifacts
Zu Zweig »artifacts« gewechselt
Ihr Branch ist auf demselben Stand wie 'origin/artifacts'.
> sudo -u mayadm git pull
Bereits aktuell.
> sudo -u mayadm git merge maya-productive
Bereits aktuell.
> sudo -u mayadm git add "../artifacts/logs/5368-*.log" -f
> sudo -u mayadm git add "../artifacts/logs/5367-*.log" -f
> sudo -u mayadm git commit -m "logs at 2022-08-21--08h39"
[artifacts 4969deed] logs at 2022-08-21--08h39
 6 files changed, 262 insertions(+)
 create mode 100644 maya/artifacts/logs/5367--2022-08-21--08h15---6.log
 create mode 100644 maya/artifacts/logs/5368--2022-08-21--08h39---1.log
 create mode 100644 maya/artifacts/logs/5368--2022-08-21--08h39---2.log
 create mode 100644 maya/artifacts/logs/5368--2022-08-21--08h39---3.log
 create mode 100644 maya/artifacts/logs/5368--2022-08-21--08h39---4.log
 create mode 100644 maya/artifacts/logs/5368--2022-08-21--08h39---5.log
> sudo -u mayadm git push
To https://github.com/Necktschnagge/wired-watering
   63a1d0ec..4969deed  artifacts -> artifacts
> sudo -u mayadm git checkout maya-productive
Zu Zweig »maya-productive« gewechselt
Ihr Branch ist auf demselben Stand wie 'origin/maya-productive'.
> sudo -u mayadm git push
Everything up-to-date
##############################################################
###################                        ###################
###################     GOING TO SLEEP     ###################
###################                        ###################
##############################################################
#######                                                #######
#######   Press CTRL + C NOW to abort script safely!   #######
#######                                                #######
##############################################################
##############################################################
#######                                                #######
#######               NOW GOING TO SLEEP               #######
#######                                                #######
##############################################################
> rtcwake -m mem -s 1200
rtcwake: RTC wird als UTC interpretiert …
rtcwake: aufwachen von „mem“ durch /dev/rtc0 bei Sun Aug 21 07:02:42 2022
##############################################################
#######                                                #######
#######            just waked up from sleep            #######
#######                                                #######
##############################################################
%%%%%%%%%%     [6] Uploading logs and go sleeping   ...DONE!
elapsed time:   1238s
=====================================================================================================
