=====================================================================================================
%%%%%%%%%%     [4] Run the executable...
>Please note:  Even if all builds failed, the last built executable is still there and will be started!
> sudo -u mayadm ./ur-unix-run.sh
[2022-08-21 12:46:15.876] [main] [info] Pinging Pump Server Mayson...
[2022-08-21 12:46:16.178] [main] [info] Pinging Pump Server Mayson   ...DONE!
[2022-08-21 12:46:16.178] [main] [info] Pinging all valve stations...
[2022-08-21 12:46:19.006] [main] [info] Pinging all valve stations   ...DONE!
[2022-08-21 12:46:19.007] [main] [info] Fetching timestamp...
std::chrono::system_clock::now().time_since_epoch()   :   1661078779007002973
get_seconds_since_epoch(bool verbose /* true */)   :   1661078779
minutes since epoch   :   27684646
minute of day   :   646
minute of hour   :   46
hour of day   :   10
[2022-08-21 12:46:19.007] [main] [info] Checking timestamp.txt...
[2022-08-21 12:46:19.007] [main] [debug] The timestamp.txt is always written when watering is triggered. It is read to check if I was already done with watering some minutes ago.
previous time_stamp:   27684135
[2022-08-21 12:46:19.007] [main] [info] Checking timestamp.txt   ...DONE!
%%%%%%%%%%     [4] Run the executable   ...DONE!
elapsed time:   4s
=====================================================================================================
