=====================================================================================================
%%%%%%%%%%     [4] Run the executable...
>Please note:  Even if all builds failed, the last built executable is still there and will be started!
> sudo -u mayadm ./ur-unix-run.sh
[2022-08-21 19:12:57.025] [main] [info] Pinging Pump Server Mayson...
[2022-08-21 19:12:57.051] [main] [info] Pinging Pump Server Mayson   ...DONE!
[2022-08-21 19:12:57.051] [main] [info] Pinging all valve stations...
[2022-08-21 19:13:07.670] [main] [info] Pinging all valve stations   ...DONE!
[2022-08-21 19:13:07.670] [main] [info] Fetching timestamp...
std::chrono::system_clock::now().time_since_epoch()   :   1661101987670282585
get_seconds_since_epoch(bool verbose /* true */)   :   1661101987
minutes since epoch   :   27685033
minute of day   :   1033
minute of hour   :   13
hour of day   :   17
[2022-08-21 19:13:07.670] [main] [info] Checking timestamp.txt...
[2022-08-21 19:13:07.670] [main] [debug] The timestamp.txt is always written when watering is triggered. It is read to check if I was already done with watering some minutes ago.
previous time_stamp:   27684135
[2022-08-21 19:13:07.670] [main] [info] Checking timestamp.txt   ...DONE!
%%%%%%%%%%     [4] Run the executable   ...DONE!
elapsed time:   11s
=====================================================================================================
