=====================================================================================================
%%%%%%%%%%     [4] Run the executable...
>Please note:  Even if all builds failed, the last built executable is still there and will be started!
> sudo -u mayadm ./ur-unix-run.sh
[2022-08-22 00:03:48.097] [main] [info] Pinging Pump Server Mayson...
[2022-08-22 00:03:49.228] [main] [info] Pinging Pump Server Mayson   ...DONE!
[2022-08-22 00:03:49.228] [main] [info] Pinging all valve stations...
[2022-08-22 00:03:53.526] [main] [info] Pinging all valve stations   ...DONE!
[2022-08-22 00:03:53.526] [main] [info] Fetching timestamp...
std::chrono::system_clock::now().time_since_epoch()   :   1661119433526701951
get_seconds_since_epoch(bool verbose /* true */)   :   1661119433
minutes since epoch   :   27685323
minute of day   :   1323
minute of hour   :   3
hour of day   :   22
[2022-08-22 00:03:53.526] [main] [info] Checking timestamp.txt...
[2022-08-22 00:03:53.526] [main] [debug] The timestamp.txt is always written when watering is triggered. It is read to check if I was already done with watering some minutes ago.
previous time_stamp:   27684135
[2022-08-22 00:03:53.526] [main] [info] Checking timestamp.txt   ...DONE!
%%%%%%%%%%     [4] Run the executable   ...DONE!
elapsed time:   6s
=====================================================================================================
