=====================================================================================================
%%%%%%%%%%     [4] Run the executable...
>Please note:  Even if all builds failed, the last built executable is still there and will be started!
> sudo -u mayadm ./ur-unix-run.sh
[2022-08-22 12:35:50.688] [main] [info] Pinging Pump Server Mayson...
[2022-08-22 12:35:51.064] [main] [info] Pinging Pump Server Mayson   ...DONE!
[2022-08-22 12:35:51.064] [main] [info] Pinging all valve stations...
[2022-08-22 12:35:51.463] [main] [info] Pinging all valve stations   ...DONE!
[2022-08-22 12:35:51.463] [main] [info] Fetching timestamp...
std::chrono::system_clock::now().time_since_epoch()   :   1661164551463439905
get_seconds_since_epoch(bool verbose /* true */)   :   1661164551
minutes since epoch   :   27686075
minute of day   :   635
minute of hour   :   35
hour of day   :   10
[2022-08-22 12:35:51.463] [main] [info] Checking timestamp.txt...
[2022-08-22 12:35:51.463] [main] [debug] The timestamp.txt is always written when watering is triggered. It is read to check if I was already done with watering some minutes ago.
previous time_stamp:   27685568
[2022-08-22 12:35:51.463] [main] [info] Checking timestamp.txt   ...DONE!
%%%%%%%%%%     [4] Run the executable   ...DONE!
elapsed time:   1s
=====================================================================================================
