=====================================================================================================
%%%%%%%%%%     [4] Run the executable...
>Please note:  Even if all builds failed, the last built executable is still there and will be started!
> sudo -u mayadm ./ur-unix-run.sh
[2022-08-22 14:13:20.244] [main] [info] Pinging Pump Server Mayson...
[2022-08-22 14:13:20.448] [main] [info] Pinging Pump Server Mayson   ...DONE!
[2022-08-22 14:13:20.448] [main] [info] Pinging all valve stations...
[2022-08-22 14:13:20.759] [main] [info] Pinging all valve stations   ...DONE!
[2022-08-22 14:13:20.759] [main] [info] Fetching timestamp...
std::chrono::system_clock::now().time_since_epoch()   :   1661170400759696730
get_seconds_since_epoch(bool verbose /* true */)   :   1661170400
minutes since epoch   :   27686173
minute of day   :   733
minute of hour   :   13
hour of day   :   12
[2022-08-22 14:13:20.759] [main] [info] Checking timestamp.txt...
[2022-08-22 14:13:20.759] [main] [debug] The timestamp.txt is always written when watering is triggered. It is read to check if I was already done with watering some minutes ago.
previous time_stamp:   27685568
[2022-08-22 14:13:20.759] [main] [info] Checking timestamp.txt   ...DONE!
%%%%%%%%%%     [4] Run the executable   ...DONE!
elapsed time:   0s
=====================================================================================================
