=====================================================================================================
%%%%%%%%%%     [4] Run the executable...
>Please note:  Even if all builds failed, the last built executable is still there and will be started!
> sudo -u mayadm ./ur-unix-run.sh
[2022-08-23 12:30:38.228] [main] [info] Pinging Pump Server Mayson...
[2022-08-23 12:30:38.335] [main] [info] Pinging Pump Server Mayson   ...DONE!
[2022-08-23 12:30:38.335] [main] [info] Pinging all valve stations...
[2022-08-23 12:30:38.739] [main] [info] Pinging all valve stations   ...DONE!
[2022-08-23 12:30:38.739] [main] [info] Fetching timestamp...
std::chrono::system_clock::now().time_since_epoch()   :   1661250638739209465
get_seconds_since_epoch(bool verbose /* true */)   :   1661250638
minutes since epoch   :   27687510
minute of day   :   630
minute of hour   :   30
hour of day   :   10
[2022-08-23 12:30:38.739] [main] [info] Checking timestamp.txt...
[2022-08-23 12:30:38.740] [main] [debug] The timestamp.txt is always written when watering is triggered. It is read to check if I was already done with watering some minutes ago.
previous time_stamp:   27687022
[2022-08-23 12:30:38.740] [main] [info] Checking timestamp.txt   ...DONE!
%%%%%%%%%%     [4] Run the executable   ...DONE!
elapsed time:   0s
=====================================================================================================
