=====================================================================================================
%%%%%%%%%%     [6] Uploading logs and go sleeping...
> sudo -u mayadm git checkout artifacts
Zu Zweig »artifacts« gewechselt
Ihr Branch ist auf demselben Stand wie 'origin/artifacts'.
> sudo -u mayadm git pull
Bereits aktuell.
> sudo -u mayadm git merge maya-productive
Bereits aktuell.
> sudo -u mayadm git add "../artifacts/logs/5506-*.log" -f
> sudo -u mayadm git add "../artifacts/logs/5505-*.log" -f
> sudo -u mayadm git commit -m "logs at 2022-08-23--16h30"
[artifacts 6eb04dec] logs at 2022-08-23--16h30
 6 files changed, 265 insertions(+)
 create mode 100644 maya/artifacts/logs/5505--2022-08-23--16h06---6.log
 create mode 100644 maya/artifacts/logs/5506--2022-08-23--16h30---1.log
 create mode 100644 maya/artifacts/logs/5506--2022-08-23--16h30---2.log
 create mode 100644 maya/artifacts/logs/5506--2022-08-23--16h30---3.log
 create mode 100644 maya/artifacts/logs/5506--2022-08-23--16h30---4.log
 create mode 100644 maya/artifacts/logs/5506--2022-08-23--16h30---5.log
> sudo -u mayadm git push
To https://github.com/Necktschnagge/wired-watering
   2239073e..6eb04dec  artifacts -> artifacts
> sudo -u mayadm git checkout maya-productive
Zu Zweig »maya-productive« gewechselt
Ihr Branch ist auf demselben Stand wie 'origin/maya-productive'.
> sudo -u mayadm git push
Everything up-to-date
##############################################################
###################                        ###################
###################     GOING TO SLEEP     ###################
###################                        ###################
##############################################################
#######                                                #######
#######   Press CTRL + C NOW to abort script safely!   #######
#######                                                #######
##############################################################
##############################################################
#######                                                #######
#######               NOW GOING TO SLEEP               #######
#######                                                #######
##############################################################
> rtcwake -m mem -s 1200
rtcwake: RTC wird als UTC interpretiert …
rtcwake: aufwachen von „mem“ durch /dev/rtc0 bei Tue Aug 23 14:53:56 2022
##############################################################
#######                                                #######
#######            just waked up from sleep            #######
#######                                                #######
##############################################################
%%%%%%%%%%     [6] Uploading logs and go sleeping   ...DONE!
elapsed time:   1238s
=====================================================================================================
