=====================================================================================================
%%%%%%%%%%     [4] Run the executable...
>Please note:  Even if all builds failed, the last built executable is still there and will be started!
> sudo -u mayadm ./ur-unix-run.sh
[2022-08-23 17:21:47.645] [main] [info] Pinging Pump Server Mayson...
[2022-08-23 17:21:47.907] [main] [info] Pinging Pump Server Mayson   ...DONE!
[2022-08-23 17:21:47.907] [main] [info] Pinging all valve stations...
[2022-08-23 17:21:48.408] [main] [info] Pinging all valve stations   ...DONE!
[2022-08-23 17:21:48.408] [main] [info] Fetching timestamp...
std::chrono::system_clock::now().time_since_epoch()   :   1661268108408633373
get_seconds_since_epoch(bool verbose /* true */)   :   1661268108
minutes since epoch   :   27687801
minute of day   :   921
minute of hour   :   21
hour of day   :   15
[2022-08-23 17:21:48.408] [main] [info] Checking timestamp.txt...
[2022-08-23 17:21:48.408] [main] [debug] The timestamp.txt is always written when watering is triggered. It is read to check if I was already done with watering some minutes ago.
previous time_stamp:   27687022
[2022-08-23 17:21:48.408] [main] [info] Checking timestamp.txt   ...DONE!
%%%%%%%%%%     [4] Run the executable   ...DONE!
elapsed time:   1s
=====================================================================================================
