=====================================================================================================
%%%%%%%%%%     [4] Run the executable...
>Please note:  Even if all builds failed, the last built executable is still there and will be started!
> sudo -u mayadm ./ur-unix-run.sh
[2022-08-23 20:12:33.684] [main] [info] Pinging Pump Server Mayson...
[2022-08-23 20:12:34.010] [main] [info] Pinging Pump Server Mayson   ...DONE!
[2022-08-23 20:12:34.010] [main] [info] Pinging all valve stations...
[2022-08-23 20:12:34.314] [main] [info] Pinging all valve stations   ...DONE!
[2022-08-23 20:12:34.314] [main] [info] Fetching timestamp...
std::chrono::system_clock::now().time_since_epoch()   :   1661278354314211820
get_seconds_since_epoch(bool verbose /* true */)   :   1661278354
minutes since epoch   :   27687972
minute of day   :   1092
minute of hour   :   12
hour of day   :   18
[2022-08-23 20:12:34.314] [main] [info] Checking timestamp.txt...
[2022-08-23 20:12:34.314] [main] [debug] The timestamp.txt is always written when watering is triggered. It is read to check if I was already done with watering some minutes ago.
previous time_stamp:   27687022
[2022-08-23 20:12:34.314] [main] [info] Checking timestamp.txt   ...DONE!
%%%%%%%%%%     [4] Run the executable   ...DONE!
elapsed time:   1s
=====================================================================================================
