=====================================================================================================
%%%%%%%%%%     [4] Run the executable...
>Please note:  Even if all builds failed, the last built executable is still there and will be started!
> sudo -u mayadm ./ur-unix-run.sh
[2022-08-24 00:39:28.614] [main] [info] Pinging Pump Server Mayson...
[2022-08-24 00:39:28.684] [main] [info] Pinging Pump Server Mayson   ...DONE!
[2022-08-24 00:39:28.685] [main] [info] Pinging all valve stations...
[2022-08-24 00:39:32.087] [main] [info] Pinging all valve stations   ...DONE!
[2022-08-24 00:39:32.087] [main] [info] Fetching timestamp...
std::chrono::system_clock::now().time_since_epoch()   :   1661294372087044777
get_seconds_since_epoch(bool verbose /* true */)   :   1661294372
minutes since epoch   :   27688239
minute of day   :   1359
minute of hour   :   39
hour of day   :   22
[2022-08-24 00:39:32.087] [main] [info] Checking timestamp.txt...
[2022-08-24 00:39:32.087] [main] [debug] The timestamp.txt is always written when watering is triggered. It is read to check if I was already done with watering some minutes ago.
previous time_stamp:   27687022
[2022-08-24 00:39:32.087] [main] [info] Checking timestamp.txt   ...DONE!
%%%%%%%%%%     [4] Run the executable   ...DONE!
elapsed time:   4s
=====================================================================================================
