=====================================================================================================
%%%%%%%%%%     [4] Run the executable...
>Please note:  Even if all builds failed, the last built executable is still there and will be started!
> sudo -u mayadm ./ur-unix-run.sh
[2022-08-24 02:41:18.419] [main] [info] Pinging Pump Server Mayson...
[2022-08-24 02:41:18.519] [main] [info] Pinging Pump Server Mayson   ...DONE!
[2022-08-24 02:41:18.519] [main] [info] Pinging all valve stations...
[2022-08-24 02:41:18.839] [main] [info] Pinging all valve stations   ...DONE!
[2022-08-24 02:41:18.839] [main] [info] Fetching timestamp...
std::chrono::system_clock::now().time_since_epoch()   :   1661301678839551424
get_seconds_since_epoch(bool verbose /* true */)   :   1661301678
minutes since epoch   :   27688361
minute of day   :   41
minute of hour   :   41
hour of day   :   0
[2022-08-24 02:41:18.839] [main] [info] Checking timestamp.txt...
[2022-08-24 02:41:18.839] [main] [debug] The timestamp.txt is always written when watering is triggered. It is read to check if I was already done with watering some minutes ago.
previous time_stamp:   27687022
[2022-08-24 02:41:18.839] [main] [info] Checking timestamp.txt   ...DONE!
%%%%%%%%%%     [4] Run the executable   ...DONE!
elapsed time:   0s
=====================================================================================================
