=====================================================================================================
%%%%%%%%%%     [4] Run the executable...
>Please note:  Even if all builds failed, the last built executable is still there and will be started!
> sudo -u mayadm ./ur-unix-run.sh
[2022-08-24 03:54:25.271] [main] [info] Pinging Pump Server Mayson...
[2022-08-24 03:54:25.325] [main] [info] Pinging Pump Server Mayson   ...DONE!
[2022-08-24 03:54:25.325] [main] [info] Pinging all valve stations...
[2022-08-24 03:54:25.783] [main] [info] Pinging all valve stations   ...DONE!
[2022-08-24 03:54:25.783] [main] [info] Fetching timestamp...
std::chrono::system_clock::now().time_since_epoch()   :   1661306065783112846
get_seconds_since_epoch(bool verbose /* true */)   :   1661306065
minutes since epoch   :   27688434
minute of day   :   114
minute of hour   :   54
hour of day   :   1
[2022-08-24 03:54:25.783] [main] [info] Checking timestamp.txt...
[2022-08-24 03:54:25.783] [main] [debug] The timestamp.txt is always written when watering is triggered. It is read to check if I was already done with watering some minutes ago.
previous time_stamp:   27687022
[2022-08-24 03:54:25.783] [main] [info] Checking timestamp.txt   ...DONE!
%%%%%%%%%%     [4] Run the executable   ...DONE!
elapsed time:   0s
=====================================================================================================
