=====================================================================================================
%%%%%%%%%%     [6] Uploading logs and go sleeping...
> sudo -u mayadm git checkout artifacts
Zu Zweig »artifacts« gewechselt
Ihr Branch ist auf demselben Stand wie 'origin/artifacts'.
> sudo -u mayadm git pull
Bereits aktuell.
> sudo -u mayadm git merge maya-productive
Bereits aktuell.
> sudo -u mayadm git add "../artifacts/logs/5543-*.log" -f
> sudo -u mayadm git add "../artifacts/logs/5542-*.log" -f
> sudo -u mayadm git commit -m "logs at 2022-08-24--08h19"
[artifacts 8b3ba70e] logs at 2022-08-24--08h19
 6 files changed, 263 insertions(+)
 create mode 100644 maya/artifacts/logs/5542--2022-08-24--07h54---6.log
 create mode 100644 maya/artifacts/logs/5543--2022-08-24--08h19---1.log
 create mode 100644 maya/artifacts/logs/5543--2022-08-24--08h19---2.log
 create mode 100644 maya/artifacts/logs/5543--2022-08-24--08h19---3.log
 create mode 100644 maya/artifacts/logs/5543--2022-08-24--08h19---4.log
 create mode 100644 maya/artifacts/logs/5543--2022-08-24--08h19---5.log
> sudo -u mayadm git push
To https://github.com/Necktschnagge/wired-watering
   7400a17e..8b3ba70e  artifacts -> artifacts
> sudo -u mayadm git checkout maya-productive
Zu Zweig »maya-productive« gewechselt
Ihr Branch ist auf demselben Stand wie 'origin/maya-productive'.
> sudo -u mayadm git push
fatal: konnte nicht auf 'https://github.com/Necktschnagge/wired-watering/' zugreifen: Could not resolve host: github.com
##############################################################
###################                        ###################
###################     GOING TO SLEEP     ###################
###################                        ###################
##############################################################
#######                                                #######
#######   Press CTRL + C NOW to abort script safely!   #######
#######                                                #######
##############################################################
##############################################################
#######                                                #######
#######               NOW GOING TO SLEEP               #######
#######                                                #######
##############################################################
> rtcwake -m mem -s 1200
rtcwake: RTC wird als UTC interpretiert …
rtcwake: aufwachen von „mem“ durch /dev/rtc0 bei Wed Aug 24 06:42:48 2022
##############################################################
#######                                                #######
#######            just waked up from sleep            #######
#######                                                #######
##############################################################
%%%%%%%%%%     [6] Uploading logs and go sleeping   ...DONE!
elapsed time:   1236s
=====================================================================================================
