=====================================================================================================
%%%%%%%%%%     [6] Uploading logs and go sleeping...
> sudo -u mayadm git checkout artifacts
Zu Zweig »artifacts« gewechselt
Ihr Branch ist auf demselben Stand wie 'origin/artifacts'.
> sudo -u mayadm git pull
Bereits aktuell.
> sudo -u mayadm git merge maya-productive
Bereits aktuell.
> sudo -u mayadm git add "../artifacts/logs/5565-*.log" -f
> sudo -u mayadm git add "../artifacts/logs/5564-*.log" -f
> sudo -u mayadm git commit -m "logs at 2022-08-24--17h13"
[artifacts 22176ea1] logs at 2022-08-24--17h13
 6 files changed, 262 insertions(+)
 create mode 100644 maya/artifacts/logs/5564--2022-08-24--16h49---6.log
 create mode 100644 maya/artifacts/logs/5565--2022-08-24--17h13---1.log
 create mode 100644 maya/artifacts/logs/5565--2022-08-24--17h13---2.log
 create mode 100644 maya/artifacts/logs/5565--2022-08-24--17h13---3.log
 create mode 100644 maya/artifacts/logs/5565--2022-08-24--17h13---4.log
 create mode 100644 maya/artifacts/logs/5565--2022-08-24--17h13---5.log
> sudo -u mayadm git push
To https://github.com/Necktschnagge/wired-watering
   52f976c3..22176ea1  artifacts -> artifacts
> sudo -u mayadm git checkout maya-productive
Zu Zweig »maya-productive« gewechselt
Ihr Branch ist auf demselben Stand wie 'origin/maya-productive'.
> sudo -u mayadm git push
Everything up-to-date
##############################################################
###################                        ###################
###################     GOING TO SLEEP     ###################
###################                        ###################
##############################################################
#######                                                #######
#######   Press CTRL + C NOW to abort script safely!   #######
#######                                                #######
##############################################################
##############################################################
#######                                                #######
#######               NOW GOING TO SLEEP               #######
#######                                                #######
##############################################################
> rtcwake -m mem -s 1200
rtcwake: RTC wird als UTC interpretiert …
rtcwake: aufwachen von „mem“ durch /dev/rtc0 bei Wed Aug 24 15:36:33 2022
##############################################################
#######                                                #######
#######            just waked up from sleep            #######
#######                                                #######
##############################################################
%%%%%%%%%%     [6] Uploading logs and go sleeping   ...DONE!
elapsed time:   1238s
=====================================================================================================
