=====================================================================================================
%%%%%%%%%%     [6] Uploading logs and go sleeping...
> sudo -u mayadm git checkout artifacts
Zu Zweig »artifacts« gewechselt
Ihr Branch ist auf demselben Stand wie 'origin/artifacts'.
> sudo -u mayadm git pull
Bereits aktuell.
> sudo -u mayadm git merge maya-productive
Bereits aktuell.
> sudo -u mayadm git add "../artifacts/logs/5572-*.log" -f
> sudo -u mayadm git add "../artifacts/logs/5571-*.log" -f
> sudo -u mayadm git commit -m "logs at 2022-08-24--20h03"
[artifacts 8dd27790] logs at 2022-08-24--20h03
 6 files changed, 262 insertions(+)
 create mode 100644 maya/artifacts/logs/5571--2022-08-24--19h38---6.log
 create mode 100644 maya/artifacts/logs/5572--2022-08-24--20h03---1.log
 create mode 100644 maya/artifacts/logs/5572--2022-08-24--20h03---2.log
 create mode 100644 maya/artifacts/logs/5572--2022-08-24--20h03---3.log
 create mode 100644 maya/artifacts/logs/5572--2022-08-24--20h03---4.log
 create mode 100644 maya/artifacts/logs/5572--2022-08-24--20h03---5.log
> sudo -u mayadm git push
To https://github.com/Necktschnagge/wired-watering
   421f56ed..8dd27790  artifacts -> artifacts
> sudo -u mayadm git checkout maya-productive
Zu Zweig »maya-productive« gewechselt
Ihr Branch ist auf demselben Stand wie 'origin/maya-productive'.
> sudo -u mayadm git push
Everything up-to-date
##############################################################
###################                        ###################
###################     GOING TO SLEEP     ###################
###################                        ###################
##############################################################
#######                                                #######
#######   Press CTRL + C NOW to abort script safely!   #######
#######                                                #######
##############################################################
##############################################################
#######                                                #######
#######               NOW GOING TO SLEEP               #######
#######                                                #######
##############################################################
> rtcwake -m mem -s 1200
rtcwake: RTC wird als UTC interpretiert …
rtcwake: aufwachen von „mem“ durch /dev/rtc0 bei Wed Aug 24 18:26:24 2022
##############################################################
#######                                                #######
#######            just waked up from sleep            #######
#######                                                #######
##############################################################
%%%%%%%%%%     [6] Uploading logs and go sleeping   ...DONE!
elapsed time:   1228s
=====================================================================================================
