=====================================================================================================
%%%%%%%%%%     [4] Run the executable...
>Please note:  Even if all builds failed, the last built executable is still there and will be started!
> sudo -u mayadm ./ur-unix-run.sh
[2022-08-25 01:46:39.264] [main] [info] Pinging Pump Server Mayson...
[2022-08-25 01:46:39.316] [main] [info] Pinging Pump Server Mayson   ...DONE!
[2022-08-25 01:46:39.316] [main] [info] Pinging all valve stations...
[2022-08-25 01:46:39.654] [main] [info] Pinging all valve stations   ...DONE!
[2022-08-25 01:46:39.654] [main] [info] Fetching timestamp...
std::chrono::system_clock::now().time_since_epoch()   :   1661384799654874108
get_seconds_since_epoch(bool verbose /* true */)   :   1661384799
minutes since epoch   :   27689746
minute of day   :   1426
minute of hour   :   46
hour of day   :   23
[2022-08-25 01:46:39.654] [main] [info] Checking timestamp.txt...
[2022-08-25 01:46:39.654] [main] [debug] The timestamp.txt is always written when watering is triggered. It is read to check if I was already done with watering some minutes ago.
previous time_stamp:   27688458
[2022-08-25 01:46:39.655] [main] [info] Checking timestamp.txt   ...DONE!
%%%%%%%%%%     [4] Run the executable   ...DONE!
elapsed time:   0s
=====================================================================================================
