=====================================================================================================
%%%%%%%%%%     [4] Run the executable...
>Please note:  Even if all builds failed, the last built executable is still there and will be started!
> sudo -u mayadm ./ur-unix-run.sh
[2022-08-25 08:06:12.222] [main] [info] Pinging Pump Server Mayson...
[2022-08-25 08:06:12.284] [main] [info] Pinging Pump Server Mayson   ...DONE!
[2022-08-25 08:06:12.284] [main] [info] Pinging all valve stations...
[2022-08-25 08:06:12.594] [main] [info] Pinging all valve stations   ...DONE!
[2022-08-25 08:06:12.594] [main] [info] Fetching timestamp...
std::chrono::system_clock::now().time_since_epoch()   :   1661407572594391174
get_seconds_since_epoch(bool verbose /* true */)   :   1661407572
minutes since epoch   :   27690126
minute of day   :   366
minute of hour   :   6
hour of day   :   6
[2022-08-25 08:06:12.594] [main] [info] Checking timestamp.txt...
[2022-08-25 08:06:12.594] [main] [debug] The timestamp.txt is always written when watering is triggered. It is read to check if I was already done with watering some minutes ago.
previous time_stamp:   27689892
[2022-08-25 08:06:12.594] [main] [info] Checking timestamp.txt   ...DONE!
%%%%%%%%%%     [4] Run the executable   ...DONE!
elapsed time:   0s
=====================================================================================================
