=====================================================================================================
%%%%%%%%%%     [4] Run the executable...
>Please note:  Even if all builds failed, the last built executable is still there and will be started!
> sudo -u mayadm ./ur-unix-run.sh
[2022-08-25 13:45:53.416] [main] [info] Pinging Pump Server Mayson...
[2022-08-25 13:45:53.674] [main] [info] Pinging Pump Server Mayson   ...DONE!
[2022-08-25 13:45:53.674] [main] [info] Pinging all valve stations...
[2022-08-25 13:45:54.103] [main] [info] Pinging all valve stations   ...DONE!
[2022-08-25 13:45:54.103] [main] [info] Fetching timestamp...
std::chrono::system_clock::now().time_since_epoch()   :   1661427954103795396
get_seconds_since_epoch(bool verbose /* true */)   :   1661427954
minutes since epoch   :   27690465
minute of day   :   705
minute of hour   :   45
hour of day   :   11
[2022-08-25 13:45:54.103] [main] [info] Checking timestamp.txt...
[2022-08-25 13:45:54.103] [main] [debug] The timestamp.txt is always written when watering is triggered. It is read to check if I was already done with watering some minutes ago.
previous time_stamp:   27689892
[2022-08-25 13:45:54.104] [main] [info] Checking timestamp.txt   ...DONE!
%%%%%%%%%%     [4] Run the executable   ...DONE!
elapsed time:   1s
=====================================================================================================
