=====================================================================================================
%%%%%%%%%%     [6] Uploading logs and go sleeping...
> sudo -u mayadm git checkout artifacts
Zu Zweig »artifacts« gewechselt
Ihr Branch ist auf demselben Stand wie 'origin/artifacts'.
> sudo -u mayadm git pull
Bereits aktuell.
> sudo -u mayadm git merge maya-productive
Bereits aktuell.
> sudo -u mayadm git add "../artifacts/logs/5638-*.log" -f
> sudo -u mayadm git add "../artifacts/logs/5637-*.log" -f
> sudo -u mayadm git commit -m "logs at 2022-08-25--23h50"
[artifacts 1063dbbc] logs at 2022-08-25--23h50
 6 files changed, 262 insertions(+)
 create mode 100644 maya/artifacts/logs/5637--2022-08-25--23h25---6.log
 create mode 100644 maya/artifacts/logs/5638--2022-08-25--23h50---1.log
 create mode 100644 maya/artifacts/logs/5638--2022-08-25--23h50---2.log
 create mode 100644 maya/artifacts/logs/5638--2022-08-25--23h50---3.log
 create mode 100644 maya/artifacts/logs/5638--2022-08-25--23h50---4.log
 create mode 100644 maya/artifacts/logs/5638--2022-08-25--23h50---5.log
> sudo -u mayadm git push
To https://github.com/Necktschnagge/wired-watering
   4884fc0c..1063dbbc  artifacts -> artifacts
> sudo -u mayadm git checkout maya-productive
Zu Zweig »maya-productive« gewechselt
Ihr Branch ist auf demselben Stand wie 'origin/maya-productive'.
> sudo -u mayadm git push
Everything up-to-date
##############################################################
###################                        ###################
###################     GOING TO SLEEP     ###################
###################                        ###################
##############################################################
#######                                                #######
#######   Press CTRL + C NOW to abort script safely!   #######
#######                                                #######
##############################################################
##############################################################
#######                                                #######
#######               NOW GOING TO SLEEP               #######
#######                                                #######
##############################################################
> rtcwake -m mem -s 1200
rtcwake: RTC wird als UTC interpretiert …
rtcwake: aufwachen von „mem“ durch /dev/rtc0 bei Thu Aug 25 22:13:59 2022
##############################################################
#######                                                #######
#######            just waked up from sleep            #######
#######                                                #######
##############################################################
%%%%%%%%%%     [6] Uploading logs and go sleeping   ...DONE!
elapsed time:   1231s
=====================================================================================================
