=====================================================================================================
%%%%%%%%%%     [4] Run the executable...
>Please note:  Even if all builds failed, the last built executable is still there and will be started!
> sudo -u mayadm ./ur-unix-run.sh
[2022-08-26 00:42:53.302] [main] [info] Pinging Pump Server Mayson...
[2022-08-26 00:42:54.379] [main] [info] Pinging Pump Server Mayson   ...DONE!
[2022-08-26 00:42:54.379] [main] [info] Pinging all valve stations...
[2022-08-26 00:42:54.696] [main] [info] Pinging all valve stations   ...DONE!
[2022-08-26 00:42:54.696] [main] [info] Fetching timestamp...
std::chrono::system_clock::now().time_since_epoch()   :   1661467374696859006
get_seconds_since_epoch(bool verbose /* true */)   :   1661467374
minutes since epoch   :   27691122
minute of day   :   1362
minute of hour   :   42
hour of day   :   22
[2022-08-26 00:42:54.696] [main] [info] Checking timestamp.txt...
[2022-08-26 00:42:54.696] [main] [debug] The timestamp.txt is always written when watering is triggered. It is read to check if I was already done with watering some minutes ago.
previous time_stamp:   27689892
[2022-08-26 00:42:54.697] [main] [info] Checking timestamp.txt   ...DONE!
%%%%%%%%%%     [4] Run the executable   ...DONE!
elapsed time:   1s
=====================================================================================================
