=====================================================================================================
%%%%%%%%%%     [6] Uploading logs and go sleeping...
> sudo -u mayadm git checkout artifacts
Zu Zweig »artifacts« gewechselt
Ihr Branch ist auf demselben Stand wie 'origin/artifacts'.
> sudo -u mayadm git pull
Bereits aktuell.
> sudo -u mayadm git merge maya-productive
Bereits aktuell.
> sudo -u mayadm git add "../artifacts/logs/5661-*.log" -f
> sudo -u mayadm git add "../artifacts/logs/5660-*.log" -f
> sudo -u mayadm git commit -m "logs at 2022-08-26--09h57"
[artifacts 82309c1b] logs at 2022-08-26--09h57
 6 files changed, 262 insertions(+)
 create mode 100644 maya/artifacts/logs/5660--2022-08-26--09h33---6.log
 create mode 100644 maya/artifacts/logs/5661--2022-08-26--09h57---1.log
 create mode 100644 maya/artifacts/logs/5661--2022-08-26--09h57---2.log
 create mode 100644 maya/artifacts/logs/5661--2022-08-26--09h57---3.log
 create mode 100644 maya/artifacts/logs/5661--2022-08-26--09h57---4.log
 create mode 100644 maya/artifacts/logs/5661--2022-08-26--09h57---5.log
> sudo -u mayadm git push
To https://github.com/Necktschnagge/wired-watering
   e547a87d..82309c1b  artifacts -> artifacts
> sudo -u mayadm git checkout maya-productive
Zu Zweig »maya-productive« gewechselt
Ihr Branch ist auf demselben Stand wie 'origin/maya-productive'.
> sudo -u mayadm git push
Everything up-to-date
##############################################################
###################                        ###################
###################     GOING TO SLEEP     ###################
###################                        ###################
##############################################################
#######                                                #######
#######   Press CTRL + C NOW to abort script safely!   #######
#######                                                #######
##############################################################
##############################################################
#######                                                #######
#######               NOW GOING TO SLEEP               #######
#######                                                #######
##############################################################
> rtcwake -m mem -s 1200
rtcwake: RTC wird als UTC interpretiert …
rtcwake: aufwachen von „mem“ durch /dev/rtc0 bei Fri Aug 26 08:21:36 2022
##############################################################
#######                                                #######
#######            just waked up from sleep            #######
#######                                                #######
##############################################################
%%%%%%%%%%     [6] Uploading logs and go sleeping   ...DONE!
elapsed time:   1231s
=====================================================================================================
