=====================================================================================================
%%%%%%%%%%     [4] Run the executable...
>Please note:  Even if all builds failed, the last built executable is still there and will be started!
> sudo -u mayadm ./ur-unix-run.sh
[2022-08-26 22:36:19.259] [main] [info] Pinging Pump Server Mayson...
[2022-08-26 22:36:19.354] [main] [info] Pinging Pump Server Mayson   ...DONE!
[2022-08-26 22:36:19.354] [main] [info] Pinging all valve stations...
[2022-08-26 22:36:20.016] [main] [info] Pinging all valve stations   ...DONE!
[2022-08-26 22:36:20.016] [main] [info] Fetching timestamp...
std::chrono::system_clock::now().time_since_epoch()   :   1661546180016090880
get_seconds_since_epoch(bool verbose /* true */)   :   1661546180
minutes since epoch   :   27692436
minute of day   :   1236
minute of hour   :   36
hour of day   :   20
[2022-08-26 22:36:20.016] [main] [info] Checking timestamp.txt...
[2022-08-26 22:36:20.016] [main] [debug] The timestamp.txt is always written when watering is triggered. It is read to check if I was already done with watering some minutes ago.
previous time_stamp:   27691341
[2022-08-26 22:36:20.016] [main] [info] Checking timestamp.txt   ...DONE!
%%%%%%%%%%     [4] Run the executable   ...DONE!
elapsed time:   2s
=====================================================================================================
