=====================================================================================================
%%%%%%%%%%     [4] Run the executable...
>Please note:  Even if all builds failed, the last built executable is still there and will be started!
> sudo -u mayadm ./ur-unix-run.sh
[2022-08-27 17:28:30.531] [main] [info] Pinging Pump Server Mayson...
[2022-08-27 17:28:30.587] [main] [info] Pinging Pump Server Mayson   ...DONE!
[2022-08-27 17:28:30.587] [main] [info] Pinging all valve stations...
[2022-08-27 17:28:30.905] [main] [info] Pinging all valve stations   ...DONE!
[2022-08-27 17:28:30.905] [main] [info] Fetching timestamp...
std::chrono::system_clock::now().time_since_epoch()   :   1661614110905044793
get_seconds_since_epoch(bool verbose /* true */)   :   1661614110
minutes since epoch   :   27693568
minute of day   :   928
minute of hour   :   28
hour of day   :   15
[2022-08-27 17:28:30.905] [main] [info] Checking timestamp.txt...
[2022-08-27 17:28:30.905] [main] [debug] The timestamp.txt is always written when watering is triggered. It is read to check if I was already done with watering some minutes ago.
previous time_stamp:   27692775
[2022-08-27 17:28:30.905] [main] [info] Checking timestamp.txt   ...DONE!
%%%%%%%%%%     [4] Run the executable   ...DONE!
elapsed time:   0s
=====================================================================================================
