=====================================================================================================
%%%%%%%%%%     [4] Run the executable...
>Please note:  Even if all builds failed, the last built executable is still there and will be started!
> sudo -u mayadm ./ur-unix-run.sh
[2022-08-27 20:59:54.111] [main] [info] Pinging Pump Server Mayson...
[2022-08-27 20:59:54.160] [main] [info] Pinging Pump Server Mayson   ...DONE!
[2022-08-27 20:59:54.160] [main] [info] Pinging all valve stations...
[2022-08-27 20:59:56.524] [main] [info] Pinging all valve stations   ...DONE!
[2022-08-27 20:59:56.524] [main] [info] Fetching timestamp...
std::chrono::system_clock::now().time_since_epoch()   :   1661626796524107207
get_seconds_since_epoch(bool verbose /* true */)   :   1661626796
minutes since epoch   :   27693779
minute of day   :   1139
minute of hour   :   59
hour of day   :   18
[2022-08-27 20:59:56.524] [main] [info] Checking timestamp.txt...
[2022-08-27 20:59:56.524] [main] [debug] The timestamp.txt is always written when watering is triggered. It is read to check if I was already done with watering some minutes ago.
previous time_stamp:   27692775
[2022-08-27 20:59:56.524] [main] [info] Checking timestamp.txt   ...DONE!
%%%%%%%%%%     [4] Run the executable   ...DONE!
elapsed time:   2s
=====================================================================================================
