=====================================================================================================
%%%%%%%%%%     [4] Run the executable...
>Please note:  Even if all builds failed, the last built executable is still there and will be started!
> sudo -u mayadm ./ur-unix-run.sh
[2022-08-27 22:24:30.505] [main] [info] Pinging Pump Server Mayson...
[2022-08-27 22:24:30.547] [main] [info] Pinging Pump Server Mayson   ...DONE!
[2022-08-27 22:24:30.547] [main] [info] Pinging all valve stations...
[2022-08-27 22:24:30.856] [main] [info] Pinging all valve stations   ...DONE!
[2022-08-27 22:24:30.856] [main] [info] Fetching timestamp...
std::chrono::system_clock::now().time_since_epoch()   :   1661631870856760139
get_seconds_since_epoch(bool verbose /* true */)   :   1661631870
minutes since epoch   :   27693864
minute of day   :   1224
minute of hour   :   24
hour of day   :   20
[2022-08-27 22:24:30.856] [main] [info] Checking timestamp.txt...
[2022-08-27 22:24:30.856] [main] [debug] The timestamp.txt is always written when watering is triggered. It is read to check if I was already done with watering some minutes ago.
previous time_stamp:   27692775
[2022-08-27 22:24:30.856] [main] [info] Checking timestamp.txt   ...DONE!
%%%%%%%%%%     [4] Run the executable   ...DONE!
elapsed time:   0s
=====================================================================================================
