=====================================================================================================
%%%%%%%%%%     [6] Uploading logs and go sleeping...
> sudo -u mayadm git checkout artifacts
Zu Zweig »artifacts« gewechselt
Ihr Branch ist auf demselben Stand wie 'origin/artifacts'.
> sudo -u mayadm git pull
Von https://github.com/Necktschnagge/wired-watering
   28bc3750..33d9007d  feature-add-read-pressure-sensor -> origin/feature-add-read-pressure-sensor
Bereits aktuell.
> sudo -u mayadm git merge maya-productive
Bereits aktuell.
> sudo -u mayadm git add "../artifacts/logs/5756-*.log" -f
> sudo -u mayadm git add "../artifacts/logs/5755-*.log" -f
> sudo -u mayadm git commit -m "logs at 2022-08-28--11h45"
[artifacts 15aecc7b] logs at 2022-08-28--11h45
 6 files changed, 266 insertions(+)
 create mode 100644 maya/artifacts/logs/5755--2022-08-28--11h03---6.log
 create mode 100644 maya/artifacts/logs/5756--2022-08-28--11h45---1.log
 create mode 100644 maya/artifacts/logs/5756--2022-08-28--11h45---2.log
 create mode 100644 maya/artifacts/logs/5756--2022-08-28--11h45---3.log
 create mode 100644 maya/artifacts/logs/5756--2022-08-28--11h45---4.log
 create mode 100644 maya/artifacts/logs/5756--2022-08-28--11h45---5.log
> sudo -u mayadm git push
To https://github.com/Necktschnagge/wired-watering
   e7c8fd72..15aecc7b  artifacts -> artifacts
> sudo -u mayadm git checkout maya-productive
Zu Zweig »maya-productive« gewechselt
Ihr Branch ist auf demselben Stand wie 'origin/maya-productive'.
> sudo -u mayadm git push
Everything up-to-date
##############################################################
###################                        ###################
###################     GOING TO SLEEP     ###################
###################                        ###################
##############################################################
#######                                                #######
#######   Press CTRL + C NOW to abort script safely!   #######
#######                                                #######
##############################################################
##############################################################
#######                                                #######
#######               NOW GOING TO SLEEP               #######
#######                                                #######
##############################################################
> rtcwake -m mem -s 2400
rtcwake: RTC wird als UTC interpretiert …
rtcwake: aufwachen von „mem“ durch /dev/rtc0 bei Sun Aug 28 10:27:24 2022
##############################################################
#######                                                #######
#######            just waked up from sleep            #######
#######                                                #######
##############################################################
%%%%%%%%%%     [6] Uploading logs and go sleeping   ...DONE!
elapsed time:   2424s
=====================================================================================================
