=====================================================================================================
%%%%%%%%%%     [4] Run the executable...
>Please note:  Even if all builds failed, the last built executable is still there and will be started!
> sudo -u mayadm ./ur-unix-run.sh
[2022-08-29 13:08:46.077] [main] [info] Pinging Pump Server Mayson...
[2022-08-29 13:08:46.151] [main] [info] Pinging Pump Server Mayson   ...DONE!
[2022-08-29 13:08:46.151] [main] [info] Pinging all valve stations...
[2022-08-29 13:08:56.365] [main] [info] Pinging all valve stations   ...DONE!
[2022-08-29 13:08:56.365] [main] [info] Fetching timestamp...
std::chrono::system_clock::now().time_since_epoch()   :   1661771336365421398
get_seconds_since_epoch(bool verbose /* true */)   :   1661771336
minutes since epoch   :   27696188
minute of day   :   668
minute of hour   :   8
hour of day   :   11
[2022-08-29 13:08:56.365] [main] [info] Checking timestamp.txt...
[2022-08-29 13:08:56.365] [main] [debug] The timestamp.txt is always written when watering is triggered. It is read to check if I was already done with watering some minutes ago.
previous time_stamp:   27695639
[2022-08-29 13:08:56.365] [main] [info] Checking timestamp.txt   ...DONE!
%%%%%%%%%%     [4] Run the executable   ...DONE!
elapsed time:   10s
=====================================================================================================
