=====================================================================================================
%%%%%%%%%%     [6] Uploading logs and go sleeping...
> sudo -u mayadm git checkout artifacts
Zu Zweig »artifacts« gewechselt
Ihr Branch ist auf demselben Stand wie 'origin/artifacts'.
> sudo -u mayadm git pull
Bereits aktuell.
> sudo -u mayadm git merge maya-productive
Bereits aktuell.
> sudo -u mayadm git add "../artifacts/logs/5800-*.log" -f
> sudo -u mayadm git add "../artifacts/logs/5799-*.log" -f
> sudo -u mayadm git commit -m "logs at 2022-08-29--18h45"
[artifacts 6e311ab0] logs at 2022-08-29--18h45
 6 files changed, 263 insertions(+)
 create mode 100644 maya/artifacts/logs/5799--2022-08-29--18h03---6.log
 create mode 100644 maya/artifacts/logs/5800--2022-08-29--18h45---1.log
 create mode 100644 maya/artifacts/logs/5800--2022-08-29--18h45---2.log
 create mode 100644 maya/artifacts/logs/5800--2022-08-29--18h45---3.log
 create mode 100644 maya/artifacts/logs/5800--2022-08-29--18h45---4.log
 create mode 100644 maya/artifacts/logs/5800--2022-08-29--18h45---5.log
> sudo -u mayadm git push
To https://github.com/Necktschnagge/wired-watering
   07b691a6..6e311ab0  artifacts -> artifacts
> sudo -u mayadm git checkout maya-productive
Zu Zweig »maya-productive« gewechselt
Ihr Branch ist auf demselben Stand wie 'origin/maya-productive'.
> sudo -u mayadm git push
Everything up-to-date
##############################################################
###################                        ###################
###################     GOING TO SLEEP     ###################
###################                        ###################
##############################################################
#######                                                #######
#######   Press CTRL + C NOW to abort script safely!   #######
#######                                                #######
##############################################################
##############################################################
#######                                                #######
#######               NOW GOING TO SLEEP               #######
#######                                                #######
##############################################################
> rtcwake -m mem -s 2400
rtcwake: RTC wird als UTC interpretiert …
rtcwake: aufwachen von „mem“ durch /dev/rtc0 bei Mon Aug 29 17:27:25 2022
##############################################################
#######                                                #######
#######            just waked up from sleep            #######
#######                                                #######
##############################################################
%%%%%%%%%%     [6] Uploading logs and go sleeping   ...DONE!
elapsed time:   2425s
=====================================================================================================
