=====================================================================================================
%%%%%%%%%%     [4] Run the executable...
>Please note:  Even if all builds failed, the last built executable is still there and will be started!
> sudo -u mayadm ./ur-unix-run.sh
[2022-08-29 22:18:10.398] [main] [info] Pinging Pump Server Mayson...
[2022-08-29 22:18:10.517] [main] [info] Pinging Pump Server Mayson   ...DONE!
[2022-08-29 22:18:10.517] [main] [info] Pinging all valve stations...
[2022-08-29 22:18:10.929] [main] [info] Pinging all valve stations   ...DONE!
[2022-08-29 22:18:10.929] [main] [info] Fetching timestamp...
std::chrono::system_clock::now().time_since_epoch()   :   1661804290929498426
get_seconds_since_epoch(bool verbose /* true */)   :   1661804290
minutes since epoch   :   27696738
minute of day   :   1218
minute of hour   :   18
hour of day   :   20
[2022-08-29 22:18:10.929] [main] [info] Checking timestamp.txt...
[2022-08-29 22:18:10.929] [main] [debug] The timestamp.txt is always written when watering is triggered. It is read to check if I was already done with watering some minutes ago.
previous time_stamp:   27695639
[2022-08-29 22:18:10.929] [main] [info] Checking timestamp.txt   ...DONE!
%%%%%%%%%%     [4] Run the executable   ...DONE!
elapsed time:   0s
=====================================================================================================
