=====================================================================================================
%%%%%%%%%%     [4] Run the executable...
>Please note:  Even if all builds failed, the last built executable is still there and will be started!
> sudo -u mayadm ./ur-unix-run.sh
[2022-08-30 22:58:58.591] [main] [info] Pinging Pump Server Mayson...
[2022-08-30 22:58:58.667] [main] [info] Pinging Pump Server Mayson   ...DONE!
[2022-08-30 22:58:58.667] [main] [info] Pinging all valve stations...
[2022-08-30 22:59:01.933] [main] [info] Pinging all valve stations   ...DONE!
[2022-08-30 22:59:01.933] [main] [info] Fetching timestamp...
std::chrono::system_clock::now().time_since_epoch()   :   1661893141933087729
get_seconds_since_epoch(bool verbose /* true */)   :   1661893141
minutes since epoch   :   27698219
minute of day   :   1259
minute of hour   :   59
hour of day   :   20
[2022-08-30 22:59:01.933] [main] [info] Checking timestamp.txt...
[2022-08-30 22:59:01.933] [main] [debug] The timestamp.txt is always written when watering is triggered. It is read to check if I was already done with watering some minutes ago.
previous time_stamp:   27697076
[2022-08-30 22:59:01.933] [main] [info] Checking timestamp.txt   ...DONE!
%%%%%%%%%%     [4] Run the executable   ...DONE!
elapsed time:   3s
=====================================================================================================
