=====================================================================================================
%%%%%%%%%%     [4] Run the executable...
>Please note:  Even if all builds failed, the last built executable is still there and will be started!
> sudo -u mayadm ./ur-unix-run.sh
[2022-08-31 07:26:59.411] [main] [info] Pinging Pump Server Mayson...
[2022-08-31 07:26:59.484] [main] [info] Pinging Pump Server Mayson   ...DONE!
[2022-08-31 07:26:59.484] [main] [info] Pinging all valve stations...
[2022-08-31 07:27:01.841] [main] [info] Pinging all valve stations   ...DONE!
[2022-08-31 07:27:01.841] [main] [info] Fetching timestamp...
std::chrono::system_clock::now().time_since_epoch()   :   1661923621841091800
get_seconds_since_epoch(bool verbose /* true */)   :   1661923621
minutes since epoch   :   27698727
minute of day   :   327
minute of hour   :   27
hour of day   :   5
[2022-08-31 07:27:01.841] [main] [info] Checking timestamp.txt...
[2022-08-31 07:27:01.841] [main] [debug] The timestamp.txt is always written when watering is triggered. It is read to check if I was already done with watering some minutes ago.
previous time_stamp:   27698515
[2022-08-31 07:27:01.841] [main] [info] Checking timestamp.txt   ...DONE!
%%%%%%%%%%     [4] Run the executable   ...DONE!
elapsed time:   2s
=====================================================================================================
