=====================================================================================================
%%%%%%%%%%     [4] Run the executable...
>Please note:  Even if all builds failed, the last built executable is still there and will be started!
> sudo -u mayadm ./ur-unix-run.sh
[2022-08-31 10:58:36.192] [main] [info] Pinging Pump Server Mayson...
[2022-08-31 10:58:37.786] [main] [info] Pinging Pump Server Mayson   ...DONE!
[2022-08-31 10:58:37.786] [main] [info] Pinging all valve stations...
[2022-08-31 10:58:41.031] [main] [info] Pinging all valve stations   ...DONE!
[2022-08-31 10:58:41.031] [main] [info] Fetching timestamp...
std::chrono::system_clock::now().time_since_epoch()   :   1661936321031685821
get_seconds_since_epoch(bool verbose /* true */)   :   1661936321
minutes since epoch   :   27698938
minute of day   :   538
minute of hour   :   58
hour of day   :   8
[2022-08-31 10:58:41.031] [main] [info] Checking timestamp.txt...
[2022-08-31 10:58:41.031] [main] [debug] The timestamp.txt is always written when watering is triggered. It is read to check if I was already done with watering some minutes ago.
previous time_stamp:   27698515
[2022-08-31 10:58:41.031] [main] [info] Checking timestamp.txt   ...DONE!
%%%%%%%%%%     [4] Run the executable   ...DONE!
elapsed time:   5s
=====================================================================================================
