=====================================================================================================
%%%%%%%%%%     [4] Run the executable...
>Please note:  Even if all builds failed, the last built executable is still there and will be started!
> sudo -u mayadm ./ur-unix-run.sh
[2022-08-31 18:02:11.419] [main] [info] Pinging Pump Server Mayson...
[2022-08-31 18:02:11.500] [main] [info] Pinging Pump Server Mayson   ...DONE!
[2022-08-31 18:02:11.500] [main] [info] Pinging all valve stations...
[2022-08-31 18:02:11.818] [main] [info] Pinging all valve stations   ...DONE!
[2022-08-31 18:02:11.818] [main] [info] Fetching timestamp...
std::chrono::system_clock::now().time_since_epoch()   :   1661961731818757962
get_seconds_since_epoch(bool verbose /* true */)   :   1661961731
minutes since epoch   :   27699362
minute of day   :   962
minute of hour   :   2
hour of day   :   16
[2022-08-31 18:02:11.818] [main] [info] Checking timestamp.txt...
[2022-08-31 18:02:11.818] [main] [debug] The timestamp.txt is always written when watering is triggered. It is read to check if I was already done with watering some minutes ago.
previous time_stamp:   27698515
[2022-08-31 18:02:11.818] [main] [info] Checking timestamp.txt   ...DONE!
%%%%%%%%%%     [4] Run the executable   ...DONE!
elapsed time:   0s
=====================================================================================================
