=====================================================================================================
%%%%%%%%%%     [6] Uploading logs and go sleeping...
> sudo -u mayadm git checkout artifacts
Zu Zweig »artifacts« gewechselt
Ihr Branch ist auf demselben Stand wie 'origin/artifacts'.
> sudo -u mayadm git pull
Bereits aktuell.
> sudo -u mayadm git merge maya-productive
Bereits aktuell.
> sudo -u mayadm git add "../artifacts/logs/5905-*.log" -f
> sudo -u mayadm git add "../artifacts/logs/5904-*.log" -f
> sudo -u mayadm git commit -m "logs at 2022-09-01--20h49"
[artifacts 0d248c9c] logs at 2022-09-01--20h49
 6 files changed, 263 insertions(+)
 create mode 100644 maya/artifacts/logs/5904--2022-09-01--20h07---6.log
 create mode 100644 maya/artifacts/logs/5905--2022-09-01--20h49---1.log
 create mode 100644 maya/artifacts/logs/5905--2022-09-01--20h49---2.log
 create mode 100644 maya/artifacts/logs/5905--2022-09-01--20h49---3.log
 create mode 100644 maya/artifacts/logs/5905--2022-09-01--20h49---4.log
 create mode 100644 maya/artifacts/logs/5905--2022-09-01--20h49---5.log
> sudo -u mayadm git push
To https://github.com/Necktschnagge/wired-watering
   e7740a4f..0d248c9c  artifacts -> artifacts
> sudo -u mayadm git checkout maya-productive
Zu Zweig »maya-productive« gewechselt
Ihr Branch ist auf demselben Stand wie 'origin/maya-productive'.
> sudo -u mayadm git push
Everything up-to-date
##############################################################
###################                        ###################
###################     GOING TO SLEEP     ###################
###################                        ###################
##############################################################
#######                                                #######
#######   Press CTRL + C NOW to abort script safely!   #######
#######                                                #######
##############################################################
##############################################################
#######                                                #######
#######               NOW GOING TO SLEEP               #######
#######                                                #######
##############################################################
> rtcwake -m mem -s 2400
rtcwake: RTC wird als UTC interpretiert …
rtcwake: aufwachen von „mem“ durch /dev/rtc0 bei Thu Sep  1 19:32:01 2022
##############################################################
#######                                                #######
#######            just waked up from sleep            #######
#######                                                #######
##############################################################
%%%%%%%%%%     [6] Uploading logs and go sleeping   ...DONE!
elapsed time:   2425s
=====================================================================================================
