=====================================================================================================
%%%%%%%%%%     [4] Run the executable...
>Please note:  Even if all builds failed, the last built executable is still there and will be started!
> sudo -u mayadm ./ur-unix-run.sh
[2022-09-02 11:28:04.127] [main] [info] Pinging Pump Server Mayson...
[2022-09-02 11:28:04.415] [main] [info] Pinging Pump Server Mayson   ...DONE!
[2022-09-02 11:28:04.415] [main] [info] Pinging all valve stations...
[2022-09-02 11:28:04.862] [main] [info] Pinging all valve stations   ...DONE!
[2022-09-02 11:28:04.862] [main] [info] Fetching timestamp...
std::chrono::system_clock::now().time_since_epoch()   :   1662110884862924312
get_seconds_since_epoch(bool verbose /* true */)   :   1662110884
minutes since epoch   :   27701848
minute of day   :   568
minute of hour   :   28
hour of day   :   9
[2022-09-02 11:28:04.862] [main] [info] Checking timestamp.txt...
[2022-09-02 11:28:04.863] [main] [debug] The timestamp.txt is always written when watering is triggered. It is read to check if I was already done with watering some minutes ago.
previous time_stamp:   27701395
[2022-09-02 11:28:04.863] [main] [info] Checking timestamp.txt   ...DONE!
%%%%%%%%%%     [4] Run the executable   ...DONE!
elapsed time:   0s
=====================================================================================================
