=====================================================================================================
%%%%%%%%%%     [4] Run the executable...
>Please note:  Even if all builds failed, the last built executable is still there and will be started!
> sudo -u mayadm ./ur-unix-run.sh
[2022-09-02 16:24:51.026] [main] [info] Pinging Pump Server Mayson...
[2022-09-02 16:24:51.096] [main] [info] Pinging Pump Server Mayson   ...DONE!
[2022-09-02 16:24:51.096] [main] [info] Pinging all valve stations...
[2022-09-02 16:24:51.404] [main] [info] Pinging all valve stations   ...DONE!
[2022-09-02 16:24:51.404] [main] [info] Fetching timestamp...
std::chrono::system_clock::now().time_since_epoch()   :   1662128691404072403
get_seconds_since_epoch(bool verbose /* true */)   :   1662128691
minutes since epoch   :   27702144
minute of day   :   864
minute of hour   :   24
hour of day   :   14
[2022-09-02 16:24:51.405] [main] [info] Checking timestamp.txt...
[2022-09-02 16:24:51.405] [main] [debug] The timestamp.txt is always written when watering is triggered. It is read to check if I was already done with watering some minutes ago.
previous time_stamp:   27701395
[2022-09-02 16:24:51.405] [main] [info] Checking timestamp.txt   ...DONE!
%%%%%%%%%%     [4] Run the executable   ...DONE!
elapsed time:   1s
=====================================================================================================
