=====================================================================================================
%%%%%%%%%%     [4] Run the executable...
>Please note:  Even if all builds failed, the last built executable is still there and will be started!
> sudo -u mayadm ./ur-unix-run.sh
[2022-09-03 00:53:23.049] [main] [info] Pinging Pump Server Mayson...
[2022-09-03 00:53:24.155] [main] [info] Pinging Pump Server Mayson   ...DONE!
[2022-09-03 00:53:24.155] [main] [info] Pinging all valve stations...
[2022-09-03 00:53:25.387] [main] [info] Pinging all valve stations   ...DONE!
[2022-09-03 00:53:25.387] [main] [info] Fetching timestamp...
std::chrono::system_clock::now().time_since_epoch()   :   1662159205387481890
get_seconds_since_epoch(bool verbose /* true */)   :   1662159205
minutes since epoch   :   27702653
minute of day   :   1373
minute of hour   :   53
hour of day   :   22
[2022-09-03 00:53:25.387] [main] [info] Checking timestamp.txt...
[2022-09-03 00:53:25.387] [main] [debug] The timestamp.txt is always written when watering is triggered. It is read to check if I was already done with watering some minutes ago.
previous time_stamp:   27701395
[2022-09-03 00:53:25.387] [main] [info] Checking timestamp.txt   ...DONE!
%%%%%%%%%%     [4] Run the executable   ...DONE!
elapsed time:   2s
=====================================================================================================
