=====================================================================================================
%%%%%%%%%%     [4] Run the executable...
>Please note:  Even if all builds failed, the last built executable is still there and will be started!
> sudo -u mayadm ./ur-unix-run.sh
[2022-09-03 13:43:58.421] [main] [info] Pinging Pump Server Mayson...
[2022-09-03 13:43:58.559] [main] [info] Pinging Pump Server Mayson   ...DONE!
[2022-09-03 13:43:58.559] [main] [info] Pinging all valve stations...
[2022-09-03 13:43:58.961] [main] [info] Pinging all valve stations   ...DONE!
[2022-09-03 13:43:58.961] [main] [info] Fetching timestamp...
std::chrono::system_clock::now().time_since_epoch()   :   1662205438961748651
get_seconds_since_epoch(bool verbose /* true */)   :   1662205438
minutes since epoch   :   27703423
minute of day   :   703
minute of hour   :   43
hour of day   :   11
[2022-09-03 13:43:58.961] [main] [info] Checking timestamp.txt...
[2022-09-03 13:43:58.961] [main] [debug] The timestamp.txt is always written when watering is triggered. It is read to check if I was already done with watering some minutes ago.
previous time_stamp:   27702822
[2022-09-03 13:43:58.961] [main] [info] Checking timestamp.txt   ...DONE!
%%%%%%%%%%     [4] Run the executable   ...DONE!
elapsed time:   0s
=====================================================================================================
