=====================================================================================================
%%%%%%%%%%     [4] Run the executable...
>Please note:  Even if all builds failed, the last built executable is still there and will be started!
> sudo -u mayadm ./ur-unix-run.sh
[2022-09-03 22:14:17.610] [main] [info] Pinging Pump Server Mayson...
[2022-09-03 22:14:17.685] [main] [info] Pinging Pump Server Mayson   ...DONE!
[2022-09-03 22:14:17.685] [main] [info] Pinging all valve stations...
[2022-09-03 22:14:17.998] [main] [info] Pinging all valve stations   ...DONE!
[2022-09-03 22:14:17.998] [main] [info] Fetching timestamp...
std::chrono::system_clock::now().time_since_epoch()   :   1662236057998811317
get_seconds_since_epoch(bool verbose /* true */)   :   1662236057
minutes since epoch   :   27703934
minute of day   :   1214
minute of hour   :   14
hour of day   :   20
[2022-09-03 22:14:17.998] [main] [info] Checking timestamp.txt...
[2022-09-03 22:14:17.998] [main] [debug] The timestamp.txt is always written when watering is triggered. It is read to check if I was already done with watering some minutes ago.
previous time_stamp:   27702822
[2022-09-03 22:14:17.999] [main] [info] Checking timestamp.txt   ...DONE!
%%%%%%%%%%     [4] Run the executable   ...DONE!
elapsed time:   1s
=====================================================================================================
