=====================================================================================================
%%%%%%%%%%     [4] Run the executable...
>Please note:  Even if all builds failed, the last built executable is still there and will be started!
> sudo -u mayadm ./ur-unix-run.sh
[2022-09-03 22:56:47.363] [main] [info] Pinging Pump Server Mayson...
[2022-09-03 22:56:47.436] [main] [info] Pinging Pump Server Mayson   ...DONE!
[2022-09-03 22:56:47.436] [main] [info] Pinging all valve stations...
[2022-09-03 22:56:53.690] [main] [info] Pinging all valve stations   ...DONE!
[2022-09-03 22:56:53.690] [main] [info] Fetching timestamp...
std::chrono::system_clock::now().time_since_epoch()   :   1662238613690525448
get_seconds_since_epoch(bool verbose /* true */)   :   1662238613
minutes since epoch   :   27703976
minute of day   :   1256
minute of hour   :   56
hour of day   :   20
[2022-09-03 22:56:53.690] [main] [info] Checking timestamp.txt...
[2022-09-03 22:56:53.690] [main] [debug] The timestamp.txt is always written when watering is triggered. It is read to check if I was already done with watering some minutes ago.
previous time_stamp:   27702822
[2022-09-03 22:56:53.690] [main] [info] Checking timestamp.txt   ...DONE!
%%%%%%%%%%     [4] Run the executable   ...DONE!
elapsed time:   6s
=====================================================================================================
