=====================================================================================================
%%%%%%%%%%     [4] Run the executable...
>Please note:  Even if all builds failed, the last built executable is still there and will be started!
> sudo -u mayadm ./ur-unix-run.sh
[2022-09-04 03:54:19.871] [main] [info] Pinging Pump Server Mayson...
[2022-09-04 03:54:19.912] [main] [info] Pinging Pump Server Mayson   ...DONE!
[2022-09-04 03:54:19.912] [main] [info] Pinging all valve stations...
[2022-09-04 03:54:21.145] [main] [info] Pinging all valve stations   ...DONE!
[2022-09-04 03:54:21.145] [main] [info] Fetching timestamp...
std::chrono::system_clock::now().time_since_epoch()   :   1662256461145055950
get_seconds_since_epoch(bool verbose /* true */)   :   1662256461
minutes since epoch   :   27704274
minute of day   :   114
minute of hour   :   54
hour of day   :   1
[2022-09-04 03:54:21.145] [main] [info] Checking timestamp.txt...
[2022-09-04 03:54:21.145] [main] [debug] The timestamp.txt is always written when watering is triggered. It is read to check if I was already done with watering some minutes ago.
previous time_stamp:   27702822
[2022-09-04 03:54:21.145] [main] [info] Checking timestamp.txt   ...DONE!
Wrote to timestamp.txt
%%%%%%%%%%     [4] Run the executable   ...DONE!
elapsed time:   2s
=====================================================================================================
