=====================================================================================================
%%%%%%%%%%     [4] Run the executable...
>Please note:  Even if all builds failed, the last built executable is still there and will be started!
> sudo -u mayadm ./ur-unix-run.sh
[2022-09-04 19:28:39.732] [main] [info] Pinging Pump Server Mayson...
[2022-09-04 19:28:39.760] [main] [info] Pinging Pump Server Mayson   ...DONE!
[2022-09-04 19:28:39.760] [main] [info] Pinging all valve stations...
[2022-09-04 19:28:40.070] [main] [info] Pinging all valve stations   ...DONE!
[2022-09-04 19:28:40.070] [main] [info] Fetching timestamp...
std::chrono::system_clock::now().time_since_epoch()   :   1662312520070742046
get_seconds_since_epoch(bool verbose /* true */)   :   1662312520
minutes since epoch   :   27705208
minute of day   :   1048
minute of hour   :   28
hour of day   :   17
[2022-09-04 19:28:40.070] [main] [info] Checking timestamp.txt...
[2022-09-04 19:28:40.070] [main] [debug] The timestamp.txt is always written when watering is triggered. It is read to check if I was already done with watering some minutes ago.
previous time_stamp:   27704274
[2022-09-04 19:28:40.070] [main] [info] Checking timestamp.txt   ...DONE!
%%%%%%%%%%     [4] Run the executable   ...DONE!
elapsed time:   1s
=====================================================================================================
