=====================================================================================================
%%%%%%%%%%     [6] Uploading logs and go sleeping...
> sudo -u mayadm git checkout artifacts
Zu Zweig »artifacts« gewechselt
Ihr Branch ist auf demselben Stand wie 'origin/artifacts'.
> sudo -u mayadm git pull
Bereits aktuell.
> sudo -u mayadm git merge maya-productive
Bereits aktuell.
> sudo -u mayadm git add "../artifacts/logs/6010-*.log" -f
> sudo -u mayadm git add "../artifacts/logs/6009-*.log" -f
> sudo -u mayadm git commit -m "logs at 2022-09-05--01h06"
[artifacts 99429b53] logs at 2022-09-05--01h06
 6 files changed, 266 insertions(+)
 create mode 100644 maya/artifacts/logs/6009--2022-09-05--00h24---6.log
 create mode 100644 maya/artifacts/logs/6010--2022-09-05--01h06---1.log
 create mode 100644 maya/artifacts/logs/6010--2022-09-05--01h06---2.log
 create mode 100644 maya/artifacts/logs/6010--2022-09-05--01h06---3.log
 create mode 100644 maya/artifacts/logs/6010--2022-09-05--01h06---4.log
 create mode 100644 maya/artifacts/logs/6010--2022-09-05--01h06---5.log
> sudo -u mayadm git push
To https://github.com/Necktschnagge/wired-watering
   68e81097..99429b53  artifacts -> artifacts
> sudo -u mayadm git checkout maya-productive
Zu Zweig »maya-productive« gewechselt
Ihr Branch ist auf demselben Stand wie 'origin/maya-productive'.
> sudo -u mayadm git push
Everything up-to-date
##############################################################
###################                        ###################
###################     GOING TO SLEEP     ###################
###################                        ###################
##############################################################
#######                                                #######
#######   Press CTRL + C NOW to abort script safely!   #######
#######                                                #######
##############################################################
##############################################################
#######                                                #######
#######               NOW GOING TO SLEEP               #######
#######                                                #######
##############################################################
> rtcwake -m mem -s 2400
rtcwake: RTC wird als UTC interpretiert …
rtcwake: aufwachen von „mem“ durch /dev/rtc0 bei Sun Sep  4 23:48:49 2022
##############################################################
#######                                                #######
#######            just waked up from sleep            #######
#######                                                #######
##############################################################
%%%%%%%%%%     [6] Uploading logs and go sleeping   ...DONE!
elapsed time:   2426s
=====================================================================================================
