=====================================================================================================
%%%%%%%%%%     [6] Uploading logs and go sleeping...
> sudo -u mayadm git checkout artifacts
Zu Zweig »artifacts« gewechselt
Ihr Branch ist auf demselben Stand wie 'origin/artifacts'.
> sudo -u mayadm git pull
Bereits aktuell.
> sudo -u mayadm git merge maya-productive
Bereits aktuell.
> sudo -u mayadm git add "../artifacts/logs/6030-*.log" -f
> sudo -u mayadm git add "../artifacts/logs/6029-*.log" -f
> sudo -u mayadm git commit -m "logs at 2022-09-05--15h16"
[artifacts bc529825] logs at 2022-09-05--15h16
 6 files changed, 263 insertions(+)
 create mode 100644 maya/artifacts/logs/6029--2022-09-05--14h33---6.log
 create mode 100644 maya/artifacts/logs/6030--2022-09-05--15h16---1.log
 create mode 100644 maya/artifacts/logs/6030--2022-09-05--15h16---2.log
 create mode 100644 maya/artifacts/logs/6030--2022-09-05--15h16---3.log
 create mode 100644 maya/artifacts/logs/6030--2022-09-05--15h16---4.log
 create mode 100644 maya/artifacts/logs/6030--2022-09-05--15h16---5.log
> sudo -u mayadm git push
To https://github.com/Necktschnagge/wired-watering
   fea498f6..bc529825  artifacts -> artifacts
> sudo -u mayadm git checkout maya-productive
Zu Zweig »maya-productive« gewechselt
Ihr Branch ist auf demselben Stand wie 'origin/maya-productive'.
> sudo -u mayadm git push
Everything up-to-date
##############################################################
###################                        ###################
###################     GOING TO SLEEP     ###################
###################                        ###################
##############################################################
#######                                                #######
#######   Press CTRL + C NOW to abort script safely!   #######
#######                                                #######
##############################################################
##############################################################
#######                                                #######
#######               NOW GOING TO SLEEP               #######
#######                                                #######
##############################################################
> rtcwake -m mem -s 2400
rtcwake: RTC wird als UTC interpretiert …
rtcwake: aufwachen von „mem“ durch /dev/rtc0 bei Mon Sep  5 13:58:28 2022
##############################################################
#######                                                #######
#######            just waked up from sleep            #######
#######                                                #######
##############################################################
%%%%%%%%%%     [6] Uploading logs and go sleeping   ...DONE!
elapsed time:   2424s
=====================================================================================================
