=====================================================================================================
%%%%%%%%%%     [4] Run the executable...
>Please note:  Even if all builds failed, the last built executable is still there and will be started!
> sudo -u mayadm ./ur-unix-run.sh
[2022-09-05 18:50:36.451] [main] [info] Pinging Pump Server Mayson...
[2022-09-05 18:50:36.538] [main] [info] Pinging Pump Server Mayson   ...DONE!
[2022-09-05 18:50:36.538] [main] [info] Pinging all valve stations...
[2022-09-05 18:50:37.876] [main] [info] Pinging all valve stations   ...DONE!
[2022-09-05 18:50:37.876] [main] [info] Fetching timestamp...
std::chrono::system_clock::now().time_since_epoch()   :   1662396637876201127
get_seconds_since_epoch(bool verbose /* true */)   :   1662396637
minutes since epoch   :   27706610
minute of day   :   1010
minute of hour   :   50
hour of day   :   16
[2022-09-05 18:50:37.876] [main] [info] Checking timestamp.txt...
[2022-09-05 18:50:37.876] [main] [debug] The timestamp.txt is always written when watering is triggered. It is read to check if I was already done with watering some minutes ago.
previous time_stamp:   27705718
[2022-09-05 18:50:37.876] [main] [info] Checking timestamp.txt   ...DONE!
%%%%%%%%%%     [4] Run the executable   ...DONE!
elapsed time:   1s
=====================================================================================================
