=====================================================================================================
%%%%%%%%%%     [6] Uploading logs and go sleeping...
> sudo -u mayadm git checkout artifacts
Zu Zweig »artifacts« gewechselt
Ihr Branch ist auf demselben Stand wie 'origin/artifacts'.
> sudo -u mayadm git pull
Bereits aktuell.
> sudo -u mayadm git merge maya-productive
Bereits aktuell.
> sudo -u mayadm git add "../artifacts/logs/6040-*.log" -f
> sudo -u mayadm git add "../artifacts/logs/6039-*.log" -f
> sudo -u mayadm git commit -m "logs at 2022-09-05--22h21"
[artifacts a8e300cd] logs at 2022-09-05--22h21
 6 files changed, 262 insertions(+)
 create mode 100644 maya/artifacts/logs/6039--2022-09-05--21h39---6.log
 create mode 100644 maya/artifacts/logs/6040--2022-09-05--22h21---1.log
 create mode 100644 maya/artifacts/logs/6040--2022-09-05--22h21---2.log
 create mode 100644 maya/artifacts/logs/6040--2022-09-05--22h21---3.log
 create mode 100644 maya/artifacts/logs/6040--2022-09-05--22h21---4.log
 create mode 100644 maya/artifacts/logs/6040--2022-09-05--22h21---5.log
> sudo -u mayadm git push
To https://github.com/Necktschnagge/wired-watering
   a254afdc..a8e300cd  artifacts -> artifacts
> sudo -u mayadm git checkout maya-productive
Zu Zweig »maya-productive« gewechselt
Ihr Branch ist auf demselben Stand wie 'origin/maya-productive'.
> sudo -u mayadm git push
Everything up-to-date
##############################################################
###################                        ###################
###################     GOING TO SLEEP     ###################
###################                        ###################
##############################################################
#######                                                #######
#######   Press CTRL + C NOW to abort script safely!   #######
#######                                                #######
##############################################################
##############################################################
#######                                                #######
#######               NOW GOING TO SLEEP               #######
#######                                                #######
##############################################################
> rtcwake -m mem -s 2400
rtcwake: RTC wird als UTC interpretiert …
rtcwake: aufwachen von „mem“ durch /dev/rtc0 bei Mon Sep  5 21:03:35 2022
##############################################################
#######                                                #######
#######            just waked up from sleep            #######
#######                                                #######
##############################################################
%%%%%%%%%%     [6] Uploading logs and go sleeping   ...DONE!
elapsed time:   2425s
=====================================================================================================
