=====================================================================================================
%%%%%%%%%%     [4] Run the executable...
>Please note:  Even if all builds failed, the last built executable is still there and will be started!
> sudo -u mayadm ./ur-unix-run.sh
[2022-09-07 08:23:50.733] [main] [info] Pinging Pump Server Mayson...
[2022-09-07 08:23:51.823] [main] [info] Pinging Pump Server Mayson   ...DONE!
[2022-09-07 08:23:51.823] [main] [info] Pinging all valve stations...
[2022-09-07 08:23:53.132] [main] [info] Pinging all valve stations   ...DONE!
[2022-09-07 08:23:53.132] [main] [info] Fetching timestamp...
std::chrono::system_clock::now().time_since_epoch()   :   1662531833132774276
get_seconds_since_epoch(bool verbose /* true */)   :   1662531833
minutes since epoch   :   27708863
minute of day   :   383
minute of hour   :   23
hour of day   :   6
[2022-09-07 08:23:53.132] [main] [info] Checking timestamp.txt...
[2022-09-07 08:23:53.132] [main] [debug] The timestamp.txt is always written when watering is triggered. It is read to check if I was already done with watering some minutes ago.
previous time_stamp:   27708608
[2022-09-07 08:23:53.132] [main] [info] Checking timestamp.txt   ...DONE!
%%%%%%%%%%     [4] Run the executable   ...DONE!
elapsed time:   3s
=====================================================================================================
