=====================================================================================================
%%%%%%%%%%     [4] Run the executable...
>Please note:  Even if all builds failed, the last built executable is still there and will be started!
> sudo -u mayadm ./ur-unix-run.sh
[2022-09-07 17:36:44.699] [main] [info] Pinging Pump Server Mayson...
[2022-09-07 17:36:44.797] [main] [info] Pinging Pump Server Mayson   ...DONE!
[2022-09-07 17:36:44.797] [main] [info] Pinging all valve stations...
[2022-09-07 17:36:45.105] [main] [info] Pinging all valve stations   ...DONE!
[2022-09-07 17:36:45.105] [main] [info] Fetching timestamp...
std::chrono::system_clock::now().time_since_epoch()   :   1662565005105370327
get_seconds_since_epoch(bool verbose /* true */)   :   1662565005
minutes since epoch   :   27709416
minute of day   :   936
minute of hour   :   36
hour of day   :   15
[2022-09-07 17:36:45.105] [main] [info] Checking timestamp.txt...
[2022-09-07 17:36:45.105] [main] [debug] The timestamp.txt is always written when watering is triggered. It is read to check if I was already done with watering some minutes ago.
previous time_stamp:   27708608
[2022-09-07 17:36:45.105] [main] [info] Checking timestamp.txt   ...DONE!
%%%%%%%%%%     [4] Run the executable   ...DONE!
elapsed time:   1s
=====================================================================================================
