=====================================================================================================
%%%%%%%%%%     [6] Uploading logs and go sleeping...
> sudo -u mayadm git checkout artifacts
Zu Zweig »artifacts« gewechselt
Ihr Branch ist auf demselben Stand wie 'origin/artifacts'.
> sudo -u mayadm git pull
Bereits aktuell.
> sudo -u mayadm git merge maya-productive
Bereits aktuell.
> sudo -u mayadm git add "../artifacts/logs/6121-*.log" -f
> sudo -u mayadm git add "../artifacts/logs/6120-*.log" -f
> sudo -u mayadm git commit -m "logs at 2022-09-08--07h46"
[artifacts 33b8ef37] logs at 2022-09-08--07h46
 6 files changed, 262 insertions(+)
 create mode 100644 maya/artifacts/logs/6120--2022-09-08--07h03---6.log
 create mode 100644 maya/artifacts/logs/6121--2022-09-08--07h46---1.log
 create mode 100644 maya/artifacts/logs/6121--2022-09-08--07h46---2.log
 create mode 100644 maya/artifacts/logs/6121--2022-09-08--07h46---3.log
 create mode 100644 maya/artifacts/logs/6121--2022-09-08--07h46---4.log
 create mode 100644 maya/artifacts/logs/6121--2022-09-08--07h46---5.log
> sudo -u mayadm git push
To https://github.com/Necktschnagge/wired-watering
   356216bd..33b8ef37  artifacts -> artifacts
> sudo -u mayadm git checkout maya-productive
Zu Zweig »maya-productive« gewechselt
Ihr Branch ist auf demselben Stand wie 'origin/maya-productive'.
> sudo -u mayadm git push
Everything up-to-date
##############################################################
###################                        ###################
###################     GOING TO SLEEP     ###################
###################                        ###################
##############################################################
#######                                                #######
#######   Press CTRL + C NOW to abort script safely!   #######
#######                                                #######
##############################################################
##############################################################
#######                                                #######
#######               NOW GOING TO SLEEP               #######
#######                                                #######
##############################################################
> rtcwake -m mem -s 2400
rtcwake: RTC wird als UTC interpretiert …
rtcwake: aufwachen von „mem“ durch /dev/rtc0 bei Thu Sep  8 06:28:31 2022
##############################################################
#######                                                #######
#######            just waked up from sleep            #######
#######                                                #######
##############################################################
%%%%%%%%%%     [6] Uploading logs and go sleeping   ...DONE!
elapsed time:   2426s
=====================================================================================================
