=====================================================================================================
%%%%%%%%%%     [4] Run the executable...
>Please note:  Even if all builds failed, the last built executable is still there and will be started!
> sudo -u mayadm ./ur-unix-run.sh
[2022-09-09 07:59:09.087] [main] [info] Pinging Pump Server Mayson...
[2022-09-09 07:59:09.312] [main] [info] Pinging Pump Server Mayson   ...DONE!
[2022-09-09 07:59:09.313] [main] [info] Pinging all valve stations...
[2022-09-09 07:59:18.536] [main] [info] Pinging all valve stations   ...DONE!
[2022-09-09 07:59:18.536] [main] [info] Fetching timestamp...
std::chrono::system_clock::now().time_since_epoch()   :   1662703158536195575
get_seconds_since_epoch(bool verbose /* true */)   :   1662703158
minutes since epoch   :   27711719
minute of day   :   359
minute of hour   :   59
hour of day   :   5
[2022-09-09 07:59:18.536] [main] [info] Checking timestamp.txt...
[2022-09-09 07:59:18.536] [main] [debug] The timestamp.txt is always written when watering is triggered. It is read to check if I was already done with watering some minutes ago.
previous time_stamp:   27711462
[2022-09-09 07:59:18.536] [main] [info] Checking timestamp.txt   ...DONE!
%%%%%%%%%%     [4] Run the executable   ...DONE!
elapsed time:   9s
=====================================================================================================
