=====================================================================================================
%%%%%%%%%%     [4] Run the executable...
>Please note:  Even if all builds failed, the last built executable is still there and will be started!
> sudo -u mayadm ./ur-unix-run.sh
[2022-09-09 13:40:44.381] [main] [info] Pinging Pump Server Mayson...
[2022-09-09 13:40:44.469] [main] [info] Pinging Pump Server Mayson   ...DONE!
[2022-09-09 13:40:44.469] [main] [info] Pinging all valve stations...
[2022-09-09 13:40:53.669] [main] [info] Pinging all valve stations   ...DONE!
[2022-09-09 13:40:53.669] [main] [info] Fetching timestamp...
std::chrono::system_clock::now().time_since_epoch()   :   1662723653669618420
get_seconds_since_epoch(bool verbose /* true */)   :   1662723653
minutes since epoch   :   27712060
minute of day   :   700
minute of hour   :   40
hour of day   :   11
[2022-09-09 13:40:53.669] [main] [info] Checking timestamp.txt...
[2022-09-09 13:40:53.669] [main] [debug] The timestamp.txt is always written when watering is triggered. It is read to check if I was already done with watering some minutes ago.
previous time_stamp:   27711462
[2022-09-09 13:40:53.669] [main] [info] Checking timestamp.txt   ...DONE!
%%%%%%%%%%     [4] Run the executable   ...DONE!
elapsed time:   9s
=====================================================================================================
