=====================================================================================================
%%%%%%%%%%     [4] Run the executable...
>Please note:  Even if all builds failed, the last built executable is still there and will be started!
> sudo -u mayadm ./ur-unix-run.sh
[2022-09-11 04:08:47.591] [main] [info] Pinging Pump Server Mayson...
[2022-09-11 04:08:47.694] [main] [info] Pinging Pump Server Mayson   ...DONE!
[2022-09-11 04:08:47.694] [main] [info] Pinging all valve stations...
[2022-09-11 04:08:56.894] [main] [info] Pinging all valve stations   ...DONE!
[2022-09-11 04:08:56.894] [main] [info] Fetching timestamp...
std::chrono::system_clock::now().time_since_epoch()   :   1662862136894875351
get_seconds_since_epoch(bool verbose /* true */)   :   1662862136
minutes since epoch   :   27714368
minute of day   :   128
minute of hour   :   8
hour of day   :   2
[2022-09-11 04:08:56.894] [main] [info] Checking timestamp.txt...
[2022-09-11 04:08:56.894] [main] [debug] The timestamp.txt is always written when watering is triggered. It is read to check if I was already done with watering some minutes ago.
previous time_stamp:   27712916
[2022-09-11 04:08:56.895] [main] [info] Checking timestamp.txt   ...DONE!
Wrote to timestamp.txt
%%%%%%%%%%     [4] Run the executable   ...DONE!
elapsed time:   9s
=====================================================================================================
