=====================================================================================================
%%%%%%%%%%     [4] Run the executable...
>Please note:  Even if all builds failed, the last built executable is still there and will be started!
> sudo -u mayadm ./ur-unix-run.sh
[2022-09-11 04:51:32.932] [main] [info] Pinging Pump Server Mayson...
[2022-09-11 04:51:33.046] [main] [info] Pinging Pump Server Mayson   ...DONE!
[2022-09-11 04:51:33.046] [main] [info] Pinging all valve stations...
[2022-09-11 04:51:42.274] [main] [info] Pinging all valve stations   ...DONE!
[2022-09-11 04:51:42.274] [main] [info] Fetching timestamp...
std::chrono::system_clock::now().time_since_epoch()   :   1662864702274567719
get_seconds_since_epoch(bool verbose /* true */)   :   1662864702
minutes since epoch   :   27714411
minute of day   :   171
minute of hour   :   51
hour of day   :   2
[2022-09-11 04:51:42.274] [main] [info] Checking timestamp.txt...
[2022-09-11 04:51:42.274] [main] [debug] The timestamp.txt is always written when watering is triggered. It is read to check if I was already done with watering some minutes ago.
previous time_stamp:   27714368
[2022-09-11 04:51:42.274] [main] [info] Checking timestamp.txt   ...DONE!
%%%%%%%%%%     [4] Run the executable   ...DONE!
elapsed time:   10s
=====================================================================================================
