=====================================================================================================
%%%%%%%%%%     [4] Run the executable...
>Please note:  Even if all builds failed, the last built executable is still there and will be started!
> sudo -u mayadm ./ur-unix-run.sh
[2022-09-11 19:50:51.188] [main] [info] Pinging Pump Server Mayson...
[2022-09-11 19:50:51.266] [main] [info] Pinging Pump Server Mayson   ...DONE!
[2022-09-11 19:50:51.266] [main] [info] Pinging all valve stations...
[2022-09-11 19:51:00.490] [main] [info] Pinging all valve stations   ...DONE!
[2022-09-11 19:51:00.490] [main] [info] Fetching timestamp...
std::chrono::system_clock::now().time_since_epoch()   :   1662918660490998490
get_seconds_since_epoch(bool verbose /* true */)   :   1662918660
minutes since epoch   :   27715311
minute of day   :   1071
minute of hour   :   51
hour of day   :   17
[2022-09-11 19:51:00.491] [main] [info] Checking timestamp.txt...
[2022-09-11 19:51:00.491] [main] [debug] The timestamp.txt is always written when watering is triggered. It is read to check if I was already done with watering some minutes ago.
previous time_stamp:   27714368
[2022-09-11 19:51:00.491] [main] [info] Checking timestamp.txt   ...DONE!
%%%%%%%%%%     [4] Run the executable   ...DONE!
elapsed time:   9s
=====================================================================================================
