=====================================================================================================
%%%%%%%%%%     [4] Run the executable...
>Please note:  Even if all builds failed, the last built executable is still there and will be started!
> sudo -u mayadm ./ur-unix-run.sh
[2022-09-13 03:18:35.171] [main] [info] Pinging Pump Server Mayson...
[2022-09-13 03:18:35.308] [main] [info] Pinging Pump Server Mayson   ...DONE!
[2022-09-13 03:18:35.308] [main] [info] Pinging all valve stations...
[2022-09-13 03:18:44.527] [main] [info] Pinging all valve stations   ...DONE!
[2022-09-13 03:18:44.527] [main] [info] Fetching timestamp...
std::chrono::system_clock::now().time_since_epoch()   :   1663031924527158391
get_seconds_since_epoch(bool verbose /* true */)   :   1663031924
minutes since epoch   :   27717198
minute of day   :   78
minute of hour   :   18
hour of day   :   1
[2022-09-13 03:18:44.527] [main] [info] Checking timestamp.txt...
[2022-09-13 03:18:44.527] [main] [debug] The timestamp.txt is always written when watering is triggered. It is read to check if I was already done with watering some minutes ago.
previous time_stamp:   27715782
[2022-09-13 03:18:44.527] [main] [info] Checking timestamp.txt   ...DONE!
%%%%%%%%%%     [4] Run the executable   ...DONE!
elapsed time:   9s
=====================================================================================================
