=====================================================================================================
%%%%%%%%%%     [6] Uploading logs and go sleeping...
> sudo -u mayadm git checkout artifacts
Zu Zweig »artifacts« gewechselt
Ihr Branch ist auf demselben Stand wie 'origin/artifacts'.
> sudo -u mayadm git pull
Bereits aktuell.
> sudo -u mayadm git merge maya-productive
Bereits aktuell.
> sudo -u mayadm git add "../artifacts/logs/6284-*.log" -f
> sudo -u mayadm git add "../artifacts/logs/6283-*.log" -f
> sudo -u mayadm git commit -m "logs at 2022-09-13--04h00"
[artifacts 3612a2d0] logs at 2022-09-13--04h00
 6 files changed, 264 insertions(+)
 create mode 100644 maya/artifacts/logs/6283--2022-09-13--03h16---6.log
 create mode 100644 maya/artifacts/logs/6284--2022-09-13--04h00---1.log
 create mode 100644 maya/artifacts/logs/6284--2022-09-13--04h00---2.log
 create mode 100644 maya/artifacts/logs/6284--2022-09-13--04h00---3.log
 create mode 100644 maya/artifacts/logs/6284--2022-09-13--04h00---4.log
 create mode 100644 maya/artifacts/logs/6284--2022-09-13--04h00---5.log
> sudo -u mayadm git push
To https://github.com/Necktschnagge/wired-watering
   84eca986..3612a2d0  artifacts -> artifacts
> sudo -u mayadm git checkout maya-productive
Zu Zweig »maya-productive« gewechselt
Ihr Branch ist auf demselben Stand wie 'origin/maya-productive'.
> sudo -u mayadm git push
Everything up-to-date
##############################################################
###################                        ###################
###################     GOING TO SLEEP     ###################
###################                        ###################
##############################################################
#######                                                #######
#######   Press CTRL + C NOW to abort script safely!   #######
#######                                                #######
##############################################################
##############################################################
#######                                                #######
#######               NOW GOING TO SLEEP               #######
#######                                                #######
##############################################################
> rtcwake -m mem -s 2400
rtcwake: RTC wird als UTC interpretiert …
rtcwake: aufwachen von „mem“ durch /dev/rtc0 bei Tue Sep 13 02:42:29 2022
##############################################################
#######                                                #######
#######            just waked up from sleep            #######
#######                                                #######
##############################################################
%%%%%%%%%%     [6] Uploading logs and go sleeping   ...DONE!
elapsed time:   2425s
=====================================================================================================
