=====================================================================================================
%%%%%%%%%%     [4] Run the executable...
>Please note:  Even if all builds failed, the last built executable is still there and will be started!
> sudo -u mayadm ./ur-unix-run.sh
[2022-09-14 12:52:36.862] [main] [info] Pinging Pump Server Mayson...
[2022-09-14 12:52:36.888] [main] [info] Pinging Pump Server Mayson   ...DONE!
[2022-09-14 12:52:36.888] [main] [info] Pinging all valve stations...
[2022-09-14 12:52:46.084] [main] [info] Pinging all valve stations   ...DONE!
[2022-09-14 12:52:46.084] [main] [info] Fetching timestamp...
std::chrono::system_clock::now().time_since_epoch()   :   1663152766084557448
get_seconds_since_epoch(bool verbose /* true */)   :   1663152766
minutes since epoch   :   27719212
minute of day   :   652
minute of hour   :   52
hour of day   :   10
[2022-09-14 12:52:46.084] [main] [info] Checking timestamp.txt...
[2022-09-14 12:52:46.084] [main] [debug] The timestamp.txt is always written when watering is triggered. It is read to check if I was already done with watering some minutes ago.
previous time_stamp:   27718655
[2022-09-14 12:52:46.084] [main] [info] Checking timestamp.txt   ...DONE!
%%%%%%%%%%     [4] Run the executable   ...DONE!
elapsed time:   10s
=====================================================================================================
