=====================================================================================================
%%%%%%%%%%     [6] Uploading logs and go sleeping...
> sudo -u mayadm git checkout artifacts
Zu Zweig »artifacts« gewechselt
Ihr Branch ist auf demselben Stand wie 'origin/artifacts'.
> sudo -u mayadm git pull
Bereits aktuell.
> sudo -u mayadm git merge maya-productive
Bereits aktuell.
> sudo -u mayadm git add "../artifacts/logs/6333-*.log" -f
> sudo -u mayadm git add "../artifacts/logs/6332-*.log" -f
> sudo -u mayadm git commit -m "logs at 2022-09-14--14h59"
[artifacts 6d0e2d4f] logs at 2022-09-14--14h59
 6 files changed, 263 insertions(+)
 create mode 100644 maya/artifacts/logs/6332--2022-09-14--14h16---6.log
 create mode 100644 maya/artifacts/logs/6333--2022-09-14--14h59---1.log
 create mode 100644 maya/artifacts/logs/6333--2022-09-14--14h59---2.log
 create mode 100644 maya/artifacts/logs/6333--2022-09-14--14h59---3.log
 create mode 100644 maya/artifacts/logs/6333--2022-09-14--14h59---4.log
 create mode 100644 maya/artifacts/logs/6333--2022-09-14--14h59---5.log
> sudo -u mayadm git push
To https://github.com/Necktschnagge/wired-watering
   51163dc0..6d0e2d4f  artifacts -> artifacts
> sudo -u mayadm git checkout maya-productive
Zu Zweig »maya-productive« gewechselt
Ihr Branch ist auf demselben Stand wie 'origin/maya-productive'.
> sudo -u mayadm git push
Everything up-to-date
##############################################################
###################                        ###################
###################     GOING TO SLEEP     ###################
###################                        ###################
##############################################################
#######                                                #######
#######   Press CTRL + C NOW to abort script safely!   #######
#######                                                #######
##############################################################
##############################################################
#######                                                #######
#######               NOW GOING TO SLEEP               #######
#######                                                #######
##############################################################
> rtcwake -m mem -s 2400
rtcwake: RTC wird als UTC interpretiert …
rtcwake: aufwachen von „mem“ durch /dev/rtc0 bei Wed Sep 14 13:42:02 2022
##############################################################
#######                                                #######
#######            just waked up from sleep            #######
#######                                                #######
##############################################################
%%%%%%%%%%     [6] Uploading logs and go sleeping   ...DONE!
elapsed time:   2435s
=====================================================================================================
