=====================================================================================================
%%%%%%%%%%     [4] Run the executable...
>Please note:  Even if all builds failed, the last built executable is still there and will be started!
> sudo -u mayadm ./ur-unix-run.sh
[2022-09-15 16:02:34.452] [main] [info] Pinging Pump Server Mayson...
[2022-09-15 16:02:34.562] [main] [info] Pinging Pump Server Mayson   ...DONE!
[2022-09-15 16:02:34.562] [main] [info] Pinging all valve stations...
[2022-09-15 16:02:43.780] [main] [info] Pinging all valve stations   ...DONE!
[2022-09-15 16:02:43.780] [main] [info] Fetching timestamp...
std::chrono::system_clock::now().time_since_epoch()   :   1663250563780037860
get_seconds_since_epoch(bool verbose /* true */)   :   1663250563
minutes since epoch   :   27720842
minute of day   :   842
minute of hour   :   2
hour of day   :   14
[2022-09-15 16:02:43.780] [main] [info] Checking timestamp.txt...
[2022-09-15 16:02:43.780] [main] [debug] The timestamp.txt is always written when watering is triggered. It is read to check if I was already done with watering some minutes ago.
previous time_stamp:   27720113
[2022-09-15 16:02:43.780] [main] [info] Checking timestamp.txt   ...DONE!
%%%%%%%%%%     [4] Run the executable   ...DONE!
elapsed time:   9s
=====================================================================================================
