=====================================================================================================
%%%%%%%%%%     [4] Run the executable...
>Please note:  Even if all builds failed, the last built executable is still there and will be started!
> sudo -u mayadm ./ur-unix-run.sh
[2022-09-16 07:04:37.631] [main] [info] Pinging Pump Server Mayson...
[2022-09-16 07:04:37.754] [main] [info] Pinging Pump Server Mayson   ...DONE!
[2022-09-16 07:04:37.754] [main] [info] Pinging all valve stations...
[2022-09-16 07:04:46.976] [main] [info] Pinging all valve stations   ...DONE!
[2022-09-16 07:04:46.976] [main] [info] Fetching timestamp...
std::chrono::system_clock::now().time_since_epoch()   :   1663304686976053553
get_seconds_since_epoch(bool verbose /* true */)   :   1663304686
minutes since epoch   :   27721744
minute of day   :   304
minute of hour   :   4
hour of day   :   5
[2022-09-16 07:04:46.976] [main] [info] Checking timestamp.txt...
[2022-09-16 07:04:46.976] [main] [debug] The timestamp.txt is always written when watering is triggered. It is read to check if I was already done with watering some minutes ago.
previous time_stamp:   27721573
[2022-09-16 07:04:46.976] [main] [info] Checking timestamp.txt   ...DONE!
%%%%%%%%%%     [4] Run the executable   ...DONE!
elapsed time:   9s
=====================================================================================================
