=====================================================================================================
%%%%%%%%%%     [6] Uploading logs and go sleeping...
> sudo -u mayadm git checkout artifacts
Zu Zweig »artifacts« gewechselt
Ihr Branch ist auf demselben Stand wie 'origin/artifacts'.
> sudo -u mayadm git pull
Bereits aktuell.
> sudo -u mayadm git merge maya-productive
Bereits aktuell.
> sudo -u mayadm git add "../artifacts/logs/6390-*.log" -f
> sudo -u mayadm git add "../artifacts/logs/6389-*.log" -f
> sudo -u mayadm git commit -m "logs at 2022-09-16--07h45"
[artifacts 728573ce] logs at 2022-09-16--07h45
 6 files changed, 263 insertions(+)
 create mode 100644 maya/artifacts/logs/6389--2022-09-16--07h02---6.log
 create mode 100644 maya/artifacts/logs/6390--2022-09-16--07h45---1.log
 create mode 100644 maya/artifacts/logs/6390--2022-09-16--07h45---2.log
 create mode 100644 maya/artifacts/logs/6390--2022-09-16--07h45---3.log
 create mode 100644 maya/artifacts/logs/6390--2022-09-16--07h45---4.log
 create mode 100644 maya/artifacts/logs/6390--2022-09-16--07h45---5.log
> sudo -u mayadm git push
To https://github.com/Necktschnagge/wired-watering
   ba9cf527..728573ce  artifacts -> artifacts
> sudo -u mayadm git checkout maya-productive
Zu Zweig »maya-productive« gewechselt
Ihr Branch ist auf demselben Stand wie 'origin/maya-productive'.
> sudo -u mayadm git push
Everything up-to-date
##############################################################
###################                        ###################
###################     GOING TO SLEEP     ###################
###################                        ###################
##############################################################
#######                                                #######
#######   Press CTRL + C NOW to abort script safely!   #######
#######                                                #######
##############################################################
##############################################################
#######                                                #######
#######               NOW GOING TO SLEEP               #######
#######                                                #######
##############################################################
> rtcwake -m mem -s 2400
rtcwake: RTC wird als UTC interpretiert …
rtcwake: aufwachen von „mem“ durch /dev/rtc0 bei Fri Sep 16 06:27:57 2022
##############################################################
#######                                                #######
#######            just waked up from sleep            #######
#######                                                #######
##############################################################
%%%%%%%%%%     [6] Uploading logs and go sleeping   ...DONE!
elapsed time:   2425s
=====================================================================================================
