=====================================================================================================
%%%%%%%%%%     [6] Uploading logs and go sleeping...
> sudo -u mayadm git checkout artifacts
Zu Zweig »artifacts« gewechselt
Ihr Branch ist auf demselben Stand wie 'origin/artifacts'.
> sudo -u mayadm git pull
Bereits aktuell.
> sudo -u mayadm git merge maya-productive
Bereits aktuell.
> sudo -u mayadm git add "../artifacts/logs/6434-*.log" -f
> sudo -u mayadm git add "../artifacts/logs/6433-*.log" -f
> sudo -u mayadm git commit -m "logs at 2022-09-17--15h15"
[artifacts f6aeb1fc] logs at 2022-09-17--15h15
 6 files changed, 265 insertions(+)
 create mode 100644 maya/artifacts/logs/6433--2022-09-17--14h32---6.log
 create mode 100644 maya/artifacts/logs/6434--2022-09-17--15h15---1.log
 create mode 100644 maya/artifacts/logs/6434--2022-09-17--15h15---2.log
 create mode 100644 maya/artifacts/logs/6434--2022-09-17--15h15---3.log
 create mode 100644 maya/artifacts/logs/6434--2022-09-17--15h15---4.log
 create mode 100644 maya/artifacts/logs/6434--2022-09-17--15h15---5.log
> sudo -u mayadm git push
To https://github.com/Necktschnagge/wired-watering
   d7d79b3a..f6aeb1fc  artifacts -> artifacts
> sudo -u mayadm git checkout maya-productive
Zu Zweig »maya-productive« gewechselt
Ihr Branch ist auf demselben Stand wie 'origin/maya-productive'.
> sudo -u mayadm git push
Everything up-to-date
##############################################################
###################                        ###################
###################     GOING TO SLEEP     ###################
###################                        ###################
##############################################################
#######                                                #######
#######   Press CTRL + C NOW to abort script safely!   #######
#######                                                #######
##############################################################
##############################################################
#######                                                #######
#######               NOW GOING TO SLEEP               #######
#######                                                #######
##############################################################
> rtcwake -m mem -s 2400
rtcwake: RTC wird als UTC interpretiert …
rtcwake: aufwachen von „mem“ durch /dev/rtc0 bei Sat Sep 17 13:57:41 2022
##############################################################
#######                                                #######
#######            just waked up from sleep            #######
#######                                                #######
##############################################################
%%%%%%%%%%     [6] Uploading logs and go sleeping   ...DONE!
elapsed time:   2426s
=====================================================================================================
