=====================================================================================================
%%%%%%%%%%     [4] Run the executable...
>Please note:  Even if all builds failed, the last built executable is still there and will be started!
> sudo -u mayadm ./ur-unix-run.sh
[2022-09-18 09:55:07.588] [main] [info] Pinging Pump Server Mayson...
[2022-09-18 09:55:07.627] [main] [info] Pinging Pump Server Mayson   ...DONE!
[2022-09-18 09:55:07.627] [main] [info] Pinging all valve stations...
[2022-09-18 09:55:16.837] [main] [info] Pinging all valve stations   ...DONE!
[2022-09-18 09:55:16.837] [main] [info] Fetching timestamp...
std::chrono::system_clock::now().time_since_epoch()   :   1663487716837706134
get_seconds_since_epoch(bool verbose /* true */)   :   1663487716
minutes since epoch   :   27724795
minute of day   :   475
minute of hour   :   55
hour of day   :   7
[2022-09-18 09:55:16.837] [main] [info] Checking timestamp.txt...
[2022-09-18 09:55:16.837] [main] [debug] The timestamp.txt is always written when watering is triggered. It is read to check if I was already done with watering some minutes ago.
previous time_stamp:   27724450
[2022-09-18 09:55:16.837] [main] [info] Checking timestamp.txt   ...DONE!
%%%%%%%%%%     [4] Run the executable   ...DONE!
elapsed time:   9s
=====================================================================================================
