=====================================================================================================
%%%%%%%%%%     [4] Run the executable...
>Please note:  Even if all builds failed, the last built executable is still there and will be started!
> sudo -u mayadm ./ur-unix-run.sh
[2022-09-18 12:47:29.586] [main] [info] Pinging Pump Server Mayson...
[2022-09-18 12:47:29.634] [main] [info] Pinging Pump Server Mayson   ...DONE!
[2022-09-18 12:47:29.634] [main] [info] Pinging all valve stations...
[2022-09-18 12:47:38.836] [main] [info] Pinging all valve stations   ...DONE!
[2022-09-18 12:47:38.836] [main] [info] Fetching timestamp...
std::chrono::system_clock::now().time_since_epoch()   :   1663498058836087035
get_seconds_since_epoch(bool verbose /* true */)   :   1663498058
minutes since epoch   :   27724967
minute of day   :   647
minute of hour   :   47
hour of day   :   10
[2022-09-18 12:47:38.836] [main] [info] Checking timestamp.txt...
[2022-09-18 12:47:38.836] [main] [debug] The timestamp.txt is always written when watering is triggered. It is read to check if I was already done with watering some minutes ago.
previous time_stamp:   27724450
[2022-09-18 12:47:38.836] [main] [info] Checking timestamp.txt   ...DONE!
%%%%%%%%%%     [4] Run the executable   ...DONE!
elapsed time:   9s
=====================================================================================================
