=====================================================================================================
%%%%%%%%%%     [4] Run the executable...
>Please note:  Even if all builds failed, the last built executable is still there and will be started!
> sudo -u mayadm ./ur-unix-run.sh
[2022-09-18 15:39:24.067] [main] [info] Pinging Pump Server Mayson...
[2022-09-18 15:39:24.108] [main] [info] Pinging Pump Server Mayson   ...DONE!
[2022-09-18 15:39:24.108] [main] [info] Pinging all valve stations...
[2022-09-18 15:39:33.330] [main] [info] Pinging all valve stations   ...DONE!
[2022-09-18 15:39:33.330] [main] [info] Fetching timestamp...
std::chrono::system_clock::now().time_since_epoch()   :   1663508373330086677
get_seconds_since_epoch(bool verbose /* true */)   :   1663508373
minutes since epoch   :   27725139
minute of day   :   819
minute of hour   :   39
hour of day   :   13
[2022-09-18 15:39:33.330] [main] [info] Checking timestamp.txt...
[2022-09-18 15:39:33.330] [main] [debug] The timestamp.txt is always written when watering is triggered. It is read to check if I was already done with watering some minutes ago.
previous time_stamp:   27724450
[2022-09-18 15:39:33.330] [main] [info] Checking timestamp.txt   ...DONE!
%%%%%%%%%%     [4] Run the executable   ...DONE!
elapsed time:   9s
=====================================================================================================
