=====================================================================================================
%%%%%%%%%%     [4] Run the executable...
>Please note:  Even if all builds failed, the last built executable is still there and will be started!
> sudo -u mayadm ./ur-unix-run.sh
[2022-09-18 21:23:56.704] [main] [info] Pinging Pump Server Mayson...
[2022-09-18 21:23:56.809] [main] [info] Pinging Pump Server Mayson   ...DONE!
[2022-09-18 21:23:56.809] [main] [info] Pinging all valve stations...
[2022-09-18 21:24:06.015] [main] [info] Pinging all valve stations   ...DONE!
[2022-09-18 21:24:06.015] [main] [info] Fetching timestamp...
std::chrono::system_clock::now().time_since_epoch()   :   1663529046015433465
get_seconds_since_epoch(bool verbose /* true */)   :   1663529046
minutes since epoch   :   27725484
minute of day   :   1164
minute of hour   :   24
hour of day   :   19
[2022-09-18 21:24:06.015] [main] [info] Checking timestamp.txt...
[2022-09-18 21:24:06.015] [main] [debug] The timestamp.txt is always written when watering is triggered. It is read to check if I was already done with watering some minutes ago.
previous time_stamp:   27724450
[2022-09-18 21:24:06.015] [main] [info] Checking timestamp.txt   ...DONE!
%%%%%%%%%%     [4] Run the executable   ...DONE!
elapsed time:   10s
=====================================================================================================
