=====================================================================================================
%%%%%%%%%%     [6] Uploading logs and go sleeping...
> sudo -u mayadm git checkout artifacts
Zu Zweig »artifacts« gewechselt
Ihr Branch ist auf demselben Stand wie 'origin/artifacts'.
> sudo -u mayadm git pull
Bereits aktuell.
> sudo -u mayadm git merge maya-productive
Bereits aktuell.
> sudo -u mayadm git add "../artifacts/logs/6483-*.log" -f
> sudo -u mayadm git add "../artifacts/logs/6482-*.log" -f
> sudo -u mayadm git commit -m "logs at 2022-09-19--02h23"
[artifacts 6e2d05dd] logs at 2022-09-19--02h23
 6 files changed, 263 insertions(+)
 create mode 100644 maya/artifacts/logs/6482--2022-09-19--01h40---6.log
 create mode 100644 maya/artifacts/logs/6483--2022-09-19--02h23---1.log
 create mode 100644 maya/artifacts/logs/6483--2022-09-19--02h23---2.log
 create mode 100644 maya/artifacts/logs/6483--2022-09-19--02h23---3.log
 create mode 100644 maya/artifacts/logs/6483--2022-09-19--02h23---4.log
 create mode 100644 maya/artifacts/logs/6483--2022-09-19--02h23---5.log
> sudo -u mayadm git push
To https://github.com/Necktschnagge/wired-watering
   1d328dbd..6e2d05dd  artifacts -> artifacts
> sudo -u mayadm git checkout maya-productive
Zu Zweig »maya-productive« gewechselt
Ihr Branch ist auf demselben Stand wie 'origin/maya-productive'.
> sudo -u mayadm git push
Everything up-to-date
##############################################################
###################                        ###################
###################     GOING TO SLEEP     ###################
###################                        ###################
##############################################################
#######                                                #######
#######   Press CTRL + C NOW to abort script safely!   #######
#######                                                #######
##############################################################
##############################################################
#######                                                #######
#######               NOW GOING TO SLEEP               #######
#######                                                #######
##############################################################
> rtcwake -m mem -s 2400
rtcwake: RTC wird als UTC interpretiert …
rtcwake: aufwachen von „mem“ durch /dev/rtc0 bei Mon Sep 19 01:06:05 2022
##############################################################
#######                                                #######
#######            just waked up from sleep            #######
#######                                                #######
##############################################################
%%%%%%%%%%     [6] Uploading logs and go sleeping   ...DONE!
elapsed time:   2425s
=====================================================================================================
