=====================================================================================================
%%%%%%%%%%     [6] Uploading logs and go sleeping...
> sudo -u mayadm git checkout artifacts
Zu Zweig »artifacts« gewechselt
Ihr Branch ist auf demselben Stand wie 'origin/artifacts'.
> sudo -u mayadm git pull
Bereits aktuell.
> sudo -u mayadm git merge maya-productive
Bereits aktuell.
> sudo -u mayadm git add "../artifacts/logs/6486-*.log" -f
> sudo -u mayadm git add "../artifacts/logs/6485-*.log" -f
> sudo -u mayadm git commit -m "logs at 2022-09-19--04h32"
[artifacts 30124914] logs at 2022-09-19--04h32
 6 files changed, 263 insertions(+)
 create mode 100644 maya/artifacts/logs/6485--2022-09-19--03h49---6.log
 create mode 100644 maya/artifacts/logs/6486--2022-09-19--04h32---1.log
 create mode 100644 maya/artifacts/logs/6486--2022-09-19--04h32---2.log
 create mode 100644 maya/artifacts/logs/6486--2022-09-19--04h32---3.log
 create mode 100644 maya/artifacts/logs/6486--2022-09-19--04h32---4.log
 create mode 100644 maya/artifacts/logs/6486--2022-09-19--04h32---5.log
> sudo -u mayadm git push
To https://github.com/Necktschnagge/wired-watering
   8c882413..30124914  artifacts -> artifacts
> sudo -u mayadm git checkout maya-productive
Zu Zweig »maya-productive« gewechselt
Ihr Branch ist auf demselben Stand wie 'origin/maya-productive'.
> sudo -u mayadm git push
Everything up-to-date
##############################################################
###################                        ###################
###################     GOING TO SLEEP     ###################
###################                        ###################
##############################################################
#######                                                #######
#######   Press CTRL + C NOW to abort script safely!   #######
#######                                                #######
##############################################################
##############################################################
#######                                                #######
#######               NOW GOING TO SLEEP               #######
#######                                                #######
##############################################################
> rtcwake -m mem -s 2400
rtcwake: RTC wird als UTC interpretiert …
rtcwake: aufwachen von „mem“ durch /dev/rtc0 bei Mon Sep 19 03:15:08 2022
##############################################################
#######                                                #######
#######            just waked up from sleep            #######
#######                                                #######
##############################################################
%%%%%%%%%%     [6] Uploading logs and go sleeping   ...DONE!
elapsed time:   2426s
=====================================================================================================
