=====================================================================================================
%%%%%%%%%%     [4] Run the executable...
>Please note:  Even if all builds failed, the last built executable is still there and will be started!
> sudo -u mayadm ./ur-unix-run.sh
[2022-09-19 11:02:33.046] [main] [info] Pinging Pump Server Mayson...
[2022-09-19 11:02:34.088] [main] [info] Pinging Pump Server Mayson   ...DONE!
[2022-09-19 11:02:34.088] [main] [info] Pinging all valve stations...
[2022-09-19 11:02:43.307] [main] [info] Pinging all valve stations   ...DONE!
[2022-09-19 11:02:43.307] [main] [info] Fetching timestamp...
std::chrono::system_clock::now().time_since_epoch()   :   1663578163307264269
get_seconds_since_epoch(bool verbose /* true */)   :   1663578163
minutes since epoch   :   27726302
minute of day   :   542
minute of hour   :   2
hour of day   :   9
[2022-09-19 11:02:43.307] [main] [info] Checking timestamp.txt...
[2022-09-19 11:02:43.307] [main] [debug] The timestamp.txt is always written when watering is triggered. It is read to check if I was already done with watering some minutes ago.
previous time_stamp:   27725871
[2022-09-19 11:02:43.307] [main] [info] Checking timestamp.txt   ...DONE!
%%%%%%%%%%     [4] Run the executable   ...DONE!
elapsed time:   10s
=====================================================================================================
