=====================================================================================================
%%%%%%%%%%     [6] Uploading logs and go sleeping...
> sudo -u mayadm git checkout artifacts
Zu Zweig »artifacts« gewechselt
Ihr Branch ist auf demselben Stand wie 'origin/artifacts'.
> sudo -u mayadm git pull
Bereits aktuell.
> sudo -u mayadm git merge maya-productive
Bereits aktuell.
> sudo -u mayadm git add "../artifacts/logs/6518-*.log" -f
> sudo -u mayadm git add "../artifacts/logs/6517-*.log" -f
> sudo -u mayadm git commit -m "logs at 2022-09-20--03h32"
[artifacts 92ac5fe9] logs at 2022-09-20--03h32
 6 files changed, 267 insertions(+)
 create mode 100644 maya/artifacts/logs/6517--2022-09-20--02h49---6.log
 create mode 100644 maya/artifacts/logs/6518--2022-09-20--03h32---1.log
 create mode 100644 maya/artifacts/logs/6518--2022-09-20--03h32---2.log
 create mode 100644 maya/artifacts/logs/6518--2022-09-20--03h32---3.log
 create mode 100644 maya/artifacts/logs/6518--2022-09-20--03h32---4.log
 create mode 100644 maya/artifacts/logs/6518--2022-09-20--03h32---5.log
> sudo -u mayadm git push
To https://github.com/Necktschnagge/wired-watering
   49146b7b..92ac5fe9  artifacts -> artifacts
> sudo -u mayadm git checkout maya-productive
Zu Zweig »maya-productive« gewechselt
Ihr Branch ist auf demselben Stand wie 'origin/maya-productive'.
> sudo -u mayadm git push
Everything up-to-date
##############################################################
###################                        ###################
###################     GOING TO SLEEP     ###################
###################                        ###################
##############################################################
#######                                                #######
#######   Press CTRL + C NOW to abort script safely!   #######
#######                                                #######
##############################################################
##############################################################
#######                                                #######
#######               NOW GOING TO SLEEP               #######
#######                                                #######
##############################################################
> rtcwake -m mem -s 2400
rtcwake: RTC wird als UTC interpretiert …
rtcwake: aufwachen von „mem“ durch /dev/rtc0 bei Tue Sep 20 02:15:25 2022
##############################################################
#######                                                #######
#######            just waked up from sleep            #######
#######                                                #######
##############################################################
%%%%%%%%%%     [6] Uploading logs and go sleeping   ...DONE!
elapsed time:   2426s
=====================================================================================================
