=====================================================================================================
%%%%%%%%%%     [6] Uploading logs and go sleeping...
> sudo -u mayadm git checkout artifacts
Zu Zweig »artifacts« gewechselt
Ihr Branch ist auf demselben Stand wie 'origin/artifacts'.
> sudo -u mayadm git pull
Bereits aktuell.
> sudo -u mayadm git merge maya-productive
Bereits aktuell.
> sudo -u mayadm git add "../artifacts/logs/6549-*.log" -f
> sudo -u mayadm git add "../artifacts/logs/6548-*.log" -f
> sudo -u mayadm git commit -m "logs at 2022-09-21--01h55"
[artifacts ac632f8a] logs at 2022-09-21--01h55
 6 files changed, 263 insertions(+)
 create mode 100644 maya/artifacts/logs/6548--2022-09-21--01h11---6.log
 create mode 100644 maya/artifacts/logs/6549--2022-09-21--01h55---1.log
 create mode 100644 maya/artifacts/logs/6549--2022-09-21--01h55---2.log
 create mode 100644 maya/artifacts/logs/6549--2022-09-21--01h55---3.log
 create mode 100644 maya/artifacts/logs/6549--2022-09-21--01h55---4.log
 create mode 100644 maya/artifacts/logs/6549--2022-09-21--01h55---5.log
> sudo -u mayadm git push
To https://github.com/Necktschnagge/wired-watering
   97869cfc..ac632f8a  artifacts -> artifacts
> sudo -u mayadm git checkout maya-productive
Zu Zweig »maya-productive« gewechselt
Ihr Branch ist auf demselben Stand wie 'origin/maya-productive'.
> sudo -u mayadm git push
Everything up-to-date
##############################################################
###################                        ###################
###################     GOING TO SLEEP     ###################
###################                        ###################
##############################################################
#######                                                #######
#######   Press CTRL + C NOW to abort script safely!   #######
#######                                                #######
##############################################################
##############################################################
#######                                                #######
#######               NOW GOING TO SLEEP               #######
#######                                                #######
##############################################################
> rtcwake -m mem -s 2400
rtcwake: RTC wird als UTC interpretiert …
rtcwake: aufwachen von „mem“ durch /dev/rtc0 bei Wed Sep 21 00:38:17 2022
##############################################################
#######                                                #######
#######            just waked up from sleep            #######
#######                                                #######
##############################################################
%%%%%%%%%%     [6] Uploading logs and go sleeping   ...DONE!
elapsed time:   2428s
=====================================================================================================
