=====================================================================================================
%%%%%%%%%%     [6] Uploading logs and go sleeping...
> sudo -u mayadm git checkout artifacts
Zu Zweig »artifacts« gewechselt
Ihr Branch ist auf demselben Stand wie 'origin/artifacts'.
> sudo -u mayadm git pull
Bereits aktuell.
> sudo -u mayadm git merge maya-productive
Bereits aktuell.
> sudo -u mayadm git add "../artifacts/logs/6558-*.log" -f
> sudo -u mayadm git add "../artifacts/logs/6557-*.log" -f
> sudo -u mayadm git commit -m "logs at 2022-09-21--08h25"
[artifacts 9f6c3aa7] logs at 2022-09-21--08h25
 6 files changed, 262 insertions(+)
 create mode 100644 maya/artifacts/logs/6557--2022-09-21--07h42---6.log
 create mode 100644 maya/artifacts/logs/6558--2022-09-21--08h25---1.log
 create mode 100644 maya/artifacts/logs/6558--2022-09-21--08h25---2.log
 create mode 100644 maya/artifacts/logs/6558--2022-09-21--08h25---3.log
 create mode 100644 maya/artifacts/logs/6558--2022-09-21--08h25---4.log
 create mode 100644 maya/artifacts/logs/6558--2022-09-21--08h25---5.log
> sudo -u mayadm git push
To https://github.com/Necktschnagge/wired-watering
   e6fb56ef..9f6c3aa7  artifacts -> artifacts
> sudo -u mayadm git checkout maya-productive
Zu Zweig »maya-productive« gewechselt
Ihr Branch ist auf demselben Stand wie 'origin/maya-productive'.
> sudo -u mayadm git push
Everything up-to-date
##############################################################
###################                        ###################
###################     GOING TO SLEEP     ###################
###################                        ###################
##############################################################
#######                                                #######
#######   Press CTRL + C NOW to abort script safely!   #######
#######                                                #######
##############################################################
##############################################################
#######                                                #######
#######               NOW GOING TO SLEEP               #######
#######                                                #######
##############################################################
> rtcwake -m mem -s 2400
rtcwake: RTC wird als UTC interpretiert …
rtcwake: aufwachen von „mem“ durch /dev/rtc0 bei Wed Sep 21 07:08:19 2022
##############################################################
#######                                                #######
#######            just waked up from sleep            #######
#######                                                #######
##############################################################
%%%%%%%%%%     [6] Uploading logs and go sleeping   ...DONE!
elapsed time:   2432s
=====================================================================================================
