=====================================================================================================
%%%%%%%%%%     [4] Run the executable...
>Please note:  Even if all builds failed, the last built executable is still there and will be started!
> sudo -u mayadm ./ur-unix-run.sh
[2022-09-21 20:45:07.182] [main] [info] Pinging Pump Server Mayson...
[2022-09-21 20:45:07.262] [main] [info] Pinging Pump Server Mayson   ...DONE!
[2022-09-21 20:45:07.262] [main] [info] Pinging all valve stations...
[2022-09-21 20:45:16.488] [main] [info] Pinging all valve stations   ...DONE!
[2022-09-21 20:45:16.488] [main] [info] Fetching timestamp...
std::chrono::system_clock::now().time_since_epoch()   :   1663785916488547553
get_seconds_since_epoch(bool verbose /* true */)   :   1663785916
minutes since epoch   :   27729765
minute of day   :   1125
minute of hour   :   45
hour of day   :   18
[2022-09-21 20:45:16.488] [main] [info] Checking timestamp.txt...
[2022-09-21 20:45:16.488] [main] [debug] The timestamp.txt is always written when watering is triggered. It is read to check if I was already done with watering some minutes ago.
previous time_stamp:   27728767
[2022-09-21 20:45:16.488] [main] [info] Checking timestamp.txt   ...DONE!
%%%%%%%%%%     [4] Run the executable   ...DONE!
elapsed time:   9s
=====================================================================================================
