=====================================================================================================
%%%%%%%%%%     [4] Run the executable...
>Please note:  Even if all builds failed, the last built executable is still there and will be started!
> sudo -u mayadm ./ur-unix-run.sh
[2022-09-22 02:32:16.620] [main] [info] Pinging Pump Server Mayson...
[2022-09-22 02:32:16.739] [main] [info] Pinging Pump Server Mayson   ...DONE!
[2022-09-22 02:32:16.739] [main] [info] Pinging all valve stations...
[2022-09-22 02:32:25.955] [main] [info] Pinging all valve stations   ...DONE!
[2022-09-22 02:32:25.955] [main] [info] Fetching timestamp...
std::chrono::system_clock::now().time_since_epoch()   :   1663806745955063274
get_seconds_since_epoch(bool verbose /* true */)   :   1663806745
minutes since epoch   :   27730112
minute of day   :   32
minute of hour   :   32
hour of day   :   0
[2022-09-22 02:32:25.955] [main] [info] Checking timestamp.txt...
[2022-09-22 02:32:25.955] [main] [debug] The timestamp.txt is always written when watering is triggered. It is read to check if I was already done with watering some minutes ago.
previous time_stamp:   27728767
[2022-09-22 02:32:25.955] [main] [info] Checking timestamp.txt   ...DONE!
%%%%%%%%%%     [4] Run the executable   ...DONE!
elapsed time:   9s
=====================================================================================================
