=====================================================================================================
%%%%%%%%%%     [4] Run the executable...
>Please note:  Even if all builds failed, the last built executable is still there and will be started!
> sudo -u mayadm ./ur-unix-run.sh
[2022-09-22 19:56:20.138] [main] [info] Pinging Pump Server Mayson...
[2022-09-22 19:56:20.195] [main] [info] Pinging Pump Server Mayson   ...DONE!
[2022-09-22 19:56:20.195] [main] [info] Pinging all valve stations...
[2022-09-22 19:56:29.394] [main] [info] Pinging all valve stations   ...DONE!
[2022-09-22 19:56:29.394] [main] [info] Fetching timestamp...
std::chrono::system_clock::now().time_since_epoch()   :   1663869389394926215
get_seconds_since_epoch(bool verbose /* true */)   :   1663869389
minutes since epoch   :   27731156
minute of day   :   1076
minute of hour   :   56
hour of day   :   17
[2022-09-22 19:56:29.394] [main] [info] Checking timestamp.txt...
[2022-09-22 19:56:29.395] [main] [debug] The timestamp.txt is always written when watering is triggered. It is read to check if I was already done with watering some minutes ago.
previous time_stamp:   27730199
[2022-09-22 19:56:29.395] [main] [info] Checking timestamp.txt   ...DONE!
%%%%%%%%%%     [4] Run the executable   ...DONE!
elapsed time:   9s
=====================================================================================================
