=====================================================================================================
%%%%%%%%%%     [4] Run the executable...
>Please note:  Even if all builds failed, the last built executable is still there and will be started!
> sudo -u mayadm ./ur-unix-run.sh
[2022-09-23 01:01:11.622] [main] [info] Pinging Pump Server Mayson...
[2022-09-23 01:01:12.705] [main] [info] Pinging Pump Server Mayson   ...DONE!
[2022-09-23 01:01:12.705] [main] [info] Pinging all valve stations...
[2022-09-23 01:01:21.912] [main] [info] Pinging all valve stations   ...DONE!
[2022-09-23 01:01:21.912] [main] [info] Fetching timestamp...
std::chrono::system_clock::now().time_since_epoch()   :   1663887681912892287
get_seconds_since_epoch(bool verbose /* true */)   :   1663887681
minutes since epoch   :   27731461
minute of day   :   1381
minute of hour   :   1
hour of day   :   23
[2022-09-23 01:01:21.912] [main] [info] Checking timestamp.txt...
[2022-09-23 01:01:21.912] [main] [debug] The timestamp.txt is always written when watering is triggered. It is read to check if I was already done with watering some minutes ago.
previous time_stamp:   27730199
[2022-09-23 01:01:21.913] [main] [info] Checking timestamp.txt   ...DONE!
%%%%%%%%%%     [4] Run the executable   ...DONE!
elapsed time:   10s
=====================================================================================================
