=====================================================================================================
%%%%%%%%%%     [6] Uploading logs and go sleeping...
> sudo -u mayadm git checkout artifacts
Zu Zweig »artifacts« gewechselt
Ihr Branch ist auf demselben Stand wie 'origin/artifacts'.
> sudo -u mayadm git pull
Bereits aktuell.
> sudo -u mayadm git merge maya-productive
Bereits aktuell.
> sudo -u mayadm git add "../artifacts/logs/6616-*.log" -f
> sudo -u mayadm git add "../artifacts/logs/6615-*.log" -f
> sudo -u mayadm git commit -m "logs at 2022-09-23--02h25"
[artifacts bf33cf80] logs at 2022-09-23--02h25
 6 files changed, 263 insertions(+)
 create mode 100644 maya/artifacts/logs/6615--2022-09-23--01h42---6.log
 create mode 100644 maya/artifacts/logs/6616--2022-09-23--02h25---1.log
 create mode 100644 maya/artifacts/logs/6616--2022-09-23--02h25---2.log
 create mode 100644 maya/artifacts/logs/6616--2022-09-23--02h25---3.log
 create mode 100644 maya/artifacts/logs/6616--2022-09-23--02h25---4.log
 create mode 100644 maya/artifacts/logs/6616--2022-09-23--02h25---5.log
> sudo -u mayadm git push
To https://github.com/Necktschnagge/wired-watering
   fc8586f5..bf33cf80  artifacts -> artifacts
> sudo -u mayadm git checkout maya-productive
Zu Zweig »maya-productive« gewechselt
Ihr Branch ist auf demselben Stand wie 'origin/maya-productive'.
> sudo -u mayadm git push
Everything up-to-date
##############################################################
###################                        ###################
###################     GOING TO SLEEP     ###################
###################                        ###################
##############################################################
#######                                                #######
#######   Press CTRL + C NOW to abort script safely!   #######
#######                                                #######
##############################################################
##############################################################
#######                                                #######
#######               NOW GOING TO SLEEP               #######
#######                                                #######
##############################################################
> rtcwake -m mem -s 2400
rtcwake: RTC wird als UTC interpretiert …
rtcwake: aufwachen von „mem“ durch /dev/rtc0 bei Fri Sep 23 01:08:11 2022
##############################################################
#######                                                #######
#######            just waked up from sleep            #######
#######                                                #######
##############################################################
%%%%%%%%%%     [6] Uploading logs and go sleeping   ...DONE!
elapsed time:   2425s
=====================================================================================================
