=====================================================================================================
%%%%%%%%%%     [4] Run the executable...
>Please note:  Even if all builds failed, the last built executable is still there and will be started!
> sudo -u mayadm ./ur-unix-run.sh
[2022-09-23 08:15:05.348] [main] [info] Pinging Pump Server Mayson...
[2022-09-23 08:15:05.403] [main] [info] Pinging Pump Server Mayson   ...DONE!
[2022-09-23 08:15:05.403] [main] [info] Pinging all valve stations...
[2022-09-23 08:15:14.633] [main] [info] Pinging all valve stations   ...DONE!
[2022-09-23 08:15:14.633] [main] [info] Fetching timestamp...
std::chrono::system_clock::now().time_since_epoch()   :   1663913714633654769
get_seconds_since_epoch(bool verbose /* true */)   :   1663913714
minutes since epoch   :   27731895
minute of day   :   375
minute of hour   :   15
hour of day   :   6
[2022-09-23 08:15:14.633] [main] [info] Checking timestamp.txt...
[2022-09-23 08:15:14.633] [main] [debug] The timestamp.txt is always written when watering is triggered. It is read to check if I was already done with watering some minutes ago.
previous time_stamp:   27731634
[2022-09-23 08:15:14.633] [main] [info] Checking timestamp.txt   ...DONE!
%%%%%%%%%%     [4] Run the executable   ...DONE!
elapsed time:   9s
=====================================================================================================
