=====================================================================================================
%%%%%%%%%%     [4] Run the executable...
>Please note:  Even if all builds failed, the last built executable is still there and will be started!
> sudo -u mayadm ./ur-unix-run.sh
[2022-09-23 09:41:40.520] [main] [info] Pinging Pump Server Mayson...
[2022-09-23 09:41:40.545] [main] [info] Pinging Pump Server Mayson   ...DONE!
[2022-09-23 09:41:40.545] [main] [info] Pinging all valve stations...
[2022-09-23 09:41:49.769] [main] [info] Pinging all valve stations   ...DONE!
[2022-09-23 09:41:49.769] [main] [info] Fetching timestamp...
std::chrono::system_clock::now().time_since_epoch()   :   1663918909769200485
get_seconds_since_epoch(bool verbose /* true */)   :   1663918909
minutes since epoch   :   27731981
minute of day   :   461
minute of hour   :   41
hour of day   :   7
[2022-09-23 09:41:49.769] [main] [info] Checking timestamp.txt...
[2022-09-23 09:41:49.769] [main] [debug] The timestamp.txt is always written when watering is triggered. It is read to check if I was already done with watering some minutes ago.
previous time_stamp:   27731634
[2022-09-23 09:41:49.769] [main] [info] Checking timestamp.txt   ...DONE!
%%%%%%%%%%     [4] Run the executable   ...DONE!
elapsed time:   9s
=====================================================================================================
