=====================================================================================================
%%%%%%%%%%     [4] Run the executable...
>Please note:  Even if all builds failed, the last built executable is still there and will be started!
> sudo -u mayadm ./ur-unix-run.sh
[2022-09-24 16:05:39.751] [main] [info] Pinging Pump Server Mayson...
[2022-09-24 16:05:39.792] [main] [info] Pinging Pump Server Mayson   ...DONE!
[2022-09-24 16:05:39.792] [main] [info] Pinging all valve stations...
[2022-09-24 16:05:40.103] [main] [info] Pinging all valve stations   ...DONE!
[2022-09-24 16:05:40.103] [main] [info] Fetching timestamp...
std::chrono::system_clock::now().time_since_epoch()   :   1664028340103131961
get_seconds_since_epoch(bool verbose /* true */)   :   1664028340
minutes since epoch   :   27733805
minute of day   :   845
minute of hour   :   5
hour of day   :   14
[2022-09-24 16:05:40.103] [main] [info] Checking timestamp.txt...
[2022-09-24 16:05:40.103] [main] [debug] The timestamp.txt is always written when watering is triggered. It is read to check if I was already done with watering some minutes ago.
previous time_stamp:   27733067
[2022-09-24 16:05:40.103] [main] [info] Checking timestamp.txt   ...DONE!
%%%%%%%%%%     [4] Run the executable   ...DONE!
elapsed time:   1s
=====================================================================================================
