=====================================================================================================
=====================================================================================================
===     Starting with run #6676...
=====================================================================================================
=====================================================================================================
> echo "6676" | sudo -u mayadm tee /home/mayadm/repos/logs/counter.info
6676
> date
So 14. Mai 17:16:47 CEST 2023
> dig +short txt ch whoami.cloudflare @1.0.0.1
;; connection timed out; no servers could be reached

> ./maya_connect_internet_usb0.sh
Connecting to internet via usb0 tethering successful.
=====================================================================================================
%%%%%%%%%%     [1] Cleaning working directory...
> sudo -u mayadm git branch
  artifacts
  main
  maya-fallback
* maya-productive
> sudo -u mayadm git status
Auf Branch maya-productive
Ihr Branch ist auf demselben Stand wie 'origin/maya-productive'.

nichts zu committen, Arbeitsverzeichnis unverändert
> sudo -u mayadm git add -u; sudo -u mayadm git add *
> sudo -u mayadm git status
Auf Branch maya-productive
Ihr Branch ist auf demselben Stand wie 'origin/maya-productive'.

nichts zu committen, Arbeitsverzeichnis unverändert
Checking if there are uncommitted changes...
> sudo -u mayadm git update-index --refresh && sudo -u mayadm git diff-index --quiet HEAD --
> sudo -u mayadm git reset --hard;
HEAD ist jetzt bei eef4f11f1 Merge pull request #86 from Necktschnagge/merge-main-into-maya-productive
%%%%%%%%%%     [1] Cleaning working directory   ...DONE!
elapsed time:   2s
=====================================================================================================
