=====================================================================================================
%%%%%%%%%%     [5] Cleaning git working directory...
> sudo -u mayadm git add -u
> sudo -u mayadm git add *
> sudo -u mayadm git status
Auf Branch routine-6d9a4202-1684078763
nichts zu committen, Arbeitsverzeichnis unverändert
> sudo -u mayadm git reset --hard
HEAD ist jetzt bei 6d9a42027 fix
Deleting local working branch...
> sudo -u mayadm git checkout maya-productive
Zu Zweig »maya-productive« gewechselt
Ihr Branch ist 1 Commit vor 'origin/maya-productive'.
  (benutzen Sie "git push", um lokale Commits zu publizieren)
> sudo -u mayadm git branch -D routine-6d9a4202-1684078763
Branch routine-6d9a4202-1684078763 entfernt (war 6d9a42027).
Finished run 6679!
So 14. Mai 17:41:42 CEST 2023
%%%%%%%%%%     [5] Cleaning git working directory   ...DONE!
elapsed time:   1s
=====================================================================================================
