=====================================================================================================
%%%%%%%%%%     [6] Uploading logs and go sleeping...
> sudo -u mayadm git checkout artifacts
Zu Zweig »artifacts« gewechselt
Ihr Branch ist auf demselben Stand wie 'origin/artifacts'.
> sudo -u mayadm git pull
Bereits aktuell.
> sudo -u mayadm git merge maya-productive
Merge made by the 'recursive' strategy.
 maya/src/main.cpp | 12 +++++++++---
 1 file changed, 9 insertions(+), 3 deletions(-)
> sudo -u mayadm git add "../artifacts/logs/6679-*.log" -f
> sudo -u mayadm git add "../artifacts/logs/6678-*.log" -f
> sudo -u mayadm git commit -m "logs at 2023-05-14--17h39"
[artifacts 318772531] logs at 2023-05-14--17h39
 10 files changed, 2060 insertions(+)
 create mode 100644 maya/artifacts/logs/6678--2023-05-14--17h35---1.log
 create mode 100644 maya/artifacts/logs/6678--2023-05-14--17h35---2.log
 create mode 100644 maya/artifacts/logs/6678--2023-05-14--17h35---3.log
 create mode 100644 maya/artifacts/logs/6678--2023-05-14--17h35---4.log
 create mode 100644 maya/artifacts/logs/6678--2023-05-14--17h35---5.log
 create mode 100644 maya/artifacts/logs/6679--2023-05-14--17h39---1.log
 create mode 100644 maya/artifacts/logs/6679--2023-05-14--17h39---2.log
 create mode 100644 maya/artifacts/logs/6679--2023-05-14--17h39---3.log
 create mode 100644 maya/artifacts/logs/6679--2023-05-14--17h39---4.log
 create mode 100644 maya/artifacts/logs/6679--2023-05-14--17h39---5.log
> sudo -u mayadm git push
remote: Resolving deltas:   0% (0/15)        remote: Resolving deltas:   6% (1/15)        remote: Resolving deltas:  13% (2/15)        remote: Resolving deltas:  20% (3/15)        remote: Resolving deltas:  26% (4/15)        remote: Resolving deltas:  33% (5/15)        remote: Resolving deltas:  40% (6/15)        remote: Resolving deltas:  46% (7/15)        remote: Resolving deltas:  53% (8/15)        remote: Resolving deltas:  60% (9/15)        remote: Resolving deltas:  66% (10/15)        remote: Resolving deltas:  73% (11/15)        remote: Resolving deltas:  80% (12/15)        remote: Resolving deltas:  86% (13/15)        remote: Resolving deltas:  93% (14/15)        remote: Resolving deltas: 100% (15/15)        remote: Resolving deltas: 100% (15/15), completed with 5 local objects.        
To https://github.com/Necktschnagge/wired-watering
   e91a92bc4..318772531  artifacts -> artifacts
> sudo -u mayadm git checkout maya-productive
Zu Zweig »maya-productive« gewechselt
Ihr Branch ist 1 Commit vor 'origin/maya-productive'.
  (benutzen Sie "git push", um lokale Commits zu publizieren)
> sudo -u mayadm git push
remote: Bypassed rule violations for refs/heads/maya-productive:        
remote: 
remote: - Changes must be made through a pull request.        
remote: 
remote: - 11 of 11 required status checks are expected.        
remote: 
To https://github.com/Necktschnagge/wired-watering
   921482965..6d9a42027  maya-productive -> maya-productive
##############################################################
###################                        ###################
###################     GOING TO SLEEP     ###################
###################                        ###################
##############################################################
#######                                                #######
#######   Press CTRL + C NOW to abort script safely!   #######
#######                                                #######
##############################################################
##############################################################
#######                                                #######
#######               NOW GOING TO SLEEP               #######
#######                                                #######
##############################################################
> rtcwake -m mem -s 2400
rtcwake: RTC wird als UTC interpretiert …
rtcwake: aufwachen von „mem“ durch /dev/rtc0 bei Sun May 14 16:22:06 2023
##############################################################
#######                                                #######
#######            just waked up from sleep            #######
#######                                                #######
##############################################################
%%%%%%%%%%     [6] Uploading logs and go sleeping   ...DONE!
elapsed time:   82s
=====================================================================================================
