=====================================================================================================
%%%%%%%%%%     [4] Run the executable...
>Please note:  Even if all builds failed, the last built executable is still there and will be started!
> sudo -u mayadm ./ur-unix-run.sh
[2023-05-15 07:15:49.922] [main] [info] Pinging Pump Server Mayson...
[2023-05-15 07:15:51.001] [main] [info] Pinging Pump Server Mayson   ...DONE!
[2023-05-15 07:15:51.001] [main] [info] Pinging all valve stations...
[2023-05-15 07:15:55.293] [main] [info] Pinging all valve stations   ...DONE!
[2023-05-15 07:15:55.293] [main] [info] Fetching timestamp...
std::chrono::system_clock::now().time_since_epoch()   :   1684127755293941007
get_seconds_since_epoch(bool verbose /* true */)   :   1684127755
minutes since epoch   :   28068795
minute of day   :   315
minute of hour   :   15
hour of day   :   5
[2023-05-15 07:15:55.294] [main] [info] Checking timestamp.txt...
[2023-05-15 07:15:55.294] [main] [debug] The timestamp.txt is always written when watering is triggered. It is read to check if I was already done with watering some minutes ago.
previous time_stamp:   28068592
[2023-05-15 07:15:55.294] [main] [info] Checking timestamp.txt   ...DONE!
%%%%%%%%%%     [4] Run the executable   ...DONE!
elapsed time:   6s
=====================================================================================================
