=====================================================================================================
%%%%%%%%%%     [4] Run the executable...
>Please note:  Even if all builds failed, the last built executable is still there and will be started!
> sudo -u mayadm ./ur-unix-run.sh
[2023-05-15 13:33:54.605] [main] [info] Pinging Pump Server Mayson...
[2023-05-15 13:33:54.689] [main] [info] Pinging Pump Server Mayson   ...DONE!
[2023-05-15 13:33:54.689] [main] [info] Pinging all valve stations...
[2023-05-15 13:33:57.957] [main] [info] Pinging all valve stations   ...DONE!
[2023-05-15 13:33:57.957] [main] [info] Fetching timestamp...
std::chrono::system_clock::now().time_since_epoch()   :   1684150437957785595
get_seconds_since_epoch(bool verbose /* true */)   :   1684150437
minutes since epoch   :   28069173
minute of day   :   693
minute of hour   :   33
hour of day   :   11
[2023-05-15 13:33:57.957] [main] [info] Checking timestamp.txt...
[2023-05-15 13:33:57.957] [main] [debug] The timestamp.txt is always written when watering is triggered. It is read to check if I was already done with watering some minutes ago.
previous time_stamp:   28068592
[2023-05-15 13:33:57.958] [main] [info] Checking timestamp.txt   ...DONE!
%%%%%%%%%%     [4] Run the executable   ...DONE!
elapsed time:   3s
=====================================================================================================
