=====================================================================================================
%%%%%%%%%%     [4] Run the executable...
>Please note:  Even if all builds failed, the last built executable is still there and will be started!
> sudo -u mayadm ./ur-unix-run.sh
[2023-05-15 18:58:37.118] [main] [info] Pinging Pump Server Mayson...
[2023-05-15 18:58:40.170] [main] [info] Pinging Pump Server Mayson   ...DONE!
[2023-05-15 18:58:40.171] [main] [info] Pinging all valve stations...
[2023-05-15 18:58:43.434] [main] [info] Pinging all valve stations   ...DONE!
[2023-05-15 18:58:43.434] [main] [info] Fetching timestamp...
std::chrono::system_clock::now().time_since_epoch()   :   1684169923434910204
get_seconds_since_epoch(bool verbose /* true */)   :   1684169923
minutes since epoch   :   28069498
minute of day   :   1018
minute of hour   :   58
hour of day   :   16
[2023-05-15 18:58:43.434] [main] [info] Checking timestamp.txt...
[2023-05-15 18:58:43.434] [main] [debug] The timestamp.txt is always written when watering is triggered. It is read to check if I was already done with watering some minutes ago.
previous time_stamp:   28068592
[2023-05-15 18:58:43.435] [main] [info] Checking timestamp.txt   ...DONE!
%%%%%%%%%%     [4] Run the executable   ...DONE!
elapsed time:   6s
=====================================================================================================
