=====================================================================================================
%%%%%%%%%%     [4] Run the executable...
>Please note:  Even if all builds failed, the last built executable is still there and will be started!
> sudo -u mayadm ./ur-unix-run.sh
[2023-05-15 20:19:59.180] [main] [info] Pinging Pump Server Mayson...
[2023-05-15 20:19:59.262] [main] [info] Pinging Pump Server Mayson   ...DONE!
[2023-05-15 20:19:59.262] [main] [info] Pinging all valve stations...
[2023-05-15 20:20:02.526] [main] [info] Pinging all valve stations   ...DONE!
[2023-05-15 20:20:02.526] [main] [info] Fetching timestamp...
std::chrono::system_clock::now().time_since_epoch()   :   1684174802526342611
get_seconds_since_epoch(bool verbose /* true */)   :   1684174802
minutes since epoch   :   28069580
minute of day   :   1100
minute of hour   :   20
hour of day   :   18
[2023-05-15 20:20:02.526] [main] [info] Checking timestamp.txt...
[2023-05-15 20:20:02.526] [main] [debug] The timestamp.txt is always written when watering is triggered. It is read to check if I was already done with watering some minutes ago.
previous time_stamp:   28068592
[2023-05-15 20:20:02.526] [main] [info] Checking timestamp.txt   ...DONE!
%%%%%%%%%%     [4] Run the executable   ...DONE!
elapsed time:   3s
=====================================================================================================
