=====================================================================================================
%%%%%%%%%%     [4] Run the executable...
>Please note:  Even if all builds failed, the last built executable is still there and will be started!
> sudo -u mayadm ./ur-unix-run.sh
[2023-05-16 03:06:28.018] [main] [info] Pinging Pump Server Mayson...
[2023-05-16 03:06:28.112] [main] [info] Pinging Pump Server Mayson   ...DONE!
[2023-05-16 03:06:28.112] [main] [info] Pinging all valve stations...
[2023-05-16 03:06:31.383] [main] [info] Pinging all valve stations   ...DONE!
[2023-05-16 03:06:31.383] [main] [info] Fetching timestamp...
std::chrono::system_clock::now().time_since_epoch()   :   1684199191383829409
get_seconds_since_epoch(bool verbose /* true */)   :   1684199191
minutes since epoch   :   28069986
minute of day   :   66
minute of hour   :   6
hour of day   :   1
[2023-05-16 03:06:31.383] [main] [info] Checking timestamp.txt...
[2023-05-16 03:06:31.383] [main] [debug] The timestamp.txt is always written when watering is triggered. It is read to check if I was already done with watering some minutes ago.
previous time_stamp:   28068592
[2023-05-16 03:06:31.384] [main] [info] Checking timestamp.txt   ...DONE!
%%%%%%%%%%     [4] Run the executable   ...DONE!
elapsed time:   3s
=====================================================================================================
