=====================================================================================================
%%%%%%%%%%     [4] Run the executable...
>Please note:  Even if all builds failed, the last built executable is still there and will be started!
> sudo -u mayadm ./ur-unix-run.sh
[2023-05-16 04:27:42.127] [main] [info] Pinging Pump Server Mayson...
[2023-05-16 04:27:42.249] [main] [info] Pinging Pump Server Mayson   ...DONE!
[2023-05-16 04:27:42.249] [main] [info] Pinging all valve stations...
[2023-05-16 04:27:45.504] [main] [info] Pinging all valve stations   ...DONE!
[2023-05-16 04:27:45.504] [main] [info] Fetching timestamp...
std::chrono::system_clock::now().time_since_epoch()   :   1684204065504887160
get_seconds_since_epoch(bool verbose /* true */)   :   1684204065
minutes since epoch   :   28070067
minute of day   :   147
minute of hour   :   27
hour of day   :   2
[2023-05-16 04:27:45.504] [main] [info] Checking timestamp.txt...
[2023-05-16 04:27:45.504] [main] [debug] The timestamp.txt is always written when watering is triggered. It is read to check if I was already done with watering some minutes ago.
previous time_stamp:   28070027
[2023-05-16 04:27:45.505] [main] [info] Checking timestamp.txt   ...DONE!
%%%%%%%%%%     [4] Run the executable   ...DONE!
elapsed time:   3s
=====================================================================================================
