=====================================================================================================
%%%%%%%%%%     [4] Run the executable...
>Please note:  Even if all builds failed, the last built executable is still there and will be started!
> sudo -u mayadm ./ur-unix-run.sh
[2023-05-16 20:43:24.987] [main] [info] Pinging Pump Server Mayson...
[2023-05-16 20:43:25.069] [main] [info] Pinging Pump Server Mayson   ...DONE!
[2023-05-16 20:43:25.069] [main] [info] Pinging all valve stations...
[2023-05-16 20:43:29.382] [main] [info] Pinging all valve stations   ...DONE!
[2023-05-16 20:43:29.382] [main] [info] Fetching timestamp...
std::chrono::system_clock::now().time_since_epoch()   :   1684262609382326957
get_seconds_since_epoch(bool verbose /* true */)   :   1684262609
minutes since epoch   :   28071043
minute of day   :   1123
minute of hour   :   43
hour of day   :   18
[2023-05-16 20:43:29.382] [main] [info] Checking timestamp.txt...
[2023-05-16 20:43:29.382] [main] [debug] The timestamp.txt is always written when watering is triggered. It is read to check if I was already done with watering some minutes ago.
previous time_stamp:   28070027
[2023-05-16 20:43:29.382] [main] [info] Checking timestamp.txt   ...DONE!
%%%%%%%%%%     [4] Run the executable   ...DONE!
elapsed time:   5s
=====================================================================================================
