=====================================================================================================
%%%%%%%%%%     [6] Uploading logs and go sleeping...
> sudo -u mayadm git checkout artifacts
Zu Zweig »artifacts« gewechselt
Ihr Branch ist auf demselben Stand wie 'origin/artifacts'.
> sudo -u mayadm git pull
Bereits aktuell.
> sudo -u mayadm git merge maya-productive
Bereits aktuell.
> sudo -u mayadm git add "../artifacts/logs/6776-*.log" -f
> sudo -u mayadm git add "../artifacts/logs/6775-*.log" -f
> sudo -u mayadm git commit -m "logs at 2023-05-19--11h24"
[artifacts d491e63e3] logs at 2023-05-19--11h24
 6 files changed, 256 insertions(+)
 create mode 100644 maya/artifacts/logs/6775--2023-05-17--09h35---6.log
 create mode 100644 maya/artifacts/logs/6776--2023-05-19--11h24---1.log
 create mode 100644 maya/artifacts/logs/6776--2023-05-19--11h24---2.log
 create mode 100644 maya/artifacts/logs/6776--2023-05-19--11h24---3.log
 create mode 100644 maya/artifacts/logs/6776--2023-05-19--11h24---4.log
 create mode 100644 maya/artifacts/logs/6776--2023-05-19--11h24---5.log
> sudo -u mayadm git push
remote: Resolving deltas:   0% (0/4)        remote: Resolving deltas:  25% (1/4)        remote: Resolving deltas:  50% (2/4)        remote: Resolving deltas:  75% (3/4)        remote: Resolving deltas: 100% (4/4)        remote: Resolving deltas: 100% (4/4), completed with 3 local objects.        
To https://github.com/Necktschnagge/wired-watering
   9343bbd0e..d491e63e3  artifacts -> artifacts
> sudo -u mayadm git checkout maya-productive
Zu Zweig »maya-productive« gewechselt
Ihr Branch ist auf demselben Stand wie 'origin/maya-productive'.
> sudo -u mayadm git push
Everything up-to-date
##############################################################
###################                        ###################
###################     GOING TO SLEEP     ###################
###################                        ###################
##############################################################
#######                                                #######
#######   Press CTRL + C NOW to abort script safely!   #######
#######                                                #######
##############################################################
##############################################################
#######                                                #######
#######               NOW GOING TO SLEEP               #######
#######                                                #######
##############################################################
> rtcwake -m mem -s 2400
rtcwake: RTC wird als UTC interpretiert …
rtcwake: aufwachen von „mem“ durch /dev/rtc0 bei Fri May 19 10:08:34 2023
##############################################################
#######                                                #######
#######            just waked up from sleep            #######
#######                                                #######
##############################################################
%%%%%%%%%%     [6] Uploading logs and go sleeping   ...DONE!
elapsed time:   2426s
=====================================================================================================
