=====================================================================================================
%%%%%%%%%%     [4] Run the executable...
>Please note:  Even if all builds failed, the last built executable is still there and will be started!
> sudo -u mayadm ./ur-unix-run.sh
[2023-05-19 19:26:47.363] [main] [info] Pinging Pump Server Mayson...
[2023-05-19 19:26:47.388] [main] [info] Pinging Pump Server Mayson   ...DONE!
[2023-05-19 19:26:47.388] [main] [info] Pinging all valve stations...
[2023-05-19 19:26:47.698] [main] [info] Pinging all valve stations   ...DONE!
[2023-05-19 19:26:47.698] [main] [info] Fetching timestamp...
std::chrono::system_clock::now().time_since_epoch()   :   1684517207698954584
get_seconds_since_epoch(bool verbose /* true */)   :   1684517207
minutes since epoch   :   28075286
minute of day   :   1046
minute of hour   :   26
hour of day   :   17
[2023-05-19 19:26:47.699] [main] [info] Checking timestamp.txt...
[2023-05-19 19:26:47.699] [main] [debug] The timestamp.txt is always written when watering is triggered. It is read to check if I was already done with watering some minutes ago.
previous time_stamp:   28071490
[2023-05-19 19:26:47.699] [main] [info] Checking timestamp.txt   ...DONE!
%%%%%%%%%%     [4] Run the executable   ...DONE!
elapsed time:   0s
=====================================================================================================
