=====================================================================================================
%%%%%%%%%%     [6] Uploading logs and go sleeping...
> sudo -u mayadm git checkout artifacts
Zu Zweig »artifacts« gewechselt
Ihr Branch ist auf demselben Stand wie 'origin/artifacts'.
> sudo -u mayadm git pull
Bereits aktuell.
> sudo -u mayadm git merge maya-productive
Merge made by the 'recursive' strategy.
 azure-pipelines.yml | 4 ----
 1 file changed, 4 deletions(-)
> sudo -u mayadm git add "../artifacts/logs/6794-*.log" -f
> sudo -u mayadm git add "../artifacts/logs/6793-*.log" -f
> sudo -u mayadm git commit -m "logs at 2023-05-19--23h32"
[artifacts 7de65778f] logs at 2023-05-19--23h32
 6 files changed, 270 insertions(+)
 create mode 100644 maya/artifacts/logs/6793--2023-05-19--22h51---6.log
 create mode 100644 maya/artifacts/logs/6794--2023-05-19--23h32---1.log
 create mode 100644 maya/artifacts/logs/6794--2023-05-19--23h32---2.log
 create mode 100644 maya/artifacts/logs/6794--2023-05-19--23h32---3.log
 create mode 100644 maya/artifacts/logs/6794--2023-05-19--23h32---4.log
 create mode 100644 maya/artifacts/logs/6794--2023-05-19--23h32---5.log
> sudo -u mayadm git push
remote: Resolving deltas:   0% (0/5)        remote: Resolving deltas:  20% (1/5)        remote: Resolving deltas:  40% (2/5)        remote: Resolving deltas:  60% (3/5)        remote: Resolving deltas:  80% (4/5)        remote: Resolving deltas: 100% (5/5)        remote: Resolving deltas: 100% (5/5), completed with 3 local objects.        
To https://github.com/Necktschnagge/wired-watering
   b35d41e3b..7de65778f  artifacts -> artifacts
> sudo -u mayadm git checkout maya-productive
Zu Zweig »maya-productive« gewechselt
Ihr Branch ist auf demselben Stand wie 'origin/maya-productive'.
> sudo -u mayadm git push
Everything up-to-date
##############################################################
###################                        ###################
###################     GOING TO SLEEP     ###################
###################                        ###################
##############################################################
#######                                                #######
#######   Press CTRL + C NOW to abort script safely!   #######
#######                                                #######
##############################################################
##############################################################
#######                                                #######
#######               NOW GOING TO SLEEP               #######
#######                                                #######
##############################################################
> rtcwake -m mem -s 2400
rtcwake: RTC wird als UTC interpretiert …
rtcwake: aufwachen von „mem“ durch /dev/rtc0 bei Fri May 19 22:12:59 2023
##############################################################
#######                                                #######
#######            just waked up from sleep            #######
#######                                                #######
##############################################################
%%%%%%%%%%     [6] Uploading logs and go sleeping   ...DONE!
elapsed time:   2430s
=====================================================================================================
