=====================================================================================================
=====================================================================================================
===     Starting with run #6801...
=====================================================================================================
=====================================================================================================
> echo "6801" | sudo -u mayadm tee /home/mayadm/repos/logs/counter.info
6801
> date
Sa 20. Mai 04:17:59 CEST 2023
> dig +short txt ch whoami.cloudflare @1.0.0.1
"46.114.202.56"
> ./maya_connect_internet_usb0.sh
RTNETLINK answers: File exists
Connecting to internet via usb0 tethering successful.
=====================================================================================================
%%%%%%%%%%     [1] Cleaning working directory...
> sudo -u mayadm git branch
  artifacts
  main
  maya-fallback
* maya-productive
> sudo -u mayadm git status
Auf Branch maya-productive
Ihr Branch ist auf demselben Stand wie 'origin/maya-productive'.

nichts zu committen, Arbeitsverzeichnis unverändert
> sudo -u mayadm git add -u; sudo -u mayadm git add *
> sudo -u mayadm git status
Auf Branch maya-productive
Ihr Branch ist auf demselben Stand wie 'origin/maya-productive'.

nichts zu committen, Arbeitsverzeichnis unverändert
Checking if there are uncommitted changes...
> sudo -u mayadm git update-index --refresh && sudo -u mayadm git diff-index --quiet HEAD --
> sudo -u mayadm git reset --hard;
HEAD ist jetzt bei 849aae1bd Merge branch 'merge-main-into-maya-prod' into maya-productive
%%%%%%%%%%     [1] Cleaning working directory   ...DONE!
elapsed time:   0s
=====================================================================================================
