=====================================================================================================
%%%%%%%%%%     [4] Run the executable...
>Please note:  Even if all builds failed, the last built executable is still there and will be started!
> sudo -u mayadm ./ur-unix-run.sh
[2023-05-20 04:18:04.501] [main] [info] Pinging Pump Server Mayson...
[2023-05-20 04:18:04.544] [main] [info] Pump Server ping OK!
[2023-05-20 04:18:04.544] [main] [info] Pinging Pump Server Mayson   ...DONE!
[2023-05-20 04:18:04.544] [main] [info] Pinging all valve stations...
[2023-05-20 04:18:04.852] [main] [info] James ping OK!
[2023-05-20 04:18:04.852] [main] [info] Lucas ping OK!
[2023-05-20 04:18:04.852] [main] [info] Felix ping OK!
[2023-05-20 04:18:04.852] [main] [info] Pinging all valve stations   ...DONE!
[2023-05-20 04:18:04.852] [main] [info] Pinging Non-Existing Test Server...
[2023-05-20 04:18:07.926] [main] [info] Pinging Non-Existing Test Server OK!
[2023-05-20 04:18:07.926] [main] [info] Pinging Non-Existing Test Server   ...DONE!
[2023-05-20 04:18:07.926] [main] [info] Fetching timestamp...
std::chrono::system_clock::now().time_since_epoch()   :   1684549087926257580
get_seconds_since_epoch(bool verbose /* true */)   :   1684549087
minutes since epoch   :   28075818
minute of day   :   138
minute of hour   :   18
hour of day   :   2
[2023-05-20 04:18:07.926] [main] [info] Checking timestamp.txt...
[2023-05-20 04:18:07.926] [main] [debug] The timestamp.txt is always written when watering is triggered. It is read to check if I was already done with watering some minutes ago.
previous time_stamp:   28075777
[2023-05-20 04:18:07.926] [main] [info] Checking timestamp.txt   ...DONE!
%%%%%%%%%%     [4] Run the executable   ...DONE!
elapsed time:   3s
=====================================================================================================
