=====================================================================================================
%%%%%%%%%%     [4] Run the executable...
>Please note:  Even if all builds failed, the last built executable is still there and will be started!
> sudo -u mayadm ./ur-unix-run.sh
[2023-05-20 04:58:43.964] [main] [info] Pinging Pump Server Mayson...
[2023-05-20 04:58:44.029] [main] [info] Pump Server ping OK!
[2023-05-20 04:58:44.029] [main] [info] Pinging Pump Server Mayson   ...DONE!
[2023-05-20 04:58:44.029] [main] [info] Pinging all valve stations...
[2023-05-20 04:58:44.336] [main] [info] James ping OK!
[2023-05-20 04:58:44.336] [main] [info] Lucas ping OK!
[2023-05-20 04:58:44.336] [main] [info] Felix ping OK!
[2023-05-20 04:58:44.336] [main] [info] Pinging all valve stations   ...DONE!
[2023-05-20 04:58:44.336] [main] [info] Pinging Non-Existing Test Server...
[2023-05-20 04:58:47.413] [main] [info] Pinging Non-Existing Test Server OK!
[2023-05-20 04:58:47.413] [main] [info] Pinging Non-Existing Test Server   ...DONE!
[2023-05-20 04:58:47.413] [main] [info] Fetching timestamp...
std::chrono::system_clock::now().time_since_epoch()   :   1684551527413760800
get_seconds_since_epoch(bool verbose /* true */)   :   1684551527
minutes since epoch   :   28075858
minute of day   :   178
minute of hour   :   58
hour of day   :   2
[2023-05-20 04:58:47.413] [main] [info] Checking timestamp.txt...
[2023-05-20 04:58:47.413] [main] [debug] The timestamp.txt is always written when watering is triggered. It is read to check if I was already done with watering some minutes ago.
previous time_stamp:   28075777
[2023-05-20 04:58:47.413] [main] [info] Checking timestamp.txt   ...DONE!
%%%%%%%%%%     [4] Run the executable   ...DONE!
elapsed time:   4s
=====================================================================================================
