=====================================================================================================
%%%%%%%%%%     [6] Uploading logs and go sleeping...
> sudo -u mayadm git checkout artifacts
Zu Zweig »artifacts« gewechselt
Ihr Branch ist auf demselben Stand wie 'origin/artifacts'.
> sudo -u mayadm git pull
Bereits aktuell.
> sudo -u mayadm git merge maya-productive
Bereits aktuell.
> sudo -u mayadm git add "../artifacts/logs/6803-*.log" -f
> sudo -u mayadm git add "../artifacts/logs/6802-*.log" -f
> sudo -u mayadm git commit -m "logs at 2023-05-20--05h39"
[artifacts 9c72653a8] logs at 2023-05-20--05h39
 6 files changed, 271 insertions(+)
 create mode 100644 maya/artifacts/logs/6802--2023-05-20--04h58---6.log
 create mode 100644 maya/artifacts/logs/6803--2023-05-20--05h39---1.log
 create mode 100644 maya/artifacts/logs/6803--2023-05-20--05h39---2.log
 create mode 100644 maya/artifacts/logs/6803--2023-05-20--05h39---3.log
 create mode 100644 maya/artifacts/logs/6803--2023-05-20--05h39---4.log
 create mode 100644 maya/artifacts/logs/6803--2023-05-20--05h39---5.log
> sudo -u mayadm git push
remote: Resolving deltas:   0% (0/4)        remote: Resolving deltas:  25% (1/4)        remote: Resolving deltas:  50% (2/4)        remote: Resolving deltas:  75% (3/4)        remote: Resolving deltas: 100% (4/4)        remote: Resolving deltas: 100% (4/4), completed with 3 local objects.        
To https://github.com/Necktschnagge/wired-watering
   5f222c914..9c72653a8  artifacts -> artifacts
> sudo -u mayadm git checkout maya-productive
Zu Zweig »maya-productive« gewechselt
Ihr Branch ist auf demselben Stand wie 'origin/maya-productive'.
> sudo -u mayadm git push
Everything up-to-date
##############################################################
###################                        ###################
###################     GOING TO SLEEP     ###################
###################                        ###################
##############################################################
#######                                                #######
#######   Press CTRL + C NOW to abort script safely!   #######
#######                                                #######
##############################################################
##############################################################
#######                                                #######
#######               NOW GOING TO SLEEP               #######
#######                                                #######
##############################################################
> rtcwake -m mem -s 2400
rtcwake: RTC wird als UTC interpretiert …
rtcwake: aufwachen von „mem“ durch /dev/rtc0 bei Sat May 20 04:19:54 2023
##############################################################
#######                                                #######
#######            just waked up from sleep            #######
#######                                                #######
##############################################################
%%%%%%%%%%     [6] Uploading logs and go sleeping   ...DONE!
elapsed time:   2424s
=====================================================================================================
