=====================================================================================================
%%%%%%%%%%     [6] Uploading logs and go sleeping...
> sudo -u mayadm git checkout artifacts
Zu Zweig »artifacts« gewechselt
Ihr Branch ist auf demselben Stand wie 'origin/artifacts'.
> sudo -u mayadm git pull
Bereits aktuell.
> sudo -u mayadm git merge maya-productive
Merge made by the 'recursive' strategy.
 maya/src/main.cpp | 8 +++++---
 1 file changed, 5 insertions(+), 3 deletions(-)
> sudo -u mayadm git add "../artifacts/logs/6809-*.log" -f
> sudo -u mayadm git add "../artifacts/logs/6808-*.log" -f
> sudo -u mayadm git commit -m "logs at 2023-05-20--09h44"
[artifacts 8656d5a36] logs at 2023-05-20--09h44
 6 files changed, 284 insertions(+)
 create mode 100644 maya/artifacts/logs/6808--2023-05-20--09h03---6.log
 create mode 100644 maya/artifacts/logs/6809--2023-05-20--09h44---1.log
 create mode 100644 maya/artifacts/logs/6809--2023-05-20--09h44---2.log
 create mode 100644 maya/artifacts/logs/6809--2023-05-20--09h44---3.log
 create mode 100644 maya/artifacts/logs/6809--2023-05-20--09h44---4.log
 create mode 100644 maya/artifacts/logs/6809--2023-05-20--09h44---5.log
> sudo -u mayadm git push
remote: Resolving deltas:   0% (0/6)        remote: Resolving deltas:  16% (1/6)        remote: Resolving deltas:  33% (2/6)        remote: Resolving deltas:  50% (3/6)        remote: Resolving deltas:  66% (4/6)        remote: Resolving deltas:  83% (5/6)        remote: Resolving deltas: 100% (6/6)        remote: Resolving deltas: 100% (6/6), completed with 3 local objects.        
To https://github.com/Necktschnagge/wired-watering
   a55ba978d..8656d5a36  artifacts -> artifacts
> sudo -u mayadm git checkout maya-productive
Zu Zweig »maya-productive« gewechselt
Ihr Branch ist auf demselben Stand wie 'origin/maya-productive'.
> sudo -u mayadm git push
Everything up-to-date
##############################################################
###################                        ###################
###################     GOING TO SLEEP     ###################
###################                        ###################
##############################################################
#######                                                #######
#######   Press CTRL + C NOW to abort script safely!   #######
#######                                                #######
##############################################################
##############################################################
#######                                                #######
#######               NOW GOING TO SLEEP               #######
#######                                                #######
##############################################################
> rtcwake -m mem -s 2400
rtcwake: RTC wird als UTC interpretiert …
rtcwake: aufwachen von „mem“ durch /dev/rtc0 bei Sat May 20 08:25:45 2023
##############################################################
#######                                                #######
#######            just waked up from sleep            #######
#######                                                #######
##############################################################
%%%%%%%%%%     [6] Uploading logs and go sleeping   ...DONE!
elapsed time:   2424s
=====================================================================================================
