=====================================================================================================
%%%%%%%%%%     [4] Run the executable...
>Please note:  Even if all builds failed, the last built executable is still there and will be started!
> sudo -u mayadm ./ur-unix-run.sh
[2023-05-20 15:51:37.487] [main] [info] Pinging Pump Server Mayson...
[2023-05-20 15:51:37.597] [main] [info] Pump Server ping OK!
[2023-05-20 15:51:37.597] [main] [info] Pinging Pump Server Mayson   ...DONE!
[2023-05-20 15:51:37.597] [main] [info] Pinging all valve stations...
[2023-05-20 15:51:37.902] [main] [info] James ping OK!
[2023-05-20 15:51:37.902] [main] [info] Lucas ping OK!
[2023-05-20 15:51:37.902] [main] [info] Felix ping OK!
[2023-05-20 15:51:37.902] [main] [info] Pinging all valve stations   ...DONE!
[2023-05-20 15:51:37.902] [main] [info] Pinging Non-Existing Test Server...
[2023-05-20 15:51:40.969] [main] [info] Pinging Non-Existing Test Server OK!
[2023-05-20 15:51:40.969] [main] [info] Pinging Non-Existing Test Server   ...DONE!
[2023-05-20 15:51:40.969] [main] [info] Fetching timestamp...
std::chrono::system_clock::now().time_since_epoch()   :   1684590700969819229
get_seconds_since_epoch(bool verbose /* true */)   :   1684590700
minutes since epoch   :   28076511
minute of day   :   831
minute of hour   :   51
hour of day   :   13
[2023-05-20 15:51:40.969] [main] [info] Checking timestamp.txt...
[2023-05-20 15:51:40.969] [main] [debug] The timestamp.txt is always written when watering is triggered. It is read to check if I was already done with watering some minutes ago.
previous time_stamp:   28075777
[2023-05-20 15:51:40.970] [main] [info] Checking timestamp.txt   ...DONE!
%%%%%%%%%%     [4] Run the executable   ...DONE!
elapsed time:   3s
=====================================================================================================
