=====================================================================================================
%%%%%%%%%%     [4] Run the executable...
>Please note:  Even if all builds failed, the last built executable is still there and will be started!
> sudo -u mayadm ./ur-unix-run.sh
[2023-05-21 11:16:58.540] [main] [info] Pinging Pump Server Mayson...
[2023-05-21 11:16:58.636] [main] [info] Pump Server ping OK!
[2023-05-21 11:16:58.636] [main] [info] Pinging Pump Server Mayson   ...DONE!
[2023-05-21 11:16:58.636] [main] [info] Pinging all valve stations...
[2023-05-21 11:16:58.942] [main] [info] James ping OK!
[2023-05-21 11:16:58.942] [main] [info] Lucas ping OK!
[2023-05-21 11:16:58.942] [main] [info] Felix ping OK!
[2023-05-21 11:16:58.942] [main] [info] Pinging all valve stations   ...DONE!
[2023-05-21 11:16:58.942] [main] [info] Pinging Non-Existing Test Server...
[2023-05-21 11:17:02.004] [main] [info] Pinging Non-Existing Test Server OK!
[2023-05-21 11:17:02.004] [main] [info] Pinging Non-Existing Test Server   ...DONE!
[2023-05-21 11:17:02.004] [main] [info] Fetching timestamp...
std::chrono::system_clock::now().time_since_epoch()   :   1684660622004592603
get_seconds_since_epoch(bool verbose /* true */)   :   1684660622
minutes since epoch   :   28077677
minute of day   :   557
minute of hour   :   17
hour of day   :   9
[2023-05-21 11:17:02.004] [main] [info] Checking timestamp.txt...
[2023-05-21 11:17:02.004] [main] [debug] The timestamp.txt is always written when watering is triggered. It is read to check if I was already done with watering some minutes ago.
previous time_stamp:   28077243
[2023-05-21 11:17:02.004] [main] [info] Checking timestamp.txt   ...DONE!
%%%%%%%%%%     [4] Run the executable   ...DONE!
elapsed time:   4s
=====================================================================================================
