=====================================================================================================
=====================================================================================================
===     Starting with run #685...
=====================================================================================================
=====================================================================================================
685
So 12. Jun 09:38:51 CEST 2022
RTNETLINK answers: File exists
Connecting to internet via usb0 tethering successful.
=====================================================================================================
%%%%%%%%%%     [1] Cleaning working directory...
> sudo -u mayadm git status;
Auf Branch maya-productive
Ihr Branch ist auf demselben Stand wie 'origin/maya-productive'.

nichts zu committen, Arbeitsverzeichnis unverändert
> sudo -u mayadm git add -u; sudo -u mayadm git add *;
> sudo -u mayadm git status;
Auf Branch maya-productive
Ihr Branch ist auf demselben Stand wie 'origin/maya-productive'.

nichts zu committen, Arbeitsverzeichnis unverändert
Checking if there are uncommitted changes...
> sudo -u mayadm git update-index --refresh && sudo -u mayadm git diff-index --quiet HEAD --
> sudo -u mayadm git reset --hard;
HEAD ist jetzt bei b05a2f8 Merge pull request #4 from Necktschnagge/rolling-update
%%%%%%%%%%     [1] Cleaning working directory   ...DONE!
=====================================================================================================
