=====================================================================================================
%%%%%%%%%%     [6] Uploading logs and go sleeping...
> sudo -u mayadm git checkout artifacts
Zu Zweig »artifacts« gewechselt
Ihr Branch ist 1 Commit vor 'origin/artifacts'.
  (benutzen Sie "git push", um lokale Commits zu publizieren)
> sudo -u mayadm git pull
Bereits aktuell.
> sudo -u mayadm git merge maya-productive
Bereits aktuell.
> sudo -u mayadm git add "../artifacts/logs/6852-*.log" -f
> sudo -u mayadm git add "../artifacts/logs/6851-*.log" -f
> sudo -u mayadm git commit -m "logs at 2023-05-21--14h57"
[artifacts 33d69a959] logs at 2023-05-21--14h57
 6 files changed, 269 insertions(+)
 create mode 100644 maya/artifacts/logs/6851--2023-05-21--14h16---6.log
 create mode 100644 maya/artifacts/logs/6852--2023-05-21--14h57---1.log
 create mode 100644 maya/artifacts/logs/6852--2023-05-21--14h57---2.log
 create mode 100644 maya/artifacts/logs/6852--2023-05-21--14h57---3.log
 create mode 100644 maya/artifacts/logs/6852--2023-05-21--14h57---4.log
 create mode 100644 maya/artifacts/logs/6852--2023-05-21--14h57---5.log
> sudo -u mayadm git push
remote: Resolving deltas:   0% (0/12)        remote: Resolving deltas:   8% (1/12)        remote: Resolving deltas:  16% (2/12)        remote: Resolving deltas:  25% (3/12)        remote: Resolving deltas:  33% (4/12)        remote: Resolving deltas:  41% (5/12)        remote: Resolving deltas:  50% (6/12)        remote: Resolving deltas:  58% (7/12)        remote: Resolving deltas:  66% (8/12)        remote: Resolving deltas:  75% (9/12)        remote: Resolving deltas:  83% (10/12)        remote: Resolving deltas:  91% (11/12)        remote: Resolving deltas: 100% (12/12)        remote: Resolving deltas: 100% (12/12), completed with 3 local objects.        
To https://github.com/Necktschnagge/wired-watering
   41d6d378f..33d69a959  artifacts -> artifacts
> sudo -u mayadm git checkout maya-productive
Zu Zweig »maya-productive« gewechselt
Ihr Branch ist auf demselben Stand wie 'origin/maya-productive'.
> sudo -u mayadm git push
Everything up-to-date
##############################################################
###################                        ###################
###################     GOING TO SLEEP     ###################
###################                        ###################
##############################################################
#######                                                #######
#######   Press CTRL + C NOW to abort script safely!   #######
#######                                                #######
##############################################################
##############################################################
#######                                                #######
#######               NOW GOING TO SLEEP               #######
#######                                                #######
##############################################################
> rtcwake -m mem -s 2400
rtcwake: RTC wird als UTC interpretiert …
rtcwake: aufwachen von „mem“ durch /dev/rtc0 bei Sun May 21 13:38:16 2023
##############################################################
#######                                                #######
#######            just waked up from sleep            #######
#######                                                #######
##############################################################
%%%%%%%%%%     [6] Uploading logs and go sleeping   ...DONE!
elapsed time:   2422s
=====================================================================================================
