=====================================================================================================
%%%%%%%%%%     [4] Run the executable...
>Please note:  Even if all builds failed, the last built executable is still there and will be started!
> sudo -u mayadm ./ur-unix-run.sh
[2023-05-21 20:23:10.165] [main] [info] Pinging Pump Server Mayson...
[2023-05-21 20:23:10.260] [main] [info] Pump Server ping OK!
[2023-05-21 20:23:10.260] [main] [info] Pinging Pump Server Mayson   ...DONE!
[2023-05-21 20:23:10.260] [main] [info] Pinging all valve stations...
[2023-05-21 20:23:12.619] [main] [info] James ping OK!
[2023-05-21 20:23:12.619] [main] [info] Lucas ping OK!
[2023-05-21 20:23:12.619] [main] [info] Felix ping OK!
[2023-05-21 20:23:12.619] [main] [info] Pinging all valve stations   ...DONE!
[2023-05-21 20:23:12.619] [main] [info] Pinging Non-Existing Test Server...
[2023-05-21 20:23:15.695] [main] [info] Pinging Non-Existing Test Server OK!
[2023-05-21 20:23:15.695] [main] [info] Pinging Non-Existing Test Server   ...DONE!
[2023-05-21 20:23:15.695] [main] [info] Fetching timestamp...
std::chrono::system_clock::now().time_since_epoch()   :   1684693395695759087
get_seconds_since_epoch(bool verbose /* true */)   :   1684693395
minutes since epoch   :   28078223
minute of day   :   1103
minute of hour   :   23
hour of day   :   18
[2023-05-21 20:23:15.695] [main] [info] Checking timestamp.txt...
[2023-05-21 20:23:15.695] [main] [debug] The timestamp.txt is always written when watering is triggered. It is read to check if I was already done with watering some minutes ago.
previous time_stamp:   28077243
[2023-05-21 20:23:15.695] [main] [info] Checking timestamp.txt   ...DONE!
%%%%%%%%%%     [4] Run the executable   ...DONE!
elapsed time:   5s
=====================================================================================================
