=====================================================================================================
%%%%%%%%%%     [4] Run the executable...
>Please note:  Even if all builds failed, the last built executable is still there and will be started!
> sudo -u mayadm ./ur-unix-run.sh
[2023-05-21 22:25:28.333] [main] [info] Pinging Pump Server Mayson...
[2023-05-21 22:25:28.434] [main] [info] Pump Server ping OK!
[2023-05-21 22:25:28.434] [main] [info] Pinging Pump Server Mayson   ...DONE!
[2023-05-21 22:25:28.434] [main] [info] Pinging all valve stations...
[2023-05-21 22:25:28.743] [main] [info] James ping OK!
[2023-05-21 22:25:28.743] [main] [info] Lucas ping OK!
[2023-05-21 22:25:28.743] [main] [info] Felix ping OK!
[2023-05-21 22:25:28.743] [main] [info] Pinging all valve stations   ...DONE!
[2023-05-21 22:25:28.743] [main] [info] Pinging Non-Existing Test Server...
[2023-05-21 22:25:31.802] [main] [info] Pinging Non-Existing Test Server OK!
[2023-05-21 22:25:31.802] [main] [info] Pinging Non-Existing Test Server   ...DONE!
[2023-05-21 22:25:31.802] [main] [info] Fetching timestamp...
std::chrono::system_clock::now().time_since_epoch()   :   1684700731802140579
get_seconds_since_epoch_now(bool verbose /* true */)   :   1684700731
minutes since epoch   :   28078345
minute of day   :   1225
minute of hour   :   25
hour of day   :   20
[2023-05-21 22:25:31.802] [main] [info] Checking timestamp.txt...
[2023-05-21 22:25:31.802] [main] [debug] The timestamp.txt is always written when watering is triggered. It is read to check if I was already done with watering some minutes ago.
previous time_stamp:   28077243
[2023-05-21 22:25:31.802] [main] [info] Checking timestamp.txt   ...DONE!
[2023-05-21 22:25:31.802] [main] [info] It's not time for watering now!
[2023-05-21 22:25:31.802] [main] [info] Minute Intraday:   1225
[2023-05-21 22:25:31.802] [main] [info] Days since Epoch:   19498
%%%%%%%%%%     [4] Run the executable   ...DONE!
elapsed time:   3s
=====================================================================================================
