=====================================================================================================
%%%%%%%%%%     [4] Run the executable...
>Please note:  Even if all builds failed, the last built executable is still there and will be started!
> sudo -u mayadm ./ur-unix-run.sh
[2023-05-21 23:47:02.112] [main] [info] Pinging Pump Server Mayson...
[2023-05-21 23:47:02.164] [main] [info] Pump Server ping OK!
[2023-05-21 23:47:02.164] [main] [info] Pinging Pump Server Mayson   ...DONE!
[2023-05-21 23:47:02.164] [main] [info] Pinging all valve stations...
[2023-05-21 23:47:05.545] [main] [info] James ping OK!
[2023-05-21 23:47:05.545] [main] [info] Lucas ping OK!
[2023-05-21 23:47:05.545] [main] [info] Felix ping OK!
[2023-05-21 23:47:05.545] [main] [info] Pinging all valve stations   ...DONE!
[2023-05-21 23:47:05.545] [main] [info] Pinging Non-Existing Test Server...
[2023-05-21 23:47:08.629] [main] [info] Pinging Non-Existing Test Server OK!
[2023-05-21 23:47:08.629] [main] [info] Pinging Non-Existing Test Server   ...DONE!
[2023-05-21 23:47:08.629] [main] [info] Fetching timestamp...
std::chrono::system_clock::now().time_since_epoch()   :   1684705628629692842
get_seconds_since_epoch_now(bool verbose /* true */)   :   1684705628
minutes since epoch   :   28078427
minute of day   :   1307
minute of hour   :   47
hour of day   :   21
[2023-05-21 23:47:08.629] [main] [info] Checking timestamp.txt...
[2023-05-21 23:47:08.629] [main] [debug] The timestamp.txt is always written when watering is triggered. It is read to check if I was already done with watering some minutes ago.
previous time_stamp:   28077243
[2023-05-21 23:47:08.629] [main] [info] Checking timestamp.txt   ...DONE!
[2023-05-21 23:47:08.629] [main] [info] It's not time for watering now!
[2023-05-21 23:47:08.629] [main] [info] Minute Intraday:   1307
[2023-05-21 23:47:08.629] [main] [info] Days since Epoch:   19498
%%%%%%%%%%     [4] Run the executable   ...DONE!
elapsed time:   6s
=====================================================================================================
