=====================================================================================================
%%%%%%%%%%     [6] Uploading logs and go sleeping...
> sudo -u mayadm git checkout artifacts
Zu Zweig »artifacts« gewechselt
Ihr Branch ist auf demselben Stand wie 'origin/artifacts'.
> sudo -u mayadm git pull
Bereits aktuell.
> sudo -u mayadm git merge maya-productive
Bereits aktuell.
> sudo -u mayadm git add "../artifacts/logs/6866-*.log" -f
> sudo -u mayadm git add "../artifacts/logs/6865-*.log" -f
> sudo -u mayadm git commit -m "logs at 2023-05-22--00h27"
[artifacts 8e3115904] logs at 2023-05-22--00h27
 6 files changed, 274 insertions(+)
 create mode 100644 maya/artifacts/logs/6865--2023-05-21--23h46---6.log
 create mode 100644 maya/artifacts/logs/6866--2023-05-22--00h27---1.log
 create mode 100644 maya/artifacts/logs/6866--2023-05-22--00h27---2.log
 create mode 100644 maya/artifacts/logs/6866--2023-05-22--00h27---3.log
 create mode 100644 maya/artifacts/logs/6866--2023-05-22--00h27---4.log
 create mode 100644 maya/artifacts/logs/6866--2023-05-22--00h27---5.log
> sudo -u mayadm git push
remote: Resolving deltas:   0% (0/4)        remote: Resolving deltas:  25% (1/4)        remote: Resolving deltas:  50% (2/4)        remote: Resolving deltas:  75% (3/4)        remote: Resolving deltas: 100% (4/4)        remote: Resolving deltas: 100% (4/4), completed with 3 local objects.        
To https://github.com/Necktschnagge/wired-watering
   42973c233..8e3115904  artifacts -> artifacts
> sudo -u mayadm git checkout maya-productive
Zu Zweig »maya-productive« gewechselt
Ihr Branch ist auf demselben Stand wie 'origin/maya-productive'.
> sudo -u mayadm git push
Everything up-to-date
##############################################################
###################                        ###################
###################     GOING TO SLEEP     ###################
###################                        ###################
##############################################################
#######                                                #######
#######   Press CTRL + C NOW to abort script safely!   #######
#######                                                #######
##############################################################
##############################################################
#######                                                #######
#######               NOW GOING TO SLEEP               #######
#######                                                #######
##############################################################
> rtcwake -m mem -s 2400
rtcwake: RTC wird als UTC interpretiert …
rtcwake: aufwachen von „mem“ durch /dev/rtc0 bei Sun May 21 23:08:10 2023
##############################################################
#######                                                #######
#######            just waked up from sleep            #######
#######                                                #######
##############################################################
%%%%%%%%%%     [6] Uploading logs and go sleeping   ...DONE!
elapsed time:   2423s
=====================================================================================================
