=====================================================================================================
%%%%%%%%%%     [4] Run the executable...
>Please note:  Even if all builds failed, the last built executable is still there and will be started!
> sudo -u mayadm ./ur-unix-run.sh
[2023-05-22 01:08:18.956] [main] [info] Pinging Pump Server Mayson...
[2023-05-22 01:08:19.054] [main] [info] Pump Server ping OK!
[2023-05-22 01:08:19.054] [main] [info] Pinging Pump Server Mayson   ...DONE!
[2023-05-22 01:08:19.054] [main] [info] Pinging all valve stations...
[2023-05-22 01:08:22.335] [main] [info] James ping OK!
[2023-05-22 01:08:22.335] [main] [error] Fatal: Lucas not available!
[2023-05-22 01:08:22.335] [main] [info] Felix ping OK!
[2023-05-22 01:08:22.335] [main] [info] Pinging all valve stations   ...DONE!
[2023-05-22 01:08:22.335] [main] [info] Pinging Non-Existing Test Server...
[2023-05-22 01:08:25.395] [main] [info] Pinging Non-Existing Test Server OK!
[2023-05-22 01:08:25.395] [main] [info] Pinging Non-Existing Test Server   ...DONE!
[2023-05-22 01:08:25.395] [main] [info] Pinging Pump Server Mayson...
[2023-05-22 01:08:25.506] [main] [info] Pump Server ping OK!
[2023-05-22 01:08:25.506] [main] [info] Pinging Pump Server Mayson   ...DONE!
[2023-05-22 01:08:25.506] [main] [info] Pinging all valve stations...
[2023-05-22 01:08:25.810] [main] [info] James ping OK!
[2023-05-22 01:08:25.810] [main] [info] Lucas ping OK!
[2023-05-22 01:08:25.810] [main] [info] Felix ping OK!
[2023-05-22 01:08:25.810] [main] [info] Pinging all valve stations   ...DONE!
[2023-05-22 01:08:25.810] [main] [info] Pinging Non-Existing Test Server...
[2023-05-22 01:08:28.883] [main] [info] Pinging Non-Existing Test Server OK!
[2023-05-22 01:08:28.883] [main] [info] Pinging Non-Existing Test Server   ...DONE!
[2023-05-22 01:08:28.883] [main] [info] Fetching timestamp...
std::chrono::system_clock::now().time_since_epoch()   :   1684710508883235792
get_seconds_since_epoch_now(bool verbose /* true */)   :   1684710508
minutes since epoch   :   28078508
minute of day   :   1388
minute of hour   :   8
hour of day   :   23
[2023-05-22 01:08:28.883] [main] [info] Checking timestamp.txt...
[2023-05-22 01:08:28.883] [main] [debug] The timestamp.txt is always written when watering is triggered. It is read to check if I was already done with watering some minutes ago.
previous time_stamp:   28077243
[2023-05-22 01:08:28.883] [main] [info] Checking timestamp.txt   ...DONE!
[2023-05-22 01:08:28.883] [main] [info] It's not time for watering now!
[2023-05-22 01:08:28.883] [main] [info] Minute Intraday:   1388
[2023-05-22 01:08:28.883] [main] [info] Days since Epoch:   19498
%%%%%%%%%%     [4] Run the executable   ...DONE!
elapsed time:   10s
=====================================================================================================
