=====================================================================================================
%%%%%%%%%%     [6] Uploading logs and go sleeping...
> sudo -u mayadm git checkout artifacts
Zu Zweig »artifacts« gewechselt
Ihr Branch ist 21 Commits vor 'origin/artifacts'.
  (benutzen Sie "git push", um lokale Commits zu publizieren)
> sudo -u mayadm git pull
fatal: konnte nicht auf 'https://github.com/Necktschnagge/wired-watering/' zugreifen: Could not resolve host: github.com
> sudo -u mayadm git merge maya-productive
Bereits aktuell.
> sudo -u mayadm git add "../artifacts/logs/6892-*.log" -f
> sudo -u mayadm git add "../artifacts/logs/6891-*.log" -f
> sudo -u mayadm git commit -m "logs at 2023-05-22--18h33"
[artifacts 968dddeb1] logs at 2023-05-22--18h33
 6 files changed, 276 insertions(+)
 create mode 100644 maya/artifacts/logs/6891--2023-05-22--18h19---6.log
 create mode 100644 maya/artifacts/logs/6892--2023-05-22--18h33---1.log
 create mode 100644 maya/artifacts/logs/6892--2023-05-22--18h33---2.log
 create mode 100644 maya/artifacts/logs/6892--2023-05-22--18h33---3.log
 create mode 100644 maya/artifacts/logs/6892--2023-05-22--18h33---4.log
 create mode 100644 maya/artifacts/logs/6892--2023-05-22--18h33---5.log
> sudo -u mayadm git push
fatal: konnte nicht auf 'https://github.com/Necktschnagge/wired-watering/' zugreifen: Could not resolve host: github.com
> sudo -u mayadm git checkout maya-productive
Zu Zweig »maya-productive« gewechselt
Ihr Branch ist auf demselben Stand wie 'origin/maya-productive'.
> sudo -u mayadm git push
fatal: konnte nicht auf 'https://github.com/Necktschnagge/wired-watering/' zugreifen: Could not resolve host: github.com
##############################################################
###################                        ###################
###################     GOING TO SLEEP     ###################
###################                        ###################
##############################################################
#######                                                #######
#######   Press CTRL + C NOW to abort script safely!   #######
#######                                                #######
##############################################################
##############################################################
#######                                                #######
#######               NOW GOING TO SLEEP               #######
#######                                                #######
##############################################################
> rtcwake -m mem -s 2400
rtcwake: RTC wird als UTC interpretiert …
rtcwake: aufwachen von „mem“ durch /dev/rtc0 bei Mon May 22 17:14:01 2023
##############################################################
#######                                                #######
#######            just waked up from sleep            #######
#######                                                #######
##############################################################
%%%%%%%%%%     [6] Uploading logs and go sleeping   ...DONE!
elapsed time:   176s
=====================================================================================================
