=====================================================================================================
%%%%%%%%%%     [5] Cleaning git working directory...
> sudo -u mayadm git add -u
> sudo -u mayadm git add *
> sudo -u mayadm git status
Auf Branch routine-bfbf28a8-1684790923
nichts zu committen, Arbeitsverzeichnis unverändert
> sudo -u mayadm git reset --hard
HEAD ist jetzt bei bfbf28a84 mayson recover
Deleting local working branch...
> sudo -u mayadm git checkout maya-productive
Zu Zweig »maya-productive« gewechselt
Ihr Branch ist auf demselben Stand wie 'origin/maya-productive'.
> sudo -u mayadm git branch -D routine-bfbf28a8-1684790923
Branch routine-bfbf28a8-1684790923 entfernt (war bfbf28a84).
Finished run 6901!
Mo 22. Mai 23:28:49 CEST 2023
%%%%%%%%%%     [5] Cleaning git working directory   ...DONE!
elapsed time:   0s
=====================================================================================================
