=====================================================================================================
%%%%%%%%%%     [6] Uploading logs and go sleeping...
> sudo -u mayadm git checkout artifacts
Zu Zweig »artifacts« gewechselt
Ihr Branch ist auf demselben Stand wie 'origin/artifacts'.
> sudo -u mayadm git pull
Bereits aktuell.
> sudo -u mayadm git merge maya-productive
Bereits aktuell.
> sudo -u mayadm git add "../artifacts/logs/6902-*.log" -f
> sudo -u mayadm git add "../artifacts/logs/6901-*.log" -f
> sudo -u mayadm git commit -m "logs at 2023-05-23--00h09"
[artifacts 4e5b3623d] logs at 2023-05-23--00h09
 6 files changed, 274 insertions(+)
 create mode 100644 maya/artifacts/logs/6901--2023-05-22--23h28---6.log
 create mode 100644 maya/artifacts/logs/6902--2023-05-23--00h09---1.log
 create mode 100644 maya/artifacts/logs/6902--2023-05-23--00h09---2.log
 create mode 100644 maya/artifacts/logs/6902--2023-05-23--00h09---3.log
 create mode 100644 maya/artifacts/logs/6902--2023-05-23--00h09---4.log
 create mode 100644 maya/artifacts/logs/6902--2023-05-23--00h09---5.log
> sudo -u mayadm git push
remote: Resolving deltas:   0% (0/4)        remote: Resolving deltas:  25% (1/4)        remote: Resolving deltas:  50% (2/4)        remote: Resolving deltas:  75% (3/4)        remote: Resolving deltas: 100% (4/4)        remote: Resolving deltas: 100% (4/4), completed with 3 local objects.        
To https://github.com/Necktschnagge/wired-watering
   92a8b07d0..4e5b3623d  artifacts -> artifacts
> sudo -u mayadm git checkout maya-productive
Zu Zweig »maya-productive« gewechselt
Ihr Branch ist auf demselben Stand wie 'origin/maya-productive'.
> sudo -u mayadm git push
Everything up-to-date
##############################################################
###################                        ###################
###################     GOING TO SLEEP     ###################
###################                        ###################
##############################################################
#######                                                #######
#######   Press CTRL + C NOW to abort script safely!   #######
#######                                                #######
##############################################################
##############################################################
#######                                                #######
#######               NOW GOING TO SLEEP               #######
#######                                                #######
##############################################################
> rtcwake -m mem -s 2400
rtcwake: RTC wird als UTC interpretiert …
rtcwake: aufwachen von „mem“ durch /dev/rtc0 bei Mon May 22 22:49:52 2023
##############################################################
#######                                                #######
#######            just waked up from sleep            #######
#######                                                #######
##############################################################
%%%%%%%%%%     [6] Uploading logs and go sleeping   ...DONE!
elapsed time:   2422s
=====================================================================================================
