=====================================================================================================
%%%%%%%%%%     [4] Run the executable...
>Please note:  Even if all builds failed, the last built executable is still there and will be started!
> sudo -u mayadm ./ur-unix-run.sh
[2023-05-23 02:11:13.882] [main] [info] Pinging Pump Server Mayson...
[2023-05-23 02:11:13.961] [main] [info] Pump Server ping OK!
[2023-05-23 02:11:13.961] [main] [info] Pinging Pump Server Mayson   ...DONE!
[2023-05-23 02:11:13.961] [main] [info] Pinging all valve stations...
[2023-05-23 02:11:14.268] [main] [info] James ping OK!
[2023-05-23 02:11:14.268] [main] [info] Lucas ping OK!
[2023-05-23 02:11:14.268] [main] [info] Felix ping OK!
[2023-05-23 02:11:14.268] [main] [info] Pinging all valve stations   ...DONE!
[2023-05-23 02:11:14.268] [main] [info] Pinging Non-Existing Test Server...
[2023-05-23 02:11:17.344] [main] [info] Pinging Non-Existing Test Server OK!
[2023-05-23 02:11:17.344] [main] [info] Pinging Non-Existing Test Server   ...DONE!
[2023-05-23 02:11:17.344] [main] [info] Fetching timestamp...
std::chrono::system_clock::now().time_since_epoch()   :   1684800677344639465
get_seconds_since_epoch_now(bool verbose /* true */)   :   1684800677
minutes since epoch   :   28080011
minute of day   :   11
minute of hour   :   11
hour of day   :   0
[2023-05-23 02:11:17.344] [main] [info] Checking timestamp.txt...
[2023-05-23 02:11:17.344] [main] [debug] The timestamp.txt is always written when watering is triggered. It is read to check if I was already done with watering some minutes ago.
previous time_stamp:   28078670
[2023-05-23 02:11:17.344] [main] [info] Checking timestamp.txt   ...DONE!
[2023-05-23 02:11:17.344] [main] [info] It's not time for watering now!
[2023-05-23 02:11:17.344] [main] [info] Minute Intraday:   11
[2023-05-23 02:11:17.344] [main] [info] Days since Epoch:   19500
%%%%%%%%%%     [4] Run the executable   ...DONE!
elapsed time:   4s
=====================================================================================================
