=====================================================================================================
%%%%%%%%%%     [4] Run the executable...
>Please note:  Even if all builds failed, the last built executable is still there and will be started!
> sudo -u mayadm ./ur-unix-run.sh
[2023-05-23 18:08:44.571] [main] [info] Pinging Pump Server Mayson...
[2023-05-23 18:08:44.631] [main] [info] Pump Server ping OK!
[2023-05-23 18:08:44.631] [main] [info] Pinging Pump Server Mayson   ...DONE!
[2023-05-23 18:08:44.631] [main] [info] Pinging all valve stations...
[2023-05-23 18:08:45.959] [main] [info] James ping OK!
[2023-05-23 18:08:45.959] [main] [info] Lucas ping OK!
[2023-05-23 18:08:45.959] [main] [info] Felix ping OK!
[2023-05-23 18:08:45.959] [main] [info] Pinging all valve stations   ...DONE!
[2023-05-23 18:08:45.959] [main] [info] Pinging Non-Existing Test Server...
[2023-05-23 18:08:49.022] [main] [info] Pinging Non-Existing Test Server OK!
[2023-05-23 18:08:49.022] [main] [info] Pinging Non-Existing Test Server   ...DONE!
[2023-05-23 18:08:49.022] [main] [info] Fetching timestamp...
std::chrono::system_clock::now().time_since_epoch()   :   1684858129022470480
get_seconds_since_epoch_now(bool verbose /* true */)   :   1684858129
minutes since epoch   :   28080968
minute of day   :   968
minute of hour   :   8
hour of day   :   16
[2023-05-23 18:08:49.022] [main] [info] Checking timestamp.txt...
[2023-05-23 18:08:49.022] [main] [debug] The timestamp.txt is always written when watering is triggered. It is read to check if I was already done with watering some minutes ago.
previous time_stamp:   28080092
[2023-05-23 18:08:49.022] [main] [info] Checking timestamp.txt   ...DONE!
[2023-05-23 18:08:49.022] [main] [info] It's not time for watering now!
[2023-05-23 18:08:49.022] [main] [info] Minute Intraday:   968
[2023-05-23 18:08:49.022] [main] [info] Days since Epoch:   19500
%%%%%%%%%%     [4] Run the executable   ...DONE!
elapsed time:   5s
=====================================================================================================
