=====================================================================================================
%%%%%%%%%%     [4] Run the executable...
>Please note:  Even if all builds failed, the last built executable is still there and will be started!
> sudo -u mayadm ./ur-unix-run.sh
[2023-05-24 02:56:51.700] [main] [info] Pinging Pump Server Mayson...
[2023-05-24 02:56:52.749] [main] [info] Pump Server ping OK!
[2023-05-24 02:56:52.749] [main] [info] Pinging Pump Server Mayson   ...DONE!
[2023-05-24 02:56:52.749] [main] [info] Pinging all valve stations...
[2023-05-24 02:56:53.053] [main] [info] James ping OK!
[2023-05-24 02:56:53.053] [main] [info] Lucas ping OK!
[2023-05-24 02:56:53.053] [main] [info] Felix ping OK!
[2023-05-24 02:56:53.053] [main] [info] Pinging all valve stations   ...DONE!
[2023-05-24 02:56:53.053] [main] [info] Pinging Non-Existing Test Server...
[2023-05-24 02:56:56.120] [main] [info] Pinging Non-Existing Test Server OK!
[2023-05-24 02:56:56.120] [main] [info] Pinging Non-Existing Test Server   ...DONE!
[2023-05-24 02:56:56.120] [main] [info] Fetching timestamp...
std::chrono::system_clock::now().time_since_epoch()   :   1684889816120229385
get_seconds_since_epoch_now(bool verbose /* true */)   :   1684889816
minutes since epoch   :   28081496
minute of day   :   56
minute of hour   :   56
hour of day   :   0
[2023-05-24 02:56:56.120] [main] [info] Checking timestamp.txt...
[2023-05-24 02:56:56.120] [main] [debug] The timestamp.txt is always written when watering is triggered. It is read to check if I was already done with watering some minutes ago.
previous time_stamp:   28080092
[2023-05-24 02:56:56.120] [main] [info] Checking timestamp.txt   ...DONE!
[2023-05-24 02:56:56.120] [main] [info] It's not time for watering now!
[2023-05-24 02:56:56.120] [main] [info] Minute Intraday:   56
[2023-05-24 02:56:56.120] [main] [info] Days since Epoch:   19501
%%%%%%%%%%     [4] Run the executable   ...DONE!
elapsed time:   5s
=====================================================================================================
