=====================================================================================================
%%%%%%%%%%     [4] Run the executable...
>Please note:  Even if all builds failed, the last built executable is still there and will be started!
> sudo -u mayadm ./ur-unix-run.sh
[2023-05-24 07:58:45.951] [main] [info] Pinging Pump Server Mayson...
[2023-05-24 07:58:46.005] [main] [info] Pump Server ping OK!
[2023-05-24 07:58:46.005] [main] [info] Pinging Pump Server Mayson   ...DONE!
[2023-05-24 07:58:46.005] [main] [info] Pinging all valve stations...
[2023-05-24 07:58:49.274] [main] [error] Fatal: James not available!
[2023-05-24 07:58:49.274] [main] [info] Lucas ping OK!
[2023-05-24 07:58:49.274] [main] [info] Felix ping OK!
[2023-05-24 07:58:49.274] [main] [info] Pinging all valve stations   ...DONE!
[2023-05-24 07:58:49.274] [main] [info] Pinging Non-Existing Test Server...
[2023-05-24 07:58:52.329] [main] [info] Pinging Non-Existing Test Server OK!
[2023-05-24 07:58:52.329] [main] [info] Pinging Non-Existing Test Server   ...DONE!
[2023-05-24 07:58:52.329] [main] [info] Pinging Pump Server Mayson...
[2023-05-24 07:58:52.452] [main] [info] Pump Server ping OK!
[2023-05-24 07:58:52.452] [main] [info] Pinging Pump Server Mayson   ...DONE!
[2023-05-24 07:58:52.452] [main] [info] Pinging all valve stations...
[2023-05-24 07:58:52.760] [main] [info] James ping OK!
[2023-05-24 07:58:52.760] [main] [info] Lucas ping OK!
[2023-05-24 07:58:52.760] [main] [info] Felix ping OK!
[2023-05-24 07:58:52.760] [main] [info] Pinging all valve stations   ...DONE!
[2023-05-24 07:58:52.760] [main] [info] Pinging Non-Existing Test Server...
[2023-05-24 07:58:55.817] [main] [info] Pinging Non-Existing Test Server OK!
[2023-05-24 07:58:55.817] [main] [info] Pinging Non-Existing Test Server   ...DONE!
[2023-05-24 07:58:55.817] [main] [info] Fetching timestamp...
std::chrono::system_clock::now().time_since_epoch()   :   1684907935817381449
get_seconds_since_epoch_now(bool verbose /* true */)   :   1684907935
minutes since epoch   :   28081798
minute of day   :   358
minute of hour   :   58
hour of day   :   5
[2023-05-24 07:58:55.817] [main] [info] Checking timestamp.txt...
[2023-05-24 07:58:55.817] [main] [debug] The timestamp.txt is always written when watering is triggered. It is read to check if I was already done with watering some minutes ago.
previous time_stamp:   28081537
[2023-05-24 07:58:55.817] [main] [info] Checking timestamp.txt   ...DONE!
[2023-05-24 07:58:55.817] [main] [info] It's not time for watering now!
[2023-05-24 07:58:55.817] [main] [info] Minute Intraday:   358
[2023-05-24 07:58:55.817] [main] [info] Days since Epoch:   19501
%%%%%%%%%%     [4] Run the executable   ...DONE!
elapsed time:   10s
=====================================================================================================
