=====================================================================================================
%%%%%%%%%%     [4] Run the executable...
>Please note:  Even if all builds failed, the last built executable is still there and will be started!
> sudo -u mayadm ./ur-unix-run.sh
[2023-05-24 16:47:08.123] [main] [info] Pinging Pump Server Mayson...
[2023-05-24 16:47:08.229] [main] [info] Pump Server ping OK!
[2023-05-24 16:47:08.229] [main] [info] Pinging Pump Server Mayson   ...DONE!
[2023-05-24 16:47:08.229] [main] [info] Pinging all valve stations...
[2023-05-24 16:47:10.589] [main] [info] James ping OK!
[2023-05-24 16:47:10.589] [main] [info] Lucas ping OK!
[2023-05-24 16:47:10.589] [main] [info] Felix ping OK!
[2023-05-24 16:47:10.589] [main] [info] Pinging all valve stations   ...DONE!
[2023-05-24 16:47:10.589] [main] [info] Pinging Non-Existing Test Server...
[2023-05-24 16:47:13.657] [main] [info] Pinging Non-Existing Test Server OK!
[2023-05-24 16:47:13.657] [main] [info] Pinging Non-Existing Test Server   ...DONE!
[2023-05-24 16:47:13.657] [main] [info] Fetching timestamp...
std::chrono::system_clock::now().time_since_epoch()   :   1684939633657363925
get_seconds_since_epoch_now(bool verbose /* true */)   :   1684939633
minutes since epoch   :   28082327
minute of day   :   887
minute of hour   :   47
hour of day   :   14
[2023-05-24 16:47:13.657] [main] [info] Checking timestamp.txt...
[2023-05-24 16:47:13.657] [main] [debug] The timestamp.txt is always written when watering is triggered. It is read to check if I was already done with watering some minutes ago.
previous time_stamp:   28081537
[2023-05-24 16:47:13.657] [main] [info] Checking timestamp.txt   ...DONE!
[2023-05-24 16:47:13.657] [main] [info] It's not time for watering now!
[2023-05-24 16:47:13.657] [main] [info] Minute Intraday:   887
[2023-05-24 16:47:13.657] [main] [info] Days since Epoch:   19501
%%%%%%%%%%     [4] Run the executable   ...DONE!
elapsed time:   5s
=====================================================================================================
