=====================================================================================================
%%%%%%%%%%     [4] Run the executable...
>Please note:  Even if all builds failed, the last built executable is still there and will be started!
> sudo -u mayadm ./ur-unix-run.sh
[2023-05-25 00:55:01.700] [main] [info] Pinging Pump Server Mayson...
[2023-05-25 00:55:01.816] [main] [info] Pump Server ping OK!
[2023-05-25 00:55:01.816] [main] [info] Pinging Pump Server Mayson   ...DONE!
[2023-05-25 00:55:01.816] [main] [info] Pinging all valve stations...
[2023-05-25 00:55:02.124] [main] [info] James ping OK!
[2023-05-25 00:55:02.124] [main] [info] Lucas ping OK!
[2023-05-25 00:55:02.124] [main] [info] Felix ping OK!
[2023-05-25 00:55:02.124] [main] [info] Pinging all valve stations   ...DONE!
[2023-05-25 00:55:02.124] [main] [info] Pinging Non-Existing Test Server...
[2023-05-25 00:55:05.196] [main] [info] Pinging Non-Existing Test Server OK!
[2023-05-25 00:55:05.196] [main] [info] Pinging Non-Existing Test Server   ...DONE!
[2023-05-25 00:55:05.196] [main] [info] Fetching timestamp...
std::chrono::system_clock::now().time_since_epoch()   :   1684968905196207423
get_seconds_since_epoch_now(bool verbose /* true */)   :   1684968905
minutes since epoch   :   28082815
minute of day   :   1375
minute of hour   :   55
hour of day   :   22
[2023-05-25 00:55:05.196] [main] [info] Checking timestamp.txt...
[2023-05-25 00:55:05.196] [main] [debug] The timestamp.txt is always written when watering is triggered. It is read to check if I was already done with watering some minutes ago.
previous time_stamp:   28081537
[2023-05-25 00:55:05.196] [main] [info] Checking timestamp.txt   ...DONE!
[2023-05-25 00:55:05.196] [main] [info] It's not time for watering now!
[2023-05-25 00:55:05.196] [main] [info] Minute Intraday:   1375
[2023-05-25 00:55:05.196] [main] [info] Days since Epoch:   19501
%%%%%%%%%%     [4] Run the executable   ...DONE!
elapsed time:   4s
=====================================================================================================
