=====================================================================================================
%%%%%%%%%%     [4] Run the executable...
>Please note:  Even if all builds failed, the last built executable is still there and will be started!
> sudo -u mayadm ./ur-unix-run.sh
[2023-05-25 21:31:58.631] [main] [info] Pinging Pump Server Mayson...
[2023-05-25 21:31:58.721] [main] [info] Pump Server ping OK!
[2023-05-25 21:31:58.721] [main] [info] Pinging Pump Server Mayson   ...DONE!
[2023-05-25 21:31:58.721] [main] [info] Pinging all valve stations...
[2023-05-25 21:31:59.029] [main] [info] James ping OK!
[2023-05-25 21:31:59.029] [main] [info] Lucas ping OK!
[2023-05-25 21:31:59.029] [main] [info] Felix ping OK!
[2023-05-25 21:31:59.029] [main] [info] Pinging all valve stations   ...DONE!
[2023-05-25 21:31:59.029] [main] [info] Pinging Non-Existing Test Server...
[2023-05-25 21:32:02.093] [main] [info] Pinging Non-Existing Test Server OK!
[2023-05-25 21:32:02.093] [main] [info] Pinging Non-Existing Test Server   ...DONE!
[2023-05-25 21:32:02.093] [main] [info] Fetching timestamp...
std::chrono::system_clock::now().time_since_epoch()   :   1685043122093207268
get_seconds_since_epoch_now(bool verbose /* true */)   :   1685043122
minutes since epoch   :   28084052
minute of day   :   1172
minute of hour   :   32
hour of day   :   19
[2023-05-25 21:32:02.093] [main] [info] Checking timestamp.txt...
[2023-05-25 21:32:02.093] [main] [debug] The timestamp.txt is always written when watering is triggered. It is read to check if I was already done with watering some minutes ago.
previous time_stamp:   28082977
[2023-05-25 21:32:02.093] [main] [info] Checking timestamp.txt   ...DONE!
[2023-05-25 21:32:02.093] [main] [info] It's not time for watering now!
[2023-05-25 21:32:02.093] [main] [info] Minute Intraday:   1172
[2023-05-25 21:32:02.093] [main] [info] Days since Epoch:   19502
%%%%%%%%%%     [4] Run the executable   ...DONE!
elapsed time:   4s
=====================================================================================================
