=====================================================================================================
%%%%%%%%%%     [4] Run the executable...
>Please note:  Even if all builds failed, the last built executable is still there and will be started!
> sudo -u mayadm ./ur-unix-run.sh
[2023-05-26 05:16:21.421] [main] [info] Pinging Pump Server Mayson...
[2023-05-26 05:16:21.535] [main] [info] Pump Server ping OK!
[2023-05-26 05:16:21.535] [main] [info] Pinging Pump Server Mayson   ...DONE!
[2023-05-26 05:16:21.535] [main] [info] Pinging all valve stations...
[2023-05-26 05:16:21.844] [main] [info] James ping OK!
[2023-05-26 05:16:21.844] [main] [info] Lucas ping OK!
[2023-05-26 05:16:21.844] [main] [info] Felix ping OK!
[2023-05-26 05:16:21.844] [main] [info] Pinging all valve stations   ...DONE!
[2023-05-26 05:16:21.844] [main] [info] Pinging Non-Existing Test Server...
[2023-05-26 05:16:24.905] [main] [info] Pinging Non-Existing Test Server OK!
[2023-05-26 05:16:24.905] [main] [info] Pinging Non-Existing Test Server   ...DONE!
[2023-05-26 05:16:24.905] [main] [info] Fetching timestamp...
std::chrono::system_clock::now().time_since_epoch()   :   1685070984906000825
get_seconds_since_epoch_now(bool verbose /* true */)   :   1685070984
minutes since epoch   :   28084516
minute of day   :   196
minute of hour   :   16
hour of day   :   3
[2023-05-26 05:16:24.906] [main] [info] Checking timestamp.txt...
[2023-05-26 05:16:24.906] [main] [debug] The timestamp.txt is always written when watering is triggered. It is read to check if I was already done with watering some minutes ago.
previous time_stamp:   28084417
[2023-05-26 05:16:24.906] [main] [info] Checking timestamp.txt   ...DONE!
[2023-05-26 05:16:24.906] [main] [info] It's not time for watering now!
[2023-05-26 05:16:24.906] [main] [info] Minute Intraday:   196
[2023-05-26 05:16:24.906] [main] [info] Days since Epoch:   19503
%%%%%%%%%%     [4] Run the executable   ...DONE!
elapsed time:   3s
=====================================================================================================
