=====================================================================================================
%%%%%%%%%%     [4] Run the executable...
>Please note:  Even if all builds failed, the last built executable is still there and will be started!
> sudo -u mayadm ./ur-unix-run.sh
[2023-05-26 22:53:43.172] [main] [info] Pinging Pump Server Mayson...
[2023-05-26 22:53:43.249] [main] [info] Pump Server ping OK!
[2023-05-26 22:53:43.249] [main] [info] Pinging Pump Server Mayson   ...DONE!
[2023-05-26 22:53:43.249] [main] [info] Pinging all valve stations...
[2023-05-26 22:53:45.596] [main] [info] James ping OK!
[2023-05-26 22:53:45.596] [main] [info] Lucas ping OK!
[2023-05-26 22:53:45.596] [main] [info] Felix ping OK!
[2023-05-26 22:53:45.596] [main] [info] Pinging all valve stations   ...DONE!
[2023-05-26 22:53:45.596] [main] [info] Pinging Non-Existing Test Server...
[2023-05-26 22:53:48.664] [main] [info] Pinging Non-Existing Test Server OK!
[2023-05-26 22:53:48.664] [main] [info] Pinging Non-Existing Test Server   ...DONE!
[2023-05-26 22:53:48.664] [main] [info] Fetching timestamp...
std::chrono::system_clock::now().time_since_epoch()   :   1685134428664612177
get_seconds_since_epoch_now(bool verbose /* true */)   :   1685134428
minutes since epoch   :   28085573
minute of day   :   1253
minute of hour   :   53
hour of day   :   20
[2023-05-26 22:53:48.664] [main] [info] Checking timestamp.txt...
[2023-05-26 22:53:48.664] [main] [debug] The timestamp.txt is always written when watering is triggered. It is read to check if I was already done with watering some minutes ago.
previous time_stamp:   28084417
[2023-05-26 22:53:48.664] [main] [info] Checking timestamp.txt   ...DONE!
[2023-05-26 22:53:48.664] [main] [info] It's not time for watering now!
[2023-05-26 22:53:48.664] [main] [info] Minute Intraday:   1253
[2023-05-26 22:53:48.664] [main] [info] Days since Epoch:   19503
%%%%%%%%%%     [4] Run the executable   ...DONE!
elapsed time:   5s
=====================================================================================================
