=====================================================================================================
%%%%%%%%%%     [6] Uploading logs and go sleeping...
> sudo -u mayadm git checkout artifacts
Zu Zweig »artifacts« gewechselt
Ihr Branch ist auf demselben Stand wie 'origin/artifacts'.
> sudo -u mayadm git pull
Bereits aktuell.
> sudo -u mayadm git merge maya-productive
Bereits aktuell.
> sudo -u mayadm git add "../artifacts/logs/7048-*.log" -f
> sudo -u mayadm git add "../artifacts/logs/7047-*.log" -f
> sudo -u mayadm git commit -m "logs at 2023-05-27--07h23"
[artifacts 1cbbb7f73] logs at 2023-05-27--07h23
 6 files changed, 287 insertions(+)
 create mode 100644 maya/artifacts/logs/7047--2023-05-27--06h43---6.log
 create mode 100644 maya/artifacts/logs/7048--2023-05-27--07h23---1.log
 create mode 100644 maya/artifacts/logs/7048--2023-05-27--07h23---2.log
 create mode 100644 maya/artifacts/logs/7048--2023-05-27--07h23---3.log
 create mode 100644 maya/artifacts/logs/7048--2023-05-27--07h23---4.log
 create mode 100644 maya/artifacts/logs/7048--2023-05-27--07h23---5.log
> sudo -u mayadm git push
remote: Resolving deltas:   0% (0/3)        remote: Resolving deltas:  33% (1/3)        remote: Resolving deltas:  66% (2/3)        remote: Resolving deltas: 100% (3/3)        remote: Resolving deltas: 100% (3/3), completed with 3 local objects.        
To https://github.com/Necktschnagge/wired-watering
   b5421688c..1cbbb7f73  artifacts -> artifacts
> sudo -u mayadm git checkout maya-productive
Zu Zweig »maya-productive« gewechselt
Ihr Branch ist auf demselben Stand wie 'origin/maya-productive'.
> sudo -u mayadm git push
Everything up-to-date
##############################################################
###################                        ###################
###################     GOING TO SLEEP     ###################
###################                        ###################
##############################################################
#######                                                #######
#######   Press CTRL + C NOW to abort script safely!   #######
#######                                                #######
##############################################################
##############################################################
#######                                                #######
#######               NOW GOING TO SLEEP               #######
#######                                                #######
##############################################################
> rtcwake -m mem -s 2400
rtcwake: RTC wird als UTC interpretiert …
rtcwake: aufwachen von „mem“ durch /dev/rtc0 bei Sat May 27 06:04:14 2023
##############################################################
#######                                                #######
#######            just waked up from sleep            #######
#######                                                #######
##############################################################
%%%%%%%%%%     [6] Uploading logs and go sleeping   ...DONE!
elapsed time:   2422s
=====================================================================================================
