=====================================================================================================
%%%%%%%%%%     [4] Run the executable...
>Please note:  Even if all builds failed, the last built executable is still there and will be started!
> sudo -u mayadm ./ur-unix-run.sh
[2023-05-27 23:40:14.966] [main] [info] Pinging Pump Server Mayson...
[2023-05-27 23:40:15.064] [main] [info] Pump Server ping OK!
[2023-05-27 23:40:15.064] [main] [info] Pinging Pump Server Mayson   ...DONE!
[2023-05-27 23:40:15.064] [main] [info] Pinging all valve stations...
[2023-05-27 23:40:15.370] [main] [info] James ping OK!
[2023-05-27 23:40:15.370] [main] [info] Lucas ping OK!
[2023-05-27 23:40:15.370] [main] [info] Felix ping OK!
[2023-05-27 23:40:15.370] [main] [info] Pinging all valve stations   ...DONE!
[2023-05-27 23:40:15.370] [main] [info] Pinging Non-Existing Test Server...
[2023-05-27 23:40:18.424] [main] [info] Pinging Non-Existing Test Server OK!
[2023-05-27 23:40:18.424] [main] [info] Pinging Non-Existing Test Server   ...DONE!
[2023-05-27 23:40:18.424] [main] [info] Fetching timestamp...
std::chrono::system_clock::now().time_since_epoch()   :   1685223618424321045
get_seconds_since_epoch_now(bool verbose /* true */)   :   1685223618
minutes since epoch   :   28087060
minute of day   :   1300
minute of hour   :   40
hour of day   :   21
[2023-05-27 23:40:18.424] [main] [info] Checking timestamp.txt...
[2023-05-27 23:40:18.424] [main] [debug] The timestamp.txt is always written when watering is triggered. It is read to check if I was already done with watering some minutes ago.
previous time_stamp:   28085858
[2023-05-27 23:40:18.424] [main] [info] Checking timestamp.txt   ...DONE!
[2023-05-27 23:40:18.424] [main] [info] It's not time for watering now!
[2023-05-27 23:40:18.424] [main] [info] Minute Intraday:   1300
[2023-05-27 23:40:18.424] [main] [info] Days since Epoch:   19504
%%%%%%%%%%     [4] Run the executable   ...DONE!
elapsed time:   4s
=====================================================================================================
