=====================================================================================================
%%%%%%%%%%     [4] Run the executable...
>Please note:  Even if all builds failed, the last built executable is still there and will be started!
> sudo -u mayadm ./ur-unix-run.sh
[2023-05-28 03:04:26.792] [main] [info] Pinging Pump Server Mayson...
[2023-05-28 03:04:26.876] [main] [info] Pump Server ping OK!
[2023-05-28 03:04:26.876] [main] [info] Pinging Pump Server Mayson   ...DONE!
[2023-05-28 03:04:26.876] [main] [info] Pinging all valve stations...
[2023-05-28 03:04:27.181] [main] [info] James ping OK!
[2023-05-28 03:04:27.181] [main] [info] Lucas ping OK!
[2023-05-28 03:04:27.181] [main] [info] Felix ping OK!
[2023-05-28 03:04:27.181] [main] [info] Pinging all valve stations   ...DONE!
[2023-05-28 03:04:27.182] [main] [info] Pinging Non-Existing Test Server...
[2023-05-28 03:04:30.249] [main] [info] Pinging Non-Existing Test Server OK!
[2023-05-28 03:04:30.249] [main] [info] Pinging Non-Existing Test Server   ...DONE!
[2023-05-28 03:04:30.249] [main] [info] Fetching timestamp...
std::chrono::system_clock::now().time_since_epoch()   :   1685235870249159295
get_seconds_since_epoch_now(bool verbose /* true */)   :   1685235870
minutes since epoch   :   28087264
minute of day   :   64
minute of hour   :   4
hour of day   :   1
[2023-05-28 03:04:30.249] [main] [info] Checking timestamp.txt...
[2023-05-28 03:04:30.249] [main] [debug] The timestamp.txt is always written when watering is triggered. It is read to check if I was already done with watering some minutes ago.
previous time_stamp:   28085858
[2023-05-28 03:04:30.249] [main] [info] Checking timestamp.txt   ...DONE!
[2023-05-28 03:04:30.249] [main] [info] It's not time for watering now!
[2023-05-28 03:04:30.249] [main] [info] Minute Intraday:   64
[2023-05-28 03:04:30.249] [main] [info] Days since Epoch:   19505
%%%%%%%%%%     [4] Run the executable   ...DONE!
elapsed time:   4s
=====================================================================================================
