=====================================================================================================
%%%%%%%%%%     [4] Run the executable...
>Please note:  Even if all builds failed, the last built executable is still there and will be started!
> sudo -u mayadm ./ur-unix-run.sh
[2023-05-28 13:44:21.434] [main] [info] Pinging Pump Server Mayson...
[2023-05-28 13:44:21.534] [main] [info] Pump Server ping OK!
[2023-05-28 13:44:21.534] [main] [info] Pinging Pump Server Mayson   ...DONE!
[2023-05-28 13:44:21.534] [main] [info] Pinging all valve stations...
[2023-05-28 13:44:22.876] [main] [info] James ping OK!
[2023-05-28 13:44:22.876] [main] [info] Lucas ping OK!
[2023-05-28 13:44:22.876] [main] [info] Felix ping OK!
[2023-05-28 13:44:22.876] [main] [info] Pinging all valve stations   ...DONE!
[2023-05-28 13:44:22.876] [main] [info] Pinging Non-Existing Test Server...
[2023-05-28 13:44:25.944] [main] [info] Pinging Non-Existing Test Server OK!
[2023-05-28 13:44:25.944] [main] [info] Pinging Non-Existing Test Server   ...DONE!
[2023-05-28 13:44:25.944] [main] [info] Fetching timestamp...
std::chrono::system_clock::now().time_since_epoch()   :   1685274265944794965
get_seconds_since_epoch_now(bool verbose /* true */)   :   1685274265
minutes since epoch   :   28087904
minute of day   :   704
minute of hour   :   44
hour of day   :   11
[2023-05-28 13:44:25.944] [main] [info] Checking timestamp.txt...
[2023-05-28 13:44:25.944] [main] [debug] The timestamp.txt is always written when watering is triggered. It is read to check if I was already done with watering some minutes ago.
previous time_stamp:   28087305
[2023-05-28 13:44:25.945] [main] [info] Checking timestamp.txt   ...DONE!
[2023-05-28 13:44:25.945] [main] [info] It's not time for watering now!
[2023-05-28 13:44:25.945] [main] [info] Minute Intraday:   704
[2023-05-28 13:44:25.945] [main] [info] Days since Epoch:   19505
%%%%%%%%%%     [4] Run the executable   ...DONE!
elapsed time:   4s
=====================================================================================================
