=====================================================================================================
%%%%%%%%%%     [4] Run the executable...
>Please note:  Even if all builds failed, the last built executable is still there and will be started!
> sudo -u mayadm ./ur-unix-run.sh
[2023-05-29 06:02:04.504] [main] [info] Pinging Pump Server Mayson...
[2023-05-29 06:02:04.579] [main] [info] Pump Server ping OK!
[2023-05-29 06:02:04.579] [main] [info] Pinging Pump Server Mayson   ...DONE!
[2023-05-29 06:02:04.579] [main] [info] Pinging all valve stations...
[2023-05-29 06:02:04.886] [main] [info] James ping OK!
[2023-05-29 06:02:04.886] [main] [info] Lucas ping OK!
[2023-05-29 06:02:04.886] [main] [info] Felix ping OK!
[2023-05-29 06:02:04.886] [main] [info] Pinging all valve stations   ...DONE!
[2023-05-29 06:02:04.886] [main] [info] Pinging Non-Existing Test Server...
[2023-05-29 06:02:07.961] [main] [info] Pinging Non-Existing Test Server OK!
[2023-05-29 06:02:07.961] [main] [info] Pinging Non-Existing Test Server   ...DONE!
[2023-05-29 06:02:07.961] [main] [info] Fetching timestamp...
std::chrono::system_clock::now().time_since_epoch()   :   1685332927961707070
get_seconds_since_epoch_now(bool verbose /* true */)   :   1685332927
minutes since epoch   :   28088882
minute of day   :   242
minute of hour   :   2
hour of day   :   4
[2023-05-29 06:02:07.961] [main] [info] Checking timestamp.txt...
[2023-05-29 06:02:07.961] [main] [debug] The timestamp.txt is always written when watering is triggered. It is read to check if I was already done with watering some minutes ago.
previous time_stamp:   28088738
[2023-05-29 06:02:07.961] [main] [info] Checking timestamp.txt   ...DONE!
[2023-05-29 06:02:07.961] [main] [info] It's not time for watering now!
[2023-05-29 06:02:07.961] [main] [info] Minute Intraday:   242
[2023-05-29 06:02:07.961] [main] [info] Days since Epoch:   19506
%%%%%%%%%%     [4] Run the executable   ...DONE!
elapsed time:   3s
=====================================================================================================
