=====================================================================================================
%%%%%%%%%%     [4] Run the executable...
>Please note:  Even if all builds failed, the last built executable is still there and will be started!
> sudo -u mayadm ./ur-unix-run.sh
[2023-05-29 08:03:45.602] [main] [info] Pinging Pump Server Mayson...
[2023-05-29 08:03:45.688] [main] [info] Pump Server ping OK!
[2023-05-29 08:03:45.688] [main] [info] Pinging Pump Server Mayson   ...DONE!
[2023-05-29 08:03:45.688] [main] [info] Pinging all valve stations...
[2023-05-29 08:03:45.993] [main] [info] James ping OK!
[2023-05-29 08:03:45.993] [main] [info] Lucas ping OK!
[2023-05-29 08:03:45.993] [main] [info] Felix ping OK!
[2023-05-29 08:03:45.993] [main] [info] Pinging all valve stations   ...DONE!
[2023-05-29 08:03:45.993] [main] [info] Pinging Non-Existing Test Server...
[2023-05-29 08:03:49.071] [main] [info] Pinging Non-Existing Test Server OK!
[2023-05-29 08:03:49.071] [main] [info] Pinging Non-Existing Test Server   ...DONE!
[2023-05-29 08:03:49.071] [main] [info] Fetching timestamp...
std::chrono::system_clock::now().time_since_epoch()   :   1685340229071303100
get_seconds_since_epoch_now(bool verbose /* true */)   :   1685340229
minutes since epoch   :   28089003
minute of day   :   363
minute of hour   :   3
hour of day   :   6
[2023-05-29 08:03:49.071] [main] [info] Checking timestamp.txt...
[2023-05-29 08:03:49.071] [main] [debug] The timestamp.txt is always written when watering is triggered. It is read to check if I was already done with watering some minutes ago.
previous time_stamp:   28088738
[2023-05-29 08:03:49.071] [main] [info] Checking timestamp.txt   ...DONE!
[2023-05-29 08:03:49.071] [main] [info] It's not time for watering now!
[2023-05-29 08:03:49.071] [main] [info] Minute Intraday:   363
[2023-05-29 08:03:49.071] [main] [info] Days since Epoch:   19506
%%%%%%%%%%     [4] Run the executable   ...DONE!
elapsed time:   4s
=====================================================================================================
