=====================================================================================================
%%%%%%%%%%     [4] Run the executable...
>Please note:  Even if all builds failed, the last built executable is still there and will be started!
> sudo -u mayadm ./ur-unix-run.sh
[2023-05-29 09:24:53.616] [main] [info] Pinging Pump Server Mayson...
[2023-05-29 09:24:53.645] [main] [info] Pump Server ping OK!
[2023-05-29 09:24:53.645] [main] [info] Pinging Pump Server Mayson   ...DONE!
[2023-05-29 09:24:53.645] [main] [info] Pinging all valve stations...
[2023-05-29 09:24:53.952] [main] [info] James ping OK!
[2023-05-29 09:24:53.953] [main] [info] Lucas ping OK!
[2023-05-29 09:24:53.953] [main] [info] Felix ping OK!
[2023-05-29 09:24:53.953] [main] [info] Pinging all valve stations   ...DONE!
[2023-05-29 09:24:53.953] [main] [info] Pinging Non-Existing Test Server...
[2023-05-29 09:24:57.024] [main] [info] Pinging Non-Existing Test Server OK!
[2023-05-29 09:24:57.024] [main] [info] Pinging Non-Existing Test Server   ...DONE!
[2023-05-29 09:24:57.024] [main] [info] Fetching timestamp...
std::chrono::system_clock::now().time_since_epoch()   :   1685345097024464341
get_seconds_since_epoch_now(bool verbose /* true */)   :   1685345097
minutes since epoch   :   28089084
minute of day   :   444
minute of hour   :   24
hour of day   :   7
[2023-05-29 09:24:57.024] [main] [info] Checking timestamp.txt...
[2023-05-29 09:24:57.024] [main] [debug] The timestamp.txt is always written when watering is triggered. It is read to check if I was already done with watering some minutes ago.
previous time_stamp:   28088738
[2023-05-29 09:24:57.024] [main] [info] Checking timestamp.txt   ...DONE!
[2023-05-29 09:24:57.024] [main] [info] It's not time for watering now!
[2023-05-29 09:24:57.024] [main] [info] Minute Intraday:   444
[2023-05-29 09:24:57.024] [main] [info] Days since Epoch:   19506
%%%%%%%%%%     [4] Run the executable   ...DONE!
elapsed time:   4s
=====================================================================================================
