=====================================================================================================
%%%%%%%%%%     [4] Run the executable...
>Please note:  Even if all builds failed, the last built executable is still there and will be started!
> sudo -u mayadm ./ur-unix-run.sh
[2023-05-29 22:24:18.639] [main] [info] Pinging Pump Server Mayson...
[2023-05-29 22:24:18.689] [main] [info] Pump Server ping OK!
[2023-05-29 22:24:18.689] [main] [info] Pinging Pump Server Mayson   ...DONE!
[2023-05-29 22:24:18.689] [main] [info] Pinging all valve stations...
[2023-05-29 22:24:18.998] [main] [info] James ping OK!
[2023-05-29 22:24:18.998] [main] [info] Lucas ping OK!
[2023-05-29 22:24:18.998] [main] [info] Felix ping OK!
[2023-05-29 22:24:18.998] [main] [info] Pinging all valve stations   ...DONE!
[2023-05-29 22:24:18.998] [main] [info] Pinging Non-Existing Test Server...
[2023-05-29 22:24:22.076] [main] [info] Pinging Non-Existing Test Server OK!
[2023-05-29 22:24:22.076] [main] [info] Pinging Non-Existing Test Server   ...DONE!
[2023-05-29 22:24:22.076] [main] [info] Fetching timestamp...
std::chrono::system_clock::now().time_since_epoch()   :   1685391862076949070
get_seconds_since_epoch_now(bool verbose /* true */)   :   1685391862
minutes since epoch   :   28089864
minute of day   :   1224
minute of hour   :   24
hour of day   :   20
[2023-05-29 22:24:22.077] [main] [info] Checking timestamp.txt...
[2023-05-29 22:24:22.077] [main] [debug] The timestamp.txt is always written when watering is triggered. It is read to check if I was already done with watering some minutes ago.
previous time_stamp:   28088738
[2023-05-29 22:24:22.077] [main] [info] Checking timestamp.txt   ...DONE!
[2023-05-29 22:24:22.077] [main] [info] It's not time for watering now!
[2023-05-29 22:24:22.077] [main] [info] Minute Intraday:   1224
[2023-05-29 22:24:22.077] [main] [info] Days since Epoch:   19506
%%%%%%%%%%     [4] Run the executable   ...DONE!
elapsed time:   4s
=====================================================================================================
