=====================================================================================================
%%%%%%%%%%     [4] Run the executable...
>Please note:  Even if all builds failed, the last built executable is still there and will be started!
> sudo -u mayadm ./ur-unix-run.sh
[2023-05-30 11:11:41.150] [main] [info] Pinging Pump Server Mayson...
[2023-05-30 11:11:41.192] [main] [info] Pump Server ping OK!
[2023-05-30 11:11:41.192] [main] [info] Pinging Pump Server Mayson   ...DONE!
[2023-05-30 11:11:41.192] [main] [info] Pinging all valve stations...
[2023-05-30 11:11:41.500] [main] [info] James ping OK!
[2023-05-30 11:11:41.500] [main] [info] Lucas ping OK!
[2023-05-30 11:11:41.500] [main] [info] Felix ping OK!
[2023-05-30 11:11:41.500] [main] [info] Pinging all valve stations   ...DONE!
[2023-05-30 11:11:41.500] [main] [info] Pinging Non-Existing Test Server...
[2023-05-30 11:11:44.572] [main] [info] Pinging Non-Existing Test Server OK!
[2023-05-30 11:11:44.572] [main] [info] Pinging Non-Existing Test Server   ...DONE!
[2023-05-30 11:11:44.572] [main] [info] Fetching timestamp...
std::chrono::system_clock::now().time_since_epoch()   :   1685437904572163051
get_seconds_since_epoch_now(bool verbose /* true */)   :   1685437904
minutes since epoch   :   28090631
minute of day   :   551
minute of hour   :   11
hour of day   :   9
[2023-05-30 11:11:44.572] [main] [info] Checking timestamp.txt...
[2023-05-30 11:11:44.572] [main] [debug] The timestamp.txt is always written when watering is triggered. It is read to check if I was already done with watering some minutes ago.
previous time_stamp:   28090188
[2023-05-30 11:11:44.572] [main] [info] Checking timestamp.txt   ...DONE!
[2023-05-30 11:11:44.572] [main] [info] It's not time for watering now!
[2023-05-30 11:11:44.572] [main] [info] Minute Intraday:   551
[2023-05-30 11:11:44.572] [main] [info] Days since Epoch:   19507
%%%%%%%%%%     [4] Run the executable   ...DONE!
elapsed time:   3s
=====================================================================================================
