=====================================================================================================
%%%%%%%%%%     [4] Run the executable...
>Please note:  Even if all builds failed, the last built executable is still there and will be started!
> sudo -u mayadm ./ur-unix-run.sh
[2023-05-30 12:32:50.152] [main] [info] Pinging Pump Server Mayson...
[2023-05-30 12:32:50.197] [main] [info] Pump Server ping OK!
[2023-05-30 12:32:50.197] [main] [info] Pinging Pump Server Mayson   ...DONE!
[2023-05-30 12:32:50.197] [main] [info] Pinging all valve stations...
[2023-05-30 12:32:53.477] [main] [error] Fatal: James not available!
[2023-05-30 12:32:53.477] [main] [info] Lucas ping OK!
[2023-05-30 12:32:53.477] [main] [info] Felix ping OK!
[2023-05-30 12:32:53.477] [main] [info] Pinging all valve stations   ...DONE!
[2023-05-30 12:32:53.477] [main] [info] Pinging Non-Existing Test Server...
[2023-05-30 12:32:56.531] [main] [info] Pinging Non-Existing Test Server OK!
[2023-05-30 12:32:56.531] [main] [info] Pinging Non-Existing Test Server   ...DONE!
[2023-05-30 12:32:56.531] [main] [info] Pinging Pump Server Mayson...
[2023-05-30 12:32:56.645] [main] [info] Pump Server ping OK!
[2023-05-30 12:32:56.645] [main] [info] Pinging Pump Server Mayson   ...DONE!
[2023-05-30 12:32:56.645] [main] [info] Pinging all valve stations...
[2023-05-30 12:32:57.874] [main] [info] James ping OK!
[2023-05-30 12:32:57.874] [main] [info] Lucas ping OK!
[2023-05-30 12:32:57.874] [main] [info] Felix ping OK!
[2023-05-30 12:32:57.874] [main] [info] Pinging all valve stations   ...DONE!
[2023-05-30 12:32:57.874] [main] [info] Pinging Non-Existing Test Server...
[2023-05-30 12:33:00.947] [main] [info] Pinging Non-Existing Test Server OK!
[2023-05-30 12:33:00.947] [main] [info] Pinging Non-Existing Test Server   ...DONE!
[2023-05-30 12:33:00.947] [main] [info] Fetching timestamp...
std::chrono::system_clock::now().time_since_epoch()   :   1685442780947153567
get_seconds_since_epoch_now(bool verbose /* true */)   :   1685442780
minutes since epoch   :   28090713
minute of day   :   633
minute of hour   :   33
hour of day   :   10
[2023-05-30 12:33:00.947] [main] [info] Checking timestamp.txt...
[2023-05-30 12:33:00.947] [main] [debug] The timestamp.txt is always written when watering is triggered. It is read to check if I was already done with watering some minutes ago.
previous time_stamp:   28090188
[2023-05-30 12:33:00.947] [main] [info] Checking timestamp.txt   ...DONE!
[2023-05-30 12:33:00.947] [main] [info] It's not time for watering now!
[2023-05-30 12:33:00.947] [main] [info] Minute Intraday:   633
[2023-05-30 12:33:00.947] [main] [info] Days since Epoch:   19507
%%%%%%%%%%     [4] Run the executable   ...DONE!
elapsed time:   10s
=====================================================================================================
