=====================================================================================================
%%%%%%%%%%     [4] Run the executable...
>Please note:  Even if all builds failed, the last built executable is still there and will be started!
> sudo -u mayadm ./ur-unix-run.sh
[2023-05-30 14:34:48.282] [main] [info] Pinging Pump Server Mayson...
[2023-05-30 14:34:48.404] [main] [info] Pump Server ping OK!
[2023-05-30 14:34:48.404] [main] [info] Pinging Pump Server Mayson   ...DONE!
[2023-05-30 14:34:48.404] [main] [info] Pinging all valve stations...
[2023-05-30 14:34:48.711] [main] [info] James ping OK!
[2023-05-30 14:34:48.711] [main] [info] Lucas ping OK!
[2023-05-30 14:34:48.711] [main] [info] Felix ping OK!
[2023-05-30 14:34:48.711] [main] [info] Pinging all valve stations   ...DONE!
[2023-05-30 14:34:48.711] [main] [info] Pinging Non-Existing Test Server...
[2023-05-30 14:34:51.767] [main] [info] Pinging Non-Existing Test Server OK!
[2023-05-30 14:34:51.767] [main] [info] Pinging Non-Existing Test Server   ...DONE!
[2023-05-30 14:34:51.767] [main] [info] Fetching timestamp...
std::chrono::system_clock::now().time_since_epoch()   :   1685450091767771039
get_seconds_since_epoch_now(bool verbose /* true */)   :   1685450091
minutes since epoch   :   28090834
minute of day   :   754
minute of hour   :   34
hour of day   :   12
[2023-05-30 14:34:51.767] [main] [info] Checking timestamp.txt...
[2023-05-30 14:34:51.767] [main] [debug] The timestamp.txt is always written when watering is triggered. It is read to check if I was already done with watering some minutes ago.
previous time_stamp:   28090188
[2023-05-30 14:34:51.767] [main] [info] Checking timestamp.txt   ...DONE!
[2023-05-30 14:34:51.767] [main] [info] It's not time for watering now!
[2023-05-30 14:34:51.768] [main] [info] Minute Intraday:   754
[2023-05-30 14:34:51.768] [main] [info] Days since Epoch:   19507
%%%%%%%%%%     [4] Run the executable   ...DONE!
elapsed time:   3s
=====================================================================================================
