=====================================================================================================
%%%%%%%%%%     [4] Run the executable...
>Please note:  Even if all builds failed, the last built executable is still there and will be started!
> sudo -u mayadm ./ur-unix-run.sh
[2023-05-31 14:37:39.282] [main] [info] Pinging Pump Server Mayson...
[2023-05-31 14:37:39.321] [main] [info] Pump Server ping OK!
[2023-05-31 14:37:39.321] [main] [info] Pinging Pump Server Mayson   ...DONE!
[2023-05-31 14:37:39.321] [main] [info] Pinging all valve stations...
[2023-05-31 14:37:40.550] [main] [info] James ping OK!
[2023-05-31 14:37:40.550] [main] [info] Lucas ping OK!
[2023-05-31 14:37:40.550] [main] [info] Felix ping OK!
[2023-05-31 14:37:40.550] [main] [info] Pinging all valve stations   ...DONE!
[2023-05-31 14:37:40.550] [main] [info] Pinging Non-Existing Test Server...
[2023-05-31 14:37:43.632] [main] [info] Pinging Non-Existing Test Server OK!
[2023-05-31 14:37:43.632] [main] [info] Pinging Non-Existing Test Server   ...DONE!
[2023-05-31 14:37:43.632] [main] [info] Fetching timestamp...
std::chrono::system_clock::now().time_since_epoch()   :   1685536663632907107
get_seconds_since_epoch_now(bool verbose /* true */)   :   1685536663
minutes since epoch   :   28092277
minute of day   :   757
minute of hour   :   37
hour of day   :   12
[2023-05-31 14:37:43.632] [main] [info] Checking timestamp.txt...
[2023-05-31 14:37:43.632] [main] [debug] The timestamp.txt is always written when watering is triggered. It is read to check if I was already done with watering some minutes ago.
previous time_stamp:   28091646
[2023-05-31 14:37:43.633] [main] [info] Checking timestamp.txt   ...DONE!
[2023-05-31 14:37:43.633] [main] [info] It's not time for watering now!
[2023-05-31 14:37:43.633] [main] [info] Minute Intraday:   757
[2023-05-31 14:37:43.633] [main] [info] Days since Epoch:   19508
%%%%%%%%%%     [4] Run the executable   ...DONE!
elapsed time:   4s
=====================================================================================================
