=====================================================================================================
%%%%%%%%%%     [4] Run the executable...
>Please note:  Even if all builds failed, the last built executable is still there and will be started!
> sudo -u mayadm ./ur-unix-run.sh
[2023-06-01 17:38:03.640] [main] [info] Pinging Pump Server Mayson...
[2023-06-01 17:38:03.763] [main] [info] Pump Server ping OK!
[2023-06-01 17:38:03.763] [main] [info] Pinging Pump Server Mayson   ...DONE!
[2023-06-01 17:38:03.763] [main] [info] Pinging all valve stations...
[2023-06-01 17:38:04.071] [main] [info] James ping OK!
[2023-06-01 17:38:04.071] [main] [info] Lucas ping OK!
[2023-06-01 17:38:04.071] [main] [info] Felix ping OK!
[2023-06-01 17:38:04.071] [main] [info] Pinging all valve stations   ...DONE!
[2023-06-01 17:38:04.071] [main] [info] Pinging Non-Existing Test Server...
[2023-06-01 17:38:07.129] [main] [info] Pinging Non-Existing Test Server OK!
[2023-06-01 17:38:07.129] [main] [info] Pinging Non-Existing Test Server   ...DONE!
[2023-06-01 17:38:07.129] [main] [info] Fetching timestamp...
std::chrono::system_clock::now().time_since_epoch()   :   1685633887129715906
get_seconds_since_epoch_now(bool verbose /* true */)   :   1685633887
minutes since epoch   :   28093898
minute of day   :   938
minute of hour   :   38
hour of day   :   15
[2023-06-01 17:38:07.129] [main] [info] Checking timestamp.txt...
[2023-06-01 17:38:07.129] [main] [debug] The timestamp.txt is always written when watering is triggered. It is read to check if I was already done with watering some minutes ago.
previous time_stamp:   28093089
[2023-06-01 17:38:07.129] [main] [info] Checking timestamp.txt   ...DONE!
[2023-06-01 17:38:07.129] [main] [info] It's not time for watering now!
[2023-06-01 17:38:07.129] [main] [info] Minute Intraday:   938
[2023-06-01 17:38:07.129] [main] [info] Days since Epoch:   19509
%%%%%%%%%%     [4] Run the executable   ...DONE!
elapsed time:   4s
=====================================================================================================
