=====================================================================================================
%%%%%%%%%%     [4] Run the executable...
>Please note:  Even if all builds failed, the last built executable is still there and will be started!
> sudo -u mayadm ./ur-unix-run.sh
[2023-06-03 03:51:15.006] [main] [info] Pinging Pump Server Mayson...
[2023-06-03 03:51:16.087] [main] [info] Pump Server ping OK!
[2023-06-03 03:51:16.087] [main] [info] Pinging Pump Server Mayson   ...DONE!
[2023-06-03 03:51:16.087] [main] [info] Pinging all valve stations...
[2023-06-03 03:51:16.394] [main] [info] James ping OK!
[2023-06-03 03:51:16.394] [main] [info] Lucas ping OK!
[2023-06-03 03:51:16.394] [main] [info] Felix ping OK!
[2023-06-03 03:51:16.394] [main] [info] Pinging all valve stations   ...DONE!
[2023-06-03 03:51:16.394] [main] [info] Pinging Non-Existing Test Server...
[2023-06-03 03:51:19.450] [main] [info] Pinging Non-Existing Test Server OK!
[2023-06-03 03:51:19.450] [main] [info] Pinging Non-Existing Test Server   ...DONE!
[2023-06-03 03:51:19.450] [main] [info] Fetching timestamp...
std::chrono::system_clock::now().time_since_epoch()   :   1685757079450693632
get_seconds_since_epoch_now(bool verbose /* true */)   :   1685757079
minutes since epoch   :   28095951
minute of day   :   111
minute of hour   :   51
hour of day   :   1
[2023-06-03 03:51:19.450] [main] [info] Checking timestamp.txt...
[2023-06-03 03:51:19.450] [main] [debug] The timestamp.txt is always written when watering is triggered. It is read to check if I was already done with watering some minutes ago.
previous time_stamp:   28094507
[2023-06-03 03:51:19.450] [main] [info] Checking timestamp.txt   ...DONE!
Wrote to timestamp.txt
Send request to pump relay:
URL:   http://192.168.1.10:80/status?auto=off&system=off&manual=off
Response:
status code:   200
text:
{
 "server-name" : "pump-relay-mayson",
 "action" : "okay"
}
Send request to pump relay:
URL:   http://192.168.1.10:80/status?auto=on&system=on
Response:
status code:   200
text:
{
 "server-name" : "pump-relay-mayson",
 "action" : "okay"
}
Send valves at 1685757088
http://192.168.1.20:80/status?valves=1
200
{
 "server-name" : "valve-server-james",
 "action" : "okay"
}
Send valves at 1685757088
http://192.168.1.21:80/status?valves=4
200
{
 "server-name" : "valve-server-lucas",
 "action" : "okay"
}
Send valves at 1685757688
http://192.168.1.22:80/status?valves=2
200
{
 "server-name" : "valve-server-felix",
 "action" : "okay"
}
Send request to pump relay:
URL:   http://192.168.1.10:80/status?auto=off
Response:
status code:   200
text:
{
 "server-name" : "pump-relay-mayson",
 "action" : "okay"
}
Send request to pump relay:
URL:   http://192.168.1.10:80/status?auto=on
Response:
status code:   200
text:
{
 "server-name" : "pump-relay-mayson",
 "action" : "okay"
}
Send valves at 1685758298
http://192.168.1.20:80/status?valves=0
200
{
 "server-name" : "valve-server-james",
 "action" : "okay"
}
Send valves at 1685758298
http://192.168.1.22:80/status?valves=3
200
{
 "server-name" : "valve-server-felix",
 "action" : "okay"
}
Send valves at 1685758898
http://192.168.1.22:80/status?valves=1
200
{
 "server-name" : "valve-server-felix",
 "action" : "okay"
}
Send valves at 1685760398
http://192.168.1.21:80/status?valves=0
200
{
 "server-name" : "valve-server-lucas",
 "action" : "okay"
}
Send valves at 1685760398
http://192.168.1.22:80/status?valves=0
200
{
 "server-name" : "valve-server-felix",
 "action" : "okay"
}
Send valves at 1685760398
http://192.168.1.20:80/status?valves=0
200
{
 "server-name" : "valve-server-james",
 "action" : "okay"
}
Send request to pump relay:
URL:   http://192.168.1.10:80/status?auto=off
Response:
status code:   200
text:
{
 "server-name" : "pump-relay-mayson",
 "action" : "okay"
}
Send request to pump relay:
URL:   http://192.168.1.10:80/status?auto=on
Response:
status code:   200
text:
{
 "server-name" : "pump-relay-mayson",
 "action" : "okay"
}
Send valves at 1685760408
http://192.168.1.20:80/status?valves=6
200
{
 "server-name" : "valve-server-james",
 "action" : "okay"
}
Send valves at 1685760408
http://192.168.1.21:80/status?valves=1
200
{
 "server-name" : "valve-server-lucas",
 "action" : "okay"
}
Send valves at 1685761308
http://192.168.1.21:80/status?valves=0
200
{
 "server-name" : "valve-server-lucas",
 "action" : "okay"
}
Send valves at 1685761308
http://192.168.1.22:80/status?valves=0
200
{
 "server-name" : "valve-server-felix",
 "action" : "okay"
}
Send valves at 1685761308
http://192.168.1.20:80/status?valves=2
200
{
 "server-name" : "valve-server-james",
 "action" : "okay"
}
Send request to pump relay:
URL:   http://192.168.1.10:80/status?auto=off
Response:
status code:   200
text:
{
 "server-name" : "pump-relay-mayson",
 "action" : "okay"
}
Send request to pump relay:
URL:   http://192.168.1.10:80/status?auto=on
Response:
status code:   200
text:
{
 "server-name" : "pump-relay-mayson",
 "action" : "okay"
}
Send valves at 1685764018
http://192.168.1.21:80/status?valves=0
200
{
 "server-name" : "valve-server-lucas",
 "action" : "okay"
}
Send valves at 1685764018
http://192.168.1.22:80/status?valves=0
200
{
 "server-name" : "valve-server-felix",
 "action" : "okay"
}
Send valves at 1685764018
http://192.168.1.20:80/status?valves=0
200
{
 "server-name" : "valve-server-james",
 "action" : "okay"
}
Send request to pump relay:
URL:   http://192.168.1.10:80/status?auto=off
Response:
status code:   200
text:
{
 "server-name" : "pump-relay-mayson",
 "action" : "okay"
}
Send valves at 1685764048
http://192.168.1.22:80/status?valves=1
200
{
 "server-name" : "valve-server-felix",
 "action" : "okay"
}
Send valves at 1685764168
http://192.168.1.21:80/status?valves=0
200
{
 "server-name" : "valve-server-lucas",
 "action" : "okay"
}
Send valves at 1685764168
http://192.168.1.22:80/status?valves=0
200
{
 "server-name" : "valve-server-felix",
 "action" : "okay"
}
Send valves at 1685764168
http://192.168.1.20:80/status?valves=0
200
{
 "server-name" : "valve-server-james",
 "action" : "okay"
}
%%%%%%%%%%     [4] Run the executable   ...DONE!
elapsed time:   7094s
=====================================================================================================
