=====================================================================================================
%%%%%%%%%%     [4] Run the executable...
>Please note:  Even if all builds failed, the last built executable is still there and will be started!
> sudo -u mayadm ./ur-unix-run.sh
[2023-06-03 11:14:13.981] [main] [info] Pinging Pump Server Mayson...
[2023-06-03 11:14:14.040] [main] [info] Pump Server ping OK!
[2023-06-03 11:14:14.040] [main] [info] Pinging Pump Server Mayson   ...DONE!
[2023-06-03 11:14:14.040] [main] [info] Pinging all valve stations...
[2023-06-03 11:14:14.344] [main] [info] James ping OK!
[2023-06-03 11:14:14.344] [main] [info] Lucas ping OK!
[2023-06-03 11:14:14.344] [main] [info] Felix ping OK!
[2023-06-03 11:14:14.344] [main] [info] Pinging all valve stations   ...DONE!
[2023-06-03 11:14:14.344] [main] [info] Pinging Non-Existing Test Server...
[2023-06-03 11:14:17.404] [main] [info] Pinging Non-Existing Test Server OK!
[2023-06-03 11:14:17.404] [main] [info] Pinging Non-Existing Test Server   ...DONE!
[2023-06-03 11:14:17.404] [main] [info] Fetching timestamp...
std::chrono::system_clock::now().time_since_epoch()   :   1685783657404980054
get_seconds_since_epoch_now(bool verbose /* true */)   :   1685783657
minutes since epoch   :   28096394
minute of day   :   554
minute of hour   :   14
hour of day   :   9
[2023-06-03 11:14:17.405] [main] [info] Checking timestamp.txt...
[2023-06-03 11:14:17.405] [main] [debug] The timestamp.txt is always written when watering is triggered. It is read to check if I was already done with watering some minutes ago.
previous time_stamp:   28095951
[2023-06-03 11:14:17.405] [main] [info] Checking timestamp.txt   ...DONE!
[2023-06-03 11:14:17.405] [main] [info] It's not time for watering now!
[2023-06-03 11:14:17.405] [main] [info] Minute Intraday:   554
[2023-06-03 11:14:17.405] [main] [info] Days since Epoch:   19511
%%%%%%%%%%     [4] Run the executable   ...DONE!
elapsed time:   4s
=====================================================================================================
