=====================================================================================================
%%%%%%%%%%     [4] Run the executable...
>Please note:  Even if all builds failed, the last built executable is still there and will be started!
> sudo -u mayadm ./ur-unix-run.sh
[2023-06-03 11:54:49.782] [main] [info] Pinging Pump Server Mayson...
[2023-06-03 11:54:49.811] [main] [info] Pump Server ping OK!
[2023-06-03 11:54:49.811] [main] [info] Pinging Pump Server Mayson   ...DONE!
[2023-06-03 11:54:49.811] [main] [info] Pinging all valve stations...
[2023-06-03 11:54:51.137] [main] [info] James ping OK!
[2023-06-03 11:54:51.137] [main] [info] Lucas ping OK!
[2023-06-03 11:54:51.137] [main] [info] Felix ping OK!
[2023-06-03 11:54:51.137] [main] [info] Pinging all valve stations   ...DONE!
[2023-06-03 11:54:51.137] [main] [info] Pinging Non-Existing Test Server...
[2023-06-03 11:54:54.210] [main] [info] Pinging Non-Existing Test Server OK!
[2023-06-03 11:54:54.210] [main] [info] Pinging Non-Existing Test Server   ...DONE!
[2023-06-03 11:54:54.210] [main] [info] Fetching timestamp...
std::chrono::system_clock::now().time_since_epoch()   :   1685786094210418847
get_seconds_since_epoch_now(bool verbose /* true */)   :   1685786094
minutes since epoch   :   28096434
minute of day   :   594
minute of hour   :   54
hour of day   :   9
[2023-06-03 11:54:54.210] [main] [info] Checking timestamp.txt...
[2023-06-03 11:54:54.210] [main] [debug] The timestamp.txt is always written when watering is triggered. It is read to check if I was already done with watering some minutes ago.
previous time_stamp:   28095951
[2023-06-03 11:54:54.210] [main] [info] Checking timestamp.txt   ...DONE!
[2023-06-03 11:54:54.210] [main] [info] It's not time for watering now!
[2023-06-03 11:54:54.210] [main] [info] Minute Intraday:   594
[2023-06-03 11:54:54.210] [main] [info] Days since Epoch:   19511
%%%%%%%%%%     [4] Run the executable   ...DONE!
elapsed time:   5s
=====================================================================================================
