=====================================================================================================
%%%%%%%%%%     [4] Run the executable...
>Please note:  Even if all builds failed, the last built executable is still there and will be started!
> sudo -u mayadm ./ur-unix-run.sh
[2023-06-03 22:04:04.645] [main] [info] Pinging Pump Server Mayson...
[2023-06-03 22:04:04.741] [main] [info] Pump Server ping OK!
[2023-06-03 22:04:04.741] [main] [info] Pinging Pump Server Mayson   ...DONE!
[2023-06-03 22:04:04.741] [main] [info] Pinging all valve stations...
[2023-06-03 22:04:05.048] [main] [info] James ping OK!
[2023-06-03 22:04:05.048] [main] [info] Lucas ping OK!
[2023-06-03 22:04:05.048] [main] [info] Felix ping OK!
[2023-06-03 22:04:05.049] [main] [info] Pinging all valve stations   ...DONE!
[2023-06-03 22:04:05.049] [main] [info] Pinging Non-Existing Test Server...
[2023-06-03 22:04:08.107] [main] [info] Pinging Non-Existing Test Server OK!
[2023-06-03 22:04:08.107] [main] [info] Pinging Non-Existing Test Server   ...DONE!
[2023-06-03 22:04:08.107] [main] [info] Fetching timestamp...
std::chrono::system_clock::now().time_since_epoch()   :   1685822648107417309
get_seconds_since_epoch_now(bool verbose /* true */)   :   1685822648
minutes since epoch   :   28097044
minute of day   :   1204
minute of hour   :   4
hour of day   :   20
[2023-06-03 22:04:08.107] [main] [info] Checking timestamp.txt...
[2023-06-03 22:04:08.107] [main] [debug] The timestamp.txt is always written when watering is triggered. It is read to check if I was already done with watering some minutes ago.
previous time_stamp:   28095951
[2023-06-03 22:04:08.107] [main] [info] Checking timestamp.txt   ...DONE!
[2023-06-03 22:04:08.107] [main] [info] It's not time for watering now!
[2023-06-03 22:04:08.107] [main] [info] Minute Intraday:   1204
[2023-06-03 22:04:08.107] [main] [info] Days since Epoch:   19511
%%%%%%%%%%     [4] Run the executable   ...DONE!
elapsed time:   4s
=====================================================================================================
