=====================================================================================================
%%%%%%%%%%     [6] Uploading logs and go sleeping...
> sudo -u mayadm git checkout artifacts
Zu Zweig »artifacts« gewechselt
Ihr Branch ist auf demselben Stand wie 'origin/artifacts'.
> sudo -u mayadm git pull
fatal: konnte nicht auf 'https://github.com/Necktschnagge/wired-watering/' zugreifen: Could not resolve host: github.com
> sudo -u mayadm git merge maya-productive
Bereits aktuell.
> sudo -u mayadm git add "../artifacts/logs/7354-*.log" -f
> sudo -u mayadm git add "../artifacts/logs/7353-*.log" -f
> sudo -u mayadm git commit -m "logs at 2023-06-05--10h15"
[artifacts 09e54c088] logs at 2023-06-05--10h15
 6 files changed, 291 insertions(+)
 create mode 100644 maya/artifacts/logs/7353--2023-06-05--09h35---6.log
 create mode 100644 maya/artifacts/logs/7354--2023-06-05--10h15---1.log
 create mode 100644 maya/artifacts/logs/7354--2023-06-05--10h15---2.log
 create mode 100644 maya/artifacts/logs/7354--2023-06-05--10h15---3.log
 create mode 100644 maya/artifacts/logs/7354--2023-06-05--10h15---4.log
 create mode 100644 maya/artifacts/logs/7354--2023-06-05--10h15---5.log
> sudo -u mayadm git push
fatal: konnte nicht auf 'https://github.com/Necktschnagge/wired-watering/' zugreifen: Could not resolve host: github.com
> sudo -u mayadm git checkout maya-productive
Zu Zweig »maya-productive« gewechselt
Ihr Branch ist auf demselben Stand wie 'origin/maya-productive'.
> sudo -u mayadm git push
fatal: konnte nicht auf 'https://github.com/Necktschnagge/wired-watering/' zugreifen: Could not resolve host: github.com
##############################################################
###################                        ###################
###################     GOING TO SLEEP     ###################
###################                        ###################
##############################################################
#######                                                #######
#######   Press CTRL + C NOW to abort script safely!   #######
#######                                                #######
##############################################################
##############################################################
#######                                                #######
#######               NOW GOING TO SLEEP               #######
#######                                                #######
##############################################################
> rtcwake -m mem -s 2400
rtcwake: RTC wird als UTC interpretiert …
rtcwake: aufwachen von „mem“ durch /dev/rtc0 bei Mon Jun  5 08:57:13 2023
##############################################################
#######                                                #######
#######            just waked up from sleep            #######
#######                                                #######
##############################################################
%%%%%%%%%%     [6] Uploading logs and go sleeping   ...DONE!
elapsed time:   2447s
=====================================================================================================
