=====================================================================================================
%%%%%%%%%%     [4] Run the executable...
>Please note:  Even if all builds failed, the last built executable is still there and will be started!
> sudo -u mayadm ./ur-unix-run.sh
[2023-06-05 18:33:11.360] [main] [info] Pinging Pump Server Mayson...
[2023-06-05 18:33:11.409] [main] [info] Pump Server ping OK!
[2023-06-05 18:33:11.409] [main] [info] Pinging Pump Server Mayson   ...DONE!
[2023-06-05 18:33:11.409] [main] [info] Pinging all valve stations...
[2023-06-05 18:33:11.716] [main] [info] James ping OK!
[2023-06-05 18:33:11.716] [main] [info] Lucas ping OK!
[2023-06-05 18:33:11.716] [main] [info] Felix ping OK!
[2023-06-05 18:33:11.716] [main] [info] Pinging all valve stations   ...DONE!
[2023-06-05 18:33:11.716] [main] [info] Pinging Non-Existing Test Server...
[2023-06-05 18:33:14.774] [main] [info] Pinging Non-Existing Test Server OK!
[2023-06-05 18:33:14.774] [main] [info] Pinging Non-Existing Test Server   ...DONE!
[2023-06-05 18:33:14.774] [main] [info] Fetching timestamp...
std::chrono::system_clock::now().time_since_epoch()   :   1685982794774231361
get_seconds_since_epoch_now(bool verbose /* true */)   :   1685982794
minutes since epoch   :   28099713
minute of day   :   993
minute of hour   :   33
hour of day   :   16
[2023-06-05 18:33:14.774] [main] [info] Checking timestamp.txt...
[2023-06-05 18:33:14.774] [main] [debug] The timestamp.txt is always written when watering is triggered. It is read to check if I was already done with watering some minutes ago.
previous time_stamp:   28098813
[2023-06-05 18:33:14.774] [main] [info] Checking timestamp.txt   ...DONE!
[2023-06-05 18:33:14.774] [main] [info] It's not time for watering now!
[2023-06-05 18:33:14.774] [main] [info] Minute Intraday:   993
[2023-06-05 18:33:14.774] [main] [info] Days since Epoch:   19513
%%%%%%%%%%     [4] Run the executable   ...DONE!
elapsed time:   3s
=====================================================================================================
