=====================================================================================================
%%%%%%%%%%     [4] Run the executable...
>Please note:  Even if all builds failed, the last built executable is still there and will be started!
> sudo -u mayadm ./ur-unix-run.sh
[2023-06-06 02:40:36.329] [main] [info] Pinging Pump Server Mayson...
[2023-06-06 02:40:36.423] [main] [info] Pump Server ping OK!
[2023-06-06 02:40:36.423] [main] [info] Pinging Pump Server Mayson   ...DONE!
[2023-06-06 02:40:36.423] [main] [info] Pinging all valve stations...
[2023-06-06 02:40:36.729] [main] [info] James ping OK!
[2023-06-06 02:40:36.729] [main] [info] Lucas ping OK!
[2023-06-06 02:40:36.729] [main] [info] Felix ping OK!
[2023-06-06 02:40:36.729] [main] [info] Pinging all valve stations   ...DONE!
[2023-06-06 02:40:36.729] [main] [info] Pinging Non-Existing Test Server...
[2023-06-06 02:40:39.784] [main] [info] Pinging Non-Existing Test Server OK!
[2023-06-06 02:40:39.784] [main] [info] Pinging Non-Existing Test Server   ...DONE!
[2023-06-06 02:40:39.784] [main] [info] Fetching timestamp...
std::chrono::system_clock::now().time_since_epoch()   :   1686012039784670724
get_seconds_since_epoch_now(bool verbose /* true */)   :   1686012039
minutes since epoch   :   28100200
minute of day   :   40
minute of hour   :   40
hour of day   :   0
[2023-06-06 02:40:39.784] [main] [info] Checking timestamp.txt...
[2023-06-06 02:40:39.784] [main] [debug] The timestamp.txt is always written when watering is triggered. It is read to check if I was already done with watering some minutes ago.
previous time_stamp:   28098813
[2023-06-06 02:40:39.784] [main] [info] Checking timestamp.txt   ...DONE!
[2023-06-06 02:40:39.784] [main] [info] It's not time for watering now!
[2023-06-06 02:40:39.784] [main] [info] Minute Intraday:   40
[2023-06-06 02:40:39.784] [main] [info] Days since Epoch:   19514
%%%%%%%%%%     [4] Run the executable   ...DONE!
elapsed time:   3s
=====================================================================================================
