=====================================================================================================
%%%%%%%%%%     [4] Run the executable...
>Please note:  Even if all builds failed, the last built executable is still there and will be started!
> sudo -u mayadm ./ur-unix-run.sh
[2023-06-06 11:51:09.425] [main] [info] Pinging Pump Server Mayson...
[2023-06-06 11:51:09.505] [main] [info] Pump Server ping OK!
[2023-06-06 11:51:09.505] [main] [info] Pinging Pump Server Mayson   ...DONE!
[2023-06-06 11:51:09.505] [main] [info] Pinging all valve stations...
[2023-06-06 11:51:09.811] [main] [info] James ping OK!
[2023-06-06 11:51:09.811] [main] [info] Lucas ping OK!
[2023-06-06 11:51:09.811] [main] [info] Felix ping OK!
[2023-06-06 11:51:09.811] [main] [info] Pinging all valve stations   ...DONE!
[2023-06-06 11:51:09.811] [main] [info] Pinging Non-Existing Test Server...
[2023-06-06 11:51:12.876] [main] [info] Pinging Non-Existing Test Server OK!
[2023-06-06 11:51:12.876] [main] [info] Pinging Non-Existing Test Server   ...DONE!
[2023-06-06 11:51:12.876] [main] [info] Fetching timestamp...
std::chrono::system_clock::now().time_since_epoch()   :   1686045072876248937
get_seconds_since_epoch_now(bool verbose /* true */)   :   1686045072
minutes since epoch   :   28100751
minute of day   :   591
minute of hour   :   51
hour of day   :   9
[2023-06-06 11:51:12.876] [main] [info] Checking timestamp.txt...
[2023-06-06 11:51:12.876] [main] [debug] The timestamp.txt is always written when watering is triggered. It is read to check if I was already done with watering some minutes ago.
previous time_stamp:   28100281
[2023-06-06 11:51:12.876] [main] [info] Checking timestamp.txt   ...DONE!
[2023-06-06 11:51:12.876] [main] [info] It's not time for watering now!
[2023-06-06 11:51:12.876] [main] [info] Minute Intraday:   591
[2023-06-06 11:51:12.876] [main] [info] Days since Epoch:   19514
%%%%%%%%%%     [4] Run the executable   ...DONE!
elapsed time:   3s
=====================================================================================================
