=====================================================================================================
%%%%%%%%%%     [4] Run the executable...
>Please note:  Even if all builds failed, the last built executable is still there and will be started!
> sudo -u mayadm ./ur-unix-run.sh
[2023-06-07 06:46:02.821] [main] [info] Pinging Pump Server Mayson...
[2023-06-07 06:46:02.847] [main] [info] Pump Server ping OK!
[2023-06-07 06:46:02.847] [main] [info] Pinging Pump Server Mayson   ...DONE!
[2023-06-07 06:46:02.847] [main] [info] Pinging all valve stations...
[2023-06-07 06:46:03.155] [main] [info] James ping OK!
[2023-06-07 06:46:03.155] [main] [info] Lucas ping OK!
[2023-06-07 06:46:03.155] [main] [info] Felix ping OK!
[2023-06-07 06:46:03.155] [main] [info] Pinging all valve stations   ...DONE!
[2023-06-07 06:46:03.155] [main] [info] Pinging Non-Existing Test Server...
[2023-06-07 06:46:06.214] [main] [info] Pinging Non-Existing Test Server OK!
[2023-06-07 06:46:06.214] [main] [info] Pinging Non-Existing Test Server   ...DONE!
[2023-06-07 06:46:06.214] [main] [info] Fetching timestamp...
std::chrono::system_clock::now().time_since_epoch()   :   1686113166214564605
get_seconds_since_epoch_now(bool verbose /* true */)   :   1686113166
minutes since epoch   :   28101886
minute of day   :   286
minute of hour   :   46
hour of day   :   4
[2023-06-07 06:46:06.214] [main] [info] Checking timestamp.txt...
[2023-06-07 06:46:06.214] [main] [debug] The timestamp.txt is always written when watering is triggered. It is read to check if I was already done with watering some minutes ago.
previous time_stamp:   28101727
[2023-06-07 06:46:06.217] [main] [info] Checking timestamp.txt   ...DONE!
[2023-06-07 06:46:06.217] [main] [info] It's not time for watering now!
[2023-06-07 06:46:06.217] [main] [info] Minute Intraday:   286
[2023-06-07 06:46:06.217] [main] [info] Days since Epoch:   19515
%%%%%%%%%%     [4] Run the executable   ...DONE!
elapsed time:   4s
=====================================================================================================
