=====================================================================================================
%%%%%%%%%%     [4] Run the executable...
>Please note:  Even if all builds failed, the last built executable is still there and will be started!
> sudo -u mayadm ./ur-unix-run.sh
[2023-06-07 16:15:59.162] [main] [info] Pinging Pump Server Mayson...
[2023-06-07 16:15:59.222] [main] [info] Pump Server ping OK!
[2023-06-07 16:15:59.222] [main] [info] Pinging Pump Server Mayson   ...DONE!
[2023-06-07 16:15:59.222] [main] [info] Pinging all valve stations...
[2023-06-07 16:15:59.528] [main] [info] James ping OK!
[2023-06-07 16:15:59.528] [main] [info] Lucas ping OK!
[2023-06-07 16:15:59.528] [main] [info] Felix ping OK!
[2023-06-07 16:15:59.528] [main] [info] Pinging all valve stations   ...DONE!
[2023-06-07 16:15:59.528] [main] [info] Pinging Non-Existing Test Server...
[2023-06-07 16:16:02.586] [main] [info] Pinging Non-Existing Test Server OK!
[2023-06-07 16:16:02.586] [main] [info] Pinging Non-Existing Test Server   ...DONE!
[2023-06-07 16:16:02.586] [main] [info] Fetching timestamp...
std::chrono::system_clock::now().time_since_epoch()   :   1686147362586396741
get_seconds_since_epoch_now(bool verbose /* true */)   :   1686147362
minutes since epoch   :   28102456
minute of day   :   856
minute of hour   :   16
hour of day   :   14
[2023-06-07 16:16:02.586] [main] [info] Checking timestamp.txt...
[2023-06-07 16:16:02.586] [main] [debug] The timestamp.txt is always written when watering is triggered. It is read to check if I was already done with watering some minutes ago.
previous time_stamp:   28101727
[2023-06-07 16:16:02.586] [main] [info] Checking timestamp.txt   ...DONE!
[2023-06-07 16:16:02.586] [main] [info] It's not time for watering now!
[2023-06-07 16:16:02.586] [main] [info] Minute Intraday:   856
[2023-06-07 16:16:02.586] [main] [info] Days since Epoch:   19515
%%%%%%%%%%     [4] Run the executable   ...DONE!
elapsed time:   3s
=====================================================================================================
