=====================================================================================================
%%%%%%%%%%     [4] Run the executable...
>Please note:  Even if all builds failed, the last built executable is still there and will be started!
> sudo -u mayadm ./ur-unix-run.sh
[2023-06-07 19:39:16.556] [main] [info] Pinging Pump Server Mayson...
[2023-06-07 19:39:16.666] [main] [info] Pump Server ping OK!
[2023-06-07 19:39:16.666] [main] [info] Pinging Pump Server Mayson   ...DONE!
[2023-06-07 19:39:16.666] [main] [info] Pinging all valve stations...
[2023-06-07 19:39:16.974] [main] [info] James ping OK!
[2023-06-07 19:39:16.974] [main] [info] Lucas ping OK!
[2023-06-07 19:39:16.974] [main] [info] Felix ping OK!
[2023-06-07 19:39:16.974] [main] [info] Pinging all valve stations   ...DONE!
[2023-06-07 19:39:16.974] [main] [info] Pinging Non-Existing Test Server...
[2023-06-07 19:39:20.030] [main] [info] Pinging Non-Existing Test Server OK!
[2023-06-07 19:39:20.030] [main] [info] Pinging Non-Existing Test Server   ...DONE!
[2023-06-07 19:39:20.030] [main] [info] Fetching timestamp...
std::chrono::system_clock::now().time_since_epoch()   :   1686159560030922252
get_seconds_since_epoch_now(bool verbose /* true */)   :   1686159560
minutes since epoch   :   28102659
minute of day   :   1059
minute of hour   :   39
hour of day   :   17
[2023-06-07 19:39:20.030] [main] [info] Checking timestamp.txt...
[2023-06-07 19:39:20.030] [main] [debug] The timestamp.txt is always written when watering is triggered. It is read to check if I was already done with watering some minutes ago.
previous time_stamp:   28101727
[2023-06-07 19:39:20.031] [main] [info] Checking timestamp.txt   ...DONE!
[2023-06-07 19:39:20.031] [main] [info] It's not time for watering now!
[2023-06-07 19:39:20.031] [main] [info] Minute Intraday:   1059
[2023-06-07 19:39:20.031] [main] [info] Days since Epoch:   19515
%%%%%%%%%%     [4] Run the executable   ...DONE!
elapsed time:   4s
=====================================================================================================
