=====================================================================================================
%%%%%%%%%%     [4] Run the executable...
>Please note:  Even if all builds failed, the last built executable is still there and will be started!
> sudo -u mayadm ./ur-unix-run.sh
[2023-06-08 01:45:25.738] [main] [info] Pinging Pump Server Mayson...
[2023-06-08 01:45:25.788] [main] [info] Pump Server ping OK!
[2023-06-08 01:45:25.788] [main] [info] Pinging Pump Server Mayson   ...DONE!
[2023-06-08 01:45:25.788] [main] [info] Pinging all valve stations...
[2023-06-08 01:45:27.116] [main] [info] James ping OK!
[2023-06-08 01:45:27.116] [main] [info] Lucas ping OK!
[2023-06-08 01:45:27.116] [main] [info] Felix ping OK!
[2023-06-08 01:45:27.116] [main] [info] Pinging all valve stations   ...DONE!
[2023-06-08 01:45:27.116] [main] [info] Pinging Non-Existing Test Server...
[2023-06-08 01:45:30.183] [main] [info] Pinging Non-Existing Test Server OK!
[2023-06-08 01:45:30.183] [main] [info] Pinging Non-Existing Test Server   ...DONE!
[2023-06-08 01:45:30.183] [main] [info] Fetching timestamp...
std::chrono::system_clock::now().time_since_epoch()   :   1686181530183806160
get_seconds_since_epoch_now(bool verbose /* true */)   :   1686181530
minutes since epoch   :   28103025
minute of day   :   1425
minute of hour   :   45
hour of day   :   23
[2023-06-08 01:45:30.183] [main] [info] Checking timestamp.txt...
[2023-06-08 01:45:30.183] [main] [debug] The timestamp.txt is always written when watering is triggered. It is read to check if I was already done with watering some minutes ago.
previous time_stamp:   28101727
[2023-06-08 01:45:30.184] [main] [info] Checking timestamp.txt   ...DONE!
[2023-06-08 01:45:30.184] [main] [info] It's not time for watering now!
[2023-06-08 01:45:30.184] [main] [info] Minute Intraday:   1425
[2023-06-08 01:45:30.184] [main] [info] Days since Epoch:   19515
%%%%%%%%%%     [4] Run the executable   ...DONE!
elapsed time:   5s
=====================================================================================================
