=====================================================================================================
%%%%%%%%%%     [4] Run the executable...
>Please note:  Even if all builds failed, the last built executable is still there and will be started!
> sudo -u mayadm ./ur-unix-run.sh
[2023-06-08 10:15:25.211] [main] [info] Pinging Pump Server Mayson...
[2023-06-08 10:15:25.281] [main] [info] Pump Server ping OK!
[2023-06-08 10:15:25.281] [main] [info] Pinging Pump Server Mayson   ...DONE!
[2023-06-08 10:15:25.281] [main] [info] Pinging all valve stations...
[2023-06-08 10:15:25.586] [main] [info] James ping OK!
[2023-06-08 10:15:25.586] [main] [info] Lucas ping OK!
[2023-06-08 10:15:25.586] [main] [info] Felix ping OK!
[2023-06-08 10:15:25.586] [main] [info] Pinging all valve stations   ...DONE!
[2023-06-08 10:15:25.586] [main] [info] Pinging Non-Existing Test Server...
[2023-06-08 10:15:28.665] [main] [info] Pinging Non-Existing Test Server OK!
[2023-06-08 10:15:28.665] [main] [info] Pinging Non-Existing Test Server   ...DONE!
[2023-06-08 10:15:28.665] [main] [info] Fetching timestamp...
std::chrono::system_clock::now().time_since_epoch()   :   1686212128665760900
get_seconds_since_epoch_now(bool verbose /* true */)   :   1686212128
minutes since epoch   :   28103535
minute of day   :   495
minute of hour   :   15
hour of day   :   8
[2023-06-08 10:15:28.665] [main] [info] Checking timestamp.txt...
[2023-06-08 10:15:28.665] [main] [debug] The timestamp.txt is always written when watering is triggered. It is read to check if I was already done with watering some minutes ago.
previous time_stamp:   28103147
[2023-06-08 10:15:28.665] [main] [info] Checking timestamp.txt   ...DONE!
[2023-06-08 10:15:28.665] [main] [info] It's not time for watering now!
[2023-06-08 10:15:28.665] [main] [info] Minute Intraday:   495
[2023-06-08 10:15:28.665] [main] [info] Days since Epoch:   19516
%%%%%%%%%%     [4] Run the executable   ...DONE!
elapsed time:   3s
=====================================================================================================
