=====================================================================================================
%%%%%%%%%%     [4] Run the executable...
>Please note:  Even if all builds failed, the last built executable is still there and will be started!
> sudo -u mayadm ./ur-unix-run.sh
[2023-06-08 17:01:50.202] [main] [info] Pinging Pump Server Mayson...
[2023-06-08 17:01:50.272] [main] [info] Pump Server ping OK!
[2023-06-08 17:01:50.272] [main] [info] Pinging Pump Server Mayson   ...DONE!
[2023-06-08 17:01:50.272] [main] [info] Pinging all valve stations...
[2023-06-08 17:01:50.581] [main] [info] James ping OK!
[2023-06-08 17:01:50.581] [main] [info] Lucas ping OK!
[2023-06-08 17:01:50.581] [main] [info] Felix ping OK!
[2023-06-08 17:01:50.581] [main] [info] Pinging all valve stations   ...DONE!
[2023-06-08 17:01:50.581] [main] [info] Pinging Non-Existing Test Server...
[2023-06-08 17:01:53.654] [main] [info] Pinging Non-Existing Test Server OK!
[2023-06-08 17:01:53.654] [main] [info] Pinging Non-Existing Test Server   ...DONE!
[2023-06-08 17:01:53.654] [main] [info] Fetching timestamp...
std::chrono::system_clock::now().time_since_epoch()   :   1686236513654941327
get_seconds_since_epoch_now(bool verbose /* true */)   :   1686236513
minutes since epoch   :   28103941
minute of day   :   901
minute of hour   :   1
hour of day   :   15
[2023-06-08 17:01:53.655] [main] [info] Checking timestamp.txt...
[2023-06-08 17:01:53.655] [main] [debug] The timestamp.txt is always written when watering is triggered. It is read to check if I was already done with watering some minutes ago.
previous time_stamp:   28103147
[2023-06-08 17:01:53.655] [main] [info] Checking timestamp.txt   ...DONE!
[2023-06-08 17:01:53.655] [main] [info] It's not time for watering now!
[2023-06-08 17:01:53.655] [main] [info] Minute Intraday:   901
[2023-06-08 17:01:53.655] [main] [info] Days since Epoch:   19516
%%%%%%%%%%     [4] Run the executable   ...DONE!
elapsed time:   3s
=====================================================================================================
