=====================================================================================================
%%%%%%%%%%     [5] Cleaning git working directory...
> sudo -u mayadm git add -u
> sudo -u mayadm git add *
> sudo -u mayadm git status
Auf Branch routine-0bf2cf60-1686251163
nichts zu committen, Arbeitsverzeichnis unverändert
> sudo -u mayadm git reset --hard
HEAD ist jetzt bei 0bf2cf60e switch potatos and blueberries
Deleting local working branch...
> sudo -u mayadm git checkout maya-productive
Zu Zweig »maya-productive« gewechselt
Ihr Branch ist auf demselben Stand wie 'origin/maya-productive'.
> sudo -u mayadm git branch -D routine-0bf2cf60-1686251163
Branch routine-0bf2cf60-1686251163 entfernt (war 0bf2cf60e).
Finished run 7470!
Do 8. Jun 21:06:11 CEST 2023
%%%%%%%%%%     [5] Cleaning git working directory   ...DONE!
elapsed time:   1s
=====================================================================================================
