=====================================================================================================
%%%%%%%%%%     [6] Uploading logs and go sleeping...
> sudo -u mayadm git checkout artifacts
Zu Zweig »artifacts« gewechselt
Ihr Branch ist auf demselben Stand wie 'origin/artifacts'.
> sudo -u mayadm git pull
Bereits aktuell.
> sudo -u mayadm git merge maya-productive
Bereits aktuell.
> sudo -u mayadm git add "../artifacts/logs/7472-*.log" -f
> sudo -u mayadm git add "../artifacts/logs/7471-*.log" -f
> sudo -u mayadm git commit -m "logs at 2023-06-08--22h27"
[artifacts 799517d7d] logs at 2023-06-08--22h27
 6 files changed, 286 insertions(+)
 create mode 100644 maya/artifacts/logs/7471--2023-06-08--21h46---6.log
 create mode 100644 maya/artifacts/logs/7472--2023-06-08--22h27---1.log
 create mode 100644 maya/artifacts/logs/7472--2023-06-08--22h27---2.log
 create mode 100644 maya/artifacts/logs/7472--2023-06-08--22h27---3.log
 create mode 100644 maya/artifacts/logs/7472--2023-06-08--22h27---4.log
 create mode 100644 maya/artifacts/logs/7472--2023-06-08--22h27---5.log
> sudo -u mayadm git push
To https://github.com/Necktschnagge/wired-watering
   a29184822..799517d7d  artifacts -> artifacts
> sudo -u mayadm git checkout maya-productive
Zu Zweig »maya-productive« gewechselt
Ihr Branch ist auf demselben Stand wie 'origin/maya-productive'.
> sudo -u mayadm git push
Everything up-to-date
##############################################################
###################                        ###################
###################     GOING TO SLEEP     ###################
###################                        ###################
##############################################################
#######                                                #######
#######   Press CTRL + C NOW to abort script safely!   #######
#######                                                #######
##############################################################
##############################################################
#######                                                #######
#######               NOW GOING TO SLEEP               #######
#######                                                #######
##############################################################
> rtcwake -m mem -s 2400
rtcwake: RTC wird als UTC interpretiert …
rtcwake: aufwachen von „mem“ durch /dev/rtc0 bei Thu Jun  8 21:07:50 2023
##############################################################
#######                                                #######
#######            just waked up from sleep            #######
#######                                                #######
##############################################################
%%%%%%%%%%     [6] Uploading logs and go sleeping   ...DONE!
elapsed time:   2424s
=====================================================================================================
