=====================================================================================================
%%%%%%%%%%     [4] Run the executable...
>Please note:  Even if all builds failed, the last built executable is still there and will be started!
> sudo -u mayadm ./ur-unix-run.sh
[2023-06-09 09:14:39.372] [main] [info] Pinging Pump Server Mayson...
[2023-06-09 09:14:39.399] [main] [info] Pump Server ping OK!
[2023-06-09 09:14:39.399] [main] [info] Pinging Pump Server Mayson   ...DONE!
[2023-06-09 09:14:39.399] [main] [info] Pinging all valve stations...
[2023-06-09 09:14:39.710] [main] [info] James ping OK!
[2023-06-09 09:14:39.710] [main] [info] Lucas ping OK!
[2023-06-09 09:14:39.710] [main] [info] Felix ping OK!
[2023-06-09 09:14:39.710] [main] [info] Pinging all valve stations   ...DONE!
[2023-06-09 09:14:39.710] [main] [info] Pinging Non-Existing Test Server...
[2023-06-09 09:14:42.790] [main] [info] Pinging Non-Existing Test Server OK!
[2023-06-09 09:14:42.790] [main] [info] Pinging Non-Existing Test Server   ...DONE!
[2023-06-09 09:14:42.790] [main] [info] Fetching timestamp...
std::chrono::system_clock::now().time_since_epoch()   :   1686294882790489071
get_seconds_since_epoch_now(bool verbose /* true */)   :   1686294882
minutes since epoch   :   28104914
minute of day   :   434
minute of hour   :   14
hour of day   :   7
[2023-06-09 09:14:42.790] [main] [info] Checking timestamp.txt...
[2023-06-09 09:14:42.790] [main] [debug] The timestamp.txt is always written when watering is triggered. It is read to check if I was already done with watering some minutes ago.
previous time_stamp:   28104593
[2023-06-09 09:14:42.790] [main] [info] Checking timestamp.txt   ...DONE!
[2023-06-09 09:14:42.790] [main] [info] It's not time for watering now!
[2023-06-09 09:14:42.790] [main] [info] Minute Intraday:   434
[2023-06-09 09:14:42.790] [main] [info] Days since Epoch:   19517
%%%%%%%%%%     [4] Run the executable   ...DONE!
elapsed time:   3s
=====================================================================================================
