=====================================================================================================
%%%%%%%%%%     [4] Run the executable...
>Please note:  Even if all builds failed, the last built executable is still there and will be started!
> sudo -u mayadm ./ur-unix-run.sh
[2023-06-09 17:22:41.613] [main] [info] Pinging Pump Server Mayson...
[2023-06-09 17:22:41.646] [main] [info] Pump Server ping OK!
[2023-06-09 17:22:41.646] [main] [info] Pinging Pump Server Mayson   ...DONE!
[2023-06-09 17:22:41.646] [main] [info] Pinging all valve stations...
[2023-06-09 17:22:41.959] [main] [info] James ping OK!
[2023-06-09 17:22:41.959] [main] [info] Lucas ping OK!
[2023-06-09 17:22:41.959] [main] [info] Felix ping OK!
[2023-06-09 17:22:41.959] [main] [info] Pinging all valve stations   ...DONE!
[2023-06-09 17:22:41.959] [main] [info] Pinging Non-Existing Test Server...
[2023-06-09 17:22:45.018] [main] [info] Pinging Non-Existing Test Server OK!
[2023-06-09 17:22:45.018] [main] [info] Pinging Non-Existing Test Server   ...DONE!
[2023-06-09 17:22:45.018] [main] [info] Fetching timestamp...
std::chrono::system_clock::now().time_since_epoch()   :   1686324165018489143
get_seconds_since_epoch_now(bool verbose /* true */)   :   1686324165
minutes since epoch   :   28105402
minute of day   :   922
minute of hour   :   22
hour of day   :   15
[2023-06-09 17:22:45.018] [main] [info] Checking timestamp.txt...
[2023-06-09 17:22:45.018] [main] [debug] The timestamp.txt is always written when watering is triggered. It is read to check if I was already done with watering some minutes ago.
previous time_stamp:   28104593
[2023-06-09 17:22:45.018] [main] [info] Checking timestamp.txt   ...DONE!
[2023-06-09 17:22:45.018] [main] [info] It's not time for watering now!
[2023-06-09 17:22:45.018] [main] [info] Minute Intraday:   922
[2023-06-09 17:22:45.018] [main] [info] Days since Epoch:   19517
%%%%%%%%%%     [4] Run the executable   ...DONE!
elapsed time:   4s
=====================================================================================================
