=====================================================================================================
%%%%%%%%%%     [6] Uploading logs and go sleeping...
> sudo -u mayadm git checkout artifacts
Zu Zweig »artifacts« gewechselt
Ihr Branch ist auf demselben Stand wie 'origin/artifacts'.
> sudo -u mayadm git pull
Bereits aktuell.
> sudo -u mayadm git merge maya-productive
Bereits aktuell.
> sudo -u mayadm git add "../artifacts/logs/7504-*.log" -f
> sudo -u mayadm git add "../artifacts/logs/7503-*.log" -f
> sudo -u mayadm git commit -m "logs at 2023-06-09--22h07"
[artifacts 309502717] logs at 2023-06-09--22h07
 6 files changed, 286 insertions(+)
 create mode 100644 maya/artifacts/logs/7503--2023-06-09--21h26---6.log
 create mode 100644 maya/artifacts/logs/7504--2023-06-09--22h07---1.log
 create mode 100644 maya/artifacts/logs/7504--2023-06-09--22h07---2.log
 create mode 100644 maya/artifacts/logs/7504--2023-06-09--22h07---3.log
 create mode 100644 maya/artifacts/logs/7504--2023-06-09--22h07---4.log
 create mode 100644 maya/artifacts/logs/7504--2023-06-09--22h07---5.log
> sudo -u mayadm git push
To https://github.com/Necktschnagge/wired-watering
   6ad8a1769..309502717  artifacts -> artifacts
> sudo -u mayadm git checkout maya-productive
Zu Zweig »maya-productive« gewechselt
Ihr Branch ist auf demselben Stand wie 'origin/maya-productive'.
> sudo -u mayadm git push
Everything up-to-date
##############################################################
###################                        ###################
###################     GOING TO SLEEP     ###################
###################                        ###################
##############################################################
#######                                                #######
#######   Press CTRL + C NOW to abort script safely!   #######
#######                                                #######
##############################################################
##############################################################
#######                                                #######
#######               NOW GOING TO SLEEP               #######
#######                                                #######
##############################################################
> rtcwake -m mem -s 2400
rtcwake: RTC wird als UTC interpretiert …
rtcwake: aufwachen von „mem“ durch /dev/rtc0 bei Fri Jun  9 20:47:42 2023
##############################################################
#######                                                #######
#######            just waked up from sleep            #######
#######                                                #######
##############################################################
%%%%%%%%%%     [6] Uploading logs and go sleeping   ...DONE!
elapsed time:   2425s
=====================================================================================================
