=====================================================================================================
%%%%%%%%%%     [6] Uploading logs and go sleeping...
> sudo -u mayadm git checkout artifacts
Zu Zweig »artifacts« gewechselt
Ihr Branch ist auf demselben Stand wie 'origin/artifacts'.
> sudo -u mayadm git pull
Bereits aktuell.
> sudo -u mayadm git merge maya-productive
Bereits aktuell.
> sudo -u mayadm git add "../artifacts/logs/7509-*.log" -f
> sudo -u mayadm git add "../artifacts/logs/7508-*.log" -f
> sudo -u mayadm git commit -m "logs at 2023-06-10--01h30"
[artifacts cd3b0ef06] logs at 2023-06-10--01h30
 6 files changed, 286 insertions(+)
 create mode 100644 maya/artifacts/logs/7508--2023-06-10--00h49---6.log
 create mode 100644 maya/artifacts/logs/7509--2023-06-10--01h30---1.log
 create mode 100644 maya/artifacts/logs/7509--2023-06-10--01h30---2.log
 create mode 100644 maya/artifacts/logs/7509--2023-06-10--01h30---3.log
 create mode 100644 maya/artifacts/logs/7509--2023-06-10--01h30---4.log
 create mode 100644 maya/artifacts/logs/7509--2023-06-10--01h30---5.log
> sudo -u mayadm git push
To https://github.com/Necktschnagge/wired-watering
   bca72c4c5..cd3b0ef06  artifacts -> artifacts
> sudo -u mayadm git checkout maya-productive
Zu Zweig »maya-productive« gewechselt
Ihr Branch ist auf demselben Stand wie 'origin/maya-productive'.
> sudo -u mayadm git push
Everything up-to-date
##############################################################
###################                        ###################
###################     GOING TO SLEEP     ###################
###################                        ###################
##############################################################
#######                                                #######
#######   Press CTRL + C NOW to abort script safely!   #######
#######                                                #######
##############################################################
##############################################################
#######                                                #######
#######               NOW GOING TO SLEEP               #######
#######                                                #######
##############################################################
> rtcwake -m mem -s 2400
rtcwake: RTC wird als UTC interpretiert …
rtcwake: aufwachen von „mem“ durch /dev/rtc0 bei Sat Jun 10 00:10:55 2023
##############################################################
#######                                                #######
#######            just waked up from sleep            #######
#######                                                #######
##############################################################
%%%%%%%%%%     [6] Uploading logs and go sleeping   ...DONE!
elapsed time:   2424s
=====================================================================================================
