=====================================================================================================
%%%%%%%%%%     [4] Run the executable...
>Please note:  Even if all builds failed, the last built executable is still there and will be started!
> sudo -u mayadm ./ur-unix-run.sh
[2023-06-10 09:20:06.738] [main] [info] Pinging Pump Server Mayson...
[2023-06-10 09:20:06.870] [main] [info] Pump Server ping OK!
[2023-06-10 09:20:06.870] [main] [info] Pinging Pump Server Mayson   ...DONE!
[2023-06-10 09:20:06.870] [main] [info] Pinging all valve stations...
[2023-06-10 09:20:07.176] [main] [info] James ping OK!
[2023-06-10 09:20:07.176] [main] [info] Lucas ping OK!
[2023-06-10 09:20:07.176] [main] [info] Felix ping OK!
[2023-06-10 09:20:07.176] [main] [info] Pinging all valve stations   ...DONE!
[2023-06-10 09:20:07.176] [main] [info] Pinging Non-Existing Test Server...
[2023-06-10 09:20:10.236] [main] [info] Pinging Non-Existing Test Server OK!
[2023-06-10 09:20:10.236] [main] [info] Pinging Non-Existing Test Server   ...DONE!
[2023-06-10 09:20:10.236] [main] [info] Fetching timestamp...
std::chrono::system_clock::now().time_since_epoch()   :   1686381610236046164
get_seconds_since_epoch_now(bool verbose /* true */)   :   1686381610
minutes since epoch   :   28106360
minute of day   :   440
minute of hour   :   20
hour of day   :   7
[2023-06-10 09:20:10.236] [main] [info] Checking timestamp.txt...
[2023-06-10 09:20:10.236] [main] [debug] The timestamp.txt is always written when watering is triggered. It is read to check if I was already done with watering some minutes ago.
previous time_stamp:   28106012
[2023-06-10 09:20:10.236] [main] [info] Checking timestamp.txt   ...DONE!
[2023-06-10 09:20:10.236] [main] [info] It's not time for watering now!
[2023-06-10 09:20:10.236] [main] [info] Minute Intraday:   440
[2023-06-10 09:20:10.236] [main] [info] Days since Epoch:   19518
%%%%%%%%%%     [4] Run the executable   ...DONE!
elapsed time:   4s
=====================================================================================================
