=====================================================================================================
%%%%%%%%%%     [4] Run the executable...
>Please note:  Even if all builds failed, the last built executable is still there and will be started!
> sudo -u mayadm ./ur-unix-run.sh
[2023-06-10 11:22:07.198] [main] [info] Pinging Pump Server Mayson...
[2023-06-10 11:22:07.249] [main] [info] Pump Server ping OK!
[2023-06-10 11:22:07.249] [main] [info] Pinging Pump Server Mayson   ...DONE!
[2023-06-10 11:22:07.249] [main] [info] Pinging all valve stations...
[2023-06-10 11:22:07.568] [main] [info] James ping OK!
[2023-06-10 11:22:07.568] [main] [info] Lucas ping OK!
[2023-06-10 11:22:07.568] [main] [info] Felix ping OK!
[2023-06-10 11:22:07.568] [main] [info] Pinging all valve stations   ...DONE!
[2023-06-10 11:22:07.568] [main] [info] Pinging Non-Existing Test Server...
[2023-06-10 11:22:10.622] [main] [info] Pinging Non-Existing Test Server OK!
[2023-06-10 11:22:10.622] [main] [info] Pinging Non-Existing Test Server   ...DONE!
[2023-06-10 11:22:10.622] [main] [info] Fetching timestamp...
std::chrono::system_clock::now().time_since_epoch()   :   1686388930622162003
get_seconds_since_epoch_now(bool verbose /* true */)   :   1686388930
minutes since epoch   :   28106482
minute of day   :   562
minute of hour   :   22
hour of day   :   9
[2023-06-10 11:22:10.622] [main] [info] Checking timestamp.txt...
[2023-06-10 11:22:10.622] [main] [debug] The timestamp.txt is always written when watering is triggered. It is read to check if I was already done with watering some minutes ago.
previous time_stamp:   28106012
[2023-06-10 11:22:10.622] [main] [info] Checking timestamp.txt   ...DONE!
[2023-06-10 11:22:10.622] [main] [info] It's not time for watering now!
[2023-06-10 11:22:10.622] [main] [info] Minute Intraday:   562
[2023-06-10 11:22:10.622] [main] [info] Days since Epoch:   19518
%%%%%%%%%%     [4] Run the executable   ...DONE!
elapsed time:   3s
=====================================================================================================
