=====================================================================================================
%%%%%%%%%%     [4] Run the executable...
>Please note:  Even if all builds failed, the last built executable is still there and will be started!
> sudo -u mayadm ./ur-unix-run.sh
[2023-06-10 15:26:05.515] [main] [info] Pinging Pump Server Mayson...
[2023-06-10 15:26:05.634] [main] [info] Pump Server ping OK!
[2023-06-10 15:26:05.634] [main] [info] Pinging Pump Server Mayson   ...DONE!
[2023-06-10 15:26:05.634] [main] [info] Pinging all valve stations...
[2023-06-10 15:26:05.940] [main] [info] James ping OK!
[2023-06-10 15:26:05.940] [main] [info] Lucas ping OK!
[2023-06-10 15:26:05.940] [main] [info] Felix ping OK!
[2023-06-10 15:26:05.940] [main] [info] Pinging all valve stations   ...DONE!
[2023-06-10 15:26:05.940] [main] [info] Pinging Non-Existing Test Server...
[2023-06-10 15:26:09.022] [main] [info] Pinging Non-Existing Test Server OK!
[2023-06-10 15:26:09.022] [main] [info] Pinging Non-Existing Test Server   ...DONE!
[2023-06-10 15:26:09.022] [main] [info] Fetching timestamp...
std::chrono::system_clock::now().time_since_epoch()   :   1686403569022135031
get_seconds_since_epoch_now(bool verbose /* true */)   :   1686403569
minutes since epoch   :   28106726
minute of day   :   806
minute of hour   :   26
hour of day   :   13
[2023-06-10 15:26:09.022] [main] [info] Checking timestamp.txt...
[2023-06-10 15:26:09.022] [main] [debug] The timestamp.txt is always written when watering is triggered. It is read to check if I was already done with watering some minutes ago.
previous time_stamp:   28106012
[2023-06-10 15:26:09.022] [main] [info] Checking timestamp.txt   ...DONE!
[2023-06-10 15:26:09.022] [main] [info] It's not time for watering now!
[2023-06-10 15:26:09.022] [main] [info] Minute Intraday:   806
[2023-06-10 15:26:09.022] [main] [info] Days since Epoch:   19518
%%%%%%%%%%     [4] Run the executable   ...DONE!
elapsed time:   4s
=====================================================================================================
