=====================================================================================================
%%%%%%%%%%     [6] Uploading logs and go sleeping...
> sudo -u mayadm git checkout artifacts
Zu Zweig »artifacts« gewechselt
Ihr Branch ist auf demselben Stand wie 'origin/artifacts'.
> sudo -u mayadm git pull
Bereits aktuell.
> sudo -u mayadm git merge maya-productive
Bereits aktuell.
> sudo -u mayadm git add "../artifacts/logs/7548-*.log" -f
> sudo -u mayadm git add "../artifacts/logs/7547-*.log" -f
> sudo -u mayadm git commit -m "logs at 2023-06-11--06h57"
[artifacts 904b21977] logs at 2023-06-11--06h57
 6 files changed, 286 insertions(+)
 create mode 100644 maya/artifacts/logs/7547--2023-06-11--06h16---6.log
 create mode 100644 maya/artifacts/logs/7548--2023-06-11--06h57---1.log
 create mode 100644 maya/artifacts/logs/7548--2023-06-11--06h57---2.log
 create mode 100644 maya/artifacts/logs/7548--2023-06-11--06h57---3.log
 create mode 100644 maya/artifacts/logs/7548--2023-06-11--06h57---4.log
 create mode 100644 maya/artifacts/logs/7548--2023-06-11--06h57---5.log
> sudo -u mayadm git push
To https://github.com/Necktschnagge/wired-watering
   968093d5e..904b21977  artifacts -> artifacts
> sudo -u mayadm git checkout maya-productive
Zu Zweig »maya-productive« gewechselt
Ihr Branch ist auf demselben Stand wie 'origin/maya-productive'.
> sudo -u mayadm git push
Everything up-to-date
##############################################################
###################                        ###################
###################     GOING TO SLEEP     ###################
###################                        ###################
##############################################################
#######                                                #######
#######   Press CTRL + C NOW to abort script safely!   #######
#######                                                #######
##############################################################
##############################################################
#######                                                #######
#######               NOW GOING TO SLEEP               #######
#######                                                #######
##############################################################
> rtcwake -m mem -s 2400
rtcwake: RTC wird als UTC interpretiert …
rtcwake: aufwachen von „mem“ durch /dev/rtc0 bei Sun Jun 11 05:38:15 2023
##############################################################
#######                                                #######
#######            just waked up from sleep            #######
#######                                                #######
##############################################################
%%%%%%%%%%     [6] Uploading logs and go sleeping   ...DONE!
elapsed time:   2424s
=====================================================================================================
