=====================================================================================================
%%%%%%%%%%     [4] Run the executable...
>Please note:  Even if all builds failed, the last built executable is still there and will be started!
> sudo -u mayadm ./ur-unix-run.sh
[2023-06-11 08:19:09.550] [main] [info] Pinging Pump Server Mayson...
[2023-06-11 08:19:09.604] [main] [info] Pump Server ping OK!
[2023-06-11 08:19:09.604] [main] [info] Pinging Pump Server Mayson   ...DONE!
[2023-06-11 08:19:09.604] [main] [info] Pinging all valve stations...
[2023-06-11 08:19:09.914] [main] [info] James ping OK!
[2023-06-11 08:19:09.914] [main] [info] Lucas ping OK!
[2023-06-11 08:19:09.914] [main] [info] Felix ping OK!
[2023-06-11 08:19:09.914] [main] [info] Pinging all valve stations   ...DONE!
[2023-06-11 08:19:09.914] [main] [info] Pinging Non-Existing Test Server...
[2023-06-11 08:19:12.990] [main] [info] Pinging Non-Existing Test Server OK!
[2023-06-11 08:19:12.990] [main] [info] Pinging Non-Existing Test Server   ...DONE!
[2023-06-11 08:19:12.990] [main] [info] Fetching timestamp...
std::chrono::system_clock::now().time_since_epoch()   :   1686464352990330567
get_seconds_since_epoch_now(bool verbose /* true */)   :   1686464352
minutes since epoch   :   28107739
minute of day   :   379
minute of hour   :   19
hour of day   :   6
[2023-06-11 08:19:12.990] [main] [info] Checking timestamp.txt...
[2023-06-11 08:19:12.990] [main] [debug] The timestamp.txt is always written when watering is triggered. It is read to check if I was already done with watering some minutes ago.
previous time_stamp:   28107458
[2023-06-11 08:19:12.990] [main] [info] Checking timestamp.txt   ...DONE!
[2023-06-11 08:19:12.990] [main] [info] It's not time for watering now!
[2023-06-11 08:19:12.990] [main] [info] Minute Intraday:   379
[2023-06-11 08:19:12.990] [main] [info] Days since Epoch:   19519
%%%%%%%%%%     [4] Run the executable   ...DONE!
elapsed time:   3s
=====================================================================================================
