=====================================================================================================
%%%%%%%%%%     [4] Run the executable...
>Please note:  Even if all builds failed, the last built executable is still there and will be started!
> sudo -u mayadm ./ur-unix-run.sh
[2023-06-11 15:41:36.680] [main] [info] Pinging Pump Server Mayson...
[2023-06-11 15:41:36.780] [main] [info] Pump Server ping OK!
[2023-06-11 15:41:36.780] [main] [info] Pinging Pump Server Mayson   ...DONE!
[2023-06-11 15:41:36.780] [main] [info] Pinging all valve stations...
[2023-06-11 15:41:38.120] [main] [info] James ping OK!
[2023-06-11 15:41:38.120] [main] [info] Lucas ping OK!
[2023-06-11 15:41:38.121] [main] [info] Felix ping OK!
[2023-06-11 15:41:38.121] [main] [info] Pinging all valve stations   ...DONE!
[2023-06-11 15:41:38.121] [main] [info] Pinging Non-Existing Test Server...
[2023-06-11 15:41:41.193] [main] [info] Pinging Non-Existing Test Server OK!
[2023-06-11 15:41:41.193] [main] [info] Pinging Non-Existing Test Server   ...DONE!
[2023-06-11 15:41:41.193] [main] [info] Fetching timestamp...
std::chrono::system_clock::now().time_since_epoch()   :   1686490901193373892
get_seconds_since_epoch_now(bool verbose /* true */)   :   1686490901
minutes since epoch   :   28108181
minute of day   :   821
minute of hour   :   41
hour of day   :   13
[2023-06-11 15:41:41.193] [main] [info] Checking timestamp.txt...
[2023-06-11 15:41:41.193] [main] [debug] The timestamp.txt is always written when watering is triggered. It is read to check if I was already done with watering some minutes ago.
previous time_stamp:   28107458
[2023-06-11 15:41:41.193] [main] [info] Checking timestamp.txt   ...DONE!
[2023-06-11 15:41:41.193] [main] [info] It's not time for watering now!
[2023-06-11 15:41:41.193] [main] [info] Minute Intraday:   821
[2023-06-11 15:41:41.193] [main] [info] Days since Epoch:   19519
%%%%%%%%%%     [4] Run the executable   ...DONE!
elapsed time:   5s
=====================================================================================================
