=====================================================================================================
%%%%%%%%%%     [6] Uploading logs and go sleeping...
> sudo -u mayadm git checkout artifacts
Zu Zweig »artifacts« gewechselt
Ihr Branch ist auf demselben Stand wie 'origin/artifacts'.
> sudo -u mayadm git pull
Bereits aktuell.
> sudo -u mayadm git merge maya-productive
Bereits aktuell.
> sudo -u mayadm git add "../artifacts/logs/7570-*.log" -f
> sudo -u mayadm git add "../artifacts/logs/7569-*.log" -f
> sudo -u mayadm git commit -m "logs at 2023-06-11--21h47"
[artifacts 0a39a847c] logs at 2023-06-11--21h47
 6 files changed, 316 insertions(+)
 create mode 100644 maya/artifacts/logs/7569--2023-06-11--21h06---6.log
 create mode 100644 maya/artifacts/logs/7570--2023-06-11--21h47---1.log
 create mode 100644 maya/artifacts/logs/7570--2023-06-11--21h47---2.log
 create mode 100644 maya/artifacts/logs/7570--2023-06-11--21h47---3.log
 create mode 100644 maya/artifacts/logs/7570--2023-06-11--21h47---4.log
 create mode 100644 maya/artifacts/logs/7570--2023-06-11--21h47---5.log
> sudo -u mayadm git push
To https://github.com/Necktschnagge/wired-watering
   795207469..0a39a847c  artifacts -> artifacts
> sudo -u mayadm git checkout maya-productive
Zu Zweig »maya-productive« gewechselt
Ihr Branch ist auf demselben Stand wie 'origin/maya-productive'.
> sudo -u mayadm git push
Everything up-to-date
##############################################################
###################                        ###################
###################     GOING TO SLEEP     ###################
###################                        ###################
##############################################################
#######                                                #######
#######   Press CTRL + C NOW to abort script safely!   #######
#######                                                #######
##############################################################
##############################################################
#######                                                #######
#######               NOW GOING TO SLEEP               #######
#######                                                #######
##############################################################
> rtcwake -m mem -s 2400
rtcwake: RTC wird als UTC interpretiert …
rtcwake: aufwachen von „mem“ durch /dev/rtc0 bei Sun Jun 11 20:28:51 2023
##############################################################
#######                                                #######
#######            just waked up from sleep            #######
#######                                                #######
##############################################################
%%%%%%%%%%     [6] Uploading logs and go sleeping   ...DONE!
elapsed time:   2422s
=====================================================================================================
