=====================================================================================================
%%%%%%%%%%     [4] Run the executable...
>Please note:  Even if all builds failed, the last built executable is still there and will be started!
> sudo -u mayadm ./ur-unix-run.sh
[2023-06-12 03:54:33.486] [main] [info] Pinging Pump Server Mayson...
[2023-06-12 03:54:33.618] [main] [info] Pump Server ping OK!
[2023-06-12 03:54:33.618] [main] [info] Pinging Pump Server Mayson   ...DONE!
[2023-06-12 03:54:33.618] [main] [info] Pinging all valve stations...
[2023-06-12 03:54:34.945] [main] [info] James ping OK!
[2023-06-12 03:54:34.945] [main] [info] Lucas ping OK!
[2023-06-12 03:54:34.945] [main] [info] Felix ping OK!
[2023-06-12 03:54:34.946] [main] [info] Pinging all valve stations   ...DONE!
[2023-06-12 03:54:34.946] [main] [info] Pinging Non-Existing Test Server...
[2023-06-12 03:54:38.022] [main] [info] Pinging Non-Existing Test Server OK!
[2023-06-12 03:54:38.022] [main] [info] Pinging Non-Existing Test Server   ...DONE!
[2023-06-12 03:54:38.022] [main] [info] Creating Landscape...
[2023-06-12 03:54:38.022] [main] [info] Creating Landscape...
[2023-06-12 03:54:38.022] [main] [info] Creating Felix...
[2023-06-12 03:54:38.022] [main] [info] Creating James...
[2023-06-12 03:54:38.022] [main] [info] Creating Lucas...
[2023-06-12 03:54:38.022] [main] [info] Fetching timestamp...
std::chrono::system_clock::now().time_since_epoch()   :   1686534878022198105
get_seconds_since_epoch_now(bool verbose /* true */)   :   1686534878
minutes since epoch   :   28108914
minute of day   :   114
minute of hour   :   54
hour of day   :   1
[2023-06-12 03:54:38.022] [main] [info] Checking timestamp.txt...
[2023-06-12 03:54:38.022] [main] [debug] The timestamp.txt is always written when watering is triggered. It is read to check if I was already done with watering some minutes ago.
previous time_stamp:   28107458
[2023-06-12 03:54:38.022] [main] [info] Checking timestamp.txt   ...DONE!
Wrote to timestamp.txt
Send request to pump relay:
URL:   http://192.168.1.10:80/status?auto=off&system=off&manual=off
Response:
status code:   200
text:
{
 "server-name" : "pump-relay-mayson",
 "action" : "okay"
}
Send request to pump relay:
URL:   http://192.168.1.10:80/status?auto=on&system=on
Response:
status code:   200
text:
{
 "server-name" : "pump-relay-mayson",
 "action" : "okay"
}
Send request to pump relay:
URL:   http://192.168.1.10:80/status?auto=off
Response:
status code:   200
text:
{
 "server-name" : "pump-relay-mayson",
 "action" : "okay"
}
Send request to pump relay:
URL:   http://192.168.1.10:80/status?auto=on
Response:
status code:   200
text:
{
 "server-name" : "pump-relay-mayson",
 "action" : "okay"
}
[2023-06-12 03:54:57.190] [main] [info] 
--------------------------------------------------------------
Send valves at 1686534897
http://192.168.1.20:80/status?valves=4
200
{
 "server-name" : "valve-server-james",
 "action" : "okay"
}
[2023-06-12 03:54:57.294] [main] [info] 
Switched the following valves: --->
          James:   Tomaten   OFF -> ON 
                                   <---
[2023-06-12 03:54:57.294] [main] [info] 
--------------------------------------------------------------
Send valves at 1686534897
http://192.168.1.20:80/status?valves=6
200
{
 "server-name" : "valve-server-james",
 "action" : "okay"
}
[2023-06-12 03:54:57.351] [main] [info] 
Switched the following valves: --->
          James:   Gurken   OFF -> ON 
                                   <---
[2023-06-12 03:54:57.351] [main] [info] 
--------------------------------------------------------------
Send valves at 1686534897
http://192.168.1.21:80/status?valves=1
200
{
 "server-name" : "valve-server-lucas",
 "action" : "okay"
}
[2023-06-12 03:54:57.491] [main] [info] 
Switched the following valves: --->
          Lucas:   Erdbeerren Flieder   OFF -> ON 
                                   <---
[2023-06-12 03:54:57.491] [main] [info] 
--------------------------------------------------------------
Send valves at 1686534897
http://192.168.1.21:80/status?valves=3
200
{
 "server-name" : "valve-server-lucas",
 "action" : "okay"
}
[2023-06-12 03:54:57.549] [main] [info] 
Switched the following valves: --->
          Lucas:   Heidelbeeren   OFF -> ON 
                                   <---
[2023-06-12 04:14:57.041] [main] [info] 
--------------------------------------------------------------
Send valves at 1686536097
http://192.168.1.21:80/status?valves=2
200
{
 "server-name" : "valve-server-lucas",
 "action" : "okay"
}
[2023-06-12 04:14:57.140] [main] [info] 
Switched the following valves: --->
          Lucas:   Erdbeerren Flieder    ON -> OFF
                                   <---
[2023-06-12 04:14:57.140] [main] [info] 
--------------------------------------------------------------
Send valves at 1686536097
http://192.168.1.20:80/status?valves=4
200
{
 "server-name" : "valve-server-james",
 "action" : "okay"
}
[2023-06-12 04:14:57.250] [main] [info] 
Switched the following valves: --->
          James:   Gurken    ON -> OFF
                                   <---
Send request to pump relay:
URL:   http://192.168.1.10:80/status?auto=off
Response:
status code:   200
text:
{
 "server-name" : "pump-relay-mayson",
 "action" : "okay"
}
Send request to pump relay:
URL:   http://192.168.1.10:80/status?auto=on
Response:
status code:   200
text:
{
 "server-name" : "pump-relay-mayson",
 "action" : "okay"
}
Send request to pump relay:
URL:   http://192.168.1.10:80/status?auto=off
Response:
status code:   200
text:
{
 "server-name" : "pump-relay-mayson",
 "action" : "okay"
}
Send request to pump relay:
URL:   http://192.168.1.10:80/status?auto=on
Response:
status code:   200
text:
{
 "server-name" : "pump-relay-mayson",
 "action" : "okay"
}
[2023-06-12 04:55:17.045] [main] [info] 
--------------------------------------------------------------
Send valves at 1686538517
http://192.168.1.22:80/status?valves=0
200
{
 "server-name" : "valve-server-felix",
 "action" : "okay"
}
[2023-06-12 04:55:17.167] [main] [info] 
Switched the following valves: --->
                                   <---
[2023-06-12 04:55:17.167] [main] [info] 
--------------------------------------------------------------
Send valves at 1686538517
http://192.168.1.20:80/status?valves=0
200
{
 "server-name" : "valve-server-james",
 "action" : "okay"
}
[2023-06-12 04:55:17.376] [main] [info] 
Switched the following valves: --->
          James:   Tomaten    ON -> OFF
                                   <---
[2023-06-12 04:55:17.376] [main] [info] 
--------------------------------------------------------------
Send valves at 1686538517
http://192.168.1.21:80/status?valves=0
200
{
 "server-name" : "valve-server-lucas",
 "action" : "okay"
}
[2023-06-12 04:55:17.472] [main] [info] 
Switched the following valves: --->
          Lucas:   Heidelbeeren    ON -> OFF
                                   <---
Send request to pump relay:
URL:   http://192.168.1.10:80/status?auto=off
Response:
status code:   200
text:
{
 "server-name" : "pump-relay-mayson",
 "action" : "okay"
}
[2023-06-12 04:55:47.178] [main] [info] 
--------------------------------------------------------------
Send valves at 1686538547
http://192.168.1.22:80/status?valves=1
200
{
 "server-name" : "valve-server-felix",
 "action" : "okay"
}
[2023-06-12 04:55:47.277] [main] [info] 
Switched the following valves: --->
          Felix:   Eiben Klee   OFF -> ON 
                                   <---
[2023-06-12 04:57:47.070] [main] [info] 
--------------------------------------------------------------
Send valves at 1686538667
http://192.168.1.22:80/status?valves=0
200
{
 "server-name" : "valve-server-felix",
 "action" : "okay"
}
[2023-06-12 04:57:47.284] [main] [info] 
Switched the following valves: --->
          Felix:   Eiben Klee    ON -> OFF
                                   <---
[2023-06-12 04:57:47.284] [main] [info] 
--------------------------------------------------------------
Send valves at 1686538667
http://192.168.1.20:80/status?valves=0
200
{
 "server-name" : "valve-server-james",
 "action" : "okay"
}
[2023-06-12 04:57:47.381] [main] [info] 
Switched the following valves: --->
                                   <---
[2023-06-12 04:57:47.381] [main] [info] 
--------------------------------------------------------------
Send valves at 1686538667
http://192.168.1.21:80/status?valves=0
200
{
 "server-name" : "valve-server-lucas",
 "action" : "okay"
}
[2023-06-12 04:57:47.590] [main] [info] 
Switched the following valves: --->
                                   <---
[2023-06-12 04:57:47.590] [main] [info] Accumulated watering times:

Felix   :          Eiben Klee  :      2.00 min
Felix   :         Mara Sabine  :      0.00 min
James   :            Karotten  :      0.00 min
James   :              Gurken  :     20.00 min
James   :             Tomaten  :     60.33 min
James   :              -frei-  :      0.00 min
Lucas   :  Erdbeerren Flieder  :     19.99 min
Lucas   :        Heidelbeeren  :     60.33 min
Lucas   :         Kartofffeln  :      0.00 min

%%%%%%%%%%     [4] Run the executable   ...DONE!
elapsed time:   3794s
=====================================================================================================
