=====================================================================================================
%%%%%%%%%%     [6] Uploading logs and go sleeping...
> sudo -u mayadm git checkout artifacts
Zu Zweig »artifacts« gewechselt
Ihr Branch ist auf demselben Stand wie 'origin/artifacts'.
> sudo -u mayadm git pull
Bereits aktuell.
> sudo -u mayadm git merge maya-productive
Merge made by the 'recursive' strategy.
 maya/src/main.cpp | 4 ++--
 1 file changed, 2 insertions(+), 2 deletions(-)
> sudo -u mayadm git add "../artifacts/logs/7588-*.log" -f
> sudo -u mayadm git add "../artifacts/logs/7587-*.log" -f
> sudo -u mayadm git commit -m "logs at 2023-06-12--11h03"
[artifacts 1497d3140] logs at 2023-06-12--11h03
 6 files changed, 315 insertions(+)
 create mode 100644 maya/artifacts/logs/7587--2023-06-12--10h23---6.log
 create mode 100644 maya/artifacts/logs/7588--2023-06-12--11h03---1.log
 create mode 100644 maya/artifacts/logs/7588--2023-06-12--11h03---2.log
 create mode 100644 maya/artifacts/logs/7588--2023-06-12--11h03---3.log
 create mode 100644 maya/artifacts/logs/7588--2023-06-12--11h03---4.log
 create mode 100644 maya/artifacts/logs/7588--2023-06-12--11h03---5.log
> sudo -u mayadm git push
To https://github.com/Necktschnagge/wired-watering
   656cd5028..1497d3140  artifacts -> artifacts
> sudo -u mayadm git checkout maya-productive
Zu Zweig »maya-productive« gewechselt
Ihr Branch ist auf demselben Stand wie 'origin/maya-productive'.
> sudo -u mayadm git push
Everything up-to-date
##############################################################
###################                        ###################
###################     GOING TO SLEEP     ###################
###################                        ###################
##############################################################
#######                                                #######
#######   Press CTRL + C NOW to abort script safely!   #######
#######                                                #######
##############################################################
##############################################################
#######                                                #######
#######               NOW GOING TO SLEEP               #######
#######                                                #######
##############################################################
> rtcwake -m mem -s 2400
rtcwake: RTC wird als UTC interpretiert …
rtcwake: aufwachen von „mem“ durch /dev/rtc0 bei Mon Jun 12 09:45:08 2023
##############################################################
#######                                                #######
#######            just waked up from sleep            #######
#######                                                #######
##############################################################
%%%%%%%%%%     [6] Uploading logs and go sleeping   ...DONE!
elapsed time:   2443s
=====================================================================================================
