=====================================================================================================
%%%%%%%%%%     [6] Uploading logs and go sleeping...
> sudo -u mayadm git checkout artifacts
Zu Zweig »artifacts« gewechselt
Ihr Branch ist auf demselben Stand wie 'origin/artifacts'.
> sudo -u mayadm git pull
Bereits aktuell.
> sudo -u mayadm git merge maya-productive
Bereits aktuell.
> sudo -u mayadm git add "../artifacts/logs/7709-*.log" -f
> sudo -u mayadm git add "../artifacts/logs/7708-*.log" -f
> sudo -u mayadm git commit -m "logs at 2023-06-16--02h16"
[artifacts 6abff23f9] logs at 2023-06-16--02h16
 6 files changed, 303 insertions(+)
 create mode 100644 maya/artifacts/logs/7708--2023-06-16--01h35---6.log
 create mode 100644 maya/artifacts/logs/7709--2023-06-16--02h16---1.log
 create mode 100644 maya/artifacts/logs/7709--2023-06-16--02h16---2.log
 create mode 100644 maya/artifacts/logs/7709--2023-06-16--02h16---3.log
 create mode 100644 maya/artifacts/logs/7709--2023-06-16--02h16---4.log
 create mode 100644 maya/artifacts/logs/7709--2023-06-16--02h16---5.log
> sudo -u mayadm git push
To https://github.com/Necktschnagge/wired-watering
   a6ad9edff..6abff23f9  artifacts -> artifacts
> sudo -u mayadm git checkout maya-productive
Zu Zweig »maya-productive« gewechselt
Ihr Branch ist auf demselben Stand wie 'origin/maya-productive'.
> sudo -u mayadm git push
Everything up-to-date
##############################################################
###################                        ###################
###################     GOING TO SLEEP     ###################
###################                        ###################
##############################################################
#######                                                #######
#######   Press CTRL + C NOW to abort script safely!   #######
#######                                                #######
##############################################################
##############################################################
#######                                                #######
#######               NOW GOING TO SLEEP               #######
#######                                                #######
##############################################################
> rtcwake -m mem -s 2400
rtcwake: RTC wird als UTC interpretiert …
rtcwake: aufwachen von „mem“ durch /dev/rtc0 bei Fri Jun 16 00:56:57 2023
##############################################################
#######                                                #######
#######            just waked up from sleep            #######
#######                                                #######
##############################################################
%%%%%%%%%%     [6] Uploading logs and go sleeping   ...DONE!
elapsed time:   2423s
=====================================================================================================
