=====================================================================================================
%%%%%%%%%%     [4] Run the executable...
>Please note:  Even if all builds failed, the last built executable is still there and will be started!
> sudo -u mayadm ./ur-unix-run.sh
[2023-06-16 03:38:00.820] [main] [info] Pinging Pump Server Mayson...
[2023-06-16 03:38:00.938] [main] [info] Pump Server ping OK!
[2023-06-16 03:38:00.938] [main] [info] Pinging Pump Server Mayson   ...DONE!
[2023-06-16 03:38:00.938] [main] [info] Pinging all valve stations...
[2023-06-16 03:38:01.244] [main] [info] James ping OK!
[2023-06-16 03:38:01.244] [main] [info] Lucas ping OK!
[2023-06-16 03:38:01.244] [main] [info] Felix ping OK!
[2023-06-16 03:38:01.244] [main] [info] Pinging all valve stations   ...DONE!
[2023-06-16 03:38:01.244] [main] [info] Pinging Non-Existing Test Server...
[2023-06-16 03:38:04.328] [main] [info] Pinging Non-Existing Test Server OK!
[2023-06-16 03:38:04.328] [main] [info] Pinging Non-Existing Test Server   ...DONE!
[2023-06-16 03:38:04.328] [main] [info] Creating Landscape...
[2023-06-16 03:38:04.328] [main] [info] Creating Landscape...
[2023-06-16 03:38:04.328] [main] [info] Creating Felix...
[2023-06-16 03:38:04.328] [main] [info] Creating James...
[2023-06-16 03:38:04.328] [main] [info] Creating Lucas...
[2023-06-16 03:38:04.328] [main] [info] Fetching timestamp...
std::chrono::system_clock::now().time_since_epoch()   :   1686879484328798375
get_seconds_since_epoch_now(bool verbose /* true */)   :   1686879484
minutes since epoch   :   28114658
minute of day   :   98
minute of hour   :   38
hour of day   :   1
[2023-06-16 03:38:04.328] [main] [info] Checking timestamp.txt...
[2023-06-16 03:38:04.328] [main] [debug] The timestamp.txt is always written when watering is triggered. It is read to check if I was already done with watering some minutes ago.
previous time_stamp:   28113236
[2023-06-16 03:38:04.328] [main] [info] Checking timestamp.txt   ...DONE!
Wrote to timestamp.txt
Send request to pump relay:
URL:   http://192.168.1.10:80/status?auto=off&system=off&manual=off
Response:
status code:   200
text:
{
 "server-name" : "pump-relay-mayson",
 "action" : "okay"
}
Send request to pump relay:
URL:   http://192.168.1.10:80/status?auto=on&system=on
Response:
status code:   200
text:
{
 "server-name" : "pump-relay-mayson",
 "action" : "okay"
}
Send request to pump relay:
URL:   http://192.168.1.10:80/status?auto=off
Response:
status code:   200
text:
{
 "server-name" : "pump-relay-mayson",
 "action" : "okay"
}
Send request to pump relay:
URL:   http://192.168.1.10:80/status?auto=on
Response:
status code:   200
text:
{
 "server-name" : "pump-relay-mayson",
 "action" : "okay"
}
[2023-06-16 03:38:24.199] [main] [info] 
--------------------------------------------------------------
Send valves at 1686879504
http://192.168.1.20:80/status?valves=4
200
{
 "server-name" : "valve-server-james",
 "action" : "okay"
}
[2023-06-16 03:38:24.284] [main] [info] 
Switched the following valves: --->
          James:   Gurken   OFF -> ON 
                                   <---
[2023-06-16 03:38:24.284] [main] [info] 
--------------------------------------------------------------
Send valves at 1686879504
http://192.168.1.20:80/status?valves=6
200
{
 "server-name" : "valve-server-james",
 "action" : "okay"
}
[2023-06-16 03:38:24.340] [main] [info] 
Switched the following valves: --->
          James:   Tomaten   OFF -> ON 
                                   <---
[2023-06-16 03:38:24.340] [main] [info] 
--------------------------------------------------------------
Send valves at 1686879504
http://192.168.1.21:80/status?valves=1
200
{
 "server-name" : "valve-server-lucas",
 "action" : "okay"
}
[2023-06-16 03:38:24.592] [main] [info] 
Switched the following valves: --->
          Lucas:   Erbsen   OFF -> ON 
                                   <---
[2023-06-16 03:38:24.592] [main] [info] 
--------------------------------------------------------------
Send valves at 1686879504
http://192.168.1.21:80/status?valves=3
200
{
 "server-name" : "valve-server-lucas",
 "action" : "okay"
}
[2023-06-16 03:38:24.645] [main] [info] 
Switched the following valves: --->
          Lucas:   Heidelbeeren   OFF -> ON 
                                   <---
[2023-06-16 03:58:24.063] [main] [info] 
--------------------------------------------------------------
Send valves at 1686880704
http://192.168.1.20:80/status?valves=4
200
{
 "server-name" : "valve-server-james",
 "action" : "okay"
}
[2023-06-16 03:58:24.147] [main] [info] 
Switched the following valves: --->
          James:   Tomaten    ON -> OFF
                                   <---
[2023-06-16 03:58:24.147] [main] [info] 
--------------------------------------------------------------
Send valves at 1686880704
http://192.168.1.21:80/status?valves=2
200
{
 "server-name" : "valve-server-lucas",
 "action" : "okay"
}
[2023-06-16 03:58:24.248] [main] [info] 
Switched the following valves: --->
          Lucas:   Erbsen    ON -> OFF
                                   <---
Send request to pump relay:
URL:   http://192.168.1.10:80/status?auto=off
Response:
status code:   200
text:
{
 "server-name" : "pump-relay-mayson",
 "action" : "okay"
}
Send request to pump relay:
URL:   http://192.168.1.10:80/status?auto=on
Response:
status code:   200
text:
{
 "server-name" : "pump-relay-mayson",
 "action" : "okay"
}
Send request to pump relay:
URL:   http://192.168.1.10:80/status?auto=off
Response:
status code:   200
text:
{
 "server-name" : "pump-relay-mayson",
 "action" : "okay"
}
Send request to pump relay:
URL:   http://192.168.1.10:80/status?auto=on
Response:
status code:   200
text:
{
 "server-name" : "pump-relay-mayson",
 "action" : "okay"
}
[2023-06-16 04:38:44.091] [main] [info] 
--------------------------------------------------------------
Send valves at 1686883124
http://192.168.1.22:80/status?valves=0
200
{
 "server-name" : "valve-server-felix",
 "action" : "okay"
}
[2023-06-16 04:38:44.156] [main] [info] 
Switched the following valves: --->
                                   <---
[2023-06-16 04:38:44.156] [main] [info] 
--------------------------------------------------------------
Send valves at 1686883124
http://192.168.1.20:80/status?valves=0
200
{
 "server-name" : "valve-server-james",
 "action" : "okay"
}
[2023-06-16 04:38:44.267] [main] [info] 
Switched the following valves: --->
          James:   Gurken    ON -> OFF
                                   <---
[2023-06-16 04:38:44.267] [main] [info] 
--------------------------------------------------------------
Send valves at 1686883124
http://192.168.1.21:80/status?valves=0
200
{
 "server-name" : "valve-server-lucas",
 "action" : "okay"
}
[2023-06-16 04:38:44.363] [main] [info] 
Switched the following valves: --->
          Lucas:   Heidelbeeren    ON -> OFF
                                   <---
Send request to pump relay:
URL:   http://192.168.1.10:80/status?auto=off
Response:
status code:   200
text:
{
 "server-name" : "pump-relay-mayson",
 "action" : "okay"
}
[2023-06-16 04:39:14.162] [main] [info] 
--------------------------------------------------------------
Send valves at 1686883154
http://192.168.1.22:80/status?valves=1
200
{
 "server-name" : "valve-server-felix",
 "action" : "okay"
}
[2023-06-16 04:39:14.261] [main] [info] 
Switched the following valves: --->
          Felix:   Eiben-Klee   OFF -> ON 
                                   <---
[2023-06-16 04:41:14.051] [main] [info] 
--------------------------------------------------------------
Send valves at 1686883274
http://192.168.1.22:80/status?valves=0
200
{
 "server-name" : "valve-server-felix",
 "action" : "okay"
}
[2023-06-16 04:41:14.187] [main] [info] 
Switched the following valves: --->
          Felix:   Eiben-Klee    ON -> OFF
                                   <---
[2023-06-16 04:41:14.187] [main] [info] 
--------------------------------------------------------------
Send valves at 1686883274
http://192.168.1.20:80/status?valves=0
200
{
 "server-name" : "valve-server-james",
 "action" : "okay"
}
[2023-06-16 04:41:14.277] [main] [info] 
Switched the following valves: --->
                                   <---
[2023-06-16 04:41:14.277] [main] [info] 
--------------------------------------------------------------
Send valves at 1686883274
http://192.168.1.21:80/status?valves=0
200
{
 "server-name" : "valve-server-lucas",
 "action" : "okay"
}
[2023-06-16 04:41:14.378] [main] [info] 
Switched the following valves: --->
                                   <---
[2023-06-16 04:41:14.378] [main] [info] Accumulated watering times:

Felix   :          Eiben-Klee  :      2.00 min
Felix   :            Mara-alt  :      0.00 min
James   :            Karotten  :      0.00 min
James   :             Tomaten  :     20.00 min
James   :              Gurken  :     60.33 min
James   :          Kartoffeln  :      0.00 min
Lucas   :              Erbsen  :     19.99 min
Lucas   :        Heidelbeeren  :     60.33 min
Lucas   :      Bohnen-Flieder  :      0.00 min

%%%%%%%%%%     [4] Run the executable   ...DONE!
elapsed time:   3794s
=====================================================================================================
