=====================================================================================================
%%%%%%%%%%     [6] Uploading logs and go sleeping...
> sudo -u mayadm git checkout artifacts
Zu Zweig »artifacts« gewechselt
Ihr Branch ist auf demselben Stand wie 'origin/artifacts'.
> sudo -u mayadm git pull
Bereits aktuell.
> sudo -u mayadm git merge maya-productive
Bereits aktuell.
> sudo -u mayadm git add "../artifacts/logs/7714-*.log" -f
> sudo -u mayadm git add "../artifacts/logs/7713-*.log" -f
> sudo -u mayadm git commit -m "logs at 2023-06-16--06h43"
[artifacts a41693d7e] logs at 2023-06-16--06h43
 6 files changed, 303 insertions(+)
 create mode 100644 maya/artifacts/logs/7713--2023-06-16--06h02---6.log
 create mode 100644 maya/artifacts/logs/7714--2023-06-16--06h43---1.log
 create mode 100644 maya/artifacts/logs/7714--2023-06-16--06h43---2.log
 create mode 100644 maya/artifacts/logs/7714--2023-06-16--06h43---3.log
 create mode 100644 maya/artifacts/logs/7714--2023-06-16--06h43---4.log
 create mode 100644 maya/artifacts/logs/7714--2023-06-16--06h43---5.log
> sudo -u mayadm git push
To https://github.com/Necktschnagge/wired-watering
   76498490c..a41693d7e  artifacts -> artifacts
> sudo -u mayadm git checkout maya-productive
Zu Zweig »maya-productive« gewechselt
Ihr Branch ist auf demselben Stand wie 'origin/maya-productive'.
> sudo -u mayadm git push
Everything up-to-date
##############################################################
###################                        ###################
###################     GOING TO SLEEP     ###################
###################                        ###################
##############################################################
#######                                                #######
#######   Press CTRL + C NOW to abort script safely!   #######
#######                                                #######
##############################################################
##############################################################
#######                                                #######
#######               NOW GOING TO SLEEP               #######
#######                                                #######
##############################################################
> rtcwake -m mem -s 2400
rtcwake: RTC wird als UTC interpretiert …
rtcwake: aufwachen von „mem“ durch /dev/rtc0 bei Fri Jun 16 05:23:57 2023
##############################################################
#######                                                #######
#######            just waked up from sleep            #######
#######                                                #######
##############################################################
%%%%%%%%%%     [6] Uploading logs and go sleeping   ...DONE!
elapsed time:   2424s
=====================================================================================================
