=====================================================================================================
%%%%%%%%%%     [4] Run the executable...
>Please note:  Even if all builds failed, the last built executable is still there and will be started!
> sudo -u mayadm ./ur-unix-run.sh
[2023-06-16 23:42:18.029] [main] [info] Pinging Pump Server Mayson...
[2023-06-16 23:42:18.094] [main] [info] Pump Server ping OK!
[2023-06-16 23:42:18.094] [main] [info] Pinging Pump Server Mayson   ...DONE!
[2023-06-16 23:42:18.094] [main] [info] Pinging all valve stations...
[2023-06-16 23:42:21.392] [main] [error] Fatal: James not available!
[2023-06-16 23:42:21.392] [main] [info] Lucas ping OK!
[2023-06-16 23:42:21.392] [main] [info] Felix ping OK!
[2023-06-16 23:42:21.392] [main] [info] Pinging all valve stations   ...DONE!
[2023-06-16 23:42:21.392] [main] [info] Pinging Non-Existing Test Server...
[2023-06-16 23:42:24.473] [main] [info] Pinging Non-Existing Test Server OK!
[2023-06-16 23:42:24.473] [main] [info] Pinging Non-Existing Test Server   ...DONE!
[2023-06-16 23:42:24.473] [main] [info] Pinging Pump Server Mayson...
[2023-06-16 23:42:24.569] [main] [info] Pump Server ping OK!
[2023-06-16 23:42:24.569] [main] [info] Pinging Pump Server Mayson   ...DONE!
[2023-06-16 23:42:24.569] [main] [info] Pinging all valve stations...
[2023-06-16 23:42:25.901] [main] [info] James ping OK!
[2023-06-16 23:42:25.901] [main] [info] Lucas ping OK!
[2023-06-16 23:42:25.901] [main] [info] Felix ping OK!
[2023-06-16 23:42:25.901] [main] [info] Pinging all valve stations   ...DONE!
[2023-06-16 23:42:25.901] [main] [info] Pinging Non-Existing Test Server...
[2023-06-16 23:42:28.986] [main] [info] Pinging Non-Existing Test Server OK!
[2023-06-16 23:42:28.986] [main] [info] Pinging Non-Existing Test Server   ...DONE!
[2023-06-16 23:42:28.986] [main] [info] Creating Landscape...
[2023-06-16 23:42:28.986] [main] [info] Creating Landscape...
[2023-06-16 23:42:28.986] [main] [info] Creating Felix...
[2023-06-16 23:42:28.986] [main] [info] Creating James...
[2023-06-16 23:42:28.986] [main] [info] Creating Lucas...
[2023-06-16 23:42:28.986] [main] [info] Fetching timestamp...
std::chrono::system_clock::now().time_since_epoch()   :   1686951748986441038
get_seconds_since_epoch_now(bool verbose /* true */)   :   1686951748
minutes since epoch   :   28115862
minute of day   :   1302
minute of hour   :   42
hour of day   :   21
[2023-06-16 23:42:28.986] [main] [info] Checking timestamp.txt...
[2023-06-16 23:42:28.986] [main] [debug] The timestamp.txt is always written when watering is triggered. It is read to check if I was already done with watering some minutes ago.
previous time_stamp:   28114658
[2023-06-16 23:42:28.986] [main] [info] Checking timestamp.txt   ...DONE!
[2023-06-16 23:42:28.986] [main] [info] It's not time for watering now!
[2023-06-16 23:42:28.986] [main] [info] Minute Intraday:   1302
[2023-06-16 23:42:28.986] [main] [info] Days since Epoch:   19524
[2023-06-16 23:42:28.986] [main] [info] Accumulated watering times:

Felix   :          Eiben-Klee  :      0.00 min
Felix   :            Mara-alt  :      0.00 min
James   :            Karotten  :      0.00 min
James   :             Tomaten  :      0.00 min
James   :              Gurken  :      0.00 min
James   :          Kartoffeln  :      0.00 min
Lucas   :              Erbsen  :      0.00 min
Lucas   :        Heidelbeeren  :      0.00 min
Lucas   :      Bohnen-Flieder  :      0.00 min

%%%%%%%%%%     [4] Run the executable   ...DONE!
elapsed time:   10s
=====================================================================================================
