=====================================================================================================
%%%%%%%%%%     [6] Uploading logs and go sleeping...
> sudo -u mayadm git checkout artifacts
Zu Zweig »artifacts« gewechselt
Ihr Branch ist auf demselben Stand wie 'origin/artifacts'.
> sudo -u mayadm git pull
Bereits aktuell.
> sudo -u mayadm git merge maya-productive
Bereits aktuell.
> sudo -u mayadm git add "../artifacts/logs/7793-*.log" -f
> sudo -u mayadm git add "../artifacts/logs/7792-*.log" -f
> sudo -u mayadm git commit -m "logs at 2023-06-18--15h25"
[artifacts cd333532d] logs at 2023-06-18--15h25
 6 files changed, 303 insertions(+)
 create mode 100644 maya/artifacts/logs/7792--2023-06-18--14h44---6.log
 create mode 100644 maya/artifacts/logs/7793--2023-06-18--15h25---1.log
 create mode 100644 maya/artifacts/logs/7793--2023-06-18--15h25---2.log
 create mode 100644 maya/artifacts/logs/7793--2023-06-18--15h25---3.log
 create mode 100644 maya/artifacts/logs/7793--2023-06-18--15h25---4.log
 create mode 100644 maya/artifacts/logs/7793--2023-06-18--15h25---5.log
> sudo -u mayadm git push
To https://github.com/Necktschnagge/wired-watering
   0621250c2..cd333532d  artifacts -> artifacts
> sudo -u mayadm git checkout maya-productive
Zu Zweig »maya-productive« gewechselt
Ihr Branch ist auf demselben Stand wie 'origin/maya-productive'.
> sudo -u mayadm git push
Everything up-to-date
##############################################################
###################                        ###################
###################     GOING TO SLEEP     ###################
###################                        ###################
##############################################################
#######                                                #######
#######   Press CTRL + C NOW to abort script safely!   #######
#######                                                #######
##############################################################
##############################################################
#######                                                #######
#######               NOW GOING TO SLEEP               #######
#######                                                #######
##############################################################
> rtcwake -m mem -s 2400
rtcwake: RTC wird als UTC interpretiert …
rtcwake: aufwachen von „mem“ durch /dev/rtc0 bei Sun Jun 18 14:06:26 2023
##############################################################
#######                                                #######
#######            just waked up from sleep            #######
#######                                                #######
##############################################################
%%%%%%%%%%     [6] Uploading logs and go sleeping   ...DONE!
elapsed time:   2423s
=====================================================================================================
