=====================================================================================================
%%%%%%%%%%     [6] Uploading logs and go sleeping...
> sudo -u mayadm git checkout artifacts
Zu Zweig »artifacts« gewechselt
Ihr Branch ist auf demselben Stand wie 'origin/artifacts'.
> sudo -u mayadm git pull
Bereits aktuell.
> sudo -u mayadm git merge maya-productive
Bereits aktuell.
> sudo -u mayadm git add "../artifacts/logs/7809-*.log" -f
> sudo -u mayadm git add "../artifacts/logs/7808-*.log" -f
> sudo -u mayadm git commit -m "logs at 2023-06-19--02h18"
[artifacts bcae3e622] logs at 2023-06-19--02h18
 6 files changed, 303 insertions(+)
 create mode 100644 maya/artifacts/logs/7808--2023-06-19--01h37---6.log
 create mode 100644 maya/artifacts/logs/7809--2023-06-19--02h18---1.log
 create mode 100644 maya/artifacts/logs/7809--2023-06-19--02h18---2.log
 create mode 100644 maya/artifacts/logs/7809--2023-06-19--02h18---3.log
 create mode 100644 maya/artifacts/logs/7809--2023-06-19--02h18---4.log
 create mode 100644 maya/artifacts/logs/7809--2023-06-19--02h18---5.log
> sudo -u mayadm git push
To https://github.com/Necktschnagge/wired-watering
   fd1d722c7..bcae3e622  artifacts -> artifacts
> sudo -u mayadm git checkout maya-productive
Zu Zweig »maya-productive« gewechselt
Ihr Branch ist auf demselben Stand wie 'origin/maya-productive'.
> sudo -u mayadm git push
Everything up-to-date
##############################################################
###################                        ###################
###################     GOING TO SLEEP     ###################
###################                        ###################
##############################################################
#######                                                #######
#######   Press CTRL + C NOW to abort script safely!   #######
#######                                                #######
##############################################################
##############################################################
#######                                                #######
#######               NOW GOING TO SLEEP               #######
#######                                                #######
##############################################################
> rtcwake -m mem -s 2400
rtcwake: RTC wird als UTC interpretiert …
rtcwake: aufwachen von „mem“ durch /dev/rtc0 bei Mon Jun 19 00:58:55 2023
##############################################################
#######                                                #######
#######            just waked up from sleep            #######
#######                                                #######
##############################################################
%%%%%%%%%%     [6] Uploading logs and go sleeping   ...DONE!
elapsed time:   2423s
=====================================================================================================
