=====================================================================================================
%%%%%%%%%%     [6] Uploading logs and go sleeping...
> sudo -u mayadm git checkout artifacts
Zu Zweig »artifacts« gewechselt
Ihr Branch ist auf demselben Stand wie 'origin/artifacts'.
> sudo -u mayadm git pull
Bereits aktuell.
> sudo -u mayadm git merge maya-productive
Bereits aktuell.
> sudo -u mayadm git add "../artifacts/logs/7843-*.log" -f
> sudo -u mayadm git add "../artifacts/logs/7842-*.log" -f
> sudo -u mayadm git commit -m "logs at 2023-06-20--03h23"
[artifacts 2c5d68ea4] logs at 2023-06-20--03h23
 6 files changed, 303 insertions(+)
 create mode 100644 maya/artifacts/logs/7842--2023-06-20--02h43---6.log
 create mode 100644 maya/artifacts/logs/7843--2023-06-20--03h23---1.log
 create mode 100644 maya/artifacts/logs/7843--2023-06-20--03h23---2.log
 create mode 100644 maya/artifacts/logs/7843--2023-06-20--03h23---3.log
 create mode 100644 maya/artifacts/logs/7843--2023-06-20--03h23---4.log
 create mode 100644 maya/artifacts/logs/7843--2023-06-20--03h23---5.log
> sudo -u mayadm git push
To https://github.com/Necktschnagge/wired-watering
   598ee18a1..2c5d68ea4  artifacts -> artifacts
> sudo -u mayadm git checkout maya-productive
Zu Zweig »maya-productive« gewechselt
Ihr Branch ist auf demselben Stand wie 'origin/maya-productive'.
> sudo -u mayadm git push
Everything up-to-date
##############################################################
###################                        ###################
###################     GOING TO SLEEP     ###################
###################                        ###################
##############################################################
#######                                                #######
#######   Press CTRL + C NOW to abort script safely!   #######
#######                                                #######
##############################################################
##############################################################
#######                                                #######
#######               NOW GOING TO SLEEP               #######
#######                                                #######
##############################################################
> rtcwake -m mem -s 2400
rtcwake: RTC wird als UTC interpretiert …
rtcwake: aufwachen von „mem“ durch /dev/rtc0 bei Tue Jun 20 02:04:30 2023
##############################################################
#######                                                #######
#######            just waked up from sleep            #######
#######                                                #######
##############################################################
%%%%%%%%%%     [6] Uploading logs and go sleeping   ...DONE!
elapsed time:   2424s
=====================================================================================================
