=====================================================================================================
%%%%%%%%%%     [6] Uploading logs and go sleeping...
> sudo -u mayadm git checkout artifacts
Zu Zweig »artifacts« gewechselt
Ihr Branch ist auf demselben Stand wie 'origin/artifacts'.
> sudo -u mayadm git pull
Bereits aktuell.
> sudo -u mayadm git merge maya-productive
Bereits aktuell.
> sudo -u mayadm git add "../artifacts/logs/7860-*.log" -f
> sudo -u mayadm git add "../artifacts/logs/7859-*.log" -f
> sudo -u mayadm git commit -m "logs at 2023-06-20--16h00"
[artifacts 8e669f0a7] logs at 2023-06-20--16h00
 6 files changed, 303 insertions(+)
 create mode 100644 maya/artifacts/logs/7859--2023-06-20--15h19---6.log
 create mode 100644 maya/artifacts/logs/7860--2023-06-20--16h00---1.log
 create mode 100644 maya/artifacts/logs/7860--2023-06-20--16h00---2.log
 create mode 100644 maya/artifacts/logs/7860--2023-06-20--16h00---3.log
 create mode 100644 maya/artifacts/logs/7860--2023-06-20--16h00---4.log
 create mode 100644 maya/artifacts/logs/7860--2023-06-20--16h00---5.log
> sudo -u mayadm git push
To https://github.com/Necktschnagge/wired-watering
   8c3e60e60..8e669f0a7  artifacts -> artifacts
> sudo -u mayadm git checkout maya-productive
Zu Zweig »maya-productive« gewechselt
Ihr Branch ist auf demselben Stand wie 'origin/maya-productive'.
> sudo -u mayadm git push
Everything up-to-date
##############################################################
###################                        ###################
###################     GOING TO SLEEP     ###################
###################                        ###################
##############################################################
#######                                                #######
#######   Press CTRL + C NOW to abort script safely!   #######
#######                                                #######
##############################################################
##############################################################
#######                                                #######
#######               NOW GOING TO SLEEP               #######
#######                                                #######
##############################################################
> rtcwake -m mem -s 2400
rtcwake: RTC wird als UTC interpretiert …
rtcwake: aufwachen von „mem“ durch /dev/rtc0 bei Tue Jun 20 14:41:24 2023
##############################################################
#######                                                #######
#######            just waked up from sleep            #######
#######                                                #######
##############################################################
%%%%%%%%%%     [6] Uploading logs and go sleeping   ...DONE!
elapsed time:   2424s
=====================================================================================================
