=====================================================================================================
%%%%%%%%%%     [6] Uploading logs and go sleeping...
> sudo -u mayadm git checkout artifacts
Zu Zweig »artifacts« gewechselt
Ihr Branch ist auf demselben Stand wie 'origin/artifacts'.
> sudo -u mayadm git pull
Bereits aktuell.
> sudo -u mayadm git merge maya-productive
Bereits aktuell.
> sudo -u mayadm git add "../artifacts/logs/7934-*.log" -f
> sudo -u mayadm git add "../artifacts/logs/7933-*.log" -f
> sudo -u mayadm git commit -m "logs at 2023-06-22--21h24"
[artifacts a2e34df48] logs at 2023-06-22--21h24
 6 files changed, 303 insertions(+)
 create mode 100644 maya/artifacts/logs/7933--2023-06-22--20h43---6.log
 create mode 100644 maya/artifacts/logs/7934--2023-06-22--21h24---1.log
 create mode 100644 maya/artifacts/logs/7934--2023-06-22--21h24---2.log
 create mode 100644 maya/artifacts/logs/7934--2023-06-22--21h24---3.log
 create mode 100644 maya/artifacts/logs/7934--2023-06-22--21h24---4.log
 create mode 100644 maya/artifacts/logs/7934--2023-06-22--21h24---5.log
> sudo -u mayadm git push
To https://github.com/Necktschnagge/wired-watering
   8f0f9078b..a2e34df48  artifacts -> artifacts
> sudo -u mayadm git checkout maya-productive
Zu Zweig »maya-productive« gewechselt
Ihr Branch ist auf demselben Stand wie 'origin/maya-productive'.
> sudo -u mayadm git push
Everything up-to-date
##############################################################
###################                        ###################
###################     GOING TO SLEEP     ###################
###################                        ###################
##############################################################
#######                                                #######
#######   Press CTRL + C NOW to abort script safely!   #######
#######                                                #######
##############################################################
##############################################################
#######                                                #######
#######               NOW GOING TO SLEEP               #######
#######                                                #######
##############################################################
> rtcwake -m mem -s 2400
rtcwake: RTC wird als UTC interpretiert …
rtcwake: aufwachen von „mem“ durch /dev/rtc0 bei Thu Jun 22 20:05:07 2023
##############################################################
#######                                                #######
#######            just waked up from sleep            #######
#######                                                #######
##############################################################
%%%%%%%%%%     [6] Uploading logs and go sleeping   ...DONE!
elapsed time:   2425s
=====================================================================================================
