=====================================================================================================
%%%%%%%%%%     [6] Uploading logs and go sleeping...
> sudo -u mayadm git checkout artifacts
Zu Zweig »artifacts« gewechselt
Ihr Branch ist auf demselben Stand wie 'origin/artifacts'.
> sudo -u mayadm git pull
Bereits aktuell.
> sudo -u mayadm git merge maya-productive
Bereits aktuell.
> sudo -u mayadm git add "../artifacts/logs/7943-*.log" -f
> sudo -u mayadm git add "../artifacts/logs/7942-*.log" -f
> sudo -u mayadm git commit -m "logs at 2023-06-23--03h32"
[artifacts 2d156cfd2] logs at 2023-06-23--03h32
 6 files changed, 694 insertions(+)
 create mode 100644 maya/artifacts/logs/7942--2023-06-23--02h51---6.log
 create mode 100644 maya/artifacts/logs/7943--2023-06-23--03h32---1.log
 create mode 100644 maya/artifacts/logs/7943--2023-06-23--03h32---2.log
 create mode 100644 maya/artifacts/logs/7943--2023-06-23--03h32---3.log
 create mode 100644 maya/artifacts/logs/7943--2023-06-23--03h32---4.log
 create mode 100644 maya/artifacts/logs/7943--2023-06-23--03h32---5.log
> sudo -u mayadm git push
To https://github.com/Necktschnagge/wired-watering
   2ae9f59b2..2d156cfd2  artifacts -> artifacts
> sudo -u mayadm git checkout maya-productive
Zu Zweig »maya-productive« gewechselt
Ihr Branch ist auf demselben Stand wie 'origin/maya-productive'.
> sudo -u mayadm git push
Everything up-to-date
##############################################################
###################                        ###################
###################     GOING TO SLEEP     ###################
###################                        ###################
##############################################################
#######                                                #######
#######   Press CTRL + C NOW to abort script safely!   #######
#######                                                #######
##############################################################
##############################################################
#######                                                #######
#######               NOW GOING TO SLEEP               #######
#######                                                #######
##############################################################
> rtcwake -m mem -s 2400
rtcwake: RTC wird als UTC interpretiert …
rtcwake: aufwachen von „mem“ durch /dev/rtc0 bei Fri Jun 23 04:11:32 2023
##############################################################
#######                                                #######
#######            just waked up from sleep            #######
#######                                                #######
##############################################################
%%%%%%%%%%     [6] Uploading logs and go sleeping   ...DONE!
elapsed time:   2426s
=====================================================================================================
