=====================================================================================================
%%%%%%%%%%     [6] Uploading logs and go sleeping...
> sudo -u mayadm git checkout artifacts
Zu Zweig »artifacts« gewechselt
Ihr Branch ist auf demselben Stand wie 'origin/artifacts'.
> sudo -u mayadm git pull
Bereits aktuell.
> sudo -u mayadm git merge maya-productive
Bereits aktuell.
> sudo -u mayadm git add "../artifacts/logs/8032-*.log" -f
> sudo -u mayadm git add "../artifacts/logs/8031-*.log" -f
> sudo -u mayadm git commit -m "logs at 2023-06-25--21h12"
[artifacts 72dd81fda] logs at 2023-06-25--21h12
 6 files changed, 314 insertions(+)
 create mode 100644 maya/artifacts/logs/8031--2023-06-25--20h31---6.log
 create mode 100644 maya/artifacts/logs/8032--2023-06-25--21h12---1.log
 create mode 100644 maya/artifacts/logs/8032--2023-06-25--21h12---2.log
 create mode 100644 maya/artifacts/logs/8032--2023-06-25--21h12---3.log
 create mode 100644 maya/artifacts/logs/8032--2023-06-25--21h12---4.log
 create mode 100644 maya/artifacts/logs/8032--2023-06-25--21h12---5.log
> sudo -u mayadm git push
To https://github.com/Necktschnagge/wired-watering
   97c5e8728..72dd81fda  artifacts -> artifacts
> sudo -u mayadm git checkout maya-productive
Zu Zweig »maya-productive« gewechselt
Ihr Branch ist auf demselben Stand wie 'origin/maya-productive'.
> sudo -u mayadm git push
Everything up-to-date
##############################################################
###################                        ###################
###################     GOING TO SLEEP     ###################
###################                        ###################
##############################################################
#######                                                #######
#######   Press CTRL + C NOW to abort script safely!   #######
#######                                                #######
##############################################################
##############################################################
#######                                                #######
#######               NOW GOING TO SLEEP               #######
#######                                                #######
##############################################################
> rtcwake -m mem -s 2400
rtcwake: RTC wird als UTC interpretiert …
rtcwake: aufwachen von „mem“ durch /dev/rtc0 bei Sun Jun 25 19:53:15 2023
##############################################################
#######                                                #######
#######            just waked up from sleep            #######
#######                                                #######
##############################################################
%%%%%%%%%%     [6] Uploading logs and go sleeping   ...DONE!
elapsed time:   2424s
=====================================================================================================
