=====================================================================================================
%%%%%%%%%%     [4] Run the executable...
>Please note:  Even if all builds failed, the last built executable is still there and will be started!
> sudo -u mayadm ./ur-unix-run.sh
[2023-06-27 11:07:16.956] [main] [info] Pinging Pump Server Mayson...
[2023-06-27 11:07:17.057] [main] [info] Pump Server ping OK!
[2023-06-27 11:07:17.057] [main] [info] Pinging Pump Server Mayson   ...DONE!
[2023-06-27 11:07:17.057] [main] [info] Pinging all valve stations...
[2023-06-27 11:07:17.363] [main] [info] James ping OK!
[2023-06-27 11:07:17.363] [main] [info] Lucas ping OK!
[2023-06-27 11:07:17.363] [main] [info] Felix ping OK!
[2023-06-27 11:07:17.363] [main] [info] Pinging all valve stations   ...DONE!
[2023-06-27 11:07:17.363] [main] [info] Pinging Non-Existing Test Server...
[2023-06-27 11:07:20.433] [main] [info] Pinging Non-Existing Test Server OK!
[2023-06-27 11:07:20.433] [main] [info] Pinging Non-Existing Test Server   ...DONE!
[2023-06-27 11:07:20.433] [main] [info] Creating Landscape...
[2023-06-27 11:07:20.433] [main] [info] Creating Landscape...
[2023-06-27 11:07:20.433] [main] [info] Creating Felix...
[2023-06-27 11:07:20.433] [main] [info] Creating James...
[2023-06-27 11:07:20.433] [main] [info] Creating Lucas...
[2023-06-27 11:07:20.433] [main] [info] Fetching timestamp...
std::chrono::system_clock::now().time_since_epoch()   :   1687856840433176091
get_seconds_since_epoch_now(bool verbose /* true */)   :   1687856840
minutes since epoch   :   28130947
minute of day   :   547
minute of hour   :   7
hour of day   :   9
[2023-06-27 11:07:20.433] [main] [info] Checking timestamp.txt...
[2023-06-27 11:07:20.433] [main] [debug] The timestamp.txt is always written when watering is triggered. It is read to check if I was already done with watering some minutes ago.
previous time_stamp:   28130497
[2023-06-27 11:07:20.433] [main] [info] Checking timestamp.txt   ...DONE!
[2023-06-27 11:07:20.433] [main] [info] It's not time for watering now!
[2023-06-27 11:07:20.433] [main] [info] Minute Intraday:   547
[2023-06-27 11:07:20.433] [main] [info] Days since Epoch:   19535
[2023-06-27 11:07:20.433] [main] [info] Accumulated watering times:

Felix   :          Eiben-Klee  :      0.00 min
Felix   :            Mara-alt  :      0.00 min
James   :            Karotten  :      0.00 min
James   :             Tomaten  :      0.00 min
James   :              Gurken  :      0.00 min
James   :          Kartoffeln  :      0.00 min
Lucas   :              Erbsen  :      0.00 min
Lucas   :        Heidelbeeren  :      0.00 min
Lucas   :      Bohnen-Flieder  :      0.00 min

%%%%%%%%%%     [4] Run the executable   ...DONE!
elapsed time:   4s
=====================================================================================================
