=====================================================================================================
%%%%%%%%%%     [6] Uploading logs and go sleeping...
> sudo -u mayadm git checkout artifacts
Zu Zweig »artifacts« gewechselt
Ihr Branch ist auf demselben Stand wie 'origin/artifacts'.
> sudo -u mayadm git pull
Bereits aktuell.
> sudo -u mayadm git merge maya-productive
Bereits aktuell.
> sudo -u mayadm git add "../artifacts/logs/8128-*.log" -f
> sudo -u mayadm git add "../artifacts/logs/8127-*.log" -f
> sudo -u mayadm git commit -m "logs at 2023-06-28--15h48"
[artifacts 2e639a8f2] logs at 2023-06-28--15h48
 6 files changed, 325 insertions(+)
 create mode 100644 maya/artifacts/logs/8127--2023-06-28--15h07---6.log
 create mode 100644 maya/artifacts/logs/8128--2023-06-28--15h48---1.log
 create mode 100644 maya/artifacts/logs/8128--2023-06-28--15h48---2.log
 create mode 100644 maya/artifacts/logs/8128--2023-06-28--15h48---3.log
 create mode 100644 maya/artifacts/logs/8128--2023-06-28--15h48---4.log
 create mode 100644 maya/artifacts/logs/8128--2023-06-28--15h48---5.log
> sudo -u mayadm git push
To https://github.com/Necktschnagge/wired-watering
   a919e6b1f..2e639a8f2  artifacts -> artifacts
> sudo -u mayadm git checkout maya-productive
Zu Zweig »maya-productive« gewechselt
Ihr Branch ist auf demselben Stand wie 'origin/maya-productive'.
> sudo -u mayadm git push
Everything up-to-date
##############################################################
###################                        ###################
###################     GOING TO SLEEP     ###################
###################                        ###################
##############################################################
#######                                                #######
#######   Press CTRL + C NOW to abort script safely!   #######
#######                                                #######
##############################################################
##############################################################
#######                                                #######
#######               NOW GOING TO SLEEP               #######
#######                                                #######
##############################################################
> rtcwake -m mem -s 2400
rtcwake: RTC wird als UTC interpretiert …
rtcwake: aufwachen von „mem“ durch /dev/rtc0 bei Wed Jun 28 14:30:02 2023
##############################################################
#######                                                #######
#######            just waked up from sleep            #######
#######                                                #######
##############################################################
%%%%%%%%%%     [6] Uploading logs and go sleeping   ...DONE!
elapsed time:   2424s
=====================================================================================================
