=====================================================================================================
%%%%%%%%%%     [6] Uploading logs and go sleeping...
> sudo -u mayadm git checkout artifacts
Zu Zweig »artifacts« gewechselt
Ihr Branch ist auf demselben Stand wie 'origin/artifacts'.
> sudo -u mayadm git pull
Bereits aktuell.
> sudo -u mayadm git merge maya-productive
Bereits aktuell.
> sudo -u mayadm git add "../artifacts/logs/8132-*.log" -f
> sudo -u mayadm git add "../artifacts/logs/8131-*.log" -f
> sudo -u mayadm git commit -m "logs at 2023-06-28--18h32"
[artifacts f6cce075f] logs at 2023-06-28--18h32
 6 files changed, 303 insertions(+)
 create mode 100644 maya/artifacts/logs/8131--2023-06-28--17h52---6.log
 create mode 100644 maya/artifacts/logs/8132--2023-06-28--18h32---1.log
 create mode 100644 maya/artifacts/logs/8132--2023-06-28--18h32---2.log
 create mode 100644 maya/artifacts/logs/8132--2023-06-28--18h32---3.log
 create mode 100644 maya/artifacts/logs/8132--2023-06-28--18h32---4.log
 create mode 100644 maya/artifacts/logs/8132--2023-06-28--18h32---5.log
> sudo -u mayadm git push
To https://github.com/Necktschnagge/wired-watering
   13f3d3eba..f6cce075f  artifacts -> artifacts
> sudo -u mayadm git checkout maya-productive
Zu Zweig »maya-productive« gewechselt
Ihr Branch ist auf demselben Stand wie 'origin/maya-productive'.
> sudo -u mayadm git push
Everything up-to-date
##############################################################
###################                        ###################
###################     GOING TO SLEEP     ###################
###################                        ###################
##############################################################
#######                                                #######
#######   Press CTRL + C NOW to abort script safely!   #######
#######                                                #######
##############################################################
##############################################################
#######                                                #######
#######               NOW GOING TO SLEEP               #######
#######                                                #######
##############################################################
> rtcwake -m mem -s 2400
rtcwake: RTC wird als UTC interpretiert …
rtcwake: aufwachen von „mem“ durch /dev/rtc0 bei Wed Jun 28 17:13:46 2023
##############################################################
#######                                                #######
#######            just waked up from sleep            #######
#######                                                #######
##############################################################
%%%%%%%%%%     [6] Uploading logs and go sleeping   ...DONE!
elapsed time:   2425s
=====================================================================================================
