=====================================================================================================
%%%%%%%%%%     [6] Uploading logs and go sleeping...
> sudo -u mayadm git checkout artifacts
Zu Zweig »artifacts« gewechselt
Ihr Branch ist auf demselben Stand wie 'origin/artifacts'.
> sudo -u mayadm git pull
Bereits aktuell.
> sudo -u mayadm git merge maya-productive
Bereits aktuell.
> sudo -u mayadm git add "../artifacts/logs/8153-*.log" -f
> sudo -u mayadm git add "../artifacts/logs/8152-*.log" -f
> sudo -u mayadm git commit -m "logs at 2023-06-29--10h53"
[artifacts 18151802d] logs at 2023-06-29--10h53
 6 files changed, 303 insertions(+)
 create mode 100644 maya/artifacts/logs/8152--2023-06-29--10h12---6.log
 create mode 100644 maya/artifacts/logs/8153--2023-06-29--10h53---1.log
 create mode 100644 maya/artifacts/logs/8153--2023-06-29--10h53---2.log
 create mode 100644 maya/artifacts/logs/8153--2023-06-29--10h53---3.log
 create mode 100644 maya/artifacts/logs/8153--2023-06-29--10h53---4.log
 create mode 100644 maya/artifacts/logs/8153--2023-06-29--10h53---5.log
> sudo -u mayadm git push
To https://github.com/Necktschnagge/wired-watering
   3cd7cc5b0..18151802d  artifacts -> artifacts
> sudo -u mayadm git checkout maya-productive
Zu Zweig »maya-productive« gewechselt
Ihr Branch ist auf demselben Stand wie 'origin/maya-productive'.
> sudo -u mayadm git push
Everything up-to-date
##############################################################
###################                        ###################
###################     GOING TO SLEEP     ###################
###################                        ###################
##############################################################
#######                                                #######
#######   Press CTRL + C NOW to abort script safely!   #######
#######                                                #######
##############################################################
##############################################################
#######                                                #######
#######               NOW GOING TO SLEEP               #######
#######                                                #######
##############################################################
> rtcwake -m mem -s 2400
rtcwake: RTC wird als UTC interpretiert …
rtcwake: aufwachen von „mem“ durch /dev/rtc0 bei Thu Jun 29 09:34:38 2023
##############################################################
#######                                                #######
#######            just waked up from sleep            #######
#######                                                #######
##############################################################
%%%%%%%%%%     [6] Uploading logs and go sleeping   ...DONE!
elapsed time:   2425s
=====================================================================================================
