=====================================================================================================
%%%%%%%%%%     [4] Run the executable...
>Please note:  Even if all builds failed, the last built executable is still there and will be started!
> sudo -u mayadm ./ur-unix-run.sh
[2023-06-29 14:18:58.267] [main] [info] Pinging Pump Server Mayson...
[2023-06-29 14:19:08.270] [main] [error] Fatal: Pump Server not available!
[2023-06-29 14:19:08.270] [main] [info] Pinging Pump Server Mayson   ...DONE!
[2023-06-29 14:19:08.270] [main] [info] Pinging all valve stations...
[2023-06-29 14:19:09.545] [main] [info] James ping OK!
[2023-06-29 14:19:09.545] [main] [info] Lucas ping OK!
[2023-06-29 14:19:09.545] [main] [info] Felix ping OK!
[2023-06-29 14:19:09.545] [main] [info] Pinging all valve stations   ...DONE!
[2023-06-29 14:19:09.545] [main] [info] Pinging Non-Existing Test Server...
[2023-06-29 14:19:12.624] [main] [info] Pinging Non-Existing Test Server OK!
[2023-06-29 14:19:12.624] [main] [info] Pinging Non-Existing Test Server   ...DONE!
[2023-06-29 14:19:12.624] [main] [info] Pinging Pump Server Mayson...
[2023-06-29 14:19:12.679] [main] [info] Pump Server ping OK!
[2023-06-29 14:19:12.679] [main] [info] Pinging Pump Server Mayson   ...DONE!
[2023-06-29 14:19:12.679] [main] [info] Pinging all valve stations...
[2023-06-29 14:19:12.983] [main] [info] James ping OK!
[2023-06-29 14:19:12.983] [main] [info] Lucas ping OK!
[2023-06-29 14:19:12.983] [main] [info] Felix ping OK!
[2023-06-29 14:19:12.983] [main] [info] Pinging all valve stations   ...DONE!
[2023-06-29 14:19:12.983] [main] [info] Pinging Non-Existing Test Server...
[2023-06-29 14:19:16.048] [main] [info] Pinging Non-Existing Test Server OK!
[2023-06-29 14:19:16.048] [main] [info] Pinging Non-Existing Test Server   ...DONE!
[2023-06-29 14:19:16.048] [main] [info] Creating Landscape...
[2023-06-29 14:19:16.048] [main] [info] Creating Landscape...
[2023-06-29 14:19:16.048] [main] [info] Creating Felix...
[2023-06-29 14:19:16.048] [main] [info] Creating James...
[2023-06-29 14:19:16.048] [main] [info] Creating Lucas...
[2023-06-29 14:19:16.048] [main] [info] Fetching timestamp...
std::chrono::system_clock::now().time_since_epoch()   :   1688041156048784814
get_seconds_since_epoch_now(bool verbose /* true */)   :   1688041156
minutes since epoch   :   28134019
minute of day   :   739
minute of hour   :   19
hour of day   :   12
[2023-06-29 14:19:16.048] [main] [info] Checking timestamp.txt...
[2023-06-29 14:19:16.048] [main] [debug] The timestamp.txt is always written when watering is triggered. It is read to check if I was already done with watering some minutes ago.
previous time_stamp:   28133408
[2023-06-29 14:19:16.048] [main] [info] Checking timestamp.txt   ...DONE!
[2023-06-29 14:19:16.048] [main] [info] It's not time for watering now!
[2023-06-29 14:19:16.048] [main] [info] Minute Intraday:   739
[2023-06-29 14:19:16.049] [main] [info] Days since Epoch:   19537
[2023-06-29 14:19:16.049] [main] [info] Accumulated watering times:

Felix   :          Eiben-Klee  :      0.00 min
Felix   :            Mara-alt  :      0.00 min
James   :            Karotten  :      0.00 min
James   :             Tomaten  :      0.00 min
James   :              Gurken  :      0.00 min
James   :          Kartoffeln  :      0.00 min
Lucas   :              Erbsen  :      0.00 min
Lucas   :        Heidelbeeren  :      0.00 min
Lucas   :      Bohnen-Flieder  :      0.00 min

%%%%%%%%%%     [4] Run the executable   ...DONE!
elapsed time:   18s
=====================================================================================================
