=====================================================================================================
%%%%%%%%%%     [4] Run the executable...
>Please note:  Even if all builds failed, the last built executable is still there and will be started!
> sudo -u mayadm ./ur-unix-run.sh
[2023-06-30 03:58:32.605] [main] [info] Pinging Pump Server Mayson...
[2023-06-30 03:58:32.667] [main] [info] Pump Server ping OK!
[2023-06-30 03:58:32.667] [main] [info] Pinging Pump Server Mayson   ...DONE!
[2023-06-30 03:58:32.667] [main] [info] Pinging all valve stations...
[2023-06-30 03:58:32.973] [main] [info] James ping OK!
[2023-06-30 03:58:32.973] [main] [info] Lucas ping OK!
[2023-06-30 03:58:32.973] [main] [info] Felix ping OK!
[2023-06-30 03:58:32.973] [main] [info] Pinging all valve stations   ...DONE!
[2023-06-30 03:58:32.973] [main] [info] Pinging Non-Existing Test Server...
[2023-06-30 03:58:36.039] [main] [info] Pinging Non-Existing Test Server OK!
[2023-06-30 03:58:36.039] [main] [info] Pinging Non-Existing Test Server   ...DONE!
[2023-06-30 03:58:36.039] [main] [info] Creating Landscape...
[2023-06-30 03:58:36.039] [main] [info] Creating Landscape...
[2023-06-30 03:58:36.039] [main] [info] Creating Felix...
[2023-06-30 03:58:36.039] [main] [info] Creating James...
[2023-06-30 03:58:36.039] [main] [info] Creating Lucas...
[2023-06-30 03:58:36.039] [main] [info] Fetching timestamp...
std::chrono::system_clock::now().time_since_epoch()   :   1688090316039633792
get_seconds_since_epoch_now(bool verbose /* true */)   :   1688090316
minutes since epoch   :   28134838
minute of day   :   118
minute of hour   :   58
hour of day   :   1
[2023-06-30 03:58:36.039] [main] [info] Checking timestamp.txt...
[2023-06-30 03:58:36.039] [main] [debug] The timestamp.txt is always written when watering is triggered. It is read to check if I was already done with watering some minutes ago.
previous time_stamp:   28133408
[2023-06-30 03:58:36.039] [main] [info] Checking timestamp.txt   ...DONE!
Wrote to timestamp.txt
Send request to pump relay:
URL:   http://192.168.1.10:80/status?auto=off&system=off&manual=off
Response:
status code:   200
text:
{
 "server-name" : "pump-relay-mayson",
 "action" : "okay"
}
Send request to pump relay:
URL:   http://192.168.1.10:80/status?auto=on&system=on
Response:
status code:   200
text:
{
 "server-name" : "pump-relay-mayson",
 "action" : "okay"
}
Send request to pump relay:
URL:   http://192.168.1.10:80/status?auto=off
Response:
status code:   200
text:
{
 "server-name" : "pump-relay-mayson",
 "action" : "okay"
}
Send request to pump relay:
URL:   http://192.168.1.10:80/status?auto=on
Response:
status code:   200
text:
{
 "server-name" : "pump-relay-mayson",
 "action" : "okay"
}
[2023-06-30 03:58:55.118] [main] [info] 
--------------------------------------------------------------
Send valves at 1688090335
http://192.168.1.20:80/status?valves=4
200
{
 "server-name" : "valve-server-james",
 "action" : "okay"
}
[2023-06-30 03:58:55.235] [main] [info] 
Switched the following valves: --->
          James:   Gurken   OFF -> ON 
                                   <---
[2023-06-30 03:58:55.235] [main] [info] 
--------------------------------------------------------------
Send valves at 1688090335
http://192.168.1.20:80/status?valves=6
200
{
 "server-name" : "valve-server-james",
 "action" : "okay"
}
[2023-06-30 03:58:55.279] [main] [info] 
Switched the following valves: --->
          James:   Tomaten   OFF -> ON 
                                   <---
[2023-06-30 03:58:55.279] [main] [info] 
--------------------------------------------------------------
Send valves at 1688090335
http://192.168.1.21:80/status?valves=1
200
{
 "server-name" : "valve-server-lucas",
 "action" : "okay"
}
[2023-06-30 03:58:55.416] [main] [info] 
Switched the following valves: --->
          Lucas:   Erbsen   OFF -> ON 
                                   <---
[2023-06-30 04:18:55.052] [main] [info] 
--------------------------------------------------------------
Send valves at 1688091535
http://192.168.1.20:80/status?valves=4
200
{
 "server-name" : "valve-server-james",
 "action" : "okay"
}
[2023-06-30 04:18:55.211] [main] [info] 
Switched the following valves: --->
          James:   Tomaten    ON -> OFF
                                   <---
[2023-06-30 04:18:55.211] [main] [info] 
--------------------------------------------------------------
Send valves at 1688091535
http://192.168.1.21:80/status?valves=0
200
{
 "server-name" : "valve-server-lucas",
 "action" : "okay"
}
[2023-06-30 04:18:55.313] [main] [info] 
Switched the following valves: --->
          Lucas:   Erbsen    ON -> OFF
                                   <---
Send request to pump relay:
URL:   http://192.168.1.10:80/status?auto=off
Response:
status code:   200
text:
{
 "server-name" : "pump-relay-mayson",
 "action" : "okay"
}
Send request to pump relay:
URL:   http://192.168.1.10:80/status?auto=on
Response:
status code:   200
text:
{
 "server-name" : "pump-relay-mayson",
 "action" : "okay"
}
Send request to pump relay:
URL:   http://192.168.1.10:80/status?auto=off
Response:
status code:   200
text:
{
 "server-name" : "pump-relay-mayson",
 "action" : "okay"
}
Send request to pump relay:
URL:   http://192.168.1.10:80/status?auto=on
Response:
status code:   200
text:
{
 "server-name" : "pump-relay-mayson",
 "action" : "okay"
}
[2023-06-30 04:59:18.089] [main] [info] 
--------------------------------------------------------------
Send valves at 1688093958
http://192.168.1.22:80/status?valves=0
200
{
 "server-name" : "valve-server-felix",
 "action" : "okay"
}
[2023-06-30 04:59:18.209] [main] [info] 
Switched the following valves: --->
                                   <---
[2023-06-30 04:59:18.209] [main] [info] 
--------------------------------------------------------------
Send valves at 1688093958
http://192.168.1.20:80/status?valves=0
200
{
 "server-name" : "valve-server-james",
 "action" : "okay"
}
[2023-06-30 04:59:18.320] [main] [info] 
Switched the following valves: --->
          James:   Gurken    ON -> OFF
                                   <---
[2023-06-30 04:59:18.320] [main] [info] 
--------------------------------------------------------------
Send valves at 1688093958
http://192.168.1.21:80/status?valves=0
200
{
 "server-name" : "valve-server-lucas",
 "action" : "okay"
}
[2023-06-30 04:59:18.411] [main] [info] 
Switched the following valves: --->
                                   <---
Send request to pump relay:
URL:   http://192.168.1.10:80/status?auto=off
Response:
status code:   200
text:
{
 "server-name" : "pump-relay-mayson",
 "action" : "okay"
}
[2023-06-30 04:59:48.222] [main] [info] 
--------------------------------------------------------------
Send valves at 1688093988
http://192.168.1.22:80/status?valves=1
200
{
 "server-name" : "valve-server-felix",
 "action" : "okay"
}
[2023-06-30 04:59:48.306] [main] [info] 
Switched the following valves: --->
          Felix:   Eiben-Klee   OFF -> ON 
                                   <---
[2023-06-30 05:01:48.046] [main] [info] 
--------------------------------------------------------------
Send valves at 1688094108
http://192.168.1.22:80/status?valves=0
200
{
 "server-name" : "valve-server-felix",
 "action" : "okay"
}
[2023-06-30 05:01:48.118] [main] [info] 
Switched the following valves: --->
          Felix:   Eiben-Klee    ON -> OFF
                                   <---
[2023-06-30 05:01:48.118] [main] [info] 
--------------------------------------------------------------
Send valves at 1688094108
http://192.168.1.20:80/status?valves=0
200
{
 "server-name" : "valve-server-james",
 "action" : "okay"
}
[2023-06-30 05:01:48.226] [main] [info] 
Switched the following valves: --->
                                   <---
[2023-06-30 05:01:48.226] [main] [info] 
--------------------------------------------------------------
Send valves at 1688094108
http://192.168.1.21:80/status?valves=0
200
{
 "server-name" : "valve-server-lucas",
 "action" : "okay"
}
[2023-06-30 05:01:48.326] [main] [info] 
Switched the following valves: --->
                                   <---
[2023-06-30 05:01:48.326] [main] [info] Accumulated watering times:

Felix   :          Eiben-Klee  :      2.00 min
Felix   :            Mara-alt  :      0.00 min
James   :            Karotten  :      0.00 min
James   :             Tomaten  :     20.00 min
James   :              Gurken  :     60.38 min
James   :          Kartoffeln  :      0.00 min
Lucas   :              Erbsen  :     20.00 min
Lucas   :        Heidelbeeren  :      0.00 min
Lucas   :      Bohnen-Flieder  :      0.00 min

%%%%%%%%%%     [4] Run the executable   ...DONE!
elapsed time:   3797s
=====================================================================================================
