=====================================================================================================
%%%%%%%%%%     [6] Uploading logs and go sleeping...
> sudo -u mayadm git checkout artifacts
Zu Zweig »artifacts« gewechselt
Ihr Branch ist auf demselben Stand wie 'origin/artifacts'.
> sudo -u mayadm git pull
Bereits aktuell.
> sudo -u mayadm git merge maya-productive
Bereits aktuell.
> sudo -u mayadm git add "../artifacts/logs/8220-*.log" -f
> sudo -u mayadm git add "../artifacts/logs/8219-*.log" -f
> sudo -u mayadm git commit -m "logs at 2023-07-01--11h42"
[artifacts 1e6f6de95] logs at 2023-07-01--11h42
 6 files changed, 324 insertions(+)
 create mode 100644 maya/artifacts/logs/8219--2023-07-01--11h01---6.log
 create mode 100644 maya/artifacts/logs/8220--2023-07-01--11h42---1.log
 create mode 100644 maya/artifacts/logs/8220--2023-07-01--11h42---2.log
 create mode 100644 maya/artifacts/logs/8220--2023-07-01--11h42---3.log
 create mode 100644 maya/artifacts/logs/8220--2023-07-01--11h42---4.log
 create mode 100644 maya/artifacts/logs/8220--2023-07-01--11h42---5.log
> sudo -u mayadm git push
To https://github.com/Necktschnagge/wired-watering
   22fdf3b3e..1e6f6de95  artifacts -> artifacts
> sudo -u mayadm git checkout maya-productive
Zu Zweig »maya-productive« gewechselt
Ihr Branch ist auf demselben Stand wie 'origin/maya-productive'.
> sudo -u mayadm git push
Everything up-to-date
##############################################################
###################                        ###################
###################     GOING TO SLEEP     ###################
###################                        ###################
##############################################################
#######                                                #######
#######   Press CTRL + C NOW to abort script safely!   #######
#######                                                #######
##############################################################
##############################################################
#######                                                #######
#######               NOW GOING TO SLEEP               #######
#######                                                #######
##############################################################
> rtcwake -m mem -s 2400
rtcwake: RTC wird als UTC interpretiert …
rtcwake: aufwachen von „mem“ durch /dev/rtc0 bei Sat Jul  1 10:23:31 2023
##############################################################
#######                                                #######
#######            just waked up from sleep            #######
#######                                                #######
##############################################################
%%%%%%%%%%     [6] Uploading logs and go sleeping   ...DONE!
elapsed time:   2425s
=====================================================================================================
