=====================================================================================================
%%%%%%%%%%     [4] Run the executable...
>Please note:  Even if all builds failed, the last built executable is still there and will be started!
> sudo -u mayadm ./ur-unix-run.sh
[2023-07-02 06:32:23.674] [main] [info] Pinging Pump Server Mayson...
[2023-07-02 06:32:23.722] [main] [info] Pump Server ping OK!
[2023-07-02 06:32:23.722] [main] [info] Pinging Pump Server Mayson   ...DONE!
[2023-07-02 06:32:23.722] [main] [info] Pinging all valve stations...
[2023-07-02 06:32:26.984] [main] [error] Fatal: James not available!
[2023-07-02 06:32:26.984] [main] [info] Lucas ping OK!
[2023-07-02 06:32:26.984] [main] [info] Felix ping OK!
[2023-07-02 06:32:26.984] [main] [info] Pinging all valve stations   ...DONE!
[2023-07-02 06:32:26.984] [main] [info] Pinging Non-Existing Test Server...
[2023-07-02 06:32:30.048] [main] [info] Pinging Non-Existing Test Server OK!
[2023-07-02 06:32:30.048] [main] [info] Pinging Non-Existing Test Server   ...DONE!
[2023-07-02 06:32:30.048] [main] [info] Pinging Pump Server Mayson...
[2023-07-02 06:32:30.131] [main] [info] Pump Server ping OK!
[2023-07-02 06:32:30.131] [main] [info] Pinging Pump Server Mayson   ...DONE!
[2023-07-02 06:32:30.131] [main] [info] Pinging all valve stations...
[2023-07-02 06:32:33.397] [main] [error] Fatal: James not available!
[2023-07-02 06:32:33.397] [main] [info] Lucas ping OK!
[2023-07-02 06:32:33.397] [main] [info] Felix ping OK!
[2023-07-02 06:32:33.397] [main] [info] Pinging all valve stations   ...DONE!
[2023-07-02 06:32:33.397] [main] [info] Pinging Non-Existing Test Server...
[2023-07-02 06:32:36.480] [main] [info] Pinging Non-Existing Test Server OK!
[2023-07-02 06:32:36.480] [main] [info] Pinging Non-Existing Test Server   ...DONE!
[2023-07-02 06:32:36.480] [main] [info] Pinging Pump Server Mayson...
[2023-07-02 06:32:36.557] [main] [info] Pump Server ping OK!
[2023-07-02 06:32:36.557] [main] [info] Pinging Pump Server Mayson   ...DONE!
[2023-07-02 06:32:36.557] [main] [info] Pinging all valve stations...
[2023-07-02 06:32:39.832] [main] [error] Fatal: James not available!
[2023-07-02 06:32:39.832] [main] [info] Lucas ping OK!
[2023-07-02 06:32:39.832] [main] [info] Felix ping OK!
[2023-07-02 06:32:39.832] [main] [info] Pinging all valve stations   ...DONE!
[2023-07-02 06:32:39.832] [main] [info] Pinging Non-Existing Test Server...
[2023-07-02 06:32:42.912] [main] [info] Pinging Non-Existing Test Server OK!
[2023-07-02 06:32:42.912] [main] [info] Pinging Non-Existing Test Server   ...DONE!
[2023-07-02 06:32:42.912] [main] [info] Pinging Pump Server Mayson...
[2023-07-02 06:32:42.996] [main] [info] Pump Server ping OK!
[2023-07-02 06:32:42.996] [main] [info] Pinging Pump Server Mayson   ...DONE!
[2023-07-02 06:32:42.996] [main] [info] Pinging all valve stations...
[2023-07-02 06:32:46.274] [main] [error] Fatal: James not available!
[2023-07-02 06:32:46.274] [main] [info] Lucas ping OK!
[2023-07-02 06:32:46.274] [main] [info] Felix ping OK!
[2023-07-02 06:32:46.274] [main] [info] Pinging all valve stations   ...DONE!
[2023-07-02 06:32:46.274] [main] [info] Pinging Non-Existing Test Server...
[2023-07-02 06:32:49.344] [main] [info] Pinging Non-Existing Test Server OK!
[2023-07-02 06:32:49.344] [main] [info] Pinging Non-Existing Test Server   ...DONE!
[2023-07-02 06:32:49.344] [main] [info] Pinging Pump Server Mayson...
[2023-07-02 06:32:49.440] [main] [info] Pump Server ping OK!
[2023-07-02 06:32:49.440] [main] [info] Pinging Pump Server Mayson   ...DONE!
[2023-07-02 06:32:49.440] [main] [info] Pinging all valve stations...
[2023-07-02 06:32:52.719] [main] [error] Fatal: James not available!
[2023-07-02 06:32:52.719] [main] [info] Lucas ping OK!
[2023-07-02 06:32:52.719] [main] [info] Felix ping OK!
[2023-07-02 06:32:52.719] [main] [info] Pinging all valve stations   ...DONE!
[2023-07-02 06:32:52.719] [main] [info] Pinging Non-Existing Test Server...
[2023-07-02 06:32:55.776] [main] [info] Pinging Non-Existing Test Server OK!
[2023-07-02 06:32:55.776] [main] [info] Pinging Non-Existing Test Server   ...DONE!
[2023-07-02 06:32:55.776] [main] [info] Pinging Pump Server Mayson...
[2023-07-02 06:32:55.886] [main] [info] Pump Server ping OK!
[2023-07-02 06:32:55.886] [main] [info] Pinging Pump Server Mayson   ...DONE!
[2023-07-02 06:32:55.886] [main] [info] Pinging all valve stations...
[2023-07-02 06:32:59.071] [main] [error] Fatal: James not available!
[2023-07-02 06:32:59.071] [main] [info] Lucas ping OK!
[2023-07-02 06:32:59.071] [main] [info] Felix ping OK!
[2023-07-02 06:32:59.071] [main] [info] Pinging all valve stations   ...DONE!
[2023-07-02 06:32:59.071] [main] [info] Pinging Non-Existing Test Server...
[2023-07-02 06:33:02.144] [main] [info] Pinging Non-Existing Test Server OK!
[2023-07-02 06:33:02.144] [main] [info] Pinging Non-Existing Test Server   ...DONE!
[2023-07-02 06:33:02.144] [main] [info] Pinging Pump Server Mayson...
[2023-07-02 06:33:02.269] [main] [info] Pump Server ping OK!
[2023-07-02 06:33:02.269] [main] [info] Pinging Pump Server Mayson   ...DONE!
[2023-07-02 06:33:02.269] [main] [info] Pinging all valve stations...
[2023-07-02 06:33:05.549] [main] [error] Fatal: James not available!
[2023-07-02 06:33:05.549] [main] [info] Lucas ping OK!
[2023-07-02 06:33:05.549] [main] [info] Felix ping OK!
[2023-07-02 06:33:05.549] [main] [info] Pinging all valve stations   ...DONE!
[2023-07-02 06:33:05.549] [main] [info] Pinging Non-Existing Test Server...
[2023-07-02 06:33:08.608] [main] [info] Pinging Non-Existing Test Server OK!
[2023-07-02 06:33:08.609] [main] [info] Pinging Non-Existing Test Server   ...DONE!
[2023-07-02 06:33:08.609] [main] [info] Pinging Pump Server Mayson...
[2023-07-02 06:33:08.739] [main] [info] Pump Server ping OK!
[2023-07-02 06:33:08.739] [main] [info] Pinging Pump Server Mayson   ...DONE!
[2023-07-02 06:33:08.739] [main] [info] Pinging all valve stations...
[2023-07-02 06:33:12.014] [main] [error] Fatal: James not available!
[2023-07-02 06:33:12.014] [main] [info] Lucas ping OK!
[2023-07-02 06:33:12.014] [main] [info] Felix ping OK!
[2023-07-02 06:33:12.014] [main] [info] Pinging all valve stations   ...DONE!
[2023-07-02 06:33:12.014] [main] [info] Pinging Non-Existing Test Server...
[2023-07-02 06:33:15.072] [main] [info] Pinging Non-Existing Test Server OK!
[2023-07-02 06:33:15.072] [main] [info] Pinging Non-Existing Test Server   ...DONE!
[2023-07-02 06:33:15.072] [main] [info] Pinging Pump Server Mayson...
[2023-07-02 06:33:15.200] [main] [info] Pump Server ping OK!
[2023-07-02 06:33:15.200] [main] [info] Pinging Pump Server Mayson   ...DONE!
[2023-07-02 06:33:15.200] [main] [info] Pinging all valve stations...
[2023-07-02 06:33:15.510] [main] [info] James ping OK!
[2023-07-02 06:33:15.510] [main] [info] Lucas ping OK!
[2023-07-02 06:33:15.510] [main] [info] Felix ping OK!
[2023-07-02 06:33:15.510] [main] [info] Pinging all valve stations   ...DONE!
[2023-07-02 06:33:15.510] [main] [info] Pinging Non-Existing Test Server...
[2023-07-02 06:33:18.593] [main] [info] Pinging Non-Existing Test Server OK!
[2023-07-02 06:33:18.593] [main] [info] Pinging Non-Existing Test Server   ...DONE!
[2023-07-02 06:33:18.593] [main] [info] Creating Landscape...
[2023-07-02 06:33:18.593] [main] [info] Creating Landscape...
[2023-07-02 06:33:18.593] [main] [info] Creating Felix...
[2023-07-02 06:33:18.593] [main] [info] Creating James...
[2023-07-02 06:33:18.593] [main] [info] Creating Lucas...
[2023-07-02 06:33:18.593] [main] [info] Fetching timestamp...
std::chrono::system_clock::now().time_since_epoch()   :   1688272398593158101
get_seconds_since_epoch_now(bool verbose /* true */)   :   1688272398
minutes since epoch   :   28137873
minute of day   :   273
minute of hour   :   33
hour of day   :   4
[2023-07-02 06:33:18.593] [main] [info] Checking timestamp.txt...
[2023-07-02 06:33:18.593] [main] [debug] The timestamp.txt is always written when watering is triggered. It is read to check if I was already done with watering some minutes ago.
previous time_stamp:   28137727
[2023-07-02 06:33:18.593] [main] [info] Checking timestamp.txt   ...DONE!
[2023-07-02 06:33:18.593] [main] [info] It's not time for watering now!
[2023-07-02 06:33:18.593] [main] [info] Minute Intraday:   273
[2023-07-02 06:33:18.593] [main] [info] Days since Epoch:   19540
[2023-07-02 06:33:18.593] [main] [info] Accumulated watering times:

Felix   :          Eiben-Klee  :      0.00 min
Felix   :            Mara-alt  :      0.00 min
James   :            Karotten  :      0.00 min
James   :             Tomaten  :      0.00 min
James   :              Gurken  :      0.00 min
James   :          Kartoffeln  :      0.00 min
Lucas   :              Erbsen  :      0.00 min
Lucas   :        Heidelbeeren  :      0.00 min
Lucas   :      Bohnen-Flieder  :      0.00 min

%%%%%%%%%%     [4] Run the executable   ...DONE!
elapsed time:   55s
=====================================================================================================
