=====================================================================================================
%%%%%%%%%%     [6] Uploading logs and go sleeping...
> sudo -u mayadm git checkout artifacts
Zu Zweig »artifacts« gewechselt
Ihr Branch ist auf demselben Stand wie 'origin/artifacts'.
> sudo -u mayadm git pull
Bereits aktuell.
> sudo -u mayadm git merge maya-productive
Bereits aktuell.
> sudo -u mayadm git add "../artifacts/logs/8249-*.log" -f
> sudo -u mayadm git add "../artifacts/logs/8248-*.log" -f
> sudo -u mayadm git commit -m "logs at 2023-07-02--08h35"
[artifacts 5824e9439] logs at 2023-07-02--08h35
 6 files changed, 303 insertions(+)
 create mode 100644 maya/artifacts/logs/8248--2023-07-02--07h54---6.log
 create mode 100644 maya/artifacts/logs/8249--2023-07-02--08h35---1.log
 create mode 100644 maya/artifacts/logs/8249--2023-07-02--08h35---2.log
 create mode 100644 maya/artifacts/logs/8249--2023-07-02--08h35---3.log
 create mode 100644 maya/artifacts/logs/8249--2023-07-02--08h35---4.log
 create mode 100644 maya/artifacts/logs/8249--2023-07-02--08h35---5.log
> sudo -u mayadm git push
To https://github.com/Necktschnagge/wired-watering
   069d7910e..5824e9439  artifacts -> artifacts
> sudo -u mayadm git checkout maya-productive
Zu Zweig »maya-productive« gewechselt
Ihr Branch ist auf demselben Stand wie 'origin/maya-productive'.
> sudo -u mayadm git push
Everything up-to-date
##############################################################
###################                        ###################
###################     GOING TO SLEEP     ###################
###################                        ###################
##############################################################
#######                                                #######
#######   Press CTRL + C NOW to abort script safely!   #######
#######                                                #######
##############################################################
##############################################################
#######                                                #######
#######               NOW GOING TO SLEEP               #######
#######                                                #######
##############################################################
> rtcwake -m mem -s 2400
rtcwake: RTC wird als UTC interpretiert …
rtcwake: aufwachen von „mem“ durch /dev/rtc0 bei Sun Jul  2 07:16:42 2023
##############################################################
#######                                                #######
#######            just waked up from sleep            #######
#######                                                #######
##############################################################
%%%%%%%%%%     [6] Uploading logs and go sleeping   ...DONE!
elapsed time:   2424s
=====================================================================================================
