=====================================================================================================
%%%%%%%%%%     [6] Uploading logs and go sleeping...
> sudo -u mayadm git checkout artifacts
Zu Zweig »artifacts« gewechselt
Ihr Branch ist auf demselben Stand wie 'origin/artifacts'.
> sudo -u mayadm git pull
Bereits aktuell.
> sudo -u mayadm git merge maya-productive
Bereits aktuell.
> sudo -u mayadm git add "../artifacts/logs/8354-*.log" -f
> sudo -u mayadm git add "../artifacts/logs/8353-*.log" -f
> sudo -u mayadm git commit -m "logs at 2023-07-05--13h24"
[artifacts 368c21bbe] logs at 2023-07-05--13h24
 6 files changed, 314 insertions(+)
 create mode 100644 maya/artifacts/logs/8353--2023-07-05--12h43---6.log
 create mode 100644 maya/artifacts/logs/8354--2023-07-05--13h24---1.log
 create mode 100644 maya/artifacts/logs/8354--2023-07-05--13h24---2.log
 create mode 100644 maya/artifacts/logs/8354--2023-07-05--13h24---3.log
 create mode 100644 maya/artifacts/logs/8354--2023-07-05--13h24---4.log
 create mode 100644 maya/artifacts/logs/8354--2023-07-05--13h24---5.log
> sudo -u mayadm git push
To https://github.com/Necktschnagge/wired-watering
   be1c5b1a0..368c21bbe  artifacts -> artifacts
> sudo -u mayadm git checkout maya-productive
Zu Zweig »maya-productive« gewechselt
Ihr Branch ist auf demselben Stand wie 'origin/maya-productive'.
> sudo -u mayadm git push
Everything up-to-date
##############################################################
###################                        ###################
###################     GOING TO SLEEP     ###################
###################                        ###################
##############################################################
#######                                                #######
#######   Press CTRL + C NOW to abort script safely!   #######
#######                                                #######
##############################################################
##############################################################
#######                                                #######
#######               NOW GOING TO SLEEP               #######
#######                                                #######
##############################################################
> rtcwake -m mem -s 2400
rtcwake: RTC wird als UTC interpretiert …
rtcwake: aufwachen von „mem“ durch /dev/rtc0 bei Wed Jul  5 12:05:38 2023
##############################################################
#######                                                #######
#######            just waked up from sleep            #######
#######                                                #######
##############################################################
%%%%%%%%%%     [6] Uploading logs and go sleeping   ...DONE!
elapsed time:   2425s
=====================================================================================================
