=====================================================================================================
%%%%%%%%%%     [6] Uploading logs and go sleeping...
> sudo -u mayadm git checkout artifacts
Zu Zweig »artifacts« gewechselt
Ihr Branch ist auf demselben Stand wie 'origin/artifacts'.
> sudo -u mayadm git pull
Bereits aktuell.
> sudo -u mayadm git merge maya-productive
Bereits aktuell.
> sudo -u mayadm git add "../artifacts/logs/8370-*.log" -f
> sudo -u mayadm git add "../artifacts/logs/8369-*.log" -f
> sudo -u mayadm git commit -m "logs at 2023-07-06--00h21"
[artifacts e9e248274] logs at 2023-07-06--00h21
 6 files changed, 303 insertions(+)
 create mode 100644 maya/artifacts/logs/8369--2023-07-05--23h40---6.log
 create mode 100644 maya/artifacts/logs/8370--2023-07-06--00h21---1.log
 create mode 100644 maya/artifacts/logs/8370--2023-07-06--00h21---2.log
 create mode 100644 maya/artifacts/logs/8370--2023-07-06--00h21---3.log
 create mode 100644 maya/artifacts/logs/8370--2023-07-06--00h21---4.log
 create mode 100644 maya/artifacts/logs/8370--2023-07-06--00h21---5.log
> sudo -u mayadm git push
To https://github.com/Necktschnagge/wired-watering
   9b69004f3..e9e248274  artifacts -> artifacts
> sudo -u mayadm git checkout maya-productive
Zu Zweig »maya-productive« gewechselt
Ihr Branch ist auf demselben Stand wie 'origin/maya-productive'.
> sudo -u mayadm git push
Everything up-to-date
##############################################################
###################                        ###################
###################     GOING TO SLEEP     ###################
###################                        ###################
##############################################################
#######                                                #######
#######   Press CTRL + C NOW to abort script safely!   #######
#######                                                #######
##############################################################
##############################################################
#######                                                #######
#######               NOW GOING TO SLEEP               #######
#######                                                #######
##############################################################
> rtcwake -m mem -s 2400
rtcwake: RTC wird als UTC interpretiert …
rtcwake: aufwachen von „mem“ durch /dev/rtc0 bei Wed Jul  5 23:02:22 2023
##############################################################
#######                                                #######
#######            just waked up from sleep            #######
#######                                                #######
##############################################################
%%%%%%%%%%     [6] Uploading logs and go sleeping   ...DONE!
elapsed time:   2424s
=====================================================================================================
