=====================================================================================================
%%%%%%%%%%     [6] Uploading logs and go sleeping...
> sudo -u mayadm git checkout artifacts
Zu Zweig »artifacts« gewechselt
Ihr Branch ist auf demselben Stand wie 'origin/artifacts'.
> sudo -u mayadm git pull
Bereits aktuell.
> sudo -u mayadm git merge maya-productive
Bereits aktuell.
> sudo -u mayadm git add "../artifacts/logs/8435-*.log" -f
> sudo -u mayadm git add "../artifacts/logs/8434-*.log" -f
> sudo -u mayadm git commit -m "logs at 2023-07-07--23h54"
[artifacts b7bd90969] logs at 2023-07-07--23h54
 6 files changed, 306 insertions(+)
 create mode 100644 maya/artifacts/logs/8434--2023-07-07--23h12---6.log
 create mode 100644 maya/artifacts/logs/8435--2023-07-07--23h54---1.log
 create mode 100644 maya/artifacts/logs/8435--2023-07-07--23h54---2.log
 create mode 100644 maya/artifacts/logs/8435--2023-07-07--23h54---3.log
 create mode 100644 maya/artifacts/logs/8435--2023-07-07--23h54---4.log
 create mode 100644 maya/artifacts/logs/8435--2023-07-07--23h54---5.log
> sudo -u mayadm git push
To https://github.com/Necktschnagge/wired-watering
   90ebc37ff..b7bd90969  artifacts -> artifacts
> sudo -u mayadm git checkout maya-productive
Zu Zweig »maya-productive« gewechselt
Ihr Branch ist auf demselben Stand wie 'origin/maya-productive'.
> sudo -u mayadm git push
Everything up-to-date
##############################################################
###################                        ###################
###################     GOING TO SLEEP     ###################
###################                        ###################
##############################################################
#######                                                #######
#######   Press CTRL + C NOW to abort script safely!   #######
#######                                                #######
##############################################################
##############################################################
#######                                                #######
#######               NOW GOING TO SLEEP               #######
#######                                                #######
##############################################################
> rtcwake -m mem -s 2400
rtcwake: RTC wird als UTC interpretiert …
rtcwake: aufwachen von „mem“ durch /dev/rtc0 bei Fri Jul  7 22:34:56 2023
##############################################################
#######                                                #######
#######            just waked up from sleep            #######
#######                                                #######
##############################################################
%%%%%%%%%%     [6] Uploading logs and go sleeping   ...DONE!
elapsed time:   2424s
=====================================================================================================
