=====================================================================================================
%%%%%%%%%%     [6] Uploading logs and go sleeping...
> sudo -u mayadm git checkout artifacts
Zu Zweig »artifacts« gewechselt
Ihr Branch ist auf demselben Stand wie 'origin/artifacts'.
> sudo -u mayadm git pull
Bereits aktuell.
> sudo -u mayadm git merge maya-productive
Bereits aktuell.
> sudo -u mayadm git add "../artifacts/logs/8508-*.log" -f
> sudo -u mayadm git add "../artifacts/logs/8507-*.log" -f
> sudo -u mayadm git commit -m "logs at 2023-07-10--06h01"
[artifacts 4de0c8f62] logs at 2023-07-10--06h01
 6 files changed, 306 insertions(+)
 create mode 100644 maya/artifacts/logs/8507--2023-07-10--05h19---6.log
 create mode 100644 maya/artifacts/logs/8508--2023-07-10--06h01---1.log
 create mode 100644 maya/artifacts/logs/8508--2023-07-10--06h01---2.log
 create mode 100644 maya/artifacts/logs/8508--2023-07-10--06h01---3.log
 create mode 100644 maya/artifacts/logs/8508--2023-07-10--06h01---4.log
 create mode 100644 maya/artifacts/logs/8508--2023-07-10--06h01---5.log
> sudo -u mayadm git push
To https://github.com/Necktschnagge/wired-watering
   a3314985e..4de0c8f62  artifacts -> artifacts
> sudo -u mayadm git checkout maya-productive
Zu Zweig »maya-productive« gewechselt
Ihr Branch ist auf demselben Stand wie 'origin/maya-productive'.
> sudo -u mayadm git push
Everything up-to-date
##############################################################
###################                        ###################
###################     GOING TO SLEEP     ###################
###################                        ###################
##############################################################
#######                                                #######
#######   Press CTRL + C NOW to abort script safely!   #######
#######                                                #######
##############################################################
##############################################################
#######                                                #######
#######               NOW GOING TO SLEEP               #######
#######                                                #######
##############################################################
> rtcwake -m mem -s 2400
rtcwake: RTC wird als UTC interpretiert …
rtcwake: aufwachen von „mem“ durch /dev/rtc0 bei Mon Jul 10 04:42:14 2023
##############################################################
#######                                                #######
#######            just waked up from sleep            #######
#######                                                #######
##############################################################
%%%%%%%%%%     [6] Uploading logs and go sleeping   ...DONE!
elapsed time:   2424s
=====================================================================================================
