=====================================================================================================
%%%%%%%%%%     [6] Uploading logs and go sleeping...
> sudo -u mayadm git checkout artifacts
Zu Zweig »artifacts« gewechselt
Ihr Branch ist auf demselben Stand wie 'origin/artifacts'.
> sudo -u mayadm git pull
Bereits aktuell.
> sudo -u mayadm git merge maya-productive
Bereits aktuell.
> sudo -u mayadm git add "../artifacts/logs/8515-*.log" -f
> sudo -u mayadm git add "../artifacts/logs/8514-*.log" -f
> sudo -u mayadm git commit -m "logs at 2023-07-10--10h49"
[artifacts f2618ef82] logs at 2023-07-10--10h49
 6 files changed, 303 insertions(+)
 create mode 100644 maya/artifacts/logs/8514--2023-07-10--10h08---6.log
 create mode 100644 maya/artifacts/logs/8515--2023-07-10--10h49---1.log
 create mode 100644 maya/artifacts/logs/8515--2023-07-10--10h49---2.log
 create mode 100644 maya/artifacts/logs/8515--2023-07-10--10h49---3.log
 create mode 100644 maya/artifacts/logs/8515--2023-07-10--10h49---4.log
 create mode 100644 maya/artifacts/logs/8515--2023-07-10--10h49---5.log
> sudo -u mayadm git push
To https://github.com/Necktschnagge/wired-watering
   a53bc12a5..f2618ef82  artifacts -> artifacts
> sudo -u mayadm git checkout maya-productive
Zu Zweig »maya-productive« gewechselt
Ihr Branch ist auf demselben Stand wie 'origin/maya-productive'.
> sudo -u mayadm git push
Everything up-to-date
##############################################################
###################                        ###################
###################     GOING TO SLEEP     ###################
###################                        ###################
##############################################################
#######                                                #######
#######   Press CTRL + C NOW to abort script safely!   #######
#######                                                #######
##############################################################
##############################################################
#######                                                #######
#######               NOW GOING TO SLEEP               #######
#######                                                #######
##############################################################
> rtcwake -m mem -s 2400
rtcwake: RTC wird als UTC interpretiert …
rtcwake: aufwachen von „mem“ durch /dev/rtc0 bei Mon Jul 10 09:30:21 2023
##############################################################
#######                                                #######
#######            just waked up from sleep            #######
#######                                                #######
##############################################################
%%%%%%%%%%     [6] Uploading logs and go sleeping   ...DONE!
elapsed time:   2425s
=====================================================================================================
