=====================================================================================================
%%%%%%%%%%     [4] Run the executable...
>Please note:  Even if all builds failed, the last built executable is still there and will be started!
> sudo -u mayadm ./ur-unix-run.sh
[2023-07-11 03:58:42.746] [main] [info] Pinging Pump Server Mayson...
[2023-07-11 03:58:42.789] [main] [info] Pump Server ping OK!
[2023-07-11 03:58:42.789] [main] [info] Pinging Pump Server Mayson   ...DONE!
[2023-07-11 03:58:42.789] [main] [info] Pinging all valve stations...
[2023-07-11 03:58:43.097] [main] [info] James ping OK!
[2023-07-11 03:58:43.097] [main] [info] Lucas ping OK!
[2023-07-11 03:58:43.097] [main] [info] Felix ping OK!
[2023-07-11 03:58:43.097] [main] [info] Pinging all valve stations   ...DONE!
[2023-07-11 03:58:43.097] [main] [info] Pinging Non-Existing Test Server...
[2023-07-11 03:58:46.171] [main] [info] Pinging Non-Existing Test Server OK!
[2023-07-11 03:58:46.171] [main] [info] Pinging Non-Existing Test Server   ...DONE!
[2023-07-11 03:58:46.172] [main] [info] Creating Landscape...
[2023-07-11 03:58:46.172] [main] [info] Creating Landscape...
[2023-07-11 03:58:46.172] [main] [info] Creating Felix...
[2023-07-11 03:58:46.172] [main] [info] Creating James...
[2023-07-11 03:58:46.172] [main] [info] Creating Lucas...
[2023-07-11 03:58:46.172] [main] [info] Fetching timestamp...
std::chrono::system_clock::now().time_since_epoch()   :   1689040726172072932
get_seconds_since_epoch_now(bool verbose /* true */)   :   1689040726
minutes since epoch   :   28150678
minute of day   :   118
minute of hour   :   58
hour of day   :   1
[2023-07-11 03:58:46.172] [main] [info] Checking timestamp.txt...
[2023-07-11 03:58:46.172] [main] [debug] The timestamp.txt is always written when watering is triggered. It is read to check if I was already done with watering some minutes ago.
previous time_stamp:   28149216
[2023-07-11 03:58:46.172] [main] [info] Checking timestamp.txt   ...DONE!
Wrote to timestamp.txt
Send request to pump relay:
URL:   http://192.168.1.10:80/status?auto=off&system=off&manual=off
Response:
status code:   200
text:
{
 "server-name" : "pump-relay-mayson",
 "action" : "okay"
}
Send request to pump relay:
URL:   http://192.168.1.10:80/status?auto=on&system=on
Response:
status code:   200
text:
{
 "server-name" : "pump-relay-mayson",
 "action" : "okay"
}
[2023-07-11 03:58:55.702] [main] [info] 
--------------------------------------------------------------
Send valves at 1689040735
http://192.168.1.20:80/status?valves=1
200
{
 "server-name" : "valve-server-james",
 "action" : "okay"
}
[2023-07-11 03:58:55.844] [main] [info] 
Switched the following valves: --->
          James:   Karotten   OFF -> ON 
                                   <---
[2023-07-11 03:58:55.844] [main] [info] 
--------------------------------------------------------------
Send valves at 1689040735
http://192.168.1.20:80/status?valves=9
200
{
 "server-name" : "valve-server-james",
 "action" : "okay"
}
[2023-07-11 03:58:55.897] [main] [info] 
Switched the following valves: --->
          James:   Kartoffeln   OFF -> ON 
                                   <---
[2023-07-11 04:08:55.052] [main] [info] 
--------------------------------------------------------------
Send valves at 1689041335
http://192.168.1.22:80/status?valves=2
200
{
 "server-name" : "valve-server-felix",
 "action" : "okay"
}
[2023-07-11 04:08:55.123] [main] [info] 
Switched the following valves: --->
          Felix:   Mara-alt   OFF -> ON 
                                   <---
Send request to pump relay:
URL:   http://192.168.1.10:80/status?auto=off
Response:
status code:   200
text:
{
 "server-name" : "pump-relay-mayson",
 "action" : "okay"
}
Send request to pump relay:
URL:   http://192.168.1.10:80/status?auto=on
Response:
status code:   200
text:
{
 "server-name" : "pump-relay-mayson",
 "action" : "okay"
}
[2023-07-11 04:19:05.159] [main] [info] 
--------------------------------------------------------------
Send valves at 1689041945
http://192.168.1.20:80/status?valves=8
200
{
 "server-name" : "valve-server-james",
 "action" : "okay"
}
[2023-07-11 04:19:05.363] [main] [info] 
Switched the following valves: --->
          James:   Karotten    ON -> OFF
                                   <---
[2023-07-11 04:19:05.363] [main] [info] 
--------------------------------------------------------------
Send valves at 1689041945
http://192.168.1.22:80/status?valves=3
200
{
 "server-name" : "valve-server-felix",
 "action" : "okay"
}
[2023-07-11 04:19:05.465] [main] [info] 
Switched the following valves: --->
          Felix:   Eiben-Klee   OFF -> ON 
                                   <---
[2023-07-11 04:29:05.067] [main] [info] 
--------------------------------------------------------------
Send valves at 1689042545
http://192.168.1.22:80/status?valves=1
200
{
 "server-name" : "valve-server-felix",
 "action" : "okay"
}
[2023-07-11 04:29:05.217] [main] [info] 
Switched the following valves: --->
          Felix:   Mara-alt    ON -> OFF
                                   <---
[2023-07-11 04:29:05.217] [main] [info] 
--------------------------------------------------------------
Send valves at 1689042545
http://192.168.1.21:80/status?valves=4
200
{
 "server-name" : "valve-server-lucas",
 "action" : "okay"
}
[2023-07-11 04:29:05.310] [main] [info] 
Switched the following valves: --->
          Lucas:   Bohnen-Flieder   OFF -> ON 
                                   <---
[2023-07-11 04:29:05.310] [main] [info] 
--------------------------------------------------------------
Send valves at 1689042545
http://192.168.1.20:80/status?valves=0
200
{
 "server-name" : "valve-server-james",
 "action" : "okay"
}
[2023-07-11 04:29:05.424] [main] [info] 
Switched the following valves: --->
          James:   Kartoffeln    ON -> OFF
                                   <---
[2023-07-11 04:54:05.099] [main] [info] 
--------------------------------------------------------------
Send valves at 1689044045
http://192.168.1.22:80/status?valves=0
200
{
 "server-name" : "valve-server-felix",
 "action" : "okay"
}
[2023-07-11 04:54:05.159] [main] [info] 
Switched the following valves: --->
          Felix:   Eiben-Klee    ON -> OFF
                                   <---
[2023-07-11 04:54:05.159] [main] [info] 
--------------------------------------------------------------
Send valves at 1689044045
http://192.168.1.20:80/status?valves=0
200
{
 "server-name" : "valve-server-james",
 "action" : "okay"
}
[2023-07-11 04:54:05.258] [main] [info] 
Switched the following valves: --->
                                   <---
[2023-07-11 04:54:05.258] [main] [info] 
--------------------------------------------------------------
Send valves at 1689044045
http://192.168.1.21:80/status?valves=0
200
{
 "server-name" : "valve-server-lucas",
 "action" : "okay"
}
[2023-07-11 04:54:05.359] [main] [info] 
Switched the following valves: --->
          Lucas:   Bohnen-Flieder    ON -> OFF
                                   <---
Send request to pump relay:
URL:   http://192.168.1.10:80/status?auto=off
Response:
status code:   200
text:
{
 "server-name" : "pump-relay-mayson",
 "action" : "okay"
}
Send request to pump relay:
URL:   http://192.168.1.10:80/status?auto=on
Response:
status code:   200
text:
{
 "server-name" : "pump-relay-mayson",
 "action" : "okay"
}
[2023-07-11 04:54:15.185] [main] [info] 
--------------------------------------------------------------
Send valves at 1689044055
http://192.168.1.20:80/status?valves=4
200
{
 "server-name" : "valve-server-james",
 "action" : "okay"
}
[2023-07-11 04:54:15.392] [main] [info] 
Switched the following valves: --->
          James:   Gurken   OFF -> ON 
                                   <---
[2023-07-11 04:54:15.392] [main] [info] 
--------------------------------------------------------------
Send valves at 1689044055
http://192.168.1.20:80/status?valves=6
200
{
 "server-name" : "valve-server-james",
 "action" : "okay"
}
[2023-07-11 04:54:15.435] [main] [info] 
Switched the following valves: --->
          James:   Tomaten   OFF -> ON 
                                   <---
[2023-07-11 04:54:15.435] [main] [info] 
--------------------------------------------------------------
Send valves at 1689044055
http://192.168.1.21:80/status?valves=1
200
{
 "server-name" : "valve-server-lucas",
 "action" : "okay"
}
[2023-07-11 04:54:15.489] [main] [info] 
Switched the following valves: --->
          Lucas:   Erbsen   OFF -> ON 
                                   <---
[2023-07-11 05:14:15.047] [main] [info] 
--------------------------------------------------------------
Send valves at 1689045255
http://192.168.1.20:80/status?valves=4
200
{
 "server-name" : "valve-server-james",
 "action" : "okay"
}
[2023-07-11 05:14:15.213] [main] [info] 
Switched the following valves: --->
          James:   Tomaten    ON -> OFF
                                   <---
[2023-07-11 05:14:15.213] [main] [info] 
--------------------------------------------------------------
Send valves at 1689045255
http://192.168.1.21:80/status?valves=0
200
{
 "server-name" : "valve-server-lucas",
 "action" : "okay"
}
[2023-07-11 05:14:15.309] [main] [info] 
Switched the following valves: --->
          Lucas:   Erbsen    ON -> OFF
                                   <---
Send request to pump relay:
URL:   http://192.168.1.10:80/status?auto=off
Response:
status code:   200
text:
{
 "server-name" : "pump-relay-mayson",
 "action" : "okay"
}
Send request to pump relay:
URL:   http://192.168.1.10:80/status?auto=on
Response:
status code:   200
text:
{
 "server-name" : "pump-relay-mayson",
 "action" : "okay"
}
Send request to pump relay:
URL:   http://192.168.1.10:80/status?auto=off
Response:
status code:   200
text:
{
 "server-name" : "pump-relay-mayson",
 "action" : "okay"
}
Send request to pump relay:
URL:   http://192.168.1.10:80/status?auto=on
Response:
status code:   200
text:
{
 "server-name" : "pump-relay-mayson",
 "action" : "okay"
}
[2023-07-11 05:54:35.079] [main] [info] 
--------------------------------------------------------------
Send valves at 1689047675
http://192.168.1.22:80/status?valves=0
200
{
 "server-name" : "valve-server-felix",
 "action" : "okay"
}
[2023-07-11 05:54:35.214] [main] [info] 
Switched the following valves: --->
                                   <---
[2023-07-11 05:54:35.214] [main] [info] 
--------------------------------------------------------------
Send valves at 1689047675
http://192.168.1.20:80/status?valves=0
200
{
 "server-name" : "valve-server-james",
 "action" : "okay"
}
[2023-07-11 05:54:35.527] [main] [info] 
Switched the following valves: --->
          James:   Gurken    ON -> OFF
                                   <---
[2023-07-11 05:54:35.527] [main] [info] 
--------------------------------------------------------------
Send valves at 1689047675
http://192.168.1.21:80/status?valves=0
200
{
 "server-name" : "valve-server-lucas",
 "action" : "okay"
}
[2023-07-11 05:54:35.639] [main] [info] 
Switched the following valves: --->
                                   <---
Send request to pump relay:
URL:   http://192.168.1.10:80/status?auto=off
Response:
status code:   200
text:
{
 "server-name" : "pump-relay-mayson",
 "action" : "okay"
}
[2023-07-11 05:55:05.233] [main] [info] 
--------------------------------------------------------------
Send valves at 1689047705
http://192.168.1.22:80/status?valves=1
200
{
 "server-name" : "valve-server-felix",
 "action" : "okay"
}
[2023-07-11 05:55:05.322] [main] [info] 
Switched the following valves: --->
          Felix:   Eiben-Klee   OFF -> ON 
                                   <---
[2023-07-11 05:57:05.061] [main] [info] 
--------------------------------------------------------------
Send valves at 1689047825
http://192.168.1.22:80/status?valves=0
200
{
 "server-name" : "valve-server-felix",
 "action" : "okay"
}
[2023-07-11 05:57:05.351] [main] [info] 
Switched the following valves: --->
          Felix:   Eiben-Klee    ON -> OFF
                                   <---
[2023-07-11 05:57:05.351] [main] [info] 
--------------------------------------------------------------
Send valves at 1689047825
http://192.168.1.20:80/status?valves=0
200
{
 "server-name" : "valve-server-james",
 "action" : "okay"
}
[2023-07-11 05:57:05.462] [main] [info] 
Switched the following valves: --->
                                   <---
[2023-07-11 05:57:05.462] [main] [info] 
--------------------------------------------------------------
Send valves at 1689047825
http://192.168.1.21:80/status?valves=0
200
{
 "server-name" : "valve-server-lucas",
 "action" : "okay"
}
[2023-07-11 05:57:05.644] [main] [info] 
Switched the following valves: --->
                                   <---
[2023-07-11 05:57:05.644] [main] [info] Accumulated watering times:

Felix   :          Eiben-Klee  :     37.00 min
Felix   :            Mara-alt  :     20.17 min
James   :            Karotten  :     20.16 min
James   :             Tomaten  :     20.00 min
James   :              Gurken  :     60.34 min
James   :          Kartoffeln  :     30.16 min
Lucas   :              Erbsen  :     20.00 min
Lucas   :        Heidelbeeren  :      0.00 min
Lucas   :      Bohnen-Flieder  :     25.00 min

%%%%%%%%%%     [4] Run the executable   ...DONE!
elapsed time:   7104s
=====================================================================================================
