=====================================================================================================
%%%%%%%%%%     [6] Uploading logs and go sleeping...
> sudo -u mayadm git checkout artifacts
Zu Zweig »artifacts« gewechselt
Ihr Branch ist auf demselben Stand wie 'origin/artifacts'.
> sudo -u mayadm git pull
Bereits aktuell.
> sudo -u mayadm git merge maya-productive
Bereits aktuell.
> sudo -u mayadm git add "../artifacts/logs/8544-*.log" -f
> sudo -u mayadm git add "../artifacts/logs/8543-*.log" -f
> sudo -u mayadm git commit -m "logs at 2023-07-11--08h41"
[artifacts 72f0bd1c2] logs at 2023-07-11--08h41
 6 files changed, 306 insertions(+)
 create mode 100644 maya/artifacts/logs/8543--2023-07-11--08h00---6.log
 create mode 100644 maya/artifacts/logs/8544--2023-07-11--08h41---1.log
 create mode 100644 maya/artifacts/logs/8544--2023-07-11--08h41---2.log
 create mode 100644 maya/artifacts/logs/8544--2023-07-11--08h41---3.log
 create mode 100644 maya/artifacts/logs/8544--2023-07-11--08h41---4.log
 create mode 100644 maya/artifacts/logs/8544--2023-07-11--08h41---5.log
> sudo -u mayadm git push
To https://github.com/Necktschnagge/wired-watering
   ff170dffe..72f0bd1c2  artifacts -> artifacts
> sudo -u mayadm git checkout maya-productive
Zu Zweig »maya-productive« gewechselt
Ihr Branch ist auf demselben Stand wie 'origin/maya-productive'.
> sudo -u mayadm git push
Everything up-to-date
##############################################################
###################                        ###################
###################     GOING TO SLEEP     ###################
###################                        ###################
##############################################################
#######                                                #######
#######   Press CTRL + C NOW to abort script safely!   #######
#######                                                #######
##############################################################
##############################################################
#######                                                #######
#######               NOW GOING TO SLEEP               #######
#######                                                #######
##############################################################
> rtcwake -m mem -s 2400
rtcwake: RTC wird als UTC interpretiert …
rtcwake: aufwachen von „mem“ durch /dev/rtc0 bei Tue Jul 11 07:22:49 2023
##############################################################
#######                                                #######
#######            just waked up from sleep            #######
#######                                                #######
##############################################################
%%%%%%%%%%     [6] Uploading logs and go sleeping   ...DONE!
elapsed time:   2425s
=====================================================================================================
