=====================================================================================================
%%%%%%%%%%     [6] Uploading logs and go sleeping...
> sudo -u mayadm git checkout artifacts
Zu Zweig »artifacts« gewechselt
Ihr Branch ist auf demselben Stand wie 'origin/artifacts'.
> sudo -u mayadm git pull
Bereits aktuell.
> sudo -u mayadm git merge maya-productive
Bereits aktuell.
> sudo -u mayadm git add "../artifacts/logs/8549-*.log" -f
> sudo -u mayadm git add "../artifacts/logs/8548-*.log" -f
> sudo -u mayadm git commit -m "logs at 2023-07-11--12h07"
[artifacts 0e4a417df] logs at 2023-07-11--12h07
 6 files changed, 303 insertions(+)
 create mode 100644 maya/artifacts/logs/8548--2023-07-11--11h26---6.log
 create mode 100644 maya/artifacts/logs/8549--2023-07-11--12h07---1.log
 create mode 100644 maya/artifacts/logs/8549--2023-07-11--12h07---2.log
 create mode 100644 maya/artifacts/logs/8549--2023-07-11--12h07---3.log
 create mode 100644 maya/artifacts/logs/8549--2023-07-11--12h07---4.log
 create mode 100644 maya/artifacts/logs/8549--2023-07-11--12h07---5.log
> sudo -u mayadm git push
To https://github.com/Necktschnagge/wired-watering
   3bdadb374..0e4a417df  artifacts -> artifacts
> sudo -u mayadm git checkout maya-productive
Zu Zweig »maya-productive« gewechselt
Ihr Branch ist auf demselben Stand wie 'origin/maya-productive'.
> sudo -u mayadm git push
Everything up-to-date
##############################################################
###################                        ###################
###################     GOING TO SLEEP     ###################
###################                        ###################
##############################################################
#######                                                #######
#######   Press CTRL + C NOW to abort script safely!   #######
#######                                                #######
##############################################################
##############################################################
#######                                                #######
#######               NOW GOING TO SLEEP               #######
#######                                                #######
##############################################################
> rtcwake -m mem -s 2400
rtcwake: RTC wird als UTC interpretiert …
rtcwake: aufwachen von „mem“ durch /dev/rtc0 bei Tue Jul 11 10:48:38 2023
##############################################################
#######                                                #######
#######            just waked up from sleep            #######
#######                                                #######
##############################################################
%%%%%%%%%%     [6] Uploading logs and go sleeping   ...DONE!
elapsed time:   2424s
=====================================================================================================
