=====================================================================================================
%%%%%%%%%%     [6] Uploading logs and go sleeping...
> sudo -u mayadm git checkout artifacts
Zu Zweig »artifacts« gewechselt
Ihr Branch ist auf demselben Stand wie 'origin/artifacts'.
> sudo -u mayadm git pull
Bereits aktuell.
> sudo -u mayadm git merge maya-productive
Bereits aktuell.
> sudo -u mayadm git add "../artifacts/logs/8577-*.log" -f
> sudo -u mayadm git add "../artifacts/logs/8576-*.log" -f
> sudo -u mayadm git commit -m "logs at 2023-07-12--08h23"
[artifacts b9e476c32] logs at 2023-07-12--08h23
 6 files changed, 303 insertions(+)
 create mode 100644 maya/artifacts/logs/8576--2023-07-12--07h42---6.log
 create mode 100644 maya/artifacts/logs/8577--2023-07-12--08h23---1.log
 create mode 100644 maya/artifacts/logs/8577--2023-07-12--08h23---2.log
 create mode 100644 maya/artifacts/logs/8577--2023-07-12--08h23---3.log
 create mode 100644 maya/artifacts/logs/8577--2023-07-12--08h23---4.log
 create mode 100644 maya/artifacts/logs/8577--2023-07-12--08h23---5.log
> sudo -u mayadm git push
To https://github.com/Necktschnagge/wired-watering
   f5938f6fc..b9e476c32  artifacts -> artifacts
> sudo -u mayadm git checkout maya-productive
Zu Zweig »maya-productive« gewechselt
Ihr Branch ist auf demselben Stand wie 'origin/maya-productive'.
> sudo -u mayadm git push
Everything up-to-date
##############################################################
###################                        ###################
###################     GOING TO SLEEP     ###################
###################                        ###################
##############################################################
#######                                                #######
#######   Press CTRL + C NOW to abort script safely!   #######
#######                                                #######
##############################################################
##############################################################
#######                                                #######
#######               NOW GOING TO SLEEP               #######
#######                                                #######
##############################################################
> rtcwake -m mem -s 2400
rtcwake: RTC wird als UTC interpretiert …
rtcwake: aufwachen von „mem“ durch /dev/rtc0 bei Wed Jul 12 07:04:18 2023
##############################################################
#######                                                #######
#######            just waked up from sleep            #######
#######                                                #######
##############################################################
%%%%%%%%%%     [6] Uploading logs and go sleeping   ...DONE!
elapsed time:   2425s
=====================================================================================================
