=====================================================================================================
%%%%%%%%%%     [4] Run the executable...
>Please note:  Even if all builds failed, the last built executable is still there and will be started!
> sudo -u mayadm ./ur-unix-run.sh
[2023-07-14 03:35:14.939] [main] [info] Pinging Pump Server Mayson...
[2023-07-14 03:35:15.016] [main] [info] Pump Server ping OK!
[2023-07-14 03:35:15.016] [main] [info] Pinging Pump Server Mayson   ...DONE!
[2023-07-14 03:35:15.016] [main] [info] Pinging all valve stations...
[2023-07-14 03:35:15.322] [main] [info] James ping OK!
[2023-07-14 03:35:15.322] [main] [info] Lucas ping OK!
[2023-07-14 03:35:15.322] [main] [info] Felix ping OK!
[2023-07-14 03:35:15.322] [main] [info] Pinging all valve stations   ...DONE!
[2023-07-14 03:35:15.322] [main] [info] Pinging Non-Existing Test Server...
[2023-07-14 03:35:18.404] [main] [info] Pinging Non-Existing Test Server OK!
[2023-07-14 03:35:18.404] [main] [info] Pinging Non-Existing Test Server   ...DONE!
[2023-07-14 03:35:18.404] [main] [info] Creating Landscape...
[2023-07-14 03:35:18.404] [main] [info] Creating Landscape...
[2023-07-14 03:35:18.404] [main] [info] Creating Felix...
[2023-07-14 03:35:18.404] [main] [info] Creating James...
[2023-07-14 03:35:18.404] [main] [info] Creating Lucas...
[2023-07-14 03:35:18.404] [main] [info] Fetching timestamp...
std::chrono::system_clock::now().time_since_epoch()   :   1689298518404326179
get_seconds_since_epoch_now(bool verbose /* true */)   :   1689298518
minutes since epoch   :   28154975
minute of day   :   95
minute of hour   :   35
hour of day   :   1
[2023-07-14 03:35:18.404] [main] [info] Checking timestamp.txt...
[2023-07-14 03:35:18.404] [main] [debug] The timestamp.txt is always written when watering is triggered. It is read to check if I was already done with watering some minutes ago.
previous time_stamp:   28153536
[2023-07-14 03:35:18.404] [main] [info] Checking timestamp.txt   ...DONE!
Wrote to timestamp.txt
Send request to pump relay:
URL:   http://192.168.1.10:80/status?auto=off&system=off&manual=off
Response:
status code:   200
text:
{
 "server-name" : "pump-relay-mayson",
 "action" : "okay"
}
Send request to pump relay:
URL:   http://192.168.1.10:80/status?auto=on&system=on
Response:
status code:   200
text:
{
 "server-name" : "pump-relay-mayson",
 "action" : "okay"
}
Send request to pump relay:
URL:   http://192.168.1.10:80/status?auto=off
Response:
status code:   200
text:
{
 "server-name" : "pump-relay-mayson",
 "action" : "okay"
}
Send request to pump relay:
URL:   http://192.168.1.10:80/status?auto=on
Response:
status code:   200
text:
{
 "server-name" : "pump-relay-mayson",
 "action" : "okay"
}
[2023-07-14 03:35:38.170] [main] [info] 
--------------------------------------------------------------
Send valves at 1689298538
http://192.168.1.20:80/status?valves=4
200
{
 "server-name" : "valve-server-james",
 "action" : "okay"
}
[2023-07-14 03:35:38.265] [main] [info] 
Switched the following valves: --->
          James:   Gurken   OFF -> ON 
                                   <---
[2023-07-14 03:35:38.265] [main] [info] 
--------------------------------------------------------------
Send valves at 1689298538
http://192.168.1.20:80/status?valves=6
200
{
 "server-name" : "valve-server-james",
 "action" : "okay"
}
[2023-07-14 03:35:38.314] [main] [info] 
Switched the following valves: --->
          James:   Tomaten   OFF -> ON 
                                   <---
[2023-07-14 03:35:38.314] [main] [info] 
--------------------------------------------------------------
Send valves at 1689298538
http://192.168.1.21:80/status?valves=1
200
{
 "server-name" : "valve-server-lucas",
 "action" : "okay"
}
[2023-07-14 03:35:38.377] [main] [info] 
Switched the following valves: --->
          Lucas:   Erbsen   OFF -> ON 
                                   <---
[2023-07-14 03:35:38.377] [main] [info] 
--------------------------------------------------------------
Send valves at 1689298538
http://192.168.1.21:80/status?valves=3
200
{
 "server-name" : "valve-server-lucas",
 "action" : "okay"
}
[2023-07-14 03:35:38.428] [main] [info] 
Switched the following valves: --->
          Lucas:   Heidelbeeren   OFF -> ON 
                                   <---
[2023-07-14 03:55:38.039] [main] [info] 
--------------------------------------------------------------
Send valves at 1689299738
http://192.168.1.20:80/status?valves=4
200
{
 "server-name" : "valve-server-james",
 "action" : "okay"
}
[2023-07-14 03:55:38.357] [main] [info] 
Switched the following valves: --->
          James:   Tomaten    ON -> OFF
                                   <---
[2023-07-14 03:55:38.357] [main] [info] 
--------------------------------------------------------------
Send valves at 1689299738
http://192.168.1.21:80/status?valves=2
200
{
 "server-name" : "valve-server-lucas",
 "action" : "okay"
}
[2023-07-14 03:55:38.437] [main] [info] 
Switched the following valves: --->
          Lucas:   Erbsen    ON -> OFF
                                   <---
Send request to pump relay:
URL:   http://192.168.1.10:80/status?auto=off
Response:
status code:   200
text:
{
 "server-name" : "pump-relay-mayson",
 "action" : "okay"
}
Send request to pump relay:
URL:   http://192.168.1.10:80/status?auto=on
Response:
status code:   200
text:
{
 "server-name" : "pump-relay-mayson",
 "action" : "okay"
}
Send request to pump relay:
URL:   http://192.168.1.10:80/status?auto=off
Response:
status code:   200
text:
{
 "server-name" : "pump-relay-mayson",
 "action" : "okay"
}
Send request to pump relay:
URL:   http://192.168.1.10:80/status?auto=on
Response:
status code:   200
text:
{
 "server-name" : "pump-relay-mayson",
 "action" : "okay"
}
[2023-07-14 04:35:58.072] [main] [info] 
--------------------------------------------------------------
Send valves at 1689302158
http://192.168.1.22:80/status?valves=0
200
{
 "server-name" : "valve-server-felix",
 "action" : "okay"
}
[2023-07-14 04:35:58.129] [main] [info] 
Switched the following valves: --->
                                   <---
[2023-07-14 04:35:58.129] [main] [info] 
--------------------------------------------------------------
Send valves at 1689302158
http://192.168.1.20:80/status?valves=0
200
{
 "server-name" : "valve-server-james",
 "action" : "okay"
}
[2023-07-14 04:35:58.240] [main] [info] 
Switched the following valves: --->
          James:   Gurken    ON -> OFF
                                   <---
[2023-07-14 04:35:58.240] [main] [info] 
--------------------------------------------------------------
Send valves at 1689302158
http://192.168.1.21:80/status?valves=0
200
{
 "server-name" : "valve-server-lucas",
 "action" : "okay"
}
[2023-07-14 04:35:58.339] [main] [info] 
Switched the following valves: --->
          Lucas:   Heidelbeeren    ON -> OFF
                                   <---
Send request to pump relay:
URL:   http://192.168.1.10:80/status?auto=off
Response:
status code:   200
text:
{
 "server-name" : "pump-relay-mayson",
 "action" : "okay"
}
[2023-07-14 04:36:28.136] [main] [info] 
--------------------------------------------------------------
Send valves at 1689302188
http://192.168.1.22:80/status?valves=1
200
{
 "server-name" : "valve-server-felix",
 "action" : "okay"
}
[2023-07-14 04:36:28.234] [main] [info] 
Switched the following valves: --->
          Felix:   Eiben-Klee   OFF -> ON 
                                   <---
[2023-07-14 04:38:28.011] [main] [info] 
--------------------------------------------------------------
Send valves at 1689302308
http://192.168.1.22:80/status?valves=0
200
{
 "server-name" : "valve-server-felix",
 "action" : "okay"
}
[2023-07-14 04:38:28.155] [main] [info] 
Switched the following valves: --->
          Felix:   Eiben-Klee    ON -> OFF
                                   <---
[2023-07-14 04:38:28.155] [main] [info] 
--------------------------------------------------------------
Send valves at 1689302308
http://192.168.1.20:80/status?valves=0
200
{
 "server-name" : "valve-server-james",
 "action" : "okay"
}
[2023-07-14 04:38:28.245] [main] [info] 
Switched the following valves: --->
                                   <---
[2023-07-14 04:38:28.245] [main] [info] 
--------------------------------------------------------------
Send valves at 1689302308
http://192.168.1.21:80/status?valves=0
200
{
 "server-name" : "valve-server-lucas",
 "action" : "okay"
}
[2023-07-14 04:38:28.348] [main] [info] 
Switched the following valves: --->
                                   <---
[2023-07-14 04:38:28.348] [main] [info] Accumulated watering times:

Felix   :          Eiben-Klee  :      2.00 min
Felix   :            Mara-alt  :      0.00 min
James   :            Karotten  :      0.00 min
James   :             Tomaten  :     20.00 min
James   :              Gurken  :     60.33 min
James   :          Kartoffeln  :      0.00 min
Lucas   :              Erbsen  :     20.00 min
Lucas   :        Heidelbeeren  :     60.33 min
Lucas   :      Bohnen-Flieder  :      0.00 min

%%%%%%%%%%     [4] Run the executable   ...DONE!
elapsed time:   3794s
=====================================================================================================
