=====================================================================================================
%%%%%%%%%%     [6] Uploading logs and go sleeping...
> sudo -u mayadm git checkout artifacts
Zu Zweig »artifacts« gewechselt
Ihr Branch ist auf demselben Stand wie 'origin/artifacts'.
> sudo -u mayadm git pull
Bereits aktuell.
> sudo -u mayadm git merge maya-productive
Bereits aktuell.
> sudo -u mayadm git add "../artifacts/logs/8661-*.log" -f
> sudo -u mayadm git add "../artifacts/logs/8660-*.log" -f
> sudo -u mayadm git commit -m "logs at 2023-07-14--21h07"
[artifacts 2d5c36d8f] logs at 2023-07-14--21h07
 6 files changed, 306 insertions(+)
 create mode 100644 maya/artifacts/logs/8660--2023-07-14--20h26---6.log
 create mode 100644 maya/artifacts/logs/8661--2023-07-14--21h07---1.log
 create mode 100644 maya/artifacts/logs/8661--2023-07-14--21h07---2.log
 create mode 100644 maya/artifacts/logs/8661--2023-07-14--21h07---3.log
 create mode 100644 maya/artifacts/logs/8661--2023-07-14--21h07---4.log
 create mode 100644 maya/artifacts/logs/8661--2023-07-14--21h07---5.log
> sudo -u mayadm git push
To https://github.com/Necktschnagge/wired-watering
   e96cceaea..2d5c36d8f  artifacts -> artifacts
> sudo -u mayadm git checkout maya-productive
Zu Zweig »maya-productive« gewechselt
Ihr Branch ist auf demselben Stand wie 'origin/maya-productive'.
> sudo -u mayadm git push
Everything up-to-date
##############################################################
###################                        ###################
###################     GOING TO SLEEP     ###################
###################                        ###################
##############################################################
#######                                                #######
#######   Press CTRL + C NOW to abort script safely!   #######
#######                                                #######
##############################################################
##############################################################
#######                                                #######
#######               NOW GOING TO SLEEP               #######
#######                                                #######
##############################################################
> rtcwake -m mem -s 2400
rtcwake: RTC wird als UTC interpretiert …
rtcwake: aufwachen von „mem“ durch /dev/rtc0 bei Fri Jul 14 19:48:24 2023
##############################################################
#######                                                #######
#######            just waked up from sleep            #######
#######                                                #######
##############################################################
%%%%%%%%%%     [6] Uploading logs and go sleeping   ...DONE!
elapsed time:   2424s
=====================================================================================================
