=====================================================================================================
%%%%%%%%%%     [6] Uploading logs and go sleeping...
> sudo -u mayadm git checkout artifacts
Zu Zweig »artifacts« gewechselt
Ihr Branch ist auf demselben Stand wie 'origin/artifacts'.
> sudo -u mayadm git pull
Bereits aktuell.
> sudo -u mayadm git merge maya-productive
Bereits aktuell.
> sudo -u mayadm git add "../artifacts/logs/8663-*.log" -f
> sudo -u mayadm git add "../artifacts/logs/8662-*.log" -f
> sudo -u mayadm git commit -m "logs at 2023-07-14--22h29"
[artifacts d318d7a80] logs at 2023-07-14--22h29
 6 files changed, 306 insertions(+)
 create mode 100644 maya/artifacts/logs/8662--2023-07-14--21h48---6.log
 create mode 100644 maya/artifacts/logs/8663--2023-07-14--22h29---1.log
 create mode 100644 maya/artifacts/logs/8663--2023-07-14--22h29---2.log
 create mode 100644 maya/artifacts/logs/8663--2023-07-14--22h29---3.log
 create mode 100644 maya/artifacts/logs/8663--2023-07-14--22h29---4.log
 create mode 100644 maya/artifacts/logs/8663--2023-07-14--22h29---5.log
> sudo -u mayadm git push
To https://github.com/Necktschnagge/wired-watering
   2d95e27a5..d318d7a80  artifacts -> artifacts
> sudo -u mayadm git checkout maya-productive
Zu Zweig »maya-productive« gewechselt
Ihr Branch ist auf demselben Stand wie 'origin/maya-productive'.
> sudo -u mayadm git push
Everything up-to-date
##############################################################
###################                        ###################
###################     GOING TO SLEEP     ###################
###################                        ###################
##############################################################
#######                                                #######
#######   Press CTRL + C NOW to abort script safely!   #######
#######                                                #######
##############################################################
##############################################################
#######                                                #######
#######               NOW GOING TO SLEEP               #######
#######                                                #######
##############################################################
> rtcwake -m mem -s 2400
rtcwake: RTC wird als UTC interpretiert …
rtcwake: aufwachen von „mem“ durch /dev/rtc0 bei Fri Jul 14 21:10:48 2023
##############################################################
#######                                                #######
#######            just waked up from sleep            #######
#######                                                #######
##############################################################
%%%%%%%%%%     [6] Uploading logs and go sleeping   ...DONE!
elapsed time:   2424s
=====================================================================================================
