=====================================================================================================
%%%%%%%%%%     [6] Uploading logs and go sleeping...
> sudo -u mayadm git checkout artifacts
Zu Zweig »artifacts« gewechselt
Ihr Branch ist auf demselben Stand wie 'origin/artifacts'.
> sudo -u mayadm git pull
Bereits aktuell.
> sudo -u mayadm git merge maya-productive
Bereits aktuell.
> sudo -u mayadm git add "../artifacts/logs/8711-*.log" -f
> sudo -u mayadm git add "../artifacts/logs/8710-*.log" -f
> sudo -u mayadm git commit -m "logs at 2023-07-16--10h32"
[artifacts 3fafde11d] logs at 2023-07-16--10h32
 6 files changed, 303 insertions(+)
 create mode 100644 maya/artifacts/logs/8710--2023-07-16--09h51---6.log
 create mode 100644 maya/artifacts/logs/8711--2023-07-16--10h32---1.log
 create mode 100644 maya/artifacts/logs/8711--2023-07-16--10h32---2.log
 create mode 100644 maya/artifacts/logs/8711--2023-07-16--10h32---3.log
 create mode 100644 maya/artifacts/logs/8711--2023-07-16--10h32---4.log
 create mode 100644 maya/artifacts/logs/8711--2023-07-16--10h32---5.log
> sudo -u mayadm git push
To https://github.com/Necktschnagge/wired-watering
   6683212c4..3fafde11d  artifacts -> artifacts
> sudo -u mayadm git checkout maya-productive
Zu Zweig »maya-productive« gewechselt
Ihr Branch ist auf demselben Stand wie 'origin/maya-productive'.
> sudo -u mayadm git push
Everything up-to-date
##############################################################
###################                        ###################
###################     GOING TO SLEEP     ###################
###################                        ###################
##############################################################
#######                                                #######
#######   Press CTRL + C NOW to abort script safely!   #######
#######                                                #######
##############################################################
##############################################################
#######                                                #######
#######               NOW GOING TO SLEEP               #######
#######                                                #######
##############################################################
> rtcwake -m mem -s 2400
rtcwake: RTC wird als UTC interpretiert …
rtcwake: aufwachen von „mem“ durch /dev/rtc0 bei Sun Jul 16 09:13:18 2023
##############################################################
#######                                                #######
#######            just waked up from sleep            #######
#######                                                #######
##############################################################
%%%%%%%%%%     [6] Uploading logs and go sleeping   ...DONE!
elapsed time:   2424s
=====================================================================================================
