=====================================================================================================
%%%%%%%%%%     [6] Uploading logs and go sleeping...
> sudo -u mayadm git checkout artifacts
Zu Zweig »artifacts« gewechselt
Ihr Branch ist auf demselben Stand wie 'origin/artifacts'.
> sudo -u mayadm git pull
Bereits aktuell.
> sudo -u mayadm git merge maya-productive
Bereits aktuell.
> sudo -u mayadm git add "../artifacts/logs/8723-*.log" -f
> sudo -u mayadm git add "../artifacts/logs/8722-*.log" -f
> sudo -u mayadm git commit -m "logs at 2023-07-16--18h55"
[artifacts 8772e376a] logs at 2023-07-16--18h55
 6 files changed, 515 insertions(+)
 create mode 100644 maya/artifacts/logs/8722--2023-07-16--18h10---6.log
 create mode 100644 maya/artifacts/logs/8723--2023-07-16--18h55---1.log
 create mode 100644 maya/artifacts/logs/8723--2023-07-16--18h55---2.log
 create mode 100644 maya/artifacts/logs/8723--2023-07-16--18h55---3.log
 create mode 100644 maya/artifacts/logs/8723--2023-07-16--18h55---4.log
 create mode 100644 maya/artifacts/logs/8723--2023-07-16--18h55---5.log
> sudo -u mayadm git push
To https://github.com/Necktschnagge/wired-watering
   0038db831..8772e376a  artifacts -> artifacts
> sudo -u mayadm git checkout maya-productive
Zu Zweig »maya-productive« gewechselt
Ihr Branch ist auf demselben Stand wie 'origin/maya-productive'.
> sudo -u mayadm git push
Everything up-to-date
##############################################################
###################                        ###################
###################     GOING TO SLEEP     ###################
###################                        ###################
##############################################################
#######                                                #######
#######   Press CTRL + C NOW to abort script safely!   #######
#######                                                #######
##############################################################
##############################################################
#######                                                #######
#######               NOW GOING TO SLEEP               #######
#######                                                #######
##############################################################
> rtcwake -m mem -s 2400
rtcwake: RTC wird als UTC interpretiert …
rtcwake: aufwachen von „mem“ durch /dev/rtc0 bei Sun Jul 16 17:40:43 2023
##############################################################
#######                                                #######
#######            just waked up from sleep            #######
#######                                                #######
##############################################################
%%%%%%%%%%     [6] Uploading logs and go sleeping   ...DONE!
elapsed time:   2425s
=====================================================================================================
