=====================================================================================================
%%%%%%%%%%     [6] Uploading logs and go sleeping...
> sudo -u mayadm git checkout artifacts
Zu Zweig »artifacts« gewechselt
Ihr Branch ist auf demselben Stand wie 'origin/artifacts'.
> sudo -u mayadm git pull
Bereits aktuell.
> sudo -u mayadm git merge maya-productive
Bereits aktuell.
> sudo -u mayadm git add "../artifacts/logs/8807-*.log" -f
> sudo -u mayadm git add "../artifacts/logs/8806-*.log" -f
> sudo -u mayadm git commit -m "logs at 2023-07-19--12h56"
[artifacts dd8ebcaf7] logs at 2023-07-19--12h56
 6 files changed, 303 insertions(+)
 create mode 100644 maya/artifacts/logs/8806--2023-07-19--12h14---6.log
 create mode 100644 maya/artifacts/logs/8807--2023-07-19--12h56---1.log
 create mode 100644 maya/artifacts/logs/8807--2023-07-19--12h56---2.log
 create mode 100644 maya/artifacts/logs/8807--2023-07-19--12h56---3.log
 create mode 100644 maya/artifacts/logs/8807--2023-07-19--12h56---4.log
 create mode 100644 maya/artifacts/logs/8807--2023-07-19--12h56---5.log
> sudo -u mayadm git push
To https://github.com/Necktschnagge/wired-watering
   9bf46e5cb..dd8ebcaf7  artifacts -> artifacts
> sudo -u mayadm git checkout maya-productive
Zu Zweig »maya-productive« gewechselt
Ihr Branch ist auf demselben Stand wie 'origin/maya-productive'.
> sudo -u mayadm git push
Everything up-to-date
##############################################################
###################                        ###################
###################     GOING TO SLEEP     ###################
###################                        ###################
##############################################################
#######                                                #######
#######   Press CTRL + C NOW to abort script safely!   #######
#######                                                #######
##############################################################
##############################################################
#######                                                #######
#######               NOW GOING TO SLEEP               #######
#######                                                #######
##############################################################
> rtcwake -m mem -s 2400
rtcwake: RTC wird als UTC interpretiert …
rtcwake: aufwachen von „mem“ durch /dev/rtc0 bei Wed Jul 19 11:37:22 2023
##############################################################
#######                                                #######
#######            just waked up from sleep            #######
#######                                                #######
##############################################################
%%%%%%%%%%     [6] Uploading logs and go sleeping   ...DONE!
elapsed time:   2426s
=====================================================================================================
