=====================================================================================================
%%%%%%%%%%     [6] Uploading logs and go sleeping...
> sudo -u mayadm git checkout artifacts
Zu Zweig »artifacts« gewechselt
Ihr Branch ist auf demselben Stand wie 'origin/artifacts'.
> sudo -u mayadm git pull
Bereits aktuell.
> sudo -u mayadm git merge maya-productive
Bereits aktuell.
> sudo -u mayadm git add "../artifacts/logs/8821-*.log" -f
> sudo -u mayadm git add "../artifacts/logs/8820-*.log" -f
> sudo -u mayadm git commit -m "logs at 2023-07-19--22h34"
[artifacts 877d6c2bd] logs at 2023-07-19--22h34
 6 files changed, 303 insertions(+)
 create mode 100644 maya/artifacts/logs/8820--2023-07-19--21h53---6.log
 create mode 100644 maya/artifacts/logs/8821--2023-07-19--22h34---1.log
 create mode 100644 maya/artifacts/logs/8821--2023-07-19--22h34---2.log
 create mode 100644 maya/artifacts/logs/8821--2023-07-19--22h34---3.log
 create mode 100644 maya/artifacts/logs/8821--2023-07-19--22h34---4.log
 create mode 100644 maya/artifacts/logs/8821--2023-07-19--22h34---5.log
> sudo -u mayadm git push
To https://github.com/Necktschnagge/wired-watering
   6871824a5..877d6c2bd  artifacts -> artifacts
> sudo -u mayadm git checkout maya-productive
Zu Zweig »maya-productive« gewechselt
Ihr Branch ist auf demselben Stand wie 'origin/maya-productive'.
> sudo -u mayadm git push
Everything up-to-date
##############################################################
###################                        ###################
###################     GOING TO SLEEP     ###################
###################                        ###################
##############################################################
#######                                                #######
#######   Press CTRL + C NOW to abort script safely!   #######
#######                                                #######
##############################################################
##############################################################
#######                                                #######
#######               NOW GOING TO SLEEP               #######
#######                                                #######
##############################################################
> rtcwake -m mem -s 2400
rtcwake: RTC wird als UTC interpretiert …
rtcwake: aufwachen von „mem“ durch /dev/rtc0 bei Wed Jul 19 21:15:37 2023
##############################################################
#######                                                #######
#######            just waked up from sleep            #######
#######                                                #######
##############################################################
%%%%%%%%%%     [6] Uploading logs and go sleeping   ...DONE!
elapsed time:   2426s
=====================================================================================================
