=====================================================================================================
%%%%%%%%%%     [6] Uploading logs and go sleeping...
> sudo -u mayadm git checkout artifacts
Zu Zweig »artifacts« gewechselt
Ihr Branch ist auf demselben Stand wie 'origin/artifacts'.
> sudo -u mayadm git pull
Bereits aktuell.
> sudo -u mayadm git merge maya-productive
Bereits aktuell.
> sudo -u mayadm git add "../artifacts/logs/8823-*.log" -f
> sudo -u mayadm git add "../artifacts/logs/8822-*.log" -f
> sudo -u mayadm git commit -m "logs at 2023-07-19--23h57"
[artifacts 755212afe] logs at 2023-07-19--23h57
 6 files changed, 303 insertions(+)
 create mode 100644 maya/artifacts/logs/8822--2023-07-19--23h16---6.log
 create mode 100644 maya/artifacts/logs/8823--2023-07-19--23h57---1.log
 create mode 100644 maya/artifacts/logs/8823--2023-07-19--23h57---2.log
 create mode 100644 maya/artifacts/logs/8823--2023-07-19--23h57---3.log
 create mode 100644 maya/artifacts/logs/8823--2023-07-19--23h57---4.log
 create mode 100644 maya/artifacts/logs/8823--2023-07-19--23h57---5.log
> sudo -u mayadm git push
To https://github.com/Necktschnagge/wired-watering
   b4d3bfc15..755212afe  artifacts -> artifacts
> sudo -u mayadm git checkout maya-productive
Zu Zweig »maya-productive« gewechselt
Ihr Branch ist auf demselben Stand wie 'origin/maya-productive'.
> sudo -u mayadm git push
Everything up-to-date
##############################################################
###################                        ###################
###################     GOING TO SLEEP     ###################
###################                        ###################
##############################################################
#######                                                #######
#######   Press CTRL + C NOW to abort script safely!   #######
#######                                                #######
##############################################################
##############################################################
#######                                                #######
#######               NOW GOING TO SLEEP               #######
#######                                                #######
##############################################################
> rtcwake -m mem -s 2400
rtcwake: RTC wird als UTC interpretiert …
rtcwake: aufwachen von „mem“ durch /dev/rtc0 bei Wed Jul 19 22:38:14 2023
##############################################################
#######                                                #######
#######            just waked up from sleep            #######
#######                                                #######
##############################################################
%%%%%%%%%%     [6] Uploading logs and go sleeping   ...DONE!
elapsed time:   2425s
=====================================================================================================
