=====================================================================================================
%%%%%%%%%%     [6] Uploading logs and go sleeping...
> sudo -u mayadm git checkout artifacts
Zu Zweig »artifacts« gewechselt
Ihr Branch ist auf demselben Stand wie 'origin/artifacts'.
> sudo -u mayadm git pull
Bereits aktuell.
> sudo -u mayadm git merge maya-productive
Bereits aktuell.
> sudo -u mayadm git add "../artifacts/logs/8829-*.log" -f
> sudo -u mayadm git add "../artifacts/logs/8828-*.log" -f
> sudo -u mayadm git commit -m "logs at 2023-07-20--04h06"
[artifacts 34fbee0ca] logs at 2023-07-20--04h06
 6 files changed, 537 insertions(+)
 create mode 100644 maya/artifacts/logs/8828--2023-07-20--03h24---6.log
 create mode 100644 maya/artifacts/logs/8829--2023-07-20--04h06---1.log
 create mode 100644 maya/artifacts/logs/8829--2023-07-20--04h06---2.log
 create mode 100644 maya/artifacts/logs/8829--2023-07-20--04h06---3.log
 create mode 100644 maya/artifacts/logs/8829--2023-07-20--04h06---4.log
 create mode 100644 maya/artifacts/logs/8829--2023-07-20--04h06---5.log
> sudo -u mayadm git push
To https://github.com/Necktschnagge/wired-watering
   cb0e8ca54..34fbee0ca  artifacts -> artifacts
> sudo -u mayadm git checkout maya-productive
Zu Zweig »maya-productive« gewechselt
Ihr Branch ist auf demselben Stand wie 'origin/maya-productive'.
> sudo -u mayadm git push
Everything up-to-date
##############################################################
###################                        ###################
###################     GOING TO SLEEP     ###################
###################                        ###################
##############################################################
#######                                                #######
#######   Press CTRL + C NOW to abort script safely!   #######
#######                                                #######
##############################################################
##############################################################
#######                                                #######
#######               NOW GOING TO SLEEP               #######
#######                                                #######
##############################################################
> rtcwake -m mem -s 2400
rtcwake: RTC wird als UTC interpretiert …
rtcwake: aufwachen von „mem“ durch /dev/rtc0 bei Thu Jul 20 03:50:48 2023
##############################################################
#######                                                #######
#######            just waked up from sleep            #######
#######                                                #######
##############################################################
%%%%%%%%%%     [6] Uploading logs and go sleeping   ...DONE!
elapsed time:   2427s
=====================================================================================================
