=====================================================================================================
%%%%%%%%%%     [6] Uploading logs and go sleeping...
> sudo -u mayadm git checkout artifacts
Zu Zweig »artifacts« gewechselt
Ihr Branch ist auf demselben Stand wie 'origin/artifacts'.
> sudo -u mayadm git pull
fatal: konnte nicht auf 'https://github.com/Necktschnagge/wired-watering/' zugreifen: GnuTLS recv error (-54): Fehler in der Pull-Funktion.
> sudo -u mayadm git merge maya-productive
Bereits aktuell.
> sudo -u mayadm git add "../artifacts/logs/8859-*.log" -f
> sudo -u mayadm git add "../artifacts/logs/8858-*.log" -f
> sudo -u mayadm git commit -m "logs at 2023-07-21--01h50"
[artifacts aa0b574fc] logs at 2023-07-21--01h50
 6 files changed, 306 insertions(+)
 create mode 100644 maya/artifacts/logs/8858--2023-07-21--01h08---6.log
 create mode 100644 maya/artifacts/logs/8859--2023-07-21--01h50---1.log
 create mode 100644 maya/artifacts/logs/8859--2023-07-21--01h50---2.log
 create mode 100644 maya/artifacts/logs/8859--2023-07-21--01h50---3.log
 create mode 100644 maya/artifacts/logs/8859--2023-07-21--01h50---4.log
 create mode 100644 maya/artifacts/logs/8859--2023-07-21--01h50---5.log
> sudo -u mayadm git push
To https://github.com/Necktschnagge/wired-watering
   38afb4807..aa0b574fc  artifacts -> artifacts
> sudo -u mayadm git checkout maya-productive
Zu Zweig »maya-productive« gewechselt
Ihr Branch ist auf demselben Stand wie 'origin/maya-productive'.
> sudo -u mayadm git push
Everything up-to-date
##############################################################
###################                        ###################
###################     GOING TO SLEEP     ###################
###################                        ###################
##############################################################
#######                                                #######
#######   Press CTRL + C NOW to abort script safely!   #######
#######                                                #######
##############################################################
##############################################################
#######                                                #######
#######               NOW GOING TO SLEEP               #######
#######                                                #######
##############################################################
> rtcwake -m mem -s 2400
rtcwake: RTC wird als UTC interpretiert …
rtcwake: aufwachen von „mem“ durch /dev/rtc0 bei Fri Jul 21 00:35:57 2023
##############################################################
#######                                                #######
#######            just waked up from sleep            #######
#######                                                #######
##############################################################
%%%%%%%%%%     [6] Uploading logs and go sleeping   ...DONE!
elapsed time:   2699s
=====================================================================================================
