=====================================================================================================
%%%%%%%%%%     [6] Uploading logs and go sleeping...
> sudo -u mayadm git checkout artifacts
Zu Zweig »artifacts« gewechselt
Ihr Branch ist auf demselben Stand wie 'origin/artifacts'.
> sudo -u mayadm git pull
Bereits aktuell.
> sudo -u mayadm git merge maya-productive
Bereits aktuell.
> sudo -u mayadm git add "../artifacts/logs/8867-*.log" -f
> sudo -u mayadm git add "../artifacts/logs/8866-*.log" -f
> sudo -u mayadm git commit -m "logs at 2023-07-21--09h25"
[artifacts 9d903bf73] logs at 2023-07-21--09h25
 6 files changed, 306 insertions(+)
 create mode 100644 maya/artifacts/logs/8866--2023-07-21--08h43---6.log
 create mode 100644 maya/artifacts/logs/8867--2023-07-21--09h25---1.log
 create mode 100644 maya/artifacts/logs/8867--2023-07-21--09h25---2.log
 create mode 100644 maya/artifacts/logs/8867--2023-07-21--09h25---3.log
 create mode 100644 maya/artifacts/logs/8867--2023-07-21--09h25---4.log
 create mode 100644 maya/artifacts/logs/8867--2023-07-21--09h25---5.log
> sudo -u mayadm git push
To https://github.com/Necktschnagge/wired-watering
   e49b00a76..9d903bf73  artifacts -> artifacts
> sudo -u mayadm git checkout maya-productive
Zu Zweig »maya-productive« gewechselt
Ihr Branch ist auf demselben Stand wie 'origin/maya-productive'.
> sudo -u mayadm git push
Everything up-to-date
##############################################################
###################                        ###################
###################     GOING TO SLEEP     ###################
###################                        ###################
##############################################################
#######                                                #######
#######   Press CTRL + C NOW to abort script safely!   #######
#######                                                #######
##############################################################
##############################################################
#######                                                #######
#######               NOW GOING TO SLEEP               #######
#######                                                #######
##############################################################
> rtcwake -m mem -s 2400
rtcwake: RTC wird als UTC interpretiert …
rtcwake: aufwachen von „mem“ durch /dev/rtc0 bei Fri Jul 21 08:06:21 2023
##############################################################
#######                                                #######
#######            just waked up from sleep            #######
#######                                                #######
##############################################################
%%%%%%%%%%     [6] Uploading logs and go sleeping   ...DONE!
elapsed time:   2426s
=====================================================================================================
