=====================================================================================================
%%%%%%%%%%     [4] Run the executable...
>Please note:  Even if all builds failed, the last built executable is still there and will be started!
> sudo -u mayadm ./ur-unix-run.sh
[2023-07-21 10:48:32.681] [main] [info] Pinging Pump Server Mayson...
[2023-07-21 10:48:32.710] [main] [info] Pump Server ping OK!
[2023-07-21 10:48:32.710] [main] [info] Pinging Pump Server Mayson   ...DONE!
[2023-07-21 10:48:32.710] [main] [info] Pinging all valve stations...
[2023-07-21 10:48:33.015] [main] [info] James ping OK!
[2023-07-21 10:48:33.015] [main] [info] Lucas ping OK!
[2023-07-21 10:48:33.015] [main] [info] Felix ping OK!
[2023-07-21 10:48:33.015] [main] [info] Pinging all valve stations   ...DONE!
[2023-07-21 10:48:33.015] [main] [info] Pinging Non-Existing Test Server...
[2023-07-21 10:48:36.071] [main] [info] Pinging Non-Existing Test Server OK!
[2023-07-21 10:48:36.071] [main] [info] Pinging Non-Existing Test Server   ...DONE!
[2023-07-21 10:48:36.071] [main] [info] Creating Landscape...
[2023-07-21 10:48:36.071] [main] [info] Creating Landscape...
[2023-07-21 10:48:36.071] [main] [info] Creating Felix...
[2023-07-21 10:48:36.071] [main] [info] Creating James...
[2023-07-21 10:48:36.071] [main] [info] Creating Lucas...
[2023-07-21 10:48:36.071] [main] [info] Fetching timestamp...
std::chrono::system_clock::now().time_since_epoch()   :   1689929316071569279
get_seconds_since_epoch_now(bool verbose /* true */)   :   1689929316
minutes since epoch   :   28165488
minute of day   :   528
minute of hour   :   48
hour of day   :   8
[2023-07-21 10:48:36.071] [main] [info] Checking timestamp.txt...
[2023-07-21 10:48:36.071] [main] [debug] The timestamp.txt is always written when watering is triggered. It is read to check if I was already done with watering some minutes ago.
previous time_stamp:   28165079
[2023-07-21 10:48:36.071] [main] [info] Checking timestamp.txt   ...DONE!
[2023-07-21 10:48:36.071] [main] [info] It's not time for watering now!
[2023-07-21 10:48:36.071] [main] [info] Minute Intraday:   528
[2023-07-21 10:48:36.071] [main] [info] Days since Epoch:   19559
[2023-07-21 10:48:36.071] [main] [info] Accumulated watering times:

Felix   :          Eiben-Klee  :      0.00 min
Felix   :            Mara-alt  :      0.00 min
James   :            Karotten  :      0.00 min
James   :             Tomaten  :      0.00 min
James   :              Gurken  :      0.00 min
James   :          Kartoffeln  :      0.00 min
Lucas   :              Erbsen  :      0.00 min
Lucas   :        Heidelbeeren  :      0.00 min
Lucas   :      Bohnen-Flieder  :      0.00 min

%%%%%%%%%%     [4] Run the executable   ...DONE!
elapsed time:   4s
=====================================================================================================
