=====================================================================================================
%%%%%%%%%%     [6] Uploading logs and go sleeping...
> sudo -u mayadm git checkout artifacts
Zu Zweig »artifacts« gewechselt
Ihr Branch ist auf demselben Stand wie 'origin/artifacts'.
> sudo -u mayadm git pull
Bereits aktuell.
> sudo -u mayadm git merge maya-productive
Bereits aktuell.
> sudo -u mayadm git add "../artifacts/logs/8876-*.log" -f
> sudo -u mayadm git add "../artifacts/logs/8875-*.log" -f
> sudo -u mayadm git commit -m "logs at 2023-07-21--15h37"
[artifacts a10a6065b] logs at 2023-07-21--15h37
 6 files changed, 303 insertions(+)
 create mode 100644 maya/artifacts/logs/8875--2023-07-21--14h56---6.log
 create mode 100644 maya/artifacts/logs/8876--2023-07-21--15h37---1.log
 create mode 100644 maya/artifacts/logs/8876--2023-07-21--15h37---2.log
 create mode 100644 maya/artifacts/logs/8876--2023-07-21--15h37---3.log
 create mode 100644 maya/artifacts/logs/8876--2023-07-21--15h37---4.log
 create mode 100644 maya/artifacts/logs/8876--2023-07-21--15h37---5.log
> sudo -u mayadm git push
To https://github.com/Necktschnagge/wired-watering
   7ca4631ec..a10a6065b  artifacts -> artifacts
> sudo -u mayadm git checkout maya-productive
Zu Zweig »maya-productive« gewechselt
Ihr Branch ist auf demselben Stand wie 'origin/maya-productive'.
> sudo -u mayadm git push
Everything up-to-date
##############################################################
###################                        ###################
###################     GOING TO SLEEP     ###################
###################                        ###################
##############################################################
#######                                                #######
#######   Press CTRL + C NOW to abort script safely!   #######
#######                                                #######
##############################################################
##############################################################
#######                                                #######
#######               NOW GOING TO SLEEP               #######
#######                                                #######
##############################################################
> rtcwake -m mem -s 2400
rtcwake: RTC wird als UTC interpretiert …
rtcwake: aufwachen von „mem“ durch /dev/rtc0 bei Fri Jul 21 14:18:32 2023
##############################################################
#######                                                #######
#######            just waked up from sleep            #######
#######                                                #######
##############################################################
%%%%%%%%%%     [6] Uploading logs and go sleeping   ...DONE!
elapsed time:   2424s
=====================================================================================================
