=====================================================================================================
%%%%%%%%%%     [6] Uploading logs and go sleeping...
> sudo -u mayadm git checkout artifacts
Zu Zweig »artifacts« gewechselt
Ihr Branch ist auf demselben Stand wie 'origin/artifacts'.
> sudo -u mayadm git pull
Bereits aktuell.
> sudo -u mayadm git merge maya-productive
Bereits aktuell.
> sudo -u mayadm git add "../artifacts/logs/8958-*.log" -f
> sudo -u mayadm git add "../artifacts/logs/8957-*.log" -f
> sudo -u mayadm git commit -m "logs at 2023-07-24--03h13"
[artifacts c0c93829e] logs at 2023-07-24--03h13
 6 files changed, 306 insertions(+)
 create mode 100644 maya/artifacts/logs/8957--2023-07-24--02h31---6.log
 create mode 100644 maya/artifacts/logs/8958--2023-07-24--03h13---1.log
 create mode 100644 maya/artifacts/logs/8958--2023-07-24--03h13---2.log
 create mode 100644 maya/artifacts/logs/8958--2023-07-24--03h13---3.log
 create mode 100644 maya/artifacts/logs/8958--2023-07-24--03h13---4.log
 create mode 100644 maya/artifacts/logs/8958--2023-07-24--03h13---5.log
> sudo -u mayadm git push
To https://github.com/Necktschnagge/wired-watering
   51ad50be6..c0c93829e  artifacts -> artifacts
> sudo -u mayadm git checkout maya-productive
Zu Zweig »maya-productive« gewechselt
Ihr Branch ist auf demselben Stand wie 'origin/maya-productive'.
> sudo -u mayadm git push
Everything up-to-date
##############################################################
###################                        ###################
###################     GOING TO SLEEP     ###################
###################                        ###################
##############################################################
#######                                                #######
#######   Press CTRL + C NOW to abort script safely!   #######
#######                                                #######
##############################################################
##############################################################
#######                                                #######
#######               NOW GOING TO SLEEP               #######
#######                                                #######
##############################################################
> rtcwake -m mem -s 2400
rtcwake: RTC wird als UTC interpretiert …
rtcwake: aufwachen von „mem“ durch /dev/rtc0 bei Mon Jul 24 01:54:29 2023
##############################################################
#######                                                #######
#######            just waked up from sleep            #######
#######                                                #######
##############################################################
%%%%%%%%%%     [6] Uploading logs and go sleeping   ...DONE!
elapsed time:   2425s
=====================================================================================================
