=====================================================================================================
%%%%%%%%%%     [4] Run the executable...
>Please note:  Even if all builds failed, the last built executable is still there and will be started!
> sudo -u mayadm ./ur-unix-run.sh
[2023-07-24 03:55:28.364] [main] [info] Pinging Pump Server Mayson...
[2023-07-24 03:55:28.459] [main] [info] Pump Server ping OK!
[2023-07-24 03:55:28.459] [main] [info] Pinging Pump Server Mayson   ...DONE!
[2023-07-24 03:55:28.459] [main] [info] Pinging all valve stations...
[2023-07-24 03:55:28.755] [main] [info] James ping OK!
[2023-07-24 03:55:28.755] [main] [info] Lucas ping OK!
[2023-07-24 03:55:28.755] [main] [info] Felix ping OK!
[2023-07-24 03:55:28.755] [main] [info] Pinging all valve stations   ...DONE!
[2023-07-24 03:55:28.755] [main] [info] Pinging Non-Existing Test Server...
[2023-07-24 03:55:31.812] [main] [info] Pinging Non-Existing Test Server OK!
[2023-07-24 03:55:31.812] [main] [info] Pinging Non-Existing Test Server   ...DONE!
[2023-07-24 03:55:31.812] [main] [info] Creating Landscape...
[2023-07-24 03:55:31.812] [main] [info] Creating Landscape...
[2023-07-24 03:55:31.812] [main] [info] Creating Felix...
[2023-07-24 03:55:31.812] [main] [info] Creating James...
[2023-07-24 03:55:31.812] [main] [info] Creating Lucas...
[2023-07-24 03:55:31.812] [main] [info] Fetching timestamp...
std::chrono::system_clock::now().time_since_epoch()   :   1690163731812315672
get_seconds_since_epoch_now(bool verbose /* true */)   :   1690163731
minutes since epoch   :   28169395
minute of day   :   115
minute of hour   :   55
hour of day   :   1
[2023-07-24 03:55:31.812] [main] [info] Checking timestamp.txt...
[2023-07-24 03:55:31.812] [main] [debug] The timestamp.txt is always written when watering is triggered. It is read to check if I was already done with watering some minutes ago.
previous time_stamp:   28167951
[2023-07-24 03:55:31.812] [main] [info] Checking timestamp.txt   ...DONE!
Wrote to timestamp.txt
Send request to pump relay:
URL:   http://192.168.1.10:80/status?auto=off&system=off&manual=off
Response:
status code:   200
text:
{
 "server-name" : "pump-relay-mayson",
 "action" : "okay"
}
Send request to pump relay:
URL:   http://192.168.1.10:80/status?auto=on&system=on
Response:
status code:   200
text:
{
 "server-name" : "pump-relay-mayson",
 "action" : "okay"
}
Send request to pump relay:
URL:   http://192.168.1.10:80/status?auto=off
Response:
status code:   200
text:
{
 "server-name" : "pump-relay-mayson",
 "action" : "okay"
}
Send request to pump relay:
URL:   http://192.168.1.10:80/status?auto=on
Response:
status code:   200
text:
{
 "server-name" : "pump-relay-mayson",
 "action" : "okay"
}
[2023-07-24 03:55:51.138] [main] [info] 
--------------------------------------------------------------
Send valves at 1690163751
http://192.168.1.20:80/status?valves=4
200
{
 "server-name" : "valve-server-james",
 "action" : "okay"
}
[2023-07-24 03:55:51.218] [main] [info] 
Switched the following valves: --->
          James:   Gurken   OFF -> ON 
                                   <---
[2023-07-24 03:55:51.218] [main] [info] 
--------------------------------------------------------------
Send valves at 1690163751
http://192.168.1.20:80/status?valves=6
200
{
 "server-name" : "valve-server-james",
 "action" : "okay"
}
[2023-07-24 03:55:51.268] [main] [info] 
Switched the following valves: --->
          James:   Tomaten   OFF -> ON 
                                   <---
[2023-07-24 03:55:51.268] [main] [info] 
--------------------------------------------------------------
Send valves at 1690163751
http://192.168.1.21:80/status?valves=1
200
{
 "server-name" : "valve-server-lucas",
 "action" : "okay"
}
[2023-07-24 03:55:51.329] [main] [info] 
Switched the following valves: --->
          Lucas:   Erbsen   OFF -> ON 
                                   <---
[2023-07-24 04:15:51.053] [main] [info] 
--------------------------------------------------------------
Send valves at 1690164951
http://192.168.1.20:80/status?valves=4
200
{
 "server-name" : "valve-server-james",
 "action" : "okay"
}
[2023-07-24 04:15:51.201] [main] [info] 
Switched the following valves: --->
          James:   Tomaten    ON -> OFF
                                   <---
[2023-07-24 04:15:51.201] [main] [info] 
--------------------------------------------------------------
Send valves at 1690164951
http://192.168.1.21:80/status?valves=0
200
{
 "server-name" : "valve-server-lucas",
 "action" : "okay"
}
[2023-07-24 04:15:51.406] [main] [info] 
Switched the following valves: --->
          Lucas:   Erbsen    ON -> OFF
                                   <---
Send request to pump relay:
URL:   http://192.168.1.10:80/status?auto=off
Response:
status code:   200
text:
{
 "server-name" : "pump-relay-mayson",
 "action" : "okay"
}
Send request to pump relay:
URL:   http://192.168.1.10:80/status?auto=on
Response:
status code:   200
text:
{
 "server-name" : "pump-relay-mayson",
 "action" : "okay"
}
Send request to pump relay:
URL:   http://192.168.1.10:80/status?auto=off
Response:
status code:   200
text:
{
 "server-name" : "pump-relay-mayson",
 "action" : "okay"
}
Send request to pump relay:
URL:   http://192.168.1.10:80/status?auto=on
Response:
status code:   200
text:
{
 "server-name" : "pump-relay-mayson",
 "action" : "okay"
}
[2023-07-24 04:56:13.052] [main] [info] 
--------------------------------------------------------------
Send valves at 1690167373
http://192.168.1.22:80/status?valves=0
200
{
 "server-name" : "valve-server-felix",
 "action" : "okay"
}
[2023-07-24 04:56:13.193] [main] [info] 
Switched the following valves: --->
                                   <---
[2023-07-24 04:56:13.193] [main] [info] 
--------------------------------------------------------------
Send valves at 1690167373
http://192.168.1.20:80/status?valves=0
200
{
 "server-name" : "valve-server-james",
 "action" : "okay"
}
[2023-07-24 04:56:13.292] [main] [info] 
Switched the following valves: --->
          James:   Gurken    ON -> OFF
                                   <---
[2023-07-24 04:56:13.292] [main] [info] 
--------------------------------------------------------------
Send valves at 1690167373
http://192.168.1.21:80/status?valves=0
200
{
 "server-name" : "valve-server-lucas",
 "action" : "okay"
}
[2023-07-24 04:56:13.386] [main] [info] 
Switched the following valves: --->
                                   <---
Send request to pump relay:
URL:   http://192.168.1.10:80/status?auto=off
Response:
status code:   200
text:
{
 "server-name" : "pump-relay-mayson",
 "action" : "okay"
}
[2023-07-24 04:56:43.098] [main] [info] 
--------------------------------------------------------------
Send valves at 1690167403
http://192.168.1.22:80/status?valves=1
200
{
 "server-name" : "valve-server-felix",
 "action" : "okay"
}
[2023-07-24 04:56:43.187] [main] [info] 
Switched the following valves: --->
          Felix:   Eiben-Klee   OFF -> ON 
                                   <---
[2023-07-24 04:58:43.035] [main] [info] 
--------------------------------------------------------------
Send valves at 1690167523
http://192.168.1.22:80/status?valves=0
200
{
 "server-name" : "valve-server-felix",
 "action" : "okay"
}
[2023-07-24 04:58:43.208] [main] [info] 
Switched the following valves: --->
          Felix:   Eiben-Klee    ON -> OFF
                                   <---
[2023-07-24 04:58:43.208] [main] [info] 
--------------------------------------------------------------
Send valves at 1690167523
http://192.168.1.20:80/status?valves=0
200
{
 "server-name" : "valve-server-james",
 "action" : "okay"
}
[2023-07-24 04:58:43.307] [main] [info] 
Switched the following valves: --->
                                   <---
[2023-07-24 04:58:43.307] [main] [info] 
--------------------------------------------------------------
Send valves at 1690167523
http://192.168.1.21:80/status?valves=0
200
{
 "server-name" : "valve-server-lucas",
 "action" : "okay"
}
[2023-07-24 04:58:43.409] [main] [info] 
Switched the following valves: --->
                                   <---
[2023-07-24 04:58:43.409] [main] [info] Accumulated watering times:

Felix   :          Eiben-Klee  :      2.00 min
Felix   :            Mara-alt  :      0.00 min
James   :            Karotten  :      0.00 min
James   :             Tomaten  :     20.00 min
James   :              Gurken  :     60.37 min
James   :          Kartoffeln  :      0.00 min
Lucas   :              Erbsen  :     20.00 min
Lucas   :        Heidelbeeren  :      0.00 min
Lucas   :      Bohnen-Flieder  :      0.00 min

%%%%%%%%%%     [4] Run the executable   ...DONE!
elapsed time:   3795s
=====================================================================================================
