=====================================================================================================
%%%%%%%%%%     [6] Uploading logs and go sleeping...
> sudo -u mayadm git checkout artifacts
Zu Zweig »artifacts« gewechselt
Ihr Branch ist auf demselben Stand wie 'origin/artifacts'.
> sudo -u mayadm git pull
Bereits aktuell.
> sudo -u mayadm git merge maya-productive
Bereits aktuell.
> sudo -u mayadm git add "../artifacts/logs/8988-*.log" -f
> sudo -u mayadm git add "../artifacts/logs/8987-*.log" -f
> sudo -u mayadm git commit -m "logs at 2023-07-25--00h59"
[artifacts 92c82cc3b] logs at 2023-07-25--00h59
 6 files changed, 303 insertions(+)
 create mode 100644 maya/artifacts/logs/8987--2023-07-25--00h17---6.log
 create mode 100644 maya/artifacts/logs/8988--2023-07-25--00h59---1.log
 create mode 100644 maya/artifacts/logs/8988--2023-07-25--00h59---2.log
 create mode 100644 maya/artifacts/logs/8988--2023-07-25--00h59---3.log
 create mode 100644 maya/artifacts/logs/8988--2023-07-25--00h59---4.log
 create mode 100644 maya/artifacts/logs/8988--2023-07-25--00h59---5.log
> sudo -u mayadm git push
To https://github.com/Necktschnagge/wired-watering
   a3cc278d3..92c82cc3b  artifacts -> artifacts
> sudo -u mayadm git checkout maya-productive
Zu Zweig »maya-productive« gewechselt
Ihr Branch ist auf demselben Stand wie 'origin/maya-productive'.
> sudo -u mayadm git push
Everything up-to-date
##############################################################
###################                        ###################
###################     GOING TO SLEEP     ###################
###################                        ###################
##############################################################
#######                                                #######
#######   Press CTRL + C NOW to abort script safely!   #######
#######                                                #######
##############################################################
##############################################################
#######                                                #######
#######               NOW GOING TO SLEEP               #######
#######                                                #######
##############################################################
> rtcwake -m mem -s 2400
rtcwake: RTC wird als UTC interpretiert …
rtcwake: aufwachen von „mem“ durch /dev/rtc0 bei Mon Jul 24 23:40:18 2023
##############################################################
#######                                                #######
#######            just waked up from sleep            #######
#######                                                #######
##############################################################
%%%%%%%%%%     [6] Uploading logs and go sleeping   ...DONE!
elapsed time:   2426s
=====================================================================================================
