=====================================================================================================
%%%%%%%%%%     [6] Uploading logs and go sleeping...
> sudo -u mayadm git checkout artifacts
Zu Zweig »artifacts« gewechselt
Ihr Branch ist auf demselben Stand wie 'origin/artifacts'.
> sudo -u mayadm git pull
Bereits aktuell.
> sudo -u mayadm git merge maya-productive
Bereits aktuell.
> sudo -u mayadm git add "../artifacts/logs/9031-*.log" -f
> sudo -u mayadm git add "../artifacts/logs/9030-*.log" -f
> sudo -u mayadm git commit -m "logs at 2023-07-26--09h44"
[artifacts 0cfdd7544] logs at 2023-07-26--09h44
 6 files changed, 306 insertions(+)
 create mode 100644 maya/artifacts/logs/9030--2023-07-26--09h03---6.log
 create mode 100644 maya/artifacts/logs/9031--2023-07-26--09h44---1.log
 create mode 100644 maya/artifacts/logs/9031--2023-07-26--09h44---2.log
 create mode 100644 maya/artifacts/logs/9031--2023-07-26--09h44---3.log
 create mode 100644 maya/artifacts/logs/9031--2023-07-26--09h44---4.log
 create mode 100644 maya/artifacts/logs/9031--2023-07-26--09h44---5.log
> sudo -u mayadm git push
To https://github.com/Necktschnagge/wired-watering
   5b750ab81..0cfdd7544  artifacts -> artifacts
> sudo -u mayadm git checkout maya-productive
Zu Zweig »maya-productive« gewechselt
Ihr Branch ist auf demselben Stand wie 'origin/maya-productive'.
> sudo -u mayadm git push
Everything up-to-date
##############################################################
###################                        ###################
###################     GOING TO SLEEP     ###################
###################                        ###################
##############################################################
#######                                                #######
#######   Press CTRL + C NOW to abort script safely!   #######
#######                                                #######
##############################################################
##############################################################
#######                                                #######
#######               NOW GOING TO SLEEP               #######
#######                                                #######
##############################################################
> rtcwake -m mem -s 2400
rtcwake: RTC wird als UTC interpretiert …
rtcwake: aufwachen von „mem“ durch /dev/rtc0 bei Wed Jul 26 08:26:11 2023
##############################################################
#######                                                #######
#######            just waked up from sleep            #######
#######                                                #######
##############################################################
%%%%%%%%%%     [6] Uploading logs and go sleeping   ...DONE!
elapsed time:   2426s
=====================================================================================================
