=====================================================================================================
%%%%%%%%%%     [6] Uploading logs and go sleeping...
> sudo -u mayadm git checkout artifacts
Zu Zweig »artifacts« gewechselt
Ihr Branch ist auf demselben Stand wie 'origin/artifacts'.
> sudo -u mayadm git pull
Bereits aktuell.
> sudo -u mayadm git merge maya-productive
Bereits aktuell.
> sudo -u mayadm git add "../artifacts/logs/9065-*.log" -f
> sudo -u mayadm git add "../artifacts/logs/9064-*.log" -f
> sudo -u mayadm git commit -m "logs at 2023-07-27--11h15"
[artifacts 3892ab2e8] logs at 2023-07-27--11h15
 6 files changed, 306 insertions(+)
 create mode 100644 maya/artifacts/logs/9064--2023-07-27--10h33---6.log
 create mode 100644 maya/artifacts/logs/9065--2023-07-27--11h15---1.log
 create mode 100644 maya/artifacts/logs/9065--2023-07-27--11h15---2.log
 create mode 100644 maya/artifacts/logs/9065--2023-07-27--11h15---3.log
 create mode 100644 maya/artifacts/logs/9065--2023-07-27--11h15---4.log
 create mode 100644 maya/artifacts/logs/9065--2023-07-27--11h15---5.log
> sudo -u mayadm git push
To https://github.com/Necktschnagge/wired-watering
   2427b884f..3892ab2e8  artifacts -> artifacts
> sudo -u mayadm git checkout maya-productive
Zu Zweig »maya-productive« gewechselt
Ihr Branch ist auf demselben Stand wie 'origin/maya-productive'.
> sudo -u mayadm git push
Everything up-to-date
##############################################################
###################                        ###################
###################     GOING TO SLEEP     ###################
###################                        ###################
##############################################################
#######                                                #######
#######   Press CTRL + C NOW to abort script safely!   #######
#######                                                #######
##############################################################
##############################################################
#######                                                #######
#######               NOW GOING TO SLEEP               #######
#######                                                #######
##############################################################
> rtcwake -m mem -s 2400
rtcwake: RTC wird als UTC interpretiert …
rtcwake: aufwachen von „mem“ durch /dev/rtc0 bei Thu Jul 27 09:56:20 2023
##############################################################
#######                                                #######
#######            just waked up from sleep            #######
#######                                                #######
##############################################################
%%%%%%%%%%     [6] Uploading logs and go sleeping   ...DONE!
elapsed time:   2427s
=====================================================================================================
