=====================================================================================================
%%%%%%%%%%     [6] Uploading logs and go sleeping...
> sudo -u mayadm git checkout artifacts
Zu Zweig »artifacts« gewechselt
Ihr Branch ist auf demselben Stand wie 'origin/artifacts'.
> sudo -u mayadm git pull
Bereits aktuell.
> sudo -u mayadm git merge maya-productive
Bereits aktuell.
> sudo -u mayadm git add "../artifacts/logs/9070-*.log" -f
> sudo -u mayadm git add "../artifacts/logs/9069-*.log" -f
> sudo -u mayadm git commit -m "logs at 2023-07-27--14h42"
[artifacts b613de73b] logs at 2023-07-27--14h42
 6 files changed, 302 insertions(+)
 create mode 100644 maya/artifacts/logs/9069--2023-07-27--14h01---6.log
 create mode 100644 maya/artifacts/logs/9070--2023-07-27--14h42---1.log
 create mode 100644 maya/artifacts/logs/9070--2023-07-27--14h42---2.log
 create mode 100644 maya/artifacts/logs/9070--2023-07-27--14h42---3.log
 create mode 100644 maya/artifacts/logs/9070--2023-07-27--14h42---4.log
 create mode 100644 maya/artifacts/logs/9070--2023-07-27--14h42---5.log
> sudo -u mayadm git push
To https://github.com/Necktschnagge/wired-watering
   012f554f1..b613de73b  artifacts -> artifacts
> sudo -u mayadm git checkout maya-productive
Zu Zweig »maya-productive« gewechselt
Ihr Branch ist auf demselben Stand wie 'origin/maya-productive'.
> sudo -u mayadm git push
Everything up-to-date
##############################################################
###################                        ###################
###################     GOING TO SLEEP     ###################
###################                        ###################
##############################################################
#######                                                #######
#######   Press CTRL + C NOW to abort script safely!   #######
#######                                                #######
##############################################################
##############################################################
#######                                                #######
#######               NOW GOING TO SLEEP               #######
#######                                                #######
##############################################################
> rtcwake -m mem -s 2400
rtcwake: RTC wird als UTC interpretiert …
rtcwake: aufwachen von „mem“ durch /dev/rtc0 bei Thu Jul 27 13:23:40 2023
##############################################################
#######                                                #######
#######            just waked up from sleep            #######
#######                                                #######
##############################################################
%%%%%%%%%%     [6] Uploading logs and go sleeping   ...DONE!
elapsed time:   2426s
=====================================================================================================
