=====================================================================================================
%%%%%%%%%%     [4] Run the executable...
>Please note:  Even if all builds failed, the last built executable is still there and will be started!
> sudo -u mayadm ./ur-unix-run.sh
[2023-07-28 03:52:31.106] [main] [info] Pinging Pump Server Mayson...
[2023-07-28 03:52:31.177] [main] [info] Pump Server ping OK!
[2023-07-28 03:52:31.177] [main] [info] Pinging Pump Server Mayson   ...DONE!
[2023-07-28 03:52:31.177] [main] [info] Pinging all valve stations...
[2023-07-28 03:52:31.483] [main] [info] James ping OK!
[2023-07-28 03:52:31.483] [main] [info] Lucas ping OK!
[2023-07-28 03:52:31.483] [main] [info] Felix ping OK!
[2023-07-28 03:52:31.484] [main] [info] Pinging all valve stations   ...DONE!
[2023-07-28 03:52:31.484] [main] [info] Pinging Non-Existing Test Server...
[2023-07-28 03:52:34.567] [main] [info] Pinging Non-Existing Test Server OK!
[2023-07-28 03:52:34.567] [main] [info] Pinging Non-Existing Test Server   ...DONE!
[2023-07-28 03:52:34.567] [main] [info] Creating Landscape...
[2023-07-28 03:52:34.567] [main] [info] Creating Landscape...
[2023-07-28 03:52:34.567] [main] [info] Creating Felix...
[2023-07-28 03:52:34.567] [main] [info] Creating James...
[2023-07-28 03:52:34.567] [main] [info] Creating Lucas...
[2023-07-28 03:52:34.567] [main] [info] Fetching timestamp...
std::chrono::system_clock::now().time_since_epoch()   :   1690509154567237435
get_seconds_since_epoch_now(bool verbose /* true */)   :   1690509154
minutes since epoch   :   28175152
minute of day   :   112
minute of hour   :   52
hour of day   :   1
[2023-07-28 03:52:34.567] [main] [info] Checking timestamp.txt...
[2023-07-28 03:52:34.567] [main] [debug] The timestamp.txt is always written when watering is triggered. It is read to check if I was already done with watering some minutes ago.
previous time_stamp:   28173704
[2023-07-28 03:52:34.567] [main] [info] Checking timestamp.txt   ...DONE!
Wrote to timestamp.txt
Send request to pump relay:
URL:   http://192.168.1.10:80/status?auto=off&system=off&manual=off
Response:
status code:   200
text:
{
 "server-name" : "pump-relay-mayson",
 "action" : "okay"
}
Send request to pump relay:
URL:   http://192.168.1.10:80/status?auto=on&system=on
Response:
status code:   200
text:
{
 "server-name" : "pump-relay-mayson",
 "action" : "okay"
}
Send request to pump relay:
URL:   http://192.168.1.10:80/status?auto=off
Response:
status code:   200
text:
{
 "server-name" : "pump-relay-mayson",
 "action" : "okay"
}
Send request to pump relay:
URL:   http://192.168.1.10:80/status?auto=on
Response:
status code:   200
text:
{
 "server-name" : "pump-relay-mayson",
 "action" : "okay"
}
[2023-07-28 03:52:54.142] [main] [info] 
--------------------------------------------------------------
Send valves at 1690509174
http://192.168.1.20:80/status?valves=4
200
{
 "server-name" : "valve-server-james",
 "action" : "okay"
}
[2023-07-28 03:52:54.241] [main] [info] 
Switched the following valves: --->
          James:   Gurken   OFF -> ON 
                                   <---
[2023-07-28 03:52:54.241] [main] [info] 
--------------------------------------------------------------
Send valves at 1690509174
http://192.168.1.20:80/status?valves=6
200
{
 "server-name" : "valve-server-james",
 "action" : "okay"
}
[2023-07-28 03:52:54.291] [main] [info] 
Switched the following valves: --->
          James:   Tomaten   OFF -> ON 
                                   <---
[2023-07-28 03:52:54.291] [main] [info] 
--------------------------------------------------------------
Send valves at 1690509174
http://192.168.1.21:80/status?valves=1
200
{
 "server-name" : "valve-server-lucas",
 "action" : "okay"
}
[2023-07-28 03:52:54.351] [main] [info] 
Switched the following valves: --->
          Lucas:   Erbsen   OFF -> ON 
                                   <---
[2023-07-28 04:12:54.050] [main] [info] 
--------------------------------------------------------------
Send valves at 1690510374
http://192.168.1.20:80/status?valves=4
200
{
 "server-name" : "valve-server-james",
 "action" : "okay"
}
[2023-07-28 04:12:54.370] [main] [info] 
Switched the following valves: --->
          James:   Tomaten    ON -> OFF
                                   <---
[2023-07-28 04:12:54.370] [main] [info] 
--------------------------------------------------------------
Send valves at 1690510374
http://192.168.1.21:80/status?valves=0
200
{
 "server-name" : "valve-server-lucas",
 "action" : "okay"
}
[2023-07-28 04:12:54.457] [main] [info] 
Switched the following valves: --->
          Lucas:   Erbsen    ON -> OFF
                                   <---
Send request to pump relay:
URL:   http://192.168.1.10:80/status?auto=off
Response:
status code:   200
text:
{
 "server-name" : "pump-relay-mayson",
 "action" : "okay"
}
Send request to pump relay:
URL:   http://192.168.1.10:80/status?auto=on
Response:
status code:   200
text:
{
 "server-name" : "pump-relay-mayson",
 "action" : "okay"
}
Send request to pump relay:
URL:   http://192.168.1.10:80/status?auto=off
Response:
status code:   200
text:
{
 "server-name" : "pump-relay-mayson",
 "action" : "okay"
}
Send request to pump relay:
URL:   http://192.168.1.10:80/status?auto=on
Response:
status code:   200
text:
{
 "server-name" : "pump-relay-mayson",
 "action" : "okay"
}
[2023-07-28 04:53:15.010] [main] [info] 
--------------------------------------------------------------
Send valves at 1690512795
http://192.168.1.22:80/status?valves=0
200
{
 "server-name" : "valve-server-felix",
 "action" : "okay"
}
[2023-07-28 04:53:15.114] [main] [info] 
Switched the following valves: --->
                                   <---
[2023-07-28 04:53:15.114] [main] [info] 
--------------------------------------------------------------
Send valves at 1690512795
http://192.168.1.20:80/status?valves=0
200
{
 "server-name" : "valve-server-james",
 "action" : "okay"
}
[2023-07-28 04:53:15.227] [main] [info] 
Switched the following valves: --->
          James:   Gurken    ON -> OFF
                                   <---
[2023-07-28 04:53:15.227] [main] [info] 
--------------------------------------------------------------
Send valves at 1690512795
http://192.168.1.21:80/status?valves=0
200
{
 "server-name" : "valve-server-lucas",
 "action" : "okay"
}
[2023-07-28 04:53:15.320] [main] [info] 
Switched the following valves: --->
                                   <---
Send request to pump relay:
URL:   http://192.168.1.10:80/status?auto=off
Response:
status code:   200
text:
{
 "server-name" : "pump-relay-mayson",
 "action" : "okay"
}
[2023-07-28 04:53:45.117] [main] [info] 
--------------------------------------------------------------
Send valves at 1690512825
http://192.168.1.22:80/status?valves=1
200
{
 "server-name" : "valve-server-felix",
 "action" : "okay"
}
[2023-07-28 04:53:45.213] [main] [info] 
Switched the following valves: --->
          Felix:   Eiben-Klee   OFF -> ON 
                                   <---
[2023-07-28 04:55:45.018] [main] [info] 
--------------------------------------------------------------
Send valves at 1690512945
http://192.168.1.22:80/status?valves=0
200
{
 "server-name" : "valve-server-felix",
 "action" : "okay"
}
[2023-07-28 04:55:45.129] [main] [info] 
Switched the following valves: --->
          Felix:   Eiben-Klee    ON -> OFF
                                   <---
[2023-07-28 04:55:45.129] [main] [info] 
--------------------------------------------------------------
Send valves at 1690512945
http://192.168.1.20:80/status?valves=0
200
{
 "server-name" : "valve-server-james",
 "action" : "okay"
}
[2023-07-28 04:55:45.229] [main] [info] 
Switched the following valves: --->
                                   <---
[2023-07-28 04:55:45.229] [main] [info] 
--------------------------------------------------------------
Send valves at 1690512945
http://192.168.1.21:80/status?valves=0
200
{
 "server-name" : "valve-server-lucas",
 "action" : "okay"
}
[2023-07-28 04:55:45.328] [main] [info] 
Switched the following valves: --->
                                   <---
[2023-07-28 04:55:45.328] [main] [info] Accumulated watering times:

Felix   :          Eiben-Klee  :      2.00 min
Felix   :            Mara-alt  :      0.00 min
James   :            Karotten  :      0.00 min
James   :             Tomaten  :     20.00 min
James   :              Gurken  :     60.35 min
James   :          Kartoffeln  :      0.00 min
Lucas   :              Erbsen  :     20.00 min
Lucas   :        Heidelbeeren  :      0.00 min
Lucas   :      Bohnen-Flieder  :      0.00 min

%%%%%%%%%%     [4] Run the executable   ...DONE!
elapsed time:   3794s
=====================================================================================================
