=====================================================================================================
%%%%%%%%%%     [4] Run the executable...
>Please note:  Even if all builds failed, the last built executable is still there and will be started!
> sudo -u mayadm ./ur-unix-run.sh
[2023-07-29 03:47:42.766] [main] [info] Pinging Pump Server Mayson...
[2023-07-29 03:47:42.787] [main] [info] Pump Server ping OK!
[2023-07-29 03:47:42.787] [main] [info] Pinging Pump Server Mayson   ...DONE!
[2023-07-29 03:47:42.787] [main] [info] Pinging all valve stations...
[2023-07-29 03:47:43.096] [main] [info] James ping OK!
[2023-07-29 03:47:43.096] [main] [info] Lucas ping OK!
[2023-07-29 03:47:43.096] [main] [info] Felix ping OK!
[2023-07-29 03:47:43.096] [main] [info] Pinging all valve stations   ...DONE!
[2023-07-29 03:47:43.096] [main] [info] Pinging Non-Existing Test Server...
[2023-07-29 03:47:46.178] [main] [info] Pinging Non-Existing Test Server OK!
[2023-07-29 03:47:46.178] [main] [info] Pinging Non-Existing Test Server   ...DONE!
[2023-07-29 03:47:46.178] [main] [info] Creating Landscape...
[2023-07-29 03:47:46.178] [main] [info] Creating Landscape...
[2023-07-29 03:47:46.178] [main] [info] Creating Felix...
[2023-07-29 03:47:46.178] [main] [info] Creating James...
[2023-07-29 03:47:46.178] [main] [info] Creating Lucas...
[2023-07-29 03:47:46.178] [main] [info] Fetching timestamp...
std::chrono::system_clock::now().time_since_epoch()   :   1690595266178883809
get_seconds_since_epoch_now(bool verbose /* true */)   :   1690595266
minutes since epoch   :   28176587
minute of day   :   107
minute of hour   :   47
hour of day   :   1
[2023-07-29 03:47:46.178] [main] [info] Checking timestamp.txt...
[2023-07-29 03:47:46.178] [main] [debug] The timestamp.txt is always written when watering is triggered. It is read to check if I was already done with watering some minutes ago.
previous time_stamp:   28175152
[2023-07-29 03:47:46.179] [main] [info] Checking timestamp.txt   ...DONE!
Wrote to timestamp.txt
Send request to pump relay:
URL:   http://192.168.1.10:80/status?auto=off&system=off&manual=off
Response:
status code:   200
text:
{
 "server-name" : "pump-relay-mayson",
 "action" : "okay"
}
Send request to pump relay:
URL:   http://192.168.1.10:80/status?auto=on&system=on
Response:
status code:   200
text:
{
 "server-name" : "pump-relay-mayson",
 "action" : "okay"
}
[2023-07-29 03:47:55.691] [main] [info] 
--------------------------------------------------------------
Send valves at 1690595275
http://192.168.1.20:80/status?valves=1
200
{
 "server-name" : "valve-server-james",
 "action" : "okay"
}
[2023-07-29 03:47:55.834] [main] [info] 
Switched the following valves: --->
          James:   Karotten   OFF -> ON 
                                   <---
[2023-07-29 03:47:55.834] [main] [info] 
--------------------------------------------------------------
Send valves at 1690595275
http://192.168.1.20:80/status?valves=9
200
{
 "server-name" : "valve-server-james",
 "action" : "okay"
}
[2023-07-29 03:47:55.888] [main] [info] 
Switched the following valves: --->
          James:   Kartoffeln   OFF -> ON 
                                   <---
[2023-07-29 03:57:55.000] [main] [info] 
--------------------------------------------------------------
Send valves at 1690595875
http://192.168.1.22:80/status?valves=2
200
{
 "server-name" : "valve-server-felix",
 "action" : "okay"
}
[2023-07-29 03:57:55.086] [main] [info] 
Switched the following valves: --->
          Felix:   Mara-alt   OFF -> ON 
                                   <---
Send request to pump relay:
URL:   http://192.168.1.10:80/status?auto=off
Response:
status code:   200
text:
{
 "server-name" : "pump-relay-mayson",
 "action" : "okay"
}
Send request to pump relay:
URL:   http://192.168.1.10:80/status?auto=on
Response:
status code:   200
text:
{
 "server-name" : "pump-relay-mayson",
 "action" : "okay"
}
[2023-07-29 04:08:05.231] [main] [info] 
--------------------------------------------------------------
Send valves at 1690596485
http://192.168.1.20:80/status?valves=8
200
{
 "server-name" : "valve-server-james",
 "action" : "okay"
}
[2023-07-29 04:08:05.328] [main] [info] 
Switched the following valves: --->
          James:   Karotten    ON -> OFF
                                   <---
[2023-07-29 04:08:05.328] [main] [info] 
--------------------------------------------------------------
Send valves at 1690596485
http://192.168.1.22:80/status?valves=3
200
{
 "server-name" : "valve-server-felix",
 "action" : "okay"
}
[2023-07-29 04:08:05.433] [main] [info] 
Switched the following valves: --->
          Felix:   Eiben-Klee   OFF -> ON 
                                   <---
[2023-07-29 04:18:05.056] [main] [info] 
--------------------------------------------------------------
Send valves at 1690597085
http://192.168.1.22:80/status?valves=1
200
{
 "server-name" : "valve-server-felix",
 "action" : "okay"
}
[2023-07-29 04:18:05.115] [main] [info] 
Switched the following valves: --->
          Felix:   Mara-alt    ON -> OFF
                                   <---
[2023-07-29 04:18:05.115] [main] [info] 
--------------------------------------------------------------
Send valves at 1690597085
http://192.168.1.21:80/status?valves=4
200
{
 "server-name" : "valve-server-lucas",
 "action" : "okay"
}
[2023-07-29 04:18:05.216] [main] [info] 
Switched the following valves: --->
          Lucas:   Bohnen-Flieder   OFF -> ON 
                                   <---
[2023-07-29 04:18:05.216] [main] [info] 
--------------------------------------------------------------
Send valves at 1690597085
http://192.168.1.20:80/status?valves=0
200
{
 "server-name" : "valve-server-james",
 "action" : "okay"
}
[2023-07-29 04:18:05.310] [main] [info] 
Switched the following valves: --->
          James:   Kartoffeln    ON -> OFF
                                   <---
[2023-07-29 04:43:05.085] [main] [info] 
--------------------------------------------------------------
Send valves at 1690598585
http://192.168.1.22:80/status?valves=0
200
{
 "server-name" : "valve-server-felix",
 "action" : "okay"
}
[2023-07-29 04:43:05.207] [main] [info] 
Switched the following valves: --->
          Felix:   Eiben-Klee    ON -> OFF
                                   <---
[2023-07-29 04:43:05.207] [main] [info] 
--------------------------------------------------------------
Send valves at 1690598585
http://192.168.1.20:80/status?valves=0
200
{
 "server-name" : "valve-server-james",
 "action" : "okay"
}
[2023-07-29 04:43:05.307] [main] [info] 
Switched the following valves: --->
                                   <---
[2023-07-29 04:43:05.307] [main] [info] 
--------------------------------------------------------------
Send valves at 1690598585
http://192.168.1.21:80/status?valves=0
200
{
 "server-name" : "valve-server-lucas",
 "action" : "okay"
}
[2023-07-29 04:43:05.513] [main] [info] 
Switched the following valves: --->
          Lucas:   Bohnen-Flieder    ON -> OFF
                                   <---
Send request to pump relay:
URL:   http://192.168.1.10:80/status?auto=off
Response:
status code:   200
text:
{
 "server-name" : "pump-relay-mayson",
 "action" : "okay"
}
Send request to pump relay:
URL:   http://192.168.1.10:80/status?auto=on
Response:
status code:   200
text:
{
 "server-name" : "pump-relay-mayson",
 "action" : "okay"
}
[2023-07-29 04:43:15.139] [main] [info] 
--------------------------------------------------------------
Send valves at 1690598595
http://192.168.1.20:80/status?valves=4
200
{
 "server-name" : "valve-server-james",
 "action" : "okay"
}
[2023-07-29 04:43:15.241] [main] [info] 
Switched the following valves: --->
          James:   Gurken   OFF -> ON 
                                   <---
[2023-07-29 04:43:15.241] [main] [info] 
--------------------------------------------------------------
Send valves at 1690598595
http://192.168.1.20:80/status?valves=6
200
{
 "server-name" : "valve-server-james",
 "action" : "okay"
}
[2023-07-29 04:43:15.283] [main] [info] 
Switched the following valves: --->
          James:   Tomaten   OFF -> ON 
                                   <---
[2023-07-29 04:43:15.283] [main] [info] 
--------------------------------------------------------------
Send valves at 1690598595
http://192.168.1.21:80/status?valves=1
200
{
 "server-name" : "valve-server-lucas",
 "action" : "okay"
}
[2023-07-29 04:43:15.337] [main] [info] 
Switched the following valves: --->
          Lucas:   Erbsen   OFF -> ON 
                                   <---
[2023-07-29 05:03:15.021] [main] [info] 
--------------------------------------------------------------
Send valves at 1690599795
http://192.168.1.20:80/status?valves=4
200
{
 "server-name" : "valve-server-james",
 "action" : "okay"
}
[2023-07-29 05:03:15.082] [main] [info] 
Switched the following valves: --->
          James:   Tomaten    ON -> OFF
                                   <---
[2023-07-29 05:03:15.082] [main] [info] 
--------------------------------------------------------------
Send valves at 1690599795
http://192.168.1.21:80/status?valves=0
200
{
 "server-name" : "valve-server-lucas",
 "action" : "okay"
}
[2023-07-29 05:03:15.172] [main] [info] 
Switched the following valves: --->
          Lucas:   Erbsen    ON -> OFF
                                   <---
Send request to pump relay:
URL:   http://192.168.1.10:80/status?auto=off
Response:
status code:   200
text:
{
 "server-name" : "pump-relay-mayson",
 "action" : "okay"
}
Send request to pump relay:
URL:   http://192.168.1.10:80/status?auto=on
Response:
status code:   200
text:
{
 "server-name" : "pump-relay-mayson",
 "action" : "okay"
}
Send request to pump relay:
URL:   http://192.168.1.10:80/status?auto=off
Response:
status code:   200
text:
{
 "server-name" : "pump-relay-mayson",
 "action" : "okay"
}
Send request to pump relay:
URL:   http://192.168.1.10:80/status?auto=on
Response:
status code:   200
text:
{
 "server-name" : "pump-relay-mayson",
 "action" : "okay"
}
[2023-07-29 05:43:35.100] [main] [info] 
--------------------------------------------------------------
Send valves at 1690602215
http://192.168.1.22:80/status?valves=0
200
{
 "server-name" : "valve-server-felix",
 "action" : "okay"
}
[2023-07-29 05:43:35.210] [main] [info] 
Switched the following valves: --->
                                   <---
[2023-07-29 05:43:35.210] [main] [info] 
--------------------------------------------------------------
Send valves at 1690602215
http://192.168.1.20:80/status?valves=0
200
{
 "server-name" : "valve-server-james",
 "action" : "okay"
}
[2023-07-29 05:43:35.312] [main] [info] 
Switched the following valves: --->
          James:   Gurken    ON -> OFF
                                   <---
[2023-07-29 05:43:35.312] [main] [info] 
--------------------------------------------------------------
Send valves at 1690602215
http://192.168.1.21:80/status?valves=0
200
{
 "server-name" : "valve-server-lucas",
 "action" : "okay"
}
[2023-07-29 05:43:35.408] [main] [info] 
Switched the following valves: --->
                                   <---
Send request to pump relay:
URL:   http://192.168.1.10:80/status?auto=off
Response:
status code:   200
text:
{
 "server-name" : "pump-relay-mayson",
 "action" : "okay"
}
[2023-07-29 05:44:05.417] [main] [info] 
--------------------------------------------------------------
Send valves at 1690602245
http://192.168.1.22:80/status?valves=1
200
{
 "server-name" : "valve-server-felix",
 "action" : "okay"
}
[2023-07-29 05:44:05.513] [main] [info] 
Switched the following valves: --->
          Felix:   Eiben-Klee   OFF -> ON 
                                   <---
[2023-07-29 05:46:05.151] [main] [info] 
--------------------------------------------------------------
Send valves at 1690602365
http://192.168.1.22:80/status?valves=0
200
{
 "server-name" : "valve-server-felix",
 "action" : "okay"
}
[2023-07-29 05:46:05.227] [main] [info] 
Switched the following valves: --->
          Felix:   Eiben-Klee    ON -> OFF
                                   <---
[2023-07-29 05:46:05.227] [main] [info] 
--------------------------------------------------------------
Send valves at 1690602365
http://192.168.1.20:80/status?valves=0
200
{
 "server-name" : "valve-server-james",
 "action" : "okay"
}
[2023-07-29 05:46:05.323] [main] [info] 
Switched the following valves: --->
                                   <---
[2023-07-29 05:46:05.323] [main] [info] 
--------------------------------------------------------------
Send valves at 1690602365
http://192.168.1.21:80/status?valves=0
200
{
 "server-name" : "valve-server-lucas",
 "action" : "okay"
}
[2023-07-29 05:46:05.435] [main] [info] 
Switched the following valves: --->
                                   <---
[2023-07-29 05:46:05.435] [main] [info] Accumulated watering times:

Felix   :          Eiben-Klee  :     36.99 min
Felix   :            Mara-alt  :     20.17 min
James   :            Karotten  :     20.16 min
James   :             Tomaten  :     20.00 min
James   :              Gurken  :     60.33 min
James   :          Kartoffeln  :     30.16 min
Lucas   :              Erbsen  :     20.00 min
Lucas   :        Heidelbeeren  :      0.00 min
Lucas   :      Bohnen-Flieder  :     25.00 min

%%%%%%%%%%     [4] Run the executable   ...DONE!
elapsed time:   7103s
=====================================================================================================
