=====================================================================================================
%%%%%%%%%%     [6] Uploading logs and go sleeping...
> sudo -u mayadm git checkout artifacts
Zu Zweig »artifacts« gewechselt
Ihr Branch ist auf demselben Stand wie 'origin/artifacts'.
> sudo -u mayadm git pull
Bereits aktuell.
> sudo -u mayadm git merge maya-productive
Bereits aktuell.
> sudo -u mayadm git add "../artifacts/logs/9157-*.log" -f
> sudo -u mayadm git add "../artifacts/logs/9156-*.log" -f
> sudo -u mayadm git commit -m "logs at 2023-07-30--06h03"
[artifacts 123656c7d] logs at 2023-07-30--06h03
 6 files changed, 303 insertions(+)
 create mode 100644 maya/artifacts/logs/9156--2023-07-30--05h22---6.log
 create mode 100644 maya/artifacts/logs/9157--2023-07-30--06h03---1.log
 create mode 100644 maya/artifacts/logs/9157--2023-07-30--06h03---2.log
 create mode 100644 maya/artifacts/logs/9157--2023-07-30--06h03---3.log
 create mode 100644 maya/artifacts/logs/9157--2023-07-30--06h03---4.log
 create mode 100644 maya/artifacts/logs/9157--2023-07-30--06h03---5.log
> sudo -u mayadm git push
To https://github.com/Necktschnagge/wired-watering
   108ef1da8..123656c7d  artifacts -> artifacts
> sudo -u mayadm git checkout maya-productive
Zu Zweig »maya-productive« gewechselt
Ihr Branch ist auf demselben Stand wie 'origin/maya-productive'.
> sudo -u mayadm git push
Everything up-to-date
##############################################################
###################                        ###################
###################     GOING TO SLEEP     ###################
###################                        ###################
##############################################################
#######                                                #######
#######   Press CTRL + C NOW to abort script safely!   #######
#######                                                #######
##############################################################
##############################################################
#######                                                #######
#######               NOW GOING TO SLEEP               #######
#######                                                #######
##############################################################
> rtcwake -m mem -s 2400
rtcwake: RTC wird als UTC interpretiert …
rtcwake: aufwachen von „mem“ durch /dev/rtc0 bei Sun Jul 30 04:44:51 2023
##############################################################
#######                                                #######
#######            just waked up from sleep            #######
#######                                                #######
##############################################################
%%%%%%%%%%     [6] Uploading logs and go sleeping   ...DONE!
elapsed time:   2426s
=====================================================================================================
