=====================================================================================================
%%%%%%%%%%     [6] Uploading logs and go sleeping...
> sudo -u mayadm git checkout artifacts
Zu Zweig »artifacts« gewechselt
Ihr Branch ist auf demselben Stand wie 'origin/artifacts'.
> sudo -u mayadm git pull
Bereits aktuell.
> sudo -u mayadm git merge maya-productive
Bereits aktuell.
> sudo -u mayadm git add "../artifacts/logs/9179-*.log" -f
> sudo -u mayadm git add "../artifacts/logs/9178-*.log" -f
> sudo -u mayadm git commit -m "logs at 2023-07-30--21h19"
[artifacts 25b0d752e] logs at 2023-07-30--21h19
 6 files changed, 306 insertions(+)
 create mode 100644 maya/artifacts/logs/9178--2023-07-30--20h38---6.log
 create mode 100644 maya/artifacts/logs/9179--2023-07-30--21h19---1.log
 create mode 100644 maya/artifacts/logs/9179--2023-07-30--21h19---2.log
 create mode 100644 maya/artifacts/logs/9179--2023-07-30--21h19---3.log
 create mode 100644 maya/artifacts/logs/9179--2023-07-30--21h19---4.log
 create mode 100644 maya/artifacts/logs/9179--2023-07-30--21h19---5.log
> sudo -u mayadm git push
To https://github.com/Necktschnagge/wired-watering
   823ccdc57..25b0d752e  artifacts -> artifacts
> sudo -u mayadm git checkout maya-productive
Zu Zweig »maya-productive« gewechselt
Ihr Branch ist auf demselben Stand wie 'origin/maya-productive'.
> sudo -u mayadm git push
Everything up-to-date
##############################################################
###################                        ###################
###################     GOING TO SLEEP     ###################
###################                        ###################
##############################################################
#######                                                #######
#######   Press CTRL + C NOW to abort script safely!   #######
#######                                                #######
##############################################################
##############################################################
#######                                                #######
#######               NOW GOING TO SLEEP               #######
#######                                                #######
##############################################################
> rtcwake -m mem -s 2400
rtcwake: RTC wird als UTC interpretiert …
rtcwake: aufwachen von „mem“ durch /dev/rtc0 bei Sun Jul 30 20:01:13 2023
##############################################################
#######                                                #######
#######            just waked up from sleep            #######
#######                                                #######
##############################################################
%%%%%%%%%%     [6] Uploading logs and go sleeping   ...DONE!
elapsed time:   2427s
=====================================================================================================
