=====================================================================================================
%%%%%%%%%%     [6] Uploading logs and go sleeping...
> sudo -u mayadm git checkout artifacts
Zu Zweig »artifacts« gewechselt
Ihr Branch ist auf demselben Stand wie 'origin/artifacts'.
> sudo -u mayadm git pull
Bereits aktuell.
> sudo -u mayadm git merge maya-productive
Bereits aktuell.
> sudo -u mayadm git add "../artifacts/logs/9222-*.log" -f
> sudo -u mayadm git add "../artifacts/logs/9221-*.log" -f
> sudo -u mayadm git commit -m "logs at 2023-08-01--03h10"
[artifacts cdc92f2af] logs at 2023-08-01--03h10
 6 files changed, 314 insertions(+)
 create mode 100644 maya/artifacts/logs/9221--2023-08-01--02h29---6.log
 create mode 100644 maya/artifacts/logs/9222--2023-08-01--03h10---1.log
 create mode 100644 maya/artifacts/logs/9222--2023-08-01--03h10---2.log
 create mode 100644 maya/artifacts/logs/9222--2023-08-01--03h10---3.log
 create mode 100644 maya/artifacts/logs/9222--2023-08-01--03h10---4.log
 create mode 100644 maya/artifacts/logs/9222--2023-08-01--03h10---5.log
> sudo -u mayadm git push
To https://github.com/Necktschnagge/wired-watering
   315444896..cdc92f2af  artifacts -> artifacts
> sudo -u mayadm git checkout maya-productive
Zu Zweig »maya-productive« gewechselt
Ihr Branch ist auf demselben Stand wie 'origin/maya-productive'.
> sudo -u mayadm git push
Everything up-to-date
##############################################################
###################                        ###################
###################     GOING TO SLEEP     ###################
###################                        ###################
##############################################################
#######                                                #######
#######   Press CTRL + C NOW to abort script safely!   #######
#######                                                #######
##############################################################
##############################################################
#######                                                #######
#######               NOW GOING TO SLEEP               #######
#######                                                #######
##############################################################
> rtcwake -m mem -s 2400
rtcwake: RTC wird als UTC interpretiert …
rtcwake: aufwachen von „mem“ durch /dev/rtc0 bei Tue Aug  1 01:52:24 2023
##############################################################
#######                                                #######
#######            just waked up from sleep            #######
#######                                                #######
##############################################################
%%%%%%%%%%     [6] Uploading logs and go sleeping   ...DONE!
elapsed time:   2426s
=====================================================================================================
