=====================================================================================================
%%%%%%%%%%     [6] Uploading logs and go sleeping...
> sudo -u mayadm git checkout artifacts
Zu Zweig »artifacts« gewechselt
Ihr Branch ist auf demselben Stand wie 'origin/artifacts'.
> sudo -u mayadm git pull
Bereits aktuell.
> sudo -u mayadm git merge maya-productive
Bereits aktuell.
> sudo -u mayadm git add "../artifacts/logs/9228-*.log" -f
> sudo -u mayadm git add "../artifacts/logs/9227-*.log" -f
> sudo -u mayadm git commit -m "logs at 2023-08-01--07h21"
[artifacts 6f603d8da] logs at 2023-08-01--07h21
 6 files changed, 302 insertions(+)
 create mode 100644 maya/artifacts/logs/9227--2023-08-01--06h39---6.log
 create mode 100644 maya/artifacts/logs/9228--2023-08-01--07h21---1.log
 create mode 100644 maya/artifacts/logs/9228--2023-08-01--07h21---2.log
 create mode 100644 maya/artifacts/logs/9228--2023-08-01--07h21---3.log
 create mode 100644 maya/artifacts/logs/9228--2023-08-01--07h21---4.log
 create mode 100644 maya/artifacts/logs/9228--2023-08-01--07h21---5.log
> sudo -u mayadm git push
To https://github.com/Necktschnagge/wired-watering
   dd8de7a39..6f603d8da  artifacts -> artifacts
> sudo -u mayadm git checkout maya-productive
Zu Zweig »maya-productive« gewechselt
Ihr Branch ist auf demselben Stand wie 'origin/maya-productive'.
> sudo -u mayadm git push
Everything up-to-date
##############################################################
###################                        ###################
###################     GOING TO SLEEP     ###################
###################                        ###################
##############################################################
#######                                                #######
#######   Press CTRL + C NOW to abort script safely!   #######
#######                                                #######
##############################################################
##############################################################
#######                                                #######
#######               NOW GOING TO SLEEP               #######
#######                                                #######
##############################################################
> rtcwake -m mem -s 2400
rtcwake: RTC wird als UTC interpretiert …
rtcwake: aufwachen von „mem“ durch /dev/rtc0 bei Tue Aug  1 06:02:33 2023
##############################################################
#######                                                #######
#######            just waked up from sleep            #######
#######                                                #######
##############################################################
%%%%%%%%%%     [6] Uploading logs and go sleeping   ...DONE!
elapsed time:   2426s
=====================================================================================================
