=====================================================================================================
%%%%%%%%%%     [6] Uploading logs and go sleeping...
> sudo -u mayadm git checkout artifacts
Zu Zweig »artifacts« gewechselt
Ihr Branch ist auf demselben Stand wie 'origin/artifacts'.
> sudo -u mayadm git pull
Bereits aktuell.
> sudo -u mayadm git merge maya-productive
Bereits aktuell.
> sudo -u mayadm git add "../artifacts/logs/9278-*.log" -f
> sudo -u mayadm git add "../artifacts/logs/9277-*.log" -f
> sudo -u mayadm git commit -m "logs at 2023-08-02--18h06"
[artifacts 19de9fbe7] logs at 2023-08-02--18h06
 6 files changed, 306 insertions(+)
 create mode 100644 maya/artifacts/logs/9277--2023-08-02--17h24---6.log
 create mode 100644 maya/artifacts/logs/9278--2023-08-02--18h06---1.log
 create mode 100644 maya/artifacts/logs/9278--2023-08-02--18h06---2.log
 create mode 100644 maya/artifacts/logs/9278--2023-08-02--18h06---3.log
 create mode 100644 maya/artifacts/logs/9278--2023-08-02--18h06---4.log
 create mode 100644 maya/artifacts/logs/9278--2023-08-02--18h06---5.log
> sudo -u mayadm git push
To https://github.com/Necktschnagge/wired-watering
   800a9c4dd..19de9fbe7  artifacts -> artifacts
> sudo -u mayadm git checkout maya-productive
Zu Zweig »maya-productive« gewechselt
Ihr Branch ist auf demselben Stand wie 'origin/maya-productive'.
> sudo -u mayadm git push
Everything up-to-date
##############################################################
###################                        ###################
###################     GOING TO SLEEP     ###################
###################                        ###################
##############################################################
#######                                                #######
#######   Press CTRL + C NOW to abort script safely!   #######
#######                                                #######
##############################################################
##############################################################
#######                                                #######
#######               NOW GOING TO SLEEP               #######
#######                                                #######
##############################################################
> rtcwake -m mem -s 2400
rtcwake: RTC wird als UTC interpretiert …
rtcwake: aufwachen von „mem“ durch /dev/rtc0 bei Wed Aug  2 16:47:38 2023
##############################################################
#######                                                #######
#######            just waked up from sleep            #######
#######                                                #######
##############################################################
%%%%%%%%%%     [6] Uploading logs and go sleeping   ...DONE!
elapsed time:   2428s
=====================================================================================================
