=====================================================================================================
%%%%%%%%%%     [4] Run the executable...
>Please note:  Even if all builds failed, the last built executable is still there and will be started!
> sudo -u mayadm ./ur-unix-run.sh
[2023-08-04 11:51:00.684] [main] [info] Pinging Pump Server Mayson...
[2023-08-04 11:51:00.783] [main] [info] Pump Server ping OK!
[2023-08-04 11:51:00.783] [main] [info] Pinging Pump Server Mayson   ...DONE!
[2023-08-04 11:51:00.783] [main] [info] Pinging all valve stations...
[2023-08-04 11:51:01.326] [main] [info] James ping OK!
[2023-08-04 11:51:01.326] [main] [info] Lucas ping OK!
[2023-08-04 11:51:01.326] [main] [info] Felix ping OK!
[2023-08-04 11:51:01.326] [main] [info] Pinging all valve stations   ...DONE!
[2023-08-04 11:51:01.326] [main] [info] Pinging Non-Existing Test Server...
[2023-08-04 11:51:04.397] [main] [info] Pinging Non-Existing Test Server OK!
[2023-08-04 11:51:04.397] [main] [info] Pinging Non-Existing Test Server   ...DONE!
[2023-08-04 11:51:04.397] [main] [info] Creating Landscape...
[2023-08-04 11:51:04.397] [main] [info] Creating Landscape...
[2023-08-04 11:51:04.397] [main] [info] Creating Felix...
[2023-08-04 11:51:04.397] [main] [info] Creating James...
[2023-08-04 11:51:04.397] [main] [info] Creating Lucas...
[2023-08-04 11:51:04.397] [main] [info] Fetching timestamp...
std::chrono::system_clock::now().time_since_epoch()   :   1691142664397631718
get_seconds_since_epoch_now(bool verbose /* true */)   :   1691142664
minutes since epoch   :   28185711
minute of day   :   591
minute of hour   :   51
hour of day   :   9
[2023-08-04 11:51:04.397] [main] [info] Checking timestamp.txt...
[2023-08-04 11:51:04.397] [main] [debug] The timestamp.txt is always written when watering is triggered. It is read to check if I was already done with watering some minutes ago.
previous time_stamp:   28185251
[2023-08-04 11:51:04.397] [main] [info] Checking timestamp.txt   ...DONE!
[2023-08-04 11:51:04.397] [main] [info] It's not time for watering now!
[2023-08-04 11:51:04.397] [main] [info] Minute Intraday:   591
[2023-08-04 11:51:04.397] [main] [info] Days since Epoch:   19573
[2023-08-04 11:51:04.397] [main] [info] Accumulated watering times:

Felix   :          Eiben-Klee  :      0.00 min
Felix   :            Mara-alt  :      0.00 min
James   :            Karotten  :      0.00 min
James   :             Tomaten  :      0.00 min
James   :              Gurken  :      0.00 min
James   :          Kartoffeln  :      0.00 min
Lucas   :              Erbsen  :      0.00 min
Lucas   :        Heidelbeeren  :      0.00 min
Lucas   :      Bohnen-Flieder  :      0.00 min

%%%%%%%%%%     [4] Run the executable   ...DONE!
elapsed time:   4s
=====================================================================================================
