=====================================================================================================
%%%%%%%%%%     [6] Uploading logs and go sleeping...
> sudo -u mayadm git checkout artifacts
Zu Zweig »artifacts« gewechselt
Ihr Branch ist auf demselben Stand wie 'origin/artifacts'.
> sudo -u mayadm git pull
Bereits aktuell.
> sudo -u mayadm git merge maya-productive
Bereits aktuell.
> sudo -u mayadm git add "../artifacts/logs/9339-*.log" -f
> sudo -u mayadm git add "../artifacts/logs/9338-*.log" -f
> sudo -u mayadm git commit -m "logs at 2023-08-04--12h31"
[artifacts 977d65819] logs at 2023-08-04--12h31
 6 files changed, 303 insertions(+)
 create mode 100644 maya/artifacts/logs/9338--2023-08-04--11h50---6.log
 create mode 100644 maya/artifacts/logs/9339--2023-08-04--12h31---1.log
 create mode 100644 maya/artifacts/logs/9339--2023-08-04--12h31---2.log
 create mode 100644 maya/artifacts/logs/9339--2023-08-04--12h31---3.log
 create mode 100644 maya/artifacts/logs/9339--2023-08-04--12h31---4.log
 create mode 100644 maya/artifacts/logs/9339--2023-08-04--12h31---5.log
> sudo -u mayadm git push
To https://github.com/Necktschnagge/wired-watering
   90cd29b4d..977d65819  artifacts -> artifacts
> sudo -u mayadm git checkout maya-productive
Zu Zweig »maya-productive« gewechselt
Ihr Branch ist auf demselben Stand wie 'origin/maya-productive'.
> sudo -u mayadm git push
Everything up-to-date
##############################################################
###################                        ###################
###################     GOING TO SLEEP     ###################
###################                        ###################
##############################################################
#######                                                #######
#######   Press CTRL + C NOW to abort script safely!   #######
#######                                                #######
##############################################################
##############################################################
#######                                                #######
#######               NOW GOING TO SLEEP               #######
#######                                                #######
##############################################################
> rtcwake -m mem -s 2400
rtcwake: RTC wird als UTC interpretiert …
rtcwake: aufwachen von „mem“ durch /dev/rtc0 bei Fri Aug  4 11:13:15 2023
##############################################################
#######                                                #######
#######            just waked up from sleep            #######
#######                                                #######
##############################################################
%%%%%%%%%%     [6] Uploading logs and go sleeping   ...DONE!
elapsed time:   2427s
=====================================================================================================
