=====================================================================================================
%%%%%%%%%%     [6] Uploading logs and go sleeping...
> sudo -u mayadm git checkout artifacts
Zu Zweig »artifacts« gewechselt
Ihr Branch ist auf demselben Stand wie 'origin/artifacts'.
> sudo -u mayadm git pull
Bereits aktuell.
> sudo -u mayadm git merge maya-productive
Bereits aktuell.
> sudo -u mayadm git add "../artifacts/logs/9366-*.log" -f
> sudo -u mayadm git add "../artifacts/logs/9365-*.log" -f
> sudo -u mayadm git commit -m "logs at 2023-08-05--07h19"
[artifacts 9fc56ecb7] logs at 2023-08-05--07h19
 6 files changed, 302 insertions(+)
 create mode 100644 maya/artifacts/logs/9365--2023-08-05--06h37---6.log
 create mode 100644 maya/artifacts/logs/9366--2023-08-05--07h19---1.log
 create mode 100644 maya/artifacts/logs/9366--2023-08-05--07h19---2.log
 create mode 100644 maya/artifacts/logs/9366--2023-08-05--07h19---3.log
 create mode 100644 maya/artifacts/logs/9366--2023-08-05--07h19---4.log
 create mode 100644 maya/artifacts/logs/9366--2023-08-05--07h19---5.log
> sudo -u mayadm git push
To https://github.com/Necktschnagge/wired-watering
   e0e13e875..9fc56ecb7  artifacts -> artifacts
> sudo -u mayadm git checkout maya-productive
Zu Zweig »maya-productive« gewechselt
Ihr Branch ist auf demselben Stand wie 'origin/maya-productive'.
> sudo -u mayadm git push
Everything up-to-date
##############################################################
###################                        ###################
###################     GOING TO SLEEP     ###################
###################                        ###################
##############################################################
#######                                                #######
#######   Press CTRL + C NOW to abort script safely!   #######
#######                                                #######
##############################################################
##############################################################
#######                                                #######
#######               NOW GOING TO SLEEP               #######
#######                                                #######
##############################################################
> rtcwake -m mem -s 2400
rtcwake: RTC wird als UTC interpretiert …
rtcwake: aufwachen von „mem“ durch /dev/rtc0 bei Sat Aug  5 06:01:03 2023
##############################################################
#######                                                #######
#######            just waked up from sleep            #######
#######                                                #######
##############################################################
%%%%%%%%%%     [6] Uploading logs and go sleeping   ...DONE!
elapsed time:   2426s
=====================================================================================================
