=====================================================================================================
%%%%%%%%%%     [6] Uploading logs and go sleeping...
> sudo -u mayadm git checkout artifacts
Zu Zweig »artifacts« gewechselt
Ihr Branch ist auf demselben Stand wie 'origin/artifacts'.
> sudo -u mayadm git pull
Bereits aktuell.
> sudo -u mayadm git merge maya-productive
Bereits aktuell.
> sudo -u mayadm git add "../artifacts/logs/9375-*.log" -f
> sudo -u mayadm git add "../artifacts/logs/9374-*.log" -f
> sudo -u mayadm git commit -m "logs at 2023-08-05--13h35"
[artifacts 6f589fd6c] logs at 2023-08-05--13h35
 6 files changed, 303 insertions(+)
 create mode 100644 maya/artifacts/logs/9374--2023-08-05--12h53---6.log
 create mode 100644 maya/artifacts/logs/9375--2023-08-05--13h35---1.log
 create mode 100644 maya/artifacts/logs/9375--2023-08-05--13h35---2.log
 create mode 100644 maya/artifacts/logs/9375--2023-08-05--13h35---3.log
 create mode 100644 maya/artifacts/logs/9375--2023-08-05--13h35---4.log
 create mode 100644 maya/artifacts/logs/9375--2023-08-05--13h35---5.log
> sudo -u mayadm git push
To https://github.com/Necktschnagge/wired-watering
   f5658b9d4..6f589fd6c  artifacts -> artifacts
> sudo -u mayadm git checkout maya-productive
Zu Zweig »maya-productive« gewechselt
Ihr Branch ist auf demselben Stand wie 'origin/maya-productive'.
> sudo -u mayadm git push
Everything up-to-date
##############################################################
###################                        ###################
###################     GOING TO SLEEP     ###################
###################                        ###################
##############################################################
#######                                                #######
#######   Press CTRL + C NOW to abort script safely!   #######
#######                                                #######
##############################################################
##############################################################
#######                                                #######
#######               NOW GOING TO SLEEP               #######
#######                                                #######
##############################################################
> rtcwake -m mem -s 2400
rtcwake: RTC wird als UTC interpretiert …
rtcwake: aufwachen von „mem“ durch /dev/rtc0 bei Sat Aug  5 12:17:03 2023
##############################################################
#######                                                #######
#######            just waked up from sleep            #######
#######                                                #######
##############################################################
%%%%%%%%%%     [6] Uploading logs and go sleeping   ...DONE!
elapsed time:   2426s
=====================================================================================================
