=====================================================================================================
%%%%%%%%%%     [4] Run the executable...
>Please note:  Even if all builds failed, the last built executable is still there and will be started!
> sudo -u mayadm ./ur-unix-run.sh
[2023-08-05 21:16:14.066] [main] [info] Pinging Pump Server Mayson...
[2023-08-05 21:16:14.144] [main] [info] Pump Server ping OK!
[2023-08-05 21:16:14.144] [main] [info] Pinging Pump Server Mayson   ...DONE!
[2023-08-05 21:16:14.144] [main] [info] Pinging all valve stations...
[2023-08-05 21:16:14.453] [main] [info] James ping OK!
[2023-08-05 21:16:14.453] [main] [info] Lucas ping OK!
[2023-08-05 21:16:14.453] [main] [info] Felix ping OK!
[2023-08-05 21:16:14.453] [main] [info] Pinging all valve stations   ...DONE!
[2023-08-05 21:16:14.453] [main] [info] Pinging Non-Existing Test Server...
[2023-08-05 21:16:17.527] [main] [info] Pinging Non-Existing Test Server OK!
[2023-08-05 21:16:17.527] [main] [info] Pinging Non-Existing Test Server   ...DONE!
[2023-08-05 21:16:17.527] [main] [info] Creating Landscape...
[2023-08-05 21:16:17.528] [main] [info] Creating Landscape...
[2023-08-05 21:16:17.528] [main] [info] Creating Felix...
[2023-08-05 21:16:17.528] [main] [info] Creating James...
[2023-08-05 21:16:17.528] [main] [info] Creating Lucas...
[2023-08-05 21:16:17.528] [main] [info] Fetching timestamp...
std::chrono::system_clock::now().time_since_epoch()   :   1691262977528064456
get_seconds_since_epoch_now(bool verbose /* true */)   :   1691262977
minutes since epoch   :   28187716
minute of day   :   1156
minute of hour   :   16
hour of day   :   19
[2023-08-05 21:16:17.528] [main] [info] Checking timestamp.txt...
[2023-08-05 21:16:17.528] [main] [debug] The timestamp.txt is always written when watering is triggered. It is read to check if I was already done with watering some minutes ago.
previous time_stamp:   28186671
[2023-08-05 21:16:17.528] [main] [info] Checking timestamp.txt   ...DONE!
[2023-08-05 21:16:17.528] [main] [info] It's not time for watering now!
[2023-08-05 21:16:17.528] [main] [info] Minute Intraday:   1156
[2023-08-05 21:16:17.528] [main] [info] Days since Epoch:   19574
[2023-08-05 21:16:17.528] [main] [info] Accumulated watering times:

Felix   :          Eiben-Klee  :      0.00 min
Felix   :            Mara-alt  :      0.00 min
James   :            Karotten  :      0.00 min
James   :             Tomaten  :      0.00 min
James   :              Gurken  :      0.00 min
James   :          Kartoffeln  :      0.00 min
Lucas   :              Erbsen  :      0.00 min
Lucas   :        Heidelbeeren  :      0.00 min
Lucas   :      Bohnen-Flieder  :      0.00 min

%%%%%%%%%%     [4] Run the executable   ...DONE!
elapsed time:   3s
=====================================================================================================
