=====================================================================================================
%%%%%%%%%%     [6] Uploading logs and go sleeping...
> sudo -u mayadm git checkout artifacts
Zu Zweig »artifacts« gewechselt
Ihr Branch ist auf demselben Stand wie 'origin/artifacts'.
> sudo -u mayadm git pull
Bereits aktuell.
> sudo -u mayadm git merge maya-productive
Bereits aktuell.
> sudo -u mayadm git add "../artifacts/logs/9405-*.log" -f
> sudo -u mayadm git add "../artifacts/logs/9404-*.log" -f
> sudo -u mayadm git commit -m "logs at 2023-08-06--10h29"
[artifacts f7dc560c9] logs at 2023-08-06--10h29
 6 files changed, 303 insertions(+)
 create mode 100644 maya/artifacts/logs/9404--2023-08-06--09h47---6.log
 create mode 100644 maya/artifacts/logs/9405--2023-08-06--10h29---1.log
 create mode 100644 maya/artifacts/logs/9405--2023-08-06--10h29---2.log
 create mode 100644 maya/artifacts/logs/9405--2023-08-06--10h29---3.log
 create mode 100644 maya/artifacts/logs/9405--2023-08-06--10h29---4.log
 create mode 100644 maya/artifacts/logs/9405--2023-08-06--10h29---5.log
> sudo -u mayadm git push
To https://github.com/Necktschnagge/wired-watering
   d4fe9d9aa..f7dc560c9  artifacts -> artifacts
> sudo -u mayadm git checkout maya-productive
Zu Zweig »maya-productive« gewechselt
Ihr Branch ist auf demselben Stand wie 'origin/maya-productive'.
> sudo -u mayadm git push
Everything up-to-date
##############################################################
###################                        ###################
###################     GOING TO SLEEP     ###################
###################                        ###################
##############################################################
#######                                                #######
#######   Press CTRL + C NOW to abort script safely!   #######
#######                                                #######
##############################################################
##############################################################
#######                                                #######
#######               NOW GOING TO SLEEP               #######
#######                                                #######
##############################################################
> rtcwake -m mem -s 2400
rtcwake: RTC wird als UTC interpretiert …
rtcwake: aufwachen von „mem“ durch /dev/rtc0 bei Sun Aug  6 09:10:49 2023
##############################################################
#######                                                #######
#######            just waked up from sleep            #######
#######                                                #######
##############################################################
%%%%%%%%%%     [6] Uploading logs and go sleeping   ...DONE!
elapsed time:   2426s
=====================================================================================================
