=====================================================================================================
%%%%%%%%%%     [6] Uploading logs and go sleeping...
> sudo -u mayadm git checkout artifacts
Zu Zweig »artifacts« gewechselt
Ihr Branch ist auf demselben Stand wie 'origin/artifacts'.
> sudo -u mayadm git pull
Bereits aktuell.
> sudo -u mayadm git merge maya-productive
Bereits aktuell.
> sudo -u mayadm git add "../artifacts/logs/9459-*.log" -f
> sudo -u mayadm git add "../artifacts/logs/9458-*.log" -f
> sudo -u mayadm git commit -m "logs at 2023-08-08--00h10"
[artifacts a02b865ed] logs at 2023-08-08--00h10
 6 files changed, 303 insertions(+)
 create mode 100644 maya/artifacts/logs/9458--2023-08-07--23h28---6.log
 create mode 100644 maya/artifacts/logs/9459--2023-08-08--00h10---1.log
 create mode 100644 maya/artifacts/logs/9459--2023-08-08--00h10---2.log
 create mode 100644 maya/artifacts/logs/9459--2023-08-08--00h10---3.log
 create mode 100644 maya/artifacts/logs/9459--2023-08-08--00h10---4.log
 create mode 100644 maya/artifacts/logs/9459--2023-08-08--00h10---5.log
> sudo -u mayadm git push
To https://github.com/Necktschnagge/wired-watering
   5f2da5c7d..a02b865ed  artifacts -> artifacts
> sudo -u mayadm git checkout maya-productive
Zu Zweig »maya-productive« gewechselt
Ihr Branch ist auf demselben Stand wie 'origin/maya-productive'.
> sudo -u mayadm git push
Everything up-to-date
##############################################################
###################                        ###################
###################     GOING TO SLEEP     ###################
###################                        ###################
##############################################################
#######                                                #######
#######   Press CTRL + C NOW to abort script safely!   #######
#######                                                #######
##############################################################
##############################################################
#######                                                #######
#######               NOW GOING TO SLEEP               #######
#######                                                #######
##############################################################
> rtcwake -m mem -s 2400
rtcwake: RTC wird als UTC interpretiert …
rtcwake: aufwachen von „mem“ durch /dev/rtc0 bei Mon Aug  7 22:51:38 2023
##############################################################
#######                                                #######
#######            just waked up from sleep            #######
#######                                                #######
##############################################################
%%%%%%%%%%     [6] Uploading logs and go sleeping   ...DONE!
elapsed time:   2426s
=====================================================================================================
