=====================================================================================================
%%%%%%%%%%     [6] Uploading logs and go sleeping...
> sudo -u mayadm git checkout artifacts
Zu Zweig »artifacts« gewechselt
Ihr Branch ist auf demselben Stand wie 'origin/artifacts'.
> sudo -u mayadm git pull
Bereits aktuell.
> sudo -u mayadm git merge maya-productive
Bereits aktuell.
> sudo -u mayadm git add "../artifacts/logs/9468-*.log" -f
> sudo -u mayadm git add "../artifacts/logs/9467-*.log" -f
> sudo -u mayadm git commit -m "logs at 2023-08-08--06h26"
[artifacts d298a40d5] logs at 2023-08-08--06h26
 6 files changed, 303 insertions(+)
 create mode 100644 maya/artifacts/logs/9467--2023-08-08--05h44---6.log
 create mode 100644 maya/artifacts/logs/9468--2023-08-08--06h26---1.log
 create mode 100644 maya/artifacts/logs/9468--2023-08-08--06h26---2.log
 create mode 100644 maya/artifacts/logs/9468--2023-08-08--06h26---3.log
 create mode 100644 maya/artifacts/logs/9468--2023-08-08--06h26---4.log
 create mode 100644 maya/artifacts/logs/9468--2023-08-08--06h26---5.log
> sudo -u mayadm git push
To https://github.com/Necktschnagge/wired-watering
   9dcac9e86..d298a40d5  artifacts -> artifacts
> sudo -u mayadm git checkout maya-productive
Zu Zweig »maya-productive« gewechselt
Ihr Branch ist auf demselben Stand wie 'origin/maya-productive'.
> sudo -u mayadm git push
Everything up-to-date
##############################################################
###################                        ###################
###################     GOING TO SLEEP     ###################
###################                        ###################
##############################################################
#######                                                #######
#######   Press CTRL + C NOW to abort script safely!   #######
#######                                                #######
##############################################################
##############################################################
#######                                                #######
#######               NOW GOING TO SLEEP               #######
#######                                                #######
##############################################################
> rtcwake -m mem -s 2400
rtcwake: RTC wird als UTC interpretiert …
rtcwake: aufwachen von „mem“ durch /dev/rtc0 bei Tue Aug  8 05:08:26 2023
##############################################################
#######                                                #######
#######            just waked up from sleep            #######
#######                                                #######
##############################################################
%%%%%%%%%%     [6] Uploading logs and go sleeping   ...DONE!
elapsed time:   2427s
=====================================================================================================
