=====================================================================================================
%%%%%%%%%%     [6] Uploading logs and go sleeping...
> sudo -u mayadm git checkout artifacts
Zu Zweig »artifacts« gewechselt
Ihr Branch ist auf demselben Stand wie 'origin/artifacts'.
> sudo -u mayadm git pull
Bereits aktuell.
> sudo -u mayadm git merge maya-productive
Bereits aktuell.
> sudo -u mayadm git add "../artifacts/logs/9474-*.log" -f
> sudo -u mayadm git add "../artifacts/logs/9473-*.log" -f
> sudo -u mayadm git commit -m "logs at 2023-08-08--10h38"
[artifacts 67c3193d7] logs at 2023-08-08--10h38
 6 files changed, 306 insertions(+)
 create mode 100644 maya/artifacts/logs/9473--2023-08-08--09h56---6.log
 create mode 100644 maya/artifacts/logs/9474--2023-08-08--10h38---1.log
 create mode 100644 maya/artifacts/logs/9474--2023-08-08--10h38---2.log
 create mode 100644 maya/artifacts/logs/9474--2023-08-08--10h38---3.log
 create mode 100644 maya/artifacts/logs/9474--2023-08-08--10h38---4.log
 create mode 100644 maya/artifacts/logs/9474--2023-08-08--10h38---5.log
> sudo -u mayadm git push
To https://github.com/Necktschnagge/wired-watering
   02cb6eb10..67c3193d7  artifacts -> artifacts
> sudo -u mayadm git checkout maya-productive
Zu Zweig »maya-productive« gewechselt
Ihr Branch ist auf demselben Stand wie 'origin/maya-productive'.
> sudo -u mayadm git push
Everything up-to-date
##############################################################
###################                        ###################
###################     GOING TO SLEEP     ###################
###################                        ###################
##############################################################
#######                                                #######
#######   Press CTRL + C NOW to abort script safely!   #######
#######                                                #######
##############################################################
##############################################################
#######                                                #######
#######               NOW GOING TO SLEEP               #######
#######                                                #######
##############################################################
> rtcwake -m mem -s 2400
rtcwake: RTC wird als UTC interpretiert …
rtcwake: aufwachen von „mem“ durch /dev/rtc0 bei Tue Aug  8 09:19:50 2023
##############################################################
#######                                                #######
#######            just waked up from sleep            #######
#######                                                #######
##############################################################
%%%%%%%%%%     [6] Uploading logs and go sleeping   ...DONE!
elapsed time:   2427s
=====================================================================================================
