=====================================================================================================
%%%%%%%%%%     [4] Run the executable...
>Please note:  Even if all builds failed, the last built executable is still there and will be started!
> sudo -u mayadm ./ur-unix-run.sh
[2023-08-10 14:20:33.111] [main] [info] Pinging Pump Server Mayson...
[2023-08-10 14:20:33.172] [main] [info] Pump Server ping OK!
[2023-08-10 14:20:33.172] [main] [info] Pinging Pump Server Mayson   ...DONE!
[2023-08-10 14:20:33.172] [main] [info] Pinging all valve stations...
[2023-08-10 14:20:34.497] [main] [info] James ping OK!
[2023-08-10 14:20:34.497] [main] [info] Lucas ping OK!
[2023-08-10 14:20:34.497] [main] [info] Felix ping OK!
[2023-08-10 14:20:34.497] [main] [info] Pinging all valve stations   ...DONE!
[2023-08-10 14:20:34.497] [main] [info] Pinging Non-Existing Test Server...
[2023-08-10 14:20:37.580] [main] [info] Pinging Non-Existing Test Server OK!
[2023-08-10 14:20:37.580] [main] [info] Pinging Non-Existing Test Server   ...DONE!
[2023-08-10 14:20:37.580] [main] [info] Creating Landscape...
[2023-08-10 14:20:37.580] [main] [info] Creating Landscape...
[2023-08-10 14:20:37.580] [main] [info] Creating Felix...
[2023-08-10 14:20:37.580] [main] [info] Creating James...
[2023-08-10 14:20:37.580] [main] [info] Creating Lucas...
[2023-08-10 14:20:37.580] [main] [info] Fetching timestamp...
std::chrono::system_clock::now().time_since_epoch()   :   1691670037580842295
get_seconds_since_epoch_now(bool verbose /* true */)   :   1691670037
minutes since epoch   :   28194500
minute of day   :   740
minute of hour   :   20
hour of day   :   12
[2023-08-10 14:20:37.580] [main] [info] Checking timestamp.txt...
[2023-08-10 14:20:37.580] [main] [debug] The timestamp.txt is always written when watering is triggered. It is read to check if I was already done with watering some minutes ago.
previous time_stamp:   28193871
[2023-08-10 14:20:37.581] [main] [info] Checking timestamp.txt   ...DONE!
[2023-08-10 14:20:37.581] [main] [info] It's not time for watering now!
[2023-08-10 14:20:37.581] [main] [info] Minute Intraday:   740
[2023-08-10 14:20:37.581] [main] [info] Days since Epoch:   19579
[2023-08-10 14:20:37.581] [main] [info] Accumulated watering times:

Felix   :          Eiben-Klee  :      0.00 min
Felix   :            Mara-alt  :      0.00 min
James   :            Karotten  :      0.00 min
James   :             Tomaten  :      0.00 min
James   :              Gurken  :      0.00 min
James   :          Kartoffeln  :      0.00 min
Lucas   :              Erbsen  :      0.00 min
Lucas   :        Heidelbeeren  :      0.00 min
Lucas   :      Bohnen-Flieder  :      0.00 min

%%%%%%%%%%     [4] Run the executable   ...DONE!
elapsed time:   4s
=====================================================================================================
