=====================================================================================================
%%%%%%%%%%     [6] Uploading logs and go sleeping...
> sudo -u mayadm git checkout artifacts
Zu Zweig »artifacts« gewechselt
Ihr Branch ist auf demselben Stand wie 'origin/artifacts'.
> sudo -u mayadm git pull
Bereits aktuell.
> sudo -u mayadm git merge maya-productive
Bereits aktuell.
> sudo -u mayadm git add "../artifacts/logs/9594-*.log" -f
> sudo -u mayadm git add "../artifacts/logs/9593-*.log" -f
> sudo -u mayadm git commit -m "logs at 2023-08-11--23h35"
[artifacts 8b0a7fa28] logs at 2023-08-11--23h35
 6 files changed, 302 insertions(+)
 create mode 100644 maya/artifacts/logs/9593--2023-08-11--22h53---6.log
 create mode 100644 maya/artifacts/logs/9594--2023-08-11--23h35---1.log
 create mode 100644 maya/artifacts/logs/9594--2023-08-11--23h35---2.log
 create mode 100644 maya/artifacts/logs/9594--2023-08-11--23h35---3.log
 create mode 100644 maya/artifacts/logs/9594--2023-08-11--23h35---4.log
 create mode 100644 maya/artifacts/logs/9594--2023-08-11--23h35---5.log
> sudo -u mayadm git push
To https://github.com/Necktschnagge/wired-watering
   d876ae6f9..8b0a7fa28  artifacts -> artifacts
> sudo -u mayadm git checkout maya-productive
Zu Zweig »maya-productive« gewechselt
Ihr Branch ist auf demselben Stand wie 'origin/maya-productive'.
> sudo -u mayadm git push
Everything up-to-date
##############################################################
###################                        ###################
###################     GOING TO SLEEP     ###################
###################                        ###################
##############################################################
#######                                                #######
#######   Press CTRL + C NOW to abort script safely!   #######
#######                                                #######
##############################################################
##############################################################
#######                                                #######
#######               NOW GOING TO SLEEP               #######
#######                                                #######
##############################################################
> rtcwake -m mem -s 2400
rtcwake: RTC wird als UTC interpretiert …
rtcwake: aufwachen von „mem“ durch /dev/rtc0 bei Fri Aug 11 22:17:21 2023
##############################################################
#######                                                #######
#######            just waked up from sleep            #######
#######                                                #######
##############################################################
%%%%%%%%%%     [6] Uploading logs and go sleeping   ...DONE!
elapsed time:   2427s
=====================================================================================================
