=====================================================================================================
%%%%%%%%%%     [6] Uploading logs and go sleeping...
> sudo -u mayadm git checkout artifacts
Zu Zweig »artifacts« gewechselt
Ihr Branch ist auf demselben Stand wie 'origin/artifacts'.
> sudo -u mayadm git pull
Bereits aktuell.
> sudo -u mayadm git merge maya-productive
Bereits aktuell.
> sudo -u mayadm git add "../artifacts/logs/9633-*.log" -f
> sudo -u mayadm git add "../artifacts/logs/9632-*.log" -f
> sudo -u mayadm git commit -m "logs at 2023-08-13--05h58"
[artifacts 1d43b0ce7] logs at 2023-08-13--05h58
 6 files changed, 303 insertions(+)
 create mode 100644 maya/artifacts/logs/9632--2023-08-13--05h15---6.log
 create mode 100644 maya/artifacts/logs/9633--2023-08-13--05h58---1.log
 create mode 100644 maya/artifacts/logs/9633--2023-08-13--05h58---2.log
 create mode 100644 maya/artifacts/logs/9633--2023-08-13--05h58---3.log
 create mode 100644 maya/artifacts/logs/9633--2023-08-13--05h58---4.log
 create mode 100644 maya/artifacts/logs/9633--2023-08-13--05h58---5.log
> sudo -u mayadm git push
To https://github.com/Necktschnagge/wired-watering
   d7f6bf714..1d43b0ce7  artifacts -> artifacts
> sudo -u mayadm git checkout maya-productive
Zu Zweig »maya-productive« gewechselt
Ihr Branch ist auf demselben Stand wie 'origin/maya-productive'.
> sudo -u mayadm git push
Everything up-to-date
##############################################################
###################                        ###################
###################     GOING TO SLEEP     ###################
###################                        ###################
##############################################################
#######                                                #######
#######   Press CTRL + C NOW to abort script safely!   #######
#######                                                #######
##############################################################
##############################################################
#######                                                #######
#######               NOW GOING TO SLEEP               #######
#######                                                #######
##############################################################
> rtcwake -m mem -s 2400
rtcwake: RTC wird als UTC interpretiert …
rtcwake: aufwachen von „mem“ durch /dev/rtc0 bei Sun Aug 13 04:40:05 2023
##############################################################
#######                                                #######
#######            just waked up from sleep            #######
#######                                                #######
##############################################################
%%%%%%%%%%     [6] Uploading logs and go sleeping   ...DONE!
elapsed time:   2427s
=====================================================================================================
