=====================================================================================================
%%%%%%%%%%     [4] Run the executable...
>Please note:  Even if all builds failed, the last built executable is still there and will be started!
> sudo -u mayadm ./ur-unix-run.sh
[2023-08-15 17:33:46.065] [main] [info] Pinging Pump Server Mayson...
[2023-08-15 17:33:46.149] [main] [info] Pump Server ping OK!
[2023-08-15 17:33:46.149] [main] [info] Pinging Pump Server Mayson   ...DONE!
[2023-08-15 17:33:46.149] [main] [info] Pinging all valve stations...
[2023-08-15 17:33:52.387] [main] [info] James ping OK!
[2023-08-15 17:33:52.387] [main] [error] Fatal: Lucas not available!
[2023-08-15 17:33:52.387] [main] [error] Fatal: Felix not available!
[2023-08-15 17:33:52.387] [main] [info] Pinging all valve stations   ...DONE!
[2023-08-15 17:33:52.387] [main] [info] Pinging Non-Existing Test Server...
[2023-08-15 17:33:55.459] [main] [info] Pinging Non-Existing Test Server OK!
[2023-08-15 17:33:55.459] [main] [info] Pinging Non-Existing Test Server   ...DONE!
[2023-08-15 17:33:55.459] [main] [info] Pinging Pump Server Mayson...
[2023-08-15 17:33:55.559] [main] [info] Pump Server ping OK!
[2023-08-15 17:33:55.559] [main] [info] Pinging Pump Server Mayson   ...DONE!
[2023-08-15 17:33:55.559] [main] [info] Pinging all valve stations...
[2023-08-15 17:33:58.942] [main] [info] James ping OK!
[2023-08-15 17:33:58.942] [main] [info] Lucas ping OK!
[2023-08-15 17:33:58.942] [main] [info] Felix ping OK!
[2023-08-15 17:33:58.942] [main] [info] Pinging all valve stations   ...DONE!
[2023-08-15 17:33:58.942] [main] [info] Pinging Non-Existing Test Server...
[2023-08-15 17:34:02.019] [main] [info] Pinging Non-Existing Test Server OK!
[2023-08-15 17:34:02.019] [main] [info] Pinging Non-Existing Test Server   ...DONE!
[2023-08-15 17:34:02.019] [main] [info] Creating Landscape...
[2023-08-15 17:34:02.019] [main] [info] Creating Landscape...
[2023-08-15 17:34:02.019] [main] [info] Creating Felix...
[2023-08-15 17:34:02.019] [main] [info] Creating James...
[2023-08-15 17:34:02.019] [main] [info] Creating Lucas...
[2023-08-15 17:34:02.019] [main] [info] Fetching timestamp...
std::chrono::system_clock::now().time_since_epoch()   :   1692113642019735179
get_seconds_since_epoch_now(bool verbose /* true */)   :   1692113642
minutes since epoch   :   28201894
minute of day   :   934
minute of hour   :   34
hour of day   :   15
[2023-08-15 17:34:02.019] [main] [info] Checking timestamp.txt...
[2023-08-15 17:34:02.019] [main] [debug] The timestamp.txt is always written when watering is triggered. It is read to check if I was already done with watering some minutes ago.
previous time_stamp:   28198171
[2023-08-15 17:34:02.049] [main] [info] Checking timestamp.txt   ...DONE!
[2023-08-15 17:34:02.049] [main] [info] It's not time for watering now!
[2023-08-15 17:34:02.049] [main] [info] Minute Intraday:   934
[2023-08-15 17:34:02.049] [main] [info] Days since Epoch:   19584
[2023-08-15 17:34:02.049] [main] [info] Accumulated watering times:

Felix   :          Eiben-Klee  :      0.00 min
Felix   :            Mara-alt  :      0.00 min
James   :            Karotten  :      0.00 min
James   :             Tomaten  :      0.00 min
James   :              Gurken  :      0.00 min
James   :          Kartoffeln  :      0.00 min
Lucas   :              Erbsen  :      0.00 min
Lucas   :        Heidelbeeren  :      0.00 min
Lucas   :      Bohnen-Flieder  :      0.00 min

%%%%%%%%%%     [4] Run the executable   ...DONE!
elapsed time:   17s
=====================================================================================================
