=====================================================================================================
%%%%%%%%%%     [5] Cleaning git working directory...
> sudo -u mayadm git add -u
> sudo -u mayadm git add *
> sudo -u mayadm git status
Auf Branch routine-b86c7e49-1692162647
nichts zu committen, Arbeitsverzeichnis unverändert
> sudo -u mayadm git reset --hard
HEAD ist jetzt bei b86c7e49c disable watering (#116)
Deleting local working branch...
> sudo -u mayadm git checkout maya-productive
Zu Zweig »maya-productive« gewechselt
Ihr Branch ist auf demselben Stand wie 'origin/maya-productive'.
> sudo -u mayadm git branch -D routine-b86c7e49-1692162647
Branch routine-b86c7e49-1692162647 entfernt (war b86c7e49c).
Finished run 9669!
Mi 16. Aug 07:10:53 CEST 2023
%%%%%%%%%%     [5] Cleaning git working directory   ...DONE!
elapsed time:   0s
=====================================================================================================
