=====================================================================================================
%%%%%%%%%%     [6] Uploading logs and go sleeping...
> sudo -u mayadm git checkout artifacts
Zu Zweig »artifacts« gewechselt
Ihr Branch ist auf demselben Stand wie 'origin/artifacts'.
> sudo -u mayadm git pull
Die Datenbank des Repositories wird für eine optimale Performance im
Hintergrund komprimiert.
Siehe "git help gc" für manuelles Aufräumen.
Bereits aktuell.
> sudo -u mayadm git merge maya-productive
Bereits aktuell.
> sudo -u mayadm git add "../artifacts/logs/9674-*.log" -f
> sudo -u mayadm git add "../artifacts/logs/9673-*.log" -f
> sudo -u mayadm git commit -m "logs at 2023-08-16--10h34"
Die Datenbank des Repositories wird für eine optimale Performance im
Hintergrund komprimiert.
Siehe "git help gc" für manuelles Aufräumen.
[artifacts 9a0b4f415] logs at 2023-08-16--10h34
 6 files changed, 312 insertions(+)
 create mode 100644 maya/artifacts/logs/9673--2023-08-16--09h53---6.log
 create mode 100644 maya/artifacts/logs/9674--2023-08-16--10h34---1.log
 create mode 100644 maya/artifacts/logs/9674--2023-08-16--10h34---2.log
 create mode 100644 maya/artifacts/logs/9674--2023-08-16--10h34---3.log
 create mode 100644 maya/artifacts/logs/9674--2023-08-16--10h34---4.log
 create mode 100644 maya/artifacts/logs/9674--2023-08-16--10h34---5.log
> sudo -u mayadm git push
To https://github.com/Necktschnagge/wired-watering
   17f31f340..9a0b4f415  artifacts -> artifacts
> sudo -u mayadm git checkout maya-productive
Zu Zweig »maya-productive« gewechselt
Ihr Branch ist auf demselben Stand wie 'origin/maya-productive'.
> sudo -u mayadm git push
Everything up-to-date
##############################################################
###################                        ###################
###################     GOING TO SLEEP     ###################
###################                        ###################
##############################################################
#######                                                #######
#######   Press CTRL + C NOW to abort script safely!   #######
#######                                                #######
##############################################################
##############################################################
#######                                                #######
#######               NOW GOING TO SLEEP               #######
#######                                                #######
##############################################################
> rtcwake -m mem -s 2400
rtcwake: RTC wird als UTC interpretiert …
rtcwake: aufwachen von „mem“ durch /dev/rtc0 bei Wed Aug 16 09:14:43 2023
##############################################################
#######                                                #######
#######            just waked up from sleep            #######
#######                                                #######
##############################################################
%%%%%%%%%%     [6] Uploading logs and go sleeping   ...DONE!
elapsed time:   2427s
=====================================================================================================
