=====================================================================================================
%%%%%%%%%%     [4] Run the executable...
>Please note:  Even if all builds failed, the last built executable is still there and will be started!
> sudo -u mayadm ./ur-unix-run.sh
[2023-08-22 16:43:39.965] [main] [info] Pinging Pump Server Mayson...
[2023-08-22 16:43:40.019] [main] [info] Pump Server ping OK!
[2023-08-22 16:43:40.019] [main] [info] Pinging Pump Server Mayson   ...DONE!
[2023-08-22 16:43:40.019] [main] [info] Pinging all valve stations...
[2023-08-22 16:43:40.327] [main] [info] James ping OK!
[2023-08-22 16:43:40.327] [main] [info] Lucas ping OK!
[2023-08-22 16:43:40.327] [main] [info] Felix ping OK!
[2023-08-22 16:43:40.327] [main] [info] Pinging all valve stations   ...DONE!
[2023-08-22 16:43:40.327] [main] [info] Pinging Non-Existing Test Server...
[2023-08-22 16:43:43.389] [main] [info] Pinging Non-Existing Test Server OK!
[2023-08-22 16:43:43.389] [main] [info] Pinging Non-Existing Test Server   ...DONE!
[2023-08-22 16:43:43.389] [main] [info] Creating Landscape...
[2023-08-22 16:43:43.389] [main] [info] Creating Landscape...
[2023-08-22 16:43:43.389] [main] [info] Creating Felix...
[2023-08-22 16:43:43.389] [main] [info] Creating James...
[2023-08-22 16:43:43.389] [main] [info] Creating Lucas...
[2023-08-22 16:43:43.389] [main] [info] Fetching timestamp...
std::chrono::system_clock::now().time_since_epoch()   :   1692715423389491542
get_seconds_since_epoch_now(bool verbose /* true */)   :   1692715423
minutes since epoch   :   28211923
minute of day   :   883
minute of hour   :   43
hour of day   :   14
[2023-08-22 16:43:43.389] [main] [info] Checking timestamp.txt...
[2023-08-22 16:43:43.389] [main] [debug] The timestamp.txt is always written when watering is triggered. It is read to check if I was already done with watering some minutes ago.
previous time_stamp:   28211154
[2023-08-22 16:43:43.389] [main] [info] Checking timestamp.txt   ...DONE!
[2023-08-22 16:43:43.389] [main] [info] It's not time for watering now!
[2023-08-22 16:43:43.389] [main] [info] Minute Intraday:   883
[2023-08-22 16:43:43.389] [main] [info] Days since Epoch:   19591
[2023-08-22 16:43:43.389] [main] [info] Accumulated watering times:

Felix   :          Eiben-Klee  :      0.00 min
Felix   :            Mara-alt  :      0.00 min
James   :            Karotten  :      0.00 min
James   :             Tomaten  :      0.00 min
James   :              Gurken  :      0.00 min
James   :          Kartoffeln  :      0.00 min
Lucas   :              Erbsen  :      0.00 min
Lucas   :        Heidelbeeren  :      0.00 min
Lucas   :      Bohnen-Flieder  :      0.00 min

%%%%%%%%%%     [4] Run the executable   ...DONE!
elapsed time:   4s
=====================================================================================================
