=====================================================================================================
%%%%%%%%%%     [6] Uploading logs and go sleeping...
> sudo -u mayadm git checkout artifacts
Zu Zweig »artifacts« gewechselt
Ihr Branch ist auf demselben Stand wie 'origin/artifacts'.
> sudo -u mayadm git pull
Bereits aktuell.
> sudo -u mayadm git merge maya-productive
Bereits aktuell.
> sudo -u mayadm git add "../artifacts/logs/9902-*.log" -f
> sudo -u mayadm git add "../artifacts/logs/9901-*.log" -f
> sudo -u mayadm git commit -m "logs at 2023-08-23--02h12"
[artifacts 7f3d328c9] logs at 2023-08-23--02h12
 6 files changed, 303 insertions(+)
 create mode 100644 maya/artifacts/logs/9901--2023-08-23--01h32---6.log
 create mode 100644 maya/artifacts/logs/9902--2023-08-23--02h12---1.log
 create mode 100644 maya/artifacts/logs/9902--2023-08-23--02h12---2.log
 create mode 100644 maya/artifacts/logs/9902--2023-08-23--02h12---3.log
 create mode 100644 maya/artifacts/logs/9902--2023-08-23--02h12---4.log
 create mode 100644 maya/artifacts/logs/9902--2023-08-23--02h12---5.log
> sudo -u mayadm git push
To https://github.com/Necktschnagge/wired-watering
   d656ea62f..7f3d328c9  artifacts -> artifacts
> sudo -u mayadm git checkout maya-productive
Zu Zweig »maya-productive« gewechselt
Ihr Branch ist auf demselben Stand wie 'origin/maya-productive'.
> sudo -u mayadm git push
Everything up-to-date
##############################################################
###################                        ###################
###################     GOING TO SLEEP     ###################
###################                        ###################
##############################################################
#######                                                #######
#######   Press CTRL + C NOW to abort script safely!   #######
#######                                                #######
##############################################################
##############################################################
#######                                                #######
#######               NOW GOING TO SLEEP               #######
#######                                                #######
##############################################################
> rtcwake -m mem -s 2400
rtcwake: RTC wird als UTC interpretiert …
rtcwake: aufwachen von „mem“ durch /dev/rtc0 bei Wed Aug 23 00:53:20 2023
##############################################################
#######                                                #######
#######            just waked up from sleep            #######
#######                                                #######
##############################################################
%%%%%%%%%%     [6] Uploading logs and go sleeping   ...DONE!
elapsed time:   2425s
=====================================================================================================
