=====================================================================================================
%%%%%%%%%%     [4] Run the executable...
>Please note:  Even if all builds failed, the last built executable is still there and will be started!
> sudo -u mayadm ./ur-unix-run.sh
[2023-08-25 22:01:40.562] [main] [info] Pinging Pump Server Mayson...
[2023-08-25 22:01:40.686] [main] [info] Pump Server ping OK!
[2023-08-25 22:01:40.686] [main] [info] Pinging Pump Server Mayson   ...DONE!
[2023-08-25 22:01:40.686] [main] [info] Pinging all valve stations...
[2023-08-25 22:01:40.996] [main] [info] James ping OK!
[2023-08-25 22:01:40.996] [main] [info] Lucas ping OK!
[2023-08-25 22:01:40.996] [main] [info] Felix ping OK!
[2023-08-25 22:01:40.996] [main] [info] Pinging all valve stations   ...DONE!
[2023-08-25 22:01:40.996] [main] [info] Pinging Non-Existing Test Server...
[2023-08-25 22:01:44.051] [main] [info] Pinging Non-Existing Test Server OK!
[2023-08-25 22:01:44.051] [main] [info] Pinging Non-Existing Test Server   ...DONE!
[2023-08-25 22:01:44.051] [main] [info] Creating Landscape...
[2023-08-25 22:01:44.051] [main] [info] Creating Landscape...
[2023-08-25 22:01:44.051] [main] [info] Creating Felix...
[2023-08-25 22:01:44.051] [main] [info] Creating James...
[2023-08-25 22:01:44.051] [main] [info] Creating Lucas...
[2023-08-25 22:01:44.051] [main] [info] Fetching timestamp...
std::chrono::system_clock::now().time_since_epoch()   :   1692993704051672928
get_seconds_since_epoch_now(bool verbose /* true */)   :   1692993704
minutes since epoch   :   28216561
minute of day   :   1201
minute of hour   :   1
hour of day   :   20
[2023-08-25 22:01:44.051] [main] [info] Checking timestamp.txt...
[2023-08-25 22:01:44.051] [main] [debug] The timestamp.txt is always written when watering is triggered. It is read to check if I was already done with watering some minutes ago.
previous time_stamp:   28215480
[2023-08-25 22:01:44.051] [main] [info] Checking timestamp.txt   ...DONE!
[2023-08-25 22:01:44.051] [main] [info] It's not time for watering now!
[2023-08-25 22:01:44.051] [main] [info] Minute Intraday:   1201
[2023-08-25 22:01:44.051] [main] [info] Days since Epoch:   19594
[2023-08-25 22:01:44.052] [main] [info] Accumulated watering times:

Felix   :          Eiben-Klee  :      0.00 min
Felix   :            Mara-alt  :      0.00 min
James   :            Karotten  :      0.00 min
James   :             Tomaten  :      0.00 min
James   :              Gurken  :      0.00 min
James   :          Kartoffeln  :      0.00 min
Lucas   :              Erbsen  :      0.00 min
Lucas   :        Heidelbeeren  :      0.00 min
Lucas   :      Bohnen-Flieder  :      0.00 min

%%%%%%%%%%     [4] Run the executable   ...DONE!
elapsed time:   4s
=====================================================================================================
