=====================================================================================================
=====================================================================================================
===     Starting with run #1...
=====================================================================================================
=====================================================================================================
> echo "1" | sudo -u mayadm tee ~/repos/logs/counter.info
tee: '~/repos/logs/counter.info': Datei oder Verzeichnis nicht gefunden
1
> date
So 19. Jun 15:15:07 CEST 2022
> ./maya_connect_internet_usb0.sh
RTNETLINK answers: File exists
Connecting to internet via usb0 tethering successful.
=====================================================================================================
%%%%%%%%%%     [1] Cleaning working directory...
> sudo -u mayadm git branch
  artifacts
  main
* maya-productive
> sudo -u mayadm git status
Auf Branch maya-productive
Ihr Branch ist auf demselben Stand wie 'origin/maya-productive'.

nichts zu committen, Arbeitsverzeichnis unverändert
> sudo -u mayadm git add -u; sudo -u mayadm git add *
> sudo -u mayadm git status
Auf Branch maya-productive
Ihr Branch ist auf demselben Stand wie 'origin/maya-productive'.

nichts zu committen, Arbeitsverzeichnis unverändert
Checking if there are uncommitted changes...
> sudo -u mayadm git update-index --refresh && sudo -u mayadm git diff-index --quiet HEAD --
> sudo -u mayadm git reset --hard;
HEAD ist jetzt bei 3c0c004 always load run counter
%%%%%%%%%%     [1] Cleaning working directory   ...DONE!
=====================================================================================================
