[maya-productive e8f6dd3] upload logs
 6 files changed, 188 insertions(+)
 create mode 100644 maya/artifacts/logs/1044--2022-06-16--19h18---1.log
 create mode 100644 maya/artifacts/logs/1044--2022-06-16--19h18---2.log
 create mode 100644 maya/artifacts/logs/1044--2022-06-16--19h18---3.log
 create mode 100644 maya/artifacts/logs/1044--2022-06-16--19h18---4.log
 create mode 100644 maya/artifacts/logs/1044--2022-06-16--19h18---5.log
 create mode 100644 maya/artifacts/logs/1044--2022-06-16--19h18---6.log
Bereits aktuell.
To https://github.com/Necktschnagge/wired-watering
   dfef21b..e8f6dd3  maya-productive -> maya-productive
Bereits auf 'maya-productive'
Ihr Branch ist auf demselben Stand wie 'origin/maya-productive'.
Everything up-to-date
##############################################################
###################                        ###################
###################     GOING TO SLEEP     ###################
###################                        ###################
##############################################################
#######                                                #######
#######   Press CTRL + C NOW to abort script safely!   #######
#######                                                #######
##############################################################
##############################################################
#######                                                #######
#######               NOW GOING TO SLEEP               #######
#######                                                #######
##############################################################
> rtcwake -m mem -s 300
rtcwake: RTC wird als UTC interpretiert …
rtcwake: aufwachen von „mem“ durch /dev/rtc0 bei Thu Jun 16 17:23:46 2022
##############################################################
#######                                                #######
#######            just waked up from sleep            #######
#######                                                #######
##############################################################
