[maya-productive d6ef1a1] upload logs
 5 files changed, 188 insertions(+)
 create mode 100644 maya/artifacts/logs/1107--2022-06-17--01h11---1.log
 create mode 100644 maya/artifacts/logs/1107--2022-06-17--01h11---2.log
 create mode 100644 maya/artifacts/logs/1107--2022-06-17--01h11---3.log
 create mode 100644 maya/artifacts/logs/1107--2022-06-17--01h11---4.log
 create mode 100644 maya/artifacts/logs/1107--2022-06-17--01h11---5.log
Bereits aktuell.
To https://github.com/Necktschnagge/wired-watering
   fea266d..d6ef1a1  maya-productive -> maya-productive
Bereits auf 'maya-productive'
Ihr Branch ist auf demselben Stand wie 'origin/maya-productive'.
Everything up-to-date
##############################################################
###################                        ###################
###################     GOING TO SLEEP     ###################
###################                        ###################
##############################################################
#######                                                #######
#######   Press CTRL + C NOW to abort script safely!   #######
#######                                                #######
##############################################################
##############################################################
#######                                                #######
#######               NOW GOING TO SLEEP               #######
#######                                                #######
##############################################################
> rtcwake -m mem -s 300
rtcwake: RTC wird als UTC interpretiert …
rtcwake: aufwachen von „mem“ durch /dev/rtc0 bei Thu Jun 16 23:17:12 2022
##############################################################
#######                                                #######
#######            just waked up from sleep            #######
#######                                                #######
##############################################################
