[maya-productive 8a942d8] upload logs
 7 files changed, 223 insertions(+)
 create mode 100644 maya/artifacts/logs/1116--2022-06-17--02h05---6.log
 create mode 100644 maya/artifacts/logs/1117--2022-06-17--02h10---1.log
 create mode 100644 maya/artifacts/logs/1117--2022-06-17--02h10---2.log
 create mode 100644 maya/artifacts/logs/1117--2022-06-17--02h10---3.log
 create mode 100644 maya/artifacts/logs/1117--2022-06-17--02h10---4.log
 create mode 100644 maya/artifacts/logs/1117--2022-06-17--02h10---5.log
 create mode 100644 maya/artifacts/logs/1117--2022-06-17--02h10---6.log
Bereits aktuell.
To https://github.com/Necktschnagge/wired-watering
   6b96516..8a942d8  maya-productive -> maya-productive
Bereits auf 'maya-productive'
Ihr Branch ist auf demselben Stand wie 'origin/maya-productive'.
Everything up-to-date
##############################################################
###################                        ###################
###################     GOING TO SLEEP     ###################
###################                        ###################
##############################################################
#######                                                #######
#######   Press CTRL + C NOW to abort script safely!   #######
#######                                                #######
##############################################################
##############################################################
#######                                                #######
#######               NOW GOING TO SLEEP               #######
#######                                                #######
##############################################################
> rtcwake -m mem -s 300
rtcwake: RTC wird als UTC interpretiert …
rtcwake: aufwachen von „mem“ durch /dev/rtc0 bei Fri Jun 17 00:16:30 2022
##############################################################
#######                                                #######
#######            just waked up from sleep            #######
#######                                                #######
##############################################################
