[maya-productive 5dcca70] upload logs
 6 files changed, 188 insertions(+)
 create mode 100644 maya/artifacts/logs/1142--2022-06-17--04h53---1.log
 create mode 100644 maya/artifacts/logs/1142--2022-06-17--04h53---2.log
 create mode 100644 maya/artifacts/logs/1142--2022-06-17--04h53---3.log
 create mode 100644 maya/artifacts/logs/1142--2022-06-17--04h53---4.log
 create mode 100644 maya/artifacts/logs/1142--2022-06-17--04h53---5.log
 create mode 100644 maya/artifacts/logs/1142--2022-06-17--04h53---6.log
Bereits aktuell.
To https://github.com/Necktschnagge/wired-watering
   8005ee4..5dcca70  maya-productive -> maya-productive
Bereits auf 'maya-productive'
Ihr Branch ist auf demselben Stand wie 'origin/maya-productive'.
Everything up-to-date
##############################################################
###################                        ###################
###################     GOING TO SLEEP     ###################
###################                        ###################
##############################################################
#######                                                #######
#######   Press CTRL + C NOW to abort script safely!   #######
#######                                                #######
##############################################################
##############################################################
#######                                                #######
#######               NOW GOING TO SLEEP               #######
#######                                                #######
##############################################################
> rtcwake -m mem -s 300
rtcwake: RTC wird als UTC interpretiert …
rtcwake: aufwachen von „mem“ durch /dev/rtc0 bei Fri Jun 17 02:58:55 2022
##############################################################
#######                                                #######
#######            just waked up from sleep            #######
#######                                                #######
##############################################################
