[maya-productive c9aa2a3] upload logs
 7 files changed, 223 insertions(+)
 create mode 100644 maya/artifacts/logs/1166--2022-06-17--07h07---6.log
 create mode 100644 maya/artifacts/logs/1167--2022-06-17--07h13---1.log
 create mode 100644 maya/artifacts/logs/1167--2022-06-17--07h13---2.log
 create mode 100644 maya/artifacts/logs/1167--2022-06-17--07h13---3.log
 create mode 100644 maya/artifacts/logs/1167--2022-06-17--07h13---4.log
 create mode 100644 maya/artifacts/logs/1167--2022-06-17--07h13---5.log
 create mode 100644 maya/artifacts/logs/1167--2022-06-17--07h13---6.log
Bereits aktuell.
To https://github.com/Necktschnagge/wired-watering
   a5eafb5..c9aa2a3  maya-productive -> maya-productive
Bereits auf 'maya-productive'
Ihr Branch ist auf demselben Stand wie 'origin/maya-productive'.
Everything up-to-date
##############################################################
###################                        ###################
###################     GOING TO SLEEP     ###################
###################                        ###################
##############################################################
#######                                                #######
#######   Press CTRL + C NOW to abort script safely!   #######
#######                                                #######
##############################################################
##############################################################
#######                                                #######
#######               NOW GOING TO SLEEP               #######
#######                                                #######
##############################################################
> rtcwake -m mem -s 300
rtcwake: RTC wird als UTC interpretiert …
rtcwake: aufwachen von „mem“ durch /dev/rtc0 bei Fri Jun 17 05:19:06 2022
##############################################################
#######                                                #######
#######            just waked up from sleep            #######
#######                                                #######
##############################################################
