[maya-productive d11c4bc] upload logs
 6 files changed, 188 insertions(+)
 create mode 100644 maya/artifacts/logs/1170--2022-06-17--07h30---1.log
 create mode 100644 maya/artifacts/logs/1170--2022-06-17--07h30---2.log
 create mode 100644 maya/artifacts/logs/1170--2022-06-17--07h30---3.log
 create mode 100644 maya/artifacts/logs/1170--2022-06-17--07h30---4.log
 create mode 100644 maya/artifacts/logs/1170--2022-06-17--07h30---5.log
 create mode 100644 maya/artifacts/logs/1170--2022-06-17--07h30---6.log
Bereits aktuell.
To https://github.com/Necktschnagge/wired-watering
   b84a669..d11c4bc  maya-productive -> maya-productive
Bereits auf 'maya-productive'
Ihr Branch ist auf demselben Stand wie 'origin/maya-productive'.
Everything up-to-date
##############################################################
###################                        ###################
###################     GOING TO SLEEP     ###################
###################                        ###################
##############################################################
#######                                                #######
#######   Press CTRL + C NOW to abort script safely!   #######
#######                                                #######
##############################################################
##############################################################
#######                                                #######
#######               NOW GOING TO SLEEP               #######
#######                                                #######
##############################################################
> rtcwake -m mem -s 300
rtcwake: RTC wird als UTC interpretiert …
rtcwake: aufwachen von „mem“ durch /dev/rtc0 bei Fri Jun 17 05:35:58 2022
##############################################################
#######                                                #######
#######            just waked up from sleep            #######
#######                                                #######
##############################################################
