[maya-productive 8b8b095] upload logs
 7 files changed, 223 insertions(+)
 create mode 100644 maya/artifacts/logs/1184--2022-06-17--08h48---6.log
 create mode 100644 maya/artifacts/logs/1185--2022-06-17--08h54---1.log
 create mode 100644 maya/artifacts/logs/1185--2022-06-17--08h54---2.log
 create mode 100644 maya/artifacts/logs/1185--2022-06-17--08h54---3.log
 create mode 100644 maya/artifacts/logs/1185--2022-06-17--08h54---4.log
 create mode 100644 maya/artifacts/logs/1185--2022-06-17--08h54---5.log
 create mode 100644 maya/artifacts/logs/1185--2022-06-17--08h54---6.log
Bereits aktuell.
To https://github.com/Necktschnagge/wired-watering
   40350c7..8b8b095  maya-productive -> maya-productive
Bereits auf 'maya-productive'
Ihr Branch ist auf demselben Stand wie 'origin/maya-productive'.
Everything up-to-date
##############################################################
###################                        ###################
###################     GOING TO SLEEP     ###################
###################                        ###################
##############################################################
#######                                                #######
#######   Press CTRL + C NOW to abort script safely!   #######
#######                                                #######
##############################################################
##############################################################
#######                                                #######
#######               NOW GOING TO SLEEP               #######
#######                                                #######
##############################################################
> rtcwake -m mem -s 300
rtcwake: RTC wird als UTC interpretiert …
rtcwake: aufwachen von „mem“ durch /dev/rtc0 bei Fri Jun 17 07:00:08 2022
##############################################################
#######                                                #######
#######            just waked up from sleep            #######
#######                                                #######
##############################################################
