[maya-productive eef3f1a] upload logs
 6 files changed, 188 insertions(+)
 create mode 100644 maya/artifacts/logs/1203--2022-06-17--10h35---1.log
 create mode 100644 maya/artifacts/logs/1203--2022-06-17--10h35---2.log
 create mode 100644 maya/artifacts/logs/1203--2022-06-17--10h35---3.log
 create mode 100644 maya/artifacts/logs/1203--2022-06-17--10h35---4.log
 create mode 100644 maya/artifacts/logs/1203--2022-06-17--10h35---5.log
 create mode 100644 maya/artifacts/logs/1203--2022-06-17--10h35---6.log
Bereits aktuell.
To https://github.com/Necktschnagge/wired-watering
   4db4389..eef3f1a  maya-productive -> maya-productive
Bereits auf 'maya-productive'
Ihr Branch ist auf demselben Stand wie 'origin/maya-productive'.
Everything up-to-date
##############################################################
###################                        ###################
###################     GOING TO SLEEP     ###################
###################                        ###################
##############################################################
#######                                                #######
#######   Press CTRL + C NOW to abort script safely!   #######
#######                                                #######
##############################################################
##############################################################
#######                                                #######
#######               NOW GOING TO SLEEP               #######
#######                                                #######
##############################################################
> rtcwake -m mem -s 300
rtcwake: RTC wird als UTC interpretiert …
rtcwake: aufwachen von „mem“ durch /dev/rtc0 bei Fri Jun 17 08:41:23 2022
##############################################################
#######                                                #######
#######            just waked up from sleep            #######
#######                                                #######
##############################################################
