[maya-productive a28e065] upload logs
 6 files changed, 188 insertions(+)
 create mode 100644 maya/artifacts/logs/1243--2022-06-17--16h36---1.log
 create mode 100644 maya/artifacts/logs/1243--2022-06-17--16h36---2.log
 create mode 100644 maya/artifacts/logs/1243--2022-06-17--16h36---3.log
 create mode 100644 maya/artifacts/logs/1243--2022-06-17--16h36---4.log
 create mode 100644 maya/artifacts/logs/1243--2022-06-17--16h36---5.log
 create mode 100644 maya/artifacts/logs/1243--2022-06-17--16h36---6.log
Bereits aktuell.
To https://github.com/Necktschnagge/wired-watering
   3e7dc53..a28e065  maya-productive -> maya-productive
Bereits auf 'maya-productive'
Ihr Branch ist auf demselben Stand wie 'origin/maya-productive'.
Everything up-to-date
##############################################################
###################                        ###################
###################     GOING TO SLEEP     ###################
###################                        ###################
##############################################################
#######                                                #######
#######   Press CTRL + C NOW to abort script safely!   #######
#######                                                #######
##############################################################
##############################################################
#######                                                #######
#######               NOW GOING TO SLEEP               #######
#######                                                #######
##############################################################
> rtcwake -m mem -s 3000
rtcwake: RTC wird als UTC interpretiert …
rtcwake: aufwachen von „mem“ durch /dev/rtc0 bei Fri Jun 17 15:26:37 2022
##############################################################
#######                                                #######
#######            just waked up from sleep            #######
#######                                                #######
##############################################################
