=====================================================================================================
%%%%%%%%%%     [6] Uploading logs and go sleeping...
> sudo -u mayadm git add "../artifacts/logs/1274-*.log" -f
> sudo -u mayadm git add "../artifacts/logs/1273-*.log" -f
> sudo -u mayadm git commit -m "logs at 2022-06-17--20h54"
[maya-productive f90ece9] logs at 2022-06-17--20h54
 6 files changed, 236 insertions(+)
 create mode 100644 maya/artifacts/logs/1273--2022-06-17--20h49---6.log
 create mode 100644 maya/artifacts/logs/1274--2022-06-17--20h54---1.log
 create mode 100644 maya/artifacts/logs/1274--2022-06-17--20h54---2.log
 create mode 100644 maya/artifacts/logs/1274--2022-06-17--20h54---3.log
 create mode 100644 maya/artifacts/logs/1274--2022-06-17--20h54---4.log
 create mode 100644 maya/artifacts/logs/1274--2022-06-17--20h54---5.log
> sudo -u mayadm git pull
Bereits aktuell.
> sudo -u mayadm git push
To https://github.com/Necktschnagge/wired-watering
   3f46028..f90ece9  maya-productive -> maya-productive
> sudo -u mayadm git checkout maya-productive
Bereits auf 'maya-productive'
Ihr Branch ist auf demselben Stand wie 'origin/maya-productive'.
> sudo -u mayadm git push
Everything up-to-date
##############################################################
###################                        ###################
###################     GOING TO SLEEP     ###################
###################                        ###################
##############################################################
#######                                                #######
#######   Press CTRL + C NOW to abort script safely!   #######
#######                                                #######
##############################################################
