=====================================================================================================
%%%%%%%%%%     [6] Uploading logs and go sleeping...
Zu Zweig »artifacts« gewechselt
Ihr Branch ist auf demselben Stand wie 'origin/artifacts'.
> sudo -u mayadm git add "../artifacts/logs/1297-*.log" -f
> sudo -u mayadm git add "../artifacts/logs/1296-*.log" -f
> sudo -u mayadm git commit -m "logs at 2022-06-18--03h12"
[artifacts c737c7f] logs at 2022-06-18--03h12
 6 files changed, 253 insertions(+)
 create mode 100644 maya/artifacts/logs/1296--2022-06-18--02h51---6.log
 create mode 100644 maya/artifacts/logs/1297--2022-06-18--03h12---1.log
 create mode 100644 maya/artifacts/logs/1297--2022-06-18--03h12---2.log
 create mode 100644 maya/artifacts/logs/1297--2022-06-18--03h12---3.log
 create mode 100644 maya/artifacts/logs/1297--2022-06-18--03h12---4.log
 create mode 100644 maya/artifacts/logs/1297--2022-06-18--03h12---5.log
> sudo -u mayadm git pull
Bereits aktuell.
> sudo -u mayadm git push
To https://github.com/Necktschnagge/wired-watering
   d23665b..c737c7f  artifacts -> artifacts
> sudo -u mayadm git checkout maya-productive
Zu Zweig »maya-productive« gewechselt
Ihr Branch ist auf demselben Stand wie 'origin/maya-productive'.
> sudo -u mayadm git push
Everything up-to-date
##############################################################
###################                        ###################
###################     GOING TO SLEEP     ###################
###################                        ###################
##############################################################
#######                                                #######
#######   Press CTRL + C NOW to abort script safely!   #######
#######                                                #######
##############################################################
##############################################################
#######                                                #######
#######               NOW GOING TO SLEEP               #######
#######                                                #######
##############################################################
> rtcwake -m mem -s 1200
rtcwake: RTC wird als UTC interpretiert …
rtcwake: aufwachen von „mem“ durch /dev/rtc0 bei Sat Jun 18 01:32:33 2022
##############################################################
#######                                                #######
#######            just waked up from sleep            #######
#######                                                #######
##############################################################
%%%%%%%%%%     [6] Uploading logs and go sleeping   ...DONE!
=====================================================================================================
