=====================================================================================================
=====================================================================================================
===     Starting with run #1301...
=====================================================================================================
=====================================================================================================
> echo "1301" | sudo -u mayadm tee ../artifacts/counter.info
1301
> date
Sa 18. Jun 05:21:40 CEST 2022
> ./maya_connect_internet_usb0.sh
RTNETLINK answers: File exists
Connecting to internet via usb0 tethering successful.
=====================================================================================================
%%%%%%%%%%     [1] Cleaning working directory...
> sudo -u mayadm git branch
  artifacts
  dev--
  master
  maya-fallback
* maya-productive
  nchain
> sudo -u mayadm git status
Auf Branch maya-productive
Ihr Branch ist auf demselben Stand wie 'origin/maya-productive'.

nichts zu committen, Arbeitsverzeichnis unverändert
> sudo -u mayadm git add -u; sudo -u mayadm git add *
> sudo -u mayadm git status
Auf Branch maya-productive
Ihr Branch ist auf demselben Stand wie 'origin/maya-productive'.

nichts zu committen, Arbeitsverzeichnis unverändert
Checking if there are uncommitted changes...
> sudo -u mayadm git update-index --refresh && sudo -u mayadm git diff-index --quiet HEAD --
> sudo -u mayadm git reset --hard;
HEAD ist jetzt bei 0a678eb Merge remote-tracking branch 'origin/main' into maya-productive
%%%%%%%%%%     [1] Cleaning working directory   ...DONE!
=====================================================================================================
