=====================================================================================================
%%%%%%%%%%     [5] Cleaning git working directory...
> sudo -u mayadm git add -u
> sudo -u mayadm git add *
> sudo -u mayadm git status
Auf Branch routine-14a5c95d-1655616343
nichts zu committen, Arbeitsverzeichnis unverändert
> sudo -u mayadm git reset --hard
HEAD ist jetzt bei 93efe33 adjust sleep time to 1200s
Deleting local working branch...
> sudo -u mayadm git checkout maya-productive
Zu Zweig »maya-productive« gewechselt
Ihr Branch ist 2 Commits hinter 'origin/maya-productive', und kann vorgespult werden.
  (benutzen Sie "git pull", um Ihren lokalen Branch zu aktualisieren)
> sudo -u mayadm git branch -D routine-14a5c95d-1655616343
Branch routine-14a5c95d-1655616343 entfernt (war 93efe33).
Finished run 1359!
So 19. Jun 09:02:07 CEST 2022
%%%%%%%%%%     [5] Cleaning git working directory   ...DONE!
=====================================================================================================
