=====================================================================================================
=====================================================================================================
===     Starting with run #1391...
=====================================================================================================
=====================================================================================================
> echo "1391" | sudo -u mayadm tee /home/mayadm/repos/logs/counter.info
1391
> date
So 19. Jun 23:54:37 CEST 2022
> ./maya_connect_internet_usb0.sh
RTNETLINK answers: File exists
Connecting to internet via usb0 tethering successful.
=====================================================================================================
%%%%%%%%%%     [1] Cleaning working directory...
> sudo -u mayadm git branch
  artifacts
  main
  maya-fallback
* maya-productive
> sudo -u mayadm git status
Auf Branch maya-productive
Ihr Branch ist auf demselben Stand wie 'origin/maya-productive'.

nichts zu committen, Arbeitsverzeichnis unverändert
> sudo -u mayadm git add -u; sudo -u mayadm git add *
> sudo -u mayadm git status
Auf Branch maya-productive
Ihr Branch ist auf demselben Stand wie 'origin/maya-productive'.

nichts zu committen, Arbeitsverzeichnis unverändert
Checking if there are uncommitted changes...
> sudo -u mayadm git update-index --refresh && sudo -u mayadm git diff-index --quiet HEAD --
> sudo -u mayadm git reset --hard;
HEAD ist jetzt bei 4b04315 Merge pull request #27 from Necktschnagge/update-summer-schedule
%%%%%%%%%%     [1] Cleaning working directory   ...DONE!
elapsed time:   0s
=====================================================================================================
