=====================================================================================================
%%%%%%%%%%     [6] Uploading logs and go sleeping...
> sudo -u mayadm git checkout artifacts
Zu Zweig »artifacts« gewechselt
Ihr Branch ist auf demselben Stand wie 'origin/artifacts'.
> sudo -u mayadm git pull
Bereits aktuell.
> sudo -u mayadm git merge maya-productive
Bereits aktuell.
> sudo -u mayadm git add "../artifacts/logs/1512-*.log" -f
> sudo -u mayadm git add "../artifacts/logs/1511-*.log" -f
> sudo -u mayadm git commit -m "logs at 2022-06-21--19h21"
[artifacts 5fe968e] logs at 2022-06-21--19h21
 6 files changed, 253 insertions(+)
 create mode 100644 maya/artifacts/logs/1511--2022-06-21--19h00---6.log
 create mode 100644 maya/artifacts/logs/1512--2022-06-21--19h21---1.log
 create mode 100644 maya/artifacts/logs/1512--2022-06-21--19h21---2.log
 create mode 100644 maya/artifacts/logs/1512--2022-06-21--19h21---3.log
 create mode 100644 maya/artifacts/logs/1512--2022-06-21--19h21---4.log
 create mode 100644 maya/artifacts/logs/1512--2022-06-21--19h21---5.log
> sudo -u mayadm git push
To https://github.com/Necktschnagge/wired-watering
   b460e68..5fe968e  artifacts -> artifacts
> sudo -u mayadm git checkout maya-productive
Zu Zweig »maya-productive« gewechselt
Ihr Branch ist auf demselben Stand wie 'origin/maya-productive'.
> sudo -u mayadm git push
Everything up-to-date
##############################################################
###################                        ###################
###################     GOING TO SLEEP     ###################
###################                        ###################
##############################################################
#######                                                #######
#######   Press CTRL + C NOW to abort script safely!   #######
#######                                                #######
##############################################################
##############################################################
#######                                                #######
#######               NOW GOING TO SLEEP               #######
#######                                                #######
##############################################################
> rtcwake -m mem -s 1200
rtcwake: RTC wird als UTC interpretiert …
rtcwake: aufwachen von „mem“ durch /dev/rtc0 bei Tue Jun 21 17:41:26 2022
##############################################################
#######                                                #######
#######            just waked up from sleep            #######
#######                                                #######
##############################################################
%%%%%%%%%%     [6] Uploading logs and go sleeping   ...DONE!
elapsed time:   1217s
=====================================================================================================
