=====================================================================================================
%%%%%%%%%%     [6] Uploading logs and go sleeping...
> sudo -u mayadm git checkout artifacts
Zu Zweig »artifacts« gewechselt
Ihr Branch ist auf demselben Stand wie 'origin/artifacts'.
> sudo -u mayadm git pull
Bereits aktuell.
> sudo -u mayadm git merge maya-productive
Bereits aktuell.
> sudo -u mayadm git add "../artifacts/logs/1557-*.log" -f
> sudo -u mayadm git add "../artifacts/logs/1556-*.log" -f
> sudo -u mayadm git commit -m "logs at 2022-06-22--11h44"
[artifacts a4a1075] logs at 2022-06-22--11h44
 6 files changed, 253 insertions(+)
 create mode 100644 maya/artifacts/logs/1556--2022-06-22--11h24---6.log
 create mode 100644 maya/artifacts/logs/1557--2022-06-22--11h44---1.log
 create mode 100644 maya/artifacts/logs/1557--2022-06-22--11h44---2.log
 create mode 100644 maya/artifacts/logs/1557--2022-06-22--11h44---3.log
 create mode 100644 maya/artifacts/logs/1557--2022-06-22--11h44---4.log
 create mode 100644 maya/artifacts/logs/1557--2022-06-22--11h44---5.log
> sudo -u mayadm git push
To https://github.com/Necktschnagge/wired-watering
   a505a53..a4a1075  artifacts -> artifacts
> sudo -u mayadm git checkout maya-productive
Zu Zweig »maya-productive« gewechselt
Ihr Branch ist auf demselben Stand wie 'origin/maya-productive'.
> sudo -u mayadm git push
Everything up-to-date
##############################################################
###################                        ###################
###################     GOING TO SLEEP     ###################
###################                        ###################
##############################################################
#######                                                #######
#######   Press CTRL + C NOW to abort script safely!   #######
#######                                                #######
##############################################################
##############################################################
#######                                                #######
#######               NOW GOING TO SLEEP               #######
#######                                                #######
##############################################################
> rtcwake -m mem -s 1200
rtcwake: RTC wird als UTC interpretiert …
rtcwake: aufwachen von „mem“ durch /dev/rtc0 bei Wed Jun 22 10:05:11 2022
##############################################################
#######                                                #######
#######            just waked up from sleep            #######
#######                                                #######
##############################################################
%%%%%%%%%%     [6] Uploading logs and go sleeping   ...DONE!
elapsed time:   1218s
=====================================================================================================
