=====================================================================================================
%%%%%%%%%%     [6] Uploading logs and go sleeping...
> sudo -u mayadm git checkout artifacts
Zu Zweig »artifacts« gewechselt
Ihr Branch ist auf demselben Stand wie 'origin/artifacts'.
> sudo -u mayadm git pull
Bereits aktuell.
> sudo -u mayadm git merge maya-productive
Bereits aktuell.
> sudo -u mayadm git add "../artifacts/logs/1748-*.log" -f
> sudo -u mayadm git add "../artifacts/logs/1747-*.log" -f
> sudo -u mayadm git commit -m "logs at 2022-06-25--07h43"
[artifacts 5969d35] logs at 2022-06-25--07h43
 6 files changed, 252 insertions(+)
 create mode 100644 maya/artifacts/logs/1747--2022-06-25--07h22---6.log
 create mode 100644 maya/artifacts/logs/1748--2022-06-25--07h43---1.log
 create mode 100644 maya/artifacts/logs/1748--2022-06-25--07h43---2.log
 create mode 100644 maya/artifacts/logs/1748--2022-06-25--07h43---3.log
 create mode 100644 maya/artifacts/logs/1748--2022-06-25--07h43---4.log
 create mode 100644 maya/artifacts/logs/1748--2022-06-25--07h43---5.log
> sudo -u mayadm git push
To https://github.com/Necktschnagge/wired-watering
   df5a230..5969d35  artifacts -> artifacts
> sudo -u mayadm git checkout maya-productive
Zu Zweig »maya-productive« gewechselt
Ihr Branch ist auf demselben Stand wie 'origin/maya-productive'.
> sudo -u mayadm git push
Everything up-to-date
##############################################################
###################                        ###################
###################     GOING TO SLEEP     ###################
###################                        ###################
##############################################################
#######                                                #######
#######   Press CTRL + C NOW to abort script safely!   #######
#######                                                #######
##############################################################
##############################################################
#######                                                #######
#######               NOW GOING TO SLEEP               #######
#######                                                #######
##############################################################
> rtcwake -m mem -s 1200
rtcwake: RTC wird als UTC interpretiert …
rtcwake: aufwachen von „mem“ durch /dev/rtc0 bei Sat Jun 25 06:03:34 2022
##############################################################
#######                                                #######
#######            just waked up from sleep            #######
#######                                                #######
##############################################################
%%%%%%%%%%     [6] Uploading logs and go sleeping   ...DONE!
elapsed time:   1220s
=====================================================================================================
