=====================================================================================================
%%%%%%%%%%     [6] Uploading logs and go sleeping...
> sudo -u mayadm git checkout artifacts
Zu Zweig »artifacts« gewechselt
Ihr Branch ist auf demselben Stand wie 'origin/artifacts'.
> sudo -u mayadm git pull
Bereits aktuell.
> sudo -u mayadm git merge maya-productive
Bereits aktuell.
> sudo -u mayadm git add "../artifacts/logs/1797-*.log" -f
> sudo -u mayadm git add "../artifacts/logs/1796-*.log" -f
> sudo -u mayadm git commit -m "logs at 2022-06-26--00h28"
[artifacts dce6664] logs at 2022-06-26--00h28
 6 files changed, 255 insertions(+)
 create mode 100644 maya/artifacts/logs/1796--2022-06-26--00h07---6.log
 create mode 100644 maya/artifacts/logs/1797--2022-06-26--00h28---1.log
 create mode 100644 maya/artifacts/logs/1797--2022-06-26--00h28---2.log
 create mode 100644 maya/artifacts/logs/1797--2022-06-26--00h28---3.log
 create mode 100644 maya/artifacts/logs/1797--2022-06-26--00h28---4.log
 create mode 100644 maya/artifacts/logs/1797--2022-06-26--00h28---5.log
> sudo -u mayadm git push
To https://github.com/Necktschnagge/wired-watering
   ea018a5..dce6664  artifacts -> artifacts
> sudo -u mayadm git checkout maya-productive
Zu Zweig »maya-productive« gewechselt
Ihr Branch ist auf demselben Stand wie 'origin/maya-productive'.
> sudo -u mayadm git push
Everything up-to-date
##############################################################
###################                        ###################
###################     GOING TO SLEEP     ###################
###################                        ###################
##############################################################
#######                                                #######
#######   Press CTRL + C NOW to abort script safely!   #######
#######                                                #######
##############################################################
##############################################################
#######                                                #######
#######               NOW GOING TO SLEEP               #######
#######                                                #######
##############################################################
> rtcwake -m mem -s 1200
rtcwake: RTC wird als UTC interpretiert …
rtcwake: aufwachen von „mem“ durch /dev/rtc0 bei Sat Jun 25 22:48:31 2022
##############################################################
#######                                                #######
#######            just waked up from sleep            #######
#######                                                #######
##############################################################
%%%%%%%%%%     [6] Uploading logs and go sleeping   ...DONE!
elapsed time:   1220s
=====================================================================================================
