=====================================================================================================
%%%%%%%%%%     [6] Uploading logs and go sleeping...
> sudo -u mayadm git checkout artifacts
Zu Zweig »artifacts« gewechselt
Ihr Branch ist auf demselben Stand wie 'origin/artifacts'.
> sudo -u mayadm git pull
Bereits aktuell.
> sudo -u mayadm git merge maya-productive
Bereits aktuell.
> sudo -u mayadm git add "../artifacts/logs/1908-*.log" -f
> sudo -u mayadm git add "../artifacts/logs/1907-*.log" -f
> sudo -u mayadm git commit -m "logs at 2022-06-27--11h28"
[artifacts 098f3c56] logs at 2022-06-27--11h28
 6 files changed, 253 insertions(+)
 create mode 100644 maya/artifacts/logs/1907--2022-06-27--11h07---6.log
 create mode 100644 maya/artifacts/logs/1908--2022-06-27--11h28---1.log
 create mode 100644 maya/artifacts/logs/1908--2022-06-27--11h28---2.log
 create mode 100644 maya/artifacts/logs/1908--2022-06-27--11h28---3.log
 create mode 100644 maya/artifacts/logs/1908--2022-06-27--11h28---4.log
 create mode 100644 maya/artifacts/logs/1908--2022-06-27--11h28---5.log
> sudo -u mayadm git push
To https://github.com/Necktschnagge/wired-watering
   2b6c136d..098f3c56  artifacts -> artifacts
> sudo -u mayadm git checkout maya-productive
Zu Zweig »maya-productive« gewechselt
Ihr Branch ist auf demselben Stand wie 'origin/maya-productive'.
> sudo -u mayadm git push
Everything up-to-date
##############################################################
###################                        ###################
###################     GOING TO SLEEP     ###################
###################                        ###################
##############################################################
#######                                                #######
#######   Press CTRL + C NOW to abort script safely!   #######
#######                                                #######
##############################################################
##############################################################
#######                                                #######
#######               NOW GOING TO SLEEP               #######
#######                                                #######
##############################################################
> rtcwake -m mem -s 1200
rtcwake: RTC wird als UTC interpretiert …
rtcwake: aufwachen von „mem“ durch /dev/rtc0 bei Mon Jun 27 09:48:32 2022
##############################################################
#######                                                #######
#######            just waked up from sleep            #######
#######                                                #######
##############################################################
%%%%%%%%%%     [6] Uploading logs and go sleeping   ...DONE!
elapsed time:   1220s
=====================================================================================================
