=====================================================================================================
%%%%%%%%%%     [6] Uploading logs and go sleeping...
> sudo -u mayadm git checkout artifacts
Zu Zweig »artifacts« gewechselt
Ihr Branch ist auf demselben Stand wie 'origin/artifacts'.
> sudo -u mayadm git pull
Bereits aktuell.
> sudo -u mayadm git merge maya-productive
Merge made by the 'recursive' strategy.
 maya/src/main.cpp | 28 ++++++++++++++--------------
 1 file changed, 14 insertions(+), 14 deletions(-)
> sudo -u mayadm git add "../artifacts/logs/1983-*.log" -f
> sudo -u mayadm git add "../artifacts/logs/1982-*.log" -f
> sudo -u mayadm git commit -m "logs at 2022-06-28--23h10"
[artifacts 39a13438] logs at 2022-06-28--23h10
 6 files changed, 276 insertions(+)
 create mode 100644 maya/artifacts/logs/1982--2022-06-28--22h50---6.log
 create mode 100644 maya/artifacts/logs/1983--2022-06-28--23h10---1.log
 create mode 100644 maya/artifacts/logs/1983--2022-06-28--23h10---2.log
 create mode 100644 maya/artifacts/logs/1983--2022-06-28--23h10---3.log
 create mode 100644 maya/artifacts/logs/1983--2022-06-28--23h10---4.log
 create mode 100644 maya/artifacts/logs/1983--2022-06-28--23h10---5.log
> sudo -u mayadm git push
To https://github.com/Necktschnagge/wired-watering
   9520ca38..39a13438  artifacts -> artifacts
> sudo -u mayadm git checkout maya-productive
Zu Zweig »maya-productive« gewechselt
Ihr Branch ist auf demselben Stand wie 'origin/maya-productive'.
> sudo -u mayadm git push
Everything up-to-date
##############################################################
###################                        ###################
###################     GOING TO SLEEP     ###################
###################                        ###################
##############################################################
#######                                                #######
#######   Press CTRL + C NOW to abort script safely!   #######
#######                                                #######
##############################################################
##############################################################
#######                                                #######
#######               NOW GOING TO SLEEP               #######
#######                                                #######
##############################################################
> rtcwake -m mem -s 1200
rtcwake: RTC wird als UTC interpretiert …
rtcwake: aufwachen von „mem“ durch /dev/rtc0 bei Tue Jun 28 21:31:45 2022
##############################################################
#######                                                #######
#######            just waked up from sleep            #######
#######                                                #######
##############################################################
%%%%%%%%%%     [6] Uploading logs and go sleeping   ...DONE!
elapsed time:   1218s
=====================================================================================================
