=====================================================================================================
%%%%%%%%%%     [4] Run the executable...
>Please note:  Even if all builds failed, the last built executable is still there and will be started!
> sudo -u mayadm ./ur-unix-run.sh
[2022-06-29 03:37:31.217] [main] [info] Pinging Pump Server Mayson...
[2022-06-29 03:37:31.243] [main] [info] Pinging Pump Server Mayson   ...DONE!
[2022-06-29 03:37:31.243] [main] [info] Pinging all valve stations...
[2022-06-29 03:37:31.551] [main] [info] Pinging all valve stations   ...DONE!
[2022-06-29 03:37:31.551] [main] [info] Fetching timestamp...
std::chrono::system_clock::now().time_since_epoch()   :   1656466651551367718
get_seconds_since_epoch(bool verbose /* true */)   :   1656466651
minutes since epoch   :   27607777
minute of day   :   97
minute of hour   :   37
hour of day   :   1
[2022-06-29 03:37:31.551] [main] [info] Checking timestamp.txt...
[2022-06-29 03:37:31.551] [main] [debug] The timestamp.txt is always written when watering is triggered. It is read to check if I was already done with watering some minutes ago.
previous time_stamp:   27606372
[2022-06-29 03:37:31.551] [main] [info] Checking timestamp.txt   ...DONE!
%%%%%%%%%%     [4] Run the executable   ...DONE!
elapsed time:   0s
=====================================================================================================
