=====================================================================================================
%%%%%%%%%%     [4] Run the executable...
>Please note:  Even if all builds failed, the last built executable is still there and will be started!
> sudo -u mayadm ./ur-unix-run.sh
[2022-06-29 05:48:25.325] [main] [info] Pinging Pump Server Mayson...
[2022-06-29 05:48:25.426] [main] [info] Pinging Pump Server Mayson   ...DONE!
[2022-06-29 05:48:25.426] [main] [info] Pinging all valve stations...
[2022-06-29 05:48:25.737] [main] [info] Pinging all valve stations   ...DONE!
[2022-06-29 05:48:25.737] [main] [info] Fetching timestamp...
std::chrono::system_clock::now().time_since_epoch()   :   1656474505737448517
get_seconds_since_epoch(bool verbose /* true */)   :   1656474505
minutes since epoch   :   27607908
minute of day   :   228
minute of hour   :   48
hour of day   :   3
[2022-06-29 05:48:25.737] [main] [info] Checking timestamp.txt...
[2022-06-29 05:48:25.737] [main] [debug] The timestamp.txt is always written when watering is triggered. It is read to check if I was already done with watering some minutes ago.
previous time_stamp:   27607818
[2022-06-29 05:48:25.737] [main] [info] Checking timestamp.txt   ...DONE!
%%%%%%%%%%     [4] Run the executable   ...DONE!
elapsed time:   0s
=====================================================================================================
