=====================================================================================================
%%%%%%%%%%     [4] Run the executable...
>Please note:  Even if all builds failed, the last built executable is still there and will be started!
> sudo -u mayadm ./ur-unix-run.sh
[2022-06-29 16:02:22.856] [main] [info] Pinging Pump Server Mayson...
[2022-06-29 16:02:22.928] [main] [info] Pinging Pump Server Mayson   ...DONE!
[2022-06-29 16:02:22.928] [main] [info] Pinging all valve stations...
[2022-06-29 16:02:26.209] [main] [info] Pinging all valve stations   ...DONE!
[2022-06-29 16:02:26.209] [main] [info] Fetching timestamp...
std::chrono::system_clock::now().time_since_epoch()   :   1656511346209224417
get_seconds_since_epoch(bool verbose /* true */)   :   1656511346
minutes since epoch   :   27608522
minute of day   :   842
minute of hour   :   2
hour of day   :   14
[2022-06-29 16:02:26.209] [main] [info] Checking timestamp.txt...
[2022-06-29 16:02:26.209] [main] [debug] The timestamp.txt is always written when watering is triggered. It is read to check if I was already done with watering some minutes ago.
previous time_stamp:   27607818
[2022-06-29 16:02:26.209] [main] [info] Checking timestamp.txt   ...DONE!
%%%%%%%%%%     [4] Run the executable   ...DONE!
elapsed time:   4s
=====================================================================================================
