=====================================================================================================
%%%%%%%%%%     [4] Run the executable...
>Please note:  Even if all builds failed, the last built executable is still there and will be started!
> sudo -u mayadm ./ur-unix-run.sh
[2022-06-29 19:27:17.650] [main] [info] Pinging Pump Server Mayson...
[2022-06-29 19:27:17.730] [main] [info] Pinging Pump Server Mayson   ...DONE!
[2022-06-29 19:27:17.730] [main] [info] Pinging all valve stations...
[2022-06-29 19:27:23.067] [main] [info] Pinging all valve stations   ...DONE!
[2022-06-29 19:27:23.067] [main] [info] Fetching timestamp...
std::chrono::system_clock::now().time_since_epoch()   :   1656523643067467911
get_seconds_since_epoch(bool verbose /* true */)   :   1656523643
minutes since epoch   :   27608727
minute of day   :   1047
minute of hour   :   27
hour of day   :   17
[2022-06-29 19:27:23.067] [main] [info] Checking timestamp.txt...
[2022-06-29 19:27:23.067] [main] [debug] The timestamp.txt is always written when watering is triggered. It is read to check if I was already done with watering some minutes ago.
previous time_stamp:   27607818
[2022-06-29 19:27:23.067] [main] [info] Checking timestamp.txt   ...DONE!
%%%%%%%%%%     [4] Run the executable   ...DONE!
elapsed time:   6s
=====================================================================================================
