=====================================================================================================
%%%%%%%%%%     [4] Run the executable...
>Please note:  Even if all builds failed, the last built executable is still there and will be started!
> sudo -u mayadm ./ur-unix-run.sh
[2022-06-30 12:55:16.503] [main] [info] Pinging Pump Server Mayson...
[2022-06-30 12:55:16.528] [main] [info] Pinging Pump Server Mayson   ...DONE!
[2022-06-30 12:55:16.528] [main] [info] Pinging all valve stations...
[2022-06-30 12:55:17.872] [main] [info] Pinging all valve stations   ...DONE!
[2022-06-30 12:55:17.872] [main] [info] Fetching timestamp...
std::chrono::system_clock::now().time_since_epoch()   :   1656586517872478310
get_seconds_since_epoch(bool verbose /* true */)   :   1656586517
minutes since epoch   :   27609775
minute of day   :   655
minute of hour   :   55
hour of day   :   10
[2022-06-30 12:55:17.872] [main] [info] Checking timestamp.txt...
[2022-06-30 12:55:17.872] [main] [debug] The timestamp.txt is always written when watering is triggered. It is read to check if I was already done with watering some minutes ago.
previous time_stamp:   27609259
[2022-06-30 12:55:17.872] [main] [info] Checking timestamp.txt   ...DONE!
%%%%%%%%%%     [4] Run the executable   ...DONE!
elapsed time:   1s
=====================================================================================================
