=====================================================================================================
%%%%%%%%%%     [4] Run the executable...
>Please note:  Even if all builds failed, the last built executable is still there and will be started!
> sudo -u mayadm ./ur-unix-run.sh
[2022-06-30 22:28:37.236] [main] [info] Pinging Pump Server Mayson...
[2022-06-30 22:28:37.353] [main] [info] Pinging Pump Server Mayson   ...DONE!
[2022-06-30 22:28:37.353] [main] [info] Pinging all valve stations...
[2022-06-30 22:28:37.661] [main] [info] Pinging all valve stations   ...DONE!
[2022-06-30 22:28:37.661] [main] [info] Fetching timestamp...
std::chrono::system_clock::now().time_since_epoch()   :   1656620917661553948
get_seconds_since_epoch(bool verbose /* true */)   :   1656620917
minutes since epoch   :   27610348
minute of day   :   1228
minute of hour   :   28
hour of day   :   20
[2022-06-30 22:28:37.661] [main] [info] Checking timestamp.txt...
[2022-06-30 22:28:37.661] [main] [debug] The timestamp.txt is always written when watering is triggered. It is read to check if I was already done with watering some minutes ago.
previous time_stamp:   27609259
[2022-06-30 22:28:37.661] [main] [info] Checking timestamp.txt   ...DONE!
%%%%%%%%%%     [4] Run the executable   ...DONE!
elapsed time:   0s
=====================================================================================================
