=====================================================================================================
%%%%%%%%%%     [6] Uploading logs and go sleeping...
> sudo -u mayadm git checkout artifacts
Zu Zweig »artifacts« gewechselt
Ihr Branch ist auf demselben Stand wie 'origin/artifacts'.
> sudo -u mayadm git pull
Bereits aktuell.
> sudo -u mayadm git merge maya-productive
Bereits aktuell.
> sudo -u mayadm git add "../artifacts/logs/2122-*.log" -f
> sudo -u mayadm git add "../artifacts/logs/2121-*.log" -f
> sudo -u mayadm git commit -m "logs at 2022-07-01--00h31"
[artifacts fc397748] logs at 2022-07-01--00h31
 6 files changed, 261 insertions(+)
 create mode 100644 maya/artifacts/logs/2121--2022-07-01--00h10---6.log
 create mode 100644 maya/artifacts/logs/2122--2022-07-01--00h31---1.log
 create mode 100644 maya/artifacts/logs/2122--2022-07-01--00h31---2.log
 create mode 100644 maya/artifacts/logs/2122--2022-07-01--00h31---3.log
 create mode 100644 maya/artifacts/logs/2122--2022-07-01--00h31---4.log
 create mode 100644 maya/artifacts/logs/2122--2022-07-01--00h31---5.log
> sudo -u mayadm git push
To https://github.com/Necktschnagge/wired-watering
   60d7718f..fc397748  artifacts -> artifacts
> sudo -u mayadm git checkout maya-productive
Zu Zweig »maya-productive« gewechselt
Ihr Branch ist auf demselben Stand wie 'origin/maya-productive'.
> sudo -u mayadm git push
Everything up-to-date
##############################################################
###################                        ###################
###################     GOING TO SLEEP     ###################
###################                        ###################
##############################################################
#######                                                #######
#######   Press CTRL + C NOW to abort script safely!   #######
#######                                                #######
##############################################################
##############################################################
#######                                                #######
#######               NOW GOING TO SLEEP               #######
#######                                                #######
##############################################################
> rtcwake -m mem -s 1200
rtcwake: RTC wird als UTC interpretiert …
rtcwake: aufwachen von „mem“ durch /dev/rtc0 bei Thu Jun 30 22:51:43 2022
##############################################################
#######                                                #######
#######            just waked up from sleep            #######
#######                                                #######
##############################################################
%%%%%%%%%%     [6] Uploading logs and go sleeping   ...DONE!
elapsed time:   1218s
=====================================================================================================
