=====================================================================================================
=====================================================================================================
===     Starting with run #2152...
=====================================================================================================
=====================================================================================================
> echo "2152" | sudo -u mayadm tee /home/mayadm/repos/logs/counter.info
2152
> date
Fr 1. Jul 11:35:10 CEST 2022
> ./maya_connect_internet_usb0.sh
RTNETLINK answers: File exists
Connecting to internet via usb0 tethering successful.
=====================================================================================================
%%%%%%%%%%     [1] Cleaning working directory...
> sudo -u mayadm git branch
  artifacts
  main
  maya-fallback
* maya-productive
> sudo -u mayadm git status
Auf Branch maya-productive
Ihr Branch ist auf demselben Stand wie 'origin/maya-productive'.

nichts zu committen, Arbeitsverzeichnis unverändert
> sudo -u mayadm git add -u; sudo -u mayadm git add *
> sudo -u mayadm git status
Auf Branch maya-productive
Ihr Branch ist auf demselben Stand wie 'origin/maya-productive'.

nichts zu committen, Arbeitsverzeichnis unverändert
Checking if there are uncommitted changes...
> sudo -u mayadm git update-index --refresh && sudo -u mayadm git diff-index --quiet HEAD --
> sudo -u mayadm git reset --hard;
HEAD ist jetzt bei 17f6b171 Merge pull request #32 from Necktschnagge/fix-refactoring-maya
%%%%%%%%%%     [1] Cleaning working directory   ...DONE!
elapsed time:   0s
=====================================================================================================
