=====================================================================================================
%%%%%%%%%%     [4] Run the executable...
>Please note:  Even if all builds failed, the last built executable is still there and will be started!
> sudo -u mayadm ./ur-unix-run.sh
[2022-07-01 19:05:42.241] [main] [info] Pinging Pump Server Mayson...
[2022-07-01 19:05:42.267] [main] [info] Pinging Pump Server Mayson   ...DONE!
[2022-07-01 19:05:42.267] [main] [info] Pinging all valve stations...
[2022-07-01 19:05:42.574] [main] [info] Pinging all valve stations   ...DONE!
[2022-07-01 19:05:42.574] [main] [info] Fetching timestamp...
std::chrono::system_clock::now().time_since_epoch()   :   1656695142574828499
get_seconds_since_epoch(bool verbose /* true */)   :   1656695142
minutes since epoch   :   27611585
minute of day   :   1025
minute of hour   :   5
hour of day   :   17
[2022-07-01 19:05:42.574] [main] [info] Checking timestamp.txt...
[2022-07-01 19:05:42.574] [main] [debug] The timestamp.txt is always written when watering is triggered. It is read to check if I was already done with watering some minutes ago.
previous time_stamp:   27610696
[2022-07-01 19:05:42.575] [main] [info] Checking timestamp.txt   ...DONE!
%%%%%%%%%%     [4] Run the executable   ...DONE!
elapsed time:   0s
=====================================================================================================
