=====================================================================================================
%%%%%%%%%%     [4] Run the executable...
>Please note:  Even if all builds failed, the last built executable is still there and will be started!
> sudo -u mayadm ./ur-unix-run.sh
[2022-07-02 01:55:01.343] [main] [info] Pinging Pump Server Mayson...
[2022-07-02 01:55:01.438] [main] [info] Pinging Pump Server Mayson   ...DONE!
[2022-07-02 01:55:01.438] [main] [info] Pinging all valve stations...
[2022-07-02 01:55:04.818] [main] [info] Pinging all valve stations   ...DONE!
[2022-07-02 01:55:04.818] [main] [info] Fetching timestamp...
std::chrono::system_clock::now().time_since_epoch()   :   1656719704818768708
get_seconds_since_epoch(bool verbose /* true */)   :   1656719704
minutes since epoch   :   27611995
minute of day   :   1435
minute of hour   :   55
hour of day   :   23
[2022-07-02 01:55:04.818] [main] [info] Checking timestamp.txt...
[2022-07-02 01:55:04.818] [main] [debug] The timestamp.txt is always written when watering is triggered. It is read to check if I was already done with watering some minutes ago.
previous time_stamp:   27610696
[2022-07-02 01:55:04.818] [main] [info] Checking timestamp.txt   ...DONE!
%%%%%%%%%%     [4] Run the executable   ...DONE!
elapsed time:   3s
=====================================================================================================
