=====================================================================================================
%%%%%%%%%%     [4] Run the executable...
>Please note:  Even if all builds failed, the last built executable is still there and will be started!
> sudo -u mayadm ./ur-unix-run.sh
[2022-07-02 02:15:32.421] [main] [info] Pinging Pump Server Mayson...
[2022-07-02 02:15:32.518] [main] [info] Pinging Pump Server Mayson   ...DONE!
[2022-07-02 02:15:32.518] [main] [info] Pinging all valve stations...
[2022-07-02 02:15:32.829] [main] [info] Pinging all valve stations   ...DONE!
[2022-07-02 02:15:32.829] [main] [info] Fetching timestamp...
std::chrono::system_clock::now().time_since_epoch()   :   1656720932829847144
get_seconds_since_epoch(bool verbose /* true */)   :   1656720932
minutes since epoch   :   27612015
minute of day   :   15
minute of hour   :   15
hour of day   :   0
[2022-07-02 02:15:32.829] [main] [info] Checking timestamp.txt...
[2022-07-02 02:15:32.829] [main] [debug] The timestamp.txt is always written when watering is triggered. It is read to check if I was already done with watering some minutes ago.
previous time_stamp:   27610696
[2022-07-02 02:15:32.830] [main] [info] Checking timestamp.txt   ...DONE!
%%%%%%%%%%     [4] Run the executable   ...DONE!
elapsed time:   0s
=====================================================================================================
