=====================================================================================================
%%%%%%%%%%     [4] Run the executable...
>Please note:  Even if all builds failed, the last built executable is still there and will be started!
> sudo -u mayadm ./ur-unix-run.sh
[2022-07-03 06:32:39.198] [main] [info] Pinging Pump Server Mayson...
[2022-07-03 06:32:39.247] [main] [info] Pinging Pump Server Mayson   ...DONE!
[2022-07-03 06:32:39.247] [main] [info] Pinging all valve stations...
[2022-07-03 06:32:40.574] [main] [info] Pinging all valve stations   ...DONE!
[2022-07-03 06:32:40.574] [main] [info] Fetching timestamp...
std::chrono::system_clock::now().time_since_epoch()   :   1656822760574890760
get_seconds_since_epoch(bool verbose /* true */)   :   1656822760
minutes since epoch   :   27613712
minute of day   :   272
minute of hour   :   32
hour of day   :   4
[2022-07-03 06:32:40.574] [main] [info] Checking timestamp.txt...
[2022-07-03 06:32:40.574] [main] [debug] The timestamp.txt is always written when watering is triggered. It is read to check if I was already done with watering some minutes ago.
previous time_stamp:   27613576
[2022-07-03 06:32:40.575] [main] [info] Checking timestamp.txt   ...DONE!
%%%%%%%%%%     [4] Run the executable   ...DONE!
elapsed time:   1s
=====================================================================================================
