=====================================================================================================
%%%%%%%%%%     [4] Run the executable...
>Please note:  Even if all builds failed, the last built executable is still there and will be started!
> sudo -u mayadm ./ur-unix-run.sh
[2022-07-03 07:54:32.240] [main] [info] Pinging Pump Server Mayson...
[2022-07-03 07:54:32.335] [main] [info] Pinging Pump Server Mayson   ...DONE!
[2022-07-03 07:54:32.335] [main] [info] Pinging all valve stations...
[2022-07-03 07:54:32.642] [main] [info] Pinging all valve stations   ...DONE!
[2022-07-03 07:54:32.642] [main] [info] Fetching timestamp...
std::chrono::system_clock::now().time_since_epoch()   :   1656827672642676825
get_seconds_since_epoch(bool verbose /* true */)   :   1656827672
minutes since epoch   :   27613794
minute of day   :   354
minute of hour   :   54
hour of day   :   5
[2022-07-03 07:54:32.642] [main] [info] Checking timestamp.txt...
[2022-07-03 07:54:32.642] [main] [debug] The timestamp.txt is always written when watering is triggered. It is read to check if I was already done with watering some minutes ago.
previous time_stamp:   27613576
[2022-07-03 07:54:32.642] [main] [info] Checking timestamp.txt   ...DONE!
%%%%%%%%%%     [4] Run the executable   ...DONE!
elapsed time:   0s
=====================================================================================================
