=====================================================================================================
%%%%%%%%%%     [6] Uploading logs and go sleeping...
> sudo -u mayadm git checkout artifacts
Zu Zweig »artifacts« gewechselt
Ihr Branch ist auf demselben Stand wie 'origin/artifacts'.
> sudo -u mayadm git pull
Bereits aktuell.
> sudo -u mayadm git merge maya-productive
Bereits aktuell.
> sudo -u mayadm git add "../artifacts/logs/2287-*.log" -f
> sudo -u mayadm git add "../artifacts/logs/2286-*.log" -f
> sudo -u mayadm git commit -m "logs at 2022-07-03--12h21"
[artifacts 4477c2a6] logs at 2022-07-03--12h21
 6 files changed, 263 insertions(+)
 create mode 100644 maya/artifacts/logs/2286--2022-07-03--12h01---6.log
 create mode 100644 maya/artifacts/logs/2287--2022-07-03--12h21---1.log
 create mode 100644 maya/artifacts/logs/2287--2022-07-03--12h21---2.log
 create mode 100644 maya/artifacts/logs/2287--2022-07-03--12h21---3.log
 create mode 100644 maya/artifacts/logs/2287--2022-07-03--12h21---4.log
 create mode 100644 maya/artifacts/logs/2287--2022-07-03--12h21---5.log
> sudo -u mayadm git push
To https://github.com/Necktschnagge/wired-watering
   c60b45a8..4477c2a6  artifacts -> artifacts
> sudo -u mayadm git checkout maya-productive
Zu Zweig »maya-productive« gewechselt
Ihr Branch ist auf demselben Stand wie 'origin/maya-productive'.
> sudo -u mayadm git push
Everything up-to-date
##############################################################
###################                        ###################
###################     GOING TO SLEEP     ###################
###################                        ###################
##############################################################
#######                                                #######
#######   Press CTRL + C NOW to abort script safely!   #######
#######                                                #######
##############################################################
##############################################################
#######                                                #######
#######               NOW GOING TO SLEEP               #######
#######                                                #######
##############################################################
> rtcwake -m mem -s 1200
rtcwake: RTC wird als UTC interpretiert …
rtcwake: aufwachen von „mem“ durch /dev/rtc0 bei Sun Jul  3 10:42:03 2022
##############################################################
#######                                                #######
#######            just waked up from sleep            #######
#######                                                #######
##############################################################
%%%%%%%%%%     [6] Uploading logs and go sleeping   ...DONE!
elapsed time:   1219s
=====================================================================================================
