=====================================================================================================
%%%%%%%%%%     [4] Run the executable...
>Please note:  Even if all builds failed, the last built executable is still there and will be started!
> sudo -u mayadm ./ur-unix-run.sh
[2022-07-03 20:33:44.313] [main] [info] Pinging Pump Server Mayson...
[2022-07-03 20:33:44.354] [main] [info] Pinging Pump Server Mayson   ...DONE!
[2022-07-03 20:33:44.354] [main] [info] Pinging all valve stations...
[2022-07-03 20:33:47.634] [main] [info] Pinging all valve stations   ...DONE!
[2022-07-03 20:33:47.634] [main] [info] Fetching timestamp...
std::chrono::system_clock::now().time_since_epoch()   :   1656873227634680250
get_seconds_since_epoch(bool verbose /* true */)   :   1656873227
minutes since epoch   :   27614553
minute of day   :   1113
minute of hour   :   33
hour of day   :   18
[2022-07-03 20:33:47.634] [main] [info] Checking timestamp.txt...
[2022-07-03 20:33:47.634] [main] [debug] The timestamp.txt is always written when watering is triggered. It is read to check if I was already done with watering some minutes ago.
previous time_stamp:   27613576
[2022-07-03 20:33:47.634] [main] [info] Checking timestamp.txt   ...DONE!
%%%%%%%%%%     [4] Run the executable   ...DONE!
elapsed time:   3s
=====================================================================================================
