=====================================================================================================
%%%%%%%%%%     [4] Run the executable...
>Please note:  Even if all builds failed, the last built executable is still there and will be started!
> sudo -u mayadm ./ur-unix-run.sh
[2022-07-04 03:03:16.442] [main] [info] Pinging Pump Server Mayson...
[2022-07-04 03:03:16.549] [main] [info] Pinging Pump Server Mayson   ...DONE!
[2022-07-04 03:03:16.549] [main] [info] Pinging all valve stations...
[2022-07-04 03:03:16.856] [main] [info] Pinging all valve stations   ...DONE!
[2022-07-04 03:03:16.856] [main] [info] Fetching timestamp...
std::chrono::system_clock::now().time_since_epoch()   :   1656896596856396364
get_seconds_since_epoch(bool verbose /* true */)   :   1656896596
minutes since epoch   :   27614943
minute of day   :   63
minute of hour   :   3
hour of day   :   1
[2022-07-04 03:03:16.856] [main] [info] Checking timestamp.txt...
[2022-07-04 03:03:16.856] [main] [debug] The timestamp.txt is always written when watering is triggered. It is read to check if I was already done with watering some minutes ago.
previous time_stamp:   27613576
[2022-07-04 03:03:16.856] [main] [info] Checking timestamp.txt   ...DONE!
%%%%%%%%%%     [4] Run the executable   ...DONE!
elapsed time:   0s
=====================================================================================================
