=====================================================================================================
%%%%%%%%%%     [4] Run the executable...
>Please note:  Even if all builds failed, the last built executable is still there and will be started!
> sudo -u mayadm ./ur-unix-run.sh
[2022-07-05 03:33:08.959] [main] [info] Pinging Pump Server Mayson...
[2022-07-05 03:33:09.022] [main] [info] Pinging Pump Server Mayson   ...DONE!
[2022-07-05 03:33:09.022] [main] [info] Pinging all valve stations...
[2022-07-05 03:33:09.330] [main] [info] Pinging all valve stations   ...DONE!
[2022-07-05 03:33:09.330] [main] [info] Fetching timestamp...
std::chrono::system_clock::now().time_since_epoch()   :   1656984789330132888
get_seconds_since_epoch(bool verbose /* true */)   :   1656984789
minutes since epoch   :   27616413
minute of day   :   93
minute of hour   :   33
hour of day   :   1
[2022-07-05 03:33:09.330] [main] [info] Checking timestamp.txt...
[2022-07-05 03:33:09.330] [main] [debug] The timestamp.txt is always written when watering is triggered. It is read to check if I was already done with watering some minutes ago.
previous time_stamp:   27615004
[2022-07-05 03:33:09.330] [main] [info] Checking timestamp.txt   ...DONE!
%%%%%%%%%%     [4] Run the executable   ...DONE!
elapsed time:   1s
=====================================================================================================
