=====================================================================================================
%%%%%%%%%%     [4] Run the executable...
>Please note:  Even if all builds failed, the last built executable is still there and will be started!
> sudo -u mayadm ./ur-unix-run.sh
[2022-07-05 05:44:19.790] [main] [info] Pinging Pump Server Mayson...
[2022-07-05 05:44:19.881] [main] [info] Pinging Pump Server Mayson   ...DONE!
[2022-07-05 05:44:19.881] [main] [info] Pinging all valve stations...
[2022-07-05 05:44:21.205] [main] [info] Pinging all valve stations   ...DONE!
[2022-07-05 05:44:21.205] [main] [info] Fetching timestamp...
std::chrono::system_clock::now().time_since_epoch()   :   1656992661205126640
get_seconds_since_epoch(bool verbose /* true */)   :   1656992661
minutes since epoch   :   27616544
minute of day   :   224
minute of hour   :   44
hour of day   :   3
[2022-07-05 05:44:21.205] [main] [info] Checking timestamp.txt...
[2022-07-05 05:44:21.205] [main] [debug] The timestamp.txt is always written when watering is triggered. It is read to check if I was already done with watering some minutes ago.
previous time_stamp:   27616454
[2022-07-05 05:44:21.205] [main] [info] Checking timestamp.txt   ...DONE!
%%%%%%%%%%     [4] Run the executable   ...DONE!
elapsed time:   2s
=====================================================================================================
