=====================================================================================================
%%%%%%%%%%     [4] Run the executable...
>Please note:  Even if all builds failed, the last built executable is still there and will be started!
> sudo -u mayadm ./ur-unix-run.sh
[2022-07-05 13:36:17.747] [main] [info] Pinging Pump Server Mayson...
[2022-07-05 13:36:17.808] [main] [info] Pinging Pump Server Mayson   ...DONE!
[2022-07-05 13:36:17.808] [main] [info] Pinging all valve stations...
[2022-07-05 13:36:19.140] [main] [info] Pinging all valve stations   ...DONE!
[2022-07-05 13:36:19.140] [main] [info] Fetching timestamp...
std::chrono::system_clock::now().time_since_epoch()   :   1657020979140483779
get_seconds_since_epoch(bool verbose /* true */)   :   1657020979
minutes since epoch   :   27617016
minute of day   :   696
minute of hour   :   36
hour of day   :   11
[2022-07-05 13:36:19.140] [main] [info] Checking timestamp.txt...
[2022-07-05 13:36:19.140] [main] [debug] The timestamp.txt is always written when watering is triggered. It is read to check if I was already done with watering some minutes ago.
previous time_stamp:   27616454
[2022-07-05 13:36:19.140] [main] [info] Checking timestamp.txt   ...DONE!
%%%%%%%%%%     [4] Run the executable   ...DONE!
elapsed time:   2s
=====================================================================================================
