=====================================================================================================
%%%%%%%%%%     [4] Run the executable...
>Please note:  Even if all builds failed, the last built executable is still there and will be started!
> sudo -u mayadm ./ur-unix-run.sh
[2022-07-06 02:35:59.898] [main] [info] Pinging Pump Server Mayson...
[2022-07-06 02:35:59.987] [main] [info] Pinging Pump Server Mayson   ...DONE!
[2022-07-06 02:35:59.987] [main] [info] Pinging all valve stations...
[2022-07-06 02:36:00.297] [main] [info] Pinging all valve stations   ...DONE!
[2022-07-06 02:36:00.297] [main] [info] Fetching timestamp...
std::chrono::system_clock::now().time_since_epoch()   :   1657067760297775797
get_seconds_since_epoch(bool verbose /* true */)   :   1657067760
minutes since epoch   :   27617796
minute of day   :   36
minute of hour   :   36
hour of day   :   0
[2022-07-06 02:36:00.297] [main] [info] Checking timestamp.txt...
[2022-07-06 02:36:00.297] [main] [debug] The timestamp.txt is always written when watering is triggered. It is read to check if I was already done with watering some minutes ago.
previous time_stamp:   27616454
[2022-07-06 02:36:00.297] [main] [info] Checking timestamp.txt   ...DONE!
%%%%%%%%%%     [4] Run the executable   ...DONE!
elapsed time:   1s
=====================================================================================================
