=====================================================================================================
%%%%%%%%%%     [4] Run the executable...
>Please note:  Even if all builds failed, the last built executable is still there and will be started!
> sudo -u mayadm ./ur-unix-run.sh
[2022-07-06 14:17:22.307] [main] [info] Pinging Pump Server Mayson...
[2022-07-06 14:17:22.410] [main] [info] Pinging Pump Server Mayson   ...DONE!
[2022-07-06 14:17:22.410] [main] [info] Pinging all valve stations...
[2022-07-06 14:17:22.721] [main] [info] Pinging all valve stations   ...DONE!
[2022-07-06 14:17:22.721] [main] [info] Fetching timestamp...
std::chrono::system_clock::now().time_since_epoch()   :   1657109842721837606
get_seconds_since_epoch(bool verbose /* true */)   :   1657109842
minutes since epoch   :   27618497
minute of day   :   737
minute of hour   :   17
hour of day   :   12
[2022-07-06 14:17:22.721] [main] [info] Checking timestamp.txt...
[2022-07-06 14:17:22.721] [main] [debug] The timestamp.txt is always written when watering is triggered. It is read to check if I was already done with watering some minutes ago.
previous time_stamp:   27617898
[2022-07-06 14:17:22.722] [main] [info] Checking timestamp.txt   ...DONE!
%%%%%%%%%%     [4] Run the executable   ...DONE!
elapsed time:   0s
=====================================================================================================
