=====================================================================================================
%%%%%%%%%%     [4] Run the executable...
>Please note:  Even if all builds failed, the last built executable is still there and will be started!
> sudo -u mayadm ./ur-unix-run.sh
[2022-07-06 17:42:28.860] [main] [info] Pinging Pump Server Mayson...
[2022-07-06 17:42:28.923] [main] [info] Pinging Pump Server Mayson   ...DONE!
[2022-07-06 17:42:28.923] [main] [info] Pinging all valve stations...
[2022-07-06 17:42:29.232] [main] [info] Pinging all valve stations   ...DONE!
[2022-07-06 17:42:29.232] [main] [info] Fetching timestamp...
std::chrono::system_clock::now().time_since_epoch()   :   1657122149232267365
get_seconds_since_epoch(bool verbose /* true */)   :   1657122149
minutes since epoch   :   27618702
minute of day   :   942
minute of hour   :   42
hour of day   :   15
[2022-07-06 17:42:29.232] [main] [info] Checking timestamp.txt...
[2022-07-06 17:42:29.232] [main] [debug] The timestamp.txt is always written when watering is triggered. It is read to check if I was already done with watering some minutes ago.
previous time_stamp:   27617898
[2022-07-06 17:42:29.232] [main] [info] Checking timestamp.txt   ...DONE!
%%%%%%%%%%     [4] Run the executable   ...DONE!
elapsed time:   1s
=====================================================================================================
