=====================================================================================================
%%%%%%%%%%     [4] Run the executable...
>Please note:  Even if all builds failed, the last built executable is still there and will be started!
> sudo -u mayadm ./ur-unix-run.sh
[2022-07-07 00:12:34.866] [main] [info] Pinging Pump Server Mayson...
[2022-07-07 00:12:34.960] [main] [info] Pinging Pump Server Mayson   ...DONE!
[2022-07-07 00:12:34.960] [main] [info] Pinging all valve stations...
[2022-07-07 00:12:35.269] [main] [info] Pinging all valve stations   ...DONE!
[2022-07-07 00:12:35.269] [main] [info] Fetching timestamp...
std::chrono::system_clock::now().time_since_epoch()   :   1657145555269439885
get_seconds_since_epoch(bool verbose /* true */)   :   1657145555
minutes since epoch   :   27619092
minute of day   :   1332
minute of hour   :   12
hour of day   :   22
[2022-07-07 00:12:35.269] [main] [info] Checking timestamp.txt...
[2022-07-07 00:12:35.269] [main] [debug] The timestamp.txt is always written when watering is triggered. It is read to check if I was already done with watering some minutes ago.
previous time_stamp:   27617898
[2022-07-07 00:12:35.269] [main] [info] Checking timestamp.txt   ...DONE!
%%%%%%%%%%     [4] Run the executable   ...DONE!
elapsed time:   1s
=====================================================================================================
