=====================================================================================================
%%%%%%%%%%     [6] Uploading logs and go sleeping...
> sudo -u mayadm git checkout artifacts
Zu Zweig »artifacts« gewechselt
Ihr Branch ist auf demselben Stand wie 'origin/artifacts'.
> sudo -u mayadm git pull
Bereits aktuell.
> sudo -u mayadm git merge maya-productive
Bereits aktuell.
> sudo -u mayadm git add "../artifacts/logs/2561-*.log" -f
> sudo -u mayadm git add "../artifacts/logs/2560-*.log" -f
> sudo -u mayadm git commit -m "logs at 2022-07-07--13h41"
[artifacts 1d12cd06] logs at 2022-07-07--13h41
 6 files changed, 263 insertions(+)
 create mode 100644 maya/artifacts/logs/2560--2022-07-07--13h20---6.log
 create mode 100644 maya/artifacts/logs/2561--2022-07-07--13h41---1.log
 create mode 100644 maya/artifacts/logs/2561--2022-07-07--13h41---2.log
 create mode 100644 maya/artifacts/logs/2561--2022-07-07--13h41---3.log
 create mode 100644 maya/artifacts/logs/2561--2022-07-07--13h41---4.log
 create mode 100644 maya/artifacts/logs/2561--2022-07-07--13h41---5.log
> sudo -u mayadm git push
To https://github.com/Necktschnagge/wired-watering
   389d4e31..1d12cd06  artifacts -> artifacts
> sudo -u mayadm git checkout maya-productive
Zu Zweig »maya-productive« gewechselt
Ihr Branch ist auf demselben Stand wie 'origin/maya-productive'.
> sudo -u mayadm git push
Everything up-to-date
##############################################################
###################                        ###################
###################     GOING TO SLEEP     ###################
###################                        ###################
##############################################################
#######                                                #######
#######   Press CTRL + C NOW to abort script safely!   #######
#######                                                #######
##############################################################
##############################################################
#######                                                #######
#######               NOW GOING TO SLEEP               #######
#######                                                #######
##############################################################
> rtcwake -m mem -s 1200
rtcwake: RTC wird als UTC interpretiert …
rtcwake: aufwachen von „mem“ durch /dev/rtc0 bei Thu Jul  7 12:01:51 2022
##############################################################
#######                                                #######
#######            just waked up from sleep            #######
#######                                                #######
##############################################################
%%%%%%%%%%     [6] Uploading logs and go sleeping   ...DONE!
elapsed time:   1223s
=====================================================================================================
