=====================================================================================================
%%%%%%%%%%     [4] Run the executable...
>Please note:  Even if all builds failed, the last built executable is still there and will be started!
> sudo -u mayadm ./ur-unix-run.sh
[2022-07-08 12:22:06.468] [main] [info] Pinging Pump Server Mayson...
[2022-07-08 12:22:06.518] [main] [info] Pinging Pump Server Mayson   ...DONE!
[2022-07-08 12:22:06.518] [main] [info] Pinging all valve stations...
[2022-07-08 12:22:06.827] [main] [info] Pinging all valve stations   ...DONE!
[2022-07-08 12:22:06.827] [main] [info] Fetching timestamp...
std::chrono::system_clock::now().time_since_epoch()   :   1657275726827845107
get_seconds_since_epoch(bool verbose /* true */)   :   1657275726
minutes since epoch   :   27621262
minute of day   :   622
minute of hour   :   22
hour of day   :   10
[2022-07-08 12:22:06.827] [main] [info] Checking timestamp.txt...
[2022-07-08 12:22:06.827] [main] [debug] The timestamp.txt is always written when watering is triggered. It is read to check if I was already done with watering some minutes ago.
previous time_stamp:   27620764
[2022-07-08 12:22:06.828] [main] [info] Checking timestamp.txt   ...DONE!
%%%%%%%%%%     [4] Run the executable   ...DONE!
elapsed time:   0s
=====================================================================================================
