=====================================================================================================
%%%%%%%%%%     [4] Run the executable...
>Please note:  Even if all builds failed, the last built executable is still there and will be started!
> sudo -u mayadm ./ur-unix-run.sh
[2022-07-08 14:25:29.260] [main] [info] Pinging Pump Server Mayson...
[2022-07-08 14:25:30.350] [main] [info] Pinging Pump Server Mayson   ...DONE!
[2022-07-08 14:25:30.350] [main] [info] Pinging all valve stations...
[2022-07-08 14:25:30.654] [main] [info] Pinging all valve stations   ...DONE!
[2022-07-08 14:25:30.654] [main] [info] Fetching timestamp...
std::chrono::system_clock::now().time_since_epoch()   :   1657283130654359338
get_seconds_since_epoch(bool verbose /* true */)   :   1657283130
minutes since epoch   :   27621385
minute of day   :   745
minute of hour   :   25
hour of day   :   12
[2022-07-08 14:25:30.654] [main] [info] Checking timestamp.txt...
[2022-07-08 14:25:30.654] [main] [debug] The timestamp.txt is always written when watering is triggered. It is read to check if I was already done with watering some minutes ago.
previous time_stamp:   27620764
[2022-07-08 14:25:30.654] [main] [info] Checking timestamp.txt   ...DONE!
%%%%%%%%%%     [4] Run the executable   ...DONE!
elapsed time:   1s
=====================================================================================================
