=====================================================================================================
%%%%%%%%%%     [4] Run the executable...
>Please note:  Even if all builds failed, the last built executable is still there and will be started!
> sudo -u mayadm ./ur-unix-run.sh
[2022-07-09 00:22:36.331] [main] [info] Pinging Pump Server Mayson...
[2022-07-09 00:22:36.424] [main] [info] Pinging Pump Server Mayson   ...DONE!
[2022-07-09 00:22:36.424] [main] [info] Pinging all valve stations...
[2022-07-09 00:22:36.714] [main] [info] Pinging all valve stations   ...DONE!
[2022-07-09 00:22:36.714] [main] [info] Fetching timestamp...
std::chrono::system_clock::now().time_since_epoch()   :   1657318956714426863
get_seconds_since_epoch(bool verbose /* true */)   :   1657318956
minutes since epoch   :   27621982
minute of day   :   1342
minute of hour   :   22
hour of day   :   22
[2022-07-09 00:22:36.714] [main] [info] Checking timestamp.txt...
[2022-07-09 00:22:36.714] [main] [debug] The timestamp.txt is always written when watering is triggered. It is read to check if I was already done with watering some minutes ago.
previous time_stamp:   27620764
[2022-07-09 00:22:36.714] [main] [info] Checking timestamp.txt   ...DONE!
%%%%%%%%%%     [4] Run the executable   ...DONE!
elapsed time:   0s
=====================================================================================================
