=====================================================================================================
%%%%%%%%%%     [4] Run the executable...
>Please note:  Even if all builds failed, the last built executable is still there and will be started!
> sudo -u mayadm ./ur-unix-run.sh
[2022-07-09 03:07:19.348] [main] [info] Pinging Pump Server Mayson...
[2022-07-09 03:07:20.457] [main] [info] Pinging Pump Server Mayson   ...DONE!
[2022-07-09 03:07:20.457] [main] [info] Pinging all valve stations...
[2022-07-09 03:07:21.786] [main] [info] Pinging all valve stations   ...DONE!
[2022-07-09 03:07:21.786] [main] [info] Fetching timestamp...
std::chrono::system_clock::now().time_since_epoch()   :   1657328841786359099
get_seconds_since_epoch(bool verbose /* true */)   :   1657328841
minutes since epoch   :   27622147
minute of day   :   67
minute of hour   :   7
hour of day   :   1
[2022-07-09 03:07:21.786] [main] [info] Checking timestamp.txt...
[2022-07-09 03:07:21.786] [main] [debug] The timestamp.txt is always written when watering is triggered. It is read to check if I was already done with watering some minutes ago.
previous time_stamp:   27620764
[2022-07-09 03:07:21.786] [main] [info] Checking timestamp.txt   ...DONE!
%%%%%%%%%%     [4] Run the executable   ...DONE!
elapsed time:   2s
=====================================================================================================
