=====================================================================================================
%%%%%%%%%%     [4] Run the executable...
>Please note:  Even if all builds failed, the last built executable is still there and will be started!
> sudo -u mayadm ./ur-unix-run.sh
[2022-07-10 00:31:38.224] [main] [info] Pinging Pump Server Mayson...
[2022-07-10 00:31:39.268] [main] [info] Pinging Pump Server Mayson   ...DONE!
[2022-07-10 00:31:39.268] [main] [info] Pinging all valve stations...
[2022-07-10 00:31:39.578] [main] [info] Pinging all valve stations   ...DONE!
[2022-07-10 00:31:39.578] [main] [info] Fetching timestamp...
std::chrono::system_clock::now().time_since_epoch()   :   1657405899578309992
get_seconds_since_epoch(bool verbose /* true */)   :   1657405899
minutes since epoch   :   27623431
minute of day   :   1351
minute of hour   :   31
hour of day   :   22
[2022-07-10 00:31:39.578] [main] [info] Checking timestamp.txt...
[2022-07-10 00:31:39.578] [main] [debug] The timestamp.txt is always written when watering is triggered. It is read to check if I was already done with watering some minutes ago.
previous time_stamp:   27622208
[2022-07-10 00:31:39.578] [main] [info] Checking timestamp.txt   ...DONE!
%%%%%%%%%%     [4] Run the executable   ...DONE!
elapsed time:   1s
=====================================================================================================
