=====================================================================================================
%%%%%%%%%%     [5] Cleaning git working directory...
> sudo -u mayadm git add -u
> sudo -u mayadm git add *
> sudo -u mayadm git status
Auf Branch routine-4bbb6ebc-1657446878
nichts zu committen, Arbeitsverzeichnis unverändert
> sudo -u mayadm git reset --hard
HEAD ist jetzt bei 4bbb6ebc Merge pull request #48 from Necktschnagge/rolling-update-extrawatering-strawberries
Deleting local working branch...
> sudo -u mayadm git checkout maya-productive
Zu Zweig »maya-productive« gewechselt
Ihr Branch ist auf demselben Stand wie 'origin/maya-productive'.
> sudo -u mayadm git branch -D routine-4bbb6ebc-1657446878
Branch routine-4bbb6ebc-1657446878 entfernt (war 4bbb6ebc).
Finished run 2757!
So 10. Jul 11:54:41 CEST 2022
%%%%%%%%%%     [5] Cleaning git working directory   ...DONE!
elapsed time:   1s
=====================================================================================================
