=====================================================================================================
%%%%%%%%%%     [4] Run the executable...
>Please note:  Even if all builds failed, the last built executable is still there and will be started!
> sudo -u mayadm ./ur-unix-run.sh
[2022-07-11 10:42:41.866] [main] [info] Pinging Pump Server Mayson...
[2022-07-11 10:42:41.971] [main] [info] Pinging Pump Server Mayson   ...DONE!
[2022-07-11 10:42:41.971] [main] [info] Pinging all valve stations...
[2022-07-11 10:42:43.304] [main] [info] Pinging all valve stations   ...DONE!
[2022-07-11 10:42:43.304] [main] [info] Fetching timestamp...
std::chrono::system_clock::now().time_since_epoch()   :   1657528963304657033
get_seconds_since_epoch(bool verbose /* true */)   :   1657528963
minutes since epoch   :   27625482
minute of day   :   522
minute of hour   :   42
hour of day   :   8
[2022-07-11 10:42:43.304] [main] [info] Checking timestamp.txt...
[2022-07-11 10:42:43.304] [main] [debug] The timestamp.txt is always written when watering is triggered. It is read to check if I was already done with watering some minutes ago.
previous time_stamp:   27625083
[2022-07-11 10:42:43.304] [main] [info] Checking timestamp.txt   ...DONE!
%%%%%%%%%%     [4] Run the executable   ...DONE!
elapsed time:   2s
=====================================================================================================
