=====================================================================================================
%%%%%%%%%%     [4] Run the executable...
>Please note:  Even if all builds failed, the last built executable is still there and will be started!
> sudo -u mayadm ./ur-unix-run.sh
[2022-07-11 14:08:57.897] [main] [info] Pinging Pump Server Mayson...
[2022-07-11 14:08:57.951] [main] [info] Pinging Pump Server Mayson   ...DONE!
[2022-07-11 14:08:57.951] [main] [info] Pinging all valve stations...
[2022-07-11 14:08:58.260] [main] [info] Pinging all valve stations   ...DONE!
[2022-07-11 14:08:58.260] [main] [info] Fetching timestamp...
std::chrono::system_clock::now().time_since_epoch()   :   1657541338260617695
get_seconds_since_epoch(bool verbose /* true */)   :   1657541338
minutes since epoch   :   27625688
minute of day   :   728
minute of hour   :   8
hour of day   :   12
[2022-07-11 14:08:58.260] [main] [info] Checking timestamp.txt...
[2022-07-11 14:08:58.260] [main] [debug] The timestamp.txt is always written when watering is triggered. It is read to check if I was already done with watering some minutes ago.
previous time_stamp:   27625083
[2022-07-11 14:08:58.260] [main] [info] Checking timestamp.txt   ...DONE!
%%%%%%%%%%     [4] Run the executable   ...DONE!
elapsed time:   1s
=====================================================================================================
