=====================================================================================================
%%%%%%%%%%     [4] Run the executable...
>Please note:  Even if all builds failed, the last built executable is still there and will be started!
> sudo -u mayadm ./ur-unix-run.sh
[2022-07-11 21:42:42.269] [main] [info] Pinging Pump Server Mayson...
[2022-07-11 21:42:42.294] [main] [info] Pinging Pump Server Mayson   ...DONE!
[2022-07-11 21:42:42.294] [main] [info] Pinging all valve stations...
[2022-07-11 21:42:42.604] [main] [info] Pinging all valve stations   ...DONE!
[2022-07-11 21:42:42.604] [main] [info] Fetching timestamp...
std::chrono::system_clock::now().time_since_epoch()   :   1657568562604527299
get_seconds_since_epoch(bool verbose /* true */)   :   1657568562
minutes since epoch   :   27626142
minute of day   :   1182
minute of hour   :   42
hour of day   :   19
[2022-07-11 21:42:42.604] [main] [info] Checking timestamp.txt...
[2022-07-11 21:42:42.604] [main] [debug] The timestamp.txt is always written when watering is triggered. It is read to check if I was already done with watering some minutes ago.
previous time_stamp:   27625083
[2022-07-11 21:42:42.605] [main] [info] Checking timestamp.txt   ...DONE!
%%%%%%%%%%     [4] Run the executable   ...DONE!
elapsed time:   0s
=====================================================================================================
