=====================================================================================================
%%%%%%%%%%     [4] Run the executable...
>Please note:  Even if all builds failed, the last built executable is still there and will be started!
> sudo -u mayadm ./ur-unix-run.sh
[2022-07-12 05:43:03.685] [main] [info] Pinging Pump Server Mayson...
[2022-07-12 05:43:03.790] [main] [info] Pinging Pump Server Mayson   ...DONE!
[2022-07-12 05:43:03.790] [main] [info] Pinging all valve stations...
[2022-07-12 05:43:04.097] [main] [info] Pinging all valve stations   ...DONE!
[2022-07-12 05:43:04.097] [main] [info] Fetching timestamp...
std::chrono::system_clock::now().time_since_epoch()   :   1657597384097283490
get_seconds_since_epoch(bool verbose /* true */)   :   1657597384
minutes since epoch   :   27626623
minute of day   :   223
minute of hour   :   43
hour of day   :   3
[2022-07-12 05:43:04.097] [main] [info] Checking timestamp.txt...
[2022-07-12 05:43:04.097] [main] [debug] The timestamp.txt is always written when watering is triggered. It is read to check if I was already done with watering some minutes ago.
previous time_stamp:   27626536
[2022-07-12 05:43:04.097] [main] [info] Checking timestamp.txt   ...DONE!
%%%%%%%%%%     [4] Run the executable   ...DONE!
elapsed time:   1s
=====================================================================================================
