=====================================================================================================
%%%%%%%%%%     [4] Run the executable...
>Please note:  Even if all builds failed, the last built executable is still there and will be started!
> sudo -u mayadm ./ur-unix-run.sh
[2022-07-12 19:50:31.791] [main] [info] Pinging Pump Server Mayson...
[2022-07-12 19:50:32.909] [main] [info] Pinging Pump Server Mayson   ...DONE!
[2022-07-12 19:50:32.909] [main] [info] Pinging all valve stations...
[2022-07-12 19:50:33.222] [main] [info] Pinging all valve stations   ...DONE!
[2022-07-12 19:50:33.222] [main] [info] Fetching timestamp...
std::chrono::system_clock::now().time_since_epoch()   :   1657648233222433172
get_seconds_since_epoch(bool verbose /* true */)   :   1657648233
minutes since epoch   :   27627470
minute of day   :   1070
minute of hour   :   50
hour of day   :   17
[2022-07-12 19:50:33.222] [main] [info] Checking timestamp.txt...
[2022-07-12 19:50:33.222] [main] [debug] The timestamp.txt is always written when watering is triggered. It is read to check if I was already done with watering some minutes ago.
previous time_stamp:   27626536
[2022-07-12 19:50:33.222] [main] [info] Checking timestamp.txt   ...DONE!
%%%%%%%%%%     [4] Run the executable   ...DONE!
elapsed time:   2s
=====================================================================================================
