=====================================================================================================
%%%%%%%%%%     [4] Run the executable...
>Please note:  Even if all builds failed, the last built executable is still there and will be started!
> sudo -u mayadm ./ur-unix-run.sh
[2022-07-12 20:11:13.419] [main] [info] Pinging Pump Server Mayson...
[2022-07-12 20:11:13.493] [main] [info] Pinging Pump Server Mayson   ...DONE!
[2022-07-12 20:11:13.494] [main] [info] Pinging all valve stations...
[2022-07-12 20:11:13.794] [main] [info] Pinging all valve stations   ...DONE!
[2022-07-12 20:11:13.794] [main] [info] Fetching timestamp...
std::chrono::system_clock::now().time_since_epoch()   :   1657649473794981738
get_seconds_since_epoch(bool verbose /* true */)   :   1657649473
minutes since epoch   :   27627491
minute of day   :   1091
minute of hour   :   11
hour of day   :   18
[2022-07-12 20:11:13.795] [main] [info] Checking timestamp.txt...
[2022-07-12 20:11:13.795] [main] [debug] The timestamp.txt is always written when watering is triggered. It is read to check if I was already done with watering some minutes ago.
previous time_stamp:   27626536
[2022-07-12 20:11:13.795] [main] [info] Checking timestamp.txt   ...DONE!
%%%%%%%%%%     [4] Run the executable   ...DONE!
elapsed time:   0s
=====================================================================================================
