=====================================================================================================
%%%%%%%%%%     [4] Run the executable...
>Please note:  Even if all builds failed, the last built executable is still there and will be started!
> sudo -u mayadm ./ur-unix-run.sh
[2022-07-14 02:18:45.884] [main] [info] Pinging Pump Server Mayson...
[2022-07-14 02:18:45.946] [main] [info] Pinging Pump Server Mayson   ...DONE!
[2022-07-14 02:18:45.946] [main] [info] Pinging all valve stations...
[2022-07-14 02:18:46.254] [main] [info] Pinging all valve stations   ...DONE!
[2022-07-14 02:18:46.254] [main] [info] Fetching timestamp...
std::chrono::system_clock::now().time_since_epoch()   :   1657757926254723863
get_seconds_since_epoch(bool verbose /* true */)   :   1657757926
minutes since epoch   :   27629298
minute of day   :   18
minute of hour   :   18
hour of day   :   0
[2022-07-14 02:18:46.254] [main] [info] Checking timestamp.txt...
[2022-07-14 02:18:46.254] [main] [debug] The timestamp.txt is always written when watering is triggered. It is read to check if I was already done with watering some minutes ago.
previous time_stamp:   27627966
[2022-07-14 02:18:46.254] [main] [info] Checking timestamp.txt   ...DONE!
%%%%%%%%%%     [4] Run the executable   ...DONE!
elapsed time:   1s
=====================================================================================================
