=====================================================================================================
%%%%%%%%%%     [4] Run the executable...
>Please note:  Even if all builds failed, the last built executable is still there and will be started!
> sudo -u mayadm ./ur-unix-run.sh
[2022-07-16 02:34:49.393] [main] [info] Pinging Pump Server Mayson...
[2022-07-16 02:34:49.478] [main] [info] Pinging Pump Server Mayson   ...DONE!
[2022-07-16 02:34:49.478] [main] [info] Pinging all valve stations...
[2022-07-16 02:34:49.787] [main] [info] Pinging all valve stations   ...DONE!
[2022-07-16 02:34:49.787] [main] [info] Fetching timestamp...
std::chrono::system_clock::now().time_since_epoch()   :   1657931689787724401
get_seconds_since_epoch(bool verbose /* true */)   :   1657931689
minutes since epoch   :   27632194
minute of day   :   34
minute of hour   :   34
hour of day   :   0
[2022-07-16 02:34:49.787] [main] [info] Checking timestamp.txt...
[2022-07-16 02:34:49.787] [main] [debug] The timestamp.txt is always written when watering is triggered. It is read to check if I was already done with watering some minutes ago.
previous time_stamp:   27630857
[2022-07-16 02:34:49.787] [main] [info] Checking timestamp.txt   ...DONE!
%%%%%%%%%%     [4] Run the executable   ...DONE!
elapsed time:   0s
=====================================================================================================
