=====================================================================================================
%%%%%%%%%%     [4] Run the executable...
>Please note:  Even if all builds failed, the last built executable is still there and will be started!
> sudo -u mayadm ./ur-unix-run.sh
[2022-07-16 11:17:24.855] [main] [info] Pinging Pump Server Mayson...
[2022-07-16 11:17:24.966] [main] [info] Pinging Pump Server Mayson   ...DONE!
[2022-07-16 11:17:24.966] [main] [info] Pinging all valve stations...
[2022-07-16 11:17:25.275] [main] [info] Pinging all valve stations   ...DONE!
[2022-07-16 11:17:25.275] [main] [info] Fetching timestamp...
std::chrono::system_clock::now().time_since_epoch()   :   1657963045275299015
get_seconds_since_epoch(bool verbose /* true */)   :   1657963045
minutes since epoch   :   27632717
minute of day   :   557
minute of hour   :   17
hour of day   :   9
[2022-07-16 11:17:25.275] [main] [info] Checking timestamp.txt...
[2022-07-16 11:17:25.275] [main] [debug] The timestamp.txt is always written when watering is triggered. It is read to check if I was already done with watering some minutes ago.
previous time_stamp:   27632298
[2022-07-16 11:17:25.275] [main] [info] Checking timestamp.txt   ...DONE!
%%%%%%%%%%     [4] Run the executable   ...DONE!
elapsed time:   1s
=====================================================================================================
