=====================================================================================================
%%%%%%%%%%     [4] Run the executable...
>Please note:  Even if all builds failed, the last built executable is still there and will be started!
> sudo -u mayadm ./ur-unix-run.sh
[2022-07-16 12:19:45.559] [main] [info] Pinging Pump Server Mayson...
[2022-07-16 12:19:45.640] [main] [info] Pinging Pump Server Mayson   ...DONE!
[2022-07-16 12:19:45.640] [main] [info] Pinging all valve stations...
[2022-07-16 12:19:45.947] [main] [info] Pinging all valve stations   ...DONE!
[2022-07-16 12:19:45.947] [main] [info] Fetching timestamp...
std::chrono::system_clock::now().time_since_epoch()   :   1657966785947789753
get_seconds_since_epoch(bool verbose /* true */)   :   1657966785
minutes since epoch   :   27632779
minute of day   :   619
minute of hour   :   19
hour of day   :   10
[2022-07-16 12:19:45.947] [main] [info] Checking timestamp.txt...
[2022-07-16 12:19:45.947] [main] [debug] The timestamp.txt is always written when watering is triggered. It is read to check if I was already done with watering some minutes ago.
previous time_stamp:   27632298
[2022-07-16 12:19:45.948] [main] [info] Checking timestamp.txt   ...DONE!
%%%%%%%%%%     [4] Run the executable   ...DONE!
elapsed time:   1s
=====================================================================================================
