=====================================================================================================
%%%%%%%%%%     [4] Run the executable...
>Please note:  Even if all builds failed, the last built executable is still there and will be started!
> sudo -u mayadm ./ur-unix-run.sh
[2022-07-16 14:24:34.018] [main] [info] Pinging Pump Server Mayson...
[2022-07-16 14:24:34.108] [main] [info] Pinging Pump Server Mayson   ...DONE!
[2022-07-16 14:24:34.108] [main] [info] Pinging all valve stations...
[2022-07-16 14:24:34.417] [main] [info] Pinging all valve stations   ...DONE!
[2022-07-16 14:24:34.417] [main] [info] Fetching timestamp...
std::chrono::system_clock::now().time_since_epoch()   :   1657974274417995849
get_seconds_since_epoch(bool verbose /* true */)   :   1657974274
minutes since epoch   :   27632904
minute of day   :   744
minute of hour   :   24
hour of day   :   12
[2022-07-16 14:24:34.418] [main] [info] Checking timestamp.txt...
[2022-07-16 14:24:34.418] [main] [debug] The timestamp.txt is always written when watering is triggered. It is read to check if I was already done with watering some minutes ago.
previous time_stamp:   27632298
[2022-07-16 14:24:34.418] [main] [info] Checking timestamp.txt   ...DONE!
%%%%%%%%%%     [4] Run the executable   ...DONE!
elapsed time:   1s
=====================================================================================================
