=====================================================================================================
%%%%%%%%%%     [6] Uploading logs and go sleeping...
> sudo -u mayadm git checkout artifacts
Zu Zweig »artifacts« gewechselt
Ihr Branch ist auf demselben Stand wie 'origin/artifacts'.
> sudo -u mayadm git pull
Bereits aktuell.
> sudo -u mayadm git merge maya-productive
Bereits aktuell.
> sudo -u mayadm git add "../artifacts/logs/3207-*.log" -f
> sudo -u mayadm git add "../artifacts/logs/3206-*.log" -f
> sudo -u mayadm git commit -m "logs at 2022-07-17--05h48"
[artifacts 7ca226af] logs at 2022-07-17--05h48
 6 files changed, 263 insertions(+)
 create mode 100644 maya/artifacts/logs/3206--2022-07-17--05h27---6.log
 create mode 100644 maya/artifacts/logs/3207--2022-07-17--05h48---1.log
 create mode 100644 maya/artifacts/logs/3207--2022-07-17--05h48---2.log
 create mode 100644 maya/artifacts/logs/3207--2022-07-17--05h48---3.log
 create mode 100644 maya/artifacts/logs/3207--2022-07-17--05h48---4.log
 create mode 100644 maya/artifacts/logs/3207--2022-07-17--05h48---5.log
> sudo -u mayadm git push
To https://github.com/Necktschnagge/wired-watering
   804810ea..7ca226af  artifacts -> artifacts
> sudo -u mayadm git checkout maya-productive
Zu Zweig »maya-productive« gewechselt
Ihr Branch ist auf demselben Stand wie 'origin/maya-productive'.
> sudo -u mayadm git push
Everything up-to-date
##############################################################
###################                        ###################
###################     GOING TO SLEEP     ###################
###################                        ###################
##############################################################
#######                                                #######
#######   Press CTRL + C NOW to abort script safely!   #######
#######                                                #######
##############################################################
##############################################################
#######                                                #######
#######               NOW GOING TO SLEEP               #######
#######                                                #######
##############################################################
> rtcwake -m mem -s 1200
rtcwake: RTC wird als UTC interpretiert …
rtcwake: aufwachen von „mem“ durch /dev/rtc0 bei Sun Jul 17 04:09:21 2022
##############################################################
#######                                                #######
#######            just waked up from sleep            #######
#######                                                #######
##############################################################
%%%%%%%%%%     [6] Uploading logs and go sleeping   ...DONE!
elapsed time:   1222s
=====================================================================================================
