=====================================================================================================
%%%%%%%%%%     [6] Uploading logs and go sleeping...
> sudo -u mayadm git checkout artifacts
Zu Zweig »artifacts« gewechselt
Ihr Branch ist auf demselben Stand wie 'origin/artifacts'.
> sudo -u mayadm git pull
Bereits aktuell.
> sudo -u mayadm git merge maya-productive
Bereits aktuell.
> sudo -u mayadm git add "../artifacts/logs/3219-*.log" -f
> sudo -u mayadm git add "../artifacts/logs/3218-*.log" -f
> sudo -u mayadm git commit -m "logs at 2022-07-17--09h58"
[artifacts 0d2908cb] logs at 2022-07-17--09h58
 6 files changed, 263 insertions(+)
 create mode 100644 maya/artifacts/logs/3218--2022-07-17--09h37---6.log
 create mode 100644 maya/artifacts/logs/3219--2022-07-17--09h58---1.log
 create mode 100644 maya/artifacts/logs/3219--2022-07-17--09h58---2.log
 create mode 100644 maya/artifacts/logs/3219--2022-07-17--09h58---3.log
 create mode 100644 maya/artifacts/logs/3219--2022-07-17--09h58---4.log
 create mode 100644 maya/artifacts/logs/3219--2022-07-17--09h58---5.log
> sudo -u mayadm git push
To https://github.com/Necktschnagge/wired-watering
   286efe5a..0d2908cb  artifacts -> artifacts
> sudo -u mayadm git checkout maya-productive
Zu Zweig »maya-productive« gewechselt
Ihr Branch ist auf demselben Stand wie 'origin/maya-productive'.
> sudo -u mayadm git push
Everything up-to-date
##############################################################
###################                        ###################
###################     GOING TO SLEEP     ###################
###################                        ###################
##############################################################
#######                                                #######
#######   Press CTRL + C NOW to abort script safely!   #######
#######                                                #######
##############################################################
##############################################################
#######                                                #######
#######               NOW GOING TO SLEEP               #######
#######                                                #######
##############################################################
> rtcwake -m mem -s 1200
rtcwake: RTC wird als UTC interpretiert …
rtcwake: aufwachen von „mem“ durch /dev/rtc0 bei Sun Jul 17 08:19:14 2022
##############################################################
#######                                                #######
#######            just waked up from sleep            #######
#######                                                #######
##############################################################
%%%%%%%%%%     [6] Uploading logs and go sleeping   ...DONE!
elapsed time:   1225s
=====================================================================================================
