=====================================================================================================
%%%%%%%%%%     [4] Run the executable...
>Please note:  Even if all builds failed, the last built executable is still there and will be started!
> sudo -u mayadm ./ur-unix-run.sh
[2022-07-17 09:58:50.926] [main] [info] Pinging Pump Server Mayson...
[2022-07-17 09:58:51.037] [main] [info] Pinging Pump Server Mayson   ...DONE!
[2022-07-17 09:58:51.037] [main] [info] Pinging all valve stations...
[2022-07-17 09:58:52.471] [main] [info] Pinging all valve stations   ...DONE!
[2022-07-17 09:58:52.471] [main] [info] Fetching timestamp...
std::chrono::system_clock::now().time_since_epoch()   :   1658044732471785354
get_seconds_since_epoch(bool verbose /* true */)   :   1658044732
minutes since epoch   :   27634078
minute of day   :   478
minute of hour   :   58
hour of day   :   7
[2022-07-17 09:58:52.471] [main] [info] Checking timestamp.txt...
[2022-07-17 09:58:52.471] [main] [debug] The timestamp.txt is always written when watering is triggered. It is read to check if I was already done with watering some minutes ago.
previous time_stamp:   27633738
[2022-07-17 09:58:52.471] [main] [info] Checking timestamp.txt   ...DONE!
%%%%%%%%%%     [4] Run the executable   ...DONE!
elapsed time:   2s
=====================================================================================================
