=====================================================================================================
%%%%%%%%%%     [6] Uploading logs and go sleeping...
> sudo -u mayadm git checkout artifacts
Zu Zweig »artifacts« gewechselt
Ihr Branch ist 1 Commit vor 'origin/artifacts'.
  (benutzen Sie "git push", um lokale Commits zu publizieren)
> sudo -u mayadm git pull
Bereits aktuell.
> sudo -u mayadm git merge maya-productive
Bereits aktuell.
> sudo -u mayadm git add "../artifacts/logs/3233-*.log" -f
> sudo -u mayadm git add "../artifacts/logs/3232-*.log" -f
> sudo -u mayadm git commit -m "logs at 2022-07-17--14h50"
[artifacts 32b3dd9a] logs at 2022-07-17--14h50
 6 files changed, 262 insertions(+)
 create mode 100644 maya/artifacts/logs/3232--2022-07-17--14h29---6.log
 create mode 100644 maya/artifacts/logs/3233--2022-07-17--14h50---1.log
 create mode 100644 maya/artifacts/logs/3233--2022-07-17--14h50---2.log
 create mode 100644 maya/artifacts/logs/3233--2022-07-17--14h50---3.log
 create mode 100644 maya/artifacts/logs/3233--2022-07-17--14h50---4.log
 create mode 100644 maya/artifacts/logs/3233--2022-07-17--14h50---5.log
> sudo -u mayadm git push
To https://github.com/Necktschnagge/wired-watering
   c43791c0..32b3dd9a  artifacts -> artifacts
> sudo -u mayadm git checkout maya-productive
Zu Zweig »maya-productive« gewechselt
Ihr Branch ist auf demselben Stand wie 'origin/maya-productive'.
> sudo -u mayadm git push
Everything up-to-date
##############################################################
###################                        ###################
###################     GOING TO SLEEP     ###################
###################                        ###################
##############################################################
#######                                                #######
#######   Press CTRL + C NOW to abort script safely!   #######
#######                                                #######
##############################################################
##############################################################
#######                                                #######
#######               NOW GOING TO SLEEP               #######
#######                                                #######
##############################################################
> rtcwake -m mem -s 1200
rtcwake: RTC wird als UTC interpretiert …
rtcwake: aufwachen von „mem“ durch /dev/rtc0 bei Sun Jul 17 13:10:52 2022
##############################################################
#######                                                #######
#######            just waked up from sleep            #######
#######                                                #######
##############################################################
%%%%%%%%%%     [6] Uploading logs and go sleeping   ...DONE!
elapsed time:   1224s
=====================================================================================================
