=====================================================================================================
%%%%%%%%%%     [4] Run the executable...
>Please note:  Even if all builds failed, the last built executable is still there and will be started!
> sudo -u mayadm ./ur-unix-run.sh
[2022-07-17 23:53:36.694] [main] [info] Pinging Pump Server Mayson...
[2022-07-17 23:53:36.776] [main] [info] Pinging Pump Server Mayson   ...DONE!
[2022-07-17 23:53:36.776] [main] [info] Pinging all valve stations...
[2022-07-17 23:53:37.084] [main] [info] Pinging all valve stations   ...DONE!
[2022-07-17 23:53:37.084] [main] [info] Fetching timestamp...
std::chrono::system_clock::now().time_since_epoch()   :   1658094817084984532
get_seconds_since_epoch(bool verbose /* true */)   :   1658094817
minutes since epoch   :   27634913
minute of day   :   1313
minute of hour   :   53
hour of day   :   21
[2022-07-17 23:53:37.085] [main] [info] Checking timestamp.txt...
[2022-07-17 23:53:37.085] [main] [debug] The timestamp.txt is always written when watering is triggered. It is read to check if I was already done with watering some minutes ago.
previous time_stamp:   27633738
[2022-07-17 23:53:37.085] [main] [info] Checking timestamp.txt   ...DONE!
%%%%%%%%%%     [4] Run the executable   ...DONE!
elapsed time:   1s
=====================================================================================================
