=====================================================================================================
%%%%%%%%%%     [4] Run the executable...
>Please note:  Even if all builds failed, the last built executable is still there and will be started!
> sudo -u mayadm ./ur-unix-run.sh
[2022-07-18 01:58:48.822] [main] [info] Pinging Pump Server Mayson...
[2022-07-18 01:58:48.863] [main] [info] Pinging Pump Server Mayson   ...DONE!
[2022-07-18 01:58:48.863] [main] [info] Pinging all valve stations...
[2022-07-18 01:58:49.178] [main] [info] Pinging all valve stations   ...DONE!
[2022-07-18 01:58:49.178] [main] [info] Fetching timestamp...
std::chrono::system_clock::now().time_since_epoch()   :   1658102329178033422
get_seconds_since_epoch(bool verbose /* true */)   :   1658102329
minutes since epoch   :   27635038
minute of day   :   1438
minute of hour   :   58
hour of day   :   23
[2022-07-18 01:58:49.178] [main] [info] Checking timestamp.txt...
[2022-07-18 01:58:49.178] [main] [debug] The timestamp.txt is always written when watering is triggered. It is read to check if I was already done with watering some minutes ago.
previous time_stamp:   27633738
[2022-07-18 01:58:49.178] [main] [info] Checking timestamp.txt   ...DONE!
%%%%%%%%%%     [4] Run the executable   ...DONE!
elapsed time:   1s
=====================================================================================================
