=====================================================================================================
%%%%%%%%%%     [4] Run the executable...
>Please note:  Even if all builds failed, the last built executable is still there and will be started!
> sudo -u mayadm ./ur-unix-run.sh
[2022-07-18 17:00:28.920] [main] [info] Pinging Pump Server Mayson...
[2022-07-18 17:00:29.022] [main] [info] Pinging Pump Server Mayson   ...DONE!
[2022-07-18 17:00:29.022] [main] [info] Pinging all valve stations...
[2022-07-18 17:00:29.330] [main] [info] Pinging all valve stations   ...DONE!
[2022-07-18 17:00:29.330] [main] [info] Fetching timestamp...
std::chrono::system_clock::now().time_since_epoch()   :   1658156429330937669
get_seconds_since_epoch(bool verbose /* true */)   :   1658156429
minutes since epoch   :   27635940
minute of day   :   900
minute of hour   :   0
hour of day   :   15
[2022-07-18 17:00:29.330] [main] [info] Checking timestamp.txt...
[2022-07-18 17:00:29.330] [main] [debug] The timestamp.txt is always written when watering is triggered. It is read to check if I was already done with watering some minutes ago.
previous time_stamp:   27635164
[2022-07-18 17:00:29.331] [main] [info] Checking timestamp.txt   ...DONE!
%%%%%%%%%%     [4] Run the executable   ...DONE!
elapsed time:   1s
=====================================================================================================
