=====================================================================================================
%%%%%%%%%%     [4] Run the executable...
>Please note:  Even if all builds failed, the last built executable is still there and will be started!
> sudo -u mayadm ./ur-unix-run.sh
[2022-07-18 21:53:39.922] [main] [info] Pinging Pump Server Mayson...
[2022-07-18 21:53:39.998] [main] [info] Pinging Pump Server Mayson   ...DONE!
[2022-07-18 21:53:39.998] [main] [info] Pinging all valve stations...
[2022-07-18 21:53:40.311] [main] [info] Pinging all valve stations   ...DONE!
[2022-07-18 21:53:40.311] [main] [info] Fetching timestamp...
std::chrono::system_clock::now().time_since_epoch()   :   1658174020311298699
get_seconds_since_epoch(bool verbose /* true */)   :   1658174020
minutes since epoch   :   27636233
minute of day   :   1193
minute of hour   :   53
hour of day   :   19
[2022-07-18 21:53:40.311] [main] [info] Checking timestamp.txt...
[2022-07-18 21:53:40.311] [main] [debug] The timestamp.txt is always written when watering is triggered. It is read to check if I was already done with watering some minutes ago.
previous time_stamp:   27635164
[2022-07-18 21:53:40.311] [main] [info] Checking timestamp.txt   ...DONE!
%%%%%%%%%%     [4] Run the executable   ...DONE!
elapsed time:   1s
=====================================================================================================
