=====================================================================================================
%%%%%%%%%%     [6] Uploading logs and go sleeping...
> sudo -u mayadm git checkout artifacts
Zu Zweig »artifacts« gewechselt
Ihr Branch ist auf demselben Stand wie 'origin/artifacts'.
> sudo -u mayadm git pull
Bereits aktuell.
> sudo -u mayadm git merge maya-productive
Bereits aktuell.
> sudo -u mayadm git add "../artifacts/logs/3410-*.log" -f
> sudo -u mayadm git add "../artifacts/logs/3409-*.log" -f
> sudo -u mayadm git commit -m "logs at 2022-07-20--07h39"
[artifacts 49b22fc1] logs at 2022-07-20--07h39
 6 files changed, 263 insertions(+)
 create mode 100644 maya/artifacts/logs/3409--2022-07-20--07h18---6.log
 create mode 100644 maya/artifacts/logs/3410--2022-07-20--07h39---1.log
 create mode 100644 maya/artifacts/logs/3410--2022-07-20--07h39---2.log
 create mode 100644 maya/artifacts/logs/3410--2022-07-20--07h39---3.log
 create mode 100644 maya/artifacts/logs/3410--2022-07-20--07h39---4.log
 create mode 100644 maya/artifacts/logs/3410--2022-07-20--07h39---5.log
> sudo -u mayadm git push
To https://github.com/Necktschnagge/wired-watering
   c073c43b..49b22fc1  artifacts -> artifacts
> sudo -u mayadm git checkout maya-productive
Zu Zweig »maya-productive« gewechselt
Ihr Branch ist auf demselben Stand wie 'origin/maya-productive'.
> sudo -u mayadm git push
Everything up-to-date
##############################################################
###################                        ###################
###################     GOING TO SLEEP     ###################
###################                        ###################
##############################################################
#######                                                #######
#######   Press CTRL + C NOW to abort script safely!   #######
#######                                                #######
##############################################################
##############################################################
#######                                                #######
#######               NOW GOING TO SLEEP               #######
#######                                                #######
##############################################################
> rtcwake -m mem -s 1200
rtcwake: RTC wird als UTC interpretiert …
rtcwake: aufwachen von „mem“ durch /dev/rtc0 bei Wed Jul 20 06:00:51 2022
##############################################################
#######                                                #######
#######            just waked up from sleep            #######
#######                                                #######
##############################################################
%%%%%%%%%%     [6] Uploading logs and go sleeping   ...DONE!
elapsed time:   1224s
=====================================================================================================
