=====================================================================================================
%%%%%%%%%%     [4] Run the executable...
>Please note:  Even if all builds failed, the last built executable is still there and will be started!
> sudo -u mayadm ./ur-unix-run.sh
[2022-07-20 20:18:20.721] [main] [info] Pinging Pump Server Mayson...
[2022-07-20 20:18:20.802] [main] [info] Pinging Pump Server Mayson   ...DONE!
[2022-07-20 20:18:20.802] [main] [info] Pinging all valve stations...
[2022-07-20 20:18:21.202] [main] [info] Pinging all valve stations   ...DONE!
[2022-07-20 20:18:21.202] [main] [info] Fetching timestamp...
std::chrono::system_clock::now().time_since_epoch()   :   1658341101202421679
get_seconds_since_epoch(bool verbose /* true */)   :   1658341101
minutes since epoch   :   27639018
minute of day   :   1098
minute of hour   :   18
hour of day   :   18
[2022-07-20 20:18:21.202] [main] [info] Checking timestamp.txt...
[2022-07-20 20:18:21.202] [main] [debug] The timestamp.txt is always written when watering is triggered. It is read to check if I was already done with watering some minutes ago.
previous time_stamp:   27638047
[2022-07-20 20:18:21.202] [main] [info] Checking timestamp.txt   ...DONE!
%%%%%%%%%%     [4] Run the executable   ...DONE!
elapsed time:   1s
=====================================================================================================
