=====================================================================================================
%%%%%%%%%%     [6] Uploading logs and go sleeping...
> sudo -u mayadm git checkout artifacts
Zu Zweig »artifacts« gewechselt
Ihr Branch ist auf demselben Stand wie 'origin/artifacts'.
> sudo -u mayadm git pull
Bereits aktuell.
> sudo -u mayadm git merge maya-productive
Bereits aktuell.
> sudo -u mayadm git add "../artifacts/logs/3469-*.log" -f
> sudo -u mayadm git add "../artifacts/logs/3468-*.log" -f
> sudo -u mayadm git commit -m "logs at 2022-07-21--05h12"
[artifacts 2b73804c] logs at 2022-07-21--05h12
 6 files changed, 263 insertions(+)
 create mode 100644 maya/artifacts/logs/3468--2022-07-21--04h01---6.log
 create mode 100644 maya/artifacts/logs/3469--2022-07-21--05h12---1.log
 create mode 100644 maya/artifacts/logs/3469--2022-07-21--05h12---2.log
 create mode 100644 maya/artifacts/logs/3469--2022-07-21--05h12---3.log
 create mode 100644 maya/artifacts/logs/3469--2022-07-21--05h12---4.log
 create mode 100644 maya/artifacts/logs/3469--2022-07-21--05h12---5.log
> sudo -u mayadm git push
To https://github.com/Necktschnagge/wired-watering
   6b55026e..2b73804c  artifacts -> artifacts
> sudo -u mayadm git checkout maya-productive
Zu Zweig »maya-productive« gewechselt
Ihr Branch ist auf demselben Stand wie 'origin/maya-productive'.
> sudo -u mayadm git push
Everything up-to-date
##############################################################
###################                        ###################
###################     GOING TO SLEEP     ###################
###################                        ###################
##############################################################
#######                                                #######
#######   Press CTRL + C NOW to abort script safely!   #######
#######                                                #######
##############################################################
##############################################################
#######                                                #######
#######               NOW GOING TO SLEEP               #######
#######                                                #######
##############################################################
> rtcwake -m mem -s 1200
rtcwake: RTC wird als UTC interpretiert …
rtcwake: aufwachen von „mem“ durch /dev/rtc0 bei Thu Jul 21 03:33:17 2022
##############################################################
#######                                                #######
#######            just waked up from sleep            #######
#######                                                #######
##############################################################
%%%%%%%%%%     [6] Uploading logs and go sleeping   ...DONE!
elapsed time:   1225s
=====================================================================================================
