=====================================================================================================
%%%%%%%%%%     [4] Run the executable...
>Please note:  Even if all builds failed, the last built executable is still there and will be started!
> sudo -u mayadm ./ur-unix-run.sh
[2022-07-21 12:57:40.140] [main] [info] Pinging Pump Server Mayson...
[2022-07-21 12:57:40.253] [main] [info] Pinging Pump Server Mayson   ...DONE!
[2022-07-21 12:57:40.253] [main] [info] Pinging all valve stations...
[2022-07-21 12:57:40.774] [main] [info] Pinging all valve stations   ...DONE!
[2022-07-21 12:57:40.774] [main] [info] Fetching timestamp...
std::chrono::system_clock::now().time_since_epoch()   :   1658401060774999820
get_seconds_since_epoch(bool verbose /* true */)   :   1658401060
minutes since epoch   :   27640017
minute of day   :   657
minute of hour   :   57
hour of day   :   10
[2022-07-21 12:57:40.775] [main] [info] Checking timestamp.txt...
[2022-07-21 12:57:40.775] [main] [debug] The timestamp.txt is always written when watering is triggered. It is read to check if I was already done with watering some minutes ago.
previous time_stamp:   27639482
[2022-07-21 12:57:40.775] [main] [info] Checking timestamp.txt   ...DONE!
%%%%%%%%%%     [4] Run the executable   ...DONE!
elapsed time:   0s
=====================================================================================================
