=====================================================================================================
%%%%%%%%%%     [6] Uploading logs and go sleeping...
> sudo -u mayadm git checkout artifacts
Zu Zweig »artifacts« gewechselt
Ihr Branch ist auf demselben Stand wie 'origin/artifacts'.
> sudo -u mayadm git pull
Bereits aktuell.
> sudo -u mayadm git merge maya-productive
Bereits aktuell.
> sudo -u mayadm git add "../artifacts/logs/3520-*.log" -f
> sudo -u mayadm git add "../artifacts/logs/3519-*.log" -f
> sudo -u mayadm git commit -m "logs at 2022-07-21--23h09"
[artifacts 93dc1b8a] logs at 2022-07-21--23h09
 6 files changed, 266 insertions(+)
 create mode 100644 maya/artifacts/logs/3519--2022-07-21--22h48---6.log
 create mode 100644 maya/artifacts/logs/3520--2022-07-21--23h09---1.log
 create mode 100644 maya/artifacts/logs/3520--2022-07-21--23h09---2.log
 create mode 100644 maya/artifacts/logs/3520--2022-07-21--23h09---3.log
 create mode 100644 maya/artifacts/logs/3520--2022-07-21--23h09---4.log
 create mode 100644 maya/artifacts/logs/3520--2022-07-21--23h09---5.log
> sudo -u mayadm git push
To https://github.com/Necktschnagge/wired-watering
   00646eff..93dc1b8a  artifacts -> artifacts
> sudo -u mayadm git checkout maya-productive
Zu Zweig »maya-productive« gewechselt
Ihr Branch ist auf demselben Stand wie 'origin/maya-productive'.
> sudo -u mayadm git push
Everything up-to-date
##############################################################
###################                        ###################
###################     GOING TO SLEEP     ###################
###################                        ###################
##############################################################
#######                                                #######
#######   Press CTRL + C NOW to abort script safely!   #######
#######                                                #######
##############################################################
##############################################################
#######                                                #######
#######               NOW GOING TO SLEEP               #######
#######                                                #######
##############################################################
> rtcwake -m mem -s 1200
rtcwake: RTC wird als UTC interpretiert …
rtcwake: aufwachen von „mem“ durch /dev/rtc0 bei Thu Jul 21 21:30:06 2022
##############################################################
#######                                                #######
#######            just waked up from sleep            #######
#######                                                #######
##############################################################
%%%%%%%%%%     [6] Uploading logs and go sleeping   ...DONE!
elapsed time:   1225s
=====================================================================================================
