=====================================================================================================
%%%%%%%%%%     [4] Run the executable...
>Please note:  Even if all builds failed, the last built executable is still there and will be started!
> sudo -u mayadm ./ur-unix-run.sh
[2022-07-22 22:25:37.169] [main] [info] Pinging Pump Server Mayson...
[2022-07-22 22:25:37.243] [main] [info] Pinging Pump Server Mayson   ...DONE!
[2022-07-22 22:25:37.243] [main] [info] Pinging all valve stations...
[2022-07-22 22:25:37.552] [main] [info] Pinging all valve stations   ...DONE!
[2022-07-22 22:25:37.552] [main] [info] Fetching timestamp...
std::chrono::system_clock::now().time_since_epoch()   :   1658521537552368164
get_seconds_since_epoch(bool verbose /* true */)   :   1658521537
minutes since epoch   :   27642025
minute of day   :   1225
minute of hour   :   25
hour of day   :   20
[2022-07-22 22:25:37.552] [main] [info] Checking timestamp.txt...
[2022-07-22 22:25:37.552] [main] [debug] The timestamp.txt is always written when watering is triggered. It is read to check if I was already done with watering some minutes ago.
previous time_stamp:   27640924
[2022-07-22 22:25:37.552] [main] [info] Checking timestamp.txt   ...DONE!
%%%%%%%%%%     [4] Run the executable   ...DONE!
elapsed time:   0s
=====================================================================================================
