=====================================================================================================
%%%%%%%%%%     [6] Uploading logs and go sleeping...
> sudo -u mayadm git checkout artifacts
Zu Zweig »artifacts« gewechselt
Ihr Branch ist auf demselben Stand wie 'origin/artifacts'.
> sudo -u mayadm git pull
Bereits aktuell.
> sudo -u mayadm git merge maya-productive
Bereits aktuell.
> sudo -u mayadm git add "../artifacts/logs/3617-*.log" -f
> sudo -u mayadm git add "../artifacts/logs/3616-*.log" -f
> sudo -u mayadm git commit -m "logs at 2022-07-23--11h14"
[artifacts 9e88bc85] logs at 2022-07-23--11h14
 6 files changed, 267 insertions(+)
 create mode 100644 maya/artifacts/logs/3616--2022-07-23--10h53---6.log
 create mode 100644 maya/artifacts/logs/3617--2022-07-23--11h14---1.log
 create mode 100644 maya/artifacts/logs/3617--2022-07-23--11h14---2.log
 create mode 100644 maya/artifacts/logs/3617--2022-07-23--11h14---3.log
 create mode 100644 maya/artifacts/logs/3617--2022-07-23--11h14---4.log
 create mode 100644 maya/artifacts/logs/3617--2022-07-23--11h14---5.log
> sudo -u mayadm git push
To https://github.com/Necktschnagge/wired-watering
   01f63b4d..9e88bc85  artifacts -> artifacts
> sudo -u mayadm git checkout maya-productive
Zu Zweig »maya-productive« gewechselt
Ihr Branch ist auf demselben Stand wie 'origin/maya-productive'.
> sudo -u mayadm git push
Everything up-to-date
##############################################################
###################                        ###################
###################     GOING TO SLEEP     ###################
###################                        ###################
##############################################################
#######                                                #######
#######   Press CTRL + C NOW to abort script safely!   #######
#######                                                #######
##############################################################
##############################################################
#######                                                #######
#######               NOW GOING TO SLEEP               #######
#######                                                #######
##############################################################
> rtcwake -m mem -s 1200
rtcwake: RTC wird als UTC interpretiert …
rtcwake: aufwachen von „mem“ durch /dev/rtc0 bei Sat Jul 23 09:35:52 2022
##############################################################
#######                                                #######
#######            just waked up from sleep            #######
#######                                                #######
##############################################################
%%%%%%%%%%     [6] Uploading logs and go sleeping   ...DONE!
elapsed time:   1225s
=====================================================================================================
