=====================================================================================================
%%%%%%%%%%     [4] Run the executable...
>Please note:  Even if all builds failed, the last built executable is still there and will be started!
> sudo -u mayadm ./ur-unix-run.sh
[2022-07-24 11:40:35.635] [main] [info] Pinging Pump Server Mayson...
[2022-07-24 11:40:35.706] [main] [info] Pinging Pump Server Mayson   ...DONE!
[2022-07-24 11:40:35.706] [main] [info] Pinging all valve stations...
[2022-07-24 11:40:36.016] [main] [info] Pinging all valve stations   ...DONE!
[2022-07-24 11:40:36.016] [main] [info] Fetching timestamp...
std::chrono::system_clock::now().time_since_epoch()   :   1658655636016159554
get_seconds_since_epoch(bool verbose /* true */)   :   1658655636
minutes since epoch   :   27644260
minute of day   :   580
minute of hour   :   40
hour of day   :   9
[2022-07-24 11:40:36.016] [main] [info] Checking timestamp.txt...
[2022-07-24 11:40:36.016] [main] [debug] The timestamp.txt is always written when watering is triggered. It is read to check if I was already done with watering some minutes ago.
previous time_stamp:   27643813
[2022-07-24 11:40:36.016] [main] [info] Checking timestamp.txt   ...DONE!
%%%%%%%%%%     [4] Run the executable   ...DONE!
elapsed time:   1s
=====================================================================================================
