=====================================================================================================
%%%%%%%%%%     [4] Run the executable...
>Please note:  Even if all builds failed, the last built executable is still there and will be started!
> sudo -u mayadm ./ur-unix-run.sh
[2022-07-24 18:45:21.787] [main] [info] Pinging Pump Server Mayson...
[2022-07-24 18:45:21.870] [main] [info] Pinging Pump Server Mayson   ...DONE!
[2022-07-24 18:45:21.870] [main] [info] Pinging all valve stations...
[2022-07-24 18:45:22.180] [main] [info] Pinging all valve stations   ...DONE!
[2022-07-24 18:45:22.180] [main] [info] Fetching timestamp...
std::chrono::system_clock::now().time_since_epoch()   :   1658681122180840183
get_seconds_since_epoch(bool verbose /* true */)   :   1658681122
minutes since epoch   :   27644685
minute of day   :   1005
minute of hour   :   45
hour of day   :   16
[2022-07-24 18:45:22.180] [main] [info] Checking timestamp.txt...
[2022-07-24 18:45:22.180] [main] [debug] The timestamp.txt is always written when watering is triggered. It is read to check if I was already done with watering some minutes ago.
previous time_stamp:   27643813
[2022-07-24 18:45:22.181] [main] [info] Checking timestamp.txt   ...DONE!
%%%%%%%%%%     [4] Run the executable   ...DONE!
elapsed time:   1s
=====================================================================================================
