=====================================================================================================
%%%%%%%%%%     [6] Uploading logs and go sleeping...
> sudo -u mayadm git checkout artifacts
Zu Zweig »artifacts« gewechselt
Ihr Branch ist 1 Commit vor 'origin/artifacts'.
  (benutzen Sie "git push", um lokale Commits zu publizieren)
> sudo -u mayadm git pull
Bereits aktuell.
> sudo -u mayadm git merge maya-productive
Bereits aktuell.
> sudo -u mayadm git add "../artifacts/logs/3721-*.log" -f
> sudo -u mayadm git add "../artifacts/logs/3720-*.log" -f
> sudo -u mayadm git commit -m "logs at 2022-07-25--01h07"
[artifacts a647ae5a] logs at 2022-07-25--01h07
 6 files changed, 261 insertions(+)
 create mode 100644 maya/artifacts/logs/3720--2022-07-25--00h46---6.log
 create mode 100644 maya/artifacts/logs/3721--2022-07-25--01h07---1.log
 create mode 100644 maya/artifacts/logs/3721--2022-07-25--01h07---2.log
 create mode 100644 maya/artifacts/logs/3721--2022-07-25--01h07---3.log
 create mode 100644 maya/artifacts/logs/3721--2022-07-25--01h07---4.log
 create mode 100644 maya/artifacts/logs/3721--2022-07-25--01h07---5.log
> sudo -u mayadm git push
To https://github.com/Necktschnagge/wired-watering
   264dc6f3..a647ae5a  artifacts -> artifacts
> sudo -u mayadm git checkout maya-productive
Zu Zweig »maya-productive« gewechselt
Ihr Branch ist auf demselben Stand wie 'origin/maya-productive'.
> sudo -u mayadm git push
Everything up-to-date
##############################################################
###################                        ###################
###################     GOING TO SLEEP     ###################
###################                        ###################
##############################################################
#######                                                #######
#######   Press CTRL + C NOW to abort script safely!   #######
#######                                                #######
##############################################################
##############################################################
#######                                                #######
#######               NOW GOING TO SLEEP               #######
#######                                                #######
##############################################################
> rtcwake -m mem -s 1200
rtcwake: RTC wird als UTC interpretiert …
rtcwake: aufwachen von „mem“ durch /dev/rtc0 bei Sun Jul 24 23:28:41 2022
##############################################################
#######                                                #######
#######            just waked up from sleep            #######
#######                                                #######
##############################################################
%%%%%%%%%%     [6] Uploading logs and go sleeping   ...DONE!
elapsed time:   1226s
=====================================================================================================
