=====================================================================================================
%%%%%%%%%%     [6] Uploading logs and go sleeping...
> sudo -u mayadm git checkout artifacts
Zu Zweig »artifacts« gewechselt
Ihr Branch ist auf demselben Stand wie 'origin/artifacts'.
> sudo -u mayadm git pull
Bereits aktuell.
> sudo -u mayadm git merge maya-productive
Bereits aktuell.
> sudo -u mayadm git add "../artifacts/logs/3731-*.log" -f
> sudo -u mayadm git add "../artifacts/logs/3730-*.log" -f
> sudo -u mayadm git commit -m "logs at 2022-07-25--05h29"
[artifacts 2eed51cb] logs at 2022-07-25--05h29
 6 files changed, 263 insertions(+)
 create mode 100644 maya/artifacts/logs/3730--2022-07-25--04h19---6.log
 create mode 100644 maya/artifacts/logs/3731--2022-07-25--05h29---1.log
 create mode 100644 maya/artifacts/logs/3731--2022-07-25--05h29---2.log
 create mode 100644 maya/artifacts/logs/3731--2022-07-25--05h29---3.log
 create mode 100644 maya/artifacts/logs/3731--2022-07-25--05h29---4.log
 create mode 100644 maya/artifacts/logs/3731--2022-07-25--05h29---5.log
> sudo -u mayadm git push
To https://github.com/Necktschnagge/wired-watering
   985049ca..2eed51cb  artifacts -> artifacts
> sudo -u mayadm git checkout maya-productive
Zu Zweig »maya-productive« gewechselt
Ihr Branch ist auf demselben Stand wie 'origin/maya-productive'.
> sudo -u mayadm git push
fatal: konnte nicht auf 'https://github.com/Necktschnagge/wired-watering/' zugreifen: Could not resolve host: github.com
##############################################################
###################                        ###################
###################     GOING TO SLEEP     ###################
###################                        ###################
##############################################################
#######                                                #######
#######   Press CTRL + C NOW to abort script safely!   #######
#######                                                #######
##############################################################
##############################################################
#######                                                #######
#######               NOW GOING TO SLEEP               #######
#######                                                #######
##############################################################
> rtcwake -m mem -s 1200
rtcwake: RTC wird als UTC interpretiert …
rtcwake: aufwachen von „mem“ durch /dev/rtc0 bei Mon Jul 25 03:50:57 2022
##############################################################
#######                                                #######
#######            just waked up from sleep            #######
#######                                                #######
##############################################################
%%%%%%%%%%     [6] Uploading logs and go sleeping   ...DONE!
elapsed time:   1228s
=====================================================================================================
