=====================================================================================================
%%%%%%%%%%     [4] Run the executable...
>Please note:  Even if all builds failed, the last built executable is still there and will be started!
> sudo -u mayadm ./ur-unix-run.sh
[2022-07-25 12:36:53.610] [main] [info] Pinging Pump Server Mayson...
[2022-07-25 12:36:53.893] [main] [info] Pinging Pump Server Mayson   ...DONE!
[2022-07-25 12:36:53.893] [main] [info] Pinging all valve stations...
[2022-07-25 12:36:54.156] [main] [info] Pinging all valve stations   ...DONE!
[2022-07-25 12:36:54.156] [main] [info] Fetching timestamp...
std::chrono::system_clock::now().time_since_epoch()   :   1658745414156667671
get_seconds_since_epoch(bool verbose /* true */)   :   1658745414
minutes since epoch   :   27645756
minute of day   :   636
minute of hour   :   36
hour of day   :   10
[2022-07-25 12:36:54.156] [main] [info] Checking timestamp.txt...
[2022-07-25 12:36:54.156] [main] [debug] The timestamp.txt is always written when watering is triggered. It is read to check if I was already done with watering some minutes ago.
previous time_stamp:   27645259
[2022-07-25 12:36:54.156] [main] [info] Checking timestamp.txt   ...DONE!
%%%%%%%%%%     [4] Run the executable   ...DONE!
elapsed time:   1s
=====================================================================================================
