=====================================================================================================
%%%%%%%%%%     [4] Run the executable...
>Please note:  Even if all builds failed, the last built executable is still there and will be started!
> sudo -u mayadm ./ur-unix-run.sh
[2022-07-25 19:00:42.336] [main] [info] Pinging Pump Server Mayson...
[2022-07-25 19:00:42.439] [main] [info] Pinging Pump Server Mayson   ...DONE!
[2022-07-25 19:00:42.439] [main] [info] Pinging all valve stations...
[2022-07-25 19:00:52.832] [main] [info] Pinging all valve stations   ...DONE!
[2022-07-25 19:00:52.832] [main] [info] Fetching timestamp...
std::chrono::system_clock::now().time_since_epoch()   :   1658768452832853697
get_seconds_since_epoch(bool verbose /* true */)   :   1658768452
minutes since epoch   :   27646140
minute of day   :   1020
minute of hour   :   0
hour of day   :   17
[2022-07-25 19:00:52.832] [main] [info] Checking timestamp.txt...
[2022-07-25 19:00:52.832] [main] [debug] The timestamp.txt is always written when watering is triggered. It is read to check if I was already done with watering some minutes ago.
previous time_stamp:   27645259
[2022-07-25 19:00:52.833] [main] [info] Checking timestamp.txt   ...DONE!
%%%%%%%%%%     [4] Run the executable   ...DONE!
elapsed time:   10s
=====================================================================================================
