=====================================================================================================
%%%%%%%%%%     [4] Run the executable...
>Please note:  Even if all builds failed, the last built executable is still there and will be started!
> sudo -u mayadm ./ur-unix-run.sh
[2022-07-27 20:49:55.389] [main] [info] Pinging Pump Server Mayson...
[2022-07-27 20:49:55.422] [main] [info] Pinging Pump Server Mayson   ...DONE!
[2022-07-27 20:49:55.423] [main] [info] Pinging all valve stations...
[2022-07-27 20:49:56.954] [main] [info] Pinging all valve stations   ...DONE!
[2022-07-27 20:49:56.954] [main] [info] Fetching timestamp...
std::chrono::system_clock::now().time_since_epoch()   :   1658947796954298196
get_seconds_since_epoch(bool verbose /* true */)   :   1658947796
minutes since epoch   :   27649129
minute of day   :   1129
minute of hour   :   49
hour of day   :   18
[2022-07-27 20:49:56.954] [main] [info] Checking timestamp.txt...
[2022-07-27 20:49:56.954] [main] [debug] The timestamp.txt is always written when watering is triggered. It is read to check if I was already done with watering some minutes ago.
previous time_stamp:   27648134
[2022-07-27 20:49:56.954] [main] [info] Checking timestamp.txt   ...DONE!
%%%%%%%%%%     [4] Run the executable   ...DONE!
elapsed time:   1s
=====================================================================================================
