=====================================================================================================
%%%%%%%%%%     [4] Run the executable...
>Please note:  Even if all builds failed, the last built executable is still there and will be started!
> sudo -u mayadm ./ur-unix-run.sh
[2022-07-27 22:59:06.197] [main] [info] Pinging Pump Server Mayson...
[2022-07-27 22:59:06.275] [main] [info] Pinging Pump Server Mayson   ...DONE!
[2022-07-27 22:59:06.275] [main] [info] Pinging all valve stations...
[2022-07-27 22:59:06.766] [main] [info] Pinging all valve stations   ...DONE!
[2022-07-27 22:59:06.766] [main] [info] Fetching timestamp...
std::chrono::system_clock::now().time_since_epoch()   :   1658955546766967178
get_seconds_since_epoch(bool verbose /* true */)   :   1658955546
minutes since epoch   :   27649259
minute of day   :   1259
minute of hour   :   59
hour of day   :   20
[2022-07-27 22:59:06.767] [main] [info] Checking timestamp.txt...
[2022-07-27 22:59:06.767] [main] [debug] The timestamp.txt is always written when watering is triggered. It is read to check if I was already done with watering some minutes ago.
previous time_stamp:   27648134
[2022-07-27 22:59:06.767] [main] [info] Checking timestamp.txt   ...DONE!
%%%%%%%%%%     [4] Run the executable   ...DONE!
elapsed time:   0s
=====================================================================================================
