=====================================================================================================
%%%%%%%%%%     [4] Run the executable...
>Please note:  Even if all builds failed, the last built executable is still there and will be started!
> sudo -u mayadm ./ur-unix-run.sh
[2022-07-28 06:53:37.966] [main] [info] Pinging Pump Server Mayson...
[2022-07-28 06:53:38.165] [main] [info] Pinging Pump Server Mayson   ...DONE!
[2022-07-28 06:53:38.165] [main] [info] Pinging all valve stations...
[2022-07-28 06:53:38.574] [main] [info] Pinging all valve stations   ...DONE!
[2022-07-28 06:53:38.574] [main] [info] Fetching timestamp...
std::chrono::system_clock::now().time_since_epoch()   :   1658984018574389031
get_seconds_since_epoch(bool verbose /* true */)   :   1658984018
minutes since epoch   :   27649733
minute of day   :   293
minute of hour   :   53
hour of day   :   4
[2022-07-28 06:53:38.574] [main] [info] Checking timestamp.txt...
[2022-07-28 06:53:38.574] [main] [debug] The timestamp.txt is always written when watering is triggered. It is read to check if I was already done with watering some minutes ago.
previous time_stamp:   27649582
[2022-07-28 06:53:38.574] [main] [info] Checking timestamp.txt   ...DONE!
%%%%%%%%%%     [4] Run the executable   ...DONE!
elapsed time:   1s
=====================================================================================================
