=====================================================================================================
%%%%%%%%%%     [4] Run the executable...
>Please note:  Even if all builds failed, the last built executable is still there and will be started!
> sudo -u mayadm ./ur-unix-run.sh
[2022-07-28 19:08:39.516] [main] [info] Pinging Pump Server Mayson...
[2022-07-28 19:08:39.570] [main] [info] Pinging Pump Server Mayson   ...DONE!
[2022-07-28 19:08:39.570] [main] [info] Pinging all valve stations...
[2022-07-28 19:08:39.868] [main] [info] Pinging all valve stations   ...DONE!
[2022-07-28 19:08:39.868] [main] [info] Fetching timestamp...
std::chrono::system_clock::now().time_since_epoch()   :   1659028119868411243
get_seconds_since_epoch(bool verbose /* true */)   :   1659028119
minutes since epoch   :   27650468
minute of day   :   1028
minute of hour   :   8
hour of day   :   17
[2022-07-28 19:08:39.868] [main] [info] Checking timestamp.txt...
[2022-07-28 19:08:39.868] [main] [debug] The timestamp.txt is always written when watering is triggered. It is read to check if I was already done with watering some minutes ago.
previous time_stamp:   27649582
[2022-07-28 19:08:39.868] [main] [info] Checking timestamp.txt   ...DONE!
%%%%%%%%%%     [4] Run the executable   ...DONE!
elapsed time:   0s
=====================================================================================================
