=====================================================================================================
%%%%%%%%%%     [4] Run the executable...
>Please note:  Even if all builds failed, the last built executable is still there and will be started!
> sudo -u mayadm ./ur-unix-run.sh
[2022-07-29 09:20:16.459] [main] [info] Pinging Pump Server Mayson...
[2022-07-29 09:20:16.632] [main] [info] Pinging Pump Server Mayson   ...DONE!
[2022-07-29 09:20:16.633] [main] [info] Pinging all valve stations...
[2022-07-29 09:20:27.151] [main] [info] Pinging all valve stations   ...DONE!
[2022-07-29 09:20:27.151] [main] [info] Fetching timestamp...
std::chrono::system_clock::now().time_since_epoch()   :   1659079227151954555
get_seconds_since_epoch(bool verbose /* true */)   :   1659079227
minutes since epoch   :   27651320
minute of day   :   440
minute of hour   :   20
hour of day   :   7
[2022-07-29 09:20:27.152] [main] [info] Checking timestamp.txt...
[2022-07-29 09:20:27.152] [main] [debug] The timestamp.txt is always written when watering is triggered. It is read to check if I was already done with watering some minutes ago.
previous time_stamp:   27651010
[2022-07-29 09:20:27.152] [main] [info] Checking timestamp.txt   ...DONE!
%%%%%%%%%%     [4] Run the executable   ...DONE!
elapsed time:   11s
=====================================================================================================
