=====================================================================================================
%%%%%%%%%%     [4] Run the executable...
>Please note:  Even if all builds failed, the last built executable is still there and will be started!
> sudo -u mayadm ./ur-unix-run.sh
[2022-07-29 11:52:35.277] [main] [info] Pinging Pump Server Mayson...
[2022-07-29 11:52:35.376] [main] [info] Pinging Pump Server Mayson   ...DONE!
[2022-07-29 11:52:35.376] [main] [info] Pinging all valve stations...
[2022-07-29 11:52:35.914] [main] [info] Pinging all valve stations   ...DONE!
[2022-07-29 11:52:35.914] [main] [info] Fetching timestamp...
std::chrono::system_clock::now().time_since_epoch()   :   1659088355914450430
get_seconds_since_epoch(bool verbose /* true */)   :   1659088355
minutes since epoch   :   27651472
minute of day   :   592
minute of hour   :   52
hour of day   :   9
[2022-07-29 11:52:35.914] [main] [info] Checking timestamp.txt...
[2022-07-29 11:52:35.914] [main] [debug] The timestamp.txt is always written when watering is triggered. It is read to check if I was already done with watering some minutes ago.
previous time_stamp:   27651010
[2022-07-29 11:52:35.914] [main] [info] Checking timestamp.txt   ...DONE!
%%%%%%%%%%     [4] Run the executable   ...DONE!
elapsed time:   0s
=====================================================================================================
