=====================================================================================================
%%%%%%%%%%     [4] Run the executable...
>Please note:  Even if all builds failed, the last built executable is still there and will be started!
> sudo -u mayadm ./ur-unix-run.sh
[2022-07-30 00:36:00.282] [main] [info] Pinging Pump Server Mayson...
[2022-07-30 00:36:00.331] [main] [info] Pinging Pump Server Mayson   ...DONE!
[2022-07-30 00:36:00.331] [main] [info] Pinging all valve stations...
[2022-07-30 00:36:00.666] [main] [info] Pinging all valve stations   ...DONE!
[2022-07-30 00:36:00.666] [main] [info] Fetching timestamp...
std::chrono::system_clock::now().time_since_epoch()   :   1659134160666712615
get_seconds_since_epoch(bool verbose /* true */)   :   1659134160
minutes since epoch   :   27652236
minute of day   :   1356
minute of hour   :   36
hour of day   :   22
[2022-07-30 00:36:00.666] [main] [info] Checking timestamp.txt...
[2022-07-30 00:36:00.666] [main] [debug] The timestamp.txt is always written when watering is triggered. It is read to check if I was already done with watering some minutes ago.
previous time_stamp:   27651010
[2022-07-30 00:36:00.666] [main] [info] Checking timestamp.txt   ...DONE!
%%%%%%%%%%     [4] Run the executable   ...DONE!
elapsed time:   0s
=====================================================================================================
