=====================================================================================================
%%%%%%%%%%     [6] Uploading logs and go sleeping...
> sudo -u mayadm git checkout artifacts
Zu Zweig »artifacts« gewechselt
Ihr Branch ist auf demselben Stand wie 'origin/artifacts'.
> sudo -u mayadm git pull
Bereits aktuell.
> sudo -u mayadm git merge maya-productive
Bereits aktuell.
> sudo -u mayadm git add "../artifacts/logs/4046-*.log" -f
> sudo -u mayadm git add "../artifacts/logs/4045-*.log" -f
> sudo -u mayadm git commit -m "logs at 2022-07-30--02h24"
[artifacts eb7f07b9] logs at 2022-07-30--02h24
 6 files changed, 263 insertions(+)
 create mode 100644 maya/artifacts/logs/4045--2022-07-30--02h02---6.log
 create mode 100644 maya/artifacts/logs/4046--2022-07-30--02h24---1.log
 create mode 100644 maya/artifacts/logs/4046--2022-07-30--02h24---2.log
 create mode 100644 maya/artifacts/logs/4046--2022-07-30--02h24---3.log
 create mode 100644 maya/artifacts/logs/4046--2022-07-30--02h24---4.log
 create mode 100644 maya/artifacts/logs/4046--2022-07-30--02h24---5.log
> sudo -u mayadm git push
To https://github.com/Necktschnagge/wired-watering
   42ff38ad..eb7f07b9  artifacts -> artifacts
> sudo -u mayadm git checkout maya-productive
Zu Zweig »maya-productive« gewechselt
Ihr Branch ist auf demselben Stand wie 'origin/maya-productive'.
> sudo -u mayadm git push
Everything up-to-date
##############################################################
###################                        ###################
###################     GOING TO SLEEP     ###################
###################                        ###################
##############################################################
#######                                                #######
#######   Press CTRL + C NOW to abort script safely!   #######
#######                                                #######
##############################################################
##############################################################
#######                                                #######
#######               NOW GOING TO SLEEP               #######
#######                                                #######
##############################################################
> rtcwake -m mem -s 1200
rtcwake: RTC wird als UTC interpretiert …
rtcwake: aufwachen von „mem“ durch /dev/rtc0 bei Sat Jul 30 00:45:36 2022
##############################################################
#######                                                #######
#######            just waked up from sleep            #######
#######                                                #######
##############################################################
%%%%%%%%%%     [6] Uploading logs and go sleeping   ...DONE!
elapsed time:   1227s
=====================================================================================================
