=====================================================================================================
%%%%%%%%%%     [4] Run the executable...
>Please note:  Even if all builds failed, the last built executable is still there and will be started!
> sudo -u mayadm ./ur-unix-run.sh
[2022-07-30 12:36:38.884] [main] [info] Pinging Pump Server Mayson...
[2022-07-30 12:36:38.934] [main] [info] Pinging Pump Server Mayson   ...DONE!
[2022-07-30 12:36:38.934] [main] [info] Pinging all valve stations...
[2022-07-30 12:36:39.356] [main] [info] Pinging all valve stations   ...DONE!
[2022-07-30 12:36:39.356] [main] [info] Fetching timestamp...
std::chrono::system_clock::now().time_since_epoch()   :   1659177399356118134
get_seconds_since_epoch(bool verbose /* true */)   :   1659177399
minutes since epoch   :   27652956
minute of day   :   636
minute of hour   :   36
hour of day   :   10
[2022-07-30 12:36:39.356] [main] [info] Checking timestamp.txt...
[2022-07-30 12:36:39.356] [main] [debug] The timestamp.txt is always written when watering is triggered. It is read to check if I was already done with watering some minutes ago.
previous time_stamp:   27652454
[2022-07-30 12:36:39.356] [main] [info] Checking timestamp.txt   ...DONE!
%%%%%%%%%%     [4] Run the executable   ...DONE!
elapsed time:   1s
=====================================================================================================
