=====================================================================================================
%%%%%%%%%%     [4] Run the executable...
>Please note:  Even if all builds failed, the last built executable is still there and will be started!
> sudo -u mayadm ./ur-unix-run.sh
[2022-07-30 13:20:22.313] [main] [info] Pinging Pump Server Mayson...
[2022-07-30 13:20:22.355] [main] [info] Pinging Pump Server Mayson   ...DONE!
[2022-07-30 13:20:22.355] [main] [info] Pinging all valve stations...
[2022-07-30 13:20:22.770] [main] [info] Pinging all valve stations   ...DONE!
[2022-07-30 13:20:22.770] [main] [info] Fetching timestamp...
std::chrono::system_clock::now().time_since_epoch()   :   1659180022770413327
get_seconds_since_epoch(bool verbose /* true */)   :   1659180022
minutes since epoch   :   27653000
minute of day   :   680
minute of hour   :   20
hour of day   :   11
[2022-07-30 13:20:22.770] [main] [info] Checking timestamp.txt...
[2022-07-30 13:20:22.770] [main] [debug] The timestamp.txt is always written when watering is triggered. It is read to check if I was already done with watering some minutes ago.
previous time_stamp:   27652454
[2022-07-30 13:20:22.771] [main] [info] Checking timestamp.txt   ...DONE!
%%%%%%%%%%     [4] Run the executable   ...DONE!
elapsed time:   0s
=====================================================================================================
