=====================================================================================================
%%%%%%%%%%     [4] Run the executable...
>Please note:  Even if all builds failed, the last built executable is still there and will be started!
> sudo -u mayadm ./ur-unix-run.sh
[2022-07-30 18:06:28.428] [main] [info] Pinging Pump Server Mayson...
[2022-07-30 18:06:28.516] [main] [info] Pinging Pump Server Mayson   ...DONE!
[2022-07-30 18:06:28.516] [main] [info] Pinging all valve stations...
[2022-07-30 18:06:28.827] [main] [info] Pinging all valve stations   ...DONE!
[2022-07-30 18:06:28.827] [main] [info] Fetching timestamp...
std::chrono::system_clock::now().time_since_epoch()   :   1659197188827046826
get_seconds_since_epoch(bool verbose /* true */)   :   1659197188
minutes since epoch   :   27653286
minute of day   :   966
minute of hour   :   6
hour of day   :   16
[2022-07-30 18:06:28.827] [main] [info] Checking timestamp.txt...
[2022-07-30 18:06:28.827] [main] [debug] The timestamp.txt is always written when watering is triggered. It is read to check if I was already done with watering some minutes ago.
previous time_stamp:   27652454
[2022-07-30 18:06:28.827] [main] [info] Checking timestamp.txt   ...DONE!
%%%%%%%%%%     [4] Run the executable   ...DONE!
elapsed time:   0s
=====================================================================================================
