=====================================================================================================
%%%%%%%%%%     [4] Run the executable...
>Please note:  Even if all builds failed, the last built executable is still there and will be started!
> sudo -u mayadm ./ur-unix-run.sh
[2022-07-31 00:20:03.297] [main] [info] Pinging Pump Server Mayson...
[2022-07-31 00:20:03.496] [main] [info] Pinging Pump Server Mayson   ...DONE!
[2022-07-31 00:20:03.496] [main] [info] Pinging all valve stations...
[2022-07-31 00:20:13.936] [main] [info] Pinging all valve stations   ...DONE!
[2022-07-31 00:20:13.936] [main] [info] Fetching timestamp...
std::chrono::system_clock::now().time_since_epoch()   :   1659219613936828758
get_seconds_since_epoch(bool verbose /* true */)   :   1659219613
minutes since epoch   :   27653660
minute of day   :   1340
minute of hour   :   20
hour of day   :   22
[2022-07-31 00:20:13.936] [main] [info] Checking timestamp.txt...
[2022-07-31 00:20:13.936] [main] [debug] The timestamp.txt is always written when watering is triggered. It is read to check if I was already done with watering some minutes ago.
previous time_stamp:   27652454
[2022-07-31 00:20:13.936] [main] [info] Checking timestamp.txt   ...DONE!
%%%%%%%%%%     [4] Run the executable   ...DONE!
elapsed time:   11s
=====================================================================================================
