=====================================================================================================
%%%%%%%%%%     [4] Run the executable...
>Please note:  Even if all builds failed, the last built executable is still there and will be started!
> sudo -u mayadm ./ur-unix-run.sh
[2022-07-31 03:15:44.286] [main] [info] Pinging Pump Server Mayson...
[2022-07-31 03:15:44.320] [main] [info] Pinging Pump Server Mayson   ...DONE!
[2022-07-31 03:15:44.320] [main] [info] Pinging all valve stations...
[2022-07-31 03:15:44.634] [main] [info] Pinging all valve stations   ...DONE!
[2022-07-31 03:15:44.634] [main] [info] Fetching timestamp...
std::chrono::system_clock::now().time_since_epoch()   :   1659230144634715552
get_seconds_since_epoch(bool verbose /* true */)   :   1659230144
minutes since epoch   :   27653835
minute of day   :   75
minute of hour   :   15
hour of day   :   1
[2022-07-31 03:15:44.634] [main] [info] Checking timestamp.txt...
[2022-07-31 03:15:44.634] [main] [debug] The timestamp.txt is always written when watering is triggered. It is read to check if I was already done with watering some minutes ago.
previous time_stamp:   27652454
[2022-07-31 03:15:44.634] [main] [info] Checking timestamp.txt   ...DONE!
%%%%%%%%%%     [4] Run the executable   ...DONE!
elapsed time:   0s
=====================================================================================================
