=====================================================================================================
%%%%%%%%%%     [6] Uploading logs and go sleeping...
> sudo -u mayadm git checkout artifacts
Zu Zweig »artifacts« gewechselt
Ihr Branch ist auf demselben Stand wie 'origin/artifacts'.
> sudo -u mayadm git pull
Bereits aktuell.
> sudo -u mayadm git merge maya-productive
Bereits aktuell.
> sudo -u mayadm git add "../artifacts/logs/4140-*.log" -f
> sudo -u mayadm git add "../artifacts/logs/4139-*.log" -f
> sudo -u mayadm git commit -m "logs at 2022-07-31--14h43"
[artifacts b57532bf] logs at 2022-07-31--14h43
 6 files changed, 266 insertions(+)
 create mode 100644 maya/artifacts/logs/4139--2022-07-31--14h21---6.log
 create mode 100644 maya/artifacts/logs/4140--2022-07-31--14h43---1.log
 create mode 100644 maya/artifacts/logs/4140--2022-07-31--14h43---2.log
 create mode 100644 maya/artifacts/logs/4140--2022-07-31--14h43---3.log
 create mode 100644 maya/artifacts/logs/4140--2022-07-31--14h43---4.log
 create mode 100644 maya/artifacts/logs/4140--2022-07-31--14h43---5.log
> sudo -u mayadm git push
To https://github.com/Necktschnagge/wired-watering
   3b9af48a..b57532bf  artifacts -> artifacts
> sudo -u mayadm git checkout maya-productive
Zu Zweig »maya-productive« gewechselt
Ihr Branch ist auf demselben Stand wie 'origin/maya-productive'.
> sudo -u mayadm git push
Everything up-to-date
##############################################################
###################                        ###################
###################     GOING TO SLEEP     ###################
###################                        ###################
##############################################################
#######                                                #######
#######   Press CTRL + C NOW to abort script safely!   #######
#######                                                #######
##############################################################
##############################################################
#######                                                #######
#######               NOW GOING TO SLEEP               #######
#######                                                #######
##############################################################
> rtcwake -m mem -s 1200
rtcwake: RTC wird als UTC interpretiert …
rtcwake: aufwachen von „mem“ durch /dev/rtc0 bei Sun Jul 31 13:04:48 2022
##############################################################
#######                                                #######
#######            just waked up from sleep            #######
#######                                                #######
##############################################################
%%%%%%%%%%     [6] Uploading logs and go sleeping   ...DONE!
elapsed time:   1227s
=====================================================================================================
