=====================================================================================================
%%%%%%%%%%     [4] Run the executable...
>Please note:  Even if all builds failed, the last built executable is still there and will be started!
> sudo -u mayadm ./ur-unix-run.sh
[2022-07-31 21:01:47.253] [main] [info] Pinging Pump Server Mayson...
[2022-07-31 21:01:47.436] [main] [info] Pinging Pump Server Mayson   ...DONE!
[2022-07-31 21:01:47.436] [main] [info] Pinging all valve stations...
[2022-07-31 21:01:47.908] [main] [info] Pinging all valve stations   ...DONE!
[2022-07-31 21:01:47.908] [main] [info] Fetching timestamp...
std::chrono::system_clock::now().time_since_epoch()   :   1659294107908533516
get_seconds_since_epoch(bool verbose /* true */)   :   1659294107
minutes since epoch   :   27654901
minute of day   :   1141
minute of hour   :   1
hour of day   :   19
[2022-07-31 21:01:47.909] [main] [info] Checking timestamp.txt...
[2022-07-31 21:01:47.909] [main] [debug] The timestamp.txt is always written when watering is triggered. It is read to check if I was already done with watering some minutes ago.
previous time_stamp:   27653901
[2022-07-31 21:01:47.909] [main] [info] Checking timestamp.txt   ...DONE!
%%%%%%%%%%     [4] Run the executable   ...DONE!
elapsed time:   0s
=====================================================================================================
