=====================================================================================================
%%%%%%%%%%     [4] Run the executable...
>Please note:  Even if all builds failed, the last built executable is still there and will be started!
> sudo -u mayadm ./ur-unix-run.sh
[2022-08-01 09:55:10.426] [main] [info] Pinging Pump Server Mayson...
[2022-08-01 09:55:10.661] [main] [info] Pinging Pump Server Mayson   ...DONE!
[2022-08-01 09:55:10.661] [main] [info] Pinging all valve stations...
[2022-08-01 09:55:11.069] [main] [info] Pinging all valve stations   ...DONE!
[2022-08-01 09:55:11.069] [main] [info] Fetching timestamp...
std::chrono::system_clock::now().time_since_epoch()   :   1659340511069473440
get_seconds_since_epoch(bool verbose /* true */)   :   1659340511
minutes since epoch   :   27655675
minute of day   :   475
minute of hour   :   55
hour of day   :   7
[2022-08-01 09:55:11.075] [main] [info] Checking timestamp.txt...
[2022-08-01 09:55:11.075] [main] [debug] The timestamp.txt is always written when watering is triggered. It is read to check if I was already done with watering some minutes ago.
previous time_stamp:   27655323
[2022-08-01 09:55:11.075] [main] [info] Checking timestamp.txt   ...DONE!
%%%%%%%%%%     [4] Run the executable   ...DONE!
elapsed time:   1s
=====================================================================================================
