=====================================================================================================
%%%%%%%%%%     [4] Run the executable...
>Please note:  Even if all builds failed, the last built executable is still there and will be started!
> sudo -u mayadm ./ur-unix-run.sh
[2022-08-01 13:37:23.171] [main] [info] Pinging Pump Server Mayson...
[2022-08-01 13:37:23.246] [main] [info] Pinging Pump Server Mayson   ...DONE!
[2022-08-01 13:37:23.246] [main] [info] Pinging all valve stations...
[2022-08-01 13:37:23.766] [main] [info] Pinging all valve stations   ...DONE!
[2022-08-01 13:37:23.766] [main] [info] Fetching timestamp...
std::chrono::system_clock::now().time_since_epoch()   :   1659353843766288213
get_seconds_since_epoch(bool verbose /* true */)   :   1659353843
minutes since epoch   :   27655897
minute of day   :   697
minute of hour   :   37
hour of day   :   11
[2022-08-01 13:37:23.766] [main] [info] Checking timestamp.txt...
[2022-08-01 13:37:23.766] [main] [debug] The timestamp.txt is always written when watering is triggered. It is read to check if I was already done with watering some minutes ago.
previous time_stamp:   27655323
[2022-08-01 13:37:23.766] [main] [info] Checking timestamp.txt   ...DONE!
%%%%%%%%%%     [4] Run the executable   ...DONE!
elapsed time:   0s
=====================================================================================================
