=====================================================================================================
%%%%%%%%%%     [4] Run the executable...
>Please note:  Even if all builds failed, the last built executable is still there and will be started!
> sudo -u mayadm ./ur-unix-run.sh
[2022-08-02 20:50:18.274] [main] [info] Pinging Pump Server Mayson...
[2022-08-02 20:50:18.381] [main] [info] Pinging Pump Server Mayson   ...DONE!
[2022-08-02 20:50:18.381] [main] [info] Pinging all valve stations...
[2022-08-02 20:50:18.689] [main] [info] Pinging all valve stations   ...DONE!
[2022-08-02 20:50:18.689] [main] [info] Fetching timestamp...
std::chrono::system_clock::now().time_since_epoch()   :   1659466218689732233
get_seconds_since_epoch(bool verbose /* true */)   :   1659466218
minutes since epoch   :   27657770
minute of day   :   1130
minute of hour   :   50
hour of day   :   18
[2022-08-02 20:50:18.689] [main] [info] Checking timestamp.txt...
[2022-08-02 20:50:18.689] [main] [debug] The timestamp.txt is always written when watering is triggered. It is read to check if I was already done with watering some minutes ago.
previous time_stamp:   27656762
[2022-08-02 20:50:18.689] [main] [info] Checking timestamp.txt   ...DONE!
%%%%%%%%%%     [4] Run the executable   ...DONE!
elapsed time:   0s
=====================================================================================================
