=====================================================================================================
%%%%%%%%%%     [6] Uploading logs and go sleeping...
> sudo -u mayadm git checkout artifacts
Zu Zweig »artifacts« gewechselt
Ihr Branch ist auf demselben Stand wie 'origin/artifacts'.
> sudo -u mayadm git pull
Bereits aktuell.
> sudo -u mayadm git merge maya-productive
Bereits aktuell.
> sudo -u mayadm git add "../artifacts/logs/4322-*.log" -f
> sudo -u mayadm git add "../artifacts/logs/4321-*.log" -f
> sudo -u mayadm git commit -m "logs at 2022-08-03--13h11"
[artifacts 3cc8e813] logs at 2022-08-03--13h11
 6 files changed, 266 insertions(+)
 create mode 100644 maya/artifacts/logs/4321--2022-08-03--12h48---6.log
 create mode 100644 maya/artifacts/logs/4322--2022-08-03--13h11---1.log
 create mode 100644 maya/artifacts/logs/4322--2022-08-03--13h11---2.log
 create mode 100644 maya/artifacts/logs/4322--2022-08-03--13h11---3.log
 create mode 100644 maya/artifacts/logs/4322--2022-08-03--13h11---4.log
 create mode 100644 maya/artifacts/logs/4322--2022-08-03--13h11---5.log
> sudo -u mayadm git push
To https://github.com/Necktschnagge/wired-watering
   8fe76e7e..3cc8e813  artifacts -> artifacts
> sudo -u mayadm git checkout maya-productive
Zu Zweig »maya-productive« gewechselt
Ihr Branch ist auf demselben Stand wie 'origin/maya-productive'.
> sudo -u mayadm git push
Everything up-to-date
##############################################################
###################                        ###################
###################     GOING TO SLEEP     ###################
###################                        ###################
##############################################################
#######                                                #######
#######   Press CTRL + C NOW to abort script safely!   #######
#######                                                #######
##############################################################
##############################################################
#######                                                #######
#######               NOW GOING TO SLEEP               #######
#######                                                #######
##############################################################
> rtcwake -m mem -s 1200
rtcwake: RTC wird als UTC interpretiert …
rtcwake: aufwachen von „mem“ durch /dev/rtc0 bei Wed Aug  3 11:32:51 2022
##############################################################
#######                                                #######
#######            just waked up from sleep            #######
#######                                                #######
##############################################################
%%%%%%%%%%     [6] Uploading logs and go sleeping   ...DONE!
elapsed time:   1230s
=====================================================================================================
