=====================================================================================================
%%%%%%%%%%     [6] Uploading logs and go sleeping...
> sudo -u mayadm git checkout artifacts
Zu Zweig »artifacts« gewechselt
Ihr Branch ist auf demselben Stand wie 'origin/artifacts'.
> sudo -u mayadm git pull
Bereits aktuell.
> sudo -u mayadm git merge maya-productive
Bereits aktuell.
> sudo -u mayadm git add "../artifacts/logs/4345-*.log" -f
> sudo -u mayadm git add "../artifacts/logs/4344-*.log" -f
> sudo -u mayadm git commit -m "logs at 2022-08-03--21h46"
[artifacts c7fac6a2] logs at 2022-08-03--21h46
 6 files changed, 266 insertions(+)
 create mode 100644 maya/artifacts/logs/4344--2022-08-03--21h23---6.log
 create mode 100644 maya/artifacts/logs/4345--2022-08-03--21h46---1.log
 create mode 100644 maya/artifacts/logs/4345--2022-08-03--21h46---2.log
 create mode 100644 maya/artifacts/logs/4345--2022-08-03--21h46---3.log
 create mode 100644 maya/artifacts/logs/4345--2022-08-03--21h46---4.log
 create mode 100644 maya/artifacts/logs/4345--2022-08-03--21h46---5.log
> sudo -u mayadm git push
To https://github.com/Necktschnagge/wired-watering
   71064190..c7fac6a2  artifacts -> artifacts
> sudo -u mayadm git checkout maya-productive
Zu Zweig »maya-productive« gewechselt
Ihr Branch ist auf demselben Stand wie 'origin/maya-productive'.
> sudo -u mayadm git push
Everything up-to-date
##############################################################
###################                        ###################
###################     GOING TO SLEEP     ###################
###################                        ###################
##############################################################
#######                                                #######
#######   Press CTRL + C NOW to abort script safely!   #######
#######                                                #######
##############################################################
##############################################################
#######                                                #######
#######               NOW GOING TO SLEEP               #######
#######                                                #######
##############################################################
> rtcwake -m mem -s 1200
rtcwake: RTC wird als UTC interpretiert …
rtcwake: aufwachen von „mem“ durch /dev/rtc0 bei Wed Aug  3 20:08:04 2022
##############################################################
#######                                                #######
#######            just waked up from sleep            #######
#######                                                #######
##############################################################
%%%%%%%%%%     [6] Uploading logs and go sleeping   ...DONE!
elapsed time:   1230s
=====================================================================================================
