=====================================================================================================
%%%%%%%%%%     [4] Run the executable...
>Please note:  Even if all builds failed, the last built executable is still there and will be started!
> sudo -u mayadm ./ur-unix-run.sh
[2022-08-04 06:51:12.945] [main] [info] Pinging Pump Server Mayson...
[2022-08-04 06:51:13.051] [main] [info] Pinging Pump Server Mayson   ...DONE!
[2022-08-04 06:51:13.051] [main] [info] Pinging all valve stations...
[2022-08-04 06:51:13.463] [main] [info] Pinging all valve stations   ...DONE!
[2022-08-04 06:51:13.463] [main] [info] Fetching timestamp...
std::chrono::system_clock::now().time_since_epoch()   :   1659588673463155175
get_seconds_since_epoch(bool verbose /* true */)   :   1659588673
minutes since epoch   :   27659811
minute of day   :   291
minute of hour   :   51
hour of day   :   4
[2022-08-04 06:51:13.463] [main] [info] Checking timestamp.txt...
[2022-08-04 06:51:13.463] [main] [debug] The timestamp.txt is always written when watering is triggered. It is read to check if I was already done with watering some minutes ago.
previous time_stamp:   27659649
[2022-08-04 06:51:13.463] [main] [info] Checking timestamp.txt   ...DONE!
%%%%%%%%%%     [4] Run the executable   ...DONE!
elapsed time:   2s
=====================================================================================================
