=====================================================================================================
%%%%%%%%%%     [4] Run the executable...
>Please note:  Even if all builds failed, the last built executable is still there and will be started!
> sudo -u mayadm ./ur-unix-run.sh
[2022-08-04 09:06:10.089] [main] [info] Pinging Pump Server Mayson...
[2022-08-04 09:06:10.142] [main] [info] Pinging Pump Server Mayson   ...DONE!
[2022-08-04 09:06:10.143] [main] [info] Pinging all valve stations...
[2022-08-04 09:06:10.451] [main] [info] Pinging all valve stations   ...DONE!
[2022-08-04 09:06:10.451] [main] [info] Fetching timestamp...
std::chrono::system_clock::now().time_since_epoch()   :   1659596770451302664
get_seconds_since_epoch(bool verbose /* true */)   :   1659596770
minutes since epoch   :   27659946
minute of day   :   426
minute of hour   :   6
hour of day   :   7
[2022-08-04 09:06:10.451] [main] [info] Checking timestamp.txt...
[2022-08-04 09:06:10.451] [main] [debug] The timestamp.txt is always written when watering is triggered. It is read to check if I was already done with watering some minutes ago.
previous time_stamp:   27659649
[2022-08-04 09:06:10.451] [main] [info] Checking timestamp.txt   ...DONE!
%%%%%%%%%%     [4] Run the executable   ...DONE!
elapsed time:   0s
=====================================================================================================
