=====================================================================================================
%%%%%%%%%%     [4] Run the executable...
>Please note:  Even if all builds failed, the last built executable is still there and will be started!
> sudo -u mayadm ./ur-unix-run.sh
[2022-08-04 19:37:47.448] [main] [info] Pinging Pump Server Mayson...
[2022-08-04 19:37:47.674] [main] [info] Pinging Pump Server Mayson   ...DONE!
[2022-08-04 19:37:47.674] [main] [info] Pinging all valve stations...
[2022-08-04 19:37:48.250] [main] [info] Pinging all valve stations   ...DONE!
[2022-08-04 19:37:48.250] [main] [info] Fetching timestamp...
std::chrono::system_clock::now().time_since_epoch()   :   1659634668250428567
get_seconds_since_epoch(bool verbose /* true */)   :   1659634668
minutes since epoch   :   27660577
minute of day   :   1057
minute of hour   :   37
hour of day   :   17
[2022-08-04 19:37:48.250] [main] [info] Checking timestamp.txt...
[2022-08-04 19:37:48.250] [main] [debug] The timestamp.txt is always written when watering is triggered. It is read to check if I was already done with watering some minutes ago.
previous time_stamp:   27659649
[2022-08-04 19:37:48.250] [main] [info] Checking timestamp.txt   ...DONE!
%%%%%%%%%%     [4] Run the executable   ...DONE!
elapsed time:   1s
=====================================================================================================
