=====================================================================================================
%%%%%%%%%%     [4] Run the executable...
>Please note:  Even if all builds failed, the last built executable is still there and will be started!
> sudo -u mayadm ./ur-unix-run.sh
[2022-08-05 15:56:37.624] [main] [info] Pinging Pump Server Mayson...
[2022-08-05 15:56:37.703] [main] [info] Pinging Pump Server Mayson   ...DONE!
[2022-08-05 15:56:37.703] [main] [info] Pinging all valve stations...
[2022-08-05 15:56:38.013] [main] [info] Pinging all valve stations   ...DONE!
[2022-08-05 15:56:38.013] [main] [info] Fetching timestamp...
std::chrono::system_clock::now().time_since_epoch()   :   1659707798013966041
get_seconds_since_epoch(bool verbose /* true */)   :   1659707798
minutes since epoch   :   27661796
minute of day   :   836
minute of hour   :   56
hour of day   :   13
[2022-08-05 15:56:38.014] [main] [info] Checking timestamp.txt...
[2022-08-05 15:56:38.014] [main] [debug] The timestamp.txt is always written when watering is triggered. It is read to check if I was already done with watering some minutes ago.
previous time_stamp:   27661097
[2022-08-05 15:56:38.014] [main] [info] Checking timestamp.txt   ...DONE!
%%%%%%%%%%     [4] Run the executable   ...DONE!
elapsed time:   1s
=====================================================================================================
