=====================================================================================================
%%%%%%%%%%     [4] Run the executable...
>Please note:  Even if all builds failed, the last built executable is still there and will be started!
> sudo -u mayadm ./ur-unix-run.sh
[2022-08-06 01:48:02.563] [main] [info] Pinging Pump Server Mayson...
[2022-08-06 01:48:02.610] [main] [info] Pinging Pump Server Mayson   ...DONE!
[2022-08-06 01:48:02.610] [main] [info] Pinging all valve stations...
[2022-08-06 01:48:05.283] [main] [info] Pinging all valve stations   ...DONE!
[2022-08-06 01:48:05.283] [main] [info] Fetching timestamp...
std::chrono::system_clock::now().time_since_epoch()   :   1659743285283490947
get_seconds_since_epoch(bool verbose /* true */)   :   1659743285
minutes since epoch   :   27662388
minute of day   :   1428
minute of hour   :   48
hour of day   :   23
[2022-08-06 01:48:05.283] [main] [info] Checking timestamp.txt...
[2022-08-06 01:48:05.283] [main] [debug] The timestamp.txt is always written when watering is triggered. It is read to check if I was already done with watering some minutes ago.
previous time_stamp:   27661097
[2022-08-06 01:48:05.283] [main] [info] Checking timestamp.txt   ...DONE!
%%%%%%%%%%     [4] Run the executable   ...DONE!
elapsed time:   3s
=====================================================================================================
