=====================================================================================================
%%%%%%%%%%     [4] Run the executable...
>Please note:  Even if all builds failed, the last built executable is still there and will be started!
> sudo -u mayadm ./ur-unix-run.sh
[2022-08-06 02:56:03.101] [main] [info] Pinging Pump Server Mayson...
[2022-08-06 02:56:03.147] [main] [info] Pinging Pump Server Mayson   ...DONE!
[2022-08-06 02:56:03.147] [main] [info] Pinging all valve stations...
[2022-08-06 02:56:03.472] [main] [info] Pinging all valve stations   ...DONE!
[2022-08-06 02:56:03.472] [main] [info] Fetching timestamp...
std::chrono::system_clock::now().time_since_epoch()   :   1659747363472731614
get_seconds_since_epoch(bool verbose /* true */)   :   1659747363
minutes since epoch   :   27662456
minute of day   :   56
minute of hour   :   56
hour of day   :   0
[2022-08-06 02:56:03.472] [main] [info] Checking timestamp.txt...
[2022-08-06 02:56:03.472] [main] [debug] The timestamp.txt is always written when watering is triggered. It is read to check if I was already done with watering some minutes ago.
previous time_stamp:   27661097
[2022-08-06 02:56:03.472] [main] [info] Checking timestamp.txt   ...DONE!
%%%%%%%%%%     [4] Run the executable   ...DONE!
elapsed time:   0s
=====================================================================================================
