=====================================================================================================
%%%%%%%%%%     [4] Run the executable...
>Please note:  Even if all builds failed, the last built executable is still there and will be started!
> sudo -u mayadm ./ur-unix-run.sh
[2022-08-06 06:25:34.290] [main] [info] Pinging Pump Server Mayson...
[2022-08-06 06:25:34.351] [main] [info] Pinging Pump Server Mayson   ...DONE!
[2022-08-06 06:25:34.351] [main] [info] Pinging all valve stations...
[2022-08-06 06:25:34.661] [main] [info] Pinging all valve stations   ...DONE!
[2022-08-06 06:25:34.661] [main] [info] Fetching timestamp...
std::chrono::system_clock::now().time_since_epoch()   :   1659759934661796705
get_seconds_since_epoch(bool verbose /* true */)   :   1659759934
minutes since epoch   :   27662665
minute of day   :   265
minute of hour   :   25
hour of day   :   4
[2022-08-06 06:25:34.661] [main] [info] Checking timestamp.txt...
[2022-08-06 06:25:34.661] [main] [debug] The timestamp.txt is always written when watering is triggered. It is read to check if I was already done with watering some minutes ago.
previous time_stamp:   27662525
[2022-08-06 06:25:34.662] [main] [info] Checking timestamp.txt   ...DONE!
%%%%%%%%%%     [4] Run the executable   ...DONE!
elapsed time:   0s
=====================================================================================================
