=====================================================================================================
%%%%%%%%%%     [4] Run the executable...
>Please note:  Even if all builds failed, the last built executable is still there and will be started!
> sudo -u mayadm ./ur-unix-run.sh
[2022-08-07 03:00:50.352] [main] [info] Pinging Pump Server Mayson...
[2022-08-07 03:00:50.479] [main] [info] Pinging Pump Server Mayson   ...DONE!
[2022-08-07 03:00:50.479] [main] [info] Pinging all valve stations...
[2022-08-07 03:00:50.969] [main] [info] Pinging all valve stations   ...DONE!
[2022-08-07 03:00:50.969] [main] [info] Fetching timestamp...
std::chrono::system_clock::now().time_since_epoch()   :   1659834050969391955
get_seconds_since_epoch(bool verbose /* true */)   :   1659834050
minutes since epoch   :   27663900
minute of day   :   60
minute of hour   :   0
hour of day   :   1
[2022-08-07 03:00:50.969] [main] [info] Checking timestamp.txt...
[2022-08-07 03:00:50.969] [main] [debug] The timestamp.txt is always written when watering is triggered. It is read to check if I was already done with watering some minutes ago.
previous time_stamp:   27662525
[2022-08-07 03:00:50.969] [main] [info] Checking timestamp.txt   ...DONE!
%%%%%%%%%%     [4] Run the executable   ...DONE!
elapsed time:   0s
=====================================================================================================
