=====================================================================================================
%%%%%%%%%%     [6] Uploading logs and go sleeping...
> sudo -u mayadm git checkout artifacts
Zu Zweig »artifacts« gewechselt
Ihr Branch ist auf demselben Stand wie 'origin/artifacts'.
> sudo -u mayadm git pull
Bereits aktuell.
> sudo -u mayadm git merge maya-productive
Bereits aktuell.
> sudo -u mayadm git add "../artifacts/logs/4571-*.log" -f
> sudo -u mayadm git add "../artifacts/logs/4570-*.log" -f
> sudo -u mayadm git commit -m "logs at 2022-08-07--15h07"
[artifacts 6c922b00] logs at 2022-08-07--15h07
 6 files changed, 262 insertions(+)
 create mode 100644 maya/artifacts/logs/4570--2022-08-07--14h44---6.log
 create mode 100644 maya/artifacts/logs/4571--2022-08-07--15h07---1.log
 create mode 100644 maya/artifacts/logs/4571--2022-08-07--15h07---2.log
 create mode 100644 maya/artifacts/logs/4571--2022-08-07--15h07---3.log
 create mode 100644 maya/artifacts/logs/4571--2022-08-07--15h07---4.log
 create mode 100644 maya/artifacts/logs/4571--2022-08-07--15h07---5.log
> sudo -u mayadm git push
To https://github.com/Necktschnagge/wired-watering
   e9909b5a..6c922b00  artifacts -> artifacts
> sudo -u mayadm git checkout maya-productive
Zu Zweig »maya-productive« gewechselt
Ihr Branch ist auf demselben Stand wie 'origin/maya-productive'.
> sudo -u mayadm git push
Everything up-to-date
##############################################################
###################                        ###################
###################     GOING TO SLEEP     ###################
###################                        ###################
##############################################################
#######                                                #######
#######   Press CTRL + C NOW to abort script safely!   #######
#######                                                #######
##############################################################
##############################################################
#######                                                #######
#######               NOW GOING TO SLEEP               #######
#######                                                #######
##############################################################
> rtcwake -m mem -s 1200
rtcwake: RTC wird als UTC interpretiert …
rtcwake: aufwachen von „mem“ durch /dev/rtc0 bei Sun Aug  7 13:30:12 2022
##############################################################
#######                                                #######
#######            just waked up from sleep            #######
#######                                                #######
##############################################################
%%%%%%%%%%     [6] Uploading logs and go sleeping   ...DONE!
elapsed time:   1232s
=====================================================================================================
