=====================================================================================================
%%%%%%%%%%     [4] Run the executable...
>Please note:  Even if all builds failed, the last built executable is still there and will be started!
> sudo -u mayadm ./ur-unix-run.sh
[2022-08-08 19:20:46.716] [main] [info] Pinging Pump Server Mayson...
[2022-08-08 19:20:46.769] [main] [info] Pinging Pump Server Mayson   ...DONE!
[2022-08-08 19:20:46.769] [main] [info] Pinging all valve stations...
[2022-08-08 19:20:49.180] [main] [info] Pinging all valve stations   ...DONE!
[2022-08-08 19:20:49.180] [main] [info] Fetching timestamp...
std::chrono::system_clock::now().time_since_epoch()   :   1659979249180516018
get_seconds_since_epoch(bool verbose /* true */)   :   1659979249
minutes since epoch   :   27666320
minute of day   :   1040
minute of hour   :   20
hour of day   :   17
[2022-08-08 19:20:49.180] [main] [info] Checking timestamp.txt...
[2022-08-08 19:20:49.180] [main] [debug] The timestamp.txt is always written when watering is triggered. It is read to check if I was already done with watering some minutes ago.
previous time_stamp:   27665414
[2022-08-08 19:20:49.180] [main] [info] Checking timestamp.txt   ...DONE!
%%%%%%%%%%     [4] Run the executable   ...DONE!
elapsed time:   3s
=====================================================================================================
