=====================================================================================================
%%%%%%%%%%     [4] Run the executable...
>Please note:  Even if all builds failed, the last built executable is still there and will be started!
> sudo -u mayadm ./ur-unix-run.sh
[2022-08-08 23:59:46.861] [main] [info] Pinging Pump Server Mayson...
[2022-08-08 23:59:47.921] [main] [info] Pinging Pump Server Mayson   ...DONE!
[2022-08-08 23:59:47.921] [main] [info] Pinging all valve stations...
[2022-08-08 23:59:48.458] [main] [info] Pinging all valve stations   ...DONE!
[2022-08-08 23:59:48.458] [main] [info] Fetching timestamp...
std::chrono::system_clock::now().time_since_epoch()   :   1659995988458901599
get_seconds_since_epoch(bool verbose /* true */)   :   1659995988
minutes since epoch   :   27666599
minute of day   :   1319
minute of hour   :   59
hour of day   :   21
[2022-08-08 23:59:48.459] [main] [info] Checking timestamp.txt...
[2022-08-08 23:59:48.459] [main] [debug] The timestamp.txt is always written when watering is triggered. It is read to check if I was already done with watering some minutes ago.
previous time_stamp:   27665414
[2022-08-08 23:59:48.460] [main] [info] Checking timestamp.txt   ...DONE!
%%%%%%%%%%     [4] Run the executable   ...DONE!
elapsed time:   2s
=====================================================================================================
