=====================================================================================================
%%%%%%%%%%     [4] Run the executable...
>Please note:  Even if all builds failed, the last built executable is still there and will be started!
> sudo -u mayadm ./ur-unix-run.sh
[2022-08-09 01:09:51.578] [main] [info] Pinging Pump Server Mayson...
[2022-08-09 01:09:52.906] [main] [info] Pinging Pump Server Mayson   ...DONE!
[2022-08-09 01:09:52.906] [main] [info] Pinging all valve stations...
[2022-08-09 01:09:53.307] [main] [info] Pinging all valve stations   ...DONE!
[2022-08-09 01:09:53.307] [main] [info] Fetching timestamp...
std::chrono::system_clock::now().time_since_epoch()   :   1660000193307326449
get_seconds_since_epoch(bool verbose /* true */)   :   1660000193
minutes since epoch   :   27666669
minute of day   :   1389
minute of hour   :   9
hour of day   :   23
[2022-08-09 01:09:53.307] [main] [info] Checking timestamp.txt...
[2022-08-09 01:09:53.307] [main] [debug] The timestamp.txt is always written when watering is triggered. It is read to check if I was already done with watering some minutes ago.
previous time_stamp:   27665414
[2022-08-09 01:09:53.307] [main] [info] Checking timestamp.txt   ...DONE!
%%%%%%%%%%     [4] Run the executable   ...DONE!
elapsed time:   2s
=====================================================================================================
