=====================================================================================================
%%%%%%%%%%     [4] Run the executable...
>Please note:  Even if all builds failed, the last built executable is still there and will be started!
> sudo -u mayadm ./ur-unix-run.sh
[2022-08-09 08:51:58.551] [main] [info] Pinging Pump Server Mayson...
[2022-08-09 08:51:58.592] [main] [info] Pinging Pump Server Mayson   ...DONE!
[2022-08-09 08:51:58.592] [main] [info] Pinging all valve stations...
[2022-08-09 08:51:59.219] [main] [info] Pinging all valve stations   ...DONE!
[2022-08-09 08:51:59.219] [main] [info] Fetching timestamp...
std::chrono::system_clock::now().time_since_epoch()   :   1660027919219876372
get_seconds_since_epoch(bool verbose /* true */)   :   1660027919
minutes since epoch   :   27667131
minute of day   :   411
minute of hour   :   51
hour of day   :   6
[2022-08-09 08:51:59.219] [main] [info] Checking timestamp.txt...
[2022-08-09 08:51:59.219] [main] [debug] The timestamp.txt is always written when watering is triggered. It is read to check if I was already done with watering some minutes ago.
previous time_stamp:   27666855
[2022-08-09 08:51:59.220] [main] [info] Checking timestamp.txt   ...DONE!
%%%%%%%%%%     [4] Run the executable   ...DONE!
elapsed time:   1s
=====================================================================================================
