=====================================================================================================
%%%%%%%%%%     [4] Run the executable...
>Please note:  Even if all builds failed, the last built executable is still there and will be started!
> sudo -u mayadm ./ur-unix-run.sh
[2022-08-09 12:47:08.652] [main] [info] Pinging Pump Server Mayson...
[2022-08-09 12:47:11.725] [main] [info] Pinging Pump Server Mayson   ...DONE!
[2022-08-09 12:47:11.726] [main] [info] Pinging all valve stations...
[2022-08-09 12:47:11.996] [main] [info] Pinging all valve stations   ...DONE!
[2022-08-09 12:47:11.996] [main] [info] Fetching timestamp...
std::chrono::system_clock::now().time_since_epoch()   :   1660042031996120318
get_seconds_since_epoch(bool verbose /* true */)   :   1660042031
minutes since epoch   :   27667367
minute of day   :   647
minute of hour   :   47
hour of day   :   10
[2022-08-09 12:47:11.996] [main] [info] Checking timestamp.txt...
[2022-08-09 12:47:11.996] [main] [debug] The timestamp.txt is always written when watering is triggered. It is read to check if I was already done with watering some minutes ago.
previous time_stamp:   27666855
[2022-08-09 12:47:11.996] [main] [info] Checking timestamp.txt   ...DONE!
%%%%%%%%%%     [4] Run the executable   ...DONE!
elapsed time:   4s
=====================================================================================================
