=====================================================================================================
%%%%%%%%%%     [4] Run the executable...
>Please note:  Even if all builds failed, the last built executable is still there and will be started!
> sudo -u mayadm ./ur-unix-run.sh
[2022-08-09 21:22:09.835] [main] [info] Pinging Pump Server Mayson...
[2022-08-09 21:22:10.079] [main] [info] Pinging Pump Server Mayson   ...DONE!
[2022-08-09 21:22:10.079] [main] [info] Pinging all valve stations...
[2022-08-09 21:22:10.345] [main] [info] Pinging all valve stations   ...DONE!
[2022-08-09 21:22:10.345] [main] [info] Fetching timestamp...
std::chrono::system_clock::now().time_since_epoch()   :   1660072930345543565
get_seconds_since_epoch(bool verbose /* true */)   :   1660072930
minutes since epoch   :   27667882
minute of day   :   1162
minute of hour   :   22
hour of day   :   19
[2022-08-09 21:22:10.345] [main] [info] Checking timestamp.txt...
[2022-08-09 21:22:10.345] [main] [debug] The timestamp.txt is always written when watering is triggered. It is read to check if I was already done with watering some minutes ago.
previous time_stamp:   27666855
[2022-08-09 21:22:10.345] [main] [info] Checking timestamp.txt   ...DONE!
%%%%%%%%%%     [4] Run the executable   ...DONE!
elapsed time:   1s
=====================================================================================================
