=====================================================================================================
%%%%%%%%%%     [6] Uploading logs and go sleeping...
> sudo -u mayadm git checkout artifacts
Zu Zweig »artifacts« gewechselt
Ihr Branch ist auf demselben Stand wie 'origin/artifacts'.
> sudo -u mayadm git pull
Bereits aktuell.
> sudo -u mayadm git merge maya-productive
Bereits aktuell.
> sudo -u mayadm git add "../artifacts/logs/4707-*.log" -f
> sudo -u mayadm git add "../artifacts/logs/4706-*.log" -f
> sudo -u mayadm git commit -m "logs at 2022-08-09--22h06"
[artifacts 0fe967be] logs at 2022-08-09--22h06
 6 files changed, 263 insertions(+)
 create mode 100644 maya/artifacts/logs/4706--2022-08-09--21h43---6.log
 create mode 100644 maya/artifacts/logs/4707--2022-08-09--22h06---1.log
 create mode 100644 maya/artifacts/logs/4707--2022-08-09--22h06---2.log
 create mode 100644 maya/artifacts/logs/4707--2022-08-09--22h06---3.log
 create mode 100644 maya/artifacts/logs/4707--2022-08-09--22h06---4.log
 create mode 100644 maya/artifacts/logs/4707--2022-08-09--22h06---5.log
> sudo -u mayadm git push
To https://github.com/Necktschnagge/wired-watering
   255788df..0fe967be  artifacts -> artifacts
> sudo -u mayadm git checkout maya-productive
Zu Zweig »maya-productive« gewechselt
Ihr Branch ist auf demselben Stand wie 'origin/maya-productive'.
> sudo -u mayadm git push
fatal: konnte nicht auf 'https://github.com/Necktschnagge/wired-watering/' zugreifen: Could not resolve host: github.com
##############################################################
###################                        ###################
###################     GOING TO SLEEP     ###################
###################                        ###################
##############################################################
#######                                                #######
#######   Press CTRL + C NOW to abort script safely!   #######
#######                                                #######
##############################################################
##############################################################
#######                                                #######
#######               NOW GOING TO SLEEP               #######
#######                                                #######
##############################################################
> rtcwake -m mem -s 1200
rtcwake: RTC wird als UTC interpretiert …
rtcwake: aufwachen von „mem“ durch /dev/rtc0 bei Tue Aug  9 20:29:21 2022
##############################################################
#######                                                #######
#######            just waked up from sleep            #######
#######                                                #######
##############################################################
%%%%%%%%%%     [6] Uploading logs and go sleeping   ...DONE!
elapsed time:   1232s
=====================================================================================================
