=====================================================================================================
%%%%%%%%%%     [4] Run the executable...
>Please note:  Even if all builds failed, the last built executable is still there and will be started!
> sudo -u mayadm ./ur-unix-run.sh
[2022-08-10 00:06:34.746] [main] [info] Pinging Pump Server Mayson...
[2022-08-10 00:06:34.808] [main] [info] Pinging Pump Server Mayson   ...DONE!
[2022-08-10 00:06:34.808] [main] [info] Pinging all valve stations...
[2022-08-10 00:06:35.124] [main] [info] Pinging all valve stations   ...DONE!
[2022-08-10 00:06:35.124] [main] [info] Fetching timestamp...
std::chrono::system_clock::now().time_since_epoch()   :   1660082795124380546
get_seconds_since_epoch(bool verbose /* true */)   :   1660082795
minutes since epoch   :   27668046
minute of day   :   1326
minute of hour   :   6
hour of day   :   22
[2022-08-10 00:06:35.124] [main] [info] Checking timestamp.txt...
[2022-08-10 00:06:35.124] [main] [debug] The timestamp.txt is always written when watering is triggered. It is read to check if I was already done with watering some minutes ago.
previous time_stamp:   27666855
[2022-08-10 00:06:35.124] [main] [info] Checking timestamp.txt   ...DONE!
%%%%%%%%%%     [4] Run the executable   ...DONE!
elapsed time:   1s
=====================================================================================================
