=====================================================================================================
%%%%%%%%%%     [4] Run the executable...
>Please note:  Even if all builds failed, the last built executable is still there and will be started!
> sudo -u mayadm ./ur-unix-run.sh
[2022-08-10 09:55:45.181] [main] [info] Pinging Pump Server Mayson...
[2022-08-10 09:55:45.264] [main] [info] Pinging Pump Server Mayson   ...DONE!
[2022-08-10 09:55:45.264] [main] [info] Pinging all valve stations...
[2022-08-10 09:55:45.591] [main] [info] Pinging all valve stations   ...DONE!
[2022-08-10 09:55:45.591] [main] [info] Fetching timestamp...
std::chrono::system_clock::now().time_since_epoch()   :   1660118145591882308
get_seconds_since_epoch(bool verbose /* true */)   :   1660118145
minutes since epoch   :   27668635
minute of day   :   475
minute of hour   :   55
hour of day   :   7
[2022-08-10 09:55:45.591] [main] [info] Checking timestamp.txt...
[2022-08-10 09:55:45.591] [main] [debug] The timestamp.txt is always written when watering is triggered. It is read to check if I was already done with watering some minutes ago.
previous time_stamp:   27668281
[2022-08-10 09:55:45.592] [main] [info] Checking timestamp.txt   ...DONE!
%%%%%%%%%%     [4] Run the executable   ...DONE!
elapsed time:   0s
=====================================================================================================
