=====================================================================================================
%%%%%%%%%%     [4] Run the executable...
>Please note:  Even if all builds failed, the last built executable is still there and will be started!
> sudo -u mayadm ./ur-unix-run.sh
[2022-08-10 15:03:13.309] [main] [info] Pinging Pump Server Mayson...
[2022-08-10 15:03:15.568] [main] [info] Pinging Pump Server Mayson   ...DONE!
[2022-08-10 15:03:15.568] [main] [info] Pinging all valve stations...
[2022-08-10 15:03:17.204] [main] [info] Pinging all valve stations   ...DONE!
[2022-08-10 15:03:17.204] [main] [info] Fetching timestamp...
std::chrono::system_clock::now().time_since_epoch()   :   1660136597204987505
get_seconds_since_epoch(bool verbose /* true */)   :   1660136597
minutes since epoch   :   27668943
minute of day   :   783
minute of hour   :   3
hour of day   :   13
[2022-08-10 15:03:17.205] [main] [info] Checking timestamp.txt...
[2022-08-10 15:03:17.205] [main] [debug] The timestamp.txt is always written when watering is triggered. It is read to check if I was already done with watering some minutes ago.
previous time_stamp:   27668281
[2022-08-10 15:03:17.205] [main] [info] Checking timestamp.txt   ...DONE!
%%%%%%%%%%     [4] Run the executable   ...DONE!
elapsed time:   4s
=====================================================================================================
