=====================================================================================================
%%%%%%%%%%     [4] Run the executable...
>Please note:  Even if all builds failed, the last built executable is still there and will be started!
> sudo -u mayadm ./ur-unix-run.sh
[2022-08-11 01:19:25.500] [main] [info] Pinging Pump Server Mayson...
[2022-08-11 01:19:25.556] [main] [info] Pinging Pump Server Mayson   ...DONE!
[2022-08-11 01:19:25.556] [main] [info] Pinging all valve stations...
[2022-08-11 01:19:25.925] [main] [info] Pinging all valve stations   ...DONE!
[2022-08-11 01:19:25.925] [main] [info] Fetching timestamp...
std::chrono::system_clock::now().time_since_epoch()   :   1660173565925542094
get_seconds_since_epoch(bool verbose /* true */)   :   1660173565
minutes since epoch   :   27669559
minute of day   :   1399
minute of hour   :   19
hour of day   :   23
[2022-08-11 01:19:25.925] [main] [info] Checking timestamp.txt...
[2022-08-11 01:19:25.925] [main] [debug] The timestamp.txt is always written when watering is triggered. It is read to check if I was already done with watering some minutes ago.
previous time_stamp:   27668281
[2022-08-11 01:19:25.925] [main] [info] Checking timestamp.txt   ...DONE!
%%%%%%%%%%     [4] Run the executable   ...DONE!
elapsed time:   0s
=====================================================================================================
