=====================================================================================================
%%%%%%%%%%     [6] Uploading logs and go sleeping...
> sudo -u mayadm git checkout artifacts
Zu Zweig »artifacts« gewechselt
Ihr Branch ist auf demselben Stand wie 'origin/artifacts'.
> sudo -u mayadm git pull
Bereits aktuell.
> sudo -u mayadm git merge maya-productive
Bereits aktuell.
> sudo -u mayadm git add "../artifacts/logs/4793-*.log" -f
> sudo -u mayadm git add "../artifacts/logs/4792-*.log" -f
> sudo -u mayadm git commit -m "logs at 2022-08-11--09h50"
[artifacts ae0c945f] logs at 2022-08-11--09h50
 6 files changed, 266 insertions(+)
 create mode 100644 maya/artifacts/logs/4792--2022-08-11--09h26---6.log
 create mode 100644 maya/artifacts/logs/4793--2022-08-11--09h50---1.log
 create mode 100644 maya/artifacts/logs/4793--2022-08-11--09h50---2.log
 create mode 100644 maya/artifacts/logs/4793--2022-08-11--09h50---3.log
 create mode 100644 maya/artifacts/logs/4793--2022-08-11--09h50---4.log
 create mode 100644 maya/artifacts/logs/4793--2022-08-11--09h50---5.log
> sudo -u mayadm git push
To https://github.com/Necktschnagge/wired-watering
   45d59f9a..ae0c945f  artifacts -> artifacts
> sudo -u mayadm git checkout maya-productive
Zu Zweig »maya-productive« gewechselt
Ihr Branch ist auf demselben Stand wie 'origin/maya-productive'.
> sudo -u mayadm git push
Everything up-to-date
##############################################################
###################                        ###################
###################     GOING TO SLEEP     ###################
###################                        ###################
##############################################################
#######                                                #######
#######   Press CTRL + C NOW to abort script safely!   #######
#######                                                #######
##############################################################
##############################################################
#######                                                #######
#######               NOW GOING TO SLEEP               #######
#######                                                #######
##############################################################
> rtcwake -m mem -s 1200
rtcwake: RTC wird als UTC interpretiert …
rtcwake: aufwachen von „mem“ durch /dev/rtc0 bei Thu Aug 11 08:12:53 2022
##############################################################
#######                                                #######
#######            just waked up from sleep            #######
#######                                                #######
##############################################################
%%%%%%%%%%     [6] Uploading logs and go sleeping   ...DONE!
elapsed time:   1234s
=====================================================================================================
