=====================================================================================================
%%%%%%%%%%     [4] Run the executable...
>Please note:  Even if all builds failed, the last built executable is still there and will be started!
> sudo -u mayadm ./ur-unix-run.sh
[2022-08-11 10:39:21.724] [main] [info] Pinging Pump Server Mayson...
[2022-08-11 10:39:22.035] [main] [info] Pinging Pump Server Mayson   ...DONE!
[2022-08-11 10:39:22.035] [main] [info] Pinging all valve stations...
[2022-08-11 10:39:22.689] [main] [info] Pinging all valve stations   ...DONE!
[2022-08-11 10:39:22.689] [main] [info] Fetching timestamp...
std::chrono::system_clock::now().time_since_epoch()   :   1660207162689155569
get_seconds_since_epoch(bool verbose /* true */)   :   1660207162
minutes since epoch   :   27670119
minute of day   :   519
minute of hour   :   39
hour of day   :   8
[2022-08-11 10:39:22.689] [main] [info] Checking timestamp.txt...
[2022-08-11 10:39:22.689] [main] [debug] The timestamp.txt is always written when watering is triggered. It is read to check if I was already done with watering some minutes ago.
previous time_stamp:   27669725
[2022-08-11 10:39:22.689] [main] [info] Checking timestamp.txt   ...DONE!
%%%%%%%%%%     [4] Run the executable   ...DONE!
elapsed time:   2s
=====================================================================================================
