=====================================================================================================
%%%%%%%%%%     [4] Run the executable...
>Please note:  Even if all builds failed, the last built executable is still there and will be started!
> sudo -u mayadm ./ur-unix-run.sh
[2022-08-11 13:25:39.027] [main] [info] Pinging Pump Server Mayson...
[2022-08-11 13:25:39.090] [main] [info] Pinging Pump Server Mayson   ...DONE!
[2022-08-11 13:25:39.090] [main] [info] Pinging all valve stations...
[2022-08-11 13:25:41.792] [main] [info] Pinging all valve stations   ...DONE!
[2022-08-11 13:25:41.792] [main] [info] Fetching timestamp...
std::chrono::system_clock::now().time_since_epoch()   :   1660217141792673973
get_seconds_since_epoch(bool verbose /* true */)   :   1660217141
minutes since epoch   :   27670285
minute of day   :   685
minute of hour   :   25
hour of day   :   11
[2022-08-11 13:25:41.792] [main] [info] Checking timestamp.txt...
[2022-08-11 13:25:41.792] [main] [debug] The timestamp.txt is always written when watering is triggered. It is read to check if I was already done with watering some minutes ago.
previous time_stamp:   27669725
[2022-08-11 13:25:41.792] [main] [info] Checking timestamp.txt   ...DONE!
%%%%%%%%%%     [4] Run the executable   ...DONE!
elapsed time:   3s
=====================================================================================================
