=====================================================================================================
%%%%%%%%%%     [6] Uploading logs and go sleeping...
> sudo -u mayadm git checkout artifacts
Zu Zweig »artifacts« gewechselt
Ihr Branch ist auf demselben Stand wie 'origin/artifacts'.
> sudo -u mayadm git pull
Bereits aktuell.
> sudo -u mayadm git merge maya-productive
Bereits aktuell.
> sudo -u mayadm git add "../artifacts/logs/4822-*.log" -f
> sudo -u mayadm git add "../artifacts/logs/4821-*.log" -f
> sudo -u mayadm git commit -m "logs at 2022-08-11--21h17"
[artifacts 7dc23d38] logs at 2022-08-11--21h17
 6 files changed, 262 insertions(+)
 create mode 100644 maya/artifacts/logs/4821--2022-08-11--20h53---6.log
 create mode 100644 maya/artifacts/logs/4822--2022-08-11--21h17---1.log
 create mode 100644 maya/artifacts/logs/4822--2022-08-11--21h17---2.log
 create mode 100644 maya/artifacts/logs/4822--2022-08-11--21h17---3.log
 create mode 100644 maya/artifacts/logs/4822--2022-08-11--21h17---4.log
 create mode 100644 maya/artifacts/logs/4822--2022-08-11--21h17---5.log
> sudo -u mayadm git push
To https://github.com/Necktschnagge/wired-watering
   8aa675d3..7dc23d38  artifacts -> artifacts
> sudo -u mayadm git checkout maya-productive
Zu Zweig »maya-productive« gewechselt
Ihr Branch ist auf demselben Stand wie 'origin/maya-productive'.
> sudo -u mayadm git push
Everything up-to-date
##############################################################
###################                        ###################
###################     GOING TO SLEEP     ###################
###################                        ###################
##############################################################
#######                                                #######
#######   Press CTRL + C NOW to abort script safely!   #######
#######                                                #######
##############################################################
##############################################################
#######                                                #######
#######               NOW GOING TO SLEEP               #######
#######                                                #######
##############################################################
> rtcwake -m mem -s 1200
rtcwake: RTC wird als UTC interpretiert …
rtcwake: aufwachen von „mem“ durch /dev/rtc0 bei Thu Aug 11 19:40:04 2022
##############################################################
#######                                                #######
#######            just waked up from sleep            #######
#######                                                #######
##############################################################
%%%%%%%%%%     [6] Uploading logs and go sleeping   ...DONE!
elapsed time:   1237s
=====================================================================================================
