=====================================================================================================
%%%%%%%%%%     [4] Run the executable...
>Please note:  Even if all builds failed, the last built executable is still there and will be started!
> sudo -u mayadm ./ur-unix-run.sh
[2022-08-12 17:33:06.648] [main] [info] Pinging Pump Server Mayson...
[2022-08-12 17:33:06.730] [main] [info] Pinging Pump Server Mayson   ...DONE!
[2022-08-12 17:33:06.730] [main] [info] Pinging all valve stations...
[2022-08-12 17:33:07.020] [main] [info] Pinging all valve stations   ...DONE!
[2022-08-12 17:33:07.020] [main] [info] Fetching timestamp...
std::chrono::system_clock::now().time_since_epoch()   :   1660318387020453901
get_seconds_since_epoch(bool verbose /* true */)   :   1660318387
minutes since epoch   :   27671973
minute of day   :   933
minute of hour   :   33
hour of day   :   15
[2022-08-12 17:33:07.020] [main] [info] Checking timestamp.txt...
[2022-08-12 17:33:07.020] [main] [debug] The timestamp.txt is always written when watering is triggered. It is read to check if I was already done with watering some minutes ago.
previous time_stamp:   27671163
[2022-08-12 17:33:07.021] [main] [info] Checking timestamp.txt   ...DONE!
%%%%%%%%%%     [4] Run the executable   ...DONE!
elapsed time:   1s
=====================================================================================================
