=====================================================================================================
%%%%%%%%%%     [6] Uploading logs and go sleeping...
> sudo -u mayadm git checkout artifacts
Zu Zweig »artifacts« gewechselt
Ihr Branch ist auf demselben Stand wie 'origin/artifacts'.
> sudo -u mayadm git pull
fatal: konnte nicht auf 'https://github.com/Necktschnagge/wired-watering/' zugreifen: Could not resolve host: github.com
> sudo -u mayadm git merge maya-productive
Bereits aktuell.
> sudo -u mayadm git add "../artifacts/logs/4893-*.log" -f
> sudo -u mayadm git add "../artifacts/logs/4892-*.log" -f
> sudo -u mayadm git commit -m "logs at 2022-08-13--02h16"
[artifacts 34996ed5] logs at 2022-08-13--02h16
 6 files changed, 262 insertions(+)
 create mode 100644 maya/artifacts/logs/4892--2022-08-13--01h52---6.log
 create mode 100644 maya/artifacts/logs/4893--2022-08-13--02h16---1.log
 create mode 100644 maya/artifacts/logs/4893--2022-08-13--02h16---2.log
 create mode 100644 maya/artifacts/logs/4893--2022-08-13--02h16---3.log
 create mode 100644 maya/artifacts/logs/4893--2022-08-13--02h16---4.log
 create mode 100644 maya/artifacts/logs/4893--2022-08-13--02h16---5.log
> sudo -u mayadm git push
fatal: konnte nicht auf 'https://github.com/Necktschnagge/wired-watering/' zugreifen: Could not resolve host: github.com
> sudo -u mayadm git checkout maya-productive
Zu Zweig »maya-productive« gewechselt
Ihr Branch ist auf demselben Stand wie 'origin/maya-productive'.
> sudo -u mayadm git push
Everything up-to-date
##############################################################
###################                        ###################
###################     GOING TO SLEEP     ###################
###################                        ###################
##############################################################
#######                                                #######
#######   Press CTRL + C NOW to abort script safely!   #######
#######                                                #######
##############################################################
##############################################################
#######                                                #######
#######               NOW GOING TO SLEEP               #######
#######                                                #######
##############################################################
> rtcwake -m mem -s 1200
rtcwake: RTC wird als UTC interpretiert …
rtcwake: aufwachen von „mem“ durch /dev/rtc0 bei Sat Aug 13 00:39:30 2022
##############################################################
#######                                                #######
#######            just waked up from sleep            #######
#######                                                #######
##############################################################
%%%%%%%%%%     [6] Uploading logs and go sleeping   ...DONE!
elapsed time:   1236s
=====================================================================================================
