=====================================================================================================
%%%%%%%%%%     [4] Run the executable...
>Please note:  Even if all builds failed, the last built executable is still there and will be started!
> sudo -u mayadm ./ur-unix-run.sh
[2022-08-13 07:21:22.397] [main] [info] Pinging Pump Server Mayson...
[2022-08-13 07:21:22.616] [main] [info] Pinging Pump Server Mayson   ...DONE!
[2022-08-13 07:21:22.616] [main] [info] Pinging all valve stations...
[2022-08-13 07:21:23.033] [main] [info] Pinging all valve stations   ...DONE!
[2022-08-13 07:21:23.033] [main] [info] Fetching timestamp...
std::chrono::system_clock::now().time_since_epoch()   :   1660368083033471493
get_seconds_since_epoch(bool verbose /* true */)   :   1660368083
minutes since epoch   :   27672801
minute of day   :   321
minute of hour   :   21
hour of day   :   5
[2022-08-13 07:21:23.033] [main] [info] Checking timestamp.txt...
[2022-08-13 07:21:23.033] [main] [debug] The timestamp.txt is always written when watering is triggered. It is read to check if I was already done with watering some minutes ago.
previous time_stamp:   27672617
[2022-08-13 07:21:23.033] [main] [info] Checking timestamp.txt   ...DONE!
%%%%%%%%%%     [4] Run the executable   ...DONE!
elapsed time:   1s
=====================================================================================================
