=====================================================================================================
%%%%%%%%%%     [4] Run the executable...
>Please note:  Even if all builds failed, the last built executable is still there and will be started!
> sudo -u mayadm ./ur-unix-run.sh
[2022-08-14 18:26:30.354] [main] [info] Pinging Pump Server Mayson...
[2022-08-14 18:26:30.459] [main] [info] Pinging Pump Server Mayson   ...DONE!
[2022-08-14 18:26:30.459] [main] [info] Pinging all valve stations...
[2022-08-14 18:26:34.239] [main] [info] Pinging all valve stations   ...DONE!
[2022-08-14 18:26:34.239] [main] [info] Fetching timestamp...
std::chrono::system_clock::now().time_since_epoch()   :   1660494394239926145
get_seconds_since_epoch(bool verbose /* true */)   :   1660494394
minutes since epoch   :   27674906
minute of day   :   986
minute of hour   :   26
hour of day   :   16
[2022-08-14 18:26:34.239] [main] [info] Checking timestamp.txt...
[2022-08-14 18:26:34.240] [main] [debug] The timestamp.txt is always written when watering is triggered. It is read to check if I was already done with watering some minutes ago.
previous time_stamp:   27674043
[2022-08-14 18:26:34.240] [main] [info] Checking timestamp.txt   ...DONE!
%%%%%%%%%%     [4] Run the executable   ...DONE!
elapsed time:   5s
=====================================================================================================
