=====================================================================================================
%%%%%%%%%%     [4] Run the executable...
>Please note:  Even if all builds failed, the last built executable is still there and will be started!
> sudo -u mayadm ./ur-unix-run.sh
[2022-08-15 00:50:12.825] [main] [info] Pinging Pump Server Mayson...
[2022-08-15 00:50:13.131] [main] [info] Pinging Pump Server Mayson   ...DONE!
[2022-08-15 00:50:13.131] [main] [info] Pinging all valve stations...
[2022-08-15 00:50:16.708] [main] [info] Pinging all valve stations   ...DONE!
[2022-08-15 00:50:16.708] [main] [info] Fetching timestamp...
std::chrono::system_clock::now().time_since_epoch()   :   1660517416708767423
get_seconds_since_epoch(bool verbose /* true */)   :   1660517416
minutes since epoch   :   27675290
minute of day   :   1370
minute of hour   :   50
hour of day   :   22
[2022-08-15 00:50:16.711] [main] [info] Checking timestamp.txt...
[2022-08-15 00:50:16.711] [main] [debug] The timestamp.txt is always written when watering is triggered. It is read to check if I was already done with watering some minutes ago.
previous time_stamp:   27674043
[2022-08-15 00:50:16.711] [main] [info] Checking timestamp.txt   ...DONE!
%%%%%%%%%%     [4] Run the executable   ...DONE!
elapsed time:   5s
=====================================================================================================
