=====================================================================================================
%%%%%%%%%%     [4] Run the executable...
>Please note:  Even if all builds failed, the last built executable is still there and will be started!
> sudo -u mayadm ./ur-unix-run.sh
[2022-08-15 08:17:50.031] [main] [info] Pinging Pump Server Mayson...
[2022-08-15 08:17:50.301] [main] [info] Pinging Pump Server Mayson   ...DONE!
[2022-08-15 08:17:50.301] [main] [info] Pinging all valve stations...
[2022-08-15 08:17:50.716] [main] [info] Pinging all valve stations   ...DONE!
[2022-08-15 08:17:50.716] [main] [info] Fetching timestamp...
std::chrono::system_clock::now().time_since_epoch()   :   1660544270716757373
get_seconds_since_epoch(bool verbose /* true */)   :   1660544270
minutes since epoch   :   27675737
minute of day   :   377
minute of hour   :   17
hour of day   :   6
[2022-08-15 08:17:50.716] [main] [info] Checking timestamp.txt...
[2022-08-15 08:17:50.716] [main] [debug] The timestamp.txt is always written when watering is triggered. It is read to check if I was already done with watering some minutes ago.
previous time_stamp:   27675482
[2022-08-15 08:17:50.716] [main] [info] Checking timestamp.txt   ...DONE!
%%%%%%%%%%     [4] Run the executable   ...DONE!
elapsed time:   1s
=====================================================================================================
