=====================================================================================================
%%%%%%%%%%     [6] Uploading logs and go sleeping...
> sudo -u mayadm git checkout artifacts
Zu Zweig »artifacts« gewechselt
Ihr Branch ist auf demselben Stand wie 'origin/artifacts'.
> sudo -u mayadm git pull
fatal: konnte nicht auf 'https://github.com/Necktschnagge/wired-watering/' zugreifen: Could not resolve host: github.com
> sudo -u mayadm git merge maya-productive
Bereits aktuell.
> sudo -u mayadm git add "../artifacts/logs/5034-*.log" -f
> sudo -u mayadm git add "../artifacts/logs/5033-*.log" -f
> sudo -u mayadm git commit -m "logs at 2022-08-15--13h28"
[artifacts 5b94d4ff] logs at 2022-08-15--13h28
 6 files changed, 262 insertions(+)
 create mode 100644 maya/artifacts/logs/5033--2022-08-15--13h04---6.log
 create mode 100644 maya/artifacts/logs/5034--2022-08-15--13h28---1.log
 create mode 100644 maya/artifacts/logs/5034--2022-08-15--13h28---2.log
 create mode 100644 maya/artifacts/logs/5034--2022-08-15--13h28---3.log
 create mode 100644 maya/artifacts/logs/5034--2022-08-15--13h28---4.log
 create mode 100644 maya/artifacts/logs/5034--2022-08-15--13h28---5.log
> sudo -u mayadm git push
To https://github.com/Necktschnagge/wired-watering
   a99733ea..5b94d4ff  artifacts -> artifacts
> sudo -u mayadm git checkout maya-productive
Zu Zweig »maya-productive« gewechselt
Ihr Branch ist auf demselben Stand wie 'origin/maya-productive'.
> sudo -u mayadm git push
Everything up-to-date
##############################################################
###################                        ###################
###################     GOING TO SLEEP     ###################
###################                        ###################
##############################################################
#######                                                #######
#######   Press CTRL + C NOW to abort script safely!   #######
#######                                                #######
##############################################################
##############################################################
#######                                                #######
#######               NOW GOING TO SLEEP               #######
#######                                                #######
##############################################################
> rtcwake -m mem -s 1200
rtcwake: RTC wird als UTC interpretiert …
rtcwake: aufwachen von „mem“ durch /dev/rtc0 bei Mon Aug 15 11:51:15 2022
##############################################################
#######                                                #######
#######            just waked up from sleep            #######
#######                                                #######
##############################################################
%%%%%%%%%%     [6] Uploading logs and go sleeping   ...DONE!
elapsed time:   1237s
=====================================================================================================
