=====================================================================================================
%%%%%%%%%%     [6] Uploading logs and go sleeping...
> sudo -u mayadm git checkout artifacts
Zu Zweig »artifacts« gewechselt
Ihr Branch ist auf demselben Stand wie 'origin/artifacts'.
> sudo -u mayadm git pull
Bereits aktuell.
> sudo -u mayadm git merge maya-productive
Bereits aktuell.
> sudo -u mayadm git add "../artifacts/logs/5036-*.log" -f
> sudo -u mayadm git add "../artifacts/logs/5035-*.log" -f
> sudo -u mayadm git commit -m "logs at 2022-08-15--14h15"
[artifacts f94bc16e] logs at 2022-08-15--14h15
 6 files changed, 262 insertions(+)
 create mode 100644 maya/artifacts/logs/5035--2022-08-15--13h52---6.log
 create mode 100644 maya/artifacts/logs/5036--2022-08-15--14h15---1.log
 create mode 100644 maya/artifacts/logs/5036--2022-08-15--14h15---2.log
 create mode 100644 maya/artifacts/logs/5036--2022-08-15--14h15---3.log
 create mode 100644 maya/artifacts/logs/5036--2022-08-15--14h15---4.log
 create mode 100644 maya/artifacts/logs/5036--2022-08-15--14h15---5.log
> sudo -u mayadm git push
To https://github.com/Necktschnagge/wired-watering
   1f87b538..f94bc16e  artifacts -> artifacts
> sudo -u mayadm git checkout maya-productive
Zu Zweig »maya-productive« gewechselt
Ihr Branch ist auf demselben Stand wie 'origin/maya-productive'.
> sudo -u mayadm git push
Everything up-to-date
##############################################################
###################                        ###################
###################     GOING TO SLEEP     ###################
###################                        ###################
##############################################################
#######                                                #######
#######   Press CTRL + C NOW to abort script safely!   #######
#######                                                #######
##############################################################
##############################################################
#######                                                #######
#######               NOW GOING TO SLEEP               #######
#######                                                #######
##############################################################
> rtcwake -m mem -s 1200
rtcwake: RTC wird als UTC interpretiert …
rtcwake: aufwachen von „mem“ durch /dev/rtc0 bei Mon Aug 15 12:39:14 2022
##############################################################
#######                                                #######
#######            just waked up from sleep            #######
#######                                                #######
##############################################################
%%%%%%%%%%     [6] Uploading logs and go sleeping   ...DONE!
elapsed time:   1234s
=====================================================================================================
