=====================================================================================================
%%%%%%%%%%     [6] Uploading logs and go sleeping...
> sudo -u mayadm git checkout artifacts
Zu Zweig »artifacts« gewechselt
Ihr Branch ist auf demselben Stand wie 'origin/artifacts'.
> sudo -u mayadm git pull
Bereits aktuell.
> sudo -u mayadm git merge maya-productive
Bereits aktuell.
> sudo -u mayadm git add "../artifacts/logs/5037-*.log" -f
> sudo -u mayadm git add "../artifacts/logs/5036-*.log" -f
> sudo -u mayadm git commit -m "logs at 2022-08-15--14h39"
[artifacts 3db02f7b] logs at 2022-08-15--14h39
 6 files changed, 265 insertions(+)
 create mode 100644 maya/artifacts/logs/5036--2022-08-15--14h15---6.log
 create mode 100644 maya/artifacts/logs/5037--2022-08-15--14h39---1.log
 create mode 100644 maya/artifacts/logs/5037--2022-08-15--14h39---2.log
 create mode 100644 maya/artifacts/logs/5037--2022-08-15--14h39---3.log
 create mode 100644 maya/artifacts/logs/5037--2022-08-15--14h39---4.log
 create mode 100644 maya/artifacts/logs/5037--2022-08-15--14h39---5.log
> sudo -u mayadm git push
To https://github.com/Necktschnagge/wired-watering
   f94bc16e..3db02f7b  artifacts -> artifacts
> sudo -u mayadm git checkout maya-productive
Zu Zweig »maya-productive« gewechselt
Ihr Branch ist auf demselben Stand wie 'origin/maya-productive'.
> sudo -u mayadm git push
fatal: konnte nicht auf 'https://github.com/Necktschnagge/wired-watering/' zugreifen: Could not resolve host: github.com
##############################################################
###################                        ###################
###################     GOING TO SLEEP     ###################
###################                        ###################
##############################################################
#######                                                #######
#######   Press CTRL + C NOW to abort script safely!   #######
#######                                                #######
##############################################################
##############################################################
#######                                                #######
#######               NOW GOING TO SLEEP               #######
#######                                                #######
##############################################################
> rtcwake -m mem -s 1200
rtcwake: RTC wird als UTC interpretiert …
rtcwake: aufwachen von „mem“ durch /dev/rtc0 bei Mon Aug 15 13:03:29 2022
##############################################################
#######                                                #######
#######            just waked up from sleep            #######
#######                                                #######
##############################################################
%%%%%%%%%%     [6] Uploading logs and go sleeping   ...DONE!
elapsed time:   1234s
=====================================================================================================
