=====================================================================================================
%%%%%%%%%%     [4] Run the executable...
>Please note:  Even if all builds failed, the last built executable is still there and will be started!
> sudo -u mayadm ./ur-unix-run.sh
[2022-08-15 21:06:17.022] [main] [info] Pinging Pump Server Mayson...
[2022-08-15 21:06:17.352] [main] [info] Pinging Pump Server Mayson   ...DONE!
[2022-08-15 21:06:17.352] [main] [info] Pinging all valve stations...
[2022-08-15 21:06:17.763] [main] [info] Pinging all valve stations   ...DONE!
[2022-08-15 21:06:17.763] [main] [info] Fetching timestamp...
std::chrono::system_clock::now().time_since_epoch()   :   1660590377763632683
get_seconds_since_epoch(bool verbose /* true */)   :   1660590377
minutes since epoch   :   27676506
minute of day   :   1146
minute of hour   :   6
hour of day   :   19
[2022-08-15 21:06:17.763] [main] [info] Checking timestamp.txt...
[2022-08-15 21:06:17.763] [main] [debug] The timestamp.txt is always written when watering is triggered. It is read to check if I was already done with watering some minutes ago.
previous time_stamp:   27675482
[2022-08-15 21:06:17.763] [main] [info] Checking timestamp.txt   ...DONE!
%%%%%%%%%%     [4] Run the executable   ...DONE!
elapsed time:   1s
=====================================================================================================
