=====================================================================================================
%%%%%%%%%%     [4] Run the executable...
>Please note:  Even if all builds failed, the last built executable is still there and will be started!
> sudo -u mayadm ./ur-unix-run.sh
[2022-08-16 14:47:07.986] [main] [info] Pinging Pump Server Mayson...
[2022-08-16 14:47:08.145] [main] [info] Pinging Pump Server Mayson   ...DONE!
[2022-08-16 14:47:08.145] [main] [info] Pinging all valve stations...
[2022-08-16 14:47:08.522] [main] [info] Pinging all valve stations   ...DONE!
[2022-08-16 14:47:08.522] [main] [info] Fetching timestamp...
std::chrono::system_clock::now().time_since_epoch()   :   1660654028522089649
get_seconds_since_epoch(bool verbose /* true */)   :   1660654028
minutes since epoch   :   27677567
minute of day   :   767
minute of hour   :   47
hour of day   :   12
[2022-08-16 14:47:08.522] [main] [info] Checking timestamp.txt...
[2022-08-16 14:47:08.522] [main] [debug] The timestamp.txt is always written when watering is triggered. It is read to check if I was already done with watering some minutes ago.
previous time_stamp:   27676938
[2022-08-16 14:47:08.522] [main] [info] Checking timestamp.txt   ...DONE!
%%%%%%%%%%     [4] Run the executable   ...DONE!
elapsed time:   1s
=====================================================================================================
