=====================================================================================================
%%%%%%%%%%     [6] Uploading logs and go sleeping...
> sudo -u mayadm git checkout artifacts
Zu Zweig »artifacts« gewechselt
Ihr Branch ist auf demselben Stand wie 'origin/artifacts'.
> sudo -u mayadm git pull
Bereits aktuell.
> sudo -u mayadm git merge maya-productive
Bereits aktuell.
> sudo -u mayadm git add "../artifacts/logs/5103-*.log" -f
> sudo -u mayadm git add "../artifacts/logs/5102-*.log" -f
> sudo -u mayadm git commit -m "logs at 2022-08-16--17h57"
[artifacts 3dc70471] logs at 2022-08-16--17h57
 6 files changed, 262 insertions(+)
 create mode 100644 maya/artifacts/logs/5102--2022-08-16--17h33---6.log
 create mode 100644 maya/artifacts/logs/5103--2022-08-16--17h57---1.log
 create mode 100644 maya/artifacts/logs/5103--2022-08-16--17h57---2.log
 create mode 100644 maya/artifacts/logs/5103--2022-08-16--17h57---3.log
 create mode 100644 maya/artifacts/logs/5103--2022-08-16--17h57---4.log
 create mode 100644 maya/artifacts/logs/5103--2022-08-16--17h57---5.log
> sudo -u mayadm git push
To https://github.com/Necktschnagge/wired-watering
   45efff37..3dc70471  artifacts -> artifacts
> sudo -u mayadm git checkout maya-productive
Zu Zweig »maya-productive« gewechselt
Ihr Branch ist auf demselben Stand wie 'origin/maya-productive'.
> sudo -u mayadm git push
Everything up-to-date
##############################################################
###################                        ###################
###################     GOING TO SLEEP     ###################
###################                        ###################
##############################################################
#######                                                #######
#######   Press CTRL + C NOW to abort script safely!   #######
#######                                                #######
##############################################################
##############################################################
#######                                                #######
#######               NOW GOING TO SLEEP               #######
#######                                                #######
##############################################################
> rtcwake -m mem -s 1200
rtcwake: RTC wird als UTC interpretiert …
rtcwake: aufwachen von „mem“ durch /dev/rtc0 bei Tue Aug 16 16:21:13 2022
##############################################################
#######                                                #######
#######            just waked up from sleep            #######
#######                                                #######
##############################################################
%%%%%%%%%%     [6] Uploading logs and go sleeping   ...DONE!
elapsed time:   1232s
=====================================================================================================
