=====================================================================================================
%%%%%%%%%%     [4] Run the executable...
>Please note:  Even if all builds failed, the last built executable is still there and will be started!
> sudo -u mayadm ./ur-unix-run.sh
[2022-08-16 20:01:18.563] [main] [info] Pinging Pump Server Mayson...
[2022-08-16 20:01:19.037] [main] [info] Pinging Pump Server Mayson   ...DONE!
[2022-08-16 20:01:19.037] [main] [info] Pinging all valve stations...
[2022-08-16 20:01:23.477] [main] [info] Pinging all valve stations   ...DONE!
[2022-08-16 20:01:23.477] [main] [info] Fetching timestamp...
std::chrono::system_clock::now().time_since_epoch()   :   1660672883477107834
get_seconds_since_epoch(bool verbose /* true */)   :   1660672883
minutes since epoch   :   27677881
minute of day   :   1081
minute of hour   :   1
hour of day   :   18
[2022-08-16 20:01:23.477] [main] [info] Checking timestamp.txt...
[2022-08-16 20:01:23.477] [main] [debug] The timestamp.txt is always written when watering is triggered. It is read to check if I was already done with watering some minutes ago.
previous time_stamp:   27676938
[2022-08-16 20:01:23.477] [main] [info] Checking timestamp.txt   ...DONE!
%%%%%%%%%%     [4] Run the executable   ...DONE!
elapsed time:   5s
=====================================================================================================
