=====================================================================================================
%%%%%%%%%%     [6] Uploading logs and go sleeping...
> sudo -u mayadm git checkout artifacts
Zu Zweig »artifacts« gewechselt
Ihr Branch ist auf demselben Stand wie 'origin/artifacts'.
> sudo -u mayadm git pull
Bereits aktuell.
> sudo -u mayadm git merge maya-productive
Bereits aktuell.
> sudo -u mayadm git add "../artifacts/logs/5138-*.log" -f
> sudo -u mayadm git add "../artifacts/logs/5137-*.log" -f
> sudo -u mayadm git commit -m "logs at 2022-08-17--09h04"
[artifacts a691a5ad] logs at 2022-08-17--09h04
 6 files changed, 262 insertions(+)
 create mode 100644 maya/artifacts/logs/5137--2022-08-17--08h41---6.log
 create mode 100644 maya/artifacts/logs/5138--2022-08-17--09h04---1.log
 create mode 100644 maya/artifacts/logs/5138--2022-08-17--09h04---2.log
 create mode 100644 maya/artifacts/logs/5138--2022-08-17--09h04---3.log
 create mode 100644 maya/artifacts/logs/5138--2022-08-17--09h04---4.log
 create mode 100644 maya/artifacts/logs/5138--2022-08-17--09h04---5.log
> sudo -u mayadm git push
To https://github.com/Necktschnagge/wired-watering
   308013c3..a691a5ad  artifacts -> artifacts
> sudo -u mayadm git checkout maya-productive
Zu Zweig »maya-productive« gewechselt
Ihr Branch ist auf demselben Stand wie 'origin/maya-productive'.
> sudo -u mayadm git push
fatal: konnte nicht auf 'https://github.com/Necktschnagge/wired-watering/' zugreifen: Could not resolve host: github.com
##############################################################
###################                        ###################
###################     GOING TO SLEEP     ###################
###################                        ###################
##############################################################
#######                                                #######
#######   Press CTRL + C NOW to abort script safely!   #######
#######                                                #######
##############################################################
##############################################################
#######                                                #######
#######               NOW GOING TO SLEEP               #######
#######                                                #######
##############################################################
> rtcwake -m mem -s 1200
rtcwake: RTC wird als UTC interpretiert …
rtcwake: aufwachen von „mem“ durch /dev/rtc0 bei Wed Aug 17 07:28:30 2022
##############################################################
#######                                                #######
#######            just waked up from sleep            #######
#######                                                #######
##############################################################
%%%%%%%%%%     [6] Uploading logs and go sleeping   ...DONE!
elapsed time:   1239s
=====================================================================================================
