=====================================================================================================
%%%%%%%%%%     [4] Run the executable...
>Please note:  Even if all builds failed, the last built executable is still there and will be started!
> sudo -u mayadm ./ur-unix-run.sh
[2022-08-17 21:34:48.221] [main] [info] Pinging Pump Server Mayson...
[2022-08-17 21:34:48.320] [main] [info] Pinging Pump Server Mayson   ...DONE!
[2022-08-17 21:34:48.320] [main] [info] Pinging all valve stations...
[2022-08-17 21:34:48.952] [main] [info] Pinging all valve stations   ...DONE!
[2022-08-17 21:34:48.952] [main] [info] Fetching timestamp...
std::chrono::system_clock::now().time_since_epoch()   :   1660764888952584333
get_seconds_since_epoch(bool verbose /* true */)   :   1660764888
minutes since epoch   :   27679414
minute of day   :   1174
minute of hour   :   34
hour of day   :   19
[2022-08-17 21:34:48.953] [main] [info] Checking timestamp.txt...
[2022-08-17 21:34:48.953] [main] [debug] The timestamp.txt is always written when watering is triggered. It is read to check if I was already done with watering some minutes ago.
previous time_stamp:   27678361
[2022-08-17 21:34:48.953] [main] [info] Checking timestamp.txt   ...DONE!
%%%%%%%%%%     [4] Run the executable   ...DONE!
elapsed time:   0s
=====================================================================================================
