=====================================================================================================
%%%%%%%%%%     [4] Run the executable...
>Please note:  Even if all builds failed, the last built executable is still there and will be started!
> sudo -u mayadm ./ur-unix-run.sh
[2022-08-18 06:28:16.075] [main] [info] Pinging Pump Server Mayson...
[2022-08-18 06:28:16.108] [main] [info] Pinging Pump Server Mayson   ...DONE!
[2022-08-18 06:28:16.108] [main] [info] Pinging all valve stations...
[2022-08-18 06:28:16.421] [main] [info] Pinging all valve stations   ...DONE!
[2022-08-18 06:28:16.421] [main] [info] Fetching timestamp...
std::chrono::system_clock::now().time_since_epoch()   :   1660796896421144890
get_seconds_since_epoch(bool verbose /* true */)   :   1660796896
minutes since epoch   :   27679948
minute of day   :   268
minute of hour   :   28
hour of day   :   4
[2022-08-18 06:28:16.421] [main] [info] Checking timestamp.txt...
[2022-08-18 06:28:16.421] [main] [debug] The timestamp.txt is always written when watering is triggered. It is read to check if I was already done with watering some minutes ago.
previous time_stamp:   27679802
[2022-08-18 06:28:16.421] [main] [info] Checking timestamp.txt   ...DONE!
%%%%%%%%%%     [4] Run the executable   ...DONE!
elapsed time:   0s
=====================================================================================================
