=====================================================================================================
%%%%%%%%%%     [4] Run the executable...
>Please note:  Even if all builds failed, the last built executable is still there and will be started!
> sudo -u mayadm ./ur-unix-run.sh
[2022-08-18 10:06:15.204] [main] [info] Pinging Pump Server Mayson...
[2022-08-18 10:06:15.291] [main] [info] Pinging Pump Server Mayson   ...DONE!
[2022-08-18 10:06:15.291] [main] [info] Pinging all valve stations...
[2022-08-18 10:06:15.964] [main] [info] Pinging all valve stations   ...DONE!
[2022-08-18 10:06:15.964] [main] [info] Fetching timestamp...
std::chrono::system_clock::now().time_since_epoch()   :   1660809975964712462
get_seconds_since_epoch(bool verbose /* true */)   :   1660809975
minutes since epoch   :   27680166
minute of day   :   486
minute of hour   :   6
hour of day   :   8
[2022-08-18 10:06:15.964] [main] [info] Checking timestamp.txt...
[2022-08-18 10:06:15.964] [main] [debug] The timestamp.txt is always written when watering is triggered. It is read to check if I was already done with watering some minutes ago.
previous time_stamp:   27679802
[2022-08-18 10:06:15.965] [main] [info] Checking timestamp.txt   ...DONE!
%%%%%%%%%%     [4] Run the executable   ...DONE!
elapsed time:   1s
=====================================================================================================
