=====================================================================================================
%%%%%%%%%%     [6] Uploading logs and go sleeping...
> sudo -u mayadm git checkout artifacts
Zu Zweig »artifacts« gewechselt
Ihr Branch ist auf demselben Stand wie 'origin/artifacts'.
> sudo -u mayadm git pull
Bereits aktuell.
> sudo -u mayadm git merge maya-productive
Bereits aktuell.
> sudo -u mayadm git add "../artifacts/logs/5219-*.log" -f
> sudo -u mayadm git add "../artifacts/logs/5218-*.log" -f
> sudo -u mayadm git commit -m "logs at 2022-08-18--18h31"
[artifacts 453d19e9] logs at 2022-08-18--18h31
 6 files changed, 262 insertions(+)
 create mode 100644 maya/artifacts/logs/5218--2022-08-18--18h06---6.log
 create mode 100644 maya/artifacts/logs/5219--2022-08-18--18h31---1.log
 create mode 100644 maya/artifacts/logs/5219--2022-08-18--18h31---2.log
 create mode 100644 maya/artifacts/logs/5219--2022-08-18--18h31---3.log
 create mode 100644 maya/artifacts/logs/5219--2022-08-18--18h31---4.log
 create mode 100644 maya/artifacts/logs/5219--2022-08-18--18h31---5.log
> sudo -u mayadm git push
To https://github.com/Necktschnagge/wired-watering
   4245d36e..453d19e9  artifacts -> artifacts
> sudo -u mayadm git checkout maya-productive
Zu Zweig »maya-productive« gewechselt
Ihr Branch ist auf demselben Stand wie 'origin/maya-productive'.
> sudo -u mayadm git push
fatal: konnte nicht auf 'https://github.com/Necktschnagge/wired-watering/' zugreifen: Could not resolve host: github.com
##############################################################
###################                        ###################
###################     GOING TO SLEEP     ###################
###################                        ###################
##############################################################
#######                                                #######
#######   Press CTRL + C NOW to abort script safely!   #######
#######                                                #######
##############################################################
##############################################################
#######                                                #######
#######               NOW GOING TO SLEEP               #######
#######                                                #######
##############################################################
> rtcwake -m mem -s 1200
rtcwake: RTC wird als UTC interpretiert …
rtcwake: aufwachen von „mem“ durch /dev/rtc0 bei Thu Aug 18 16:54:30 2022
##############################################################
#######                                                #######
#######            just waked up from sleep            #######
#######                                                #######
##############################################################
%%%%%%%%%%     [6] Uploading logs and go sleeping   ...DONE!
elapsed time:   1235s
=====================================================================================================
