=====================================================================================================
%%%%%%%%%%     [4] Run the executable...
>Please note:  Even if all builds failed, the last built executable is still there and will be started!
> sudo -u mayadm ./ur-unix-run.sh
[2022-08-18 18:58:13.524] [main] [info] Pinging Pump Server Mayson...
[2022-08-18 18:58:13.580] [main] [info] Pinging Pump Server Mayson   ...DONE!
[2022-08-18 18:58:13.580] [main] [info] Pinging all valve stations...
[2022-08-18 18:58:14.092] [main] [info] Pinging all valve stations   ...DONE!
[2022-08-18 18:58:14.092] [main] [info] Fetching timestamp...
std::chrono::system_clock::now().time_since_epoch()   :   1660841894092626024
get_seconds_since_epoch(bool verbose /* true */)   :   1660841894
minutes since epoch   :   27680698
minute of day   :   1018
minute of hour   :   58
hour of day   :   16
[2022-08-18 18:58:14.092] [main] [info] Checking timestamp.txt...
[2022-08-18 18:58:14.092] [main] [debug] The timestamp.txt is always written when watering is triggered. It is read to check if I was already done with watering some minutes ago.
previous time_stamp:   27679802
[2022-08-18 18:58:14.213] [main] [info] Checking timestamp.txt   ...DONE!
%%%%%%%%%%     [4] Run the executable   ...DONE!
elapsed time:   1s
=====================================================================================================
