=====================================================================================================
%%%%%%%%%%     [4] Run the executable...
>Please note:  Even if all builds failed, the last built executable is still there and will be started!
> sudo -u mayadm ./ur-unix-run.sh
[2022-08-18 23:47:48.448] [main] [info] Pinging Pump Server Mayson...
[2022-08-18 23:47:48.655] [main] [info] Pinging Pump Server Mayson   ...DONE!
[2022-08-18 23:47:48.655] [main] [info] Pinging all valve stations...
[2022-08-18 23:47:52.393] [main] [info] Pinging all valve stations   ...DONE!
[2022-08-18 23:47:52.393] [main] [info] Fetching timestamp...
std::chrono::system_clock::now().time_since_epoch()   :   1660859272393575655
get_seconds_since_epoch(bool verbose /* true */)   :   1660859272
minutes since epoch   :   27680987
minute of day   :   1307
minute of hour   :   47
hour of day   :   21
[2022-08-18 23:47:52.393] [main] [info] Checking timestamp.txt...
[2022-08-18 23:47:52.393] [main] [debug] The timestamp.txt is always written when watering is triggered. It is read to check if I was already done with watering some minutes ago.
previous time_stamp:   27679802
[2022-08-18 23:47:52.393] [main] [info] Checking timestamp.txt   ...DONE!
%%%%%%%%%%     [4] Run the executable   ...DONE!
elapsed time:   4s
=====================================================================================================
