=====================================================================================================
%%%%%%%%%%     [6] Uploading logs and go sleeping...
> sudo -u mayadm git checkout artifacts
Zu Zweig »artifacts« gewechselt
Ihr Branch ist auf demselben Stand wie 'origin/artifacts'.
> sudo -u mayadm git pull
Bereits aktuell.
> sudo -u mayadm git merge maya-productive
Bereits aktuell.
> sudo -u mayadm git add "../artifacts/logs/5313-*.log" -f
> sudo -u mayadm git add "../artifacts/logs/5312-*.log" -f
> sudo -u mayadm git commit -m "logs at 2022-08-20--10h27"
[artifacts 15d55866] logs at 2022-08-20--10h27
 6 files changed, 262 insertions(+)
 create mode 100644 maya/artifacts/logs/5312--2022-08-20--10h02---6.log
 create mode 100644 maya/artifacts/logs/5313--2022-08-20--10h27---1.log
 create mode 100644 maya/artifacts/logs/5313--2022-08-20--10h27---2.log
 create mode 100644 maya/artifacts/logs/5313--2022-08-20--10h27---3.log
 create mode 100644 maya/artifacts/logs/5313--2022-08-20--10h27---4.log
 create mode 100644 maya/artifacts/logs/5313--2022-08-20--10h27---5.log
> sudo -u mayadm git push
To https://github.com/Necktschnagge/wired-watering
   504b5259..15d55866  artifacts -> artifacts
> sudo -u mayadm git checkout maya-productive
Zu Zweig »maya-productive« gewechselt
Ihr Branch ist auf demselben Stand wie 'origin/maya-productive'.
> sudo -u mayadm git push
Everything up-to-date
##############################################################
###################                        ###################
###################     GOING TO SLEEP     ###################
###################                        ###################
##############################################################
#######                                                #######
#######   Press CTRL + C NOW to abort script safely!   #######
#######                                                #######
##############################################################
##############################################################
#######                                                #######
#######               NOW GOING TO SLEEP               #######
#######                                                #######
##############################################################
> rtcwake -m mem -s 1200
rtcwake: RTC wird als UTC interpretiert …
rtcwake: aufwachen von „mem“ durch /dev/rtc0 bei Sat Aug 20 08:50:31 2022
##############################################################
#######                                                #######
#######            just waked up from sleep            #######
#######                                                #######
##############################################################
%%%%%%%%%%     [6] Uploading logs and go sleeping   ...DONE!
elapsed time:   1236s
=====================================================================================================
