=====================================================================================================
%%%%%%%%%%     [4] Run the executable...
>Please note:  Even if all builds failed, the last built executable is still there and will be started!
> sudo -u mayadm ./ur-unix-run.sh
[2022-08-21 05:29:15.899] [main] [info] Pinging Pump Server Mayson...
[2022-08-21 05:29:16.066] [main] [info] Pinging Pump Server Mayson   ...DONE!
[2022-08-21 05:29:16.066] [main] [info] Pinging all valve stations...
[2022-08-21 05:29:16.326] [main] [info] Pinging all valve stations   ...DONE!
[2022-08-21 05:29:16.326] [main] [info] Fetching timestamp...
std::chrono::system_clock::now().time_since_epoch()   :   1661052556326433928
get_seconds_since_epoch(bool verbose /* true */)   :   1661052556
minutes since epoch   :   27684209
minute of day   :   209
minute of hour   :   29
hour of day   :   3
[2022-08-21 05:29:16.326] [main] [info] Checking timestamp.txt...
[2022-08-21 05:29:16.326] [main] [debug] The timestamp.txt is always written when watering is triggered. It is read to check if I was already done with watering some minutes ago.
previous time_stamp:   27684135
[2022-08-21 05:29:16.326] [main] [info] Checking timestamp.txt   ...DONE!
%%%%%%%%%%     [4] Run the executable   ...DONE!
elapsed time:   1s
=====================================================================================================
