=====================================================================================================
%%%%%%%%%%     [4] Run the executable...
>Please note:  Even if all builds failed, the last built executable is still there and will be started!
> sudo -u mayadm ./ur-unix-run.sh
[2022-08-21 05:53:26.855] [main] [info] Pinging Pump Server Mayson...
[2022-08-21 05:53:27.152] [main] [info] Pinging Pump Server Mayson   ...DONE!
[2022-08-21 05:53:27.152] [main] [info] Pinging all valve stations...
[2022-08-21 05:53:27.458] [main] [info] Pinging all valve stations   ...DONE!
[2022-08-21 05:53:27.458] [main] [info] Fetching timestamp...
std::chrono::system_clock::now().time_since_epoch()   :   1661054007458429994
get_seconds_since_epoch(bool verbose /* true */)   :   1661054007
minutes since epoch   :   27684233
minute of day   :   233
minute of hour   :   53
hour of day   :   3
[2022-08-21 05:53:27.460] [main] [info] Checking timestamp.txt...
[2022-08-21 05:53:27.460] [main] [debug] The timestamp.txt is always written when watering is triggered. It is read to check if I was already done with watering some minutes ago.
previous time_stamp:   27684135
[2022-08-21 05:53:27.460] [main] [info] Checking timestamp.txt   ...DONE!
%%%%%%%%%%     [4] Run the executable   ...DONE!
elapsed time:   1s
=====================================================================================================
