=====================================================================================================
%%%%%%%%%%     [6] Uploading logs and go sleeping...
> sudo -u mayadm git checkout artifacts
Zu Zweig »artifacts« gewechselt
Ihr Branch ist auf demselben Stand wie 'origin/artifacts'.
> sudo -u mayadm git pull
fatal: konnte nicht auf 'https://github.com/Necktschnagge/wired-watering/' zugreifen: Could not resolve host: github.com
> sudo -u mayadm git merge maya-productive
Bereits aktuell.
> sudo -u mayadm git add "../artifacts/logs/5379-*.log" -f
> sudo -u mayadm git add "../artifacts/logs/5378-*.log" -f
> sudo -u mayadm git commit -m "logs at 2022-08-21--13h07"
[artifacts dd99e7f9] logs at 2022-08-21--13h07
 6 files changed, 265 insertions(+)
 create mode 100644 maya/artifacts/logs/5378--2022-08-21--12h43---6.log
 create mode 100644 maya/artifacts/logs/5379--2022-08-21--13h07---1.log
 create mode 100644 maya/artifacts/logs/5379--2022-08-21--13h07---2.log
 create mode 100644 maya/artifacts/logs/5379--2022-08-21--13h07---3.log
 create mode 100644 maya/artifacts/logs/5379--2022-08-21--13h07---4.log
 create mode 100644 maya/artifacts/logs/5379--2022-08-21--13h07---5.log
> sudo -u mayadm git push
To https://github.com/Necktschnagge/wired-watering
   eb03aaa1..dd99e7f9  artifacts -> artifacts
> sudo -u mayadm git checkout maya-productive
Zu Zweig »maya-productive« gewechselt
Ihr Branch ist auf demselben Stand wie 'origin/maya-productive'.
> sudo -u mayadm git push
Everything up-to-date
##############################################################
###################                        ###################
###################     GOING TO SLEEP     ###################
###################                        ###################
##############################################################
#######                                                #######
#######   Press CTRL + C NOW to abort script safely!   #######
#######                                                #######
##############################################################
##############################################################
#######                                                #######
#######               NOW GOING TO SLEEP               #######
#######                                                #######
##############################################################
> rtcwake -m mem -s 1200
rtcwake: RTC wird als UTC interpretiert …
rtcwake: aufwachen von „mem“ durch /dev/rtc0 bei Sun Aug 21 11:30:50 2022
##############################################################
#######                                                #######
#######            just waked up from sleep            #######
#######                                                #######
##############################################################
%%%%%%%%%%     [6] Uploading logs and go sleeping   ...DONE!
elapsed time:   1238s
=====================================================================================================
