=====================================================================================================
%%%%%%%%%%     [6] Uploading logs and go sleeping...
> sudo -u mayadm git checkout artifacts
Zu Zweig »artifacts« gewechselt
Ihr Branch ist auf demselben Stand wie 'origin/artifacts'.
> sudo -u mayadm git pull
fatal: konnte nicht auf 'https://github.com/Necktschnagge/wired-watering/' zugreifen: Could not resolve host: github.com
> sudo -u mayadm git merge maya-productive
Bereits aktuell.
> sudo -u mayadm git add "../artifacts/logs/5392-*.log" -f
> sudo -u mayadm git add "../artifacts/logs/5391-*.log" -f
> sudo -u mayadm git commit -m "logs at 2022-08-21--18h22"
[artifacts 0953b903] logs at 2022-08-21--18h22
 6 files changed, 262 insertions(+)
 create mode 100644 maya/artifacts/logs/5391--2022-08-21--17h57---6.log
 create mode 100644 maya/artifacts/logs/5392--2022-08-21--18h22---1.log
 create mode 100644 maya/artifacts/logs/5392--2022-08-21--18h22---2.log
 create mode 100644 maya/artifacts/logs/5392--2022-08-21--18h22---3.log
 create mode 100644 maya/artifacts/logs/5392--2022-08-21--18h22---4.log
 create mode 100644 maya/artifacts/logs/5392--2022-08-21--18h22---5.log
> sudo -u mayadm git push
To https://github.com/Necktschnagge/wired-watering
   5f62c29c..0953b903  artifacts -> artifacts
> sudo -u mayadm git checkout maya-productive
Zu Zweig »maya-productive« gewechselt
Ihr Branch ist auf demselben Stand wie 'origin/maya-productive'.
> sudo -u mayadm git push
fatal: konnte nicht auf 'https://github.com/Necktschnagge/wired-watering/' zugreifen: Could not resolve host: github.com
##############################################################
###################                        ###################
###################     GOING TO SLEEP     ###################
###################                        ###################
##############################################################
#######                                                #######
#######   Press CTRL + C NOW to abort script safely!   #######
#######                                                #######
##############################################################
##############################################################
#######                                                #######
#######               NOW GOING TO SLEEP               #######
#######                                                #######
##############################################################
> rtcwake -m mem -s 1200
rtcwake: RTC wird als UTC interpretiert …
rtcwake: aufwachen von „mem“ durch /dev/rtc0 bei Sun Aug 21 16:45:28 2022
##############################################################
#######                                                #######
#######            just waked up from sleep            #######
#######                                                #######
##############################################################
%%%%%%%%%%     [6] Uploading logs and go sleeping   ...DONE!
elapsed time:   1238s
=====================================================================================================
