=====================================================================================================
%%%%%%%%%%     [4] Run the executable...
>Please note:  Even if all builds failed, the last built executable is still there and will be started!
> sudo -u mayadm ./ur-unix-run.sh
[2022-08-21 18:48:50.223] [main] [info] Pinging Pump Server Mayson...
[2022-08-21 18:48:50.267] [main] [info] Pinging Pump Server Mayson   ...DONE!
[2022-08-21 18:48:50.267] [main] [info] Pinging all valve stations...
[2022-08-21 18:48:53.534] [main] [info] Pinging all valve stations   ...DONE!
[2022-08-21 18:48:53.534] [main] [info] Fetching timestamp...
std::chrono::system_clock::now().time_since_epoch()   :   1661100533534408677
get_seconds_since_epoch(bool verbose /* true */)   :   1661100533
minutes since epoch   :   27685008
minute of day   :   1008
minute of hour   :   48
hour of day   :   16
[2022-08-21 18:48:53.534] [main] [info] Checking timestamp.txt...
[2022-08-21 18:48:53.534] [main] [debug] The timestamp.txt is always written when watering is triggered. It is read to check if I was already done with watering some minutes ago.
previous time_stamp:   27684135
[2022-08-21 18:48:53.534] [main] [info] Checking timestamp.txt   ...DONE!
%%%%%%%%%%     [4] Run the executable   ...DONE!
elapsed time:   3s
=====================================================================================================
