=====================================================================================================
%%%%%%%%%%     [4] Run the executable...
>Please note:  Even if all builds failed, the last built executable is still there and will be started!
> sudo -u mayadm ./ur-unix-run.sh
[2022-08-22 02:54:46.254] [main] [info] Pinging Pump Server Mayson...
[2022-08-22 02:54:46.314] [main] [info] Pinging Pump Server Mayson   ...DONE!
[2022-08-22 02:54:46.314] [main] [info] Pinging all valve stations...
[2022-08-22 02:54:46.663] [main] [info] Pinging all valve stations   ...DONE!
[2022-08-22 02:54:46.663] [main] [info] Fetching timestamp...
std::chrono::system_clock::now().time_since_epoch()   :   1661129686663867095
get_seconds_since_epoch(bool verbose /* true */)   :   1661129686
minutes since epoch   :   27685494
minute of day   :   54
minute of hour   :   54
hour of day   :   0
[2022-08-22 02:54:46.663] [main] [info] Checking timestamp.txt...
[2022-08-22 02:54:46.663] [main] [debug] The timestamp.txt is always written when watering is triggered. It is read to check if I was already done with watering some minutes ago.
previous time_stamp:   27684135
[2022-08-22 02:54:46.664] [main] [info] Checking timestamp.txt   ...DONE!
%%%%%%%%%%     [4] Run the executable   ...DONE!
elapsed time:   0s
=====================================================================================================
