=====================================================================================================
%%%%%%%%%%     [4] Run the executable...
>Please note:  Even if all builds failed, the last built executable is still there and will be started!
> sudo -u mayadm ./ur-unix-run.sh
[2022-08-22 08:34:28.265] [main] [info] Pinging Pump Server Mayson...
[2022-08-22 08:34:28.379] [main] [info] Pinging Pump Server Mayson   ...DONE!
[2022-08-22 08:34:28.379] [main] [info] Pinging all valve stations...
[2022-08-22 08:34:28.789] [main] [info] Pinging all valve stations   ...DONE!
[2022-08-22 08:34:28.789] [main] [info] Fetching timestamp...
std::chrono::system_clock::now().time_since_epoch()   :   1661150068789886218
get_seconds_since_epoch(bool verbose /* true */)   :   1661150068
minutes since epoch   :   27685834
minute of day   :   394
minute of hour   :   34
hour of day   :   6
[2022-08-22 08:34:28.789] [main] [info] Checking timestamp.txt...
[2022-08-22 08:34:28.789] [main] [debug] The timestamp.txt is always written when watering is triggered. It is read to check if I was already done with watering some minutes ago.
previous time_stamp:   27685568
[2022-08-22 08:34:28.790] [main] [info] Checking timestamp.txt   ...DONE!
%%%%%%%%%%     [4] Run the executable   ...DONE!
elapsed time:   0s
=====================================================================================================
