=====================================================================================================
%%%%%%%%%%     [4] Run the executable...
>Please note:  Even if all builds failed, the last built executable is still there and will be started!
> sudo -u mayadm ./ur-unix-run.sh
[2022-08-23 03:09:21.329] [main] [info] Pinging Pump Server Mayson...
[2022-08-23 03:09:21.432] [main] [info] Pinging Pump Server Mayson   ...DONE!
[2022-08-23 03:09:21.432] [main] [info] Pinging all valve stations...
[2022-08-23 03:09:23.049] [main] [info] Pinging all valve stations   ...DONE!
[2022-08-23 03:09:23.049] [main] [info] Fetching timestamp...
std::chrono::system_clock::now().time_since_epoch()   :   1661216963049723362
get_seconds_since_epoch(bool verbose /* true */)   :   1661216963
minutes since epoch   :   27686949
minute of day   :   69
minute of hour   :   9
hour of day   :   1
[2022-08-23 03:09:23.049] [main] [info] Checking timestamp.txt...
[2022-08-23 03:09:23.049] [main] [debug] The timestamp.txt is always written when watering is triggered. It is read to check if I was already done with watering some minutes ago.
previous time_stamp:   27685568
[2022-08-23 03:09:23.049] [main] [info] Checking timestamp.txt   ...DONE!
%%%%%%%%%%     [4] Run the executable   ...DONE!
elapsed time:   2s
=====================================================================================================
