=====================================================================================================
%%%%%%%%%%     [4] Run the executable...
>Please note:  Even if all builds failed, the last built executable is still there and will be started!
> sudo -u mayadm ./ur-unix-run.sh
[2022-08-23 04:21:53.426] [main] [info] Pinging Pump Server Mayson...
[2022-08-23 04:22:03.432] [main] [info] Pinging Pump Server Mayson   ...DONE!
[2022-08-23 04:22:03.432] [main] [info] Pinging all valve stations...
[2022-08-23 04:22:04.297] [main] [info] Pinging all valve stations   ...DONE!
[2022-08-23 04:22:04.297] [main] [info] Fetching timestamp...
std::chrono::system_clock::now().time_since_epoch()   :   1661221324297355459
get_seconds_since_epoch(bool verbose /* true */)   :   1661221324
minutes since epoch   :   27687022
minute of day   :   142
minute of hour   :   22
hour of day   :   2
[2022-08-23 04:22:04.297] [main] [info] Checking timestamp.txt...
[2022-08-23 04:22:04.297] [main] [debug] The timestamp.txt is always written when watering is triggered. It is read to check if I was already done with watering some minutes ago.
previous time_stamp:   27685568
[2022-08-23 04:22:04.297] [main] [info] Checking timestamp.txt   ...DONE!
Wrote to timestamp.txt
%%%%%%%%%%     [4] Run the executable   ...DONE!
elapsed time:   11s
=====================================================================================================
