=====================================================================================================
%%%%%%%%%%     [4] Run the executable...
>Please note:  Even if all builds failed, the last built executable is still there and will be started!
> sudo -u mayadm ./ur-unix-run.sh
[2022-08-23 20:37:25.809] [main] [info] Pinging Pump Server Mayson...
[2022-08-23 20:37:26.938] [main] [info] Pinging Pump Server Mayson   ...DONE!
[2022-08-23 20:37:26.938] [main] [info] Pinging all valve stations...
[2022-08-23 20:37:30.227] [main] [info] Pinging all valve stations   ...DONE!
[2022-08-23 20:37:30.227] [main] [info] Fetching timestamp...
std::chrono::system_clock::now().time_since_epoch()   :   1661279850227464994
get_seconds_since_epoch(bool verbose /* true */)   :   1661279850
minutes since epoch   :   27687997
minute of day   :   1117
minute of hour   :   37
hour of day   :   18
[2022-08-23 20:37:30.227] [main] [info] Checking timestamp.txt...
[2022-08-23 20:37:30.227] [main] [debug] The timestamp.txt is always written when watering is triggered. It is read to check if I was already done with watering some minutes ago.
previous time_stamp:   27687022
[2022-08-23 20:37:30.228] [main] [info] Checking timestamp.txt   ...DONE!
%%%%%%%%%%     [4] Run the executable   ...DONE!
elapsed time:   5s
=====================================================================================================
