=====================================================================================================
%%%%%%%%%%     [4] Run the executable...
>Please note:  Even if all builds failed, the last built executable is still there and will be started!
> sudo -u mayadm ./ur-unix-run.sh
[2022-08-24 00:15:22.260] [main] [info] Pinging Pump Server Mayson...
[2022-08-24 00:15:22.758] [main] [info] Pinging Pump Server Mayson   ...DONE!
[2022-08-24 00:15:22.758] [main] [info] Pinging all valve stations...
[2022-08-24 00:15:26.067] [main] [info] Pinging all valve stations   ...DONE!
[2022-08-24 00:15:26.067] [main] [info] Fetching timestamp...
std::chrono::system_clock::now().time_since_epoch()   :   1661292926067921416
get_seconds_since_epoch(bool verbose /* true */)   :   1661292926
minutes since epoch   :   27688215
minute of day   :   1335
minute of hour   :   15
hour of day   :   22
[2022-08-24 00:15:26.067] [main] [info] Checking timestamp.txt...
[2022-08-24 00:15:26.067] [main] [debug] The timestamp.txt is always written when watering is triggered. It is read to check if I was already done with watering some minutes ago.
previous time_stamp:   27687022
[2022-08-24 00:15:26.068] [main] [info] Checking timestamp.txt   ...DONE!
%%%%%%%%%%     [4] Run the executable   ...DONE!
elapsed time:   4s
=====================================================================================================
