=====================================================================================================
%%%%%%%%%%     [6] Uploading logs and go sleeping...
> sudo -u mayadm git checkout artifacts
Zu Zweig »artifacts« gewechselt
Ihr Branch ist auf demselben Stand wie 'origin/artifacts'.
> sudo -u mayadm git pull
Bereits aktuell.
> sudo -u mayadm git merge maya-productive
Bereits aktuell.
> sudo -u mayadm git add "../artifacts/logs/5563-*.log" -f
> sudo -u mayadm git add "../artifacts/logs/5562-*.log" -f
> sudo -u mayadm git commit -m "logs at 2022-08-24--16h25"
[artifacts 008a71e5] logs at 2022-08-24--16h25
 6 files changed, 265 insertions(+)
 create mode 100644 maya/artifacts/logs/5562--2022-08-24--16h00---6.log
 create mode 100644 maya/artifacts/logs/5563--2022-08-24--16h25---1.log
 create mode 100644 maya/artifacts/logs/5563--2022-08-24--16h25---2.log
 create mode 100644 maya/artifacts/logs/5563--2022-08-24--16h25---3.log
 create mode 100644 maya/artifacts/logs/5563--2022-08-24--16h25---4.log
 create mode 100644 maya/artifacts/logs/5563--2022-08-24--16h25---5.log
> sudo -u mayadm git push
To https://github.com/Necktschnagge/wired-watering
   f8df9d88..008a71e5  artifacts -> artifacts
> sudo -u mayadm git checkout maya-productive
Zu Zweig »maya-productive« gewechselt
Ihr Branch ist auf demselben Stand wie 'origin/maya-productive'.
> sudo -u mayadm git push
Everything up-to-date
##############################################################
###################                        ###################
###################     GOING TO SLEEP     ###################
###################                        ###################
##############################################################
#######                                                #######
#######   Press CTRL + C NOW to abort script safely!   #######
#######                                                #######
##############################################################
##############################################################
#######                                                #######
#######               NOW GOING TO SLEEP               #######
#######                                                #######
##############################################################
> rtcwake -m mem -s 1200
rtcwake: RTC wird als UTC interpretiert …
rtcwake: aufwachen von „mem“ durch /dev/rtc0 bei Wed Aug 24 14:48:29 2022
##############################################################
#######                                                #######
#######            just waked up from sleep            #######
#######                                                #######
##############################################################
%%%%%%%%%%     [6] Uploading logs and go sleeping   ...DONE!
elapsed time:   1236s
=====================================================================================================
