=====================================================================================================
%%%%%%%%%%     [6] Uploading logs and go sleeping...
> sudo -u mayadm git checkout artifacts
Zu Zweig »artifacts« gewechselt
Ihr Branch ist auf demselben Stand wie 'origin/artifacts'.
> sudo -u mayadm git pull
Bereits aktuell.
> sudo -u mayadm git merge maya-productive
Bereits aktuell.
> sudo -u mayadm git add "../artifacts/logs/5566-*.log" -f
> sudo -u mayadm git add "../artifacts/logs/5565-*.log" -f
> sudo -u mayadm git commit -m "logs at 2022-08-24--17h37"
[artifacts ab52e6c2] logs at 2022-08-24--17h37
 6 files changed, 263 insertions(+)
 create mode 100644 maya/artifacts/logs/5565--2022-08-24--17h13---6.log
 create mode 100644 maya/artifacts/logs/5566--2022-08-24--17h37---1.log
 create mode 100644 maya/artifacts/logs/5566--2022-08-24--17h37---2.log
 create mode 100644 maya/artifacts/logs/5566--2022-08-24--17h37---3.log
 create mode 100644 maya/artifacts/logs/5566--2022-08-24--17h37---4.log
 create mode 100644 maya/artifacts/logs/5566--2022-08-24--17h37---5.log
> sudo -u mayadm git push
To https://github.com/Necktschnagge/wired-watering
   22176ea1..ab52e6c2  artifacts -> artifacts
> sudo -u mayadm git checkout maya-productive
Zu Zweig »maya-productive« gewechselt
Ihr Branch ist auf demselben Stand wie 'origin/maya-productive'.
> sudo -u mayadm git push
Everything up-to-date
##############################################################
###################                        ###################
###################     GOING TO SLEEP     ###################
###################                        ###################
##############################################################
#######                                                #######
#######   Press CTRL + C NOW to abort script safely!   #######
#######                                                #######
##############################################################
##############################################################
#######                                                #######
#######               NOW GOING TO SLEEP               #######
#######                                                #######
##############################################################
> rtcwake -m mem -s 1200
rtcwake: RTC wird als UTC interpretiert …
rtcwake: aufwachen von „mem“ durch /dev/rtc0 bei Wed Aug 24 16:00:24 2022
##############################################################
#######                                                #######
#######            just waked up from sleep            #######
#######                                                #######
##############################################################
%%%%%%%%%%     [6] Uploading logs and go sleeping   ...DONE!
elapsed time:   1234s
=====================================================================================================
