=====================================================================================================
%%%%%%%%%%     [4] Run the executable...
>Please note:  Even if all builds failed, the last built executable is still there and will be started!
> sudo -u mayadm ./ur-unix-run.sh
[2022-08-26 05:34:04.047] [main] [info] Pinging Pump Server Mayson...
[2022-08-26 05:34:04.099] [main] [info] Pinging Pump Server Mayson   ...DONE!
[2022-08-26 05:34:04.099] [main] [info] Pinging all valve stations...
[2022-08-26 05:34:04.672] [main] [info] Pinging all valve stations   ...DONE!
[2022-08-26 05:34:04.672] [main] [info] Fetching timestamp...
std::chrono::system_clock::now().time_since_epoch()   :   1661484844672906678
get_seconds_since_epoch(bool verbose /* true */)   :   1661484844
minutes since epoch   :   27691414
minute of day   :   214
minute of hour   :   34
hour of day   :   3
[2022-08-26 05:34:04.672] [main] [info] Checking timestamp.txt...
[2022-08-26 05:34:04.672] [main] [debug] The timestamp.txt is always written when watering is triggered. It is read to check if I was already done with watering some minutes ago.
previous time_stamp:   27691341
[2022-08-26 05:34:04.673] [main] [info] Checking timestamp.txt   ...DONE!
%%%%%%%%%%     [4] Run the executable   ...DONE!
elapsed time:   1s
=====================================================================================================
