=====================================================================================================
%%%%%%%%%%     [4] Run the executable...
>Please note:  Even if all builds failed, the last built executable is still there and will be started!
> sudo -u mayadm ./ur-unix-run.sh
[2022-08-26 06:22:24.886] [main] [info] Pinging Pump Server Mayson...
[2022-08-26 06:22:25.026] [main] [info] Pinging Pump Server Mayson   ...DONE!
[2022-08-26 06:22:25.026] [main] [info] Pinging all valve stations...
[2022-08-26 06:22:26.022] [main] [info] Pinging all valve stations   ...DONE!
[2022-08-26 06:22:26.022] [main] [info] Fetching timestamp...
std::chrono::system_clock::now().time_since_epoch()   :   1661487746022060440
get_seconds_since_epoch(bool verbose /* true */)   :   1661487746
minutes since epoch   :   27691462
minute of day   :   262
minute of hour   :   22
hour of day   :   4
[2022-08-26 06:22:26.022] [main] [info] Checking timestamp.txt...
[2022-08-26 06:22:26.022] [main] [debug] The timestamp.txt is always written when watering is triggered. It is read to check if I was already done with watering some minutes ago.
previous time_stamp:   27691341
[2022-08-26 06:22:26.022] [main] [info] Checking timestamp.txt   ...DONE!
%%%%%%%%%%     [4] Run the executable   ...DONE!
elapsed time:   2s
=====================================================================================================
