=====================================================================================================
%%%%%%%%%%     [4] Run the executable...
>Please note:  Even if all builds failed, the last built executable is still there and will be started!
> sudo -u mayadm ./ur-unix-run.sh
[2022-08-26 11:39:09.463] [main] [info] Pinging Pump Server Mayson...
[2022-08-26 11:39:09.570] [main] [info] Pinging Pump Server Mayson   ...DONE!
[2022-08-26 11:39:09.570] [main] [info] Pinging all valve stations...
[2022-08-26 11:39:10.094] [main] [info] Pinging all valve stations   ...DONE!
[2022-08-26 11:39:10.094] [main] [info] Fetching timestamp...
std::chrono::system_clock::now().time_since_epoch()   :   1661506750094743340
get_seconds_since_epoch(bool verbose /* true */)   :   1661506750
minutes since epoch   :   27691779
minute of day   :   579
minute of hour   :   39
hour of day   :   9
[2022-08-26 11:39:10.094] [main] [info] Checking timestamp.txt...
[2022-08-26 11:39:10.094] [main] [debug] The timestamp.txt is always written when watering is triggered. It is read to check if I was already done with watering some minutes ago.
previous time_stamp:   27691341
[2022-08-26 11:39:10.094] [main] [info] Checking timestamp.txt   ...DONE!
%%%%%%%%%%     [4] Run the executable   ...DONE!
elapsed time:   1s
=====================================================================================================
