=====================================================================================================
%%%%%%%%%%     [4] Run the executable...
>Please note:  Even if all builds failed, the last built executable is still there and will be started!
> sudo -u mayadm ./ur-unix-run.sh
[2022-08-27 01:50:50.318] [main] [info] Pinging Pump Server Mayson...
[2022-08-27 01:50:50.459] [main] [info] Pinging Pump Server Mayson   ...DONE!
[2022-08-27 01:50:50.459] [main] [info] Pinging all valve stations...
[2022-08-27 01:50:50.769] [main] [info] Pinging all valve stations   ...DONE!
[2022-08-27 01:50:50.769] [main] [info] Fetching timestamp...
std::chrono::system_clock::now().time_since_epoch()   :   1661557850769709284
get_seconds_since_epoch(bool verbose /* true */)   :   1661557850
minutes since epoch   :   27692630
minute of day   :   1430
minute of hour   :   50
hour of day   :   23
[2022-08-27 01:50:50.769] [main] [info] Checking timestamp.txt...
[2022-08-27 01:50:50.769] [main] [debug] The timestamp.txt is always written when watering is triggered. It is read to check if I was already done with watering some minutes ago.
previous time_stamp:   27691341
[2022-08-27 01:50:50.769] [main] [info] Checking timestamp.txt   ...DONE!
%%%%%%%%%%     [4] Run the executable   ...DONE!
elapsed time:   1s
=====================================================================================================
