=====================================================================================================
%%%%%%%%%%     [4] Run the executable...
>Please note:  Even if all builds failed, the last built executable is still there and will be started!
> sudo -u mayadm ./ur-unix-run.sh
[2022-08-27 09:24:49.492] [main] [info] Pinging Pump Server Mayson...
[2022-08-27 09:24:49.499] [main] [info] Pinging Pump Server Mayson   ...DONE!
[2022-08-27 09:24:49.499] [main] [info] Pinging all valve stations...
[2022-08-27 09:24:49.901] [main] [info] Pinging all valve stations   ...DONE!
[2022-08-27 09:24:49.902] [main] [info] Fetching timestamp...
std::chrono::system_clock::now().time_since_epoch()   :   1661585089902004086
get_seconds_since_epoch(bool verbose /* true */)   :   1661585089
minutes since epoch   :   27693084
minute of day   :   444
minute of hour   :   24
hour of day   :   7
[2022-08-27 09:24:49.902] [main] [info] Checking timestamp.txt...
[2022-08-27 09:24:49.902] [main] [debug] The timestamp.txt is always written when watering is triggered. It is read to check if I was already done with watering some minutes ago.
previous time_stamp:   27692775
[2022-08-27 09:24:49.902] [main] [info] Checking timestamp.txt   ...DONE!
%%%%%%%%%%     [4] Run the executable   ...DONE!
elapsed time:   0s
=====================================================================================================
