=====================================================================================================
%%%%%%%%%%     [4] Run the executable...
>Please note:  Even if all builds failed, the last built executable is still there and will be started!
> sudo -u mayadm ./ur-unix-run.sh
[2022-08-27 16:46:15.894] [main] [info] Pinging Pump Server Mayson...
[2022-08-27 16:46:15.965] [main] [info] Pinging Pump Server Mayson   ...DONE!
[2022-08-27 16:46:15.965] [main] [info] Pinging all valve stations...
[2022-08-27 16:46:17.295] [main] [info] Pinging all valve stations   ...DONE!
[2022-08-27 16:46:17.295] [main] [info] Fetching timestamp...
std::chrono::system_clock::now().time_since_epoch()   :   1661611577295833597
get_seconds_since_epoch(bool verbose /* true */)   :   1661611577
minutes since epoch   :   27693526
minute of day   :   886
minute of hour   :   46
hour of day   :   14
[2022-08-27 16:46:17.295] [main] [info] Checking timestamp.txt...
[2022-08-27 16:46:17.295] [main] [debug] The timestamp.txt is always written when watering is triggered. It is read to check if I was already done with watering some minutes ago.
previous time_stamp:   27692775
[2022-08-27 16:46:17.295] [main] [info] Checking timestamp.txt   ...DONE!
%%%%%%%%%%     [4] Run the executable   ...DONE!
elapsed time:   2s
=====================================================================================================
