=====================================================================================================
%%%%%%%%%%     [4] Run the executable...
>Please note:  Even if all builds failed, the last built executable is still there and will be started!
> sudo -u mayadm ./ur-unix-run.sh
[2022-08-28 11:46:56.707] [main] [info] Pinging Pump Server Mayson...
[2022-08-28 11:46:56.782] [main] [info] Pinging Pump Server Mayson   ...DONE!
[2022-08-28 11:46:56.782] [main] [info] Pinging all valve stations...
[2022-08-28 11:47:01.087] [main] [info] Pinging all valve stations   ...DONE!
[2022-08-28 11:47:01.087] [main] [info] Fetching timestamp...
std::chrono::system_clock::now().time_since_epoch()   :   1661680021087702749
get_seconds_since_epoch(bool verbose /* true */)   :   1661680021
minutes since epoch   :   27694667
minute of day   :   587
minute of hour   :   47
hour of day   :   9
[2022-08-28 11:47:01.087] [main] [info] Checking timestamp.txt...
[2022-08-28 11:47:01.087] [main] [debug] The timestamp.txt is always written when watering is triggered. It is read to check if I was already done with watering some minutes ago.
previous time_stamp:   27694202
[2022-08-28 11:47:01.087] [main] [info] Checking timestamp.txt   ...DONE!
%%%%%%%%%%     [4] Run the executable   ...DONE!
elapsed time:   5s
=====================================================================================================
