=====================================================================================================
%%%%%%%%%%     [4] Run the executable...
>Please note:  Even if all builds failed, the last built executable is still there and will be started!
> sudo -u mayadm ./ur-unix-run.sh
[2022-08-29 19:29:03.943] [main] [info] Pinging Pump Server Mayson...
[2022-08-29 19:29:04.054] [main] [info] Pinging Pump Server Mayson   ...DONE!
[2022-08-29 19:29:04.054] [main] [info] Pinging all valve stations...
[2022-08-29 19:29:04.363] [main] [info] Pinging all valve stations   ...DONE!
[2022-08-29 19:29:04.363] [main] [info] Fetching timestamp...
std::chrono::system_clock::now().time_since_epoch()   :   1661794144363814298
get_seconds_since_epoch(bool verbose /* true */)   :   1661794144
minutes since epoch   :   27696569
minute of day   :   1049
minute of hour   :   29
hour of day   :   17
[2022-08-29 19:29:04.363] [main] [info] Checking timestamp.txt...
[2022-08-29 19:29:04.363] [main] [debug] The timestamp.txt is always written when watering is triggered. It is read to check if I was already done with watering some minutes ago.
previous time_stamp:   27695639
[2022-08-29 19:29:04.363] [main] [info] Checking timestamp.txt   ...DONE!
%%%%%%%%%%     [4] Run the executable   ...DONE!
elapsed time:   1s
=====================================================================================================
