=====================================================================================================
%%%%%%%%%%     [4] Run the executable...
>Please note:  Even if all builds failed, the last built executable is still there and will be started!
> sudo -u mayadm ./ur-unix-run.sh
[2022-08-30 05:21:05.465] [main] [info] Pinging Pump Server Mayson...
[2022-08-30 05:21:06.615] [main] [info] Pinging Pump Server Mayson   ...DONE!
[2022-08-30 05:21:06.615] [main] [info] Pinging all valve stations...
[2022-08-30 05:21:10.008] [main] [info] Pinging all valve stations   ...DONE!
[2022-08-30 05:21:10.008] [main] [info] Fetching timestamp...
std::chrono::system_clock::now().time_since_epoch()   :   1661829670008367748
get_seconds_since_epoch(bool verbose /* true */)   :   1661829670
minutes since epoch   :   27697161
minute of day   :   201
minute of hour   :   21
hour of day   :   3
[2022-08-30 05:21:10.008] [main] [info] Checking timestamp.txt...
[2022-08-30 05:21:10.008] [main] [debug] The timestamp.txt is always written when watering is triggered. It is read to check if I was already done with watering some minutes ago.
previous time_stamp:   27697076
[2022-08-30 05:21:10.008] [main] [info] Checking timestamp.txt   ...DONE!
%%%%%%%%%%     [4] Run the executable   ...DONE!
elapsed time:   5s
=====================================================================================================
