=====================================================================================================
%%%%%%%%%%     [6] Uploading logs and go sleeping...
> sudo -u mayadm git checkout artifacts
Zu Zweig »artifacts« gewechselt
Ihr Branch ist auf demselben Stand wie 'origin/artifacts'.
> sudo -u mayadm git pull
Von https://github.com/Necktschnagge/wired-watering
   33d9007d..04308588  feature-add-read-pressure-sensor -> origin/feature-add-read-pressure-sensor
Bereits aktuell.
> sudo -u mayadm git merge maya-productive
Bereits aktuell.
> sudo -u mayadm git add "../artifacts/logs/5823-*.log" -f
> sudo -u mayadm git add "../artifacts/logs/5822-*.log" -f
> sudo -u mayadm git commit -m "logs at 2022-08-30--10h58"
[artifacts 0cdd4265] logs at 2022-08-30--10h58
 6 files changed, 266 insertions(+)
 create mode 100644 maya/artifacts/logs/5822--2022-08-30--10h15---6.log
 create mode 100644 maya/artifacts/logs/5823--2022-08-30--10h58---1.log
 create mode 100644 maya/artifacts/logs/5823--2022-08-30--10h58---2.log
 create mode 100644 maya/artifacts/logs/5823--2022-08-30--10h58---3.log
 create mode 100644 maya/artifacts/logs/5823--2022-08-30--10h58---4.log
 create mode 100644 maya/artifacts/logs/5823--2022-08-30--10h58---5.log
> sudo -u mayadm git push
To https://github.com/Necktschnagge/wired-watering
   d4bb376a..0cdd4265  artifacts -> artifacts
> sudo -u mayadm git checkout maya-productive
Zu Zweig »maya-productive« gewechselt
Ihr Branch ist auf demselben Stand wie 'origin/maya-productive'.
> sudo -u mayadm git push
Everything up-to-date
##############################################################
###################                        ###################
###################     GOING TO SLEEP     ###################
###################                        ###################
##############################################################
#######                                                #######
#######   Press CTRL + C NOW to abort script safely!   #######
#######                                                #######
##############################################################
##############################################################
#######                                                #######
#######               NOW GOING TO SLEEP               #######
#######                                                #######
##############################################################
> rtcwake -m mem -s 2400
rtcwake: RTC wird als UTC interpretiert …
rtcwake: aufwachen von „mem“ durch /dev/rtc0 bei Tue Aug 30 09:39:55 2022
##############################################################
#######                                                #######
#######            just waked up from sleep            #######
#######                                                #######
##############################################################
%%%%%%%%%%     [6] Uploading logs and go sleeping   ...DONE!
elapsed time:   2425s
=====================================================================================================
