=====================================================================================================
%%%%%%%%%%     [4] Run the executable...
>Please note:  Even if all builds failed, the last built executable is still there and will be started!
> sudo -u mayadm ./ur-unix-run.sh
[2022-08-30 13:06:24.973] [main] [info] Pinging Pump Server Mayson...
[2022-08-30 13:06:25.027] [main] [info] Pinging Pump Server Mayson   ...DONE!
[2022-08-30 13:06:25.027] [main] [info] Pinging all valve stations...
[2022-08-30 13:06:28.290] [main] [info] Pinging all valve stations   ...DONE!
[2022-08-30 13:06:28.290] [main] [info] Fetching timestamp...
std::chrono::system_clock::now().time_since_epoch()   :   1661857588290367578
get_seconds_since_epoch(bool verbose /* true */)   :   1661857588
minutes since epoch   :   27697626
minute of day   :   666
minute of hour   :   6
hour of day   :   11
[2022-08-30 13:06:28.290] [main] [info] Checking timestamp.txt...
[2022-08-30 13:06:28.290] [main] [debug] The timestamp.txt is always written when watering is triggered. It is read to check if I was already done with watering some minutes ago.
previous time_stamp:   27697076
[2022-08-30 13:06:28.290] [main] [info] Checking timestamp.txt   ...DONE!
%%%%%%%%%%     [4] Run the executable   ...DONE!
elapsed time:   4s
=====================================================================================================
