=====================================================================================================
%%%%%%%%%%     [4] Run the executable...
>Please note:  Even if all builds failed, the last built executable is still there and will be started!
> sudo -u mayadm ./ur-unix-run.sh
[2022-08-30 16:38:15.604] [main] [info] Pinging Pump Server Mayson...
[2022-08-30 16:38:15.675] [main] [info] Pinging Pump Server Mayson   ...DONE!
[2022-08-30 16:38:15.675] [main] [info] Pinging all valve stations...
[2022-08-30 16:38:16.020] [main] [info] Pinging all valve stations   ...DONE!
[2022-08-30 16:38:16.020] [main] [info] Fetching timestamp...
std::chrono::system_clock::now().time_since_epoch()   :   1661870296020535033
get_seconds_since_epoch(bool verbose /* true */)   :   1661870296
minutes since epoch   :   27697838
minute of day   :   878
minute of hour   :   38
hour of day   :   14
[2022-08-30 16:38:16.020] [main] [info] Checking timestamp.txt...
[2022-08-30 16:38:16.020] [main] [debug] The timestamp.txt is always written when watering is triggered. It is read to check if I was already done with watering some minutes ago.
previous time_stamp:   27697076
[2022-08-30 16:38:16.020] [main] [info] Checking timestamp.txt   ...DONE!
%%%%%%%%%%     [4] Run the executable   ...DONE!
elapsed time:   1s
=====================================================================================================
