=====================================================================================================
%%%%%%%%%%     [4] Run the executable...
>Please note:  Even if all builds failed, the last built executable is still there and will be started!
> sudo -u mayadm ./ur-unix-run.sh
[2022-08-31 03:55:37.717] [main] [info] Pinging Pump Server Mayson...
[2022-08-31 03:55:37.783] [main] [info] Pinging Pump Server Mayson   ...DONE!
[2022-08-31 03:55:37.783] [main] [info] Pinging all valve stations...
[2022-08-31 03:55:38.113] [main] [info] Pinging all valve stations   ...DONE!
[2022-08-31 03:55:38.113] [main] [info] Fetching timestamp...
std::chrono::system_clock::now().time_since_epoch()   :   1661910938113675043
get_seconds_since_epoch(bool verbose /* true */)   :   1661910938
minutes since epoch   :   27698515
minute of day   :   115
minute of hour   :   55
hour of day   :   1
[2022-08-31 03:55:38.113] [main] [info] Checking timestamp.txt...
[2022-08-31 03:55:38.113] [main] [debug] The timestamp.txt is always written when watering is triggered. It is read to check if I was already done with watering some minutes ago.
previous time_stamp:   27697076
[2022-08-31 03:55:38.113] [main] [info] Checking timestamp.txt   ...DONE!
Wrote to timestamp.txt
%%%%%%%%%%     [4] Run the executable   ...DONE!
elapsed time:   1s
=====================================================================================================
