=====================================================================================================
%%%%%%%%%%     [4] Run the executable...
>Please note:  Even if all builds failed, the last built executable is still there and will be started!
> sudo -u mayadm ./ur-unix-run.sh
[2022-09-01 03:12:49.549] [main] [info] Pinging Pump Server Mayson...
[2022-09-01 03:12:49.615] [main] [info] Pinging Pump Server Mayson   ...DONE!
[2022-09-01 03:12:49.615] [main] [info] Pinging all valve stations...
[2022-09-01 03:12:49.939] [main] [info] Pinging all valve stations   ...DONE!
[2022-09-01 03:12:49.939] [main] [info] Fetching timestamp...
std::chrono::system_clock::now().time_since_epoch()   :   1661994769939329450
get_seconds_since_epoch(bool verbose /* true */)   :   1661994769
minutes since epoch   :   27699912
minute of day   :   72
minute of hour   :   12
hour of day   :   1
[2022-09-01 03:12:49.939] [main] [info] Checking timestamp.txt...
[2022-09-01 03:12:49.939] [main] [debug] The timestamp.txt is always written when watering is triggered. It is read to check if I was already done with watering some minutes ago.
previous time_stamp:   27698515
[2022-09-01 03:12:49.939] [main] [info] Checking timestamp.txt   ...DONE!
%%%%%%%%%%     [4] Run the executable   ...DONE!
elapsed time:   0s
=====================================================================================================
