=====================================================================================================
%%%%%%%%%%     [4] Run the executable...
>Please note:  Even if all builds failed, the last built executable is still there and will be started!
> sudo -u mayadm ./ur-unix-run.sh
[2022-09-01 14:30:28.930] [main] [info] Pinging Pump Server Mayson...
[2022-09-01 14:30:31.055] [main] [info] Pinging Pump Server Mayson   ...DONE!
[2022-09-01 14:30:31.055] [main] [info] Pinging all valve stations...
[2022-09-01 14:30:32.287] [main] [info] Pinging all valve stations   ...DONE!
[2022-09-01 14:30:32.287] [main] [info] Fetching timestamp...
std::chrono::system_clock::now().time_since_epoch()   :   1662035432287990925
get_seconds_since_epoch(bool verbose /* true */)   :   1662035432
minutes since epoch   :   27700590
minute of day   :   750
minute of hour   :   30
hour of day   :   12
[2022-09-01 14:30:32.288] [main] [info] Checking timestamp.txt...
[2022-09-01 14:30:32.288] [main] [debug] The timestamp.txt is always written when watering is triggered. It is read to check if I was already done with watering some minutes ago.
previous time_stamp:   27699955
[2022-09-01 14:30:32.288] [main] [info] Checking timestamp.txt   ...DONE!
%%%%%%%%%%     [4] Run the executable   ...DONE!
elapsed time:   4s
=====================================================================================================
