=====================================================================================================
%%%%%%%%%%     [4] Run the executable...
>Please note:  Even if all builds failed, the last built executable is still there and will be started!
> sudo -u mayadm ./ur-unix-run.sh
[2022-09-01 22:59:34.689] [main] [info] Pinging Pump Server Mayson...
[2022-09-01 22:59:34.768] [main] [info] Pinging Pump Server Mayson   ...DONE!
[2022-09-01 22:59:34.768] [main] [info] Pinging all valve stations...
[2022-09-01 22:59:35.176] [main] [info] Pinging all valve stations   ...DONE!
[2022-09-01 22:59:35.176] [main] [info] Fetching timestamp...
std::chrono::system_clock::now().time_since_epoch()   :   1662065975176620171
get_seconds_since_epoch(bool verbose /* true */)   :   1662065975
minutes since epoch   :   27701099
minute of day   :   1259
minute of hour   :   59
hour of day   :   20
[2022-09-01 22:59:35.176] [main] [info] Checking timestamp.txt...
[2022-09-01 22:59:35.176] [main] [debug] The timestamp.txt is always written when watering is triggered. It is read to check if I was already done with watering some minutes ago.
previous time_stamp:   27699955
[2022-09-01 22:59:35.176] [main] [info] Checking timestamp.txt   ...DONE!
%%%%%%%%%%     [4] Run the executable   ...DONE!
elapsed time:   1s
=====================================================================================================
