=====================================================================================================
%%%%%%%%%%     [4] Run the executable...
>Please note:  Even if all builds failed, the last built executable is still there and will be started!
> sudo -u mayadm ./ur-unix-run.sh
[2022-09-02 08:38:14.533] [main] [info] Pinging Pump Server Mayson...
[2022-09-02 08:38:14.555] [main] [info] Pinging Pump Server Mayson   ...DONE!
[2022-09-02 08:38:14.555] [main] [info] Pinging all valve stations...
[2022-09-02 08:38:14.868] [main] [info] Pinging all valve stations   ...DONE!
[2022-09-02 08:38:14.868] [main] [info] Fetching timestamp...
std::chrono::system_clock::now().time_since_epoch()   :   1662100694868521475
get_seconds_since_epoch(bool verbose /* true */)   :   1662100694
minutes since epoch   :   27701678
minute of day   :   398
minute of hour   :   38
hour of day   :   6
[2022-09-02 08:38:14.868] [main] [info] Checking timestamp.txt...
[2022-09-02 08:38:14.868] [main] [debug] The timestamp.txt is always written when watering is triggered. It is read to check if I was already done with watering some minutes ago.
previous time_stamp:   27701395
[2022-09-02 08:38:14.868] [main] [info] Checking timestamp.txt   ...DONE!
%%%%%%%%%%     [4] Run the executable   ...DONE!
elapsed time:   0s
=====================================================================================================
