=====================================================================================================
%%%%%%%%%%     [4] Run the executable...
>Please note:  Even if all builds failed, the last built executable is still there and will be started!
> sudo -u mayadm ./ur-unix-run.sh
[2022-09-04 14:30:50.308] [main] [info] Pinging Pump Server Mayson...
[2022-09-04 14:30:50.396] [main] [info] Pinging Pump Server Mayson   ...DONE!
[2022-09-04 14:30:50.396] [main] [info] Pinging all valve stations...
[2022-09-04 14:30:51.743] [main] [info] Pinging all valve stations   ...DONE!
[2022-09-04 14:30:51.743] [main] [info] Fetching timestamp...
std::chrono::system_clock::now().time_since_epoch()   :   1662294651743964833
get_seconds_since_epoch(bool verbose /* true */)   :   1662294651
minutes since epoch   :   27704910
minute of day   :   750
minute of hour   :   30
hour of day   :   12
[2022-09-04 14:30:51.744] [main] [info] Checking timestamp.txt...
[2022-09-04 14:30:51.744] [main] [debug] The timestamp.txt is always written when watering is triggered. It is read to check if I was already done with watering some minutes ago.
previous time_stamp:   27704274
[2022-09-04 14:30:51.744] [main] [info] Checking timestamp.txt   ...DONE!
%%%%%%%%%%     [4] Run the executable   ...DONE!
elapsed time:   1s
=====================================================================================================
