=====================================================================================================
%%%%%%%%%%     [4] Run the executable...
>Please note:  Even if all builds failed, the last built executable is still there and will be started!
> sudo -u mayadm ./ur-unix-run.sh
[2022-09-04 20:11:08.282] [main] [info] Pinging Pump Server Mayson...
[2022-09-04 20:11:08.335] [main] [info] Pinging Pump Server Mayson   ...DONE!
[2022-09-04 20:11:08.335] [main] [info] Pinging all valve stations...
[2022-09-04 20:11:09.283] [main] [info] Pinging all valve stations   ...DONE!
[2022-09-04 20:11:09.283] [main] [info] Fetching timestamp...
std::chrono::system_clock::now().time_since_epoch()   :   1662315069283603508
get_seconds_since_epoch(bool verbose /* true */)   :   1662315069
minutes since epoch   :   27705251
minute of day   :   1091
minute of hour   :   11
hour of day   :   18
[2022-09-04 20:11:09.283] [main] [info] Checking timestamp.txt...
[2022-09-04 20:11:09.283] [main] [debug] The timestamp.txt is always written when watering is triggered. It is read to check if I was already done with watering some minutes ago.
previous time_stamp:   27704274
[2022-09-04 20:11:09.283] [main] [info] Checking timestamp.txt   ...DONE!
%%%%%%%%%%     [4] Run the executable   ...DONE!
elapsed time:   1s
=====================================================================================================
