=====================================================================================================
%%%%%%%%%%     [4] Run the executable...
>Please note:  Even if all builds failed, the last built executable is still there and will be started!
> sudo -u mayadm ./ur-unix-run.sh
[2022-09-05 14:35:36.008] [main] [info] Pinging Pump Server Mayson...
[2022-09-05 14:35:36.095] [main] [info] Pinging Pump Server Mayson   ...DONE!
[2022-09-05 14:35:36.095] [main] [info] Pinging all valve stations...
[2022-09-05 14:35:37.419] [main] [info] Pinging all valve stations   ...DONE!
[2022-09-05 14:35:37.419] [main] [info] Fetching timestamp...
std::chrono::system_clock::now().time_since_epoch()   :   1662381337419969317
get_seconds_since_epoch(bool verbose /* true */)   :   1662381337
minutes since epoch   :   27706355
minute of day   :   755
minute of hour   :   35
hour of day   :   12
[2022-09-05 14:35:37.420] [main] [info] Checking timestamp.txt...
[2022-09-05 14:35:37.420] [main] [debug] The timestamp.txt is always written when watering is triggered. It is read to check if I was already done with watering some minutes ago.
previous time_stamp:   27705718
[2022-09-05 14:35:37.420] [main] [info] Checking timestamp.txt   ...DONE!
%%%%%%%%%%     [4] Run the executable   ...DONE!
elapsed time:   2s
=====================================================================================================
