=====================================================================================================
%%%%%%%%%%     [4] Run the executable...
>Please note:  Even if all builds failed, the last built executable is still there and will be started!
> sudo -u mayadm ./ur-unix-run.sh
[2022-09-07 01:18:48.249] [main] [info] Pinging Pump Server Mayson...
[2022-09-07 01:18:48.403] [main] [info] Pinging Pump Server Mayson   ...DONE!
[2022-09-07 01:18:48.403] [main] [info] Pinging all valve stations...
[2022-09-07 01:18:49.752] [main] [info] Pinging all valve stations   ...DONE!
[2022-09-07 01:18:49.752] [main] [info] Fetching timestamp...
std::chrono::system_clock::now().time_since_epoch()   :   1662506329752037235
get_seconds_since_epoch(bool verbose /* true */)   :   1662506329
minutes since epoch   :   27708438
minute of day   :   1398
minute of hour   :   18
hour of day   :   23
[2022-09-07 01:18:49.752] [main] [info] Checking timestamp.txt...
[2022-09-07 01:18:49.752] [main] [debug] The timestamp.txt is always written when watering is triggered. It is read to check if I was already done with watering some minutes ago.
previous time_stamp:   27707163
[2022-09-07 01:18:49.752] [main] [info] Checking timestamp.txt   ...DONE!
%%%%%%%%%%     [4] Run the executable   ...DONE!
elapsed time:   1s
=====================================================================================================
