=====================================================================================================
%%%%%%%%%%     [4] Run the executable...
>Please note:  Even if all builds failed, the last built executable is still there and will be started!
> sudo -u mayadm ./ur-unix-run.sh
[2022-09-08 00:00:18.899] [main] [info] Pinging Pump Server Mayson...
[2022-09-08 00:00:19.070] [main] [info] Pinging Pump Server Mayson   ...DONE!
[2022-09-08 00:00:19.070] [main] [info] Pinging all valve stations...
[2022-09-08 00:00:19.588] [main] [info] Pinging all valve stations   ...DONE!
[2022-09-08 00:00:19.589] [main] [info] Fetching timestamp...
std::chrono::system_clock::now().time_since_epoch()   :   1662588019589012256
get_seconds_since_epoch(bool verbose /* true */)   :   1662588019
minutes since epoch   :   27709800
minute of day   :   1320
minute of hour   :   0
hour of day   :   22
[2022-09-08 00:00:19.589] [main] [info] Checking timestamp.txt...
[2022-09-08 00:00:19.589] [main] [debug] The timestamp.txt is always written when watering is triggered. It is read to check if I was already done with watering some minutes ago.
previous time_stamp:   27708608
[2022-09-08 00:00:19.589] [main] [info] Checking timestamp.txt   ...DONE!
%%%%%%%%%%     [4] Run the executable   ...DONE!
elapsed time:   1s
=====================================================================================================
