=====================================================================================================
%%%%%%%%%%     [4] Run the executable...
>Please note:  Even if all builds failed, the last built executable is still there and will be started!
> sudo -u mayadm ./ur-unix-run.sh
[2022-09-08 04:57:51.188] [main] [info] Pinging Pump Server Mayson...
[2022-09-08 04:57:51.282] [main] [info] Pinging Pump Server Mayson   ...DONE!
[2022-09-08 04:57:51.282] [main] [info] Pinging all valve stations...
[2022-09-08 04:57:51.598] [main] [info] Pinging all valve stations   ...DONE!
[2022-09-08 04:57:51.598] [main] [info] Fetching timestamp...
std::chrono::system_clock::now().time_since_epoch()   :   1662605871598427839
get_seconds_since_epoch(bool verbose /* true */)   :   1662605871
minutes since epoch   :   27710097
minute of day   :   177
minute of hour   :   57
hour of day   :   2
[2022-09-08 04:57:51.598] [main] [info] Checking timestamp.txt...
[2022-09-08 04:57:51.598] [main] [debug] The timestamp.txt is always written when watering is triggered. It is read to check if I was already done with watering some minutes ago.
previous time_stamp:   27710012
[2022-09-08 04:57:51.598] [main] [info] Checking timestamp.txt   ...DONE!
%%%%%%%%%%     [4] Run the executable   ...DONE!
elapsed time:   0s
=====================================================================================================
