=====================================================================================================
%%%%%%%%%%     [4] Run the executable...
>Please note:  Even if all builds failed, the last built executable is still there and will be started!
> sudo -u mayadm ./ur-unix-run.sh
[2022-09-08 08:30:42.416] [main] [info] Pinging Pump Server Mayson...
[2022-09-08 08:30:42.453] [main] [info] Pinging Pump Server Mayson   ...DONE!
[2022-09-08 08:30:42.453] [main] [info] Pinging all valve stations...
[2022-09-08 08:30:52.669] [main] [info] Pinging all valve stations   ...DONE!
[2022-09-08 08:30:52.669] [main] [info] Fetching timestamp...
std::chrono::system_clock::now().time_since_epoch()   :   1662618652669095574
get_seconds_since_epoch(bool verbose /* true */)   :   1662618652
minutes since epoch   :   27710310
minute of day   :   390
minute of hour   :   30
hour of day   :   6
[2022-09-08 08:30:52.669] [main] [info] Checking timestamp.txt...
[2022-09-08 08:30:52.669] [main] [debug] The timestamp.txt is always written when watering is triggered. It is read to check if I was already done with watering some minutes ago.
previous time_stamp:   27710012
[2022-09-08 08:30:52.669] [main] [info] Checking timestamp.txt   ...DONE!
%%%%%%%%%%     [4] Run the executable   ...DONE!
elapsed time:   10s
=====================================================================================================
