=====================================================================================================
%%%%%%%%%%     [4] Run the executable...
>Please note:  Even if all builds failed, the last built executable is still there and will be started!
> sudo -u mayadm ./ur-unix-run.sh
[2022-09-09 02:59:54.170] [main] [info] Pinging Pump Server Mayson...
[2022-09-09 02:59:54.263] [main] [info] Pinging Pump Server Mayson   ...DONE!
[2022-09-09 02:59:54.263] [main] [info] Pinging all valve stations...
[2022-09-09 03:00:03.483] [main] [info] Pinging all valve stations   ...DONE!
[2022-09-09 03:00:03.483] [main] [info] Fetching timestamp...
std::chrono::system_clock::now().time_since_epoch()   :   1662685203483136471
get_seconds_since_epoch(bool verbose /* true */)   :   1662685203
minutes since epoch   :   27711420
minute of day   :   60
minute of hour   :   0
hour of day   :   1
[2022-09-09 03:00:03.483] [main] [info] Checking timestamp.txt...
[2022-09-09 03:00:03.483] [main] [debug] The timestamp.txt is always written when watering is triggered. It is read to check if I was already done with watering some minutes ago.
previous time_stamp:   27710012
[2022-09-09 03:00:03.483] [main] [info] Checking timestamp.txt   ...DONE!
%%%%%%%%%%     [4] Run the executable   ...DONE!
elapsed time:   9s
=====================================================================================================
