=====================================================================================================
%%%%%%%%%%     [4] Run the executable...
>Please note:  Even if all builds failed, the last built executable is still there and will be started!
> sudo -u mayadm ./ur-unix-run.sh
[2022-09-11 02:43:36.030] [main] [info] Pinging Pump Server Mayson...
[2022-09-11 02:43:36.114] [main] [info] Pinging Pump Server Mayson   ...DONE!
[2022-09-11 02:43:36.114] [main] [info] Pinging all valve stations...
[2022-09-11 02:43:45.331] [main] [info] Pinging all valve stations   ...DONE!
[2022-09-11 02:43:45.332] [main] [info] Fetching timestamp...
std::chrono::system_clock::now().time_since_epoch()   :   1662857025332012104
get_seconds_since_epoch(bool verbose /* true */)   :   1662857025
minutes since epoch   :   27714283
minute of day   :   43
minute of hour   :   43
hour of day   :   0
[2022-09-11 02:43:45.332] [main] [info] Checking timestamp.txt...
[2022-09-11 02:43:45.332] [main] [debug] The timestamp.txt is always written when watering is triggered. It is read to check if I was already done with watering some minutes ago.
previous time_stamp:   27712916
[2022-09-11 02:43:45.332] [main] [info] Checking timestamp.txt   ...DONE!
%%%%%%%%%%     [4] Run the executable   ...DONE!
elapsed time:   9s
=====================================================================================================
