=====================================================================================================
%%%%%%%%%%     [4] Run the executable...
>Please note:  Even if all builds failed, the last built executable is still there and will be started!
> sudo -u mayadm ./ur-unix-run.sh
[2022-09-11 10:34:08.277] [main] [info] Pinging Pump Server Mayson...
[2022-09-11 10:34:08.391] [main] [info] Pinging Pump Server Mayson   ...DONE!
[2022-09-11 10:34:08.391] [main] [info] Pinging all valve stations...
[2022-09-11 10:34:17.614] [main] [info] Pinging all valve stations   ...DONE!
[2022-09-11 10:34:17.614] [main] [info] Fetching timestamp...
std::chrono::system_clock::now().time_since_epoch()   :   1662885257614520524
get_seconds_since_epoch(bool verbose /* true */)   :   1662885257
minutes since epoch   :   27714754
minute of day   :   514
minute of hour   :   34
hour of day   :   8
[2022-09-11 10:34:17.614] [main] [info] Checking timestamp.txt...
[2022-09-11 10:34:17.614] [main] [debug] The timestamp.txt is always written when watering is triggered. It is read to check if I was already done with watering some minutes ago.
previous time_stamp:   27714368
[2022-09-11 10:34:17.614] [main] [info] Checking timestamp.txt   ...DONE!
%%%%%%%%%%     [4] Run the executable   ...DONE!
elapsed time:   9s
=====================================================================================================
