=====================================================================================================
%%%%%%%%%%     [4] Run the executable...
>Please note:  Even if all builds failed, the last built executable is still there and will be started!
> sudo -u mayadm ./ur-unix-run.sh
[2022-09-11 17:42:07.308] [main] [info] Pinging Pump Server Mayson...
[2022-09-11 17:42:07.356] [main] [info] Pinging Pump Server Mayson   ...DONE!
[2022-09-11 17:42:07.356] [main] [info] Pinging all valve stations...
[2022-09-11 17:42:16.558] [main] [info] Pinging all valve stations   ...DONE!
[2022-09-11 17:42:16.559] [main] [info] Fetching timestamp...
std::chrono::system_clock::now().time_since_epoch()   :   1662910936559008679
get_seconds_since_epoch(bool verbose /* true */)   :   1662910936
minutes since epoch   :   27715182
minute of day   :   942
minute of hour   :   42
hour of day   :   15
[2022-09-11 17:42:16.559] [main] [info] Checking timestamp.txt...
[2022-09-11 17:42:16.559] [main] [debug] The timestamp.txt is always written when watering is triggered. It is read to check if I was already done with watering some minutes ago.
previous time_stamp:   27714368
[2022-09-11 17:42:16.559] [main] [info] Checking timestamp.txt   ...DONE!
%%%%%%%%%%     [4] Run the executable   ...DONE!
elapsed time:   9s
=====================================================================================================
