=====================================================================================================
%%%%%%%%%%     [6] Uploading logs and go sleeping...
> sudo -u mayadm git checkout artifacts
Zu Zweig »artifacts« gewechselt
Ihr Branch ist auf demselben Stand wie 'origin/artifacts'.
> sudo -u mayadm git pull
Bereits aktuell.
> sudo -u mayadm git merge maya-productive
Bereits aktuell.
> sudo -u mayadm git add "../artifacts/logs/6250-*.log" -f
> sudo -u mayadm git add "../artifacts/logs/6249-*.log" -f
> sudo -u mayadm git commit -m "logs at 2022-09-12--03h40"
[artifacts 30240ffc] logs at 2022-09-12--03h40
 6 files changed, 267 insertions(+)
 create mode 100644 maya/artifacts/logs/6249--2022-09-12--02h57---6.log
 create mode 100644 maya/artifacts/logs/6250--2022-09-12--03h40---1.log
 create mode 100644 maya/artifacts/logs/6250--2022-09-12--03h40---2.log
 create mode 100644 maya/artifacts/logs/6250--2022-09-12--03h40---3.log
 create mode 100644 maya/artifacts/logs/6250--2022-09-12--03h40---4.log
 create mode 100644 maya/artifacts/logs/6250--2022-09-12--03h40---5.log
> sudo -u mayadm git push
To https://github.com/Necktschnagge/wired-watering
   f8756821..30240ffc  artifacts -> artifacts
> sudo -u mayadm git checkout maya-productive
Zu Zweig »maya-productive« gewechselt
Ihr Branch ist auf demselben Stand wie 'origin/maya-productive'.
> sudo -u mayadm git push
Everything up-to-date
##############################################################
###################                        ###################
###################     GOING TO SLEEP     ###################
###################                        ###################
##############################################################
#######                                                #######
#######   Press CTRL + C NOW to abort script safely!   #######
#######                                                #######
##############################################################
##############################################################
#######                                                #######
#######               NOW GOING TO SLEEP               #######
#######                                                #######
##############################################################
> rtcwake -m mem -s 2400
rtcwake: RTC wird als UTC interpretiert …
rtcwake: aufwachen von „mem“ durch /dev/rtc0 bei Mon Sep 12 02:22:58 2022
##############################################################
#######                                                #######
#######            just waked up from sleep            #######
#######                                                #######
##############################################################
%%%%%%%%%%     [6] Uploading logs and go sleeping   ...DONE!
elapsed time:   2427s
=====================================================================================================
