=====================================================================================================
%%%%%%%%%%     [4] Run the executable...
>Please note:  Even if all builds failed, the last built executable is still there and will be started!
> sudo -u mayadm ./ur-unix-run.sh
[2022-09-12 09:25:07.910] [main] [info] Pinging Pump Server Mayson...
[2022-09-12 09:25:07.976] [main] [info] Pinging Pump Server Mayson   ...DONE!
[2022-09-12 09:25:07.976] [main] [info] Pinging all valve stations...
[2022-09-12 09:25:17.194] [main] [info] Pinging all valve stations   ...DONE!
[2022-09-12 09:25:17.194] [main] [info] Fetching timestamp...
std::chrono::system_clock::now().time_since_epoch()   :   1662967517194781588
get_seconds_since_epoch(bool verbose /* true */)   :   1662967517
minutes since epoch   :   27716125
minute of day   :   445
minute of hour   :   25
hour of day   :   7
[2022-09-12 09:25:17.194] [main] [info] Checking timestamp.txt...
[2022-09-12 09:25:17.194] [main] [debug] The timestamp.txt is always written when watering is triggered. It is read to check if I was already done with watering some minutes ago.
previous time_stamp:   27715782
[2022-09-12 09:25:17.194] [main] [info] Checking timestamp.txt   ...DONE!
%%%%%%%%%%     [4] Run the executable   ...DONE!
elapsed time:   10s
=====================================================================================================
