=====================================================================================================
%%%%%%%%%%     [6] Uploading logs and go sleeping...
> sudo -u mayadm git checkout artifacts
Zu Zweig »artifacts« gewechselt
Ihr Branch ist auf demselben Stand wie 'origin/artifacts'.
> sudo -u mayadm git pull
fatal: konnte nicht auf 'https://github.com/Necktschnagge/wired-watering/' zugreifen: The requested URL returned error: 503
> sudo -u mayadm git merge maya-productive
Bereits aktuell.
> sudo -u mayadm git add "../artifacts/logs/6264-*.log" -f
> sudo -u mayadm git add "../artifacts/logs/6263-*.log" -f
> sudo -u mayadm git commit -m "logs at 2022-09-12--13h39"
[artifacts bc6ab7f0] logs at 2022-09-12--13h39
 6 files changed, 266 insertions(+)
 create mode 100644 maya/artifacts/logs/6263--2022-09-12--12h57---6.log
 create mode 100644 maya/artifacts/logs/6264--2022-09-12--13h39---1.log
 create mode 100644 maya/artifacts/logs/6264--2022-09-12--13h39---2.log
 create mode 100644 maya/artifacts/logs/6264--2022-09-12--13h39---3.log
 create mode 100644 maya/artifacts/logs/6264--2022-09-12--13h39---4.log
 create mode 100644 maya/artifacts/logs/6264--2022-09-12--13h39---5.log
> sudo -u mayadm git push
fatal: konnte nicht auf 'https://github.com/Necktschnagge/wired-watering/' zugreifen: GnuTLS recv error (-54): Fehler in der Pull-Funktion.
> sudo -u mayadm git checkout maya-productive
Zu Zweig »maya-productive« gewechselt
Ihr Branch ist auf demselben Stand wie 'origin/maya-productive'.
> sudo -u mayadm git push
fatal: konnte nicht auf 'https://github.com/Necktschnagge/wired-watering/' zugreifen: Failed to connect to github.com port 443: Verbindungsaufbau abgelehnt
##############################################################
###################                        ###################
###################     GOING TO SLEEP     ###################
###################                        ###################
##############################################################
#######                                                #######
#######   Press CTRL + C NOW to abort script safely!   #######
#######                                                #######
##############################################################
##############################################################
#######                                                #######
#######               NOW GOING TO SLEEP               #######
#######                                                #######
##############################################################
> rtcwake -m mem -s 2400
rtcwake: RTC wird als UTC interpretiert …
rtcwake: aufwachen von „mem“ durch /dev/rtc0 bei Mon Sep 12 12:25:10 2022
##############################################################
#######                                                #######
#######            just waked up from sleep            #######
#######                                                #######
##############################################################
%%%%%%%%%%     [6] Uploading logs and go sleeping   ...DONE!
elapsed time:   2586s
=====================================================================================================
