=====================================================================================================
%%%%%%%%%%     [4] Run the executable...
>Please note:  Even if all builds failed, the last built executable is still there and will be started!
> sudo -u mayadm ./ur-unix-run.sh
[2022-09-14 00:01:13.360] [main] [info] Pinging Pump Server Mayson...
[2022-09-14 00:01:13.453] [main] [info] Pinging Pump Server Mayson   ...DONE!
[2022-09-14 00:01:13.453] [main] [info] Pinging all valve stations...
[2022-09-14 00:01:22.650] [main] [info] Pinging all valve stations   ...DONE!
[2022-09-14 00:01:22.650] [main] [info] Fetching timestamp...
std::chrono::system_clock::now().time_since_epoch()   :   1663106482650469115
get_seconds_since_epoch(bool verbose /* true */)   :   1663106482
minutes since epoch   :   27718441
minute of day   :   1321
minute of hour   :   1
hour of day   :   22
[2022-09-14 00:01:22.650] [main] [info] Checking timestamp.txt...
[2022-09-14 00:01:22.650] [main] [debug] The timestamp.txt is always written when watering is triggered. It is read to check if I was already done with watering some minutes ago.
previous time_stamp:   27717242
[2022-09-14 00:01:22.650] [main] [info] Checking timestamp.txt   ...DONE!
%%%%%%%%%%     [4] Run the executable   ...DONE!
elapsed time:   9s
=====================================================================================================
