=====================================================================================================
%%%%%%%%%%     [4] Run the executable...
>Please note:  Even if all builds failed, the last built executable is still there and will be started!
> sudo -u mayadm ./ur-unix-run.sh
[2022-09-14 07:52:42.082] [main] [info] Pinging Pump Server Mayson...
[2022-09-14 07:52:42.179] [main] [info] Pinging Pump Server Mayson   ...DONE!
[2022-09-14 07:52:42.179] [main] [info] Pinging all valve stations...
[2022-09-14 07:52:51.393] [main] [info] Pinging all valve stations   ...DONE!
[2022-09-14 07:52:51.393] [main] [info] Fetching timestamp...
std::chrono::system_clock::now().time_since_epoch()   :   1663134771393316815
get_seconds_since_epoch(bool verbose /* true */)   :   1663134771
minutes since epoch   :   27718912
minute of day   :   352
minute of hour   :   52
hour of day   :   5
[2022-09-14 07:52:51.393] [main] [info] Checking timestamp.txt...
[2022-09-14 07:52:51.393] [main] [debug] The timestamp.txt is always written when watering is triggered. It is read to check if I was already done with watering some minutes ago.
previous time_stamp:   27718655
[2022-09-14 07:52:51.393] [main] [info] Checking timestamp.txt   ...DONE!
%%%%%%%%%%     [4] Run the executable   ...DONE!
elapsed time:   9s
=====================================================================================================
