=====================================================================================================
%%%%%%%%%%     [6] Uploading logs and go sleeping...
> sudo -u mayadm git checkout artifacts
Zu Zweig »artifacts« gewechselt
Ihr Branch ist auf demselben Stand wie 'origin/artifacts'.
> sudo -u mayadm git pull
Bereits aktuell.
> sudo -u mayadm git merge maya-productive
Merge made by the 'recursive' strategy.
 azure-pipelines.yml | 3 ---
 1 file changed, 3 deletions(-)
> sudo -u mayadm git add "../artifacts/logs/6339-*.log" -f
> sudo -u mayadm git add "../artifacts/logs/6338-*.log" -f
> sudo -u mayadm git commit -m "logs at 2022-09-14--19h17"
[artifacts d9d26118] logs at 2022-09-14--19h17
 6 files changed, 267 insertions(+)
 create mode 100644 maya/artifacts/logs/6338--2022-09-14--18h34---6.log
 create mode 100644 maya/artifacts/logs/6339--2022-09-14--19h17---1.log
 create mode 100644 maya/artifacts/logs/6339--2022-09-14--19h17---2.log
 create mode 100644 maya/artifacts/logs/6339--2022-09-14--19h17---3.log
 create mode 100644 maya/artifacts/logs/6339--2022-09-14--19h17---4.log
 create mode 100644 maya/artifacts/logs/6339--2022-09-14--19h17---5.log
> sudo -u mayadm git push
To https://github.com/Necktschnagge/wired-watering
   a41038b2..d9d26118  artifacts -> artifacts
> sudo -u mayadm git checkout maya-productive
Zu Zweig »maya-productive« gewechselt
Ihr Branch ist auf demselben Stand wie 'origin/maya-productive'.
> sudo -u mayadm git push
Everything up-to-date
##############################################################
###################                        ###################
###################     GOING TO SLEEP     ###################
###################                        ###################
##############################################################
#######                                                #######
#######   Press CTRL + C NOW to abort script safely!   #######
#######                                                #######
##############################################################
##############################################################
#######                                                #######
#######               NOW GOING TO SLEEP               #######
#######                                                #######
##############################################################
> rtcwake -m mem -s 2400
rtcwake: RTC wird als UTC interpretiert …
rtcwake: aufwachen von „mem“ durch /dev/rtc0 bei Wed Sep 14 17:59:12 2022
##############################################################
#######                                                #######
#######            just waked up from sleep            #######
#######                                                #######
##############################################################
%%%%%%%%%%     [6] Uploading logs and go sleeping   ...DONE!
elapsed time:   2424s
=====================================================================================================
