=====================================================================================================
%%%%%%%%%%     [4] Run the executable...
>Please note:  Even if all builds failed, the last built executable is still there and will be started!
> sudo -u mayadm ./ur-unix-run.sh
[2022-09-15 02:27:28.348] [main] [info] Pinging Pump Server Mayson...
[2022-09-15 02:27:30.473] [main] [info] Pinging Pump Server Mayson   ...DONE!
[2022-09-15 02:27:30.473] [main] [info] Pinging all valve stations...
[2022-09-15 02:27:39.678] [main] [info] Pinging all valve stations   ...DONE!
[2022-09-15 02:27:39.678] [main] [info] Fetching timestamp...
std::chrono::system_clock::now().time_since_epoch()   :   1663201659678610364
get_seconds_since_epoch(bool verbose /* true */)   :   1663201659
minutes since epoch   :   27720027
minute of day   :   27
minute of hour   :   27
hour of day   :   0
[2022-09-15 02:27:39.678] [main] [info] Checking timestamp.txt...
[2022-09-15 02:27:39.678] [main] [debug] The timestamp.txt is always written when watering is triggered. It is read to check if I was already done with watering some minutes ago.
previous time_stamp:   27718655
[2022-09-15 02:27:39.678] [main] [info] Checking timestamp.txt   ...DONE!
%%%%%%%%%%     [4] Run the executable   ...DONE!
elapsed time:   11s
=====================================================================================================
