=====================================================================================================
%%%%%%%%%%     [4] Run the executable...
>Please note:  Even if all builds failed, the last built executable is still there and will be started!
> sudo -u mayadm ./ur-unix-run.sh
[2022-09-15 04:36:13.561] [main] [info] Pinging Pump Server Mayson...
[2022-09-15 04:36:13.676] [main] [info] Pinging Pump Server Mayson   ...DONE!
[2022-09-15 04:36:13.676] [main] [info] Pinging all valve stations...
[2022-09-15 04:36:22.904] [main] [info] Pinging all valve stations   ...DONE!
[2022-09-15 04:36:22.904] [main] [info] Fetching timestamp...
std::chrono::system_clock::now().time_since_epoch()   :   1663209382904474010
get_seconds_since_epoch(bool verbose /* true */)   :   1663209382
minutes since epoch   :   27720156
minute of day   :   156
minute of hour   :   36
hour of day   :   2
[2022-09-15 04:36:22.904] [main] [info] Checking timestamp.txt...
[2022-09-15 04:36:22.904] [main] [debug] The timestamp.txt is always written when watering is triggered. It is read to check if I was already done with watering some minutes ago.
previous time_stamp:   27720113
[2022-09-15 04:36:22.904] [main] [info] Checking timestamp.txt   ...DONE!
%%%%%%%%%%     [4] Run the executable   ...DONE!
elapsed time:   9s
=====================================================================================================
