=====================================================================================================
%%%%%%%%%%     [4] Run the executable...
>Please note:  Even if all builds failed, the last built executable is still there and will be started!
> sudo -u mayadm ./ur-unix-run.sh
[2022-09-15 08:53:37.914] [main] [info] Pinging Pump Server Mayson...
[2022-09-15 08:53:37.992] [main] [info] Pinging Pump Server Mayson   ...DONE!
[2022-09-15 08:53:37.992] [main] [info] Pinging all valve stations...
[2022-09-15 08:53:47.204] [main] [info] Pinging all valve stations   ...DONE!
[2022-09-15 08:53:47.204] [main] [info] Fetching timestamp...
std::chrono::system_clock::now().time_since_epoch()   :   1663224827204894338
get_seconds_since_epoch(bool verbose /* true */)   :   1663224827
minutes since epoch   :   27720413
minute of day   :   413
minute of hour   :   53
hour of day   :   6
[2022-09-15 08:53:47.204] [main] [info] Checking timestamp.txt...
[2022-09-15 08:53:47.204] [main] [debug] The timestamp.txt is always written when watering is triggered. It is read to check if I was already done with watering some minutes ago.
previous time_stamp:   27720113
[2022-09-15 08:53:47.205] [main] [info] Checking timestamp.txt   ...DONE!
%%%%%%%%%%     [4] Run the executable   ...DONE!
elapsed time:   10s
=====================================================================================================
