=====================================================================================================
%%%%%%%%%%     [4] Run the executable...
>Please note:  Even if all builds failed, the last built executable is still there and will be started!
> sudo -u mayadm ./ur-unix-run.sh
[2022-09-15 18:54:34.082] [main] [info] Pinging Pump Server Mayson...
[2022-09-15 18:54:34.142] [main] [info] Pinging Pump Server Mayson   ...DONE!
[2022-09-15 18:54:34.142] [main] [info] Pinging all valve stations...
[2022-09-15 18:54:43.369] [main] [info] Pinging all valve stations   ...DONE!
[2022-09-15 18:54:43.369] [main] [info] Fetching timestamp...
std::chrono::system_clock::now().time_since_epoch()   :   1663260883369388388
get_seconds_since_epoch(bool verbose /* true */)   :   1663260883
minutes since epoch   :   27721014
minute of day   :   1014
minute of hour   :   54
hour of day   :   16
[2022-09-15 18:54:43.369] [main] [info] Checking timestamp.txt...
[2022-09-15 18:54:43.369] [main] [debug] The timestamp.txt is always written when watering is triggered. It is read to check if I was already done with watering some minutes ago.
previous time_stamp:   27720113
[2022-09-15 18:54:43.369] [main] [info] Checking timestamp.txt   ...DONE!
%%%%%%%%%%     [4] Run the executable   ...DONE!
elapsed time:   9s
=====================================================================================================
