=====================================================================================================
%%%%%%%%%%     [4] Run the executable...
>Please note:  Even if all builds failed, the last built executable is still there and will be started!
> sudo -u mayadm ./ur-unix-run.sh
[2022-09-16 02:04:29.133] [main] [info] Pinging Pump Server Mayson...
[2022-09-16 02:04:29.244] [main] [info] Pinging Pump Server Mayson   ...DONE!
[2022-09-16 02:04:29.244] [main] [info] Pinging all valve stations...
[2022-09-16 02:04:38.453] [main] [info] Pinging all valve stations   ...DONE!
[2022-09-16 02:04:38.453] [main] [info] Fetching timestamp...
std::chrono::system_clock::now().time_since_epoch()   :   1663286678453893804
get_seconds_since_epoch(bool verbose /* true */)   :   1663286678
minutes since epoch   :   27721444
minute of day   :   4
minute of hour   :   4
hour of day   :   0
[2022-09-16 02:04:38.453] [main] [info] Checking timestamp.txt...
[2022-09-16 02:04:38.453] [main] [debug] The timestamp.txt is always written when watering is triggered. It is read to check if I was already done with watering some minutes ago.
previous time_stamp:   27720113
[2022-09-16 02:04:38.454] [main] [info] Checking timestamp.txt   ...DONE!
%%%%%%%%%%     [4] Run the executable   ...DONE!
elapsed time:   9s
=====================================================================================================
