=====================================================================================================
%%%%%%%%%%     [6] Uploading logs and go sleeping...
> sudo -u mayadm git checkout artifacts
Zu Zweig »artifacts« gewechselt
Ihr Branch ist auf demselben Stand wie 'origin/artifacts'.
> sudo -u mayadm git pull
Bereits aktuell.
> sudo -u mayadm git merge maya-productive
Bereits aktuell.
> sudo -u mayadm git add "../artifacts/logs/6389-*.log" -f
> sudo -u mayadm git add "../artifacts/logs/6388-*.log" -f
> sudo -u mayadm git commit -m "logs at 2022-09-16--07h02"
[artifacts ba9cf527] logs at 2022-09-16--07h02
 6 files changed, 263 insertions(+)
 create mode 100644 maya/artifacts/logs/6388--2022-09-16--06h19---6.log
 create mode 100644 maya/artifacts/logs/6389--2022-09-16--07h02---1.log
 create mode 100644 maya/artifacts/logs/6389--2022-09-16--07h02---2.log
 create mode 100644 maya/artifacts/logs/6389--2022-09-16--07h02---3.log
 create mode 100644 maya/artifacts/logs/6389--2022-09-16--07h02---4.log
 create mode 100644 maya/artifacts/logs/6389--2022-09-16--07h02---5.log
> sudo -u mayadm git push
To https://github.com/Necktschnagge/wired-watering
   4b623ac4..ba9cf527  artifacts -> artifacts
> sudo -u mayadm git checkout maya-productive
Zu Zweig »maya-productive« gewechselt
Ihr Branch ist auf demselben Stand wie 'origin/maya-productive'.
> sudo -u mayadm git push
Everything up-to-date
##############################################################
###################                        ###################
###################     GOING TO SLEEP     ###################
###################                        ###################
##############################################################
#######                                                #######
#######   Press CTRL + C NOW to abort script safely!   #######
#######                                                #######
##############################################################
##############################################################
#######                                                #######
#######               NOW GOING TO SLEEP               #######
#######                                                #######
##############################################################
> rtcwake -m mem -s 2400
rtcwake: RTC wird als UTC interpretiert …
rtcwake: aufwachen von „mem“ durch /dev/rtc0 bei Fri Sep 16 05:45:10 2022
##############################################################
#######                                                #######
#######            just waked up from sleep            #######
#######                                                #######
##############################################################
%%%%%%%%%%     [6] Uploading logs and go sleeping   ...DONE!
elapsed time:   2426s
=====================================================================================================
