=====================================================================================================
%%%%%%%%%%     [4] Run the executable...
>Please note:  Even if all builds failed, the last built executable is still there and will be started!
> sudo -u mayadm ./ur-unix-run.sh
[2022-09-17 07:24:31.345] [main] [info] Pinging Pump Server Mayson...
[2022-09-17 07:24:31.397] [main] [info] Pinging Pump Server Mayson   ...DONE!
[2022-09-17 07:24:31.397] [main] [info] Pinging all valve stations...
[2022-09-17 07:24:40.606] [main] [info] Pinging all valve stations   ...DONE!
[2022-09-17 07:24:40.606] [main] [info] Fetching timestamp...
std::chrono::system_clock::now().time_since_epoch()   :   1663392280606375684
get_seconds_since_epoch(bool verbose /* true */)   :   1663392280
minutes since epoch   :   27723204
minute of day   :   324
minute of hour   :   24
hour of day   :   5
[2022-09-17 07:24:40.606] [main] [info] Checking timestamp.txt...
[2022-09-17 07:24:40.606] [main] [debug] The timestamp.txt is always written when watering is triggered. It is read to check if I was already done with watering some minutes ago.
previous time_stamp:   27722989
[2022-09-17 07:24:40.606] [main] [info] Checking timestamp.txt   ...DONE!
%%%%%%%%%%     [4] Run the executable   ...DONE!
elapsed time:   9s
=====================================================================================================
