=====================================================================================================
%%%%%%%%%%     [4] Run the executable...
>Please note:  Even if all builds failed, the last built executable is still there and will be started!
> sudo -u mayadm ./ur-unix-run.sh
[2022-09-17 10:16:25.722] [main] [info] Pinging Pump Server Mayson...
[2022-09-17 10:16:26.812] [main] [info] Pinging Pump Server Mayson   ...DONE!
[2022-09-17 10:16:26.812] [main] [info] Pinging all valve stations...
[2022-09-17 10:16:36.028] [main] [info] Pinging all valve stations   ...DONE!
[2022-09-17 10:16:36.028] [main] [info] Fetching timestamp...
std::chrono::system_clock::now().time_since_epoch()   :   1663402596028971684
get_seconds_since_epoch(bool verbose /* true */)   :   1663402596
minutes since epoch   :   27723376
minute of day   :   496
minute of hour   :   16
hour of day   :   8
[2022-09-17 10:16:36.029] [main] [info] Checking timestamp.txt...
[2022-09-17 10:16:36.029] [main] [debug] The timestamp.txt is always written when watering is triggered. It is read to check if I was already done with watering some minutes ago.
previous time_stamp:   27722989
[2022-09-17 10:16:36.029] [main] [info] Checking timestamp.txt   ...DONE!
%%%%%%%%%%     [4] Run the executable   ...DONE!
elapsed time:   11s
=====================================================================================================
