=====================================================================================================
%%%%%%%%%%     [6] Uploading logs and go sleeping...
> sudo -u mayadm git checkout artifacts
Zu Zweig »artifacts« gewechselt
Ihr Branch ist auf demselben Stand wie 'origin/artifacts'.
> sudo -u mayadm git pull
Bereits aktuell.
> sudo -u mayadm git merge maya-productive
Bereits aktuell.
> sudo -u mayadm git add "../artifacts/logs/6435-*.log" -f
> sudo -u mayadm git add "../artifacts/logs/6434-*.log" -f
> sudo -u mayadm git commit -m "logs at 2022-09-17--15h58"
[artifacts 7689f2f6] logs at 2022-09-17--15h58
 6 files changed, 262 insertions(+)
 create mode 100644 maya/artifacts/logs/6434--2022-09-17--15h15---6.log
 create mode 100644 maya/artifacts/logs/6435--2022-09-17--15h58---1.log
 create mode 100644 maya/artifacts/logs/6435--2022-09-17--15h58---2.log
 create mode 100644 maya/artifacts/logs/6435--2022-09-17--15h58---3.log
 create mode 100644 maya/artifacts/logs/6435--2022-09-17--15h58---4.log
 create mode 100644 maya/artifacts/logs/6435--2022-09-17--15h58---5.log
> sudo -u mayadm git push
To https://github.com/Necktschnagge/wired-watering
   f6aeb1fc..7689f2f6  artifacts -> artifacts
> sudo -u mayadm git checkout maya-productive
Zu Zweig »maya-productive« gewechselt
Ihr Branch ist auf demselben Stand wie 'origin/maya-productive'.
> sudo -u mayadm git push
Everything up-to-date
##############################################################
###################                        ###################
###################     GOING TO SLEEP     ###################
###################                        ###################
##############################################################
#######                                                #######
#######   Press CTRL + C NOW to abort script safely!   #######
#######                                                #######
##############################################################
##############################################################
#######                                                #######
#######               NOW GOING TO SLEEP               #######
#######                                                #######
##############################################################
> rtcwake -m mem -s 2400
rtcwake: RTC wird als UTC interpretiert …
rtcwake: aufwachen von „mem“ durch /dev/rtc0 bei Sat Sep 17 14:40:30 2022
##############################################################
#######                                                #######
#######            just waked up from sleep            #######
#######                                                #######
##############################################################
%%%%%%%%%%     [6] Uploading logs and go sleeping   ...DONE!
elapsed time:   2427s
=====================================================================================================
