=====================================================================================================
%%%%%%%%%%     [4] Run the executable...
>Please note:  Even if all builds failed, the last built executable is still there and will be started!
> sudo -u mayadm ./ur-unix-run.sh
[2022-09-18 04:10:45.819] [main] [info] Pinging Pump Server Mayson...
[2022-09-18 04:10:45.933] [main] [info] Pinging Pump Server Mayson   ...DONE!
[2022-09-18 04:10:45.933] [main] [info] Pinging all valve stations...
[2022-09-18 04:10:55.158] [main] [info] Pinging all valve stations   ...DONE!
[2022-09-18 04:10:55.158] [main] [info] Fetching timestamp...
std::chrono::system_clock::now().time_since_epoch()   :   1663467055158753771
get_seconds_since_epoch(bool verbose /* true */)   :   1663467055
minutes since epoch   :   27724450
minute of day   :   130
minute of hour   :   10
hour of day   :   2
[2022-09-18 04:10:55.158] [main] [info] Checking timestamp.txt...
[2022-09-18 04:10:55.158] [main] [debug] The timestamp.txt is always written when watering is triggered. It is read to check if I was already done with watering some minutes ago.
previous time_stamp:   27722989
[2022-09-18 04:10:55.158] [main] [info] Checking timestamp.txt   ...DONE!
Wrote to timestamp.txt
%%%%%%%%%%     [4] Run the executable   ...DONE!
elapsed time:   10s
=====================================================================================================
