=====================================================================================================
%%%%%%%%%%     [6] Uploading logs and go sleeping...
> sudo -u mayadm git checkout artifacts
Zu Zweig »artifacts« gewechselt
Ihr Branch ist auf demselben Stand wie 'origin/artifacts'.
> sudo -u mayadm git pull
Bereits aktuell.
> sudo -u mayadm git merge maya-productive
Bereits aktuell.
> sudo -u mayadm git add "../artifacts/logs/6467-*.log" -f
> sudo -u mayadm git add "../artifacts/logs/6466-*.log" -f
> sudo -u mayadm git commit -m "logs at 2022-09-18--14h54"
[artifacts efd3e1c4] logs at 2022-09-18--14h54
 6 files changed, 266 insertions(+)
 create mode 100644 maya/artifacts/logs/6466--2022-09-18--14h11---6.log
 create mode 100644 maya/artifacts/logs/6467--2022-09-18--14h54---1.log
 create mode 100644 maya/artifacts/logs/6467--2022-09-18--14h54---2.log
 create mode 100644 maya/artifacts/logs/6467--2022-09-18--14h54---3.log
 create mode 100644 maya/artifacts/logs/6467--2022-09-18--14h54---4.log
 create mode 100644 maya/artifacts/logs/6467--2022-09-18--14h54---5.log
> sudo -u mayadm git push
To https://github.com/Necktschnagge/wired-watering
   31aa47e3..efd3e1c4  artifacts -> artifacts
> sudo -u mayadm git checkout maya-productive
Zu Zweig »maya-productive« gewechselt
Ihr Branch ist auf demselben Stand wie 'origin/maya-productive'.
> sudo -u mayadm git push
Everything up-to-date
##############################################################
###################                        ###################
###################     GOING TO SLEEP     ###################
###################                        ###################
##############################################################
#######                                                #######
#######   Press CTRL + C NOW to abort script safely!   #######
#######                                                #######
##############################################################
##############################################################
#######                                                #######
#######               NOW GOING TO SLEEP               #######
#######                                                #######
##############################################################
> rtcwake -m mem -s 2400
rtcwake: RTC wird als UTC interpretiert …
rtcwake: aufwachen von „mem“ durch /dev/rtc0 bei Sun Sep 18 13:37:01 2022
##############################################################
#######                                                #######
#######            just waked up from sleep            #######
#######                                                #######
##############################################################
%%%%%%%%%%     [6] Uploading logs and go sleeping   ...DONE!
elapsed time:   2427s
=====================================================================================================
