=====================================================================================================
%%%%%%%%%%     [4] Run the executable...
>Please note:  Even if all builds failed, the last built executable is still there and will be started!
> sudo -u mayadm ./ur-unix-run.sh
[2022-09-19 23:59:19.758] [main] [info] Pinging Pump Server Mayson...
[2022-09-19 23:59:19.821] [main] [info] Pinging Pump Server Mayson   ...DONE!
[2022-09-19 23:59:19.821] [main] [info] Pinging all valve stations...
[2022-09-19 23:59:29.020] [main] [info] Pinging all valve stations   ...DONE!
[2022-09-19 23:59:29.020] [main] [info] Fetching timestamp...
std::chrono::system_clock::now().time_since_epoch()   :   1663624769020328413
get_seconds_since_epoch(bool verbose /* true */)   :   1663624769
minutes since epoch   :   27727079
minute of day   :   1319
minute of hour   :   59
hour of day   :   21
[2022-09-19 23:59:29.020] [main] [info] Checking timestamp.txt...
[2022-09-19 23:59:29.020] [main] [debug] The timestamp.txt is always written when watering is triggered. It is read to check if I was already done with watering some minutes ago.
previous time_stamp:   27725871
[2022-09-19 23:59:29.020] [main] [info] Checking timestamp.txt   ...DONE!
%%%%%%%%%%     [4] Run the executable   ...DONE!
elapsed time:   10s
=====================================================================================================
