=====================================================================================================
%%%%%%%%%%     [6] Uploading logs and go sleeping...
> sudo -u mayadm git checkout artifacts
Zu Zweig »artifacts« gewechselt
Ihr Branch ist auf demselben Stand wie 'origin/artifacts'.
> sudo -u mayadm git pull
Bereits aktuell.
> sudo -u mayadm git merge maya-productive
Bereits aktuell.
> sudo -u mayadm git add "../artifacts/logs/6522-*.log" -f
> sudo -u mayadm git add "../artifacts/logs/6521-*.log" -f
> sudo -u mayadm git commit -m "logs at 2022-09-20--06h25"
[artifacts 139d6f02] logs at 2022-09-20--06h25
 6 files changed, 262 insertions(+)
 create mode 100644 maya/artifacts/logs/6521--2022-09-20--05h42---6.log
 create mode 100644 maya/artifacts/logs/6522--2022-09-20--06h25---1.log
 create mode 100644 maya/artifacts/logs/6522--2022-09-20--06h25---2.log
 create mode 100644 maya/artifacts/logs/6522--2022-09-20--06h25---3.log
 create mode 100644 maya/artifacts/logs/6522--2022-09-20--06h25---4.log
 create mode 100644 maya/artifacts/logs/6522--2022-09-20--06h25---5.log
> sudo -u mayadm git push
To https://github.com/Necktschnagge/wired-watering
   cf8cb77f..139d6f02  artifacts -> artifacts
> sudo -u mayadm git checkout maya-productive
Zu Zweig »maya-productive« gewechselt
Ihr Branch ist auf demselben Stand wie 'origin/maya-productive'.
> sudo -u mayadm git push
Everything up-to-date
##############################################################
###################                        ###################
###################     GOING TO SLEEP     ###################
###################                        ###################
##############################################################
#######                                                #######
#######   Press CTRL + C NOW to abort script safely!   #######
#######                                                #######
##############################################################
##############################################################
#######                                                #######
#######               NOW GOING TO SLEEP               #######
#######                                                #######
##############################################################
> rtcwake -m mem -s 2400
rtcwake: RTC wird als UTC interpretiert …
rtcwake: aufwachen von „mem“ durch /dev/rtc0 bei Tue Sep 20 05:08:35 2022
##############################################################
#######                                                #######
#######            just waked up from sleep            #######
#######                                                #######
##############################################################
%%%%%%%%%%     [6] Uploading logs and go sleeping   ...DONE!
elapsed time:   2426s
=====================================================================================================
