=====================================================================================================
%%%%%%%%%%     [4] Run the executable...
>Please note:  Even if all builds failed, the last built executable is still there and will be started!
> sudo -u mayadm ./ur-unix-run.sh
[2022-09-20 12:14:48.842] [main] [info] Pinging Pump Server Mayson...
[2022-09-20 12:14:58.845] [main] [info] Pinging Pump Server Mayson   ...DONE!
[2022-09-20 12:14:58.846] [main] [info] Pinging all valve stations...
[2022-09-20 12:15:08.066] [main] [info] Pinging all valve stations   ...DONE!
[2022-09-20 12:15:08.066] [main] [info] Fetching timestamp...
std::chrono::system_clock::now().time_since_epoch()   :   1663668908066258243
get_seconds_since_epoch(bool verbose /* true */)   :   1663668908
minutes since epoch   :   27727815
minute of day   :   615
minute of hour   :   15
hour of day   :   10
[2022-09-20 12:15:08.066] [main] [info] Checking timestamp.txt...
[2022-09-20 12:15:08.066] [main] [debug] The timestamp.txt is always written when watering is triggered. It is read to check if I was already done with watering some minutes ago.
previous time_stamp:   27727295
[2022-09-20 12:15:08.066] [main] [info] Checking timestamp.txt   ...DONE!
%%%%%%%%%%     [4] Run the executable   ...DONE!
elapsed time:   20s
=====================================================================================================
