=====================================================================================================
%%%%%%%%%%     [4] Run the executable...
>Please note:  Even if all builds failed, the last built executable is still there and will be started!
> sudo -u mayadm ./ur-unix-run.sh
[2022-09-20 12:58:19.498] [main] [info] Pinging Pump Server Mayson...
[2022-09-20 12:58:19.576] [main] [info] Pinging Pump Server Mayson   ...DONE!
[2022-09-20 12:58:19.576] [main] [info] Pinging all valve stations...
[2022-09-20 12:58:28.777] [main] [info] Pinging all valve stations   ...DONE!
[2022-09-20 12:58:28.777] [main] [info] Fetching timestamp...
std::chrono::system_clock::now().time_since_epoch()   :   1663671508777615700
get_seconds_since_epoch(bool verbose /* true */)   :   1663671508
minutes since epoch   :   27727858
minute of day   :   658
minute of hour   :   58
hour of day   :   10
[2022-09-20 12:58:28.777] [main] [info] Checking timestamp.txt...
[2022-09-20 12:58:28.777] [main] [debug] The timestamp.txt is always written when watering is triggered. It is read to check if I was already done with watering some minutes ago.
previous time_stamp:   27727295
[2022-09-20 12:58:28.777] [main] [info] Checking timestamp.txt   ...DONE!
%%%%%%%%%%     [4] Run the executable   ...DONE!
elapsed time:   9s
=====================================================================================================
