=====================================================================================================
%%%%%%%%%%     [4] Run the executable...
>Please note:  Even if all builds failed, the last built executable is still there and will be started!
> sudo -u mayadm ./ur-unix-run.sh
[2022-09-20 15:08:09.369] [main] [info] Pinging Pump Server Mayson...
[2022-09-20 15:08:09.401] [main] [info] Pinging Pump Server Mayson   ...DONE!
[2022-09-20 15:08:09.401] [main] [info] Pinging all valve stations...
[2022-09-20 15:08:18.619] [main] [info] Pinging all valve stations   ...DONE!
[2022-09-20 15:08:18.619] [main] [info] Fetching timestamp...
std::chrono::system_clock::now().time_since_epoch()   :   1663679298619482975
get_seconds_since_epoch(bool verbose /* true */)   :   1663679298
minutes since epoch   :   27727988
minute of day   :   788
minute of hour   :   8
hour of day   :   13
[2022-09-20 15:08:18.619] [main] [info] Checking timestamp.txt...
[2022-09-20 15:08:18.619] [main] [debug] The timestamp.txt is always written when watering is triggered. It is read to check if I was already done with watering some minutes ago.
previous time_stamp:   27727295
[2022-09-20 15:08:18.619] [main] [info] Checking timestamp.txt   ...DONE!
%%%%%%%%%%     [4] Run the executable   ...DONE!
elapsed time:   9s
=====================================================================================================
