=====================================================================================================
%%%%%%%%%%     [4] Run the executable...
>Please note:  Even if all builds failed, the last built executable is still there and will be started!
> sudo -u mayadm ./ur-unix-run.sh
[2022-09-20 17:17:58.716] [main] [info] Pinging Pump Server Mayson...
[2022-09-20 17:17:58.804] [main] [info] Pinging Pump Server Mayson   ...DONE!
[2022-09-20 17:17:58.804] [main] [info] Pinging all valve stations...
[2022-09-20 17:18:08.023] [main] [info] Pinging all valve stations   ...DONE!
[2022-09-20 17:18:08.023] [main] [info] Fetching timestamp...
std::chrono::system_clock::now().time_since_epoch()   :   1663687088023582365
get_seconds_since_epoch(bool verbose /* true */)   :   1663687088
minutes since epoch   :   27728118
minute of day   :   918
minute of hour   :   18
hour of day   :   15
[2022-09-20 17:18:08.023] [main] [info] Checking timestamp.txt...
[2022-09-20 17:18:08.023] [main] [debug] The timestamp.txt is always written when watering is triggered. It is read to check if I was already done with watering some minutes ago.
previous time_stamp:   27727295
[2022-09-20 17:18:08.023] [main] [info] Checking timestamp.txt   ...DONE!
%%%%%%%%%%     [4] Run the executable   ...DONE!
elapsed time:   10s
=====================================================================================================
