=====================================================================================================
%%%%%%%%%%     [6] Uploading logs and go sleeping...
> sudo -u mayadm git checkout artifacts
Zu Zweig »artifacts« gewechselt
Ihr Branch ist auf demselben Stand wie 'origin/artifacts'.
> sudo -u mayadm git pull
Bereits aktuell.
> sudo -u mayadm git merge maya-productive
Bereits aktuell.
> sudo -u mayadm git add "../artifacts/logs/6553-*.log" -f
> sudo -u mayadm git add "../artifacts/logs/6552-*.log" -f
> sudo -u mayadm git commit -m "logs at 2022-09-21--04h48"
[artifacts b25fdc88] logs at 2022-09-21--04h48
 6 files changed, 266 insertions(+)
 create mode 100644 maya/artifacts/logs/6552--2022-09-21--04h05---6.log
 create mode 100644 maya/artifacts/logs/6553--2022-09-21--04h48---1.log
 create mode 100644 maya/artifacts/logs/6553--2022-09-21--04h48---2.log
 create mode 100644 maya/artifacts/logs/6553--2022-09-21--04h48---3.log
 create mode 100644 maya/artifacts/logs/6553--2022-09-21--04h48---4.log
 create mode 100644 maya/artifacts/logs/6553--2022-09-21--04h48---5.log
> sudo -u mayadm git push
To https://github.com/Necktschnagge/wired-watering
   13702b85..b25fdc88  artifacts -> artifacts
> sudo -u mayadm git checkout maya-productive
Zu Zweig »maya-productive« gewechselt
Ihr Branch ist auf demselben Stand wie 'origin/maya-productive'.
> sudo -u mayadm git push
Everything up-to-date
##############################################################
###################                        ###################
###################     GOING TO SLEEP     ###################
###################                        ###################
##############################################################
#######                                                #######
#######   Press CTRL + C NOW to abort script safely!   #######
#######                                                #######
##############################################################
##############################################################
#######                                                #######
#######               NOW GOING TO SLEEP               #######
#######                                                #######
##############################################################
> rtcwake -m mem -s 2400
rtcwake: RTC wird als UTC interpretiert …
rtcwake: aufwachen von „mem“ durch /dev/rtc0 bei Wed Sep 21 03:31:46 2022
##############################################################
#######                                                #######
#######            just waked up from sleep            #######
#######                                                #######
##############################################################
%%%%%%%%%%     [6] Uploading logs and go sleeping   ...DONE!
elapsed time:   2431s
=====================================================================================================
