=====================================================================================================
%%%%%%%%%%     [4] Run the executable...
>Please note:  Even if all builds failed, the last built executable is still there and will be started!
> sudo -u mayadm ./ur-unix-run.sh
[2022-09-21 07:01:01.980] [main] [info] Pinging Pump Server Mayson...
[2022-09-21 07:01:02.069] [main] [info] Pinging Pump Server Mayson   ...DONE!
[2022-09-21 07:01:02.069] [main] [info] Pinging all valve stations...
[2022-09-21 07:01:11.294] [main] [info] Pinging all valve stations   ...DONE!
[2022-09-21 07:01:11.294] [main] [info] Fetching timestamp...
std::chrono::system_clock::now().time_since_epoch()   :   1663736471294504422
get_seconds_since_epoch(bool verbose /* true */)   :   1663736471
minutes since epoch   :   27728941
minute of day   :   301
minute of hour   :   1
hour of day   :   5
[2022-09-21 07:01:11.294] [main] [info] Checking timestamp.txt...
[2022-09-21 07:01:11.294] [main] [debug] The timestamp.txt is always written when watering is triggered. It is read to check if I was already done with watering some minutes ago.
previous time_stamp:   27728767
[2022-09-21 07:01:11.294] [main] [info] Checking timestamp.txt   ...DONE!
%%%%%%%%%%     [4] Run the executable   ...DONE!
elapsed time:   10s
=====================================================================================================
