=====================================================================================================
%%%%%%%%%%     [4] Run the executable...
>Please note:  Even if all builds failed, the last built executable is still there and will be started!
> sudo -u mayadm ./ur-unix-run.sh
[2022-09-21 12:04:10.736] [main] [info] Pinging Pump Server Mayson...
[2022-09-21 12:04:10.846] [main] [info] Pinging Pump Server Mayson   ...DONE!
[2022-09-21 12:04:10.846] [main] [info] Pinging all valve stations...
[2022-09-21 12:04:20.047] [main] [info] Pinging all valve stations   ...DONE!
[2022-09-21 12:04:20.047] [main] [info] Fetching timestamp...
std::chrono::system_clock::now().time_since_epoch()   :   1663754660047541042
get_seconds_since_epoch(bool verbose /* true */)   :   1663754660
minutes since epoch   :   27729244
minute of day   :   604
minute of hour   :   4
hour of day   :   10
[2022-09-21 12:04:20.047] [main] [info] Checking timestamp.txt...
[2022-09-21 12:04:20.047] [main] [debug] The timestamp.txt is always written when watering is triggered. It is read to check if I was already done with watering some minutes ago.
previous time_stamp:   27728767
[2022-09-21 12:04:20.047] [main] [info] Checking timestamp.txt   ...DONE!
%%%%%%%%%%     [4] Run the executable   ...DONE!
elapsed time:   10s
=====================================================================================================
