=====================================================================================================
%%%%%%%%%%     [6] Uploading logs and go sleeping...
> sudo -u mayadm git checkout artifacts
Zu Zweig »artifacts« gewechselt
Ihr Branch ist auf demselben Stand wie 'origin/artifacts'.
> sudo -u mayadm git pull
Bereits aktuell.
> sudo -u mayadm git merge maya-productive
Bereits aktuell.
> sudo -u mayadm git add "../artifacts/logs/6565-*.log" -f
> sudo -u mayadm git add "../artifacts/logs/6564-*.log" -f
> sudo -u mayadm git commit -m "logs at 2022-09-21--13h28"
[artifacts a9fd2c4a] logs at 2022-09-21--13h28
 6 files changed, 266 insertions(+)
 create mode 100644 maya/artifacts/logs/6564--2022-09-21--12h45---6.log
 create mode 100644 maya/artifacts/logs/6565--2022-09-21--13h28---1.log
 create mode 100644 maya/artifacts/logs/6565--2022-09-21--13h28---2.log
 create mode 100644 maya/artifacts/logs/6565--2022-09-21--13h28---3.log
 create mode 100644 maya/artifacts/logs/6565--2022-09-21--13h28---4.log
 create mode 100644 maya/artifacts/logs/6565--2022-09-21--13h28---5.log
> sudo -u mayadm git push
To https://github.com/Necktschnagge/wired-watering
   eb7c4945..a9fd2c4a  artifacts -> artifacts
> sudo -u mayadm git checkout maya-productive
Zu Zweig »maya-productive« gewechselt
Ihr Branch ist auf demselben Stand wie 'origin/maya-productive'.
> sudo -u mayadm git push
Everything up-to-date
##############################################################
###################                        ###################
###################     GOING TO SLEEP     ###################
###################                        ###################
##############################################################
#######                                                #######
#######   Press CTRL + C NOW to abort script safely!   #######
#######                                                #######
##############################################################
##############################################################
#######                                                #######
#######               NOW GOING TO SLEEP               #######
#######                                                #######
##############################################################
> rtcwake -m mem -s 2400
rtcwake: RTC wird als UTC interpretiert …
rtcwake: aufwachen von „mem“ durch /dev/rtc0 bei Wed Sep 21 12:11:35 2022
##############################################################
#######                                                #######
#######            just waked up from sleep            #######
#######                                                #######
##############################################################
%%%%%%%%%%     [6] Uploading logs and go sleeping   ...DONE!
elapsed time:   2429s
=====================================================================================================
