=====================================================================================================
%%%%%%%%%%     [4] Run the executable...
>Please note:  Even if all builds failed, the last built executable is still there and will be started!
> sudo -u mayadm ./ur-unix-run.sh
[2022-09-22 14:52:19.569] [main] [info] Pinging Pump Server Mayson...
[2022-09-22 14:52:19.617] [main] [info] Pinging Pump Server Mayson   ...DONE!
[2022-09-22 14:52:19.617] [main] [info] Pinging all valve stations...
[2022-09-22 14:52:28.819] [main] [info] Pinging all valve stations   ...DONE!
[2022-09-22 14:52:28.819] [main] [info] Fetching timestamp...
std::chrono::system_clock::now().time_since_epoch()   :   1663851148819206016
get_seconds_since_epoch(bool verbose /* true */)   :   1663851148
minutes since epoch   :   27730852
minute of day   :   772
minute of hour   :   52
hour of day   :   12
[2022-09-22 14:52:28.819] [main] [info] Checking timestamp.txt...
[2022-09-22 14:52:28.819] [main] [debug] The timestamp.txt is always written when watering is triggered. It is read to check if I was already done with watering some minutes ago.
previous time_stamp:   27730199
[2022-09-22 14:52:28.819] [main] [info] Checking timestamp.txt   ...DONE!
%%%%%%%%%%     [4] Run the executable   ...DONE!
elapsed time:   22s
=====================================================================================================
