=====================================================================================================
%%%%%%%%%%     [4] Run the executable...
>Please note:  Even if all builds failed, the last built executable is still there and will be started!
> sudo -u mayadm ./ur-unix-run.sh
[2022-09-22 23:33:19.588] [main] [info] Pinging Pump Server Mayson...
[2022-09-22 23:33:19.660] [main] [info] Pinging Pump Server Mayson   ...DONE!
[2022-09-22 23:33:19.660] [main] [info] Pinging all valve stations...
[2022-09-22 23:33:28.881] [main] [info] Pinging all valve stations   ...DONE!
[2022-09-22 23:33:28.881] [main] [info] Fetching timestamp...
std::chrono::system_clock::now().time_since_epoch()   :   1663882408881911829
get_seconds_since_epoch(bool verbose /* true */)   :   1663882408
minutes since epoch   :   27731373
minute of day   :   1293
minute of hour   :   33
hour of day   :   21
[2022-09-22 23:33:28.881] [main] [info] Checking timestamp.txt...
[2022-09-22 23:33:28.881] [main] [debug] The timestamp.txt is always written when watering is triggered. It is read to check if I was already done with watering some minutes ago.
previous time_stamp:   27730199
[2022-09-22 23:33:28.882] [main] [info] Checking timestamp.txt   ...DONE!
%%%%%%%%%%     [4] Run the executable   ...DONE!
elapsed time:   9s
=====================================================================================================
