=====================================================================================================
%%%%%%%%%%     [4] Run the executable...
>Please note:  Even if all builds failed, the last built executable is still there and will be started!
> sudo -u mayadm ./ur-unix-run.sh
[2022-09-24 03:46:58.755] [main] [info] Pinging Pump Server Mayson...
[2022-09-24 03:46:58.824] [main] [info] Pinging Pump Server Mayson   ...DONE!
[2022-09-24 03:46:58.824] [main] [info] Pinging all valve stations...
[2022-09-24 03:47:08.040] [main] [info] Pinging all valve stations   ...DONE!
[2022-09-24 03:47:08.040] [main] [info] Fetching timestamp...
std::chrono::system_clock::now().time_since_epoch()   :   1663984028040847756
get_seconds_since_epoch(bool verbose /* true */)   :   1663984028
minutes since epoch   :   27733067
minute of day   :   107
minute of hour   :   47
hour of day   :   1
[2022-09-24 03:47:08.040] [main] [info] Checking timestamp.txt...
[2022-09-24 03:47:08.040] [main] [debug] The timestamp.txt is always written when watering is triggered. It is read to check if I was already done with watering some minutes ago.
previous time_stamp:   27731634
[2022-09-24 03:47:08.040] [main] [info] Checking timestamp.txt   ...DONE!
Wrote to timestamp.txt
%%%%%%%%%%     [4] Run the executable   ...DONE!
elapsed time:   10s
=====================================================================================================
