=====================================================================================================
%%%%%%%%%%     [4] Run the executable...
>Please note:  Even if all builds failed, the last built executable is still there and will be started!
> sudo -u mayadm ./ur-unix-run.sh
[2022-09-24 07:24:05.944] [main] [info] Pinging Pump Server Mayson...
[2022-09-24 07:24:06.023] [main] [info] Pinging Pump Server Mayson   ...DONE!
[2022-09-24 07:24:06.023] [main] [info] Pinging all valve stations...
[2022-09-24 07:24:15.223] [main] [info] Pinging all valve stations   ...DONE!
[2022-09-24 07:24:15.223] [main] [info] Fetching timestamp...
std::chrono::system_clock::now().time_since_epoch()   :   1663997055223352517
get_seconds_since_epoch(bool verbose /* true */)   :   1663997055
minutes since epoch   :   27733284
minute of day   :   324
minute of hour   :   24
hour of day   :   5
[2022-09-24 07:24:15.223] [main] [info] Checking timestamp.txt...
[2022-09-24 07:24:15.223] [main] [debug] The timestamp.txt is always written when watering is triggered. It is read to check if I was already done with watering some minutes ago.
previous time_stamp:   27733067
[2022-09-24 07:24:15.223] [main] [info] Checking timestamp.txt   ...DONE!
%%%%%%%%%%     [4] Run the executable   ...DONE!
elapsed time:   10s
=====================================================================================================
