=====================================================================================================
%%%%%%%%%%     [4] Run the executable...
>Please note:  Even if all builds failed, the last built executable is still there and will be started!
> sudo -u mayadm ./ur-unix-run.sh
[2022-09-24 11:44:47.294] [main] [info] Pinging Pump Server Mayson...
[2022-09-24 11:44:47.364] [main] [info] Pinging Pump Server Mayson   ...DONE!
[2022-09-24 11:44:47.364] [main] [info] Pinging all valve stations...
[2022-09-24 11:44:56.579] [main] [info] Pinging all valve stations   ...DONE!
[2022-09-24 11:44:56.579] [main] [info] Fetching timestamp...
std::chrono::system_clock::now().time_since_epoch()   :   1664012696579674136
get_seconds_since_epoch(bool verbose /* true */)   :   1664012696
minutes since epoch   :   27733544
minute of day   :   584
minute of hour   :   44
hour of day   :   9
[2022-09-24 11:44:56.579] [main] [info] Checking timestamp.txt...
[2022-09-24 11:44:56.579] [main] [debug] The timestamp.txt is always written when watering is triggered. It is read to check if I was already done with watering some minutes ago.
previous time_stamp:   27733067
[2022-09-24 11:44:56.579] [main] [info] Checking timestamp.txt   ...DONE!
%%%%%%%%%%     [4] Run the executable   ...DONE!
elapsed time:   9s
=====================================================================================================
