=====================================================================================================
=====================================================================================================
===     Starting with run #742...
=====================================================================================================
=====================================================================================================
742
Mo 13. Jun 04:15:30 CEST 2022
Connecting to internet via usb0 tethering FAILED
=====================================================================================================
%%%%%%%%%%     [1] Cleaning working directory...
> sudo -u mayadm git status;
Auf Branch maya-productive
Ihr Branch ist auf demselben Stand wie 'origin/maya-productive'.

nichts zu committen, Arbeitsverzeichnis unverändert
> sudo -u mayadm git add -u; sudo -u mayadm git add *;
> sudo -u mayadm git status;
Auf Branch maya-productive
Ihr Branch ist auf demselben Stand wie 'origin/maya-productive'.

nichts zu committen, Arbeitsverzeichnis unverändert
Checking if there are uncommitted changes...
> sudo -u mayadm git update-index --refresh && sudo -u mayadm git diff-index --quiet HEAD --
> sudo -u mayadm git reset --hard;
HEAD ist jetzt bei 6da6a3f delete script
%%%%%%%%%%     [1] Cleaning working directory   ...DONE!
=====================================================================================================
